state	cp1.kappa	cp2.kappa	cp3.kappa	ig.kappa	cp1.alpha	cp2.alpha	cp3.alpha	ig.alpha	cp1.mu	cp2.mu	cp3.mu	ig.mu	cp1.frequencies1	cp1.frequencies2	cp1.frequencies3	cp1.frequencies4	cp2.frequencies1	cp2.frequencies2	cp2.frequencies3	cp2.frequencies4	cp3.frequencies1	cp3.frequencies2	cp3.frequencies3	cp3.frequencies4	ig.frequencies1	ig.frequencies2	ig.frequencies3	ig.frequencies4	ucld.mean	ucld.stdev	meanRate	coefficientOfVariation	covariance	skygrid.precision	rootHeight	treeLength
1000000	8.814	10.757	13.847	7.198	0.2959	2.3308E-2	0.8028	0.4290	0.5203	0.5124	1.3856	1.6290	0.3111	0.2205	0.2749	0.1936	0.3175	0.2306	0.1716	0.2803	0.2956	0.2187	0.1951	0.2906	0.3547	0.1862	0.1594	0.2996	1.2653E-3	9.6213E-4	1.1632E-3	0.7522	-1.292E-2	1.396	1.932	134.027
2000000	7.738	13.210	15.977	9.381	0.2225	0.1049	0.7025	0.3159	0.5100	0.5056	1.3893	1.6435	0.3034	0.2251	0.2865	0.1851	0.3229	0.2261	0.1758	0.2752	0.2914	0.2079	0.2022	0.2985	0.3391	0.1880	0.1631	0.3098	1.2038E-3	8.345E-4	1.1989E-3	0.6981	1.832E-2	1.991	1.935	129.214
3000000	8.812	10.018	14.495	7.795	0.2470	4.6846E-2	0.7653	0.4316	0.5122	0.5323	1.4489	1.5479	0.2990	0.2321	0.2762	0.1926	0.3101	0.2359	0.1830	0.2710	0.2898	0.2121	0.1982	0.2999	0.3469	0.1929	0.1685	0.2916	1.3114E-3	1.0542E-3	1.1916E-3	0.7669	7.6348E-3	2.778	1.941	127.665
4000000	9.385	12.275	14.326	8.048	0.3381	6.0868E-2	0.5978	0.4028	0.5108	0.4715	1.4518	1.6120	0.3126	0.2237	0.2753	0.1884	0.3219	0.2472	0.1651	0.2658	0.2915	0.2083	0.1821	0.3181	0.3424	0.1878	0.1610	0.3088	1.2267E-3	7.828E-4	1.1881E-3	0.6282	-3.1285E-3	2.655	1.925	126.982
5000000	6.454	10.701	13.955	8.305	8.7183E-2	1.1955E-2	0.5302	0.4459	0.5265	0.5547	1.4211	1.5381	0.2958	0.2316	0.2742	0.1984	0.3172	0.2418	0.1631	0.2779	0.2862	0.2121	0.1973	0.3044	0.3336	0.1978	0.1689	0.2997	1.2413E-3	8.349E-4	1.1955E-3	0.6867	7.706E-3	3.869	1.966	133.178
6000000	8.631	10.966	13.195	7.891	0.1231	2.5574E-2	0.5197	0.3320	0.5054	0.4965	1.4223	1.6226	0.2961	0.2310	0.2750	0.1979	0.3147	0.2373	0.1739	0.2741	0.2860	0.2156	0.1939	0.3046	0.3511	0.1916	0.1622	0.2951	1.2034E-3	8.2578E-4	1.149E-3	0.6894	2.8448E-2	1.296	1.885	134.312
7000000	9.728	17.057	16.302	8.798	9.7132E-2	1.7384E-2	0.6083	0.3511	0.4832	0.5289	1.4241	1.6096	0.3156	0.2302	0.2765	0.1777	0.3109	0.2388	0.1733	0.2770	0.2954	0.2088	0.1876	0.3083	0.3459	0.1953	0.1720	0.2869	1.2993E-3	1.0074E-3	1.209E-3	0.7629	-3.5843E-2	1.534	1.877	129.890
8000000	8.475	9.122	16.296	8.097	0.1844	2.9343E-2	0.5520	0.4361	0.5035	0.5093	1.4853	1.5427	0.2969	0.2293	0.2784	0.1954	0.3222	0.2288	0.1747	0.2743	0.3036	0.2180	0.1904	0.2880	0.3485	0.1957	0.1557	0.3000	1.2083E-3	7.5878E-4	1.1565E-3	0.6282	8.984E-4	1.771	2.007	134.022
9000000	9.029	14.071	13.485	7.935	0.3708	5.9568E-2	0.9123	0.3761	0.5390	0.5218	1.3683	1.6173	0.3039	0.2213	0.2830	0.1917	0.3137	0.2352	0.1672	0.2839	0.3025	0.2153	0.1869	0.2954	0.3450	0.1964	0.1662	0.2925	1.2574E-3	9.1595E-4	1.1739E-3	0.7429	3.7287E-3	2.408	1.949	131.296
10000000	9.224	13.334	13.175	8.227	0.1489	0.1033	0.6330	0.4951	0.5399	0.4998	1.3919	1.6147	0.3005	0.2318	0.2713	0.1963	0.3124	0.2473	0.1751	0.2652	0.2983	0.2149	0.1919	0.2950	0.3375	0.2016	0.1649	0.2961	1.2092E-3	8.441E-4	1.1747E-3	0.6985	1.8669E-2	2.863	1.987	131.133
11000000	8.762	11.671	14.248	8.993	0.1029	1.0197E-2	0.5168	0.3467	0.5227	0.5173	1.3850	1.6218	0.3033	0.2249	0.2759	0.1960	0.3170	0.2395	0.1723	0.2712	0.2930	0.2074	0.1909	0.3087	0.3390	0.1963	0.1662	0.2985	1.1776E-3	8.5377E-4	1.1583E-3	0.7118	-7.8112E-3	3.361	1.923	131.817
12000000	9.771	13.093	13.753	9.696	0.1548	6.4887E-2	0.6961	0.3841	0.5309	0.4853	1.4536	1.5733	0.3015	0.2356	0.2864	0.1765	0.3189	0.2302	0.1761	0.2748	0.2825	0.2152	0.1976	0.3047	0.3532	0.1881	0.1676	0.2911	1.2567E-3	9.878E-4	1.196E-3	0.7880	1.8565E-2	2.565	1.952	127.317
13000000	10.398	11.084	14.076	8.961	0.1063	0.1009	0.5311	0.3852	0.5508	0.5261	1.4194	1.5448	0.3074	0.2247	0.2706	0.1973	0.3114	0.2355	0.1739	0.2792	0.3041	0.2071	0.1969	0.2919	0.3539	0.1977	0.1583	0.2901	1.2694E-3	7.755E-4	1.225E-3	0.6096	4.2552E-3	2.810	1.903	127.729
14000000	8.275	14.927	12.337	8.507	0.3107	2.1646E-2	0.5241	0.2984	0.5215	0.5123	1.3307	1.6871	0.3132	0.2201	0.2777	0.1890	0.3207	0.2254	0.1782	0.2757	0.2893	0.2147	0.1895	0.3065	0.3462	0.1938	0.1667	0.2933	1.2174E-3	7.5683E-4	1.205E-3	0.6400	1.0715E-2	3.038	1.884	128.575
15000000	8.934	11.368	13.509	7.417	1.7748E-2	4.6089E-2	0.5520	0.4092	0.5160	0.4870	1.4739	1.5657	0.3049	0.2249	0.2758	0.1943	0.3178	0.2361	0.1675	0.2786	0.2832	0.2199	0.1967	0.3002	0.3411	0.1956	0.1673	0.2959	1.1837E-3	8.0009E-4	1.1359E-3	0.6610	-1.1683E-2	1.783	2.011	130.012
16000000	8.376	9.824	14.657	7.672	0.2342	8.2716E-2	0.5226	0.3364	0.5219	0.5101	1.4284	1.5835	0.3070	0.2235	0.2817	0.1878	0.3199	0.2468	0.1763	0.2570	0.3008	0.2027	0.1975	0.2991	0.3462	0.1999	0.1627	0.2913	1.2068E-3	8.3066E-4	1.1603E-3	0.6834	1.7728E-2	1.695	2.015	127.993
17000000	8.518	13.171	11.727	8.500	0.1647	8.749E-2	0.5923	0.3966	0.5222	0.4274	1.4253	1.6759	0.3000	0.2158	0.2956	0.1886	0.3114	0.2399	0.1705	0.2783	0.2901	0.2061	0.1985	0.3053	0.3472	0.1852	0.1692	0.2984	1.1434E-3	7.5635E-4	1.1328E-3	0.6720	1.4077E-3	1.749	2.056	132.174
18000000	8.554	13.610	13.817	9.515	0.1697	1.6082E-2	0.6236	0.3529	0.5364	0.4605	1.4148	1.6362	0.3008	0.2286	0.2826	0.1880	0.3120	0.2386	0.1782	0.2712	0.2877	0.2173	0.1960	0.2990	0.3459	0.1989	0.1593	0.2960	1.3112E-3	9.1794E-4	1.2282E-3	0.7070	-8.535E-3	1.526	1.934	127.495
19000000	8.099	13.317	12.473	9.103	0.2078	6.7018E-3	0.4471	0.3646	0.5430	0.4877	1.4004	1.6151	0.2986	0.2277	0.2833	0.1904	0.3217	0.2344	0.1681	0.2758	0.2908	0.2131	0.1938	0.3024	0.3527	0.1858	0.1659	0.2956	1.2246E-3	8.9265E-4	1.1526E-3	0.7429	-5.7834E-3	2.150	2.006	130.552
20000000	8.106	11.514	11.280	9.111	0.2336	7.7883E-2	0.8063	0.3838	0.5377	0.5371	1.4198	1.5465	0.2997	0.2205	0.2753	0.2045	0.3226	0.2275	0.1626	0.2873	0.2890	0.2124	0.1968	0.3017	0.3521	0.1837	0.1614	0.3028	1.2423E-3	8.3688E-4	1.1681E-3	0.6895	-5.7687E-3	1.948	2.007	129.696
21000000	8.059	11.726	14.018	8.944	0.2364	5.4968E-2	0.6612	0.3344	0.4857	0.5516	1.4627	1.5407	0.3111	0.2243	0.2737	0.1909	0.3240	0.2311	0.1677	0.2772	0.2927	0.2110	0.2008	0.2955	0.3516	0.1920	0.1484	0.3081	1.2777E-3	9.707E-4	1.226E-3	0.7389	-9.4882E-3	0.895	1.894	128.132
22000000	9.697	12.016	15.266	9.834	0.2721	9.7388E-2	0.7876	0.3368	0.4759	0.4826	1.4689	1.6192	0.3141	0.2232	0.2781	0.1847	0.3164	0.2356	0.1647	0.2834	0.2878	0.2199	0.1919	0.3005	0.3490	0.1955	0.1572	0.2984	1.2855E-3	1.0211E-3	1.202E-3	0.7833	-1.7123E-2	5.254	1.969	127.724
23000000	10.687	14.568	12.884	7.841	0.1854	6.1359E-2	0.5003	0.3557	0.5381	0.5382	1.4513	1.5109	0.2982	0.2269	0.2942	0.1807	0.3303	0.2352	0.1655	0.2690	0.2913	0.2136	0.1912	0.3038	0.3448	0.1879	0.1655	0.3018	1.294E-3	8.3915E-4	1.2253E-3	0.6607	-3.603E-3	5.120	2.031	127.617
24000000	8.906	9.915	13.718	9.684	0.2110	4.1584E-2	0.5494	0.3592	0.5038	0.4781	1.4741	1.5882	0.2950	0.2243	0.2842	0.1964	0.3146	0.2382	0.1744	0.2728	0.2839	0.2163	0.2010	0.2987	0.3467	0.1844	0.1642	0.3047	1.2899E-3	9.3013E-4	1.1574E-3	0.7299	2.0466E-2	1.510	2.029	129.041
25000000	8.770	11.523	11.953	8.715	0.2625	6.8671E-3	0.6917	0.4291	0.5427	0.5657	1.3585	1.5764	0.2967	0.2276	0.2794	0.1963	0.3190	0.2383	0.1716	0.2711	0.2920	0.2104	0.1912	0.3064	0.3343	0.1998	0.1632	0.3027	1.2945E-3	8.6587E-4	1.2374E-3	0.6429	1.7027E-2	1.213	2.007	127.428
26000000	6.409	13.100	14.877	9.098	0.2080	8.1633E-2	0.6274	0.4467	0.4948	0.5130	1.4241	1.6144	0.3138	0.2172	0.2747	0.1942	0.3128	0.2534	0.1607	0.2731	0.2856	0.2097	0.2009	0.3038	0.3447	0.1948	0.1604	0.3001	1.2552E-3	9.1487E-4	1.1783E-3	0.7102	-1.9548E-3	3.005	2.007	128.865
27000000	8.788	12.624	14.082	7.467	0.1968	4.0758E-2	0.7601	0.3803	0.5309	0.4902	1.4794	1.5402	0.3016	0.2278	0.2703	0.2002	0.3098	0.2394	0.1745	0.2762	0.2847	0.2215	0.2022	0.2916	0.3393	0.1947	0.1630	0.3030	1.2613E-3	9.0111E-4	1.1839E-3	0.7146	4.3775E-3	1.515	1.867	128.280
28000000	7.215	12.384	15.851	8.388	0.1155	1.4683E-2	0.4993	0.3964	0.5298	0.5276	1.4198	1.5653	0.3006	0.2241	0.2826	0.1927	0.3170	0.2261	0.1737	0.2832	0.2801	0.2190	0.2003	0.3006	0.3462	0.1918	0.1726	0.2894	1.2306E-3	8.487E-4	1.234E-3	0.7328	1.2213E-2	1.094	1.887	127.608
29000000	7.228	10.683	12.437	8.192	0.2248	4.5852E-3	0.7114	0.3568	0.5377	0.4709	1.3975	1.6422	0.3195	0.2143	0.2694	0.1967	0.3096	0.2424	0.1664	0.2817	0.2880	0.2178	0.1951	0.2991	0.3371	0.1987	0.1625	0.3018	1.2585E-3	9.2402E-4	1.206E-3	0.7391	-8.058E-3	2.272	1.864	127.853
30000000	9.447	11.864	12.626	8.714	0.2206	0.1029	0.6528	0.3316	0.4877	0.5167	1.3973	1.6469	0.3060	0.2135	0.2873	0.1931	0.3082	0.2445	0.1653	0.2821	0.2834	0.2108	0.1981	0.3077	0.3455	0.1891	0.1687	0.2966	1.2176E-3	9.3272E-4	1.1782E-3	0.7478	1.0377E-2	5.021	1.914	128.684
31000000	9.088	11.476	11.098	8.427	0.2416	5.4208E-3	0.5206	0.3823	0.5082	0.4713	1.4811	1.5833	0.2970	0.2355	0.2772	0.1903	0.3066	0.2470	0.1693	0.2771	0.2950	0.2100	0.1931	0.3019	0.3512	0.1908	0.1579	0.3001	1.3172E-3	8.8589E-4	1.2281E-3	0.6754	2.0044E-2	2.634	1.982	126.845
32000000	9.926	13.145	11.576	8.666	0.1124	6.5602E-2	0.6708	0.4367	0.5097	0.4774	1.3688	1.6966	0.3041	0.2324	0.2665	0.1969	0.3041	0.2332	0.1759	0.2868	0.2938	0.2128	0.1948	0.2985	0.3518	0.1924	0.1666	0.2893	1.1643E-3	9.4183E-4	1.1041E-3	0.8212	-2.4701E-2	3.285	1.928	131.861
33000000	10.210	15.843	13.058	8.313	0.1099	9.1665E-3	0.5830	0.3278	0.5112	0.4796	1.4574	1.5968	0.3040	0.2268	0.2751	0.1941	0.3033	0.2457	0.1705	0.2805	0.2852	0.2096	0.1932	0.3119	0.3571	0.1861	0.1597	0.2971	1.2899E-3	1.0479E-3	1.201E-3	0.8362	2.6714E-2	2.314	2.022	129.392
34000000	6.684	11.635	13.615	8.409	2.1744E-2	2.1648E-2	0.6816	0.4296	0.5535	0.5725	1.3343	1.5836	0.3080	0.2244	0.2708	0.1968	0.3220	0.2400	0.1648	0.2732	0.2872	0.2139	0.1961	0.3028	0.3432	0.1942	0.1677	0.2949	1.2473E-3	9.1817E-4	1.1962E-3	0.7326	-1.6906E-2	3.372	1.928	128.875
35000000	10.656	13.919	14.488	8.502	0.4919	4.071E-2	0.7254	0.3564	0.5347	0.5035	1.3653	1.6450	0.3068	0.2288	0.2654	0.1991	0.3133	0.2371	0.1738	0.2759	0.2807	0.2217	0.1911	0.3065	0.3523	0.1890	0.1598	0.2989	1.2096E-3	8.9769E-4	1.1486E-3	0.7702	1.3138E-2	1.734	1.901	130.088
36000000	7.973	13.328	10.903	8.496	0.2817	2.4889E-2	0.6388	0.3962	0.5148	0.5095	1.5103	1.5032	0.2891	0.2324	0.2867	0.1917	0.3218	0.2403	0.1709	0.2670	0.2839	0.2200	0.1904	0.3057	0.3372	0.1904	0.1681	0.3043	1.2763E-3	8.9002E-4	1.2001E-3	0.6911	-1.1023E-2	3.127	1.880	127.105
37000000	10.250	13.821	11.757	8.020	0.2066	1.5746E-2	0.7090	0.3233	0.4939	0.5070	1.3905	1.6582	0.2856	0.2446	0.2783	0.1914	0.3107	0.2424	0.1746	0.2724	0.2949	0.2218	0.1984	0.2849	0.3453	0.1899	0.1670	0.2977	1.2466E-3	9.7107E-4	1.1977E-3	0.7472	2.2515E-2	2.433	2.112	131.390
38000000	7.183	10.943	15.250	8.472	0.2382	1.3149E-2	0.6943	0.3106	0.4844	0.5331	1.4828	1.5403	0.2971	0.2304	0.2743	0.1982	0.3169	0.2432	0.1659	0.2741	0.2941	0.2203	0.1961	0.2895	0.3370	0.2077	0.1642	0.2911	1.2976E-3	9.8271E-4	1.2088E-3	0.7624	-8.9362E-3	1.675	1.965	127.563
39000000	10.776	14.040	12.618	9.154	2.8081E-2	6.0251E-2	0.7638	0.4392	0.4646	0.5423	1.4640	1.5720	0.3096	0.2199	0.2726	0.1979	0.3215	0.2374	0.1603	0.2808	0.2893	0.2062	0.2003	0.3042	0.3437	0.2042	0.1611	0.2909	1.2178E-3	9.5242E-4	1.1408E-3	0.7626	2.8443E-2	1.082	1.873	134.776
40000000	8.784	12.580	11.379	9.431	0.2447	2.4401E-2	0.4532	0.4031	0.5389	0.5499	1.4245	1.5262	0.3010	0.2305	0.2748	0.1938	0.3114	0.2371	0.1693	0.2822	0.2928	0.2159	0.2004	0.2910	0.3437	0.1968	0.1602	0.2993	1.2325E-3	8.5696E-4	1.1604E-3	0.6830	1.0262E-2	1.657	1.927	130.713
41000000	7.481	9.267	12.903	7.338	0.3170	7.1692E-2	0.6612	0.3572	0.5146	0.5084	1.3464	1.6819	0.2987	0.2286	0.2785	0.1942	0.3122	0.2383	0.1720	0.2776	0.2897	0.2112	0.1907	0.3084	0.3518	0.1878	0.1604	0.3000	1.2943E-3	9.3244E-4	1.2314E-3	0.7259	-4.173E-2	1.613	1.969	127.536
42000000	7.419	10.834	12.546	8.070	0.2348	1.6088E-2	0.8167	0.4145	0.5174	0.5570	1.4168	1.5501	0.3074	0.2167	0.2801	0.1958	0.3191	0.2517	0.1667	0.2624	0.2999	0.2100	0.1857	0.3044	0.3476	0.1897	0.1619	0.3007	1.2745E-3	9.6982E-4	1.1999E-3	0.7351	-3.05E-3	1.412	1.867	127.451
43000000	6.939	10.868	16.541	7.986	0.1818	8.3614E-2	0.4497	0.2966	0.4848	0.4903	1.4578	1.6132	0.3059	0.2403	0.2710	0.1828	0.3259	0.2323	0.1678	0.2740	0.3005	0.2166	0.1878	0.2950	0.3520	0.1958	0.1628	0.2893	1.2886E-3	7.9205E-4	1.2089E-3	0.6218	-6.8196E-3	2.777	1.944	125.899
44000000	7.984	11.809	12.671	8.428	0.1334	8.6902E-2	0.6866	0.2853	0.5830	0.5370	1.4010	1.5179	0.3144	0.2077	0.2844	0.1935	0.3157	0.2424	0.1761	0.2658	0.2973	0.2158	0.1902	0.2967	0.3532	0.1845	0.1678	0.2945	1.2777E-3	1.0622E-3	1.171E-3	0.8452	2.9906E-2	5.349	2.036	127.857
45000000	11.409	11.614	11.712	10.057	0.3045	1.513E-2	0.6268	0.2984	0.5095	0.4866	1.5135	1.5302	0.2941	0.2361	0.2729	0.1969	0.3157	0.2385	0.1785	0.2673	0.2859	0.2160	0.1907	0.3074	0.3503	0.1792	0.1579	0.3126	1.2712E-3	9.8762E-4	1.2098E-3	0.7859	2.3936E-2	2.177	1.906	126.607
46000000	8.118	9.536	13.403	7.731	0.2205	3.8149E-3	0.5198	0.3421	0.5612	0.4779	1.3758	1.6328	0.3049	0.2264	0.2767	0.1920	0.3215	0.2449	0.1707	0.2628	0.2946	0.2218	0.1862	0.2973	0.3399	0.1928	0.1674	0.2999	1.3217E-3	1.0631E-3	1.177E-3	0.8032	-4.6553E-3	3.017	2.024	130.884
47000000	8.631	11.561	12.257	7.940	0.2201	0.1183	0.6369	0.3612	0.5315	0.5460	1.3999	1.5651	0.3003	0.2269	0.2829	0.1899	0.3131	0.2342	0.1762	0.2765	0.2881	0.2201	0.1906	0.3011	0.3412	0.1975	0.1657	0.2956	1.2676E-3	1.0294E-3	1.1872E-3	0.7831	2.4771E-2	2.106	1.956	125.691
48000000	8.490	16.402	15.104	8.757	0.1456	6.3059E-2	0.7065	0.4046	0.5516	0.4924	1.3846	1.6179	0.2993	0.2278	0.2785	0.1944	0.3021	0.2349	0.1719	0.2911	0.2997	0.2010	0.1956	0.3037	0.3452	0.1984	0.1571	0.2994	1.1835E-3	8.6124E-4	1.1598E-3	0.7362	-2.4717E-2	2.379	2.009	127.132
49000000	8.190	13.371	12.572	8.430	0.1999	4.0692E-2	0.7195	0.3573	0.4534	0.5484	1.4266	1.6182	0.3077	0.2337	0.2703	0.1882	0.3218	0.2250	0.1767	0.2765	0.2883	0.2094	0.1945	0.3078	0.3416	0.1880	0.1702	0.3002	1.2994E-3	8.6641E-4	1.2589E-3	0.6826	2.5362E-2	4.061	1.934	125.038
50000000	8.688	11.237	13.993	7.319	0.1806	0.1039	0.5466	0.2737	0.5881	0.4888	1.3864	1.5804	0.2940	0.2310	0.2801	0.1949	0.3215	0.2368	0.1764	0.2653	0.3023	0.2152	0.1844	0.2981	0.3481	0.1971	0.1630	0.2918	1.2471E-3	8.7854E-4	1.1922E-3	0.6933	1.4226E-2	1.537	2.001	131.500
51000000	8.159	14.977	15.441	9.294	0.2075	5.5692E-2	0.7546	0.4285	0.4905	0.5161	1.4268	1.6126	0.2939	0.2361	0.2813	0.1887	0.3128	0.2464	0.1731	0.2677	0.3032	0.2025	0.1879	0.3064	0.3566	0.1962	0.1642	0.2830	1.2827E-3	1.021E-3	1.2081E-3	0.7987	1.3332E-2	2.650	2.002	128.359
52000000	8.638	13.698	14.464	9.031	0.1773	1.8554E-2	0.7118	0.3026	0.4761	0.4990	1.4046	1.6708	0.3063	0.2257	0.2796	0.1884	0.3180	0.2343	0.1711	0.2765	0.2803	0.2323	0.1964	0.2909	0.3470	0.1959	0.1630	0.2942	1.2635E-3	8.9161E-4	1.1893E-3	0.7220	1.231E-2	1.800	2.002	129.138
53000000	9.132	13.636	12.803	8.404	0.3228	3.1001E-2	0.5358	0.3971	0.5580	0.5195	1.3232	1.6480	0.3074	0.2262	0.2726	0.1938	0.3256	0.2296	0.1682	0.2765	0.3009	0.2154	0.1945	0.2891	0.3518	0.1954	0.1557	0.2971	1.2715E-3	1.0182E-3	1.1704E-3	0.8311	7.8953E-3	3.399	1.921	127.239
54000000	10.142	13.174	14.294	7.796	0.2401	4.5924E-2	0.6657	0.3970	0.5281	0.5160	1.3981	1.6031	0.3070	0.2272	0.2710	0.1948	0.3086	0.2339	0.1709	0.2867	0.2910	0.2193	0.1871	0.3027	0.3371	0.1885	0.1702	0.3041	1.1649E-3	9.2206E-4	1.1433E-3	0.7961	-2.5246E-4	1.069	1.894	130.164
55000000	9.041	9.383	14.581	8.564	0.1174	2.7829E-2	0.4631	0.3649	0.4799	0.5271	1.4596	1.5767	0.2982	0.2322	0.2828	0.1868	0.3124	0.2435	0.1730	0.2711	0.3043	0.2129	0.1871	0.2957	0.3378	0.1994	0.1681	0.2946	1.2469E-3	1.0231E-3	1.1441E-3	0.8328	6.2358E-3	2.292	1.972	131.550
56000000	9.454	11.096	14.700	9.764	0.2240	6.492E-2	0.4988	0.3315	0.4874	0.4780	1.4191	1.6655	0.2957	0.2269	0.2835	0.1939	0.3137	0.2524	0.1621	0.2718	0.2927	0.2107	0.1965	0.3002	0.3432	0.1961	0.1654	0.2953	1.3075E-3	9.3693E-4	1.2411E-3	0.7282	-2.962E-3	5.199	1.965	129.614
57000000	8.027	14.434	12.637	10.196	0.1364	1.9622E-2	0.5560	0.2804	0.5039	0.5398	1.4433	1.5548	0.3082	0.2326	0.2698	0.1894	0.3232	0.2334	0.1727	0.2707	0.2881	0.2122	0.1984	0.3013	0.3515	0.1931	0.1559	0.2995	1.2899E-3	8.2969E-4	1.243E-3	0.6485	1.5924E-2	1.905	1.939	128.746
58000000	9.463	11.055	15.746	8.066	0.2773	9.4161E-2	0.5438	0.3660	0.5238	0.5268	1.3426	1.6561	0.3175	0.2334	0.2662	0.1828	0.3135	0.2399	0.1654	0.2812	0.2929	0.2229	0.1815	0.3027	0.3395	0.2028	0.1602	0.2975	1.2146E-3	9.2183E-4	1.161E-3	0.7572	1.6265E-2	2.535	1.886	129.412
59000000	9.233	12.634	14.964	9.286	0.2961	8.1895E-2	0.6968	0.2970	0.5585	0.5239	1.3907	1.5697	0.3124	0.2185	0.2849	0.1842	0.3131	0.2403	0.1756	0.2709	0.2923	0.2226	0.1876	0.2974	0.3417	0.1957	0.1708	0.2918	1.2763E-3	8.4698E-4	1.2009E-3	0.6519	1.8804E-3	1.934	1.922	129.708
60000000	8.014	12.743	13.187	8.277	0.2409	5.5407E-2	0.6658	0.4426	0.5729	0.5113	1.3913	1.5671	0.3032	0.2255	0.2761	0.1952	0.3193	0.2315	0.1659	0.2833	0.2896	0.2133	0.1896	0.3075	0.3537	0.1863	0.1663	0.2937	1.2907E-3	1.0385E-3	1.2174E-3	0.8015	2.2995E-2	1.852	1.883	125.898
61000000	10.547	13.505	13.583	7.539	0.1958	8.2854E-2	0.7752	0.4265	0.5315	0.4690	1.4448	1.5999	0.2985	0.2329	0.2709	0.1977	0.3172	0.2419	0.1716	0.2693	0.2762	0.2239	0.1979	0.3020	0.3461	0.1998	0.1543	0.2998	1.2963E-3	9.8393E-4	1.2412E-3	0.7841	-2.3534E-2	1.389	1.897	129.526
62000000	7.913	19.552	13.832	7.710	0.3162	7.2653E-2	0.6024	0.3664	0.4780	0.5746	1.4015	1.5904	0.3064	0.2306	0.2666	0.1964	0.3137	0.2441	0.1653	0.2768	0.2840	0.2220	0.1916	0.3024	0.3510	0.1970	0.1624	0.2897	1.2616E-3	8.6333E-4	1.2073E-3	0.7040	-1.189E-2	3.754	1.999	129.149
63000000	7.545	10.381	11.508	8.648	0.1949	6.5372E-2	0.7957	0.3134	0.5811	0.4735	1.4170	1.5714	0.2996	0.2195	0.2827	0.1981	0.3176	0.2323	0.1757	0.2743	0.2938	0.2160	0.1954	0.2948	0.3440	0.1968	0.1617	0.2976	1.2142E-3	9.1843E-4	1.1583E-3	0.7565	1.8234E-2	3.153	2.004	131.281
64000000	7.247	12.190	12.781	8.615	0.1088	8.9731E-3	0.5809	0.3347	0.5190	0.5363	1.3683	1.6233	0.3068	0.2311	0.2791	0.1829	0.3154	0.2415	0.1664	0.2768	0.2817	0.2170	0.1991	0.3021	0.3421	0.1992	0.1551	0.3036	1.2068E-3	8.753E-4	1.1305E-3	0.7426	-3.0272E-2	1.142	1.990	128.487
65000000	8.927	12.546	11.581	8.912	0.1897	9.138E-2	0.4863	0.3672	0.4840	0.4573	1.4372	1.6721	0.2995	0.2253	0.2709	0.2043	0.3227	0.2475	0.1576	0.2721	0.2859	0.2165	0.2074	0.2903	0.3672	0.1913	0.1601	0.2814	1.1597E-3	8.8345E-4	1.1334E-3	0.7648	-6.6043E-3	1.719	1.854	131.016
66000000	9.209	12.159	12.521	8.548	4.5588E-3	2.5779E-2	0.8629	0.3947	0.5528	0.5427	1.3589	1.5900	0.3003	0.2242	0.2794	0.1961	0.3114	0.2405	0.1698	0.2783	0.2929	0.2065	0.1986	0.3020	0.3382	0.2002	0.1623	0.2993	1.3336E-3	1.0369E-3	1.2176E-3	0.7872	1.6206E-2	2.377	1.977	129.375
67000000	7.772	14.965	12.809	8.702	0.1434	1.0139E-2	0.6127	0.3924	0.5389	0.5082	1.4485	1.5454	0.3068	0.2243	0.2767	0.1922	0.3234	0.2342	0.1727	0.2697	0.2853	0.2106	0.2010	0.3031	0.3444	0.1886	0.1713	0.2957	1.2841E-3	9.4165E-4	1.1863E-3	0.7248	2.4728E-2	3.414	1.965	129.810
68000000	8.924	11.343	12.455	9.111	0.2074	9.9641E-2	0.5073	0.3708	0.5145	0.5073	1.4423	1.5795	0.3003	0.2232	0.2800	0.1965	0.3201	0.2370	0.1692	0.2737	0.3113	0.2107	0.1878	0.2902	0.3474	0.1911	0.1645	0.2970	1.184E-3	7.8513E-4	1.148E-3	0.6700	1.6702E-2	1.825	1.952	134.396
69000000	9.610	15.040	12.831	9.622	0.2055	4.3083E-2	0.5560	0.4252	0.5370	0.5172	1.3966	1.5939	0.3009	0.2198	0.2862	0.1931	0.3270	0.2351	0.1758	0.2621	0.2917	0.2138	0.2002	0.2943	0.3428	0.1966	0.1612	0.2994	1.3318E-3	1.0358E-3	1.2233E-3	0.7275	6.0273E-3	2.981	2.075	126.609
70000000	9.449	12.552	13.017	8.200	0.2804	3.3841E-2	0.4074	0.3408	0.5740	0.4916	1.4035	1.5740	0.3017	0.2186	0.2796	0.2002	0.3062	0.2428	0.1690	0.2820	0.2914	0.2199	0.1884	0.3003	0.3576	0.1907	0.1598	0.2919	1.3337E-3	9.6523E-4	1.2179E-3	0.7439	5.2481E-3	2.691	1.963	128.611
71000000	9.069	12.676	13.494	9.302	0.1013	9.0767E-2	0.5802	0.3475	0.6216	0.4975	1.3755	1.5465	0.3083	0.2286	0.2790	0.1841	0.3220	0.2283	0.1668	0.2829	0.2843	0.2168	0.1962	0.3027	0.3479	0.1914	0.1561	0.3046	1.2969E-3	9.4337E-4	1.2426E-3	0.7521	8.2044E-3	3.174	1.968	125.289
72000000	8.810	9.773	13.199	8.324	0.3248	3.955E-2	0.5573	0.4798	0.5492	0.4880	1.4077	1.6003	0.2981	0.2366	0.2802	0.1851	0.3154	0.2369	0.1636	0.2840	0.3003	0.2072	0.1953	0.2972	0.3443	0.1883	0.1655	0.3019	1.2496E-3	8.9078E-4	1.1781E-3	0.7156	2.8765E-2	2.506	1.942	128.802
73000000	8.251	11.798	13.290	8.682	6.7507E-2	0.1128	0.6413	0.3539	0.5809	0.5018	1.3813	1.5796	0.3120	0.2300	0.2730	0.1849	0.3164	0.2360	0.1726	0.2749	0.2867	0.2206	0.1904	0.3022	0.3436	0.1985	0.1660	0.2919	1.1678E-3	7.6007E-4	1.1428E-3	0.6528	-8.3769E-3	2.469	1.896	134.133
74000000	8.427	12.902	13.390	8.312	0.2798	0.1028	0.6446	0.5047	0.5296	0.4625	1.5093	1.5391	0.3072	0.2214	0.2779	0.1935	0.3167	0.2452	0.1592	0.2789	0.2899	0.2155	0.1915	0.3031	0.3411	0.1921	0.1689	0.2979	1.2385E-3	8.7078E-4	1.1667E-3	0.7061	4.2112E-3	1.584	1.944	133.864
75000000	11.834	15.595	12.102	10.348	0.4060	0.1186	0.5137	0.3121	0.5543	0.5636	1.3465	1.5792	0.3042	0.2355	0.2763	0.1840	0.3088	0.2332	0.1793	0.2787	0.2931	0.2123	0.1984	0.2961	0.3353	0.2039	0.1671	0.2937	1.2735E-3	9.2038E-4	1.1593E-3	0.7300	8.2302E-3	4.278	1.904	130.118
76000000	7.107	11.122	13.887	9.624	7.9207E-2	9.5272E-2	0.6551	0.4805	0.5410	0.5150	1.4185	1.5682	0.3065	0.2238	0.2732	0.1966	0.3249	0.2334	0.1717	0.2701	0.2891	0.2205	0.2006	0.2897	0.3386	0.2043	0.1633	0.2938	1.2128E-3	8.1743E-4	1.1783E-3	0.6501	3.1223E-2	1.954	1.993	131.764
77000000	10.714	9.968	14.255	9.149	0.2768	6.8749E-2	0.5065	0.3562	0.5365	0.5487	1.3237	1.6392	0.3010	0.2332	0.2724	0.1934	0.3205	0.2393	0.1644	0.2758	0.2848	0.2232	0.1869	0.3051	0.3616	0.1877	0.1563	0.2945	1.2834E-3	8.5727E-4	1.2004E-3	0.6322	2.3567E-2	3.610	1.928	130.955
78000000	8.478	12.874	15.293	8.856	0.1403	9.3619E-2	0.7139	0.3468	0.4944	0.4672	1.4892	1.5938	0.3117	0.2314	0.2708	0.1860	0.3233	0.2376	0.1682	0.2709	0.2920	0.2195	0.1849	0.3036	0.3458	0.2041	0.1633	0.2868	1.179E-3	8.9937E-4	1.1227E-3	0.7674	1.1962E-2	1.645	1.875	131.557
79000000	8.594	14.011	13.337	7.950	0.2773	1.7926E-2	0.5636	0.3743	0.5007	0.5484	1.4067	1.5885	0.3111	0.2212	0.2720	0.1957	0.3165	0.2375	0.1693	0.2768	0.2876	0.2185	0.1932	0.3007	0.3425	0.2012	0.1660	0.2903	1.299E-3	1.0026E-3	1.2124E-3	0.7413	1.7677E-2	4.231	1.937	131.798
80000000	9.221	11.124	14.106	9.397	0.2748	2.0559E-2	0.4924	0.3364	0.4872	0.4821	1.3842	1.6991	0.3097	0.2198	0.2776	0.1929	0.3062	0.2387	0.1735	0.2817	0.2809	0.2256	0.1902	0.3033	0.3314	0.1950	0.1751	0.2985	1.239E-3	8.867E-4	1.1913E-3	0.7204	4.0546E-2	1.965	1.935	130.328
81000000	9.639	14.375	15.277	7.790	0.2571	7.9779E-2	0.7661	0.4604	0.5263	0.4774	1.4431	1.5982	0.3045	0.2345	0.2775	0.1835	0.3193	0.2424	0.1722	0.2661	0.2979	0.2154	0.1919	0.2947	0.3479	0.1961	0.1612	0.2948	1.2208E-3	8.9635E-4	1.1533E-3	0.7226	7.5471E-3	3.531	1.886	129.823
82000000	9.924	11.589	13.749	10.165	0.1703	1.615E-2	0.8377	0.3724	0.4841	0.5115	1.4263	1.6250	0.3105	0.2197	0.2783	0.1915	0.3092	0.2364	0.1778	0.2766	0.2892	0.2198	0.1914	0.2995	0.3462	0.1961	0.1610	0.2967	1.2491E-3	9.1795E-4	1.1365E-3	0.7168	5.4998E-3	1.862	1.923	131.936
83000000	10.507	15.232	12.155	9.027	0.2419	4.6489E-2	0.4423	0.3916	0.5340	0.5254	1.3744	1.6122	0.3071	0.2154	0.2841	0.1934	0.3196	0.2371	0.1769	0.2664	0.2900	0.2097	0.1913	0.3090	0.3471	0.1952	0.1582	0.2995	1.238E-3	8.5032E-4	1.19E-3	0.6802	1.8304E-3	1.507	1.966	130.983
84000000	8.434	13.062	13.038	9.279	0.3496	5.9639E-2	0.4801	0.4752	0.5645	0.5130	1.3687	1.5989	0.3129	0.2306	0.2690	0.1875	0.3091	0.2498	0.1725	0.2686	0.2863	0.2204	0.1892	0.3042	0.3488	0.1986	0.1518	0.3009	1.2057E-3	8.7616E-4	1.1335E-3	0.7075	7.6201E-3	1.999	1.987	135.566
85000000	9.092	10.775	12.635	7.363	0.2262	1.2084E-2	0.7143	0.3597	0.5283	0.5429	1.5015	1.4619	0.3173	0.2221	0.2692	0.1914	0.3144	0.2318	0.1807	0.2732	0.2889	0.2142	0.1938	0.3031	0.3486	0.1912	0.1543	0.3059	1.179E-3	7.6214E-4	1.1331E-3	0.6666	8.8276E-3	2.219	1.973	130.162
86000000	9.953	12.810	13.186	9.166	0.1531	5.3414E-2	0.6562	0.4621	0.5453	0.5446	1.3475	1.6084	0.3063	0.2179	0.2884	0.1874	0.3307	0.2298	0.1714	0.2681	0.2921	0.2114	0.1978	0.2987	0.3454	0.1924	0.1678	0.2943	1.3653E-3	1.0575E-3	1.2605E-3	0.7508	2.0937E-2	2.765	1.916	127.000
87000000	8.675	15.099	14.350	9.067	0.3692	0.1066	0.6312	0.3609	0.5055	0.4591	1.5027	1.5761	0.3079	0.2200	0.2658	0.2063	0.3042	0.2411	0.1736	0.2811	0.3027	0.2014	0.2043	0.2916	0.3498	0.1965	0.1528	0.3009	1.201E-3	8.259E-4	1.1617E-3	0.6759	2.2798E-2	1.839	2.036	132.844
88000000	9.678	12.140	16.284	8.700	0.1668	3.3391E-2	0.4792	0.3824	0.5154	0.4886	1.4045	1.6397	0.2993	0.2290	0.2834	0.1883	0.3139	0.2365	0.1737	0.2759	0.2900	0.2090	0.1909	0.3101	0.3332	0.1979	0.1707	0.2982	1.2303E-3	9.5121E-4	1.1576E-3	0.7774	3.8452E-2	1.534	1.895	130.646
89000000	9.356	13.914	14.325	7.874	2.9855E-2	1.1413E-2	0.6388	0.4430	0.5177	0.5037	1.3441	1.6860	0.3060	0.2304	0.2781	0.1855	0.3134	0.2441	0.1681	0.2744	0.2880	0.2154	0.1967	0.2999	0.3429	0.1896	0.1710	0.2965	1.1913E-3	7.847E-4	1.1318E-3	0.6481	-1.566E-2	2.563	1.945	134.035
90000000	9.563	10.986	12.249	8.972	0.1806	1.2423E-2	0.5435	0.3175	0.5488	0.5086	1.3957	1.5913	0.3104	0.2283	0.2790	0.1823	0.3162	0.2325	0.1755	0.2758	0.2882	0.2177	0.1893	0.3048	0.3436	0.1940	0.1635	0.2990	1.3244E-3	9.16E-4	1.2387E-3	0.6918	2.2269E-2	2.943	1.916	127.910
91000000	7.321	13.572	14.220	8.484	0.1218	6.1186E-2	0.6479	0.3536	0.5713	0.4750	1.4622	1.5315	0.3007	0.2251	0.2832	0.1910	0.3089	0.2407	0.1720	0.2783	0.2873	0.2084	0.2059	0.2984	0.3467	0.1989	0.1552	0.2993	1.2544E-3	9.6271E-4	1.1541E-3	0.7242	-7.0079E-3	1.366	2.018	134.145
92000000	6.866	9.774	13.588	7.186	0.1966	0.1447	0.7930	0.3360	0.5641	0.4424	1.3928	1.6496	0.3083	0.2267	0.2802	0.1847	0.3213	0.2277	0.1767	0.2743	0.2908	0.2177	0.1982	0.2933	0.3513	0.1996	0.1606	0.2885	1.385E-3	1.0167E-3	1.2675E-3	0.7279	6.2519E-3	5.447	2.039	127.485
93000000	7.795	13.754	9.518	8.611	0.2018	0.1397	0.7016	0.3613	0.5267	0.5175	1.4114	1.5887	0.3140	0.2291	0.2705	0.1864	0.3202	0.2352	0.1681	0.2765	0.2904	0.2070	0.1930	0.3096	0.3540	0.1862	0.1603	0.2995	1.2264E-3	8.3957E-4	1.1618E-3	0.7031	7.2232E-3	2.260	1.987	129.740
94000000	7.806	12.703	13.013	8.502	6.0734E-2	0.1138	0.7663	0.3808	0.5226	0.4958	1.4416	1.5839	0.3041	0.2250	0.2775	0.1934	0.3048	0.2431	0.1729	0.2791	0.2851	0.2140	0.1960	0.3048	0.3428	0.1949	0.1606	0.3017	1.265E-3	9.2841E-4	1.2067E-3	0.7267	-5.376E-3	3.162	1.941	129.465
95000000	6.645	14.745	13.070	7.518	0.2158	4.2297E-2	0.5120	0.3954	0.5367	0.5067	1.3807	1.6227	0.3014	0.2275	0.2752	0.1959	0.3164	0.2446	0.1611	0.2779	0.2865	0.2117	0.1990	0.3027	0.3391	0.1932	0.1707	0.2970	1.1941E-3	8.5674E-4	1.1437E-3	0.7165	1.3678E-2	4.083	1.927	133.186
96000000	7.001	11.296	11.244	9.015	0.1514	1.3392E-2	0.5500	0.3700	0.4966	0.5272	1.4037	1.6191	0.2999	0.2387	0.2731	0.1882	0.3093	0.2456	0.1698	0.2754	0.2892	0.2080	0.2049	0.2979	0.3509	0.1831	0.1670	0.2990	1.2362E-3	8.4915E-4	1.165E-3	0.6846	6.8028E-3	1.688	1.918	131.648
97000000	8.969	8.519	13.745	9.362	7.5945E-2	6.4517E-2	0.4637	0.3741	0.5300	0.5053	1.4009	1.6096	0.2932	0.2296	0.2842	0.1930	0.3135	0.2368	0.1701	0.2796	0.2904	0.2173	0.2034	0.2888	0.3444	0.2050	0.1582	0.2924	1.2919E-3	7.451E-4	1.2514E-3	0.5660	1.8372E-2	1.162	1.912	129.337
98000000	9.282	14.782	12.780	7.772	0.2144	6.4264E-2	0.6229	0.3439	0.5439	0.4989	1.4555	1.5425	0.3008	0.2248	0.2783	0.1960	0.3099	0.2327	0.1712	0.2861	0.2908	0.2110	0.1924	0.3058	0.3485	0.1915	0.1628	0.2972	1.2466E-3	8.3657E-4	1.169E-3	0.6594	-2.1762E-2	2.917	1.936	130.488
99000000	5.987	13.439	12.971	8.868	8.5264E-2	2.779E-2	0.5611	0.3912	0.5106	0.5268	1.3502	1.6622	0.2956	0.2264	0.2775	0.2004	0.3149	0.2392	0.1695	0.2764	0.2936	0.2036	0.1941	0.3087	0.3424	0.1911	0.1674	0.2991	1.2914E-3	9.2339E-4	1.2099E-3	0.7012	1.9222E-2	4.294	2.056	126.828
100000000	7.046	15.569	12.197	9.096	0.1735	6.8207E-2	0.5674	0.3898	0.5694	0.4768	1.3884	1.6114	0.3131	0.2211	0.2701	0.1957	0.3118	0.2436	0.1702	0.2743	0.2796	0.2261	0.1871	0.3072	0.3506	0.1914	0.1612	0.2968	1.3169E-3	9.3813E-4	1.2348E-3	0.7060	1.0029E-2	3.032	1.896	127.538
101000000	9.668	11.694	10.992	8.081	2.8875E-2	3.5445E-2	0.6670	0.4299	0.5100	0.4497	1.4589	1.6287	0.2999	0.2287	0.2752	0.1961	0.3079	0.2411	0.1782	0.2728	0.2986	0.2092	0.1906	0.3016	0.3372	0.1931	0.1641	0.3056	1.1699E-3	7.6967E-4	1.1365E-3	0.6778	-5.9903E-3	3.673	1.928	132.313
102000000	9.486	10.484	13.591	8.116	0.1203	8.1331E-2	0.5825	0.3776	0.5048	0.4917	1.4269	1.6236	0.3045	0.2210	0.2769	0.1977	0.3249	0.2375	0.1723	0.2653	0.2890	0.2134	0.2007	0.2969	0.3438	0.1924	0.1683	0.2955	1.2464E-3	9.9857E-4	1.1807E-3	0.7858	6.9414E-3	1.730	1.937	130.061
103000000	9.684	14.469	13.837	10.166	0.2088	6.3031E-2	0.5587	0.3612	0.4472	0.5428	1.3938	1.6664	0.3059	0.2141	0.2695	0.2105	0.3239	0.2421	0.1710	0.2631	0.2942	0.2137	0.1854	0.3067	0.3479	0.1913	0.1595	0.3013	1.2538E-3	8.4662E-4	1.1983E-3	0.6825	-5.4664E-3	2.374	1.899	129.524
104000000	8.899	17.143	14.602	8.060	0.1083	1.1464E-2	0.5080	0.3510	0.5505	0.4963	1.4222	1.5743	0.3031	0.2361	0.2774	0.1834	0.3228	0.2226	0.1796	0.2751	0.2896	0.2134	0.1891	0.3079	0.3457	0.2000	0.1625	0.2918	1.1891E-3	8.5461E-4	1.1332E-3	0.7171	4.8797E-3	2.374	1.935	131.630
105000000	8.767	14.859	12.956	7.976	0.2233	2.2445E-2	0.5873	0.3967	0.5372	0.5176	1.4214	1.5664	0.3009	0.2372	0.2709	0.1909	0.3271	0.2369	0.1693	0.2667	0.2884	0.2085	0.1954	0.3077	0.3403	0.1900	0.1640	0.3057	1.2428E-3	9.3188E-4	1.1551E-3	0.7517	1.1191E-2	1.610	1.897	130.418
106000000	7.154	11.707	13.627	7.998	0.2679	3.5787E-2	0.5244	0.3633	0.5699	0.5200	1.4326	1.5163	0.3097	0.2217	0.2799	0.1887	0.3076	0.2351	0.1802	0.2771	0.2791	0.2158	0.1953	0.3098	0.3462	0.2015	0.1548	0.2976	1.1569E-3	8.8892E-4	1.1197E-3	0.7555	1.7866E-2	2.794	2.016	132.465
107000000	8.292	12.321	12.945	8.326	0.1495	6.1103E-2	0.5822	0.3008	0.5699	0.4787	1.4391	1.5540	0.3060	0.2269	0.2757	0.1913	0.3197	0.2426	0.1709	0.2668	0.2943	0.2164	0.2020	0.2872	0.3600	0.1891	0.1627	0.2882	1.2642E-3	9.3347E-4	1.1968E-3	0.7040	4.0024E-3	3.654	2.023	125.630
108000000	8.273	13.450	12.368	7.900	0.1303	7.4247E-2	0.5895	0.3516	0.5187	0.4924	1.4890	1.5406	0.3107	0.2294	0.2662	0.1937	0.3155	0.2290	0.1733	0.2821	0.2880	0.2101	0.1960	0.3059	0.3447	0.1953	0.1602	0.2999	1.2567E-3	9.0715E-4	1.1716E-3	0.7114	1.1129E-2	3.416	2.046	129.336
109000000	9.320	10.705	13.169	7.400	6.0342E-2	3.7172E-2	0.5992	0.3023	0.5704	0.4669	1.3951	1.6138	0.2912	0.2288	0.2840	0.1960	0.3184	0.2424	0.1693	0.2700	0.2943	0.2222	0.1807	0.3028	0.3556	0.1883	0.1693	0.2868	1.2429E-3	7.9752E-4	1.1809E-3	0.6432	1.5098E-2	3.420	1.954	128.250
110000000	10.213	11.304	14.229	7.605	7.9087E-2	4.3343E-2	0.5171	0.3915	0.5266	0.5366	1.3991	1.5814	0.2942	0.2298	0.2813	0.1947	0.3100	0.2471	0.1771	0.2659	0.3003	0.2139	0.1883	0.2975	0.3298	0.2064	0.1595	0.3042	1.2268E-3	8.243E-4	1.1798E-3	0.6943	1.9505E-2	3.346	1.928	128.787
111000000	10.431	11.905	12.628	8.817	7.654E-2	6.2864E-2	0.5618	0.3871	0.5064	0.5553	1.4352	1.5440	0.3091	0.2304	0.2705	0.1900	0.3221	0.2301	0.1693	0.2785	0.2899	0.2097	0.1977	0.3028	0.3486	0.1907	0.1592	0.3014	1.3361E-3	1.0335E-3	1.2256E-3	0.7620	2.6906E-2	2.813	1.983	126.896
112000000	8.916	12.403	15.886	8.504	0.1839	4.6549E-2	0.5994	0.4355	0.4803	0.5602	1.4045	1.6001	0.3007	0.2192	0.2806	0.1995	0.3072	0.2499	0.1754	0.2676	0.2899	0.2136	0.1932	0.3034	0.3488	0.1961	0.1605	0.2946	1.1607E-3	8.3376E-4	1.152E-3	0.7118	-1.4994E-2	3.415	1.913	132.211
113000000	11.670	15.539	15.564	8.843	0.2696	9.6E-2	0.5807	0.4550	0.5283	0.5105	1.3911	1.6165	0.3011	0.2253	0.2682	0.2055	0.3172	0.2417	0.1740	0.2671	0.2866	0.2160	0.1922	0.3052	0.3461	0.1963	0.1662	0.2913	1.2265E-3	8.7394E-4	1.1558E-3	0.7257	5.3961E-3	3.208	1.913	129.850
114000000	8.028	12.129	13.435	10.354	0.1772	5.9344E-2	0.6402	0.4916	0.5510	0.5280	1.3652	1.6010	0.3044	0.2196	0.2794	0.1966	0.3159	0.2420	0.1764	0.2657	0.2937	0.2217	0.1893	0.2953	0.3397	0.1973	0.1613	0.3017	1.1633E-3	7.4576E-4	1.1075E-3	0.6594	2.598E-3	2.435	1.943	136.874
115000000	8.340	15.750	13.685	8.723	0.1377	1.6103E-2	0.4623	0.3803	0.5037	0.4523	1.4367	1.6567	0.3102	0.2230	0.2741	0.1926	0.3209	0.2323	0.1708	0.2760	0.2892	0.2156	0.1899	0.3053	0.3375	0.2026	0.1534	0.3064	1.2912E-3	9.7173E-4	1.2193E-3	0.8049	3.1145E-2	1.703	1.946	128.819
116000000	8.019	12.346	12.897	9.198	6.8391E-2	3.4149E-3	0.6442	0.3933	0.5848	0.4643	1.3564	1.6430	0.3018	0.2266	0.2889	0.1826	0.3231	0.2231	0.1779	0.2759	0.2838	0.2182	0.1976	0.3004	0.3363	0.1999	0.1579	0.3059	1.3014E-3	9.1118E-4	1.2107E-3	0.7128	5.3958E-3	2.877	2.094	132.709
117000000	8.646	14.638	12.400	6.950	2.6159E-2	8.1018E-3	0.5922	0.3285	0.5553	0.4602	1.4284	1.6015	0.2955	0.2324	0.2724	0.1997	0.3139	0.2304	0.1750	0.2807	0.2953	0.2099	0.1959	0.2990	0.3498	0.1887	0.1607	0.3008	1.2706E-3	9.252E-4	1.1893E-3	0.7210	2.9244E-2	2.253	1.993	128.103
118000000	8.123	12.869	12.679	8.518	2.2725E-2	9.7653E-3	0.6371	0.3824	0.4799	0.4787	1.5045	1.5806	0.2994	0.2268	0.2763	0.1975	0.3104	0.2499	0.1703	0.2694	0.2833	0.2174	0.2004	0.2990	0.3457	0.2013	0.1533	0.2996	1.2481E-3	8.4048E-4	1.1861E-3	0.7095	1.1325E-2	3.880	1.943	130.906
119000000	8.356	14.215	12.354	7.373	0.2362	5.5675E-2	0.7155	0.3006	0.5491	0.5078	1.3851	1.6035	0.2995	0.2278	0.2843	0.1884	0.3107	0.2407	0.1657	0.2829	0.2856	0.2173	0.1954	0.3016	0.3636	0.1895	0.1488	0.2982	1.2328E-3	8.6583E-4	1.1465E-3	0.7044	9.0444E-3	2.230	1.956	132.277
120000000	8.337	11.838	11.335	8.272	0.1199	1.7516E-2	0.4725	0.2644	0.5910	0.4657	1.4236	1.5619	0.3023	0.2182	0.2894	0.1901	0.3150	0.2387	0.1659	0.2804	0.2954	0.2064	0.1963	0.3019	0.3486	0.1969	0.1559	0.2987	1.206E-3	8.1422E-4	1.1452E-3	0.6803	3.1454E-2	5.004	1.950	132.078
121000000	9.968	11.453	11.557	10.081	0.4115	7.8364E-2	0.6646	0.3755	0.5339	0.5167	1.4006	1.5934	0.2997	0.2324	0.2803	0.1876	0.3025	0.2428	0.1728	0.2818	0.2981	0.2132	0.1988	0.2899	0.3495	0.1957	0.1592	0.2956	1.3242E-3	9.3554E-4	1.2048E-3	0.7103	1.9473E-2	1.283	1.902	128.472
122000000	8.297	12.574	16.581	9.402	0.2102	2.8011E-2	0.5052	0.4375	0.5528	0.4762	1.4662	1.5458	0.2997	0.2212	0.2869	0.1922	0.3163	0.2472	0.1654	0.2711	0.2958	0.2135	0.1862	0.3044	0.3452	0.1962	0.1610	0.2976	1.2876E-3	9.2144E-4	1.2156E-3	0.7107	-5.3069E-3	1.845	1.908	127.988
123000000	8.976	11.489	13.910	8.516	0.2602	0.1008	0.7198	0.3089	0.5256	0.4581	1.4219	1.6428	0.2969	0.2231	0.2845	0.1954	0.3073	0.2442	0.1697	0.2789	0.2820	0.2090	0.2003	0.3087	0.3482	0.1966	0.1667	0.2885	1.3323E-3	9.5E-4	1.2259E-3	0.7317	3.6996E-2	2.901	1.902	125.207
124000000	11.144	10.990	14.138	8.623	0.2189	7.5233E-3	0.5425	0.3485	0.5014	0.5164	1.3977	1.6320	0.2983	0.2280	0.2846	0.1891	0.3306	0.2251	0.1704	0.2739	0.2949	0.2158	0.1919	0.2974	0.3427	0.1936	0.1624	0.3014	1.2303E-3	9.3415E-4	1.1614E-3	0.7344	2.2522E-2	2.291	1.964	130.859
125000000	8.281	13.778	13.024	9.430	0.4605	2.8243E-2	0.7302	0.3653	0.5080	0.5248	1.4449	1.5648	0.3071	0.2223	0.2823	0.1883	0.3102	0.2420	0.1693	0.2785	0.2952	0.2078	0.1981	0.2990	0.3371	0.2033	0.1646	0.2950	1.2752E-3	8.0483E-4	1.2122E-3	0.6441	9.7727E-3	3.567	1.988	128.792
126000000	8.303	9.216	13.136	8.350	0.1500	5.0544E-2	0.6014	0.3512	0.5113	0.5415	1.4188	1.5714	0.2972	0.2278	0.2757	0.1993	0.3226	0.2372	0.1633	0.2769	0.2911	0.2133	0.1920	0.3036	0.3333	0.2106	0.1625	0.2936	1.1669E-3	8.802E-4	1.1288E-3	0.7495	1.6634E-2	5.348	1.990	131.524
127000000	10.742	13.510	13.660	10.817	0.2280	2.1588E-2	0.6386	0.3328	0.5615	0.5638	1.3560	1.5609	0.2966	0.2274	0.2834	0.1926	0.3034	0.2436	0.1720	0.2810	0.2988	0.2135	0.1933	0.2944	0.3527	0.1862	0.1634	0.2977	1.2384E-3	9.2994E-4	1.1605E-3	0.7407	1.3177E-3	3.207	2.004	129.289
128000000	9.272	12.290	13.323	8.714	8.0707E-2	0.1412	0.5655	0.3774	0.5352	0.5450	1.3631	1.6020	0.3023	0.2198	0.2845	0.1934	0.3202	0.2324	0.1747	0.2728	0.2877	0.2107	0.2066	0.2950	0.3411	0.1935	0.1666	0.2988	1.2919E-3	8.4776E-4	1.2125E-3	0.6622	1.298E-2	1.937	1.938	131.129
129000000	8.383	12.668	11.929	10.083	0.3368	2.3888E-2	0.6021	0.4108	0.5212	0.5249	1.3949	1.6045	0.3104	0.2235	0.2775	0.1886	0.3200	0.2420	0.1615	0.2765	0.2745	0.2193	0.1991	0.3071	0.3380	0.2024	0.1664	0.2932	1.236E-3	9.1605E-4	1.1845E-3	0.7807	-7.411E-3	1.716	1.954	129.396
130000000	7.490	13.540	14.260	8.954	9.9751E-2	4.0491E-2	0.4993	0.4292	0.5023	0.4868	1.4749	1.5796	0.3115	0.2240	0.2778	0.1867	0.3182	0.2385	0.1668	0.2765	0.2929	0.2120	0.1842	0.3109	0.3456	0.1923	0.1599	0.3022	1.2214E-3	8.9688E-4	1.1874E-3	0.7079	3.9321E-2	3.319	1.966	132.005
131000000	9.244	12.359	15.285	9.210	0.1035	3.0724E-2	0.5848	0.4546	0.5179	0.4783	1.4063	1.6461	0.3059	0.2336	0.2720	0.1885	0.3242	0.2385	0.1641	0.2732	0.2872	0.2097	0.1938	0.3093	0.3450	0.1876	0.1687	0.2987	1.2004E-3	8.1372E-4	1.1973E-3	0.7008	3.739E-2	1.524	2.037	129.319
132000000	7.749	12.128	13.951	9.241	0.1388	3.4373E-2	0.4755	0.3734	0.5027	0.4975	1.3805	1.6697	0.3004	0.2234	0.2824	0.1938	0.3267	0.2318	0.1707	0.2709	0.2879	0.2143	0.1936	0.3041	0.3398	0.1885	0.1684	0.3033	1.2175E-3	8.4975E-4	1.1372E-3	0.7082	1.491E-2	2.008	1.965	134.275
133000000	6.961	10.287	12.982	8.123	0.2337	6.3452E-2	0.8066	0.3973	0.5140	0.4859	1.4262	1.6206	0.2897	0.2185	0.2860	0.2058	0.3164	0.2346	0.1783	0.2708	0.3010	0.2193	0.1831	0.2966	0.3385	0.1879	0.1652	0.3084	1.3143E-3	8.8759E-4	1.2395E-3	0.6923	-1.8442E-2	1.974	1.928	128.542
134000000	8.865	17.263	13.482	8.158	0.2671	6.6541E-2	0.5806	0.3922	0.5829	0.4754	1.4355	1.5473	0.3006	0.2228	0.2812	0.1954	0.3199	0.2371	0.1719	0.2711	0.2846	0.2161	0.1964	0.3028	0.3489	0.1958	0.1635	0.2918	1.2456E-3	9.6996E-4	1.154E-3	0.7478	-1.6661E-2	2.181	1.883	129.428
135000000	8.835	11.234	12.884	8.758	0.1390	9.3062E-3	0.4908	0.2971	0.5025	0.5051	1.4123	1.6273	0.3028	0.2218	0.2822	0.1932	0.3240	0.2314	0.1749	0.2697	0.2756	0.2222	0.2055	0.2966	0.3421	0.1962	0.1561	0.3056	1.2215E-3	7.7855E-4	1.1298E-3	0.6533	-1.093E-2	3.938	1.909	132.739
136000000	11.021	10.939	15.757	8.575	0.1670	1.549E-2	0.7412	0.2764	0.5217	0.5536	1.3817	1.5871	0.2971	0.2349	0.2677	0.2003	0.3166	0.2359	0.1667	0.2809	0.2847	0.2107	0.1960	0.3086	0.3376	0.1938	0.1759	0.2927	1.2577E-3	8.7684E-4	1.1948E-3	0.7253	-4.0987E-3	2.254	1.903	128.844
137000000	9.556	11.598	13.915	8.779	0.1949	7.0116E-2	0.5898	0.3914	0.5675	0.4772	1.3645	1.6389	0.3030	0.2277	0.2783	0.1910	0.3169	0.2412	0.1702	0.2717	0.2904	0.2197	0.1930	0.2969	0.3586	0.1926	0.1574	0.2914	1.3084E-3	8.9176E-4	1.2176E-3	0.6842	1.7108E-2	0.766	2.004	128.866
138000000	8.711	13.177	13.635	7.779	0.1062	2.1693E-2	0.7987	0.4148	0.5289	0.4887	1.4041	1.6254	0.3028	0.2309	0.2669	0.1993	0.3104	0.2415	0.1729	0.2752	0.2954	0.2147	0.1895	0.3004	0.3484	0.1946	0.1646	0.2924	1.2514E-3	9.4183E-4	1.1801E-3	0.7493	2.3391E-2	3.680	1.910	131.960
139000000	10.243	11.861	14.327	8.348	0.1145	2.0763E-2	0.4706	0.4216	0.5560	0.5053	1.4201	1.5608	0.3081	0.2258	0.2774	0.1887	0.3117	0.2423	0.1720	0.2740	0.2809	0.2163	0.1988	0.3039	0.3529	0.1895	0.1585	0.2990	1.2353E-3	7.8614E-4	1.2046E-3	0.6216	1.3359E-3	3.648	1.878	129.440
140000000	9.389	15.495	16.036	8.007	0.1400	1.375E-2	0.7699	0.3782	0.5552	0.4729	1.4144	1.6028	0.2960	0.2316	0.2757	0.1967	0.3120	0.2411	0.1631	0.2838	0.2999	0.2023	0.1861	0.3118	0.3369	0.2015	0.1668	0.2948	1.2514E-3	9.7039E-4	1.1715E-3	0.7752	6.6416E-3	4.362	1.977	132.599
141000000	7.860	12.803	13.124	8.736	0.1470	0.1188	0.5399	0.4355	0.5437	0.4751	1.4321	1.5939	0.2997	0.2174	0.2845	0.1984	0.3180	0.2386	0.1694	0.2739	0.2982	0.2002	0.1932	0.3085	0.3316	0.1955	0.1721	0.3007	1.283E-3	8.6899E-4	1.2074E-3	0.6851	1.1239E-2	2.062	2.001	127.899
142000000	8.862	12.885	12.850	8.889	0.3950	0.1014	0.4943	0.3829	0.4928	0.5024	1.3840	1.6713	0.2994	0.2320	0.2726	0.1960	0.3243	0.2323	0.1755	0.2678	0.2965	0.2083	0.1951	0.3001	0.3420	0.1955	0.1612	0.3012	1.189E-3	7.8035E-4	1.1604E-3	0.6617	-2.968E-3	3.595	1.964	136.286
143000000	7.799	13.798	12.594	7.990	0.1517	9.5311E-2	0.7079	0.3616	0.5201	0.5034	1.4117	1.6108	0.2938	0.2294	0.2764	0.2004	0.3113	0.2476	0.1751	0.2659	0.2884	0.2098	0.2046	0.2972	0.3550	0.1914	0.1632	0.2904	1.221E-3	8.0557E-4	1.1837E-3	0.6977	-3.7233E-2	2.193	1.911	128.974
144000000	11.043	12.429	12.948	8.225	5.0811E-2	3.5328E-2	0.6755	0.4750	0.5344	0.4790	1.4073	1.6264	0.2977	0.2310	0.2795	0.1918	0.3111	0.2411	0.1676	0.2802	0.2873	0.2131	0.1925	0.3071	0.3464	0.1990	0.1584	0.2962	1.339E-3	9.9587E-4	1.2208E-3	0.7279	8.8747E-3	2.017	1.987	126.826
145000000	8.799	11.968	12.841	9.491	0.1645	4.6434E-2	0.6121	0.3804	0.5430	0.4993	1.4280	1.5728	0.3042	0.2135	0.2783	0.2040	0.3158	0.2415	0.1674	0.2753	0.2870	0.2214	0.1933	0.2983	0.3359	0.1959	0.1582	0.3100	1.2168E-3	8.9765E-4	1.1983E-3	0.7704	9.2654E-3	2.886	1.965	127.996
146000000	7.042	12.395	13.400	9.228	0.3005	7.1049E-2	0.6239	0.3818	0.5131	0.4790	1.3964	1.6612	0.3058	0.2261	0.2839	0.1842	0.3269	0.2333	0.1655	0.2744	0.2933	0.2110	0.1995	0.2963	0.3421	0.1964	0.1625	0.2990	1.2753E-3	8.9126E-4	1.1995E-3	0.7000	2.196E-2	6.563	1.988	128.108
147000000	9.827	13.175	12.563	9.067	4.2006E-2	6.1199E-2	0.7465	0.4305	0.5321	0.5289	1.4262	1.5545	0.3032	0.2359	0.2679	0.1930	0.3013	0.2393	0.1766	0.2828	0.2917	0.2214	0.1918	0.2951	0.3504	0.1910	0.1626	0.2960	1.2274E-3	1.0084E-3	1.1716E-3	0.8467	4.0902E-2	2.979	1.965	131.702
148000000	11.162	14.395	15.110	8.126	0.1984	1.7692E-2	0.5932	0.3227	0.5906	0.5319	1.3617	1.5578	0.3029	0.2308	0.2725	0.1938	0.3124	0.2287	0.1747	0.2841	0.2895	0.2137	0.1894	0.3075	0.3505	0.1918	0.1600	0.2976	1.1755E-3	9.0858E-4	1.126E-3	0.7443	-9.4849E-3	2.209	1.900	131.506
149000000	8.772	11.440	11.481	8.156	0.1894	5.8642E-2	0.5969	0.4009	0.4969	0.5137	1.4210	1.6147	0.3075	0.2261	0.2768	0.1897	0.3204	0.2406	0.1661	0.2729	0.2850	0.2158	0.1922	0.3070	0.3502	0.1902	0.1712	0.2884	1.3475E-3	9.0498E-4	1.2712E-3	0.6646	-5.7108E-3	2.331	1.921	126.373
150000000	9.195	11.872	12.318	9.283	7.5008E-2	9.7511E-2	0.5913	0.3737	0.5307	0.4963	1.4085	1.6104	0.3022	0.2248	0.2804	0.1926	0.3108	0.2361	0.1783	0.2748	0.2924	0.2164	0.1983	0.2929	0.3524	0.1959	0.1681	0.2836	1.2938E-3	9.5011E-4	1.2101E-3	0.7377	-1.2828E-2	4.247	1.993	128.231
151000000	8.113	14.114	11.875	9.483	5.1738E-2	0.1286	0.6944	0.3916	0.5067	0.4899	1.4471	1.6015	0.2979	0.2284	0.2732	0.2006	0.3205	0.2396	0.1633	0.2766	0.2865	0.2084	0.2024	0.3026	0.3459	0.1943	0.1473	0.3125	1.2625E-3	9.6633E-4	1.1919E-3	0.7602	2.3596E-3	1.583	1.900	130.879
152000000	7.493	12.843	13.886	7.600	0.2199	1.2659E-2	0.5744	0.3460	0.5227	0.4281	1.5111	1.5818	0.3002	0.2413	0.2780	0.1805	0.3190	0.2472	0.1646	0.2691	0.2993	0.2113	0.1983	0.2912	0.3466	0.1967	0.1565	0.3002	1.3574E-3	1.0002E-3	1.2527E-3	0.7334	-2.367E-2	2.916	1.924	124.284
153000000	10.388	12.077	11.841	8.303	0.1824	8.898E-2	0.6966	0.3324	0.5644	0.5173	1.3980	1.5627	0.2982	0.2235	0.2727	0.2056	0.3110	0.2383	0.1705	0.2801	0.2882	0.2114	0.1925	0.3079	0.3526	0.1850	0.1565	0.3059	1.1982E-3	8.3262E-4	1.1516E-3	0.6881	9.8256E-3	2.859	1.973	130.723
154000000	8.023	11.837	12.902	9.841	4.2675E-2	9.8229E-2	0.5344	0.4159	0.5458	0.5269	1.3949	1.5758	0.2943	0.2362	0.2740	0.1955	0.3075	0.2432	0.1613	0.2879	0.2810	0.2167	0.1911	0.3111	0.3442	0.1920	0.1609	0.3029	1.1955E-3	9.6511E-4	1.1484E-3	0.7759	1.563E-2	2.115	2.020	131.397
155000000	8.680	12.473	14.670	8.411	0.1626	2.0075E-2	0.6618	0.4181	0.5134	0.5052	1.4352	1.5907	0.3124	0.2195	0.2716	0.1965	0.3119	0.2406	0.1723	0.2752	0.2951	0.2153	0.1953	0.2943	0.3514	0.1930	0.1540	0.3016	1.2847E-3	1.1003E-3	1.1906E-3	0.8782	4.2957E-2	1.416	1.977	130.221
156000000	8.182	11.005	13.606	8.572	0.1812	1.2401E-2	0.4255	0.3979	0.5345	0.4705	1.4462	1.5934	0.3104	0.2207	0.2747	0.1942	0.3186	0.2291	0.1678	0.2846	0.2886	0.2007	0.2057	0.3050	0.3443	0.1891	0.1621	0.3045	1.2626E-3	8.5892E-4	1.194E-3	0.6923	6.6454E-3	4.101	1.911	125.309
157000000	7.181	9.977	13.315	8.846	0.1493	1.5523E-2	0.8026	0.4261	0.5331	0.5184	1.4171	1.5746	0.3047	0.2219	0.2791	0.1943	0.3146	0.2362	0.1699	0.2793	0.2947	0.2166	0.2007	0.2879	0.3473	0.1894	0.1642	0.2991	1.2277E-3	1.0103E-3	1.1161E-3	0.7730	-7.8285E-4	2.299	1.956	134.176
158000000	9.130	12.353	12.662	8.740	0.1311	0.1143	0.6051	0.3948	0.5347	0.5246	1.3974	1.5875	0.2959	0.2351	0.2773	0.1917	0.3142	0.2338	0.1702	0.2818	0.2987	0.2122	0.1864	0.3027	0.3507	0.1940	0.1557	0.2996	1.3089E-3	1.0063E-3	1.2224E-3	0.7459	1.5143E-2	3.350	2.034	127.536
159000000	10.581	11.703	14.928	8.064	0.1552	4.2608E-2	0.6737	0.3302	0.5468	0.4718	1.4945	1.5265	0.3118	0.2215	0.2745	0.1922	0.3172	0.2435	0.1717	0.2676	0.2834	0.2203	0.1856	0.3107	0.3485	0.1943	0.1626	0.2946	1.2246E-3	8.4334E-4	1.1675E-3	0.6963	-3.2893E-4	1.877	2.079	132.822
160000000	10.200	11.050	13.737	9.640	0.1218	0.1028	0.4591	0.3897	0.5406	0.4585	1.4415	1.6048	0.3084	0.2263	0.2716	0.1937	0.3117	0.2276	0.1754	0.2853	0.2980	0.2123	0.1936	0.2961	0.3560	0.1942	0.1528	0.2969	1.2413E-3	8.5657E-4	1.1824E-3	0.6721	-1.633E-2	4.142	1.918	129.343
161000000	6.930	16.105	15.170	7.474	0.2204	5.1806E-2	0.5300	0.4120	0.5143	0.4862	1.4639	1.5791	0.3120	0.2176	0.2818	0.1886	0.3170	0.2427	0.1744	0.2659	0.3002	0.2036	0.2009	0.2953	0.3499	0.2020	0.1609	0.2872	1.2062E-3	8.6275E-4	1.1355E-3	0.7419	1.2099E-2	2.874	1.921	132.827
162000000	8.541	13.816	13.844	8.350	0.1442	0.1129	0.6745	0.4127	0.5368	0.4974	1.4319	1.5774	0.2945	0.2344	0.2749	0.1962	0.3132	0.2440	0.1693	0.2735	0.2816	0.2252	0.1934	0.2998	0.3431	0.1971	0.1653	0.2945	1.2379E-3	9.1394E-4	1.1582E-3	0.7432	2.5492E-2	1.497	2.023	134.112
163000000	8.329	15.258	16.100	9.459	0.1906	3.3357E-2	0.7014	0.3315	0.5786	0.4567	1.4506	1.5560	0.2955	0.2309	0.2822	0.1914	0.3190	0.2364	0.1691	0.2755	0.2919	0.2112	0.1989	0.2979	0.3410	0.2067	0.1641	0.2882	1.2594E-3	8.2412E-4	1.1962E-3	0.6663	2.0881E-5	1.892	2.081	127.921
164000000	6.639	14.892	15.066	9.038	0.2419	9.9169E-2	0.6557	0.4290	0.5335	0.4636	1.4162	1.6345	0.2899	0.2226	0.2816	0.2059	0.3111	0.2432	0.1696	0.2761	0.2894	0.2230	0.1899	0.2976	0.3533	0.1869	0.1600	0.2998	1.266E-3	8.4838E-4	1.2202E-3	0.6542	2.2508E-2	5.145	1.995	128.864
165000000	8.625	14.564	14.423	7.797	0.2988	8.7188E-2	0.6328	0.3551	0.5502	0.5206	1.3718	1.6028	0.2998	0.2243	0.2850	0.1909	0.3075	0.2448	0.1673	0.2803	0.2873	0.2188	0.1900	0.3038	0.3422	0.2018	0.1616	0.2944	1.2931E-3	9.5975E-4	1.2145E-3	0.7578	-4.2159E-3	2.840	2.000	128.017
166000000	8.859	13.613	13.056	9.087	0.3132	4.9663E-2	0.4455	0.3829	0.5340	0.5496	1.4206	1.5361	0.2994	0.2378	0.2727	0.1901	0.3140	0.2437	0.1618	0.2805	0.2912	0.2217	0.1946	0.2926	0.3441	0.1917	0.1700	0.2942	1.2988E-3	1.0469E-3	1.2104E-3	0.7837	-1.2437E-3	2.627	2.115	126.811
167000000	10.780	11.245	14.391	10.082	0.1080	2.4683E-2	0.6195	0.3421	0.5530	0.4471	1.3781	1.6724	0.2892	0.2300	0.2825	0.1983	0.3148	0.2405	0.1699	0.2749	0.2876	0.2182	0.1887	0.3055	0.3400	0.1934	0.1631	0.3035	1.2687E-3	9.7678E-4	1.1898E-3	0.7322	1.562E-2	1.705	1.948	129.933
168000000	7.850	13.094	12.649	9.283	5.8681E-2	5.791E-2	0.5024	0.2893	0.5102	0.4748	1.4719	1.5872	0.3082	0.2319	0.2699	0.1899	0.3092	0.2372	0.1787	0.2749	0.2964	0.2122	0.1918	0.2996	0.3457	0.1912	0.1664	0.2967	1.2695E-3	9.9305E-4	1.1614E-3	0.7522	-2.1316E-3	3.324	1.938	131.168
169000000	9.788	13.113	13.410	7.801	0.1640	4.1957E-2	0.7607	0.2823	0.4907	0.5085	1.4444	1.6016	0.2969	0.2283	0.2807	0.1941	0.3200	0.2370	0.1669	0.2761	0.2863	0.2211	0.1937	0.2989	0.3443	0.2006	0.1620	0.2931	1.224E-3	8.6983E-4	1.1668E-3	0.6810	-3.4145E-2	3.476	1.879	127.981
170000000	7.603	13.998	12.618	8.637	0.3474	1.7482E-2	0.4777	0.3734	0.5543	0.4732	1.3961	1.6232	0.3041	0.2342	0.2670	0.1947	0.3157	0.2420	0.1702	0.2721	0.2891	0.2099	0.1961	0.3049	0.3401	0.1974	0.1653	0.2972	1.2187E-3	8.7225E-4	1.1848E-3	0.7131	-1.7258E-2	1.585	1.859	128.232
171000000	9.333	10.716	14.308	9.148	0.2308	0.1148	0.8440	0.3319	0.5194	0.5230	1.4358	1.5643	0.3076	0.2240	0.2701	0.1983	0.3169	0.2325	0.1707	0.2799	0.2883	0.2183	0.1940	0.2994	0.3418	0.1963	0.1682	0.2938	1.2779E-3	1.0488E-3	1.1395E-3	0.8120	4.3497E-2	1.352	1.900	129.160
172000000	10.291	14.269	13.096	8.038	0.2404	4.7657E-2	0.6257	0.3384	0.5082	0.4918	1.4232	1.6237	0.3053	0.2249	0.2711	0.1988	0.3256	0.2341	0.1736	0.2667	0.2904	0.2075	0.2070	0.2952	0.3439	0.1918	0.1594	0.3049	1.2207E-3	1.0116E-3	1.1577E-3	0.8434	1.4188E-2	3.738	1.890	131.008
173000000	9.147	15.152	15.651	8.521	0.3036	4.1419E-2	0.7883	0.3332	0.5479	0.5546	1.3775	1.5623	0.2878	0.2384	0.2836	0.1902	0.3297	0.2369	0.1630	0.2704	0.2975	0.2200	0.1923	0.2902	0.3496	0.1989	0.1656	0.2859	1.2606E-3	9.3609E-4	1.1868E-3	0.7499	-3.9696E-3	4.468	2.067	131.797
174000000	9.642	11.027	13.118	8.179	0.2882	0.1495	0.5745	0.4531	0.5298	0.5245	1.4027	1.5871	0.2951	0.2248	0.2768	0.2033	0.3123	0.2416	0.1715	0.2746	0.2830	0.2225	0.2015	0.2930	0.3456	0.1937	0.1618	0.2988	1.2808E-3	8.4859E-4	1.21E-3	0.6699	2.2702E-3	3.473	1.932	128.008
175000000	11.563	14.495	13.419	8.988	0.2010	4.3693E-2	0.5955	0.3128	0.5557	0.5101	1.4216	1.5543	0.2904	0.2327	0.2806	0.1963	0.3250	0.2348	0.1721	0.2682	0.2877	0.2154	0.1952	0.3017	0.3558	0.1823	0.1648	0.2971	1.2751E-3	9.9314E-4	1.171E-3	0.7692	-1.6345E-3	3.764	1.908	130.321
176000000	8.932	14.714	15.801	9.325	0.4059	2.2046E-2	0.7070	0.3737	0.5739	0.4930	1.3366	1.6450	0.2999	0.2291	0.2701	0.2010	0.3212	0.2438	0.1667	0.2683	0.2958	0.2139	0.1962	0.2942	0.3457	0.1902	0.1604	0.3038	1.2345E-3	9.0912E-4	1.1748E-3	0.7288	2.9013E-3	4.097	2.044	131.017
177000000	8.810	12.971	12.565	8.714	4.6182E-2	0.1390	0.6904	0.3899	0.5067	0.5088	1.3867	1.6465	0.3130	0.2176	0.2797	0.1897	0.3125	0.2352	0.1785	0.2738	0.2998	0.2065	0.1874	0.3063	0.3423	0.1923	0.1661	0.2994	1.2881E-3	9.2935E-4	1.2272E-3	0.7249	1.0976E-2	2.352	1.929	129.639
178000000	9.190	11.870	11.860	8.417	0.2479	2.4987E-2	0.5457	0.4842	0.5089	0.5664	1.3998	1.5676	0.3181	0.2222	0.2709	0.1888	0.3134	0.2403	0.1588	0.2875	0.2892	0.2146	0.1985	0.2977	0.3449	0.1932	0.1629	0.2989	1.1773E-3	8.7264E-4	1.1052E-3	0.7285	1.0487E-2	2.150	1.981	132.612
179000000	8.839	15.257	13.550	7.732	0.3159	6.2073E-2	0.4076	0.3945	0.5275	0.4970	1.4588	1.5588	0.2966	0.2318	0.2721	0.1996	0.3229	0.2282	0.1721	0.2768	0.2854	0.2143	0.2021	0.2981	0.3335	0.1992	0.1687	0.2987	1.2353E-3	9.2535E-4	1.2071E-3	0.7333	-5.0988E-3	1.535	1.889	129.770
180000000	10.422	17.428	12.458	7.731	1.2151E-2	0.1038	0.6023	0.3696	0.5182	0.4802	1.4970	1.5456	0.3079	0.2139	0.2879	0.1903	0.3074	0.2487	0.1614	0.2825	0.2892	0.2093	0.1988	0.3027	0.3408	0.1931	0.1640	0.3020	1.2508E-3	8.3269E-4	1.1866E-3	0.6529	9.7556E-3	1.655	1.891	126.012
181000000	9.217	12.668	14.748	7.993	0.3497	3.5874E-2	0.5268	0.3374	0.5389	0.4966	1.4287	1.5794	0.3019	0.2203	0.2835	0.1943	0.3199	0.2391	0.1681	0.2729	0.2934	0.2131	0.1919	0.3015	0.3385	0.1990	0.1597	0.3028	1.2595E-3	8.6774E-4	1.2131E-3	0.6839	-8.695E-3	4.035	1.940	128.641
182000000	11.128	11.457	13.665	7.839	0.2230	9.9014E-3	0.6451	0.3493	0.4951	0.4147	1.3940	1.7529	0.3041	0.2299	0.2789	0.1871	0.3175	0.2388	0.1733	0.2704	0.2860	0.2203	0.1904	0.3033	0.3405	0.2017	0.1679	0.2898	1.2377E-3	8.5116E-4	1.1963E-3	0.6981	5.8396E-3	4.445	1.992	130.048
183000000	9.476	12.094	14.657	8.750	0.2218	3.9362E-2	0.5389	0.4322	0.5466	0.5127	1.4135	1.5701	0.2932	0.2302	0.2843	0.1924	0.3218	0.2354	0.1705	0.2723	0.2896	0.2137	0.1970	0.2996	0.3377	0.2022	0.1633	0.2967	1.2392E-3	9.0471E-4	1.1767E-3	0.7136	4.2645E-2	3.977	1.899	130.645
184000000	8.808	14.374	12.029	8.662	0.2357	1.2663E-2	0.6592	0.4306	0.4795	0.5695	1.4240	1.5698	0.3007	0.2348	0.2737	0.1909	0.3210	0.2347	0.1686	0.2756	0.2971	0.2091	0.1924	0.3014	0.3440	0.2000	0.1620	0.2940	1.2822E-3	9.4359E-4	1.2449E-3	0.7131	1.468E-2	2.104	1.901	128.509
185000000	8.704	13.098	11.611	9.099	8.9297E-2	2.105E-2	0.6065	0.3675	0.5583	0.5061	1.4315	1.5452	0.3121	0.2170	0.2740	0.1969	0.3240	0.2310	0.1612	0.2838	0.2945	0.2152	0.1916	0.2987	0.3330	0.2039	0.1652	0.2979	1.2581E-3	8.5567E-4	1.1891E-3	0.6932	-1.1809E-2	3.564	1.985	130.431
186000000	12.454	13.658	11.963	8.866	0.2721	4.529E-3	0.5053	0.3979	0.5127	0.5081	1.4275	1.5966	0.3041	0.2293	0.2773	0.1892	0.3304	0.2317	0.1673	0.2706	0.2902	0.2179	0.1997	0.2922	0.3433	0.1960	0.1612	0.2996	1.3302E-3	1.0485E-3	1.2216E-3	0.8056	2.5516E-2	5.116	1.861	126.761
187000000	8.702	13.870	15.720	7.677	0.1470	4.8868E-2	0.7089	0.4641	0.5276	0.5419	1.4341	1.5369	0.3016	0.2278	0.2792	0.1914	0.3084	0.2460	0.1637	0.2818	0.2887	0.2131	0.1978	0.3003	0.3457	0.1922	0.1696	0.2925	1.2423E-3	8.3159E-4	1.187E-3	0.7088	1.2603E-2	2.204	1.883	127.457
188000000	8.854	14.022	14.433	8.815	0.2033	2.1311E-2	0.5426	0.3144	0.5088	0.4669	1.4433	1.6282	0.2960	0.2391	0.2797	0.1852	0.3209	0.2348	0.1755	0.2687	0.2990	0.2183	0.1892	0.2936	0.3546	0.1859	0.1628	0.2968	1.2657E-3	9.3074E-4	1.1729E-3	0.7352	2.9137E-2	2.256	1.863	128.191
189000000	13.333	11.365	13.310	7.780	0.3287	4.1538E-2	0.7793	0.2955	0.5169	0.5133	1.4407	1.5721	0.3065	0.2173	0.2808	0.1954	0.3119	0.2462	0.1656	0.2764	0.2926	0.2105	0.2012	0.2957	0.3394	0.1991	0.1635	0.2980	1.2743E-3	8.4935E-4	1.2258E-3	0.6721	-7.9217E-3	2.926	1.983	129.424
190000000	9.167	12.400	11.542	9.226	0.2266	4.4347E-2	0.6762	0.3566	0.4820	0.5154	1.4351	1.6137	0.2978	0.2271	0.2750	0.2001	0.3134	0.2375	0.1755	0.2736	0.2964	0.2151	0.1881	0.3004	0.3459	0.1905	0.1674	0.2962	1.2701E-3	1.0163E-3	1.2286E-3	0.7846	4.2173E-3	4.410	2.015	129.670
191000000	7.913	16.049	10.806	8.230	0.1608	8.4333E-2	0.6427	0.3902	0.5005	0.5302	1.4387	1.5739	0.3007	0.2216	0.2851	0.1925	0.3061	0.2389	0.1724	0.2826	0.2948	0.2183	0.1949	0.2921	0.3494	0.1977	0.1576	0.2954	1.2441E-3	7.6974E-4	1.1934E-3	0.6368	1.0042E-2	4.136	2.000	131.527
192000000	9.157	15.363	11.703	7.879	0.3502	2.5284E-2	0.4632	0.3632	0.5442	0.4703	1.4349	1.5955	0.2987	0.2375	0.2739	0.1899	0.3234	0.2404	0.1690	0.2672	0.2937	0.2187	0.1946	0.2930	0.3446	0.2049	0.1566	0.2938	1.3063E-3	9.1798E-4	1.2062E-3	0.6866	-5.1975E-3	1.861	1.904	126.886
193000000	8.441	10.880	15.344	8.516	9.2411E-2	4.1747E-2	0.5274	0.3432	0.5208	0.4478	1.4513	1.6274	0.2971	0.2384	0.2679	0.1966	0.3200	0.2386	0.1751	0.2664	0.2780	0.2199	0.1991	0.3029	0.3392	0.1988	0.1614	0.3005	1.2141E-3	8.3602E-4	1.1804E-3	0.7017	-1.5059E-2	1.998	1.924	130.651
194000000	8.347	11.883	14.281	8.717	0.2157	5.859E-2	0.7947	0.3522	0.4915	0.5125	1.4433	1.5977	0.2997	0.2224	0.2810	0.1969	0.3109	0.2390	0.1784	0.2716	0.2989	0.2200	0.1942	0.2869	0.3416	0.1899	0.1682	0.3003	1.2318E-3	7.3268E-4	1.17E-3	0.6045	-5.4913E-3	1.553	1.947	131.504
195000000	8.115	11.941	15.895	8.675	0.1458	1.4957E-2	0.6178	0.4494	0.5127	0.4937	1.4194	1.6210	0.3025	0.2280	0.2777	0.1918	0.3151	0.2312	0.1742	0.2795	0.2910	0.2060	0.1998	0.3032	0.3410	0.1895	0.1659	0.3036	1.1879E-3	6.9688E-4	1.1918E-3	0.6218	2.7857E-2	2.640	2.021	134.586
196000000	8.255	11.979	14.050	8.187	0.3656	6.8516E-2	0.6799	0.2945	0.5649	0.5434	1.4395	1.4891	0.2998	0.2219	0.2832	0.1950	0.3189	0.2338	0.1682	0.2790	0.2899	0.2099	0.1875	0.3127	0.3570	0.1917	0.1560	0.2953	1.2781E-3	9.5076E-4	1.2138E-3	0.7212	-3.5867E-4	1.534	1.937	131.418
197000000	11.663	9.777	12.965	8.259	0.2119	3.6922E-2	0.5155	0.3032	0.5551	0.5139	1.4377	1.5334	0.3021	0.2285	0.2804	0.1890	0.3166	0.2339	0.1639	0.2856	0.2876	0.2153	0.2043	0.2928	0.3364	0.1999	0.1663	0.2973	1.214E-3	9.4468E-4	1.1382E-3	0.7683	1.7843E-2	1.255	1.981	134.728
198000000	10.440	11.075	16.136	8.125	0.2547	4.5374E-2	0.4782	0.3429	0.5751	0.5337	1.3923	1.5394	0.3004	0.2213	0.2848	0.1936	0.3048	0.2332	0.1791	0.2829	0.2866	0.2173	0.1938	0.3024	0.3416	0.2061	0.1559	0.2964	1.2255E-3	9.1144E-4	1.1667E-3	0.7316	7.2749E-3	2.917	2.054	131.379
199000000	8.085	10.628	14.981	9.135	0.2194	5.4997E-2	0.6402	0.3954	0.5737	0.4675	1.4675	1.5312	0.2971	0.2284	0.2727	0.2018	0.3221	0.2340	0.1670	0.2769	0.2935	0.2078	0.1981	0.3006	0.3509	0.1923	0.1660	0.2908	1.2517E-3	8.9049E-4	1.1934E-3	0.7277	-2.4936E-3	1.990	1.934	129.555
200000000	11.669	12.337	13.875	9.737	0.2698	7.4845E-3	0.5730	0.3785	0.5278	0.4885	1.4329	1.5956	0.2916	0.2389	0.2743	0.1952	0.3140	0.2419	0.1634	0.2806	0.2917	0.2160	0.1878	0.3045	0.3509	0.1847	0.1588	0.3055	1.2727E-3	1.0195E-3	1.2026E-3	0.7922	-2.1274E-2	4.207	2.041	129.633
