state	cp1.kappa	cp2.kappa	cp3.kappa	ig.kappa	cp1.alpha	cp2.alpha	cp3.alpha	ig.alpha	cp1.mu	cp2.mu	cp3.mu	ig.mu	cp1.frequencies1	cp1.frequencies2	cp1.frequencies3	cp1.frequencies4	cp2.frequencies1	cp2.frequencies2	cp2.frequencies3	cp2.frequencies4	cp3.frequencies1	cp3.frequencies2	cp3.frequencies3	cp3.frequencies4	ig.frequencies1	ig.frequencies2	ig.frequencies3	ig.frequencies4	ucld.mean	ucld.stdev	meanRate	coefficientOfVariation	covariance	skygrid.precision	rootHeight	treeLength
1000000	10.571	12.061	11.799	10.195	0.1839	4.6376E-2	0.5260	0.3254	0.4903	0.5201	1.3488	1.6928	0.3197	0.2225	0.2718	0.1859	0.3200	0.2269	0.1752	0.2779	0.2897	0.2085	0.1930	0.3088	0.3505	0.1886	0.1613	0.2997	1.2308E-3	9.8308E-4	1.1617E-3	0.7713	-4.4064E-3	2.662	1.925	131.050
2000000	8.935	10.499	13.697	9.658	0.2097	6.5867E-2	0.5651	0.3115	0.5326	0.5140	1.4513	1.5430	0.3012	0.2335	0.2688	0.1965	0.3179	0.2390	0.1771	0.2660	0.2839	0.2153	0.2033	0.2974	0.3312	0.2014	0.1618	0.3055	1.2249E-3	8.1801E-4	1.1645E-3	0.6554	2.0412E-2	1.569	1.899	130.624
3000000	9.566	13.400	12.802	9.378	0.2444	4.1481E-2	0.6598	0.3524	0.5453	0.4760	1.5138	1.5027	0.2977	0.2389	0.2744	0.1891	0.3075	0.2479	0.1654	0.2792	0.3010	0.2108	0.1941	0.2940	0.3464	0.1973	0.1605	0.2958	1.2627E-3	8.5181E-4	1.2136E-3	0.6745	2.0027E-2	2.448	2.020	129.833
4000000	8.513	11.660	14.905	8.970	0.1664	3.7823E-2	0.4739	0.3651	0.5117	0.5028	1.4390	1.5909	0.2936	0.2293	0.2792	0.1979	0.3058	0.2405	0.1857	0.2681	0.2975	0.2116	0.1930	0.2978	0.3481	0.1883	0.1643	0.2993	1.2675E-3	9.1258E-4	1.2232E-3	0.7188	1.2261E-3	1.096	1.853	125.315
5000000	10.506	12.164	13.772	8.136	0.1732	4.1152E-2	0.5612	0.3405	0.4917	0.4548	1.4577	1.6443	0.2987	0.2350	0.2750	0.1912	0.3110	0.2453	0.1667	0.2770	0.2845	0.2196	0.2053	0.2906	0.3415	0.1997	0.1575	0.3013	1.2167E-3	8.413E-4	1.1574E-3	0.6968	-2.5306E-3	2.126	1.983	133.269
6000000	10.604	13.031	13.272	8.189	0.3143	8.6768E-2	0.5367	0.4829	0.4916	0.5175	1.3427	1.7010	0.3003	0.2272	0.2784	0.1941	0.3206	0.2396	0.1659	0.2739	0.2859	0.2259	0.1951	0.2931	0.3368	0.1947	0.1648	0.3037	1.2927E-3	9.3862E-4	1.1961E-3	0.7225	3.5574E-2	3.632	1.907	132.750
7000000	11.792	13.125	12.825	8.702	0.2198	2.7083E-2	0.6964	0.4179	0.5034	0.5503	1.4421	1.5453	0.3043	0.2259	0.2797	0.1902	0.3186	0.2407	0.1618	0.2789	0.2871	0.2217	0.1940	0.2972	0.3427	0.1920	0.1665	0.2988	1.2052E-3	7.9405E-4	1.1969E-3	0.6822	6.2426E-4	1.266	1.972	132.880
8000000	7.786	9.771	16.351	10.059	0.2170	3.5627E-2	0.6305	0.2826	0.5625	0.4929	1.4082	1.5800	0.2978	0.2255	0.2744	0.2023	0.3322	0.2311	0.1722	0.2646	0.2956	0.2146	0.1896	0.3002	0.3427	0.2031	0.1646	0.2896	1.2348E-3	8.5942E-4	1.1778E-3	0.7096	5.345E-2	1.504	1.932	131.059
9000000	7.683	10.565	12.971	8.764	0.2017	2.9801E-2	0.5224	0.3419	0.5575	0.4879	1.4321	1.5650	0.3067	0.2260	0.2728	0.1945	0.3165	0.2370	0.1686	0.2779	0.2939	0.2147	0.1890	0.3024	0.3502	0.1971	0.1552	0.2974	1.2468E-3	9.6137E-4	1.1688E-3	0.7703	-1.6071E-2	2.675	2.025	129.750
10000000	8.625	15.265	12.045	7.404	2.3669E-2	2.4348E-2	0.5188	0.3212	0.5440	0.4872	1.4510	1.5599	0.3024	0.2233	0.2748	0.1995	0.3142	0.2426	0.1714	0.2718	0.2936	0.2180	0.1892	0.2991	0.3534	0.1869	0.1617	0.2980	1.3193E-3	9.8949E-4	1.2293E-3	0.7585	2.3105E-3	4.910	1.962	125.024
11000000	9.330	14.876	14.757	8.708	0.1391	9.462E-3	0.4812	0.2829	0.5138	0.5380	1.4072	1.5850	0.2954	0.2431	0.2692	0.1923	0.3178	0.2422	0.1658	0.2742	0.2921	0.2079	0.2004	0.2997	0.3436	0.1901	0.1609	0.3054	1.1932E-3	7.9972E-4	1.1589E-3	0.6667	8.2883E-4	2.446	2.064	130.159
12000000	7.227	13.334	14.181	8.317	8.3291E-2	6.5859E-2	0.5353	0.3675	0.5246	0.4991	1.4015	1.6216	0.3105	0.2250	0.2745	0.1899	0.3139	0.2311	0.1808	0.2742	0.2881	0.2168	0.1952	0.3000	0.3469	0.1937	0.1620	0.2975	1.2577E-3	9.0311E-4	1.19E-3	0.7289	1.4748E-3	2.578	1.977	128.672
13000000	11.074	14.115	12.763	8.397	0.1467	8.4706E-3	0.4836	0.2869	0.4740	0.5296	1.4289	1.6136	0.3036	0.2223	0.2770	0.1971	0.3231	0.2380	0.1643	0.2745	0.2890	0.2179	0.1920	0.3011	0.3370	0.2101	0.1581	0.2949	1.2223E-3	9.3139E-4	1.1374E-3	0.7526	-2.5503E-2	3.959	1.983	128.401
14000000	8.675	11.405	12.686	7.875	0.3047	1.857E-2	0.5560	0.2768	0.5064	0.5125	1.4710	1.5517	0.2950	0.2316	0.2814	0.1920	0.3121	0.2389	0.1755	0.2734	0.2904	0.2172	0.1983	0.2941	0.3478	0.1911	0.1612	0.2998	1.2048E-3	8.1575E-4	1.1528E-3	0.7040	-9.0493E-3	3.137	2.043	133.714
15000000	6.701	14.241	13.505	9.303	0.1558	3.8028E-2	0.5453	0.3864	0.5106	0.4879	1.4406	1.6064	0.3130	0.2227	0.2713	0.1930	0.3150	0.2381	0.1692	0.2778	0.2842	0.2227	0.1871	0.3061	0.3468	0.1910	0.1652	0.2969	1.2011E-3	9.1699E-4	1.1062E-3	0.7501	2.9534E-4	6.489	2.028	132.495
16000000	7.912	17.096	15.727	8.129	0.7470	5.5882E-2	0.5880	0.3486	0.5430	0.5325	1.3736	1.5956	0.3107	0.2308	0.2694	0.1891	0.3202	0.2319	0.1729	0.2750	0.2951	0.2145	0.1910	0.2994	0.3462	0.1972	0.1569	0.2997	1.2552E-3	8.1931E-4	1.1636E-3	0.6615	2.7803E-2	2.017	1.962	129.105
17000000	11.294	13.310	12.193	8.358	0.1890	4.0284E-2	0.7489	0.4539	0.4918	0.4718	1.4406	1.6443	0.3089	0.2206	0.2769	0.1935	0.3142	0.2416	0.1690	0.2752	0.2938	0.2004	0.1973	0.3085	0.3372	0.2005	0.1568	0.3055	1.1787E-3	7.4091E-4	1.1635E-3	0.6335	3.6074E-2	2.207	1.914	133.101
18000000	8.537	14.183	16.273	9.183	0.1034	6.7903E-2	0.7092	0.3717	0.5611	0.4671	1.4322	1.5835	0.3083	0.2148	0.2760	0.2010	0.3084	0.2408	0.1769	0.2739	0.2903	0.2145	0.1965	0.2987	0.3463	0.1986	0.1642	0.2909	1.2114E-3	9.4408E-4	1.1437E-3	0.7863	1.0882E-2	2.524	1.944	132.140
19000000	8.887	14.288	12.234	9.796	0.1126	5.1446E-2	0.5630	0.3872	0.5679	0.4918	1.4279	1.5541	0.3119	0.2282	0.2738	0.1861	0.3175	0.2344	0.1714	0.2766	0.2900	0.2203	0.1938	0.2960	0.3424	0.1914	0.1602	0.3060	1.1685E-3	7.0633E-4	1.1159E-3	0.5954	4.1405E-2	2.102	1.996	135.569
20000000	8.904	12.656	15.054	9.702	0.1401	5.778E-2	0.6861	0.3732	0.6267	0.4776	1.3744	1.5636	0.3104	0.2242	0.2735	0.1918	0.3089	0.2417	0.1703	0.2791	0.2928	0.2155	0.1893	0.3023	0.3508	0.1975	0.1533	0.2984	1.2523E-3	9.7607E-4	1.2041E-3	0.7526	1.7414E-2	3.113	2.113	133.225
21000000	9.877	13.394	12.253	8.346	0.1011	5.4581E-2	0.7679	0.3467	0.5231	0.4958	1.4538	1.5702	0.3033	0.2227	0.2749	0.1991	0.3149	0.2374	0.1772	0.2705	0.2899	0.2100	0.1968	0.3033	0.3443	0.1935	0.1649	0.2973	1.1982E-3	8.2794E-4	1.1276E-3	0.7059	3.0209E-2	3.891	1.967	135.938
22000000	7.663	16.691	13.656	8.490	0.1700	3.9785E-2	0.6028	0.3192	0.5539	0.5556	1.3682	1.5648	0.3001	0.2359	0.2775	0.1865	0.3143	0.2506	0.1666	0.2685	0.2840	0.2201	0.1946	0.3012	0.3577	0.1915	0.1669	0.2839	1.22E-3	9.0054E-4	1.1155E-3	0.7454	6.9745E-3	1.931	1.932	132.003
23000000	9.125	9.688	13.459	7.873	0.1105	3.9173E-3	0.6310	0.4427	0.5262	0.5522	1.4221	1.5401	0.3093	0.2236	0.2772	0.1899	0.3221	0.2355	0.1756	0.2668	0.2894	0.2214	0.1955	0.2938	0.3439	0.1944	0.1608	0.3009	1.287E-3	9.6379E-4	1.2036E-3	0.7531	1.3303E-2	2.443	1.869	130.679
24000000	8.473	10.723	13.019	8.357	7.4288E-2	1.8329E-2	0.6846	0.2919	0.5311	0.5085	1.4470	1.5552	0.2980	0.2246	0.2785	0.1989	0.3189	0.2320	0.1709	0.2782	0.2929	0.2190	0.1881	0.3000	0.3528	0.1834	0.1610	0.3028	1.3058E-3	9.8573E-4	1.2047E-3	0.7239	3.2542E-2	4.188	1.904	127.180
25000000	8.869	11.532	15.941	8.567	0.1763	7.1751E-2	0.3905	0.4627	0.5267	0.5074	1.3855	1.6276	0.3040	0.2250	0.2718	0.1993	0.3077	0.2442	0.1736	0.2745	0.2945	0.2127	0.1895	0.3034	0.3464	0.1969	0.1589	0.2978	1.2878E-3	9.5474E-4	1.2182E-3	0.7435	2.1749E-2	4.118	2.064	127.880
26000000	7.726	14.019	12.616	8.518	0.1392	2.7592E-2	0.4613	0.3938	0.5347	0.5211	1.3708	1.6201	0.3086	0.2286	0.2581	0.2048	0.3165	0.2381	0.1732	0.2722	0.2912	0.2127	0.1910	0.3051	0.3402	0.1999	0.1683	0.2916	1.2878E-3	7.9881E-4	1.2407E-3	0.6206	-1.9015E-3	2.035	1.889	127.829
27000000	8.426	12.255	14.167	8.791	0.2617	2.2208E-2	0.5553	0.3719	0.5256	0.4800	1.4098	1.6321	0.3019	0.2296	0.2735	0.1951	0.3117	0.2445	0.1712	0.2725	0.2973	0.2132	0.1973	0.2922	0.3423	0.2002	0.1652	0.2923	1.2708E-3	9.2889E-4	1.1547E-3	0.6974	2.1535E-3	2.593	1.923	130.439
28000000	9.416	14.946	13.088	8.146	0.1070	5.0765E-2	0.6129	0.2863	0.5256	0.4895	1.4405	1.5887	0.3058	0.2203	0.2748	0.1992	0.3114	0.2444	0.1666	0.2776	0.2904	0.2116	0.1984	0.2996	0.3406	0.1952	0.1663	0.2979	1.2298E-3	7.4213E-4	1.1737E-3	0.6013	-1.6907E-2	4.708	2.027	132.248
29000000	11.508	14.754	15.090	8.549	0.2828	7.9789E-2	0.4998	0.3619	0.5056	0.4462	1.4291	1.6695	0.3079	0.2379	0.2739	0.1803	0.3277	0.2331	0.1617	0.2775	0.2927	0.2117	0.1970	0.2986	0.3340	0.1969	0.1737	0.2954	1.2909E-3	1.0504E-3	1.1786E-3	0.7928	3.8164E-3	4.803	1.967	127.815
30000000	10.739	12.488	13.271	8.722	6.3825E-2	1.8622E-2	0.6590	0.3691	0.5013	0.5365	1.4447	1.5596	0.3036	0.2364	0.2809	0.1792	0.3161	0.2339	0.1684	0.2815	0.2938	0.2205	0.1870	0.2987	0.3571	0.1911	0.1666	0.2852	1.2626E-3	8.9003E-4	1.1889E-3	0.6924	8.7465E-3	2.349	2.057	130.298
31000000	10.325	12.203	14.573	8.852	0.2328	3.1731E-2	0.7747	0.4468	0.5646	0.4852	1.3933	1.6022	0.3093	0.2252	0.2834	0.1821	0.3134	0.2426	0.1739	0.2700	0.2805	0.2198	0.2021	0.2975	0.3369	0.1949	0.1675	0.3008	1.2492E-3	8.8002E-4	1.1628E-3	0.6889	-2.1215E-2	2.013	1.922	131.023
32000000	9.822	12.862	14.786	8.507	0.1658	0.1564	0.6810	0.3946	0.5181	0.5617	1.4354	1.5242	0.3115	0.2322	0.2706	0.1858	0.3172	0.2341	0.1747	0.2739	0.2895	0.2227	0.1902	0.2977	0.3458	0.1906	0.1592	0.3045	1.3312E-3	1.1318E-3	1.2193E-3	0.8841	1.5279E-2	2.086	1.977	125.575
33000000	10.092	11.611	13.708	8.353	0.2623	0.1109	0.6755	0.3401	0.5497	0.4899	1.4543	1.5473	0.3005	0.2358	0.2697	0.1940	0.3046	0.2372	0.1872	0.2709	0.2999	0.2146	0.1887	0.2969	0.3320	0.1902	0.1677	0.3100	1.2337E-3	9.5804E-4	1.1539E-3	0.7724	-1.5665E-2	2.074	1.973	132.571
34000000	7.701	13.075	12.405	8.219	0.1774	1.6067E-2	0.6008	0.3638	0.5024	0.5021	1.4529	1.5867	0.3001	0.2322	0.2765	0.1913	0.3173	0.2353	0.1703	0.2771	0.2888	0.2174	0.1942	0.2996	0.3384	0.1939	0.1666	0.3011	1.2712E-3	9.185E-4	1.1956E-3	0.7218	6.9015E-3	1.675	1.982	131.565
35000000	9.656	14.525	14.928	9.243	0.2256	7.6563E-2	0.5264	0.4187	0.5576	0.5062	1.4496	1.5262	0.3059	0.2343	0.2711	0.1888	0.3169	0.2391	0.1785	0.2655	0.2946	0.2093	0.1930	0.3031	0.3339	0.1914	0.1584	0.3163	1.2604E-3	8.8063E-4	1.2167E-3	0.6851	1.5843E-2	1.600	1.964	130.778
36000000	8.837	12.614	13.059	9.146	0.2596	0.1429	0.8372	0.4656	0.5589	0.4723	1.4078	1.6066	0.2937	0.2309	0.2801	0.1953	0.3169	0.2330	0.1744	0.2756	0.2932	0.2112	0.1942	0.3014	0.3304	0.2008	0.1593	0.3095	1.2093E-3	9.4463E-4	1.1522E-3	0.7513	1.6117E-2	2.510	1.994	131.773
37000000	8.096	12.211	14.774	9.044	0.1716	8.3837E-2	0.4670	0.4780	0.5641	0.4967	1.3756	1.6095	0.3022	0.2276	0.2724	0.1978	0.3165	0.2394	0.1715	0.2725	0.2887	0.2140	0.1922	0.3051	0.3572	0.1973	0.1585	0.2870	1.3313E-3	1.1413E-3	1.2217E-3	0.8358	1.564E-2	2.350	1.901	127.391
38000000	9.466	15.932	13.618	8.592	0.2333	0.1595	0.5411	0.3185	0.5148	0.5117	1.3946	1.6259	0.3037	0.2245	0.2755	0.1963	0.3175	0.2359	0.1735	0.2731	0.2844	0.2205	0.2001	0.2950	0.3269	0.1968	0.1674	0.3089	1.2385E-3	9.2774E-4	1.1569E-3	0.7290	7.6172E-3	1.768	1.919	128.141
39000000	9.231	10.927	16.460	7.857	5.7171E-2	1.549E-2	0.6728	0.4215	0.5144	0.4727	1.4589	1.5990	0.3059	0.2231	0.2757	0.1953	0.3056	0.2421	0.1752	0.2771	0.3082	0.2101	0.1965	0.2852	0.3387	0.2036	0.1735	0.2842	1.2321E-3	9.2155E-4	1.1883E-3	0.7544	-2.8024E-3	2.803	1.922	127.146
40000000	10.586	14.873	14.598	8.592	0.1298	5.5224E-2	0.8440	0.3231	0.5275	0.5153	1.4179	1.5831	0.2822	0.2278	0.2848	0.2052	0.3213	0.2340	0.1715	0.2732	0.2950	0.2120	0.1954	0.2975	0.3471	0.1944	0.1672	0.2914	1.2133E-3	7.8437E-4	1.1715E-3	0.6295	-4.387E-3	1.866	1.908	134.761
41000000	9.731	9.992	15.475	8.178	0.2015	0.1257	0.5271	0.3664	0.5172	0.5382	1.3767	1.6141	0.3125	0.2229	0.2796	0.1850	0.3117	0.2463	0.1720	0.2700	0.2983	0.2008	0.1994	0.3015	0.3402	0.1950	0.1640	0.3007	1.2567E-3	9.3732E-4	1.1851E-3	0.7300	2.8933E-2	1.660	1.852	132.665
42000000	7.703	10.545	16.826	8.279	0.2006	0.1194	0.6171	0.3645	0.5796	0.4943	1.4247	1.5422	0.2889	0.2242	0.2910	0.1959	0.3158	0.2377	0.1713	0.2753	0.2885	0.2096	0.1989	0.3030	0.3502	0.1886	0.1729	0.2883	1.2188E-3	7.5552E-4	1.1735E-3	0.6076	1.8988E-2	1.921	1.930	133.297
43000000	7.005	13.306	15.803	8.860	0.2760	6.3233E-2	0.5520	0.3114	0.5127	0.5156	1.4306	1.5851	0.3085	0.2343	0.2679	0.1893	0.3104	0.2420	0.1735	0.2741	0.2869	0.2120	0.1964	0.3046	0.3483	0.1913	0.1630	0.2974	1.2774E-3	1.0043E-3	1.2404E-3	0.8127	1.0539E-2	3.472	1.902	127.901
44000000	10.283	13.236	14.977	8.371	0.1186	7.9699E-2	0.7144	0.3530	0.5744	0.4589	1.3702	1.6450	0.2974	0.2310	0.2754	0.1962	0.3223	0.2369	0.1601	0.2807	0.2908	0.2157	0.2029	0.2906	0.3497	0.2004	0.1513	0.2985	1.2736E-3	9.2112E-4	1.2136E-3	0.7029	-2.0955E-2	1.903	1.932	127.888
45000000	7.379	11.219	13.316	8.451	0.2076	0.1099	0.7580	0.3397	0.5534	0.4934	1.3718	1.6287	0.3038	0.2214	0.2881	0.1868	0.3228	0.2243	0.1700	0.2829	0.2897	0.2216	0.1897	0.2989	0.3543	0.1905	0.1644	0.2909	1.3071E-3	1.0785E-3	1.2225E-3	0.8293	-6.4722E-3	1.169	1.921	126.936
46000000	8.909	13.605	15.595	8.522	0.3149	1.4043E-2	0.5493	0.3835	0.5259	0.4662	1.4235	1.6320	0.3100	0.2285	0.2653	0.1962	0.3066	0.2451	0.1726	0.2758	0.2918	0.2223	0.1920	0.2939	0.3509	0.1808	0.1621	0.3062	1.2782E-3	1.0081E-3	1.2004E-3	0.7610	2.8969E-2	2.731	1.939	128.778
47000000	9.342	11.267	13.781	8.873	0.2446	6.577E-2	0.7715	0.3202	0.5414	0.4651	1.4437	1.5945	0.3002	0.2363	0.2713	0.1922	0.3194	0.2390	0.1659	0.2756	0.2862	0.2188	0.1979	0.2971	0.3583	0.1990	0.1624	0.2803	1.2478E-3	8.5221E-4	1.1664E-3	0.6758	3.555E-2	2.282	1.948	131.575
48000000	8.348	13.958	14.979	8.238	0.1587	2.4702E-2	0.6341	0.3838	0.5453	0.5191	1.3940	1.5857	0.2925	0.2359	0.2727	0.1989	0.3149	0.2412	0.1687	0.2752	0.2805	0.2177	0.1963	0.3054	0.3511	0.1911	0.1563	0.3015	1.2734E-3	9.3549E-4	1.1969E-3	0.7653	2.9075E-2	2.766	1.937	129.188
49000000	7.480	12.109	11.034	8.660	0.1584	4.7801E-2	0.5072	0.4160	0.5582	0.5262	1.3962	1.5616	0.3038	0.2228	0.2728	0.2006	0.3304	0.2337	0.1674	0.2684	0.3052	0.2108	0.1881	0.2958	0.3415	0.1948	0.1578	0.3059	1.2451E-3	8.6138E-4	1.1977E-3	0.7093	-1.4831E-2	2.411	2.002	127.889
50000000	10.000	11.257	11.425	8.717	0.2089	7.66E-2	0.5065	0.4262	0.5277	0.5695	1.4585	1.4805	0.2937	0.2289	0.2772	0.2002	0.3236	0.2361	0.1695	0.2708	0.2788	0.2297	0.1906	0.3009	0.3271	0.2032	0.1623	0.3074	1.2384E-3	8.3474E-4	1.1923E-3	0.6856	9.547E-3	1.684	1.870	125.498
51000000	9.435	15.307	14.660	9.808	0.3303	8.9451E-2	0.5526	0.3490	0.5626	0.4527	1.4536	1.5743	0.2932	0.2356	0.2770	0.1941	0.3236	0.2340	0.1633	0.2790	0.2916	0.2163	0.1882	0.3039	0.3348	0.1959	0.1694	0.2999	1.2787E-3	8.8882E-4	1.2087E-3	0.6964	2.0825E-2	2.098	1.848	131.924
52000000	9.977	11.431	12.764	8.883	0.1245	0.1095	0.7822	0.3476	0.5615	0.5011	1.3447	1.6410	0.3092	0.2235	0.2739	0.1934	0.3092	0.2492	0.1726	0.2690	0.2932	0.2183	0.1934	0.2950	0.3346	0.2042	0.1570	0.3041	1.3358E-3	1.1889E-3	1.1943E-3	0.9145	-2.468E-2	2.261	1.925	130.636
53000000	10.142	12.842	12.224	8.168	1.8627E-2	5.8082E-2	0.4696	0.4061	0.5372	0.5105	1.3971	1.6004	0.2917	0.2316	0.2777	0.1990	0.3132	0.2436	0.1684	0.2749	0.2980	0.2113	0.1904	0.3003	0.3419	0.1845	0.1670	0.3066	1.2953E-3	9.2767E-4	1.2133E-3	0.7196	4.6889E-3	3.018	1.974	132.020
54000000	10.974	13.924	13.576	8.870	0.1127	2.7877E-2	0.6085	0.3322	0.5145	0.4864	1.4460	1.5982	0.3054	0.2290	0.2766	0.1890	0.3056	0.2460	0.1700	0.2785	0.3017	0.2110	0.1980	0.2893	0.3466	0.1952	0.1639	0.2943	1.2104E-3	9.2446E-4	1.1264E-3	0.7668	2.573E-2	3.209	1.972	133.354
55000000	8.831	11.006	13.286	8.511	0.2586	4.2036E-2	0.5808	0.3658	0.5332	0.4923	1.4417	1.5761	0.2971	0.2290	0.2849	0.1890	0.3153	0.2423	0.1703	0.2721	0.2949	0.2161	0.1981	0.2908	0.3377	0.2001	0.1623	0.2999	1.2471E-3	9.5652E-4	1.1675E-3	0.7134	3.9163E-2	1.743	1.941	130.027
56000000	8.492	16.183	13.529	7.679	0.2990	1.6069E-2	0.7004	0.3574	0.5458	0.5099	1.4128	1.5747	0.3099	0.2230	0.2784	0.1887	0.3123	0.2390	0.1716	0.2771	0.2826	0.2183	0.1998	0.2992	0.3480	0.1894	0.1662	0.2963	1.2948E-3	1.0256E-3	1.1737E-3	0.7688	3.5104E-2	2.150	1.918	130.596
57000000	8.760	11.329	14.764	9.404	0.1795	6.3906E-2	0.5922	0.3047	0.5211	0.5170	1.4252	1.5803	0.2963	0.2293	0.2774	0.1970	0.3041	0.2408	0.1750	0.2801	0.3008	0.2065	0.2053	0.2875	0.3544	0.1931	0.1544	0.2981	1.159E-3	8.221E-4	1.1291E-3	0.6982	-1.0239E-2	2.958	1.975	134.537
58000000	9.440	14.185	15.916	7.841	0.1711	9.5206E-3	0.5656	0.2989	0.4788	0.4876	1.4609	1.6192	0.2981	0.2368	0.2650	0.2000	0.3193	0.2374	0.1627	0.2806	0.2981	0.2143	0.1881	0.2995	0.3457	0.1939	0.1562	0.3042	1.2823E-3	9.4594E-4	1.2009E-3	0.7252	1.1795E-3	3.709	1.945	130.790
59000000	8.065	10.413	13.553	8.155	0.2486	2.9848E-3	0.5584	0.2603	0.5025	0.5253	1.4545	1.5599	0.3026	0.2226	0.2859	0.1889	0.3198	0.2359	0.1737	0.2706	0.2888	0.2066	0.2002	0.3044	0.3496	0.1941	0.1579	0.2985	1.1494E-3	7.7004E-4	1.1123E-3	0.6720	-5.3162E-3	1.612	1.899	134.296
60000000	8.518	13.311	10.968	9.839	0.1784	1.5409E-2	0.7062	0.3737	0.4936	0.4892	1.4780	1.5830	0.3118	0.2236	0.2717	0.1930	0.3156	0.2360	0.1699	0.2785	0.3009	0.2218	0.1898	0.2875	0.3474	0.1878	0.1655	0.2992	1.2211E-3	9.2751E-4	1.1183E-3	0.7265	1.8589E-2	1.662	1.947	136.799
61000000	10.226	12.056	13.426	7.842	0.1852	9.442E-2	0.5262	0.3373	0.5548	0.5163	1.3682	1.6064	0.2970	0.2353	0.2869	0.1808	0.3266	0.2326	0.1722	0.2685	0.2902	0.2121	0.2002	0.2975	0.3393	0.1933	0.1594	0.3080	1.2032E-3	7.5571E-4	1.1254E-3	0.6168	1.0567E-2	2.014	2.048	133.225
62000000	8.112	10.597	12.673	7.231	0.2810	8.9884E-2	0.5314	0.4211	0.5350	0.5230	1.4309	1.5527	0.3102	0.2327	0.2743	0.1828	0.3172	0.2354	0.1695	0.2779	0.2875	0.2162	0.1999	0.2963	0.3430	0.1936	0.1625	0.3008	1.2274E-3	8.6032E-4	1.1757E-3	0.6695	1.0347E-2	4.131	1.948	132.672
63000000	8.076	12.608	16.183	9.420	0.1886	3.0307E-2	0.4536	0.3425	0.5208	0.5368	1.4009	1.5855	0.2940	0.2336	0.2713	0.2011	0.3159	0.2406	0.1744	0.2690	0.2789	0.2181	0.2014	0.3016	0.3607	0.1915	0.1577	0.2902	1.2785E-3	9.6529E-4	1.2241E-3	0.7752	1.1118E-2	3.366	1.958	129.718
64000000	8.914	11.402	16.071	8.635	0.2362	6.2367E-2	0.8035	0.2386	0.5471	0.5307	1.3756	1.5911	0.3026	0.2381	0.2705	0.1888	0.3253	0.2326	0.1617	0.2804	0.2831	0.2135	0.1877	0.3157	0.3417	0.1919	0.1661	0.3003	1.198E-3	8.9973E-4	1.1401E-3	0.7408	-1.517E-3	4.659	2.139	132.237
65000000	9.018	13.449	14.147	8.747	7.1829E-2	7.1645E-3	0.6124	0.3950	0.4848	0.5061	1.3765	1.6841	0.2982	0.2308	0.2827	0.1883	0.3163	0.2407	0.1745	0.2685	0.2820	0.2218	0.1918	0.3044	0.3522	0.1890	0.1653	0.2935	1.3122E-3	1.0363E-3	1.2143E-3	0.7781	2.5883E-2	3.548	2.008	130.823
66000000	7.500	12.209	13.534	8.189	0.2370	2.2169E-2	0.4505	0.3394	0.5867	0.5045	1.4543	1.4914	0.3058	0.2254	0.2720	0.1967	0.3088	0.2381	0.1704	0.2828	0.2951	0.2057	0.1942	0.3051	0.3489	0.1909	0.1562	0.3040	1.173E-3	8.7756E-4	1.1287E-3	0.7136	2.8243E-2	2.675	2.008	132.179
67000000	9.900	13.299	12.276	10.706	0.1756	6.1542E-2	0.5770	0.3631	0.4782	0.4846	1.3800	1.7107	0.3022	0.2248	0.2804	0.1926	0.3133	0.2378	0.1704	0.2785	0.2916	0.2089	0.1948	0.3047	0.3421	0.1979	0.1578	0.3022	1.2654E-3	8.624E-4	1.213E-3	0.7100	-2.3753E-2	3.404	1.896	126.563
68000000	9.339	14.615	13.664	8.811	0.2724	9.5093E-2	0.5576	0.4467	0.5400	0.5006	1.3780	1.6286	0.3127	0.2302	0.2780	0.1790	0.3201	0.2327	0.1644	0.2827	0.2957	0.2059	0.1912	0.3072	0.3482	0.1857	0.1583	0.3078	1.2873E-3	9.0595E-4	1.2234E-3	0.7195	1.9739E-3	3.304	1.977	127.256
69000000	10.226	12.636	11.920	7.860	0.1144	4.5902E-2	0.5120	0.4310	0.5102	0.4815	1.4188	1.6375	0.3042	0.2238	0.2757	0.1963	0.3220	0.2423	0.1682	0.2674	0.2868	0.2079	0.1957	0.3096	0.3413	0.1947	0.1595	0.3045	1.2574E-3	9.2911E-4	1.1604E-3	0.7178	1.4895E-2	1.985	1.942	129.297
70000000	8.754	11.351	12.655	7.378	0.1925	0.1125	0.6028	0.3522	0.5359	0.4987	1.4085	1.6022	0.2964	0.2340	0.2782	0.1914	0.3159	0.2331	0.1728	0.2782	0.2807	0.2288	0.1930	0.2974	0.3486	0.2034	0.1543	0.2937	1.2461E-3	8.8321E-4	1.1577E-3	0.6882	-1.7746E-2	2.388	1.950	134.188
71000000	8.966	12.732	12.762	8.723	0.2285	2.2026E-2	0.5889	0.3916	0.5254	0.5094	1.4206	1.5888	0.2953	0.2312	0.2797	0.1937	0.3279	0.2275	0.1715	0.2732	0.2904	0.2165	0.1969	0.2962	0.3477	0.1974	0.1633	0.2916	1.2406E-3	8.1446E-4	1.1576E-3	0.6472	-1.2124E-2	1.767	1.861	134.933
72000000	9.576	11.302	12.149	8.588	0.1407	8.1874E-2	0.4944	0.3985	0.4901	0.4550	1.4526	1.6514	0.2914	0.2401	0.2776	0.1909	0.3077	0.2433	0.1790	0.2700	0.2928	0.2157	0.1942	0.2973	0.3503	0.1944	0.1620	0.2933	1.2306E-3	8.3961E-4	1.1677E-3	0.6641	-1.1242E-2	1.445	2.004	133.383
73000000	9.171	12.795	17.173	8.799	0.1660	5.0259E-2	0.8237	0.2779	0.4998	0.4848	1.4569	1.6040	0.3060	0.2247	0.2686	0.2008	0.3144	0.2288	0.1789	0.2779	0.2913	0.2192	0.1937	0.2958	0.3438	0.1858	0.1654	0.3049	1.2863E-3	9.3262E-4	1.204E-3	0.7300	2.7252E-2	6.604	1.922	132.998
74000000	10.121	15.696	13.321	8.496	0.1578	1.662E-2	0.5938	0.3858	0.5073	0.4537	1.4415	1.6462	0.2914	0.2408	0.2816	0.1862	0.3093	0.2300	0.1813	0.2794	0.3034	0.2117	0.1925	0.2924	0.3463	0.1903	0.1601	0.3033	1.259E-3	9.0366E-4	1.1838E-3	0.7264	2.6242E-2	2.409	2.031	128.071
75000000	7.441	14.931	13.892	8.692	0.1905	9.7109E-2	0.4757	0.3801	0.5218	0.4730	1.4030	1.6512	0.2935	0.2305	0.2820	0.1941	0.3089	0.2437	0.1727	0.2747	0.2896	0.2007	0.1991	0.3106	0.3524	0.1891	0.1706	0.2880	1.2145E-3	9.3729E-4	1.1533E-3	0.7595	1.9749E-2	2.855	1.900	128.586
76000000	9.880	16.508	14.386	8.085	0.2678	5.7836E-2	0.6724	0.3904	0.5638	0.4877	1.4409	1.5489	0.2980	0.2311	0.2821	0.1888	0.3214	0.2302	0.1649	0.2835	0.2942	0.2215	0.1893	0.2949	0.3467	0.1890	0.1649	0.2993	1.2282E-3	6.7287E-4	1.1812E-3	0.5447	-8.5086E-3	2.430	1.915	130.209
77000000	7.925	16.759	14.098	8.383	0.2126	5.7268E-3	0.7865	0.3911	0.5187	0.4951	1.4086	1.6245	0.2981	0.2280	0.2842	0.1897	0.3130	0.2440	0.1694	0.2736	0.2859	0.2175	0.1955	0.3011	0.3397	0.1949	0.1661	0.2993	1.1987E-3	7.3345E-4	1.1647E-3	0.5975	7.4015E-3	2.506	2.073	131.228
78000000	11.108	11.439	14.588	8.996	0.3530	4.5811E-2	0.6233	0.3107	0.5061	0.4750	1.4629	1.6013	0.3070	0.2322	0.2733	0.1875	0.3241	0.2371	0.1723	0.2665	0.2930	0.2116	0.1988	0.2966	0.3357	0.1895	0.1621	0.3128	1.2426E-3	9.1954E-4	1.1808E-3	0.7339	-2.0479E-3	4.557	1.987	130.769
79000000	9.859	12.730	13.439	9.148	0.1741	0.1038	0.5518	0.3601	0.5009	0.4741	1.4417	1.6308	0.3000	0.2228	0.2842	0.1929	0.3190	0.2328	0.1741	0.2741	0.2997	0.2174	0.1996	0.2833	0.3545	0.1962	0.1567	0.2927	1.3694E-3	1.1477E-3	1.2618E-3	0.8078	2.921E-2	1.592	1.869	124.982
80000000	7.855	14.788	15.377	7.886	0.2337	4.2676E-2	0.5084	0.3564	0.5256	0.5156	1.3891	1.6160	0.2963	0.2272	0.2791	0.1973	0.3208	0.2338	0.1692	0.2762	0.2989	0.2084	0.1920	0.3007	0.3492	0.2000	0.1574	0.2934	1.2344E-3	8.5838E-4	1.1719E-3	0.6651	-3.2594E-3	3.476	1.938	131.196
81000000	7.977	13.067	15.384	9.139	0.4032	1.6695E-2	0.5941	0.4299	0.5214	0.4716	1.4350	1.6186	0.3092	0.2338	0.2781	0.1789	0.3175	0.2289	0.1741	0.2795	0.2921	0.2188	0.1927	0.2964	0.3361	0.1976	0.1622	0.3041	1.2403E-3	9.1607E-4	1.1557E-3	0.7362	-5.5779E-3	3.232	1.926	131.358
82000000	9.498	12.490	16.675	7.158	0.1918	1.0923E-2	0.5599	0.3468	0.5283	0.4830	1.4095	1.6263	0.3107	0.2237	0.2777	0.1878	0.3061	0.2504	0.1718	0.2717	0.2855	0.2199	0.1935	0.3010	0.3470	0.1895	0.1734	0.2901	1.1817E-3	8.7749E-4	1.1344E-3	0.7469	-2.2763E-3	2.249	1.940	134.907
83000000	8.137	14.475	13.944	8.907	2.036E-2	7.9213E-2	0.3789	0.4360	0.5088	0.5247	1.4287	1.5816	0.3065	0.2277	0.2731	0.1927	0.3180	0.2373	0.1684	0.2763	0.2814	0.2113	0.2027	0.3046	0.3278	0.1969	0.1659	0.3094	1.271E-3	1.0123E-3	1.237E-3	0.7828	1.3023E-2	2.323	1.867	126.496
84000000	9.215	12.259	13.787	8.369	0.1642	2.1217E-2	0.5890	0.3399	0.5110	0.4932	1.4633	1.5759	0.3125	0.2206	0.2709	0.1959	0.3139	0.2395	0.1688	0.2777	0.2836	0.2063	0.1998	0.3103	0.3533	0.1872	0.1610	0.2985	1.2746E-3	8.1792E-4	1.1821E-3	0.6318	-6.3905E-3	2.773	1.935	129.502
85000000	11.507	12.790	13.110	8.585	0.1358	2.1228E-2	0.7181	0.3393	0.5019	0.5242	1.4266	1.5918	0.3007	0.2270	0.2784	0.1939	0.3153	0.2461	0.1627	0.2758	0.2987	0.2166	0.1983	0.2863	0.3502	0.1903	0.1648	0.2947	1.1971E-3	7.9409E-4	1.1523E-3	0.6739	-2.4576E-2	2.715	1.897	131.465
86000000	9.764	14.422	13.679	6.810	0.2376	2.19E-2	0.5945	0.5607	0.5019	0.4440	1.4462	1.6573	0.3020	0.2290	0.2785	0.1905	0.3118	0.2386	0.1736	0.2760	0.2801	0.2177	0.1997	0.3025	0.3388	0.1924	0.1680	0.3008	1.2264E-3	9.1232E-4	1.1616E-3	0.7236	3.1055E-2	2.533	1.932	134.513
87000000	10.167	14.285	14.472	9.068	0.1494	1.5034E-2	0.6446	0.3016	0.5549	0.4831	1.3357	1.6774	0.3089	0.2293	0.2740	0.1878	0.3227	0.2381	0.1667	0.2725	0.2839	0.2118	0.1923	0.3120	0.3481	0.1907	0.1607	0.3005	1.2814E-3	9.1592E-4	1.1797E-3	0.6970	1.337E-2	3.056	1.987	128.310
88000000	9.231	12.483	15.562	8.982	0.1673	5.3992E-3	0.7565	0.3530	0.5522	0.4888	1.4752	1.5232	0.3014	0.2217	0.2808	0.1960	0.3291	0.2416	0.1607	0.2686	0.2872	0.2139	0.2075	0.2913	0.3508	0.1919	0.1616	0.2956	1.2117E-3	8.1312E-4	1.1322E-3	0.6779	2.4818E-2	3.792	1.986	131.228
89000000	10.153	11.250	15.554	9.802	0.1761	1.1026E-2	0.7144	0.3751	0.5598	0.5067	1.4592	1.5130	0.3027	0.2274	0.2827	0.1872	0.3180	0.2386	0.1714	0.2720	0.2950	0.2199	0.1883	0.2968	0.3409	0.1899	0.1614	0.3078	1.2554E-3	9.0212E-4	1.161E-3	0.7142	1.0764E-2	2.215	2.125	130.540
90000000	8.473	12.464	11.266	8.677	0.2220	4.3361E-2	0.6434	0.3726	0.4481	0.5822	1.4792	1.5304	0.3062	0.2297	0.2688	0.1953	0.3157	0.2394	0.1691	0.2757	0.2941	0.2106	0.1943	0.3010	0.3481	0.1972	0.1627	0.2920	1.2347E-3	7.937E-4	1.1952E-3	0.6825	2.8053E-2	2.671	1.938	131.671
91000000	7.408	12.988	13.851	9.767	0.2460	2.7434E-2	0.5967	0.3902	0.5106	0.5044	1.3879	1.6456	0.3051	0.2246	0.2734	0.1969	0.3130	0.2408	0.1725	0.2738	0.2790	0.2112	0.2027	0.3071	0.3570	0.1847	0.1620	0.2963	1.2409E-3	9.4149E-4	1.1776E-3	0.7420	-2.9612E-2	0.641	2.059	130.116
92000000	10.644	12.683	15.683	9.270	0.1396	5.1546E-2	0.5686	0.4366	0.5643	0.4823	1.4532	1.5409	0.3104	0.2198	0.2755	0.1943	0.3132	0.2367	0.1777	0.2724	0.3026	0.2135	0.1934	0.2904	0.3537	0.1889	0.1614	0.2960	1.2956E-3	9.2208E-4	1.1859E-3	0.6950	9.3717E-3	1.576	1.927	127.734
93000000	8.859	10.975	16.190	8.971	0.2059	6.8904E-2	0.5574	0.4297	0.5323	0.4672	1.4695	1.5742	0.3014	0.2293	0.2752	0.1941	0.3066	0.2413	0.1743	0.2778	0.2905	0.2050	0.1948	0.3097	0.3346	0.1906	0.1723	0.3025	1.2349E-3	8.8054E-4	1.177E-3	0.7223	-8.8453E-3	2.092	1.975	128.454
94000000	7.590	11.266	13.557	8.802	0.2826	0.1055	0.5966	0.3381	0.5522	0.5106	1.4361	1.5419	0.2965	0.2293	0.2796	0.1946	0.3151	0.2314	0.1688	0.2847	0.2951	0.2177	0.1934	0.2938	0.3459	0.1843	0.1599	0.3099	1.1788E-3	8.103E-4	1.1414E-3	0.6736	9.3468E-3	2.646	1.959	130.965
95000000	9.729	10.412	14.589	8.713	0.1473	3.1938E-2	0.6127	0.3376	0.5370	0.5071	1.3595	1.6448	0.2954	0.2426	0.2730	0.1891	0.3089	0.2418	0.1738	0.2755	0.2966	0.2138	0.1816	0.3080	0.3368	0.1945	0.1618	0.3069	1.2777E-3	9.6304E-4	1.2334E-3	0.7402	2.5614E-2	3.274	1.900	127.244
96000000	9.568	11.720	12.828	8.913	0.1801	2.7827E-2	0.5697	0.3316	0.5216	0.4953	1.3809	1.6511	0.2924	0.2320	0.2844	0.1911	0.3230	0.2294	0.1611	0.2866	0.2893	0.2258	0.1904	0.2946	0.3473	0.2006	0.1594	0.2927	1.2581E-3	7.8007E-4	1.2202E-3	0.6161	-9.7945E-6	2.103	1.984	128.972
97000000	8.669	13.012	12.707	8.168	0.1326	4.6338E-2	0.6639	0.3761	0.5576	0.5482	1.4188	1.5140	0.3082	0.2328	0.2759	0.1831	0.3183	0.2405	0.1729	0.2683	0.2780	0.2215	0.1978	0.3028	0.3369	0.1963	0.1685	0.2983	1.1934E-3	7.2523E-4	1.1442E-3	0.6163	3.3577E-2	3.366	1.867	131.795
98000000	7.588	15.184	11.826	8.450	0.2833	4.2523E-3	0.8732	0.3612	0.5472	0.4902	1.3801	1.6299	0.3051	0.2256	0.2868	0.1825	0.3127	0.2454	0.1675	0.2744	0.2875	0.2175	0.2003	0.2948	0.3499	0.1843	0.1611	0.3048	1.2598E-3	8.7691E-4	1.1699E-3	0.7010	-4.4466E-3	2.058	1.928	135.100
99000000	12.031	13.846	15.935	7.687	0.3337	5.0091E-3	0.5278	0.3840	0.5011	0.4697	1.4256	1.6528	0.3097	0.2233	0.2781	0.1888	0.3142	0.2254	0.1718	0.2885	0.2984	0.2143	0.1960	0.2912	0.3414	0.1845	0.1620	0.3122	1.2769E-3	1.0329E-3	1.2052E-3	0.8142	-1.3975E-2	3.207	2.053	128.663
100000000	8.560	13.589	13.328	9.134	0.4051	4.1593E-2	0.5667	0.3680	0.5240	0.5471	1.3789	1.5948	0.3047	0.2194	0.2851	0.1909	0.3108	0.2377	0.1771	0.2743	0.2852	0.2249	0.1987	0.2912	0.3363	0.1945	0.1621	0.3071	1.2647E-3	9.1854E-4	1.2179E-3	0.7409	3.8475E-3	2.193	1.917	126.687
101000000	8.079	11.518	17.628	8.175	0.2260	3.1197E-2	0.5638	0.3412	0.5202	0.4682	1.4300	1.6289	0.2990	0.2238	0.2813	0.1960	0.3207	0.2389	0.1657	0.2747	0.2863	0.2274	0.1902	0.2962	0.3540	0.1818	0.1644	0.2998	1.3849E-3	1.066E-3	1.2815E-3	0.7714	-1.7074E-2	2.926	1.912	124.847
102000000	9.192	15.017	11.997	8.091	0.2512	5.4278E-2	0.5232	0.3774	0.5330	0.5151	1.3860	1.6119	0.3045	0.2251	0.2802	0.1903	0.3041	0.2438	0.1737	0.2784	0.2958	0.2070	0.1932	0.3040	0.3435	0.1996	0.1618	0.2950	1.3875E-3	1.127E-3	1.2736E-3	0.8241	-3.2005E-3	2.551	2.011	125.162
103000000	10.273	11.578	14.147	7.991	0.1122	7.1167E-2	0.4659	0.4066	0.5739	0.4919	1.3716	1.6084	0.3039	0.2276	0.2674	0.2011	0.3110	0.2365	0.1777	0.2747	0.2902	0.2214	0.1888	0.2996	0.3495	0.1958	0.1503	0.3043	1.2011E-3	8.8859E-4	1.1442E-3	0.7394	1.9168E-2	2.506	1.950	132.374
104000000	7.605	11.087	14.150	7.434	0.1617	6.0347E-2	0.5219	0.3931	0.5169	0.5240	1.4241	1.5785	0.3055	0.2165	0.2853	0.1927	0.3069	0.2472	0.1719	0.2741	0.2844	0.2141	0.1970	0.3045	0.3372	0.2076	0.1555	0.2997	1.2261E-3	8.8243E-4	1.134E-3	0.7664	3.8816E-2	2.854	1.885	133.388
105000000	9.609	14.129	13.992	10.561	0.2129	1.0879E-2	0.5188	0.3245	0.5550	0.5176	1.4910	1.4719	0.3026	0.2326	0.2762	0.1886	0.3207	0.2355	0.1650	0.2789	0.2950	0.2131	0.1886	0.3033	0.3470	0.1968	0.1544	0.3018	1.1565E-3	9.0326E-4	1.117E-3	0.8025	2.8116E-2	2.421	1.947	132.675
106000000	10.514	14.801	12.581	7.313	0.2416	3.1947E-2	0.6266	0.3324	0.5232	0.4951	1.4078	1.6207	0.3092	0.2315	0.2746	0.1847	0.3214	0.2263	0.1790	0.2734	0.2896	0.2077	0.1894	0.3133	0.3580	0.1946	0.1636	0.2838	1.2386E-3	8.9321E-4	1.1794E-3	0.7339	9.7967E-3	3.876	1.942	130.835
107000000	8.894	12.617	14.111	7.691	0.1538	7.4082E-3	0.5440	0.3248	0.5343	0.5248	1.3741	1.6129	0.3040	0.2295	0.2742	0.1923	0.3125	0.2417	0.1716	0.2742	0.2863	0.2215	0.1891	0.3032	0.3426	0.2005	0.1659	0.2910	1.1249E-3	8.8239E-4	1.0637E-3	0.8086	6.5001E-2	3.211	2.045	135.700
108000000	8.505	17.962	15.968	8.180	0.1163	3.9895E-2	0.5287	0.3847	0.5520	0.5042	1.3803	1.6094	0.3012	0.2345	0.2768	0.1875	0.3087	0.2440	0.1641	0.2832	0.2889	0.2128	0.1973	0.3010	0.3449	0.1972	0.1521	0.3057	1.2413E-3	8.1094E-4	1.2052E-3	0.7021	1.0442E-2	3.217	1.960	127.242
109000000	8.717	9.569	11.937	9.216	0.2165	7.9747E-2	0.5914	0.4491	0.5392	0.4652	1.4788	1.5587	0.3011	0.2416	0.2729	0.1844	0.3246	0.2359	0.1738	0.2658	0.2880	0.2109	0.2017	0.2994	0.3468	0.1905	0.1575	0.3052	1.2422E-3	9.5809E-4	1.1829E-3	0.8232	1.5882E-2	1.787	1.969	129.324
110000000	9.488	16.287	16.918	8.106	0.2496	4.0797E-2	0.5673	0.3751	0.5457	0.5189	1.3833	1.5971	0.3101	0.2300	0.2743	0.1856	0.3137	0.2364	0.1844	0.2654	0.2877	0.2160	0.1912	0.3051	0.3422	0.1928	0.1676	0.2974	1.3339E-3	1.0112E-3	1.2283E-3	0.7998	3.6614E-2	3.984	1.901	125.408
111000000	8.247	10.605	14.245	8.898	0.2536	4.6176E-2	0.7281	0.4574	0.5547	0.5154	1.4260	1.5450	0.3032	0.2285	0.2767	0.1917	0.3137	0.2361	0.1630	0.2873	0.2978	0.2131	0.1851	0.3039	0.3370	0.1958	0.1660	0.3013	1.268E-3	8.4817E-4	1.2235E-3	0.6958	-1.0912E-2	3.405	1.905	127.046
112000000	10.935	14.794	17.372	7.921	0.2594	9.8486E-2	0.6594	0.4617	0.5760	0.4746	1.5133	1.4716	0.2921	0.2266	0.2849	0.1964	0.3117	0.2397	0.1764	0.2722	0.2923	0.2180	0.1942	0.2954	0.3433	0.1991	0.1643	0.2933	1.2443E-3	8.7715E-4	1.1713E-3	0.7363	5.4436E-3	3.145	2.013	130.154
113000000	9.212	11.543	12.428	8.778	0.2303	9.7858E-2	0.5038	0.3725	0.5069	0.4771	1.4512	1.6108	0.2951	0.2385	0.2775	0.1889	0.3191	0.2396	0.1691	0.2722	0.2887	0.2053	0.2081	0.2980	0.3553	0.1906	0.1562	0.2979	1.2815E-3	9.068E-4	1.2136E-3	0.7144	5.805E-3	2.623	1.924	126.160
114000000	8.139	10.095	15.220	8.345	8.7078E-2	3.7075E-2	0.5215	0.3733	0.5690	0.4705	1.4423	1.5604	0.3037	0.2369	0.2707	0.1886	0.3003	0.2506	0.1750	0.2740	0.2902	0.2081	0.2013	0.3003	0.3425	0.1979	0.1709	0.2887	1.3032E-3	9.36E-4	1.2248E-3	0.7208	2.7645E-4	1.216	1.972	126.359
115000000	9.776	12.897	13.280	7.502	0.3561	6.9772E-2	0.5007	0.2579	0.5241	0.5024	1.4565	1.5590	0.2977	0.2262	0.2837	0.1925	0.3138	0.2299	0.1756	0.2807	0.3023	0.2187	0.1979	0.2811	0.3495	0.1976	0.1632	0.2898	1.2906E-3	9.3419E-4	1.1868E-3	0.6847	2.1263E-2	2.022	1.924	130.236
116000000	9.590	11.090	12.368	8.461	0.2353	9.8977E-3	0.6300	0.3435	0.5173	0.4962	1.3977	1.6367	0.3150	0.2280	0.2672	0.1898	0.3139	0.2363	0.1703	0.2796	0.2837	0.2136	0.2037	0.2991	0.3313	0.1982	0.1672	0.3033	1.2477E-3	8.9691E-4	1.181E-3	0.7269	1.6286E-2	1.335	2.013	128.956
117000000	7.410	13.229	13.523	9.933	0.1267	1.0805E-2	0.6840	0.3667	0.4927	0.5097	1.3268	1.7255	0.3092	0.2255	0.2699	0.1955	0.3135	0.2393	0.1697	0.2774	0.2911	0.2180	0.1953	0.2955	0.3436	0.1952	0.1604	0.3007	1.2134E-3	7.9263E-4	1.1567E-3	0.6481	-1.3844E-2	1.997	1.997	133.284
118000000	7.977	15.777	13.671	8.795	0.2249	5.962E-2	0.4668	0.3061	0.5649	0.4868	1.3746	1.6203	0.3017	0.2367	0.2628	0.1988	0.3209	0.2306	0.1694	0.2791	0.2889	0.2152	0.1861	0.3099	0.3470	0.1898	0.1620	0.3012	1.1482E-3	8.0281E-4	1.12E-3	0.7121	2.9767E-4	2.792	2.036	132.011
119000000	8.918	12.509	13.112	8.271	0.1331	8.0174E-2	0.6901	0.3216	0.5073	0.5236	1.3696	1.6483	0.2977	0.2279	0.2783	0.1961	0.3157	0.2429	0.1737	0.2677	0.2918	0.2205	0.1907	0.2969	0.3428	0.1975	0.1672	0.2925	1.2812E-3	9.0108E-4	1.2162E-3	0.7076	1.0064E-3	3.173	1.981	129.660
120000000	9.019	12.227	14.608	7.479	0.2450	3.2486E-2	0.5002	0.3834	0.5242	0.4915	1.4218	1.6083	0.3101	0.2256	0.2780	0.1862	0.3298	0.2264	0.1733	0.2705	0.2807	0.2120	0.2006	0.3067	0.3557	0.1865	0.1527	0.3051	1.1744E-3	8.1435E-4	1.1148E-3	0.7177	-6.406E-3	2.290	1.919	133.274
121000000	9.083	11.215	13.993	9.674	0.1803	2.7956E-2	0.5083	0.3038	0.5364	0.5022	1.3745	1.6346	0.2982	0.2268	0.2802	0.1948	0.3156	0.2424	0.1649	0.2771	0.2910	0.2093	0.1971	0.3027	0.3359	0.1918	0.1709	0.3014	1.2524E-3	1.0192E-3	1.1335E-3	0.8289	3.162E-2	1.585	1.887	131.605
122000000	8.557	13.020	12.619	7.341	0.1258	5.15E-2	0.6013	0.3425	0.5228	0.4942	1.4406	1.5865	0.3034	0.2273	0.2787	0.1906	0.3127	0.2422	0.1739	0.2712	0.2876	0.2194	0.1907	0.3023	0.3397	0.2051	0.1659	0.2893	1.2895E-3	9.0679E-4	1.2132E-3	0.7176	-1.3602E-2	1.712	1.974	132.328
123000000	9.771	12.498	13.005	8.336	0.2562	9.8518E-2	0.5464	0.3723	0.4748	0.4854	1.4535	1.6340	0.3078	0.2297	0.2799	0.1826	0.3206	0.2386	0.1726	0.2682	0.2918	0.2189	0.1934	0.2959	0.3522	0.1886	0.1707	0.2885	1.2325E-3	9.9373E-4	1.1527E-3	0.8059	-3.0893E-2	2.731	1.920	126.823
124000000	8.353	12.188	13.656	8.139	0.3482	5.3433E-2	0.7803	0.4154	0.5037	0.4967	1.4996	1.5407	0.2948	0.2222	0.2880	0.1950	0.3172	0.2376	0.1796	0.2655	0.2918	0.2221	0.1960	0.2902	0.3480	0.1900	0.1635	0.2985	1.2259E-3	9.8433E-4	1.1454E-3	0.7912	8.6183E-4	2.956	1.996	129.807
125000000	8.959	15.357	11.865	8.984	0.1120	6.7983E-2	0.5655	0.3000	0.4896	0.5377	1.4325	1.5842	0.2938	0.2219	0.2764	0.2079	0.3174	0.2373	0.1766	0.2687	0.2839	0.2112	0.1965	0.3083	0.3505	0.1953	0.1738	0.2803	1.2987E-3	1.101E-3	1.1483E-3	0.8121	2.3214E-2	1.175	2.033	128.140
126000000	9.751	11.028	10.443	8.785	0.1478	6.7619E-2	0.8399	0.4214	0.5612	0.5271	1.3599	1.5968	0.3037	0.2343	0.2778	0.1842	0.3277	0.2371	0.1710	0.2642	0.2906	0.2113	0.1868	0.3113	0.3439	0.1914	0.1658	0.2989	1.2987E-3	9.6703E-4	1.2191E-3	0.7311	2.9216E-2	2.652	1.920	127.908
127000000	9.152	13.490	13.542	8.658	0.1365	8.3098E-2	0.5071	0.2714	0.5466	0.4650	1.4632	1.5678	0.3028	0.2302	0.2762	0.1907	0.3195	0.2269	0.1718	0.2818	0.2885	0.2180	0.1937	0.2998	0.3469	0.2000	0.1566	0.2965	1.2095E-3	8.4536E-4	1.1619E-3	0.7172	-2.4763E-2	1.632	1.960	132.883
128000000	9.969	11.838	14.649	7.596	0.1704	0.1344	0.5477	0.4307	0.5415	0.4937	1.3971	1.6138	0.2960	0.2305	0.2780	0.1955	0.3086	0.2442	0.1748	0.2723	0.2882	0.2156	0.1923	0.3039	0.3566	0.1935	0.1575	0.2924	1.1933E-3	8.1862E-4	1.1569E-3	0.6867	4.4917E-3	2.783	1.940	131.085
129000000	7.716	12.766	12.130	8.582	0.1809	3.0408E-2	0.5301	0.4463	0.5469	0.5096	1.3768	1.6128	0.3067	0.2194	0.2797	0.1942	0.3182	0.2425	0.1630	0.2763	0.2884	0.2117	0.1966	0.3033	0.3453	0.1917	0.1681	0.2949	1.2211E-3	8.0582E-4	1.1832E-3	0.6913	7.0024E-3	2.059	1.891	129.864
130000000	9.103	14.275	12.855	8.520	0.2091	7.8953E-2	0.4495	0.3910	0.5109	0.5141	1.3816	1.6416	0.2999	0.2235	0.2802	0.1964	0.3185	0.2310	0.1678	0.2827	0.2897	0.2002	0.2083	0.3017	0.3510	0.1873	0.1693	0.2924	1.2622E-3	8.5299E-4	1.217E-3	0.6532	-6.2211E-3	2.737	2.006	126.776
131000000	9.565	11.887	13.485	7.666	0.1629	2.6338E-2	0.6639	0.3855	0.5264	0.5441	1.3922	1.5811	0.3093	0.2273	0.2753	0.1882	0.3166	0.2357	0.1703	0.2775	0.2915	0.2126	0.1877	0.3081	0.3373	0.1985	0.1634	0.3008	1.3023E-3	9.1969E-4	1.2195E-3	0.6994	2.7911E-2	2.270	1.957	128.252
132000000	9.041	13.174	13.566	9.241	4.8358E-2	2.978E-2	0.7151	0.3712	0.5637	0.4993	1.3318	1.6544	0.2975	0.2349	0.2738	0.1938	0.3109	0.2413	0.1697	0.2781	0.2906	0.2181	0.1967	0.2947	0.3520	0.1939	0.1624	0.2917	1.3566E-3	1.0367E-3	1.2601E-3	0.7736	2.9052E-2	3.197	1.943	124.212
133000000	8.716	10.290	13.497	8.874	0.2154	3.6689E-2	0.6753	0.3156	0.5390	0.4817	1.3570	1.6729	0.3065	0.2213	0.2776	0.1947	0.3194	0.2419	0.1648	0.2740	0.2968	0.2132	0.1999	0.2901	0.3450	0.1950	0.1596	0.3004	1.2766E-3	9.3934E-4	1.217E-3	0.7126	4.0234E-2	1.941	1.983	129.601
134000000	9.708	14.690	13.531	7.777	0.1710	1.2102E-2	0.8255	0.3432	0.5927	0.5405	1.4020	1.5027	0.3007	0.2236	0.2735	0.2022	0.3123	0.2339	0.1741	0.2797	0.2961	0.2087	0.1988	0.2964	0.3482	0.1896	0.1640	0.2982	1.315E-3	9.562E-4	1.2331E-3	0.7113	1.9384E-2	2.620	1.939	125.199
135000000	7.139	11.952	11.315	9.470	0.1166	7.0863E-3	0.7404	0.4569	0.5459	0.5136	1.4376	1.5439	0.3027	0.2308	0.2806	0.1859	0.3251	0.2416	0.1617	0.2716	0.2975	0.2150	0.1990	0.2885	0.3415	0.1875	0.1713	0.2996	1.335E-3	9.8499E-4	1.2305E-3	0.7395	3.0841E-3	4.158	1.936	124.862
136000000	9.245	14.189	12.832	8.574	0.1345	0.1013	0.5254	0.3914	0.4990	0.4920	1.4204	1.6365	0.3057	0.2242	0.2722	0.1979	0.3229	0.2278	0.1711	0.2782	0.2959	0.2164	0.1951	0.2926	0.3445	0.1846	0.1704	0.3005	1.2468E-3	8.3781E-4	1.1866E-3	0.6784	5.7507E-3	1.678	2.025	128.205
137000000	9.393	14.431	12.772	8.657	0.2817	2.4352E-2	0.5724	0.3704	0.5172	0.4931	1.4501	1.5836	0.2997	0.2263	0.2833	0.1906	0.3121	0.2357	0.1734	0.2788	0.2825	0.2185	0.1871	0.3120	0.3366	0.1990	0.1626	0.3018	1.1993E-3	8.7816E-4	1.1569E-3	0.7470	1.6018E-2	1.932	2.015	133.150
138000000	8.867	13.276	15.179	8.377	0.1458	2.7001E-2	0.5233	0.3906	0.5184	0.5121	1.3960	1.6200	0.3031	0.2278	0.2744	0.1947	0.3057	0.2454	0.1658	0.2832	0.2909	0.2183	0.1993	0.2915	0.3544	0.1892	0.1612	0.2951	1.2205E-3	8.5604E-4	1.1581E-3	0.6963	9.1423E-4	3.386	1.943	133.068
139000000	12.394	15.282	14.329	7.814	0.1348	2.8628E-2	0.7108	0.3275	0.5430	0.4805	1.4503	1.5690	0.3171	0.2200	0.2665	0.1964	0.3160	0.2415	0.1746	0.2678	0.2863	0.2181	0.1938	0.3017	0.3466	0.1884	0.1601	0.3049	1.284E-3	1.0041E-3	1.1875E-3	0.7722	1.709E-2	1.433	1.962	132.044
140000000	10.358	13.035	13.247	9.235	0.1737	5.3974E-2	0.5706	0.3109	0.5210	0.5015	1.4372	1.5842	0.3008	0.2327	0.2676	0.1989	0.3253	0.2372	0.1605	0.2770	0.2931	0.2107	0.2000	0.2962	0.3396	0.1980	0.1646	0.2978	1.2788E-3	9.058E-4	1.1831E-3	0.7096	7.6011E-3	1.655	1.929	130.070
141000000	8.441	14.446	12.400	9.067	0.2768	3.118E-2	0.5634	0.4387	0.5641	0.4974	1.4206	1.5600	0.3059	0.2307	0.2688	0.1947	0.3162	0.2353	0.1775	0.2710	0.2878	0.2096	0.1983	0.3043	0.3513	0.1976	0.1663	0.2848	1.2581E-3	8.7905E-4	1.1801E-3	0.7032	2.8933E-2	2.937	1.952	126.475
142000000	6.056	12.165	12.312	8.133	0.3063	3.52E-2	0.5695	0.3666	0.5554	0.5313	1.4015	1.5535	0.3099	0.2331	0.2784	0.1786	0.3056	0.2570	0.1643	0.2731	0.2897	0.2189	0.1888	0.3027	0.3358	0.1953	0.1641	0.3049	1.2137E-3	8.1811E-4	1.1506E-3	0.6746	-3.651E-3	2.472	1.965	130.061
143000000	8.885	9.570	13.480	7.691	7.3892E-2	1.214E-2	0.5480	0.3653	0.5163	0.5378	1.4685	1.5162	0.3023	0.2211	0.2844	0.1923	0.3196	0.2374	0.1712	0.2718	0.2944	0.2185	0.1897	0.2974	0.3456	0.1950	0.1562	0.3031	1.2783E-3	8.7586E-4	1.1801E-3	0.6831	7.0511E-3	1.382	1.954	128.073
144000000	8.224	12.339	15.028	7.869	0.3049	6.5377E-2	0.5997	0.3473	0.5326	0.5066	1.3837	1.6241	0.2998	0.2326	0.2657	0.2019	0.3141	0.2337	0.1749	0.2774	0.2865	0.2216	0.1858	0.3062	0.3342	0.1980	0.1707	0.2971	1.3012E-3	9.2344E-4	1.2555E-3	0.7050	6.1465E-3	1.633	1.979	124.344
145000000	8.050	13.650	13.104	9.338	0.1291	9.466E-3	0.5513	0.3546	0.5105	0.4989	1.4704	1.5625	0.3094	0.2364	0.2655	0.1887	0.3269	0.2344	0.1691	0.2697	0.2894	0.2158	0.1943	0.3005	0.3513	0.1936	0.1593	0.2958	1.3023E-3	8.6938E-4	1.192E-3	0.6618	-1.2395E-2	1.753	1.916	128.984
146000000	11.651	13.562	14.958	8.549	9.4986E-2	8.1637E-2	0.5409	0.3536	0.5665	0.5320	1.3880	1.5553	0.3040	0.2176	0.2931	0.1853	0.3105	0.2360	0.1757	0.2777	0.2986	0.2069	0.2018	0.2927	0.3463	0.2034	0.1524	0.2980	1.3192E-3	9.4658E-4	1.2362E-3	0.7166	-1.9243E-2	1.644	1.926	126.240
147000000	8.263	12.339	13.660	9.728	0.1749	2.5276E-2	0.7342	0.4463	0.4892	0.5311	1.4939	1.5253	0.2983	0.2439	0.2635	0.1942	0.3168	0.2428	0.1692	0.2711	0.3000	0.2159	0.1874	0.2967	0.3452	0.1900	0.1597	0.3052	1.3041E-3	1.0437E-3	1.2292E-3	0.8119	3.4854E-2	2.063	1.867	125.962
148000000	9.931	15.660	13.486	8.431	0.1392	3.5889E-2	0.7003	0.3560	0.5265	0.4845	1.3587	1.6816	0.3094	0.2341	0.2671	0.1894	0.3187	0.2283	0.1704	0.2825	0.2827	0.2200	0.1931	0.3042	0.3571	0.1912	0.1624	0.2893	1.1468E-3	7.6534E-4	1.1224E-3	0.6722	-2.6863E-3	3.023	1.965	132.456
149000000	7.769	11.376	12.720	8.465	0.3769	4.89E-2	0.6888	0.4658	0.5107	0.4934	1.4691	1.5697	0.2967	0.2327	0.2849	0.1857	0.3189	0.2351	0.1706	0.2754	0.2958	0.2207	0.1852	0.2984	0.3535	0.1870	0.1648	0.2947	1.2022E-3	9.8129E-4	1.1056E-3	0.8341	5.0269E-3	2.174	1.954	133.418
150000000	9.795	17.071	15.010	8.718	0.3542	1.7489E-2	0.5853	0.4664	0.5344	0.4984	1.3962	1.6174	0.3055	0.2232	0.2799	0.1913	0.3207	0.2337	0.1692	0.2763	0.2993	0.2150	0.1920	0.2936	0.3284	0.1942	0.1591	0.3183	1.2735E-3	8.473E-4	1.2005E-3	0.6701	-2.2569E-2	4.258	2.017	130.613
151000000	9.880	12.806	11.294	7.145	0.4217	9.1313E-2	0.6728	0.4603	0.5445	0.4887	1.4269	1.5839	0.3056	0.2222	0.2870	0.1852	0.3174	0.2272	0.1801	0.2753	0.2965	0.2212	0.1957	0.2866	0.3412	0.1894	0.1601	0.3092	1.1075E-3	7.272E-4	1.0712E-3	0.6464	9.2921E-5	1.829	1.958	132.690
152000000	8.306	10.445	14.631	7.904	0.1893	3.7389E-3	0.5920	0.3506	0.6089	0.4673	1.4143	1.5509	0.2905	0.2268	0.2869	0.1958	0.3068	0.2534	0.1541	0.2857	0.2903	0.2160	0.2010	0.2927	0.3337	0.1950	0.1612	0.3100	1.217E-3	7.9824E-4	1.152E-3	0.6957	-4.0825E-2	1.831	2.166	133.959
153000000	10.225	11.168	13.328	9.438	0.1811	0.1301	0.5063	0.3881	0.5106	0.4889	1.3295	1.7255	0.2932	0.2310	0.2798	0.1959	0.3078	0.2498	0.1619	0.2805	0.2890	0.2176	0.1892	0.3042	0.3471	0.1958	0.1621	0.2951	1.2411E-3	8.4287E-4	1.176E-3	0.6861	4.407E-2	2.229	1.936	127.135
154000000	6.778	15.381	14.308	7.674	0.1073	0.1057	0.6772	0.3206	0.5191	0.5241	1.4579	1.5396	0.3287	0.2240	0.2639	0.1834	0.3141	0.2396	0.1630	0.2833	0.3053	0.2112	0.1833	0.3001	0.3438	0.2031	0.1617	0.2914	1.3103E-3	1.0661E-3	1.2041E-3	0.7872	1.1571E-2	2.136	1.937	129.552
155000000	10.106	10.502	11.830	9.193	0.1309	6.8564E-2	0.5964	0.3781	0.5508	0.5129	1.4112	1.5678	0.3087	0.2283	0.2793	0.1838	0.3150	0.2425	0.1682	0.2743	0.2882	0.2185	0.1900	0.3034	0.3530	0.1885	0.1634	0.2951	1.2311E-3	9.0004E-4	1.1625E-3	0.7125	1.3719E-2	3.934	2.068	133.028
156000000	9.444	12.783	13.628	8.624	0.2912	8.6783E-2	0.6611	0.3640	0.5078	0.5139	1.3814	1.6455	0.2981	0.2207	0.2847	0.1964	0.3180	0.2351	0.1704	0.2766	0.2919	0.2182	0.1942	0.2956	0.3505	0.2035	0.1558	0.2903	1.1797E-3	7.5004E-4	1.1477E-3	0.6489	8.7495E-3	2.252	2.010	129.083
157000000	9.822	14.022	13.909	9.903	0.2205	4.0185E-2	0.6089	0.3317	0.5476	0.4932	1.4326	1.5695	0.2936	0.2333	0.2814	0.1916	0.3213	0.2337	0.1781	0.2669	0.2819	0.2078	0.2057	0.3046	0.3503	0.1943	0.1613	0.2940	1.1908E-3	9.4761E-4	1.1333E-3	0.7981	-3.4162E-4	1.647	1.900	131.799
158000000	7.414	12.593	13.271	8.527	0.1191	5.3673E-2	0.6726	0.3165	0.5659	0.5145	1.3594	1.6058	0.3049	0.2336	0.2643	0.1972	0.3216	0.2272	0.1801	0.2710	0.2850	0.2203	0.1929	0.3019	0.3388	0.1934	0.1608	0.3070	1.2291E-3	8.8272E-4	1.1635E-3	0.7516	-1.0485E-2	1.140	1.922	131.871
159000000	8.798	12.994	12.524	10.628	0.2847	5.5977E-2	0.6039	0.3469	0.5351	0.4929	1.4177	1.5994	0.3117	0.2193	0.2702	0.1988	0.3070	0.2343	0.1759	0.2828	0.2974	0.2134	0.2005	0.2887	0.3369	0.1957	0.1653	0.3020	1.3205E-3	9.5155E-4	1.2388E-3	0.7371	2.9006E-2	2.434	1.927	125.089
160000000	8.914	12.671	12.786	8.580	0.3846	5.1703E-3	0.6402	0.3871	0.5177	0.4913	1.4648	1.5691	0.3035	0.2274	0.2609	0.2082	0.3109	0.2420	0.1645	0.2825	0.2933	0.2104	0.1894	0.3069	0.3412	0.1958	0.1598	0.3032	1.2289E-3	1.0434E-3	1.146E-3	0.8013	2.3263E-2	1.341	1.875	130.667
161000000	7.415	16.791	13.933	7.830	0.2534	1.2405E-2	0.6149	0.3503	0.5505	0.5548	1.4191	1.5143	0.3016	0.2228	0.2880	0.1876	0.3189	0.2261	0.1741	0.2809	0.3031	0.2115	0.1931	0.2922	0.3490	0.1877	0.1674	0.2959	1.2446E-3	7.7563E-4	1.1883E-3	0.6142	-3.1468E-2	1.742	1.961	130.006
162000000	10.526	13.117	11.133	8.364	0.1484	8.8268E-3	0.3911	0.4292	0.5315	0.4968	1.4191	1.5976	0.2961	0.2268	0.2781	0.1990	0.3175	0.2432	0.1719	0.2674	0.2851	0.2120	0.2054	0.2976	0.3366	0.1955	0.1651	0.3028	1.2824E-3	9.8121E-4	1.1838E-3	0.7445	-1.3192E-2	3.055	1.976	130.980
163000000	9.835	11.287	11.743	9.275	0.1364	3.7632E-2	0.4874	0.3731	0.4916	0.4907	1.4309	1.6345	0.2994	0.2393	0.2714	0.1900	0.3270	0.2423	0.1704	0.2603	0.2870	0.2191	0.1927	0.3012	0.3462	0.1937	0.1633	0.2968	1.1909E-3	9.3359E-4	1.1451E-3	0.7880	3.6778E-2	3.917	1.971	132.390
164000000	7.213	13.558	12.202	7.532	0.1063	4.7142E-2	0.6041	0.3749	0.5438	0.5296	1.3697	1.6022	0.3036	0.2283	0.2680	0.2000	0.3191	0.2465	0.1719	0.2625	0.2852	0.2171	0.1943	0.3034	0.3435	0.1906	0.1688	0.2971	1.1707E-3	8.7689E-4	1.1346E-3	0.7599	2.3033E-2	3.999	2.010	133.489
165000000	10.740	11.818	11.938	7.967	0.2465	9.7198E-2	0.5610	0.3594	0.5676	0.4687	1.3818	1.6292	0.3049	0.2273	0.2736	0.1941	0.3111	0.2378	0.1769	0.2742	0.2807	0.2137	0.2079	0.2977	0.3436	0.1959	0.1597	0.3008	1.1867E-3	7.4435E-4	1.1506E-3	0.6282	-6.8456E-3	1.758	1.903	133.923
166000000	8.411	11.749	11.904	9.387	0.1025	3.5263E-3	0.6816	0.3340	0.5049	0.4988	1.3857	1.6603	0.3013	0.2305	0.2840	0.1842	0.3104	0.2394	0.1758	0.2743	0.2939	0.2144	0.1911	0.3005	0.3379	0.1991	0.1596	0.3034	1.2776E-3	9.3837E-4	1.2025E-3	0.7250	2.0366E-2	1.241	1.919	132.290
167000000	9.114	11.835	13.549	8.173	0.1565	5.4774E-2	0.6672	0.4015	0.4918	0.4961	1.4293	1.6302	0.2995	0.2411	0.2736	0.1858	0.3200	0.2357	0.1796	0.2647	0.2884	0.2206	0.1937	0.2973	0.3377	0.1980	0.1643	0.3001	1.246E-3	8.4446E-4	1.1733E-3	0.6872	1.7935E-2	1.530	2.092	131.145
168000000	10.563	11.586	14.046	8.938	0.3165	2.801E-2	0.5355	0.4377	0.5415	0.4918	1.4594	1.5487	0.3014	0.2264	0.2713	0.2009	0.3254	0.2320	0.1664	0.2763	0.2952	0.2149	0.1888	0.3011	0.3571	0.1916	0.1607	0.2907	1.2414E-3	9.6695E-4	1.1923E-3	0.7959	1.6281E-3	2.794	1.958	130.081
169000000	7.714	9.283	14.989	9.558	0.1865	5.5179E-2	0.5630	0.4294	0.5392	0.4787	1.4584	1.5664	0.2964	0.2256	0.2796	0.1983	0.3175	0.2373	0.1713	0.2739	0.2827	0.2066	0.1997	0.3110	0.3474	0.2018	0.1700	0.2807	1.2037E-3	8.4601E-4	1.1228E-3	0.7282	1.3006E-2	2.841	1.925	135.054
170000000	8.220	11.992	14.041	8.847	0.2168	0.1103	0.5759	0.3746	0.4874	0.5257	1.5128	1.5125	0.3008	0.2185	0.2906	0.1901	0.3235	0.2380	0.1648	0.2737	0.2972	0.2124	0.1865	0.3040	0.3340	0.1902	0.1620	0.3137	1.2225E-3	8.4267E-4	1.1704E-3	0.7137	2.5174E-2	2.014	1.967	129.745
171000000	9.018	13.117	16.407	8.032	0.1557	9.3012E-2	0.7046	0.3591	0.5463	0.5131	1.4877	1.4897	0.2995	0.2294	0.2722	0.1989	0.3158	0.2369	0.1761	0.2713	0.2881	0.2137	0.1946	0.3036	0.3478	0.1966	0.1618	0.2938	1.1908E-3	7.9588E-4	1.1466E-3	0.6988	3.5838E-2	3.856	2.010	133.200
172000000	8.877	11.010	14.966	7.947	0.1219	1.9004E-2	0.4052	0.4102	0.5390	0.5413	1.3815	1.5819	0.3008	0.2324	0.2812	0.1857	0.3164	0.2414	0.1658	0.2764	0.2907	0.2131	0.1948	0.3014	0.3471	0.1937	0.1712	0.2880	1.2824E-3	1.0296E-3	1.194E-3	0.8422	-3.2225E-3	7.496	2.006	125.110
173000000	9.736	12.959	13.490	8.591	0.2339	7.0765E-2	0.6370	0.4669	0.5042	0.5141	1.4562	1.5682	0.3087	0.2260	0.2746	0.1907	0.3147	0.2391	0.1795	0.2666	0.2858	0.2171	0.1979	0.2992	0.3485	0.1986	0.1610	0.2920	1.1989E-3	1.0039E-3	1.1667E-3	0.8632	-6.2217E-3	1.858	1.871	127.025
174000000	9.750	11.962	12.467	9.973	0.2158	3.1087E-2	0.7600	0.3832	0.5565	0.4959	1.3793	1.6146	0.3114	0.2330	0.2738	0.1817	0.3151	0.2311	0.1747	0.2791	0.2940	0.2028	0.1949	0.3082	0.3521	0.1941	0.1630	0.2909	1.2051E-3	8.5994E-4	1.1385E-3	0.7543	1.6241E-2	2.702	1.859	129.694
175000000	9.814	12.508	12.041	9.499	0.1199	8.0737E-2	0.6469	0.3516	0.5348	0.4621	1.5024	1.5415	0.3006	0.2359	0.2695	0.1940	0.3159	0.2299	0.1746	0.2795	0.2918	0.2162	0.1964	0.2956	0.3528	0.1939	0.1609	0.2924	1.1188E-3	7.4019E-4	1.0939E-3	0.6557	6.7142E-3	2.432	1.948	135.370
176000000	8.889	12.034	15.336	7.695	0.2378	3.363E-3	0.7331	0.3007	0.5698	0.4950	1.3777	1.6028	0.2872	0.2352	0.2783	0.1993	0.3108	0.2314	0.1718	0.2860	0.2832	0.2136	0.1932	0.3100	0.3402	0.1902	0.1715	0.2982	1.2423E-3	8.3649E-4	1.2006E-3	0.6627	1.3652E-2	4.468	2.036	127.055
177000000	7.925	15.147	10.813	8.905	0.2665	3.6768E-2	0.6248	0.3456	0.5339	0.4672	1.3906	1.6578	0.3012	0.2266	0.2723	0.1999	0.3161	0.2351	0.1779	0.2709	0.2870	0.2110	0.1936	0.3085	0.3431	0.1912	0.1568	0.3089	1.3208E-3	1.032E-3	1.211E-3	0.7953	-1.2346E-2	1.782	1.898	128.474
178000000	8.344	14.635	14.432	9.624	0.1970	9.4154E-2	0.6812	0.4465	0.5542	0.5322	1.4400	1.5121	0.3051	0.2204	0.2757	0.1988	0.3159	0.2307	0.1705	0.2829	0.2995	0.2174	0.1855	0.2975	0.3543	0.1942	0.1545	0.2970	1.348E-3	1.0103E-3	1.2254E-3	0.7721	1.7287E-2	2.104	1.912	126.974
179000000	9.657	11.102	11.866	8.568	0.1483	3.178E-2	0.5643	0.3366	0.6013	0.4933	1.3665	1.5827	0.3110	0.2282	0.2747	0.1861	0.3103	0.2367	0.1773	0.2758	0.2884	0.2079	0.1961	0.3076	0.3386	0.1938	0.1684	0.2992	1.2545E-3	9.7693E-4	1.1876E-3	0.7980	1.3227E-2	1.801	1.899	128.723
180000000	8.662	12.137	11.624	9.111	5.5476E-2	9.4476E-2	0.6404	0.4618	0.5353	0.5119	1.3963	1.6017	0.3159	0.2176	0.2822	0.1843	0.3018	0.2548	0.1695	0.2739	0.2985	0.2044	0.2015	0.2956	0.3521	0.1921	0.1721	0.2837	1.2972E-3	9.5835E-4	1.26E-3	0.7543	-9.5336E-3	2.295	2.022	123.287
181000000	10.010	12.122	15.142	9.193	0.2865	1.3903E-2	0.4900	0.4586	0.5250	0.4824	1.3139	1.7339	0.3054	0.2258	0.2757	0.1931	0.3145	0.2427	0.1694	0.2734	0.2905	0.2140	0.1945	0.3010	0.3516	0.1879	0.1693	0.2912	1.363E-3	1.1799E-3	1.2741E-3	0.8344	1.6211E-2	3.188	1.969	123.890
182000000	6.896	14.219	13.023	8.753	0.2552	5.6268E-2	0.5737	0.3371	0.5602	0.5195	1.3780	1.5864	0.3091	0.2234	0.2747	0.1928	0.3178	0.2294	0.1704	0.2824	0.2915	0.2168	0.1930	0.2987	0.3378	0.1931	0.1647	0.3044	1.3318E-3	1.0165E-3	1.2351E-3	0.7358	1.353E-2	2.287	1.904	126.917
183000000	10.914	13.978	13.258	8.430	0.2559	1.3793E-2	0.6373	0.4434	0.5337	0.5383	1.3812	1.5913	0.2999	0.2294	0.2713	0.1993	0.3044	0.2404	0.1765	0.2788	0.2789	0.2142	0.1999	0.3070	0.3560	0.1981	0.1591	0.2868	1.3129E-3	8.8145E-4	1.2316E-3	0.6807	2.9106E-2	2.197	1.914	126.247
184000000	9.141	14.961	12.773	8.421	0.1943	3.6917E-2	0.4437	0.4058	0.5679	0.4500	1.4791	1.5440	0.3034	0.2222	0.2742	0.2002	0.3207	0.2402	0.1709	0.2682	0.2916	0.2253	0.1893	0.2938	0.3440	0.1892	0.1587	0.3081	1.1908E-3	7.634E-4	1.133E-3	0.6325	-2.8593E-2	1.361	1.944	131.741
185000000	11.319	16.248	11.992	9.739	1.0793E-2	6.7814E-2	0.6052	0.3499	0.5233	0.5157	1.4461	1.5568	0.3112	0.2338	0.2674	0.1875	0.3260	0.2334	0.1771	0.2634	0.2975	0.2177	0.1864	0.2984	0.3433	0.1921	0.1642	0.3004	1.2923E-3	1.0724E-3	1.2172E-3	0.8494	1.8397E-2	3.363	1.892	126.261
186000000	10.069	12.323	13.072	9.183	9.3251E-2	0.1501	0.5270	0.3452	0.5004	0.5494	1.4277	1.5651	0.3006	0.2345	0.2766	0.1884	0.3190	0.2298	0.1748	0.2764	0.2846	0.2222	0.1882	0.3049	0.3475	0.1911	0.1590	0.3024	1.2196E-3	7.8686E-4	1.1672E-3	0.6236	2.666E-2	1.732	1.958	130.832
187000000	8.016	16.413	15.151	9.071	0.1874	6.2848E-3	0.6189	0.3372	0.5455	0.5431	1.3687	1.5868	0.3174	0.2221	0.2676	0.1928	0.3128	0.2473	0.1690	0.2710	0.2871	0.2174	0.1993	0.2962	0.3473	0.1978	0.1611	0.2938	1.2719E-3	8.484E-4	1.1991E-3	0.6468	3.2375E-4	2.096	1.896	131.315
188000000	8.506	14.998	12.970	8.352	0.2716	4.7889E-2	0.5335	0.3906	0.5427	0.4894	1.4358	1.5755	0.2971	0.2361	0.2750	0.1918	0.3256	0.2335	0.1649	0.2759	0.2916	0.2242	0.1949	0.2892	0.3446	0.1924	0.1619	0.3011	1.2043E-3	8.8569E-4	1.1561E-3	0.7367	1.3351E-2	2.964	2.024	133.136
189000000	9.479	14.723	14.457	9.683	0.3459	8.5003E-2	0.4872	0.3208	0.5651	0.4974	1.3705	1.6132	0.3036	0.2379	0.2691	0.1894	0.3137	0.2328	0.1787	0.2749	0.3056	0.2171	0.1920	0.2853	0.3466	0.1903	0.1637	0.2994	1.2464E-3	9.4573E-4	1.159E-3	0.7798	-5.0957E-3	2.815	1.926	128.976
190000000	6.764	11.509	16.525	8.351	0.2234	7.4873E-3	0.4242	0.3303	0.5805	0.4669	1.3663	1.6340	0.2938	0.2243	0.2874	0.1945	0.3143	0.2387	0.1680	0.2790	0.2965	0.2139	0.1891	0.3005	0.3480	0.2035	0.1578	0.2907	1.1971E-3	8.0886E-4	1.1387E-3	0.7098	9.5871E-3	2.739	1.948	134.835
191000000	8.108	11.111	17.293	8.129	0.3572	4.9086E-2	0.8143	0.2979	0.5186	0.5205	1.4997	1.4986	0.2947	0.2335	0.2782	0.1936	0.3108	0.2383	0.1730	0.2779	0.2932	0.2223	0.1907	0.2937	0.3444	0.1953	0.1618	0.2986	1.2892E-3	9.978E-4	1.199E-3	0.7747	3.1284E-2	1.921	1.908	128.502
192000000	10.299	11.152	13.326	7.849	0.1851	1.3941E-2	0.8021	0.3048	0.5208	0.4999	1.4614	1.5600	0.3035	0.2212	0.2797	0.1955	0.3182	0.2320	0.1766	0.2732	0.2950	0.2105	0.1975	0.2970	0.3464	0.2009	0.1523	0.3004	1.2729E-3	9.4253E-4	1.1957E-3	0.7411	7.7577E-4	1.864	1.890	129.328
193000000	7.584	17.148	10.985	8.447	0.2591	1.881E-2	0.6454	0.3367	0.5265	0.5029	1.3988	1.6183	0.3004	0.2389	0.2661	0.1945	0.3127	0.2370	0.1754	0.2748	0.2864	0.2210	0.1916	0.3011	0.3492	0.1952	0.1701	0.2855	1.2674E-3	1.0033E-3	1.2053E-3	0.8211	2.7311E-3	3.576	1.886	128.473
194000000	10.428	13.396	11.735	8.713	0.2095	3.6019E-2	0.5154	0.3337	0.4810	0.4840	1.4336	1.6503	0.2955	0.2372	0.2715	0.1958	0.3145	0.2343	0.1639	0.2873	0.2947	0.2079	0.1931	0.3044	0.3400	0.1937	0.1679	0.2983	1.2017E-3	8.4175E-4	1.1389E-3	0.7120	-2.026E-2	1.935	1.923	132.105
195000000	7.865	10.734	11.344	8.722	0.1853	3.7697E-2	0.6640	0.3777	0.5258	0.5111	1.3904	1.6193	0.3127	0.2215	0.2767	0.1892	0.3208	0.2318	0.1713	0.2761	0.2855	0.2167	0.2080	0.2898	0.3485	0.1926	0.1615	0.2975	1.2144E-3	8.492E-4	1.1672E-3	0.7105	-2.1467E-2	5.406	1.987	134.332
196000000	9.074	11.226	13.508	8.894	1.3247E-2	6.9539E-2	0.6493	0.3795	0.5534	0.4802	1.4506	1.5578	0.2948	0.2274	0.2829	0.1949	0.3064	0.2428	0.1762	0.2746	0.2814	0.2188	0.1944	0.3055	0.3362	0.1967	0.1610	0.3061	1.2059E-3	8.9842E-4	1.1334E-3	0.7377	1.4036E-2	1.354	2.093	134.356
197000000	9.266	12.957	12.591	8.761	0.2921	1.4722E-2	0.5506	0.3845	0.5040	0.4661	1.4306	1.6480	0.2975	0.2221	0.2811	0.1993	0.3046	0.2355	0.1758	0.2840	0.2931	0.2146	0.1972	0.2952	0.3407	0.1842	0.1672	0.3079	1.2665E-3	9.4948E-4	1.2051E-3	0.7773	-1.5134E-2	1.723	2.118	130.101
198000000	10.618	11.767	11.992	9.429	0.3939	2.9906E-2	0.6157	0.3765	0.5362	0.5459	1.4418	1.5148	0.3105	0.2308	0.2608	0.1979	0.3182	0.2459	0.1642	0.2718	0.2871	0.2144	0.1986	0.2999	0.3453	0.1871	0.1607	0.3069	1.2533E-3	9.0227E-4	1.1873E-3	0.7409	8.3703E-3	2.260	1.966	132.384
199000000	9.141	12.108	15.203	9.306	0.1109	4.3931E-2	0.8368	0.3990	0.5319	0.4667	1.4088	1.6408	0.3025	0.2299	0.2854	0.1822	0.3060	0.2442	0.1724	0.2774	0.2946	0.2174	0.1885	0.2995	0.3514	0.1905	0.1593	0.2988	1.3082E-3	9.4387E-4	1.24E-3	0.7160	1.9512E-3	3.732	1.884	126.356
200000000	9.211	9.845	11.920	8.681	0.2080	2.605E-2	0.5414	0.3743	0.5084	0.4626	1.4259	1.6521	0.2955	0.2269	0.2762	0.2014	0.3155	0.2397	0.1705	0.2742	0.2786	0.2145	0.2033	0.3036	0.3473	0.2020	0.1555	0.2952	1.226E-3	8.4261E-4	1.1734E-3	0.6691	-1.1171E-2	2.476	1.979	129.491
