state	cp1.kappa	cp2.kappa	cp3.kappa	ig.kappa	cp1.alpha	cp2.alpha	cp3.alpha	ig.alpha	cp1.mu	cp2.mu	cp3.mu	ig.mu	cp1.frequencies1	cp1.frequencies2	cp1.frequencies3	cp1.frequencies4	cp2.frequencies1	cp2.frequencies2	cp2.frequencies3	cp2.frequencies4	cp3.frequencies1	cp3.frequencies2	cp3.frequencies3	cp3.frequencies4	ig.frequencies1	ig.frequencies2	ig.frequencies3	ig.frequencies4	ucld.mean	ucld.stdev	meanRate	coefficientOfVariation	covariance	skygrid.precision	rootHeight	treeLength
1000000	8.632	12.319	13.733	9.816	0.1507	0.1952	0.5865	0.4983	0.6005	0.4921	1.3780	1.5725	0.3073	0.2229	0.2681	0.2017	0.3173	0.2391	0.1716	0.2720	0.2883	0.2095	0.1950	0.3071	0.3479	0.1776	0.1722	0.3023	1.2552E-3	9.0188E-4	1.2085E-3	0.7222	3.887E-2	2.483	2.058	129.449
2000000	9.070	10.955	12.313	9.515	0.1919	5.9759E-2	0.6656	0.3715	0.5654	0.5161	1.4543	1.5019	0.3013	0.2187	0.2779	0.2021	0.2998	0.2442	0.1826	0.2735	0.2848	0.2131	0.1924	0.3097	0.3464	0.1928	0.1562	0.3046	1.2367E-3	8.7409E-4	1.1626E-3	0.6977	-7.0841E-3	2.036	1.911	131.480
3000000	9.408	13.586	14.100	8.462	3.861E-2	5.3171E-2	0.5628	0.3240	0.5455	0.5679	1.3540	1.5759	0.3020	0.2303	0.2828	0.1849	0.3094	0.2432	0.1729	0.2746	0.2979	0.2116	0.1846	0.3058	0.3562	0.1889	0.1542	0.3007	1.2788E-3	9.4566E-4	1.2175E-3	0.7606	-8.4766E-3	2.174	1.987	128.489
4000000	9.499	13.635	13.471	9.984	0.2296	0.1192	0.5247	0.3710	0.5003	0.5039	1.4479	1.5924	0.3114	0.2263	0.2721	0.1902	0.3176	0.2368	0.1675	0.2780	0.2917	0.2129	0.1938	0.3016	0.3537	0.1873	0.1546	0.3044	1.2651E-3	8.3699E-4	1.1992E-3	0.6671	1.2081E-2	1.216	1.973	128.866
5000000	7.826	10.709	13.324	7.779	0.1566	5.8757E-2	0.5648	0.3859	0.5089	0.5398	1.3953	1.6012	0.3006	0.2315	0.2733	0.1946	0.3131	0.2412	0.1701	0.2756	0.2882	0.2158	0.2039	0.2920	0.3514	0.1944	0.1578	0.2964	1.1958E-3	7.9832E-4	1.14E-3	0.6539	-1.9046E-2	2.120	1.939	132.852
6000000	10.510	12.030	13.226	8.495	0.2512	4.8931E-2	0.5903	0.4389	0.6186	0.4863	1.4232	1.5102	0.2924	0.2281	0.2771	0.2023	0.3308	0.2308	0.1688	0.2695	0.2924	0.2141	0.1970	0.2966	0.3429	0.1944	0.1644	0.2983	1.2401E-3	8.6092E-4	1.1815E-3	0.6879	-1.3044E-2	1.699	1.922	133.598
7000000	7.089	11.714	14.400	8.059	0.3706	3.3842E-2	0.5862	0.3416	0.5346	0.5045	1.3756	1.6329	0.2946	0.2347	0.2786	0.1921	0.3229	0.2379	0.1697	0.2694	0.2982	0.2139	0.1927	0.2952	0.3483	0.1898	0.1650	0.2970	1.2304E-3	8.3503E-4	1.1788E-3	0.6905	3.8144E-2	2.374	2.024	128.842
8000000	9.986	14.233	11.573	9.942	0.2751	5.9268E-2	0.5760	0.3713	0.5712	0.4814	1.4605	1.5265	0.2986	0.2286	0.2839	0.1889	0.3306	0.2374	0.1677	0.2643	0.2862	0.2124	0.1939	0.3075	0.3440	0.1935	0.1665	0.2960	1.2255E-3	8.5856E-4	1.1866E-3	0.7110	1.7534E-3	3.233	1.885	128.928
9000000	8.797	13.416	14.776	8.897	0.3649	2.7497E-2	0.8391	0.3023	0.5170	0.5053	1.3629	1.6648	0.3005	0.2196	0.2811	0.1988	0.3301	0.2299	0.1736	0.2664	0.2925	0.2171	0.1954	0.2950	0.3462	0.1983	0.1624	0.2932	1.2684E-3	9.2207E-4	1.1965E-3	0.7468	5.166E-3	1.944	2.097	129.401
10000000	10.538	10.915	14.708	9.634	0.3194	8.4205E-2	0.6482	0.4189	0.5689	0.4816	1.3894	1.6056	0.3034	0.2294	0.2802	0.1870	0.3071	0.2416	0.1765	0.2748	0.2867	0.2070	0.2020	0.3043	0.3472	0.1896	0.1662	0.2970	1.3466E-3	1.0669E-3	1.2297E-3	0.8068	-9.7769E-3	3.232	1.998	126.269
11000000	9.679	11.761	14.770	10.322	0.2907	3.1884E-2	0.4738	0.3664	0.5094	0.5371	1.4279	1.5683	0.3039	0.2195	0.2852	0.1914	0.3133	0.2447	0.1689	0.2730	0.2938	0.2111	0.1908	0.3042	0.3480	0.1985	0.1579	0.2955	1.2807E-3	1.0058E-3	1.1762E-3	0.7818	-7.3402E-3	3.357	1.938	129.102
12000000	8.163	12.810	12.245	9.167	0.2822	5.825E-2	0.5583	0.4198	0.5684	0.5397	1.3863	1.5466	0.3083	0.2266	0.2695	0.1956	0.3076	0.2401	0.1675	0.2848	0.2931	0.2203	0.1954	0.2912	0.3549	0.1892	0.1616	0.2944	1.2351E-3	9.2355E-4	1.1731E-3	0.7320	-5.5277E-3	2.748	1.895	130.482
13000000	10.412	11.836	14.695	8.105	0.2526	6.6021E-2	0.5158	0.4004	0.5353	0.4756	1.4320	1.6024	0.2987	0.2181	0.2870	0.1962	0.2972	0.2514	0.1752	0.2762	0.2815	0.2015	0.2014	0.3156	0.3416	0.1942	0.1713	0.2928	1.2724E-3	9E-4	1.211E-3	0.7025	-1.3099E-2	1.940	1.927	129.008
14000000	8.770	12.129	14.174	7.599	0.1566	1.6375E-2	0.4485	0.4390	0.5233	0.5254	1.4251	1.5691	0.2987	0.2268	0.2777	0.1967	0.3157	0.2318	0.1718	0.2807	0.2971	0.2075	0.1909	0.3046	0.3422	0.2048	0.1586	0.2944	1.2338E-3	8.4066E-4	1.1867E-3	0.7002	-2.4736E-3	1.784	1.938	131.278
15000000	7.572	14.014	12.288	8.504	0.2994	2.4609E-2	0.5293	0.3666	0.5239	0.4953	1.3501	1.6820	0.2912	0.2288	0.2802	0.1997	0.3101	0.2464	0.1684	0.2751	0.2916	0.2121	0.1901	0.3063	0.3459	0.2013	0.1644	0.2884	1.313E-3	9.1876E-4	1.2624E-3	0.7122	3.7947E-2	1.813	1.899	127.805
16000000	8.971	11.655	10.406	7.735	0.1167	5.6064E-2	0.5402	0.3903	0.5239	0.5137	1.3925	1.6163	0.2987	0.2246	0.2765	0.2002	0.3132	0.2382	0.1743	0.2743	0.3000	0.2158	0.1922	0.2920	0.3518	0.1881	0.1643	0.2959	1.3135E-3	9.6882E-4	1.2146E-3	0.7261	-5.0013E-3	3.365	2.021	130.483
17000000	9.037	10.085	15.502	9.700	7.2432E-2	4.203E-2	0.6111	0.3948	0.5454	0.4942	1.4638	1.5371	0.3092	0.2201	0.2747	0.1959	0.3132	0.2478	0.1731	0.2659	0.2973	0.2206	0.1924	0.2897	0.3476	0.1942	0.1625	0.2957	1.209E-3	8.3691E-4	1.1436E-3	0.6754	1.6053E-2	2.501	2.072	133.891
18000000	10.240	13.266	13.313	8.813	7.8592E-2	1.8527E-2	0.5088	0.3340	0.4963	0.5226	1.3830	1.6468	0.2976	0.2387	0.2740	0.1897	0.3127	0.2497	0.1711	0.2665	0.2783	0.2194	0.1986	0.3036	0.3449	0.2012	0.1680	0.2859	1.2583E-3	9.5392E-4	1.1468E-3	0.7684	1.5669E-2	3.236	1.970	128.654
19000000	10.524	13.705	13.685	7.360	0.1661	5.1069E-2	0.5529	0.4291	0.5221	0.5285	1.4051	1.5886	0.2957	0.2449	0.2730	0.1864	0.3056	0.2357	0.1864	0.2723	0.2873	0.2180	0.1963	0.2984	0.3525	0.1854	0.1652	0.2969	1.3074E-3	1.0258E-3	1.2229E-3	0.8191	-5.1483E-3	2.794	2.104	128.069
20000000	7.542	11.956	13.850	8.956	0.4631	7.5655E-2	0.6194	0.3723	0.5134	0.5043	1.4343	1.5925	0.2928	0.2228	0.2898	0.1947	0.3213	0.2355	0.1706	0.2726	0.2854	0.2040	0.1925	0.3181	0.3451	0.1888	0.1603	0.3057	1.2514E-3	9.5527E-4	1.196E-3	0.7866	9.8692E-3	2.267	2.031	132.093
21000000	8.868	13.522	15.148	8.339	0.1854	7.8752E-2	0.5267	0.3817	0.5042	0.5105	1.3976	1.6355	0.2982	0.2272	0.2841	0.1905	0.3219	0.2375	0.1735	0.2671	0.2931	0.2086	0.1939	0.3044	0.3406	0.2052	0.1623	0.2919	1.2888E-3	9.3682E-4	1.2193E-3	0.7433	1.4141E-2	1.842	1.929	126.022
22000000	8.877	10.277	15.117	10.410	0.2854	6.7711E-2	0.4378	0.3844	0.5143	0.4895	1.4321	1.6100	0.3013	0.2241	0.2753	0.1993	0.3109	0.2446	0.1758	0.2687	0.2861	0.2140	0.1984	0.3015	0.3488	0.2002	0.1597	0.2912	1.2397E-3	9.7206E-4	1.1659E-3	0.8052	3.4671E-3	2.865	1.885	128.661
23000000	9.436	16.157	14.157	8.638	0.2250	3.89E-2	0.5797	0.3175	0.5579	0.5347	1.4182	1.5291	0.3020	0.2260	0.2814	0.1906	0.3185	0.2440	0.1685	0.2690	0.2866	0.2149	0.2040	0.2946	0.3413	0.1794	0.1631	0.3161	1.3438E-3	9.6081E-4	1.2749E-3	0.7536	2.7353E-2	2.177	1.926	124.713
24000000	6.549	9.624	13.020	8.508	3.6731E-2	2.0585E-2	0.4086	0.4204	0.5646	0.4885	1.4011	1.5903	0.3076	0.2214	0.2799	0.1911	0.3273	0.2368	0.1662	0.2698	0.2909	0.2106	0.1944	0.3040	0.3363	0.1891	0.1679	0.3067	1.2493E-3	9.2032E-4	1.1685E-3	0.7365	-5.7451E-3	3.733	1.867	125.940
25000000	8.257	10.143	14.766	9.222	0.3714	4.4655E-2	0.7428	0.4080	0.5611	0.5173	1.3976	1.5667	0.3001	0.2307	0.2872	0.1820	0.3270	0.2338	0.1811	0.2581	0.2924	0.2120	0.1977	0.2980	0.3426	0.2004	0.1484	0.3086	1.2746E-3	8.4648E-4	1.2155E-3	0.6809	-1.2482E-3	2.562	1.980	129.208
26000000	7.009	14.996	13.187	9.226	0.3558	6.0836E-2	0.4334	0.3165	0.5098	0.5360	1.4135	1.5847	0.3044	0.2304	0.2694	0.1958	0.3157	0.2270	0.1796	0.2777	0.2850	0.2121	0.1941	0.3088	0.3495	0.1904	0.1552	0.3049	1.2847E-3	8.1654E-4	1.2055E-3	0.6409	6.1999E-2	2.360	1.951	129.181
27000000	6.962	12.217	14.550	10.336	0.2565	6.0701E-2	0.5324	0.3089	0.5765	0.4941	1.4056	1.5665	0.3054	0.2325	0.2707	0.1915	0.3048	0.2363	0.1773	0.2816	0.3002	0.2099	0.1923	0.2976	0.3421	0.2000	0.1621	0.2957	1.2556E-3	8.9146E-4	1.197E-3	0.7249	1.4337E-3	2.877	1.981	130.278
28000000	8.778	15.446	12.866	9.586	0.3067	2.0685E-2	0.5225	0.3663	0.4859	0.4646	1.4946	1.6000	0.3119	0.2143	0.2835	0.1904	0.3198	0.2347	0.1684	0.2771	0.2847	0.2174	0.1992	0.2988	0.3498	0.1827	0.1640	0.3036	1.3127E-3	8.6789E-4	1.2595E-3	0.6575	-3.5587E-3	2.637	2.001	126.855
29000000	9.972	12.755	13.634	8.456	0.2420	2.2639E-2	0.5936	0.3417	0.5431	0.4951	1.4429	1.5611	0.3098	0.2140	0.2753	0.2010	0.3081	0.2469	0.1698	0.2751	0.2858	0.2158	0.1964	0.3019	0.3504	0.1893	0.1627	0.2976	1.2254E-3	8.5768E-4	1.1429E-3	0.7261	-4.2763E-3	2.446	1.960	132.774
30000000	9.283	12.997	14.034	9.066	0.2805	8.1396E-3	0.5932	0.3274	0.5341	0.5117	1.4283	1.5686	0.2935	0.2291	0.2779	0.1995	0.3147	0.2381	0.1625	0.2847	0.2851	0.2092	0.1998	0.3059	0.3448	0.1913	0.1629	0.3010	1.2223E-3	7.9652E-4	1.1623E-3	0.6553	1.0628E-2	1.487	1.871	131.215
31000000	9.570	11.361	13.892	8.965	0.1373	2.8272E-3	0.4659	0.4126	0.5322	0.5547	1.4634	1.4862	0.3015	0.2297	0.2723	0.1965	0.3182	0.2360	0.1723	0.2735	0.2972	0.2155	0.1917	0.2956	0.3399	0.1864	0.1621	0.3117	1.2697E-3	9.2316E-4	1.1851E-3	0.7088	-1.9177E-2	3.245	1.944	128.490
32000000	8.218	11.965	14.594	10.371	0.1600	2.1608E-2	0.7089	0.4049	0.5128	0.5117	1.4577	1.5599	0.3051	0.2294	0.2659	0.1996	0.3106	0.2378	0.1754	0.2761	0.2900	0.2082	0.2043	0.2975	0.3647	0.1899	0.1532	0.2922	1.2656E-3	9.8737E-4	1.2078E-3	0.8103	-1.2122E-2	2.554	2.018	126.031
33000000	8.801	11.134	14.127	8.706	0.2237	3.4371E-2	0.6273	0.3533	0.5264	0.5320	1.3491	1.6407	0.3048	0.2252	0.2800	0.1900	0.3042	0.2426	0.1742	0.2790	0.2895	0.2201	0.2006	0.2898	0.3441	0.2068	0.1623	0.2868	1.241E-3	9.4738E-4	1.1624E-3	0.7844	3.5911E-2	1.745	1.959	130.326
34000000	8.613	11.803	12.975	7.621	0.2530	3.8748E-3	0.7009	0.3683	0.5403	0.4728	1.4713	1.5576	0.3080	0.2237	0.2797	0.1886	0.3190	0.2499	0.1700	0.2612	0.2925	0.2176	0.1894	0.3006	0.3432	0.1974	0.1609	0.2986	1.2397E-3	8.6258E-4	1.1619E-3	0.6865	-8.9566E-3	3.689	1.933	129.524
35000000	8.498	13.812	13.332	8.798	0.1786	6.1583E-2	0.5680	0.3622	0.5234	0.5208	1.4256	1.5733	0.3008	0.2194	0.2846	0.1952	0.3202	0.2411	0.1703	0.2684	0.2938	0.2069	0.1953	0.3039	0.3451	0.1964	0.1607	0.2977	1.3014E-3	9.3053E-4	1.2331E-3	0.7279	-8.9337E-4	1.967	2.018	126.935
36000000	9.042	11.846	14.368	7.047	0.1400	5.9121E-2	0.5379	0.3239	0.5647	0.5269	1.3482	1.6057	0.2946	0.2372	0.2770	0.1912	0.2984	0.2481	0.1794	0.2741	0.2903	0.2076	0.2045	0.2976	0.3427	0.1950	0.1621	0.3002	1.2593E-3	8.4217E-4	1.2161E-3	0.6548	-8.211E-3	1.880	1.919	127.442
37000000	11.829	15.029	13.503	8.783	0.2150	2.9289E-2	0.6098	0.4754	0.5037	0.4883	1.4229	1.6326	0.3060	0.2187	0.2779	0.1974	0.3214	0.2333	0.1697	0.2756	0.2876	0.2157	0.1922	0.3045	0.3418	0.1883	0.1628	0.3071	1.2594E-3	8.2949E-4	1.1938E-3	0.6620	1.2223E-2	2.072	1.920	129.230
38000000	9.232	11.722	15.132	7.751	0.2078	0.1085	0.3955	0.3949	0.5148	0.4603	1.4800	1.5892	0.2956	0.2253	0.2732	0.2058	0.3084	0.2584	0.1783	0.2549	0.2809	0.2152	0.1959	0.3080	0.3399	0.1952	0.1668	0.2981	1.1958E-3	9.0818E-4	1.1267E-3	0.7607	-1.3268E-2	5.128	2.083	129.540
39000000	8.063	12.099	14.870	7.438	0.2388	1.9009E-2	0.4759	0.3269	0.5126	0.5133	1.4107	1.6093	0.2990	0.2271	0.2812	0.1927	0.3228	0.2322	0.1735	0.2714	0.2896	0.2151	0.1985	0.2968	0.3455	0.1957	0.1636	0.2952	1.2209E-3	7.955E-4	1.1768E-3	0.6501	1.3831E-2	2.213	1.937	129.787
40000000	11.060	12.761	13.487	8.794	0.2926	1.475E-2	0.4685	0.3405	0.5029	0.5165	1.4362	1.5886	0.3053	0.2211	0.2745	0.1991	0.3201	0.2285	0.1668	0.2846	0.2944	0.2100	0.2016	0.2940	0.3392	0.1979	0.1738	0.2890	1.3342E-3	9.6535E-4	1.2243E-3	0.6893	1.4631E-2	2.431	1.914	127.387
41000000	8.888	11.709	12.247	7.828	0.3366	8.5536E-2	0.5578	0.4290	0.4932	0.5448	1.4118	1.5950	0.2987	0.2266	0.2777	0.1970	0.3198	0.2309	0.1692	0.2802	0.2849	0.2216	0.1933	0.3002	0.3530	0.1960	0.1605	0.2904	1.2298E-3	7.9164E-4	1.1998E-3	0.6549	2.3977E-2	2.866	1.868	124.866
42000000	6.968	17.873	12.352	8.924	0.2871	5.3667E-2	0.6479	0.3751	0.4956	0.4825	1.4061	1.6660	0.3149	0.2249	0.2752	0.1850	0.3091	0.2275	0.1762	0.2872	0.2891	0.2208	0.2020	0.2881	0.3463	0.1997	0.1670	0.2869	1.1712E-3	8.4608E-4	1.1389E-3	0.7153	-9.5124E-3	1.332	1.973	131.793
43000000	9.952	12.746	12.401	9.025	0.2104	4.4347E-2	0.5940	0.5156	0.5325	0.4935	1.4213	1.5976	0.2900	0.2276	0.2889	0.1934	0.3154	0.2343	0.1720	0.2783	0.2930	0.2181	0.1890	0.2999	0.3484	0.1922	0.1645	0.2950	1.2509E-3	9.3573E-4	1.1979E-3	0.7636	-1.5428E-2	1.402	1.894	126.634
44000000	9.439	9.204	12.852	7.900	0.1894	8.1279E-3	0.5476	0.4319	0.5629	0.4444	1.3797	1.6628	0.2953	0.2339	0.2856	0.1853	0.3104	0.2480	0.1647	0.2769	0.2927	0.2086	0.1932	0.3055	0.3361	0.2018	0.1593	0.3029	1.2579E-3	9.6044E-4	1.1771E-3	0.7413	1.3921E-2	3.183	1.980	128.018
45000000	9.293	14.557	14.043	9.008	0.1778	2.2041E-2	0.6299	0.3601	0.4995	0.4549	1.4192	1.6773	0.3001	0.2379	0.2736	0.1884	0.3171	0.2376	0.1660	0.2792	0.2950	0.2127	0.2001	0.2922	0.3562	0.2000	0.1555	0.2883	1.3077E-3	1.1074E-3	1.2107E-3	0.8257	2.2047E-2	1.837	1.923	127.030
46000000	7.995	13.721	14.479	8.455	0.2944	0.1645	0.5768	0.3776	0.5174	0.5240	1.4503	1.5497	0.3020	0.2280	0.2833	0.1867	0.3113	0.2317	0.1774	0.2796	0.2897	0.2105	0.2000	0.2999	0.3534	0.1916	0.1579	0.2971	1.2838E-3	8.4145E-4	1.2306E-3	0.6742	2.4379E-2	2.410	1.975	126.170
47000000	6.934	13.385	13.950	8.715	0.2698	4.528E-2	0.4413	0.4212	0.5122	0.4992	1.4325	1.6013	0.2945	0.2328	0.2835	0.1892	0.3151	0.2395	0.1683	0.2771	0.2882	0.2103	0.1951	0.3065	0.3389	0.1993	0.1620	0.2998	1.2435E-3	8.2598E-4	1.1955E-3	0.6536	1.245E-2	2.500	1.924	131.084
48000000	7.909	13.653	12.683	9.467	0.1968	8.8165E-2	0.6077	0.3821	0.5504	0.5210	1.3448	1.6314	0.3046	0.2269	0.2725	0.1960	0.3221	0.2390	0.1663	0.2726	0.2922	0.2117	0.1932	0.3029	0.3349	0.2033	0.1650	0.2968	1.2546E-3	8.4462E-4	1.223E-3	0.6656	5.3171E-3	1.604	1.902	126.088
49000000	9.053	13.177	14.027	8.203	0.1262	7.899E-2	0.6522	0.3654	0.5057	0.5190	1.4317	1.5878	0.3082	0.2164	0.2782	0.1971	0.3059	0.2420	0.1792	0.2730	0.2940	0.2086	0.1912	0.3061	0.3374	0.2015	0.1707	0.2905	1.3118E-3	9.6202E-4	1.2385E-3	0.7217	-2.7524E-3	1.242	1.955	122.019
50000000	8.849	8.158	13.575	8.197	0.1401	4.45E-2	0.6920	0.3769	0.5212	0.5899	1.3975	1.5315	0.3180	0.2180	0.2822	0.1818	0.3136	0.2326	0.1725	0.2814	0.2899	0.2272	0.2013	0.2816	0.3449	0.1862	0.1621	0.3069	1.2254E-3	8.2454E-4	1.2E-3	0.6630	-2.0714E-2	4.430	1.956	127.369
51000000	8.893	12.350	15.084	8.621	0.2019	7.0945E-2	0.6977	0.3611	0.4784	0.5037	1.3936	1.6751	0.2928	0.2228	0.2800	0.2044	0.3254	0.2364	0.1664	0.2718	0.2841	0.2121	0.1922	0.3116	0.3535	0.1876	0.1634	0.2956	1.2486E-3	9.0143E-4	1.158E-3	0.7030	3.4213E-2	1.225	1.932	128.767
52000000	8.075	10.916	11.547	8.032	0.1527	0.1212	0.4774	0.4258	0.4982	0.5353	1.4157	1.5957	0.3040	0.2267	0.2747	0.1947	0.3236	0.2306	0.1702	0.2756	0.2937	0.2121	0.1943	0.2999	0.3324	0.2003	0.1684	0.2989	1.2828E-3	9.7222E-4	1.1937E-3	0.7701	2.8179E-2	3.418	1.949	128.518
53000000	10.263	15.880	12.809	8.523	0.1139	1.3461E-2	0.5010	0.3314	0.5435	0.5109	1.3318	1.6637	0.3101	0.2266	0.2699	0.1934	0.3125	0.2477	0.1650	0.2747	0.2912	0.2085	0.1960	0.3043	0.3379	0.2017	0.1661	0.2943	1.2848E-3	9.5497E-4	1.2207E-3	0.7527	-3.8912E-2	2.374	1.918	125.988
54000000	8.184	12.252	11.918	9.305	0.2165	7.2874E-3	0.6786	0.2752	0.5779	0.4846	1.4578	1.5187	0.3062	0.2148	0.2880	0.1910	0.3173	0.2382	0.1755	0.2691	0.2977	0.2134	0.1921	0.2968	0.3425	0.2004	0.1698	0.2873	1.2459E-3	9.3471E-4	1.1862E-3	0.7429	1.3497E-2	1.970	1.884	127.901
55000000	7.504	12.388	13.062	7.850	0.1253	1.2232E-2	0.5996	0.4042	0.5294	0.4647	1.4267	1.6262	0.2951	0.2344	0.2750	0.1956	0.3220	0.2390	0.1669	0.2721	0.2909	0.2155	0.1879	0.3057	0.3341	0.1964	0.1716	0.2979	1.2257E-3	7.8461E-4	1.1791E-3	0.6485	1.5962E-2	3.215	1.870	132.109
56000000	8.405	11.578	13.131	9.546	0.1526	5.7092E-2	0.4600	0.4805	0.5018	0.4948	1.4177	1.6333	0.3044	0.2298	0.2738	0.1920	0.3222	0.2318	0.1695	0.2764	0.2811	0.2035	0.1949	0.3204	0.3419	0.1934	0.1628	0.3020	1.2848E-3	8.9814E-4	1.224E-3	0.7133	-1.554E-2	2.202	1.905	127.585
57000000	8.235	13.710	15.546	8.167	0.1491	3.0629E-3	0.6283	0.3905	0.5181	0.5239	1.4190	1.5829	0.2952	0.2360	0.2738	0.1950	0.3064	0.2456	0.1711	0.2769	0.2817	0.2151	0.2008	0.3023	0.3605	0.1941	0.1566	0.2888	1.1895E-3	7.8383E-4	1.1462E-3	0.6869	2.5986E-2	5.162	2.101	133.180
58000000	12.177	12.278	14.143	8.728	0.2528	0.1079	0.6553	0.4682	0.5235	0.4884	1.3806	1.6569	0.3109	0.2281	0.2630	0.1979	0.3217	0.2319	0.1704	0.2760	0.2979	0.2116	0.1866	0.3039	0.3379	0.1924	0.1795	0.2902	1.3318E-3	9.6914E-4	1.2123E-3	0.7237	1.0821E-2	2.365	2.107	131.902
59000000	8.417	13.340	13.286	8.708	0.2440	6.0002E-2	0.5667	0.3614	0.5857	0.4926	1.4297	1.5321	0.2925	0.2288	0.2827	0.1959	0.3118	0.2320	0.1765	0.2797	0.2916	0.2156	0.1916	0.3013	0.3430	0.1892	0.1572	0.3106	1.2718E-3	1.047E-3	1.1774E-3	0.8307	-8.998E-4	1.103	2.030	132.475
60000000	10.782	13.209	14.546	8.493	0.3720	0.1034	0.6747	0.3230	0.5107	0.4952	1.4106	1.6310	0.3026	0.2271	0.2764	0.1939	0.3075	0.2382	0.1733	0.2811	0.2892	0.2142	0.1909	0.3057	0.3473	0.1865	0.1649	0.3012	1.2979E-3	9.7811E-4	1.1878E-3	0.7735	-4.1775E-3	1.932	1.923	130.605
61000000	8.899	10.691	11.617	9.005	0.3388	5.6399E-2	0.6091	0.3998	0.5265	0.5476	1.3929	1.5763	0.2983	0.2235	0.2795	0.1986	0.3182	0.2356	0.1744	0.2718	0.2880	0.2097	0.1940	0.3083	0.3442	0.1927	0.1675	0.2956	1.1772E-3	8.015E-4	1.1174E-3	0.6920	2.4072E-2	4.047	2.063	134.675
62000000	9.309	14.164	12.888	8.526	0.2638	9.2756E-2	0.4881	0.4203	0.4994	0.5258	1.4332	1.5857	0.3107	0.2379	0.2639	0.1875	0.3113	0.2414	0.1730	0.2743	0.2876	0.2169	0.1976	0.2978	0.3461	0.1915	0.1663	0.2962	1.2531E-3	8.9171E-4	1.1914E-3	0.7348	5.1108E-3	2.308	1.940	128.716
63000000	8.222	12.628	14.489	8.490	0.2387	3.5945E-2	0.5464	0.3222	0.5572	0.5278	1.3590	1.6012	0.3050	0.2249	0.2752	0.1950	0.3156	0.2377	0.1784	0.2683	0.2796	0.2137	0.1999	0.3069	0.3321	0.1984	0.1675	0.3019	1.1971E-3	7.7772E-4	1.1805E-3	0.6640	2.3724E-3	2.877	1.870	130.718
64000000	8.634	15.055	13.020	9.177	0.3240	3.4401E-2	0.5648	0.3460	0.5337	0.5479	1.3879	1.5737	0.3114	0.2238	0.2704	0.1944	0.3234	0.2347	0.1724	0.2695	0.2826	0.2208	0.1916	0.3051	0.3439	0.1840	0.1578	0.3143	1.1965E-3	7.6169E-4	1.1677E-3	0.6532	-1.1233E-2	4.575	2.009	131.137
65000000	10.958	11.177	11.536	8.057	0.2516	0.1335	0.5794	0.4254	0.5538	0.5568	1.3711	1.5605	0.2806	0.2276	0.2949	0.1968	0.3201	0.2368	0.1706	0.2725	0.2988	0.2083	0.1962	0.2967	0.3406	0.1996	0.1610	0.2989	1.2816E-3	9.9831E-4	1.1873E-3	0.7844	1.3203E-2	4.103	1.920	127.726
66000000	8.470	14.771	11.388	9.003	0.2426	7.6231E-2	0.6381	0.3852	0.5071	0.5003	1.4444	1.5928	0.3086	0.2270	0.2756	0.1889	0.3091	0.2423	0.1699	0.2788	0.2894	0.2338	0.1834	0.2934	0.3428	0.1996	0.1550	0.3026	1.2379E-3	8.9026E-4	1.184E-3	0.7029	8.0465E-4	3.735	1.905	129.817
67000000	10.308	16.818	12.796	8.613	0.3409	3.394E-2	0.7678	0.3141	0.5305	0.5077	1.4479	1.5558	0.2968	0.2330	0.2766	0.1936	0.3208	0.2325	0.1661	0.2806	0.2883	0.2125	0.1965	0.3027	0.3559	0.1880	0.1624	0.2937	1.218E-3	8.8226E-4	1.1522E-3	0.7319	-2.114E-3	2.417	1.942	132.528
68000000	10.146	11.825	11.036	9.367	0.2480	5.6539E-2	0.6986	0.3305	0.5031	0.5308	1.3785	1.6354	0.3060	0.2317	0.2625	0.1998	0.3086	0.2448	0.1680	0.2786	0.2876	0.2055	0.2028	0.3041	0.3426	0.1983	0.1539	0.3052	1.2604E-3	8.2584E-4	1.1994E-3	0.6804	4.4654E-4	3.345	2.078	127.699
69000000	7.695	9.614	14.470	9.549	0.1945	4.3428E-2	0.6665	0.4791	0.5274	0.5453	1.3960	1.5745	0.2890	0.2341	0.2756	0.2013	0.3136	0.2402	0.1653	0.2809	0.2918	0.2175	0.1948	0.2959	0.3341	0.2027	0.1676	0.2956	1.2339E-3	8.6946E-4	1.1834E-3	0.7014	6.0154E-2	2.694	1.969	127.993
70000000	8.760	14.495	13.423	8.279	0.2129	7.5777E-2	0.5876	0.4737	0.5171	0.5017	1.4206	1.6063	0.3088	0.2251	0.2668	0.1994	0.3128	0.2373	0.1683	0.2815	0.2824	0.2099	0.1986	0.3091	0.3365	0.1960	0.1615	0.3060	1.292E-3	9.3191E-4	1.2132E-3	0.6964	7.255E-3	2.231	1.994	125.410
71000000	10.311	12.681	15.381	8.153	0.1508	2.1562E-2	0.6039	0.3628	0.5695	0.5772	1.4046	1.4852	0.3021	0.2253	0.2780	0.1945	0.2985	0.2527	0.1737	0.2751	0.2919	0.2196	0.1870	0.3015	0.3381	0.2008	0.1720	0.2891	1.2804E-3	9.6357E-4	1.2169E-3	0.7758	-7.2304E-3	2.666	1.983	125.055
72000000	9.327	11.421	12.896	8.275	0.2143	6.9597E-2	0.8448	0.4239	0.5066	0.4771	1.4674	1.5936	0.2956	0.2210	0.2841	0.1992	0.3207	0.2350	0.1676	0.2767	0.2862	0.2222	0.1899	0.3017	0.3525	0.1907	0.1631	0.2936	1.2886E-3	1.0071E-3	1.2042E-3	0.8130	3.8528E-3	4.034	1.950	125.308
73000000	9.034	9.846	12.163	7.598	0.1573	9.1485E-2	0.6895	0.3510	0.5330	0.5155	1.3996	1.5967	0.2978	0.2354	0.2763	0.1905	0.3079	0.2404	0.1749	0.2768	0.2955	0.2116	0.2005	0.2924	0.3360	0.2016	0.1645	0.2979	1.2697E-3	7.9235E-4	1.1843E-3	0.6300	2.7605E-3	2.717	1.869	130.023
74000000	11.045	10.621	15.314	8.189	0.1387	0.1479	0.6308	0.3505	0.5424	0.4845	1.4594	1.5555	0.2972	0.2313	0.2721	0.1994	0.3150	0.2406	0.1672	0.2771	0.2766	0.2171	0.1933	0.3130	0.3367	0.1978	0.1680	0.2975	1.3579E-3	1.1564E-3	1.2421E-3	0.8223	7.8618E-3	4.736	2.102	128.083
75000000	7.757	14.640	12.853	8.538	0.1488	2.3602E-2	0.6035	0.3574	0.5219	0.4827	1.4232	1.6188	0.3052	0.2308	0.2688	0.1952	0.3188	0.2436	0.1740	0.2636	0.3048	0.2134	0.1788	0.3030	0.3466	0.1899	0.1627	0.3008	1.2331E-3	8.0039E-4	1.1611E-3	0.6370	-2.5506E-2	1.905	1.889	134.951
76000000	8.916	12.934	13.962	9.016	0.2014	2.6021E-2	0.7317	0.3554	0.5056	0.4655	1.4115	1.6676	0.3013	0.2317	0.2792	0.1878	0.3098	0.2362	0.1801	0.2739	0.2973	0.2113	0.1931	0.2983	0.3515	0.1955	0.1635	0.2896	1.2634E-3	9.9124E-4	1.1835E-3	0.8092	-7.6775E-3	2.805	1.876	130.869
77000000	10.406	15.414	11.293	8.048	2.0731E-2	1.016E-2	0.6974	0.3117	0.5041	0.5363	1.3540	1.6548	0.3147	0.2180	0.2773	0.1900	0.3230	0.2370	0.1679	0.2722	0.2937	0.2095	0.1960	0.3009	0.3438	0.1899	0.1638	0.3025	1.3341E-3	9.7101E-4	1.2376E-3	0.7616	1.7856E-2	2.607	1.894	126.864
78000000	9.188	12.705	15.079	9.306	0.2274	5.0989E-3	0.6253	0.3207	0.5179	0.4836	1.4355	1.6088	0.3089	0.2205	0.2802	0.1905	0.3154	0.2374	0.1718	0.2754	0.3011	0.2104	0.1890	0.2995	0.3521	0.1877	0.1627	0.2975	1.2327E-3	8.2857E-4	1.1945E-3	0.6830	2.2355E-2	2.981	1.938	127.196
79000000	10.953	16.379	15.084	8.515	0.1903	7.7193E-2	0.5218	0.3942	0.4566	0.4576	1.4040	1.7371	0.3057	0.2281	0.2801	0.1861	0.3143	0.2392	0.1687	0.2777	0.2851	0.2105	0.1988	0.3056	0.3516	0.1986	0.1574	0.2924	1.2932E-3	9.4664E-4	1.1984E-3	0.7231	2.5335E-2	3.027	1.941	128.087
80000000	9.966	12.617	12.434	7.975	0.2680	0.1207	0.6469	0.4605	0.5448	0.5104	1.4248	1.5623	0.3063	0.2419	0.2701	0.1817	0.3216	0.2332	0.1726	0.2726	0.3084	0.2221	0.1856	0.2839	0.3265	0.2022	0.1640	0.3074	1.3011E-3	8.2032E-4	1.2081E-3	0.6308	1.3948E-2	1.264	1.882	130.386
81000000	8.927	13.079	13.598	7.743	0.4038	2.5852E-2	0.6638	0.3311	0.5225	0.4729	1.4376	1.6131	0.3052	0.2286	0.2683	0.1979	0.3160	0.2387	0.1732	0.2721	0.2897	0.2128	0.2042	0.2933	0.3420	0.1964	0.1701	0.2915	1.2252E-3	9.0029E-4	1.1521E-3	0.7590	-3.9324E-2	3.538	1.968	130.378
82000000	8.614	13.451	14.034	8.706	0.1029	3.5715E-2	0.5501	0.4654	0.5002	0.5331	1.3669	1.6486	0.3123	0.2217	0.2811	0.1849	0.3107	0.2454	0.1726	0.2713	0.2856	0.2150	0.1968	0.3026	0.3450	0.1939	0.1632	0.2978	1.2601E-3	9.0248E-4	1.1803E-3	0.7325	-3.4806E-3	2.446	2.041	129.266
83000000	9.871	12.457	13.858	8.110	0.1289	8.6051E-2	0.5845	0.3455	0.5275	0.4759	1.4872	1.5508	0.2987	0.2318	0.2713	0.1983	0.3207	0.2407	0.1672	0.2714	0.2937	0.2107	0.1998	0.2958	0.3471	0.1934	0.1650	0.2945	1.241E-3	9.6472E-4	1.1561E-3	0.7825	7.1992E-3	2.039	1.985	133.798
84000000	9.758	14.937	13.617	9.822	0.1706	6.0367E-2	0.5765	0.3018	0.5633	0.5258	1.3463	1.6105	0.2913	0.2255	0.2891	0.1941	0.3165	0.2389	0.1720	0.2726	0.2972	0.2075	0.1876	0.3076	0.3367	0.1942	0.1733	0.2957	1.2999E-3	9.986E-4	1.1829E-3	0.7686	1.3069E-2	3.493	1.917	130.528
85000000	8.926	13.057	10.598	8.848	8.5106E-2	2.6091E-2	0.6211	0.5063	0.5420	0.5152	1.4392	1.5446	0.3158	0.2290	0.2710	0.1842	0.3131	0.2394	0.1681	0.2795	0.2875	0.2224	0.1956	0.2945	0.3370	0.1896	0.1586	0.3148	1.2803E-3	8.5512E-4	1.2332E-3	0.6840	7.5486E-3	1.375	1.899	127.523
86000000	7.967	14.368	12.946	10.002	0.3277	6.8353E-2	0.5641	0.3577	0.5023	0.5234	1.4695	1.5459	0.3060	0.2299	0.2771	0.1870	0.3219	0.2288	0.1688	0.2806	0.2947	0.2104	0.1951	0.2998	0.3411	0.1990	0.1593	0.3007	1.2021E-3	8.5129E-4	1.1318E-3	0.7061	8.1504E-3	2.560	1.961	131.681
87000000	10.493	15.129	12.211	9.456	0.2623	8.7531E-2	0.8146	0.4523	0.5400	0.4976	1.3617	1.6495	0.3044	0.2168	0.2912	0.1877	0.3247	0.2348	0.1700	0.2704	0.2940	0.2093	0.1877	0.3089	0.3529	0.1923	0.1613	0.2935	1.249E-3	8.9932E-4	1.1753E-3	0.7295	2.9227E-2	1.722	1.884	129.530
88000000	9.487	11.228	12.929	8.559	0.1315	3.3459E-2	0.6153	0.4289	0.4726	0.5152	1.4097	1.6514	0.3074	0.2240	0.2762	0.1925	0.3213	0.2349	0.1777	0.2661	0.3014	0.2066	0.1962	0.2958	0.3378	0.1973	0.1692	0.2957	1.2895E-3	9.1032E-4	1.2184E-3	0.6859	4.1988E-3	2.347	1.971	127.700
89000000	9.951	14.963	13.560	8.397	0.1135	1.0408E-2	0.5614	0.3579	0.5184	0.4855	1.4586	1.5812	0.2968	0.2204	0.2793	0.2034	0.3172	0.2353	0.1734	0.2741	0.2925	0.2124	0.1904	0.3047	0.3375	0.2027	0.1554	0.3044	1.2825E-3	9.0146E-4	1.2058E-3	0.7262	5.2045E-2	4.058	1.951	127.429
90000000	10.407	11.669	15.436	8.240	0.2843	1.8187E-2	0.4749	0.3555	0.4992	0.5069	1.3549	1.6910	0.2944	0.2328	0.2788	0.1940	0.3043	0.2459	0.1678	0.2820	0.2977	0.2053	0.1915	0.3056	0.3534	0.1924	0.1650	0.2892	1.2863E-3	9.1778E-4	1.2441E-3	0.7259	7.196E-3	3.384	1.917	127.951
91000000	9.181	15.322	12.326	9.366	0.2922	8.5509E-2	0.7185	0.3513	0.5437	0.5126	1.3856	1.6035	0.3031	0.2279	0.2834	0.1856	0.3169	0.2380	0.1683	0.2767	0.2900	0.2135	0.1926	0.3040	0.3431	0.1946	0.1600	0.3022	1.2891E-3	9.1776E-4	1.2132E-3	0.7403	3.6176E-2	2.028	1.962	127.549
92000000	7.776	15.358	13.797	9.314	0.2122	6.4722E-2	0.7051	0.3636	0.5732	0.4981	1.3464	1.6297	0.2990	0.2242	0.2800	0.1969	0.3197	0.2370	0.1688	0.2746	0.2807	0.2270	0.1999	0.2923	0.3547	0.1823	0.1600	0.3029	1.2235E-3	8.4907E-4	1.1914E-3	0.7075	1.227E-2	3.561	2.058	128.886
93000000	8.036	12.002	14.984	8.402	0.2552	1.823E-2	0.7493	0.4030	0.5312	0.5189	1.5152	1.4701	0.3069	0.2320	0.2700	0.1911	0.3144	0.2447	0.1713	0.2696	0.2877	0.2054	0.2095	0.2974	0.3463	0.1893	0.1661	0.2984	1.2393E-3	8.6255E-4	1.1874E-3	0.7072	-8.4753E-3	3.138	1.916	128.672
94000000	8.731	13.657	13.040	9.266	0.1756	7.3423E-2	0.7526	0.3716	0.5048	0.5097	1.4321	1.5984	0.3097	0.2230	0.2757	0.1916	0.3225	0.2297	0.1689	0.2789	0.2822	0.2173	0.2030	0.2975	0.3367	0.2000	0.1678	0.2955	1.2617E-3	8.9098E-4	1.1955E-3	0.6948	2.3189E-2	4.466	1.935	127.976
95000000	10.208	11.053	11.512	8.330	0.1103	6.8215E-2	0.5236	0.2572	0.4915	0.5145	1.3919	1.6510	0.3011	0.2277	0.2855	0.1857	0.3211	0.2259	0.1679	0.2851	0.2932	0.2161	0.1926	0.2981	0.3426	0.2041	0.1557	0.2976	1.2848E-3	1.0337E-3	1.2042E-3	0.8044	8.5685E-3	4.519	1.968	128.247
96000000	9.657	15.686	13.477	9.212	0.2290	0.1552	0.5965	0.3857	0.5235	0.4806	1.4510	1.5893	0.2903	0.2232	0.2845	0.2020	0.3050	0.2434	0.1690	0.2826	0.2964	0.2134	0.2013	0.2889	0.3490	0.1878	0.1583	0.3049	1.185E-3	8.1569E-4	1.1673E-3	0.7062	-1.1118E-3	2.177	2.012	134.524
97000000	9.456	11.829	14.502	9.103	7.8269E-2	0.1167	0.5386	0.3879	0.5690	0.5120	1.4256	1.5336	0.2958	0.2276	0.2860	0.1905	0.3154	0.2381	0.1774	0.2691	0.3027	0.2155	0.1927	0.2891	0.3569	0.1886	0.1681	0.2864	1.251E-3	9.3631E-4	1.2109E-3	0.8111	2.7209E-2	1.237	1.880	127.512
98000000	10.128	11.122	13.990	10.207	0.1648	1.6153E-2	0.5379	0.3444	0.5468	0.5180	1.4362	1.5396	0.3093	0.2153	0.2833	0.1921	0.3109	0.2405	0.1722	0.2764	0.2892	0.2128	0.2005	0.2976	0.3485	0.1944	0.1630	0.2941	1.2332E-3	8.9611E-4	1.167E-3	0.7294	3.9354E-2	1.500	1.896	130.042
99000000	8.443	16.271	12.277	8.505	0.1348	9.931E-2	0.4027	0.4331	0.5504	0.4939	1.4300	1.5684	0.2996	0.2236	0.2790	0.1978	0.3282	0.2304	0.1722	0.2693	0.2911	0.2148	0.1902	0.3039	0.3457	0.1884	0.1516	0.3144	1.2861E-3	1.0352E-3	1.2047E-3	0.8173	1.6155E-2	2.017	1.886	127.615
100000000	8.378	15.334	13.458	8.615	0.2175	0.1275	0.6363	0.2710	0.5308	0.4617	1.4151	1.6406	0.3049	0.2258	0.2870	0.1823	0.3210	0.2373	0.1741	0.2676	0.2987	0.2114	0.1927	0.2973	0.3512	0.1866	0.1613	0.3009	1.2993E-3	1.0442E-3	1.2207E-3	0.8130	1.0269E-3	4.478	1.950	128.537
101000000	7.446	10.047	12.303	10.590	0.1725	6.271E-2	0.6359	0.3698	0.4974	0.4966	1.3550	1.7039	0.2954	0.2368	0.2771	0.1908	0.3159	0.2343	0.1823	0.2675	0.2788	0.2177	0.2003	0.3032	0.3462	0.1946	0.1620	0.2972	1.2832E-3	9.2175E-4	1.2197E-3	0.7148	1.5204E-2	2.243	2.077	128.920
102000000	9.393	9.855	13.620	9.192	0.2404	4.4359E-2	0.4735	0.4864	0.5727	0.5111	1.3792	1.5807	0.3010	0.2366	0.2724	0.1900	0.3187	0.2369	0.1679	0.2765	0.2921	0.2238	0.1841	0.3000	0.3503	0.1962	0.1637	0.2898	1.2577E-3	8.4223E-4	1.2286E-3	0.6900	-3.9256E-3	3.707	1.898	127.093
103000000	8.664	12.349	13.601	9.078	0.1797	6.7469E-2	0.4969	0.2593	0.5330	0.5329	1.5426	1.4234	0.3020	0.2270	0.2825	0.1884	0.3236	0.2368	0.1757	0.2638	0.2832	0.2116	0.2029	0.3023	0.3435	0.1936	0.1550	0.3078	1.2334E-3	9.274E-4	1.2106E-3	0.7516	-2.8475E-2	2.571	2.057	129.140
104000000	9.098	12.549	12.730	9.292	7.9288E-3	6.8167E-2	0.6928	0.3579	0.5379	0.5427	1.3860	1.5768	0.2934	0.2422	0.2734	0.1910	0.3053	0.2374	0.1757	0.2816	0.2843	0.2105	0.2012	0.3040	0.3511	0.1852	0.1693	0.2945	1.2425E-3	8.9863E-4	1.1943E-3	0.7608	1.181E-2	2.869	1.952	133.887
105000000	7.903	11.946	13.158	9.061	0.1470	2.8859E-2	0.6158	0.4291	0.4764	0.5217	1.4148	1.6349	0.3014	0.2326	0.2801	0.1859	0.3187	0.2407	0.1682	0.2723	0.2964	0.2149	0.1957	0.2930	0.3566	0.1883	0.1699	0.2852	1.1701E-3	7.8063E-4	1.1714E-3	0.6681	3.4249E-2	2.177	2.077	134.079
106000000	8.765	12.324	13.850	9.093	8.5445E-2	6.9682E-2	0.5168	0.3656	0.5021	0.4897	1.4511	1.6025	0.3095	0.2179	0.2809	0.1918	0.3205	0.2447	0.1682	0.2666	0.2885	0.2207	0.1927	0.2980	0.3465	0.1938	0.1689	0.2908	1.2761E-3	9.231E-4	1.2093E-3	0.7265	3.6395E-3	2.203	2.011	127.946
107000000	8.652	11.594	14.897	8.722	0.1880	2.3167E-2	0.5724	0.3253	0.5435	0.4818	1.3826	1.6402	0.2969	0.2390	0.2780	0.1862	0.3101	0.2374	0.1732	0.2792	0.2920	0.2147	0.1959	0.2974	0.3388	0.1989	0.1681	0.2942	1.181E-3	8.9705E-4	1.1434E-3	0.7631	1.6068E-2	1.666	2.020	134.646
108000000	7.530	15.981	13.552	8.509	2.8207E-2	6.388E-3	0.7732	0.3325	0.5684	0.4677	1.4220	1.5859	0.3159	0.2201	0.2849	0.1791	0.3073	0.2296	0.1843	0.2788	0.2931	0.2164	0.1919	0.2986	0.3484	0.1834	0.1610	0.3072	1.2657E-3	8.7736E-4	1.1932E-3	0.7561	2.1847E-2	2.490	1.959	129.544
109000000	8.222	10.476	12.294	9.460	0.1572	2.4358E-2	0.6407	0.3857	0.5400	0.5126	1.4087	1.5826	0.3024	0.2340	0.2663	0.1973	0.3138	0.2389	0.1654	0.2819	0.2768	0.2157	0.1950	0.3126	0.3481	0.1907	0.1662	0.2950	1.2286E-3	9.0258E-4	1.1396E-3	0.7214	5.5887E-2	2.071	1.936	131.705
110000000	7.096	13.251	14.957	8.823	0.1704	4.5154E-2	0.5425	0.5207	0.5425	0.5008	1.3922	1.6105	0.2993	0.2224	0.2780	0.2002	0.3209	0.2269	0.1834	0.2688	0.2852	0.2210	0.2053	0.2885	0.3396	0.1871	0.1742	0.2990	1.2425E-3	9.4653E-4	1.1721E-3	0.7531	1.9941E-2	2.106	1.952	133.049
111000000	8.453	12.928	13.935	8.627	0.1452	3.5723E-2	0.5363	0.3596	0.5220	0.5600	1.4124	1.5467	0.3046	0.2208	0.2833	0.1913	0.3084	0.2375	0.1787	0.2754	0.2923	0.2149	0.1905	0.3023	0.3382	0.1988	0.1708	0.2922	1.2273E-3	8.8251E-4	1.158E-3	0.7323	1.5708E-3	1.605	1.989	130.312
112000000	7.600	11.437	14.656	8.042	0.1192	0.1723	0.5133	0.3597	0.5363	0.4640	1.4478	1.5967	0.2962	0.2375	0.2767	0.1897	0.3112	0.2434	0.1642	0.2812	0.2998	0.2031	0.1920	0.3050	0.3426	0.1933	0.1644	0.2997	1.2577E-3	9.6132E-4	1.175E-3	0.7752	3.536E-3	2.083	1.949	129.552
113000000	8.284	16.279	14.150	8.864	0.2018	2.8238E-2	0.8118	0.3449	0.5301	0.4462	1.4134	1.6599	0.2953	0.2219	0.2845	0.1984	0.3130	0.2358	0.1758	0.2754	0.3034	0.2158	0.1883	0.2925	0.3398	0.1873	0.1601	0.3128	1.2349E-3	8.416E-4	1.1602E-3	0.7079	2.6996E-2	2.831	1.970	132.417
114000000	8.323	18.335	12.055	9.073	0.1695	4.1925E-3	0.5456	0.3726	0.5057	0.5148	1.3933	1.6339	0.2946	0.2351	0.2745	0.1958	0.3238	0.2406	0.1677	0.2679	0.3000	0.2074	0.2000	0.2925	0.3434	0.1909	0.1717	0.2941	1.3262E-3	1.0319E-3	1.2285E-3	0.7726	2.6796E-2	3.316	1.999	127.417
115000000	8.966	9.767	14.274	7.493	6.869E-2	9.137E-2	0.6640	0.3625	0.5360	0.5216	1.4217	1.5631	0.3021	0.2267	0.2797	0.1915	0.3195	0.2379	0.1697	0.2730	0.2818	0.2153	0.1923	0.3106	0.3492	0.1980	0.1635	0.2893	1.2694E-3	9.3401E-4	1.1917E-3	0.7221	1.7585E-2	3.614	1.931	129.968
116000000	7.156	11.324	13.117	9.207	0.2173	4.4966E-2	0.5079	0.3480	0.5219	0.5115	1.4459	1.5631	0.3098	0.2192	0.2811	0.1900	0.3101	0.2518	0.1707	0.2674	0.2765	0.2277	0.1924	0.3034	0.3541	0.1890	0.1656	0.2914	1.2417E-3	9.1681E-4	1.209E-3	0.7085	-2.0037E-2	3.790	2.089	130.284
117000000	10.559	15.514	13.329	7.801	0.2771	1.4942E-2	0.4416	0.3022	0.5234	0.4637	1.4397	1.6198	0.2965	0.2274	0.2729	0.2032	0.3154	0.2521	0.1726	0.2598	0.2951	0.2174	0.1845	0.3029	0.3392	0.1917	0.1624	0.3068	1.2022E-3	8.7384E-4	1.1488E-3	0.7263	2.156E-2	1.643	1.943	132.338
118000000	10.574	14.094	14.475	7.817	8.3718E-2	2.8652E-2	0.6257	0.4529	0.5278	0.4978	1.4290	1.5897	0.2985	0.2290	0.2763	0.1963	0.3135	0.2344	0.1739	0.2782	0.3039	0.2129	0.1884	0.2948	0.3449	0.1975	0.1633	0.2943	1.2697E-3	9.7317E-4	1.1973E-3	0.7861	1.9615E-2	4.542	1.984	130.203
119000000	8.519	12.561	12.275	7.975	0.1827	3.8027E-2	0.6922	0.4211	0.5343	0.5107	1.4552	1.5405	0.3055	0.2378	0.2667	0.1899	0.3218	0.2376	0.1687	0.2719	0.2858	0.2220	0.1986	0.2936	0.3477	0.1960	0.1598	0.2965	1.1966E-3	9.9431E-4	1.1413E-3	0.8218	1.5479E-2	2.811	2.063	128.620
120000000	7.349	11.093	13.376	7.613	0.2072	6.9702E-2	0.5054	0.3896	0.5130	0.4966	1.3963	1.6424	0.3075	0.2223	0.2766	0.1936	0.3111	0.2428	0.1755	0.2706	0.2983	0.2105	0.1954	0.2958	0.3359	0.1952	0.1677	0.3011	1.2698E-3	9.9438E-4	1.1501E-3	0.7558	-1.7048E-2	2.326	1.919	131.651
121000000	9.046	14.019	15.294	8.576	0.1150	3.6904E-2	0.4696	0.4074	0.5125	0.5349	1.3536	1.6477	0.2944	0.2303	0.2798	0.1955	0.3153	0.2278	0.1811	0.2757	0.2971	0.2098	0.1936	0.2995	0.3419	0.1900	0.1635	0.3046	1.2606E-3	8.7877E-4	1.1985E-3	0.7218	2.4354E-2	1.576	1.905	128.579
122000000	8.589	17.553	13.430	9.869	0.1749	7.4103E-2	0.6613	0.3957	0.5027	0.4603	1.4446	1.6406	0.2918	0.2152	0.2881	0.2049	0.3044	0.2374	0.1726	0.2856	0.2866	0.2154	0.1998	0.2983	0.3536	0.1957	0.1660	0.2847	1.2933E-3	9.7608E-4	1.2393E-3	0.7452	-7.9102E-3	2.719	1.960	128.324
123000000	9.768	11.871	12.100	8.581	0.2070	7.0802E-3	0.5210	0.3872	0.5366	0.4752	1.4141	1.6208	0.3102	0.2329	0.2800	0.1769	0.3110	0.2484	0.1776	0.2630	0.2867	0.2160	0.1979	0.2994	0.3352	0.1946	0.1649	0.3053	1.2657E-3	9.0105E-4	1.2054E-3	0.7372	8.0201E-3	3.000	1.889	130.668
124000000	10.735	12.356	13.609	10.342	0.2803	5.4354E-2	0.6451	0.4187	0.5534	0.5466	1.3905	1.5510	0.3031	0.2256	0.2875	0.1837	0.3050	0.2374	0.1650	0.2926	0.2931	0.2070	0.1931	0.3067	0.3360	0.2031	0.1661	0.2948	1.229E-3	8.9205E-4	1.205E-3	0.7409	6.6383E-3	1.783	2.053	127.719
125000000	8.275	9.037	15.024	9.168	0.2090	4.6001E-3	0.7578	0.3227	0.5316	0.5042	1.3832	1.6283	0.3009	0.2309	0.2781	0.1901	0.3099	0.2423	0.1723	0.2755	0.2927	0.2099	0.1975	0.2998	0.3449	0.2006	0.1575	0.2970	1.3259E-3	1.0232E-3	1.2491E-3	0.7578	8.0752E-3	3.553	1.917	125.800
126000000	7.980	12.542	13.282	9.292	0.2237	7.7749E-2	0.6205	0.3313	0.5721	0.4870	1.4565	1.5239	0.2995	0.2328	0.2711	0.1966	0.3247	0.2395	0.1686	0.2673	0.2925	0.2202	0.1942	0.2931	0.3480	0.1972	0.1646	0.2902	1.2522E-3	8.9546E-4	1.1955E-3	0.7038	3.3981E-3	2.459	1.871	128.236
127000000	9.779	16.681	16.071	8.806	0.1869	3.1366E-3	0.6501	0.3903	0.5786	0.4819	1.3953	1.5885	0.3127	0.2236	0.2731	0.1906	0.3095	0.2374	0.1763	0.2769	0.2934	0.2120	0.1932	0.3014	0.3511	0.2060	0.1561	0.2868	1.2203E-3	8.4948E-4	1.1701E-3	0.7131	-1.3578E-2	1.939	1.932	131.501
128000000	9.182	12.368	13.929	8.055	0.4192	1.5499E-2	0.5474	0.4664	0.5349	0.5157	1.4439	1.5467	0.3040	0.2251	0.2778	0.1930	0.3166	0.2449	0.1677	0.2709	0.2822	0.2076	0.2038	0.3063	0.3520	0.1929	0.1559	0.2992	1.239E-3	8.4418E-4	1.1859E-3	0.6794	3.6532E-3	2.177	1.981	131.611
129000000	8.435	13.582	15.711	8.903	0.2005	7.3802E-2	0.6543	0.3146	0.5362	0.4896	1.4407	1.5769	0.3025	0.2262	0.2727	0.1985	0.3237	0.2350	0.1689	0.2724	0.2988	0.2096	0.1915	0.3001	0.3483	0.1965	0.1601	0.2951	1.2833E-3	1.0025E-3	1.1945E-3	0.7516	7.405E-3	1.141	1.932	127.968
130000000	7.630	11.209	12.221	8.401	0.1932	5.5489E-2	0.7527	0.3605	0.5122	0.4938	1.4344	1.6051	0.3124	0.2187	0.2717	0.1972	0.3191	0.2331	0.1746	0.2731	0.2889	0.2138	0.2003	0.2969	0.3533	0.1932	0.1618	0.2917	1.2446E-3	7.6865E-4	1.1711E-3	0.6068	1.0531E-2	2.516	1.928	132.023
131000000	7.857	14.224	11.872	7.768	0.2226	0.1236	0.7104	0.3927	0.5205	0.5193	1.4379	1.5648	0.3040	0.2325	0.2753	0.1882	0.3251	0.2351	0.1748	0.2649	0.2892	0.2085	0.2025	0.2998	0.3458	0.1953	0.1648	0.2942	1.3125E-3	8.6711E-4	1.2089E-3	0.6472	-4.7584E-3	1.466	1.976	131.920
132000000	7.092	16.419	11.829	8.440	0.2075	1.9931E-2	0.5154	0.3309	0.5129	0.5477	1.4006	1.5826	0.2976	0.2334	0.2729	0.1961	0.3211	0.2327	0.1680	0.2782	0.3047	0.2060	0.1929	0.2965	0.3486	0.1921	0.1566	0.3027	1.2754E-3	8.9808E-4	1.245E-3	0.7258	-7.0723E-3	3.607	1.932	128.283
133000000	7.664	11.837	15.218	8.829	0.2722	1.0023E-2	0.9205	0.3929	0.5188	0.4637	1.4070	1.6602	0.3016	0.2286	0.2705	0.1993	0.3147	0.2438	0.1742	0.2672	0.3004	0.2041	0.1939	0.3016	0.3451	0.1878	0.1638	0.3032	1.2414E-3	8.6221E-4	1.182E-3	0.6948	-1.6168E-3	2.484	1.884	128.922
134000000	8.981	11.680	12.751	8.260	0.2306	4.3731E-3	0.7838	0.4189	0.4785	0.5212	1.4634	1.5807	0.3037	0.2312	0.2783	0.1868	0.3242	0.2288	0.1683	0.2787	0.2844	0.2141	0.1914	0.3100	0.3397	0.1932	0.1738	0.2933	1.2709E-3	8.864E-4	1.2214E-3	0.7165	3.9651E-2	2.580	1.886	128.236
135000000	8.783	10.635	12.507	8.861	0.2589	8.6571E-2	0.4908	0.4090	0.5209	0.5041	1.4121	1.6086	0.3045	0.2303	0.2728	0.1924	0.3191	0.2367	0.1674	0.2768	0.2897	0.2208	0.1979	0.2916	0.3528	0.1903	0.1636	0.2933	1.2576E-3	9.7175E-4	1.1862E-3	0.7500	1.7235E-2	5.562	1.897	131.234
136000000	9.994	8.494	15.368	8.723	8.6389E-2	8.4484E-2	0.5942	0.4636	0.5991	0.4871	1.3718	1.5861	0.3024	0.2282	0.2758	0.1936	0.3046	0.2423	0.1766	0.2765	0.2897	0.2221	0.1847	0.3035	0.3499	0.1926	0.1544	0.3031	1.2667E-3	9.1874E-4	1.1882E-3	0.7187	3.4127E-2	3.333	1.923	127.649
137000000	9.567	14.208	14.413	8.670	0.4048	9.2109E-3	0.5879	0.3381	0.5577	0.4967	1.3326	1.6629	0.3015	0.2271	0.2799	0.1915	0.3131	0.2407	0.1720	0.2742	0.2882	0.2134	0.1943	0.3040	0.3334	0.2003	0.1716	0.2946	1.3057E-3	1.0765E-3	1.2026E-3	0.8249	8.7673E-3	2.582	1.914	128.682
138000000	9.562	14.311	16.768	10.360	0.2469	3.0032E-3	0.6384	0.4702	0.5549	0.4869	1.4030	1.6003	0.2992	0.2268	0.2767	0.1972	0.3080	0.2365	0.1755	0.2800	0.3011	0.2114	0.1872	0.3003	0.3473	0.1932	0.1539	0.3056	1.3036E-3	9.845E-4	1.2034E-3	0.7502	-8.0389E-3	4.736	2.065	132.588
139000000	8.415	11.300	13.760	8.671	0.2549	6.9884E-2	0.6470	0.2915	0.5944	0.5501	1.4412	1.4479	0.2993	0.2200	0.2802	0.2006	0.3068	0.2503	0.1734	0.2695	0.2938	0.2050	0.1938	0.3073	0.3483	0.2092	0.1521	0.2904	1.1636E-3	7.7262E-4	1.1145E-3	0.6813	2.1319E-2	1.835	1.912	129.420
140000000	8.526	14.948	15.040	8.270	0.1081	1.3921E-2	0.5277	0.3077	0.5108	0.5096	1.4787	1.5416	0.2962	0.2315	0.2753	0.1971	0.3152	0.2359	0.1783	0.2706	0.2953	0.2100	0.1972	0.2975	0.3564	0.1834	0.1539	0.3063	1.2117E-3	8.0902E-4	1.1665E-3	0.6712	-1.1789E-2	1.932	1.935	130.969
141000000	9.542	11.980	15.516	8.260	0.2076	8.9675E-2	0.6510	0.3528	0.5656	0.4730	1.4389	1.5650	0.3010	0.2249	0.2771	0.1970	0.3267	0.2303	0.1690	0.2741	0.2868	0.2197	0.1956	0.2978	0.3512	0.1907	0.1581	0.3000	1.1878E-3	7.7822E-4	1.1513E-3	0.6728	2.9942E-2	1.187	1.925	131.194
142000000	9.791	12.915	12.855	8.612	0.2130	2.2389E-2	0.6809	0.3775	0.5270	0.4992	1.3467	1.6782	0.3109	0.2367	0.2708	0.1816	0.3199	0.2383	0.1730	0.2688	0.2895	0.2043	0.1973	0.3089	0.3456	0.1968	0.1605	0.2970	1.2669E-3	8.9542E-4	1.2287E-3	0.7144	6.583E-3	2.270	1.989	127.354
143000000	11.087	15.960	13.137	9.359	0.1049	2.0287E-2	0.6421	0.3775	0.5410	0.4804	1.4261	1.5975	0.3025	0.2282	0.2763	0.1930	0.3173	0.2376	0.1636	0.2815	0.2917	0.2121	0.1923	0.3040	0.3576	0.1909	0.1646	0.2869	1.2474E-3	9.0987E-4	1.2018E-3	0.7232	8.4008E-4	3.641	1.922	126.150
144000000	7.761	15.421	12.469	7.522	0.3043	9.2621E-2	0.5958	0.3282	0.5256	0.5219	1.4036	1.5936	0.3045	0.2321	0.2774	0.1861	0.3127	0.2414	0.1736	0.2723	0.2912	0.2161	0.1939	0.2988	0.3570	0.1959	0.1626	0.2846	1.2886E-3	1.0213E-3	1.2161E-3	0.8066	-3.6496E-4	3.351	1.901	129.880
145000000	11.893	16.081	14.710	9.489	0.2113	1.9747E-2	0.5633	0.3397	0.5323	0.5089	1.3637	1.6436	0.2981	0.2262	0.2749	0.2008	0.3095	0.2389	0.1718	0.2798	0.2915	0.2165	0.1911	0.3009	0.3376	0.1888	0.1657	0.3079	1.1775E-3	8.5769E-4	1.1256E-3	0.7323	1.1461E-3	2.726	1.890	132.907
146000000	8.117	12.273	14.091	8.916	0.3270	4.3882E-2	0.6073	0.3815	0.5138	0.5086	1.4369	1.5846	0.3051	0.2359	0.2653	0.1936	0.3261	0.2372	0.1628	0.2739	0.2834	0.2178	0.1936	0.3051	0.3463	0.1869	0.1616	0.3052	1.2408E-3	8.6682E-4	1.1734E-3	0.6887	4.7928E-6	1.914	1.888	129.275
147000000	8.008	14.261	13.165	8.731	0.1358	7.2181E-3	0.6230	0.3489	0.5554	0.5177	1.3649	1.6077	0.2967	0.2372	0.2780	0.1880	0.3189	0.2345	0.1756	0.2710	0.2867	0.2153	0.1993	0.2986	0.3383	0.2036	0.1615	0.2967	1.2864E-3	9.9031E-4	1.2169E-3	0.7440	1.5706E-2	2.025	1.916	128.204
148000000	9.515	11.629	12.936	7.755	0.1942	7.5598E-3	0.6062	0.4263	0.5132	0.5220	1.4014	1.6092	0.3068	0.2259	0.2736	0.1937	0.3183	0.2364	0.1672	0.2781	0.2930	0.2191	0.1975	0.2904	0.3378	0.1977	0.1609	0.3035	1.2602E-3	9.6978E-4	1.1839E-3	0.7828	1.0537E-2	4.460	1.920	129.096
149000000	8.175	12.338	14.571	9.513	0.2103	5.7869E-2	0.7522	0.4035	0.5376	0.5548	1.3569	1.5956	0.2961	0.2415	0.2788	0.1837	0.3104	0.2300	0.1799	0.2797	0.2892	0.2192	0.2001	0.2914	0.3423	0.1972	0.1682	0.2923	1.199E-3	7.9738E-4	1.1453E-3	0.6484	8.2946E-3	2.446	1.931	131.456
150000000	7.802	15.886	12.490	8.086	0.3017	5.5746E-2	0.4443	0.3393	0.5440	0.5056	1.4173	1.5765	0.2949	0.2269	0.2761	0.2021	0.3148	0.2402	0.1670	0.2781	0.2897	0.2139	0.1922	0.3042	0.3475	0.2016	0.1624	0.2885	1.1914E-3	6.9451E-4	1.1478E-3	0.5947	-5.4085E-5	2.754	1.925	132.488
151000000	9.720	10.952	14.587	7.453	0.2131	6.4034E-2	0.6047	0.4359	0.5363	0.5099	1.4069	1.5913	0.2971	0.2314	0.2749	0.1966	0.3115	0.2446	0.1761	0.2678	0.2869	0.2136	0.1917	0.3079	0.3459	0.1938	0.1509	0.3093	1.2763E-3	7.9168E-4	1.2067E-3	0.6166	3.9244E-3	1.292	1.922	130.582
152000000	7.843	15.845	12.216	9.375	0.1754	9.5438E-2	0.6240	0.4323	0.5116	0.5287	1.3668	1.6412	0.3038	0.2253	0.2810	0.1899	0.3077	0.2425	0.1653	0.2846	0.2933	0.2161	0.1951	0.2954	0.3499	0.1947	0.1639	0.2915	1.2232E-3	8.8238E-4	1.1495E-3	0.7373	-9.7403E-3	1.557	1.950	131.268
153000000	10.314	12.996	14.081	8.865	0.2964	5.4487E-2	0.8202	0.4670	0.5090	0.5200	1.4073	1.6096	0.3033	0.2260	0.2753	0.1955	0.3131	0.2363	0.1690	0.2816	0.2918	0.2100	0.1976	0.3006	0.3428	0.1952	0.1628	0.2992	1.2687E-3	9.2433E-4	1.1847E-3	0.7470	2.2646E-3	3.102	1.925	131.071
154000000	8.629	11.971	15.687	8.039	0.1491	8.9646E-2	0.9970	0.3939	0.5530	0.4689	1.4104	1.6140	0.3127	0.2228	0.2756	0.1890	0.3068	0.2501	0.1655	0.2776	0.2943	0.2158	0.1882	0.3018	0.3499	0.1903	0.1658	0.2940	1.1645E-3	8.4119E-4	1.129E-3	0.7461	2.0404E-2	1.663	1.869	134.256
155000000	8.955	13.692	13.515	8.985	0.2211	1.1427E-2	0.5734	0.3260	0.5284	0.5437	1.3638	1.6099	0.3043	0.2210	0.2882	0.1865	0.3165	0.2368	0.1687	0.2781	0.2902	0.2122	0.1989	0.2986	0.3617	0.1925	0.1540	0.2918	1.2828E-3	9.3176E-4	1.2065E-3	0.7201	-1.1908E-2	2.888	1.880	131.229
156000000	7.357	10.234	12.298	7.308	8.5116E-2	1.9748E-2	0.4686	0.3673	0.4936	0.5198	1.4575	1.5721	0.3098	0.2235	0.2780	0.1887	0.3123	0.2260	0.1786	0.2831	0.2898	0.2232	0.1916	0.2954	0.3543	0.1911	0.1612	0.2933	1.2358E-3	8.5535E-4	1.1876E-3	0.7116	1.6243E-2	2.886	1.891	129.625
157000000	7.817	11.830	11.879	7.832	0.1228	3.1105E-2	0.5156	0.4620	0.5149	0.4759	1.4232	1.6337	0.2952	0.2302	0.2870	0.1876	0.3099	0.2369	0.1693	0.2840	0.2908	0.2121	0.2024	0.2948	0.3395	0.1854	0.1714	0.3037	1.2857E-3	9.2916E-4	1.1932E-3	0.7058	2.4766E-2	3.307	1.902	129.378
158000000	8.780	13.066	14.222	8.089	0.2244	5.0412E-2	0.4877	0.3738	0.5616	0.4885	1.3510	1.6476	0.3126	0.2246	0.2749	0.1880	0.3182	0.2385	0.1630	0.2802	0.3024	0.2145	0.1902	0.2929	0.3569	0.1878	0.1579	0.2974	1.1935E-3	7.1739E-4	1.1537E-3	0.6331	7.6336E-3	2.427	1.979	133.427
159000000	9.225	12.617	14.052	7.930	0.1368	5.3911E-2	0.6527	0.3271	0.5158	0.5560	1.4493	1.5178	0.2925	0.2325	0.2694	0.2056	0.3139	0.2331	0.1711	0.2819	0.2849	0.2228	0.2026	0.2898	0.3554	0.1885	0.1609	0.2952	1.1891E-3	8.305E-4	1.1525E-3	0.7420	-2.5579E-2	1.796	1.995	133.613
160000000	9.772	9.007	12.909	9.014	0.1754	7.2275E-3	0.5253	0.3243	0.5390	0.5049	1.3905	1.6116	0.3101	0.2336	0.2736	0.1827	0.3134	0.2384	0.1654	0.2829	0.2948	0.2170	0.1865	0.3017	0.3432	0.1893	0.1638	0.3037	1.2546E-3	8.6703E-4	1.197E-3	0.7157	2.5944E-2	1.463	1.972	127.429
161000000	9.066	10.288	13.792	7.620	0.1603	3.6002E-2	0.8206	0.4146	0.5390	0.4427	1.4133	1.6542	0.3122	0.2229	0.2742	0.1907	0.3166	0.2337	0.1703	0.2794	0.2908	0.2088	0.1990	0.3013	0.3444	0.1878	0.1678	0.3000	1.1876E-3	8.5776E-4	1.1399E-3	0.7025	3.851E-2	2.986	1.918	133.220
162000000	8.257	14.626	12.510	8.066	0.1413	8.5086E-2	0.6197	0.3367	0.4968	0.5375	1.4575	1.5494	0.2976	0.2214	0.2866	0.1945	0.3118	0.2516	0.1679	0.2687	0.2876	0.2098	0.1956	0.3069	0.3500	0.1948	0.1623	0.2929	1.332E-3	1.023E-3	1.2293E-3	0.7622	1.4827E-2	2.510	1.995	127.329
163000000	10.721	12.159	14.498	9.388	0.1691	6.5922E-2	0.5623	0.3298	0.5860	0.5087	1.4219	1.5228	0.3105	0.2240	0.2744	0.1910	0.3229	0.2240	0.1860	0.2672	0.2898	0.2174	0.1964	0.2964	0.3357	0.1907	0.1653	0.3083	1.3223E-3	9.6166E-4	1.2275E-3	0.7713	3.1232E-2	1.505	1.886	126.322
164000000	9.081	12.513	11.568	8.961	2.3483E-2	1.7573E-2	0.5864	0.3750	0.5212	0.5128	1.3356	1.6817	0.3064	0.2269	0.2667	0.2000	0.3075	0.2436	0.1770	0.2720	0.2885	0.2171	0.1947	0.2997	0.3388	0.2073	0.1638	0.2902	1.2513E-3	9.2074E-4	1.1957E-3	0.7385	-4.747E-3	2.239	1.922	130.836
165000000	6.467	11.294	12.978	9.552	0.2126	0.1324	0.6411	0.3672	0.5276	0.4651	1.3976	1.6594	0.3204	0.2197	0.2724	0.1875	0.3163	0.2356	0.1736	0.2745	0.3020	0.2181	0.1922	0.2877	0.3493	0.1922	0.1555	0.3030	1.1803E-3	8.3539E-4	1.1344E-3	0.7122	2.7175E-2	1.992	1.941	135.838
166000000	6.831	12.371	11.984	7.547	0.1717	0.1176	0.7153	0.4249	0.5551	0.5061	1.3638	1.6217	0.2913	0.2328	0.2812	0.1946	0.3114	0.2394	0.1774	0.2719	0.2878	0.2217	0.1898	0.3007	0.3392	0.1951	0.1666	0.2991	1.2399E-3	8.7882E-4	1.1827E-3	0.7064	6.709E-3	2.938	1.931	130.211
167000000	7.160	15.167	12.773	7.632	0.1684	5.8623E-2	0.5857	0.3545	0.5197	0.5309	1.3764	1.6196	0.3013	0.2278	0.2796	0.1913	0.3078	0.2356	0.1742	0.2824	0.2887	0.2158	0.1911	0.3044	0.3444	0.1965	0.1676	0.2915	1.2832E-3	8.8165E-4	1.1709E-3	0.6577	-1.9766E-3	2.128	1.955	129.421
168000000	8.806	11.838	13.786	8.277	0.1303	5.6897E-2	0.5681	0.3390	0.5611	0.4918	1.3536	1.6417	0.3063	0.2397	0.2727	0.1813	0.3158	0.2397	0.1740	0.2705	0.2927	0.2127	0.1967	0.2978	0.3420	0.1946	0.1583	0.3051	1.3025E-3	1.0053E-3	1.2245E-3	0.7582	2.5765E-2	3.776	1.892	128.713
169000000	10.369	13.265	15.442	8.276	0.1647	6.7617E-2	0.7168	0.3795	0.5304	0.5542	1.4367	1.5177	0.3046	0.2248	0.2763	0.1943	0.3176	0.2388	0.1694	0.2742	0.2896	0.2162	0.1907	0.3035	0.3398	0.1995	0.1655	0.2951	1.2304E-3	8.7124E-4	1.1878E-3	0.7124	4.576E-2	3.702	1.937	127.383
170000000	8.885	10.714	16.174	8.697	0.1552	9.7245E-2	0.7771	0.3461	0.5382	0.4967	1.3888	1.6231	0.2927	0.2282	0.2819	0.1972	0.3039	0.2426	0.1720	0.2815	0.2934	0.2205	0.1890	0.2970	0.3391	0.1957	0.1698	0.2954	1.3857E-3	9.3887E-4	1.2974E-3	0.6697	2.3027E-2	7.497	1.900	126.153
171000000	8.496	12.142	14.001	8.438	0.1032	4.3695E-2	0.8083	0.3446	0.5891	0.5069	1.3756	1.5714	0.2993	0.2332	0.2745	0.1931	0.3192	0.2443	0.1630	0.2734	0.2822	0.2238	0.1984	0.2955	0.3474	0.1942	0.1597	0.2987	1.2834E-3	9.2678E-4	1.1913E-3	0.7257	1.0381E-2	3.541	1.866	128.604
172000000	10.542	9.677	16.661	8.220	0.2379	1.4056E-2	0.5942	0.3211	0.5087	0.4927	1.4403	1.6038	0.2919	0.2297	0.2796	0.1988	0.3058	0.2415	0.1776	0.2751	0.2863	0.2143	0.2020	0.2974	0.3616	0.1865	0.1615	0.2904	1.3251E-3	9.8129E-4	1.2481E-3	0.7289	2.3021E-3	3.159	1.933	128.392
173000000	10.109	11.356	15.595	9.127	9.2425E-2	4.5016E-2	0.6089	0.4844	0.5639	0.4704	1.4175	1.5928	0.3132	0.2188	0.2748	0.1931	0.3165	0.2329	0.1713	0.2793	0.2837	0.2127	0.1919	0.3117	0.3400	0.1879	0.1667	0.3054	1.2325E-3	8.5249E-4	1.1557E-3	0.6819	3.3755E-2	3.050	1.917	129.940
174000000	8.130	14.228	13.115	8.226	0.3681	2.4465E-2	0.6336	0.3181	0.5566	0.5105	1.3767	1.6015	0.3007	0.2388	0.2725	0.1880	0.3108	0.2385	0.1817	0.2690	0.2988	0.2040	0.1877	0.3095	0.3364	0.1900	0.1662	0.3074	1.344E-3	9.6434E-4	1.2289E-3	0.6905	-5.6645E-3	3.139	1.910	125.588
175000000	7.526	15.656	13.713	9.147	0.2657	4.8197E-2	0.5417	0.4644	0.5450	0.4621	1.3915	1.6503	0.3045	0.2336	0.2601	0.2018	0.3196	0.2408	0.1633	0.2763	0.2995	0.2122	0.1901	0.2982	0.3495	0.1952	0.1503	0.3049	1.2992E-3	1.0566E-3	1.1965E-3	0.8163	5.7711E-3	2.806	1.994	127.934
176000000	6.996	13.461	15.383	8.039	0.2784	8.714E-3	0.6226	0.3930	0.5550	0.5246	1.4111	1.5507	0.3092	0.2196	0.2697	0.2016	0.3097	0.2487	0.1756	0.2659	0.2934	0.2051	0.1912	0.3102	0.3427	0.1906	0.1552	0.3115	1.1364E-3	7.4914E-4	1.0981E-3	0.6402	6.5979E-3	2.618	2.047	134.691
177000000	8.814	10.763	13.343	8.548	0.3553	3.8088E-2	0.5364	0.4167	0.5076	0.4739	1.4481	1.6168	0.2998	0.2311	0.2720	0.1971	0.3155	0.2381	0.1657	0.2807	0.2991	0.2187	0.1964	0.2858	0.3470	0.1893	0.1676	0.2961	1.2538E-3	8.9379E-4	1.1904E-3	0.6918	8.4605E-4	2.391	1.944	126.557
178000000	7.835	11.612	12.944	9.504	0.1295	1.7293E-2	0.7157	0.3816	0.5050	0.5184	1.4083	1.6145	0.3132	0.2255	0.2720	0.1894	0.3338	0.2295	0.1717	0.2650	0.2865	0.2151	0.1980	0.3004	0.3462	0.2000	0.1607	0.2931	1.2787E-3	8.8529E-4	1.2339E-3	0.6917	2.4974E-2	1.486	1.919	130.316
179000000	7.675	10.500	11.386	7.855	1.8599E-2	0.1142	0.4332	0.4136	0.5318	0.5052	1.4402	1.5654	0.3063	0.2187	0.2823	0.1927	0.3130	0.2470	0.1669	0.2730	0.2835	0.2155	0.1959	0.3051	0.3421	0.1954	0.1614	0.3012	1.3057E-3	1.086E-3	1.2043E-3	0.8062	-1.631E-2	2.436	1.880	128.612
180000000	8.439	10.310	12.902	9.872	0.4068	6.8845E-2	0.5986	0.3945	0.5026	0.4767	1.4678	1.5979	0.3155	0.2301	0.2693	0.1851	0.3249	0.2434	0.1682	0.2635	0.2859	0.2112	0.1905	0.3124	0.3383	0.1912	0.1693	0.3012	1.2921E-3	9.6886E-4	1.1812E-3	0.7175	6.7137E-3	2.943	1.963	129.835
181000000	8.252	17.451	11.552	8.795	0.3318	0.1011	0.6421	0.3293	0.4885	0.4966	1.5012	1.5555	0.3032	0.2360	0.2736	0.1873	0.3118	0.2439	0.1675	0.2767	0.2849	0.2046	0.2015	0.3090	0.3473	0.1885	0.1635	0.3007	1.2361E-3	8.5797E-4	1.1618E-3	0.6941	7.2601E-3	3.404	1.975	130.515
182000000	7.407	11.388	15.391	8.444	0.1438	7.1794E-2	1.0166	0.3212	0.5738	0.5163	1.3751	1.5784	0.2996	0.2341	0.2707	0.1956	0.3066	0.2426	0.1739	0.2769	0.2884	0.2278	0.1837	0.3002	0.3375	0.2005	0.1670	0.2950	1.235E-3	8.2875E-4	1.1784E-3	0.6910	-2.5276E-2	3.008	1.956	132.023
183000000	12.216	12.462	13.110	9.216	8.2073E-2	4.4999E-2	0.6531	0.3136	0.5833	0.4654	1.4259	1.5682	0.3094	0.2219	0.2744	0.1942	0.3080	0.2441	0.1703	0.2777	0.2976	0.2182	0.1910	0.2932	0.3519	0.1854	0.1646	0.2980	1.1944E-3	8.828E-4	1.1554E-3	0.7526	1.5122E-3	1.854	2.147	131.900
184000000	11.437	12.208	14.905	9.213	5.0486E-2	2.5305E-2	0.6102	0.3447	0.5462	0.5304	1.3605	1.6086	0.3105	0.2345	0.2655	0.1895	0.3137	0.2394	0.1699	0.2769	0.3010	0.2112	0.1919	0.2959	0.3384	0.2001	0.1598	0.3017	1.3446E-3	9.7607E-4	1.2425E-3	0.7322	3.3776E-2	1.170	1.974	127.683
185000000	8.748	11.413	16.701	8.781	0.2306	1.8218E-2	0.5393	0.3118	0.5172	0.5177	1.4672	1.5385	0.3069	0.2269	0.2777	0.1885	0.3123	0.2378	0.1734	0.2765	0.2969	0.2091	0.1958	0.2982	0.3500	0.1923	0.1687	0.2889	1.2675E-3	8.0638E-4	1.1868E-3	0.6386	-2.24E-2	3.093	1.995	129.054
186000000	7.446	12.226	15.673	8.151	0.1661	7.7293E-2	0.5611	0.3888	0.5053	0.5108	1.3578	1.6770	0.3032	0.2327	0.2745	0.1896	0.3032	0.2362	0.1722	0.2883	0.2949	0.2074	0.1941	0.3036	0.3472	0.1910	0.1649	0.2968	1.2796E-3	8.9212E-4	1.1893E-3	0.6845	-3.2341E-4	3.704	1.937	127.533
187000000	8.029	11.873	12.564	9.263	0.2718	9.1258E-2	0.5284	0.3576	0.5699	0.4911	1.3455	1.6417	0.3004	0.2276	0.2775	0.1945	0.3101	0.2437	0.1828	0.2634	0.2973	0.2197	0.1948	0.2883	0.3403	0.1983	0.1667	0.2948	1.1957E-3	8.2434E-4	1.1553E-3	0.6815	2.2475E-2	2.575	1.925	127.793
188000000	10.388	10.960	15.092	8.293	0.3105	9.8178E-2	0.6799	0.3221	0.4977	0.5073	1.4682	1.5698	0.2930	0.2376	0.2843	0.1851	0.3110	0.2398	0.1686	0.2806	0.2887	0.2144	0.1874	0.3095	0.3550	0.1935	0.1575	0.2940	1.2652E-3	8.2722E-4	1.1949E-3	0.6691	-3.1659E-2	1.971	1.985	125.937
189000000	9.506	15.508	13.887	8.750	0.2290	2.9851E-2	0.4578	0.4014	0.5435	0.5228	1.3147	1.6694	0.3018	0.2349	0.2723	0.1911	0.3040	0.2341	0.1730	0.2889	0.2855	0.2267	0.1946	0.2932	0.3394	0.1964	0.1636	0.3006	1.2538E-3	9.9718E-4	1.1882E-3	0.7561	1.347E-2	2.470	1.886	127.711
190000000	10.738	15.320	14.601	8.873	0.1653	2.7784E-2	0.5136	0.4266	0.5029	0.5051	1.4033	1.6365	0.2997	0.2323	0.2743	0.1937	0.3110	0.2487	0.1709	0.2694	0.2918	0.2087	0.2015	0.2980	0.3463	0.2062	0.1639	0.2836	1.282E-3	9.0006E-4	1.1848E-3	0.7452	1.8435E-2	2.577	1.934	130.834
191000000	9.814	13.513	13.196	8.234	0.1576	6.6865E-2	0.7102	0.3002	0.5033	0.5316	1.3728	1.6404	0.3031	0.2313	0.2666	0.1990	0.3102	0.2400	0.1634	0.2865	0.2860	0.2105	0.1999	0.3035	0.3461	0.1860	0.1673	0.3006	1.2179E-3	9.2403E-4	1.1657E-3	0.7846	2.1912E-2	1.866	2.030	130.843
192000000	8.753	12.381	14.675	8.367	0.1915	4.9028E-2	0.8294	0.3016	0.5523	0.5324	1.4222	1.5332	0.2955	0.2344	0.2744	0.1957	0.3225	0.2350	0.1766	0.2658	0.2944	0.2089	0.1979	0.2989	0.3390	0.1897	0.1712	0.3001	1.2328E-3	1.0158E-3	1.1448E-3	0.7883	-1.8881E-2	4.319	1.910	131.641
193000000	7.997	12.881	15.873	7.578	0.4956	6.7073E-2	0.7455	0.4249	0.5448	0.5180	1.3570	1.6274	0.3029	0.2189	0.2871	0.1911	0.2991	0.2450	0.1782	0.2777	0.2872	0.2148	0.2005	0.2975	0.3441	0.1980	0.1629	0.2950	1.3903E-3	9.6075E-4	1.2881E-3	0.6653	4.2267E-2	3.487	1.856	126.315
194000000	9.323	13.423	12.281	8.148	0.1388	3.1798E-2	0.8192	0.3987	0.5321	0.4787	1.3885	1.6496	0.3002	0.2316	0.2799	0.1882	0.3182	0.2310	0.1681	0.2826	0.2986	0.2177	0.1882	0.2955	0.3487	0.1843	0.1652	0.3018	1.3142E-3	9.0798E-4	1.2271E-3	0.6939	3.2924E-3	1.702	1.881	126.375
195000000	8.420	15.342	13.069	8.429	0.1115	2.103E-2	0.7478	0.3367	0.5081	0.5141	1.5083	1.5077	0.2952	0.2307	0.2806	0.1935	0.3112	0.2457	0.1582	0.2849	0.2894	0.2220	0.2009	0.2878	0.3448	0.1935	0.1642	0.2975	1.2045E-3	8.1138E-4	1.1608E-3	0.6789	1.3093E-2	1.934	1.877	128.755
196000000	8.842	13.902	15.350	8.982	0.2313	6.3137E-2	0.4697	0.3965	0.5269	0.5049	1.4831	1.5246	0.3020	0.2310	0.2831	0.1839	0.3229	0.2409	0.1687	0.2674	0.2906	0.2034	0.1998	0.3062	0.3444	0.1956	0.1681	0.2919	1.2429E-3	7.685E-4	1.216E-3	0.6373	2.8829E-2	1.971	1.906	127.371
197000000	10.116	11.643	17.598	9.149	0.1674	1.6037E-2	0.6296	0.3637	0.5139	0.5579	1.3897	1.5825	0.2990	0.2325	0.2773	0.1913	0.3100	0.2410	0.1701	0.2790	0.2972	0.2151	0.1868	0.3009	0.3460	0.1878	0.1613	0.3049	1.1918E-3	7.8447E-4	1.1611E-3	0.6697	3.9871E-2	1.437	1.871	133.222
198000000	9.932	12.790	12.960	8.497	0.1797	6.9617E-3	0.6416	0.4652	0.5361	0.4931	1.4613	1.5509	0.3088	0.2285	0.2716	0.1911	0.3166	0.2306	0.1789	0.2740	0.2928	0.2024	0.2066	0.2981	0.3325	0.1958	0.1664	0.3054	1.163E-3	7.6427E-4	1.1399E-3	0.6389	1.1699E-2	1.247	1.898	132.425
199000000	10.466	13.317	14.041	9.140	0.1927	8.9354E-2	0.4759	0.5180	0.5341	0.4360	1.3888	1.6931	0.3011	0.2188	0.2780	0.2021	0.3216	0.2386	0.1707	0.2691	0.2843	0.2128	0.1937	0.3093	0.3424	0.1925	0.1639	0.3012	1.299E-3	9.0662E-4	1.2151E-3	0.7185	2.9234E-2	1.427	1.896	127.199
200000000	7.741	12.133	13.724	11.180	0.2311	1.8363E-2	0.6925	0.3561	0.5858	0.4946	1.3622	1.6028	0.3049	0.2303	0.2746	0.1902	0.3120	0.2311	0.1757	0.2812	0.2887	0.2211	0.2002	0.2900	0.3494	0.1979	0.1619	0.2908	1.1854E-3	8.6075E-4	1.1142E-3	0.7444	1.7435E-3	1.988	1.979	133.260
