state	cp1.kappa	cp2.kappa	cp3.kappa	ig.kappa	cp1.alpha	cp2.alpha	cp3.alpha	ig.alpha	cp1.mu	cp2.mu	cp3.mu	ig.mu	cp1.frequencies1	cp1.frequencies2	cp1.frequencies3	cp1.frequencies4	cp2.frequencies1	cp2.frequencies2	cp2.frequencies3	cp2.frequencies4	cp3.frequencies1	cp3.frequencies2	cp3.frequencies3	cp3.frequencies4	ig.frequencies1	ig.frequencies2	ig.frequencies3	ig.frequencies4	ucld.mean	ucld.stdev	meanRate	coefficientOfVariation	covariance	skygrid.precision	rootHeight	treeLength
1000000	11.028	10.487	14.152	8.126	9.9565E-2	7.5036E-2	0.6400	0.3671	0.4987	0.4966	1.4548	1.5946	0.3118	0.2269	0.2703	0.1910	0.3155	0.2458	0.1712	0.2674	0.2962	0.2053	0.1920	0.3065	0.3330	0.1956	0.1608	0.3106	1.173E-3	7.5984E-4	1.1468E-3	0.6559	1.86E-2	1.722	2.015	130.541
2000000	11.833	10.476	14.138	7.295	0.1901	3.3165E-3	0.5296	0.2889	0.5395	0.4729	1.4069	1.6279	0.3023	0.2276	0.2806	0.1896	0.3151	0.2412	0.1658	0.2779	0.2884	0.2138	0.2006	0.2972	0.3483	0.1877	0.1527	0.3113	1.2641E-3	8.5486E-4	1.2096E-3	0.6853	-1.579E-3	2.009	1.947	130.223
3000000	8.866	10.134	11.606	9.883	0.1514	6.5878E-2	0.5465	0.3497	0.5053	0.5457	1.3831	1.6120	0.3052	0.2288	0.2758	0.1903	0.3056	0.2480	0.1658	0.2805	0.2970	0.2028	0.1952	0.3049	0.3416	0.1884	0.1652	0.3048	1.2284E-3	8.4193E-4	1.1617E-3	0.6910	-1.094E-2	2.319	1.910	132.555
4000000	9.563	12.588	11.793	8.861	0.2612	4.9053E-2	0.4921	0.3459	0.5651	0.5102	1.4029	1.5643	0.3158	0.2255	0.2615	0.1972	0.2968	0.2422	0.1698	0.2913	0.3008	0.2098	0.1944	0.2949	0.3638	0.1923	0.1518	0.2921	1.2016E-3	8.3174E-4	1.1448E-3	0.6958	-1.1457E-2	2.084	1.891	134.670
5000000	9.501	14.398	14.572	9.680	8.2267E-2	5.0851E-2	0.7220	0.3969	0.5638	0.5040	1.3348	1.6461	0.3041	0.2264	0.2722	0.1973	0.3138	0.2420	0.1641	0.2801	0.2967	0.2110	0.1882	0.3041	0.3391	0.1972	0.1644	0.2993	1.2461E-3	8.4149E-4	1.1712E-3	0.6707	1.8237E-2	1.900	1.976	130.226
6000000	7.246	10.636	13.440	9.060	0.1350	1.84E-2	0.5101	0.4077	0.5445	0.5250	1.4070	1.5661	0.3029	0.2326	0.2714	0.1932	0.3072	0.2389	0.1732	0.2807	0.2894	0.2119	0.1920	0.3067	0.3389	0.1875	0.1637	0.3098	1.1923E-3	7.6185E-4	1.1674E-3	0.6566	3.0134E-2	2.797	1.926	132.252
7000000	8.709	14.845	12.313	8.567	0.1118	0.1043	0.5561	0.3442	0.5446	0.4549	1.4397	1.6063	0.3125	0.2218	0.2724	0.1933	0.3187	0.2392	0.1727	0.2693	0.2904	0.2105	0.1932	0.3060	0.3457	0.1984	0.1613	0.2946	1.2151E-3	8.6802E-4	1.1715E-3	0.7262	-1.2281E-2	2.546	2.127	135.464
8000000	8.008	10.940	10.919	8.080	0.1344	3.7138E-2	0.7197	0.3725	0.5560	0.5184	1.4261	1.5402	0.3006	0.2305	0.2717	0.1972	0.3171	0.2494	0.1692	0.2643	0.2840	0.2192	0.1938	0.3029	0.3408	0.1885	0.1615	0.3092	1.1555E-3	7.8937E-4	1.1186E-3	0.6840	6.755E-3	2.340	1.959	138.126
9000000	10.159	12.688	14.132	7.893	0.2254	9.7785E-2	0.6900	0.3884	0.5873	0.4713	1.3851	1.6015	0.3004	0.2289	0.2826	0.1881	0.3172	0.2372	0.1701	0.2755	0.2938	0.2118	0.1957	0.2987	0.3582	0.1923	0.1582	0.2914	1.2884E-3	9.7042E-4	1.2072E-3	0.7516	1.0923E-2	2.812	1.991	130.161
10000000	8.160	14.406	13.815	9.042	0.4650	9.4243E-2	0.6255	0.3758	0.5711	0.4782	1.4327	1.5601	0.3056	0.2274	0.2670	0.2000	0.3176	0.2321	0.1736	0.2767	0.2856	0.2153	0.1874	0.3117	0.3478	0.2003	0.1643	0.2876	1.2128E-3	9.2936E-4	1.1739E-3	0.7579	8.8958E-3	2.161	1.926	130.619
11000000	8.261	11.637	13.575	9.318	0.1297	6.4645E-2	0.4512	0.3888	0.5019	0.5030	1.4511	1.5882	0.3004	0.2263	0.2844	0.1889	0.3194	0.2399	0.1634	0.2773	0.2973	0.2087	0.1964	0.2976	0.3407	0.2027	0.1680	0.2887	1.3037E-3	9.4504E-4	1.2093E-3	0.7119	-2.0339E-2	1.324	1.996	127.474
12000000	7.783	10.933	13.063	8.763	0.1115	1.5904E-2	0.4649	0.3827	0.5549	0.4833	1.4062	1.6009	0.2978	0.2376	0.2658	0.1988	0.3133	0.2367	0.1697	0.2803	0.2889	0.2095	0.1967	0.3049	0.3496	0.1992	0.1568	0.2944	1.2519E-3	8.5286E-4	1.205E-3	0.7061	7.3538E-3	1.683	1.938	129.474
13000000	7.013	14.395	11.502	7.790	0.1924	1.5662E-2	0.4981	0.3657	0.4882	0.4809	1.4407	1.6382	0.3047	0.2244	0.2697	0.2012	0.3330	0.2370	0.1602	0.2698	0.2899	0.2163	0.1965	0.2973	0.3496	0.1982	0.1545	0.2976	1.2419E-3	8.4905E-4	1.1857E-3	0.6998	-1.7148E-2	3.285	1.991	128.855
14000000	7.446	12.262	12.331	9.590	0.1414	2.4217E-2	0.8530	0.3031	0.5083	0.5195	1.4444	1.5706	0.2946	0.2379	0.2737	0.1938	0.3250	0.2249	0.1629	0.2873	0.2921	0.2029	0.1970	0.3080	0.3545	0.1814	0.1544	0.3096	1.2922E-3	8.7495E-4	1.2261E-3	0.7220	4.7458E-3	3.396	1.929	129.103
15000000	8.407	15.090	12.541	8.913	0.1728	4.0546E-2	0.5662	0.3400	0.5143	0.4867	1.4092	1.6378	0.2967	0.2469	0.2703	0.1861	0.3076	0.2392	0.1743	0.2789	0.2861	0.2149	0.1952	0.3038	0.3418	0.1942	0.1582	0.3058	1.1691E-3	7.8159E-4	1.1158E-3	0.7308	-2.2864E-2	3.249	1.960	130.983
16000000	7.898	14.253	11.056	8.323	0.1093	0.1208	0.7371	0.3855	0.5303	0.5111	1.4333	1.5680	0.2960	0.2303	0.2705	0.2032	0.3261	0.2341	0.1677	0.2720	0.2921	0.2158	0.1936	0.2984	0.3337	0.1964	0.1706	0.2992	1.257E-3	9.0835E-4	1.1661E-3	0.7730	2.175E-3	1.768	2.023	131.873
17000000	9.749	13.193	12.301	7.514	0.2090	1.8922E-2	0.7946	0.3692	0.5454	0.5398	1.4062	1.5499	0.3035	0.2188	0.2861	0.1915	0.3069	0.2470	0.1729	0.2732	0.2808	0.2132	0.1939	0.3120	0.3434	0.1905	0.1710	0.2951	1.2347E-3	7.7813E-4	1.1711E-3	0.6325	2.0706E-2	1.782	1.881	131.152
18000000	9.640	12.227	13.546	8.519	0.1263	0.1216	0.6395	0.3220	0.4882	0.5348	1.3992	1.6249	0.3093	0.2213	0.2826	0.1868	0.3108	0.2417	0.1731	0.2744	0.3068	0.2084	0.1940	0.2908	0.3515	0.1723	0.1655	0.3107	1.2919E-3	1.008E-3	1.1965E-3	0.7812	-1.6095E-2	1.427	1.904	131.999
19000000	8.771	11.004	12.525	8.828	5.6042E-2	7.5982E-2	0.6057	0.4008	0.4980	0.4914	1.4496	1.6066	0.2945	0.2435	0.2746	0.1874	0.3128	0.2462	0.1731	0.2680	0.2877	0.2206	0.1997	0.2919	0.3404	0.1974	0.1644	0.2979	1.1801E-3	8.6485E-4	1.109E-3	0.7241	1.0393E-2	3.668	2.094	133.270
20000000	8.477	14.551	12.559	8.487	8.3186E-2	0.1021	0.6115	0.2933	0.5196	0.4886	1.4483	1.5877	0.3029	0.2366	0.2720	0.1886	0.3171	0.2408	0.1788	0.2633	0.2761	0.2230	0.1978	0.3031	0.3504	0.1889	0.1666	0.2941	1.2585E-3	1.0288E-3	1.1655E-3	0.7963	1.3259E-2	1.499	2.031	128.679
21000000	7.394	13.869	13.064	9.115	0.2752	7.9333E-2	0.6596	0.3318	0.5006	0.4802	1.4447	1.6213	0.3025	0.2270	0.2834	0.1870	0.3034	0.2410	0.1710	0.2846	0.2854	0.2163	0.1972	0.3011	0.3547	0.1915	0.1588	0.2950	1.27E-3	9.1654E-4	1.1952E-3	0.7396	3.2351E-2	2.581	1.987	127.529
22000000	9.811	11.616	13.995	9.485	0.1889	3.3318E-2	0.7094	0.2843	0.5637	0.5112	1.3971	1.5709	0.3021	0.2382	0.2676	0.1921	0.3183	0.2428	0.1570	0.2819	0.2955	0.2193	0.1919	0.2934	0.3401	0.1956	0.1659	0.2983	1.1945E-3	8.3093E-4	1.1579E-3	0.7275	2.4278E-2	3.904	1.886	130.937
23000000	8.065	11.669	14.682	9.262	0.1065	7.286E-2	0.5277	0.4299	0.5297	0.4870	1.4699	1.5552	0.2952	0.2365	0.2781	0.1902	0.3134	0.2382	0.1758	0.2726	0.2967	0.2067	0.1953	0.3012	0.3475	0.1953	0.1602	0.2970	1.275E-3	9.5545E-4	1.2003E-3	0.7613	-1.8464E-2	2.966	1.922	128.785
24000000	8.373	15.646	13.146	9.337	0.1691	6.2407E-2	0.5717	0.4072	0.5128	0.4875	1.3889	1.6605	0.3129	0.2201	0.2774	0.1896	0.3284	0.2355	0.1742	0.2618	0.2861	0.2078	0.1904	0.3157	0.3508	0.1997	0.1558	0.2938	1.2078E-3	8.4793E-4	1.1455E-3	0.6872	-1.4245E-3	2.740	1.973	134.437
25000000	10.256	11.131	13.641	8.395	0.3281	6.4983E-2	0.5172	0.3540	0.5503	0.5254	1.3802	1.5883	0.3056	0.2260	0.2799	0.1885	0.3134	0.2319	0.1708	0.2839	0.2905	0.2129	0.1972	0.2994	0.3466	0.1906	0.1662	0.2965	1.328E-3	1.0258E-3	1.2102E-3	0.7876	5.1848E-3	1.790	1.922	131.030
26000000	9.033	12.672	13.647	9.259	0.1971	6.4398E-2	0.6534	0.3090	0.5350	0.4730	1.3765	1.6657	0.2982	0.2184	0.2849	0.1984	0.3230	0.2286	0.1685	0.2799	0.2952	0.2148	0.1941	0.2959	0.3512	0.1850	0.1679	0.2959	1.249E-3	8.198E-4	1.1845E-3	0.6651	1.2158E-2	1.394	1.934	129.627
27000000	9.960	11.787	12.548	8.936	0.1803	2.813E-2	0.4500	0.4453	0.5573	0.4920	1.3276	1.6738	0.3129	0.2272	0.2742	0.1856	0.3256	0.2338	0.1676	0.2730	0.2866	0.2179	0.1971	0.2984	0.3435	0.1926	0.1651	0.2988	1.3068E-3	9.2799E-4	1.254E-3	0.7102	4.6736E-3	1.653	1.993	125.177
28000000	9.815	10.691	13.012	8.197	0.1216	0.1203	0.6985	0.3289	0.5200	0.5231	1.4137	1.5875	0.2962	0.2300	0.2745	0.1993	0.3057	0.2478	0.1661	0.2804	0.2929	0.2189	0.1920	0.2962	0.3414	0.2012	0.1643	0.2931	1.3461E-3	9.9205E-4	1.2618E-3	0.7701	-1.3317E-2	3.145	1.925	122.736
29000000	8.836	11.338	14.558	8.931	0.1767	4.0044E-3	0.4454	0.4147	0.5353	0.5324	1.3771	1.6003	0.3025	0.2324	0.2715	0.1936	0.3118	0.2345	0.1753	0.2785	0.2968	0.2093	0.2043	0.2896	0.3460	0.1932	0.1644	0.2963	1.3122E-3	1.0509E-3	1.263E-3	0.8227	2.5701E-3	1.414	1.986	125.396
30000000	8.810	12.971	12.542	9.314	0.1438	8.3523E-2	0.7655	0.3865	0.5155	0.5214	1.4213	1.5858	0.3079	0.2303	0.2751	0.1867	0.3250	0.2329	0.1678	0.2743	0.2929	0.2152	0.1991	0.2929	0.3464	0.1890	0.1673	0.2973	1.34E-3	1.0946E-3	1.2539E-3	0.8091	5.0001E-3	3.362	1.954	127.410
31000000	10.375	15.908	13.504	8.296	7.3827E-3	6.7871E-2	0.8282	0.3279	0.5321	0.5185	1.3621	1.6351	0.3025	0.2258	0.2722	0.1995	0.3106	0.2405	0.1753	0.2736	0.2879	0.2183	0.1965	0.2973	0.3617	0.1871	0.1654	0.2857	1.249E-3	9.5043E-4	1.1907E-3	0.7397	5.0434E-3	2.049	2.011	130.205
32000000	7.284	14.652	14.178	8.325	0.1316	4.4752E-2	0.4014	0.3781	0.5537	0.5166	1.4209	1.5502	0.3007	0.2330	0.2803	0.1860	0.3197	0.2435	0.1647	0.2721	0.2942	0.2072	0.1927	0.3059	0.3523	0.1933	0.1631	0.2914	1.259E-3	9.2882E-4	1.1986E-3	0.7530	-1.8485E-2	2.108	2.002	126.706
33000000	8.903	10.475	13.482	9.025	0.1845	3.5194E-2	0.4273	0.4057	0.5102	0.5290	1.4128	1.5925	0.2944	0.2228	0.2865	0.1963	0.3238	0.2455	0.1637	0.2670	0.3021	0.2135	0.1916	0.2927	0.3551	0.1892	0.1649	0.2909	1.2666E-3	9.3191E-4	1.1699E-3	0.7090	-9.5291E-4	2.512	1.940	131.022
34000000	12.130	17.551	13.504	7.974	0.1782	1.7812E-2	0.6761	0.3588	0.5295	0.5337	1.3880	1.5935	0.3127	0.2324	0.2677	0.1871	0.3035	0.2357	0.1754	0.2854	0.2856	0.2166	0.1925	0.3053	0.3501	0.1919	0.1621	0.2959	1.2291E-3	8.8748E-4	1.1183E-3	0.7006	-1.1473E-2	0.798	1.947	131.827
35000000	11.269	12.670	12.678	8.868	0.1647	8.1132E-2	0.5462	0.3700	0.5684	0.5446	1.3021	1.6326	0.3107	0.2203	0.2860	0.1831	0.3131	0.2371	0.1663	0.2835	0.2988	0.2103	0.1910	0.2998	0.3450	0.1916	0.1686	0.2949	1.2204E-3	8.6545E-4	1.2111E-3	0.7299	-1.276E-2	2.467	2.040	130.971
36000000	9.682	11.522	13.151	9.037	0.1256	8.1582E-2	0.5097	0.4675	0.4912	0.5564	1.4463	1.5473	0.3070	0.2222	0.2759	0.1950	0.3118	0.2496	0.1669	0.2716	0.3044	0.2061	0.1972	0.2924	0.3476	0.1989	0.1672	0.2863	1.2566E-3	9.0636E-4	1.1699E-3	0.6960	7.4675E-3	1.374	1.889	130.056
37000000	7.550	11.546	11.760	8.163	0.1659	8.0147E-2	0.5871	0.4522	0.5244	0.5337	1.4431	1.5394	0.3008	0.2290	0.2817	0.1886	0.3168	0.2169	0.1818	0.2845	0.2812	0.2108	0.2024	0.3056	0.3446	0.1904	0.1591	0.3059	1.2754E-3	9.3946E-4	1.1805E-3	0.7295	-1.5219E-2	2.220	2.066	128.990
38000000	11.197	14.019	14.473	9.402	0.2794	5.2485E-2	0.6157	0.3492	0.5137	0.5062	1.4730	1.5483	0.3019	0.2233	0.2835	0.1913	0.3165	0.2416	0.1686	0.2733	0.2895	0.2217	0.1912	0.2977	0.3410	0.1911	0.1644	0.3035	1.3149E-3	8.9155E-4	1.2187E-3	0.6583	-1.3767E-2	2.346	1.921	129.756
39000000	7.498	14.190	14.515	9.512	0.1292	3.8824E-2	0.5642	0.3291	0.5194	0.4894	1.4764	1.5567	0.3033	0.2241	0.2765	0.1961	0.3176	0.2466	0.1664	0.2694	0.2849	0.2160	0.1975	0.3016	0.3480	0.1931	0.1666	0.2923	1.2377E-3	7.992E-4	1.1828E-3	0.6336	2.5084E-2	1.681	1.966	132.405
40000000	9.975	11.584	14.439	7.919	0.2742	0.1458	0.5334	0.3680	0.5390	0.5496	1.3386	1.6195	0.3053	0.2363	0.2662	0.1922	0.3206	0.2274	0.1708	0.2813	0.2956	0.2112	0.2051	0.2881	0.3414	0.1956	0.1663	0.2966	1.2195E-3	7.9288E-4	1.1607E-3	0.6540	-4.5391E-3	1.343	2.005	134.076
41000000	7.100	16.479	12.295	8.043	0.2110	5.0265E-2	0.5730	0.4367	0.5304	0.5355	1.3319	1.6512	0.3037	0.2291	0.2727	0.1945	0.3116	0.2316	0.1755	0.2814	0.2916	0.2184	0.1857	0.3043	0.3434	0.1983	0.1588	0.2996	1.193E-3	7.6272E-4	1.1619E-3	0.6477	1.1417E-2	2.338	1.918	130.303
42000000	9.806	10.326	12.923	9.393	0.1568	1.6746E-2	0.4878	0.3123	0.4915	0.5434	1.3606	1.6537	0.3035	0.2236	0.2838	0.1891	0.3150	0.2329	0.1710	0.2811	0.2880	0.2204	0.1915	0.3001	0.3487	0.1903	0.1626	0.2984	1.2307E-3	9.0196E-4	1.1652E-3	0.7171	-1.7276E-2	1.049	1.948	129.819
43000000	8.295	10.851	12.512	8.031	0.1324	7.1282E-2	0.5175	0.2918	0.5322	0.5227	1.4540	1.5311	0.2903	0.2308	0.2810	0.1980	0.3154	0.2368	0.1652	0.2827	0.2916	0.2217	0.1848	0.3019	0.3313	0.1962	0.1631	0.3095	1.3292E-3	1.0037E-3	1.2623E-3	0.7225	6.033E-3	4.824	2.050	127.381
44000000	9.925	10.006	11.555	8.991	0.2019	5.6484E-2	0.4806	0.3677	0.5881	0.5084	1.4295	1.5125	0.3052	0.2333	0.2789	0.1826	0.3184	0.2314	0.1787	0.2715	0.2982	0.2131	0.1888	0.2999	0.3533	0.1844	0.1566	0.3057	1.2247E-3	7.9622E-4	1.1732E-3	0.6524	-2.0805E-2	1.049	1.964	131.212
45000000	8.688	12.729	13.016	8.267	0.2225	5.9435E-2	0.5838	0.3493	0.5400	0.4875	1.3807	1.6400	0.2921	0.2237	0.2877	0.1965	0.3231	0.2269	0.1702	0.2798	0.2924	0.2143	0.2017	0.2916	0.3578	0.1965	0.1604	0.2854	1.2414E-3	9.4884E-4	1.1584E-3	0.7435	2.8879E-3	2.277	1.996	133.567
46000000	7.555	12.914	12.064	9.183	0.2038	8.4178E-2	0.5472	0.3868	0.5397	0.5436	1.3391	1.6245	0.2984	0.2287	0.2822	0.1907	0.3175	0.2443	0.1641	0.2741	0.2895	0.2174	0.1939	0.2991	0.3468	0.1966	0.1549	0.3017	1.2725E-3	8.7313E-4	1.1855E-3	0.6695	-1.1719E-2	3.072	1.941	127.803
47000000	7.268	13.091	13.775	8.209	0.1684	6.4917E-2	0.4915	0.3000	0.5365	0.4928	1.4284	1.5864	0.2894	0.2365	0.2752	0.1988	0.3152	0.2365	0.1716	0.2767	0.2813	0.2253	0.1951	0.2982	0.3333	0.1918	0.1681	0.3068	1.2984E-3	9.3653E-4	1.2031E-3	0.7246	-5.3051E-3	2.759	1.926	125.202
48000000	10.809	12.763	15.432	8.091	0.2260	0.1277	0.7021	0.4693	0.5515	0.5516	1.3773	1.5619	0.2970	0.2280	0.2697	0.2053	0.3153	0.2458	0.1684	0.2705	0.2971	0.2207	0.1902	0.2920	0.3488	0.1943	0.1572	0.2998	1.2857E-3	9.1205E-4	1.222E-3	0.6992	9.4355E-4	1.574	1.908	127.429
49000000	9.695	14.387	13.210	8.952	8.1812E-2	3.7726E-2	0.5334	0.4194	0.5037	0.4557	1.4519	1.6366	0.2928	0.2329	0.2789	0.1954	0.3157	0.2393	0.1697	0.2753	0.2881	0.2141	0.1914	0.3063	0.3282	0.1985	0.1674	0.3059	1.2871E-3	9.5973E-4	1.204E-3	0.7613	1.0526E-3	2.811	2.148	131.260
50000000	9.080	13.521	13.228	9.043	0.4132	1.1995E-2	0.7258	0.5953	0.5140	0.4943	1.3886	1.6522	0.3020	0.2276	0.2800	0.1904	0.3077	0.2444	0.1710	0.2769	0.2892	0.2218	0.1892	0.2998	0.3396	0.1974	0.1609	0.3021	1.2541E-3	8.3571E-4	1.1914E-3	0.6462	-1.6095E-3	2.741	1.923	134.145
51000000	8.167	12.648	13.620	8.477	0.1762	1.6313E-2	0.6463	0.4205	0.5401	0.5050	1.4445	1.5519	0.2976	0.2197	0.2825	0.2002	0.3254	0.2426	0.1663	0.2657	0.2900	0.2236	0.1941	0.2922	0.3396	0.1899	0.1657	0.3048	1.2819E-3	8.2561E-4	1.2193E-3	0.6395	-2.3685E-3	1.499	1.903	125.664
52000000	8.858	11.693	12.623	9.141	0.1360	2.4635E-2	0.6093	0.3067	0.5395	0.5345	1.3803	1.5901	0.3232	0.2251	0.2638	0.1879	0.3149	0.2369	0.1728	0.2755	0.2923	0.2098	0.1940	0.3039	0.3465	0.1850	0.1625	0.3060	1.2078E-3	8.7672E-4	1.1316E-3	0.6944	2.7002E-2	1.852	1.877	133.561
53000000	8.516	12.319	12.621	7.693	0.2569	5.6469E-2	0.8145	0.4275	0.5339	0.4915	1.4590	1.5575	0.3082	0.2199	0.2760	0.1959	0.3166	0.2363	0.1695	0.2776	0.2874	0.2135	0.1959	0.3032	0.3385	0.2034	0.1669	0.2912	1.3098E-3	9.4362E-4	1.1861E-3	0.7079	1.2679E-2	3.089	1.941	128.186
54000000	10.734	12.116	15.143	8.730	0.2006	9.2442E-3	0.5645	0.3987	0.5313	0.5208	1.4307	1.5594	0.3115	0.2326	0.2655	0.1904	0.3232	0.2487	0.1657	0.2624	0.2877	0.2068	0.2033	0.3021	0.3457	0.1908	0.1670	0.2966	1.2429E-3	7.7701E-4	1.2091E-3	0.6154	5.1561E-3	2.034	1.965	128.088
55000000	8.785	15.413	12.423	10.630	0.2221	0.1253	0.6889	0.2878	0.5627	0.5280	1.3633	1.5904	0.3137	0.2308	0.2652	0.1904	0.3071	0.2392	0.1685	0.2852	0.2898	0.2201	0.1959	0.2943	0.3456	0.1956	0.1604	0.2984	1.2431E-3	9.7703E-4	1.1563E-3	0.7432	1.0711E-2	1.019	1.957	134.291
56000000	11.615	12.716	14.057	8.265	4.0857E-2	5.5802E-2	0.6738	0.3293	0.5519	0.4632	1.4212	1.6095	0.3059	0.2303	0.2694	0.1943	0.3104	0.2393	0.1758	0.2745	0.2920	0.2160	0.1937	0.2982	0.3497	0.1872	0.1648	0.2983	1.27E-3	9.231E-4	1.1711E-3	0.6966	9.4685E-3	2.688	1.905	128.671
57000000	7.247	11.592	16.006	8.705	0.1572	4.8998E-2	0.5737	0.4084	0.5404	0.5118	1.3844	1.6091	0.2943	0.2292	0.2843	0.1921	0.3111	0.2344	0.1701	0.2843	0.2817	0.2154	0.1939	0.3089	0.3442	0.1918	0.1608	0.3032	1.1919E-3	7.343E-4	1.1638E-3	0.6430	2.2638E-2	2.759	1.964	129.585
58000000	7.680	13.811	12.618	8.643	0.3019	4.36E-2	0.5810	0.3013	0.5324	0.5199	1.3727	1.6218	0.3079	0.2261	0.2715	0.1946	0.3179	0.2492	0.1630	0.2700	0.2874	0.2052	0.1975	0.3098	0.3452	0.1908	0.1634	0.3006	1.2495E-3	1.0501E-3	1.1606E-3	0.8365	7.9468E-3	2.379	1.913	130.850
59000000	8.677	12.316	13.316	9.177	0.2065	2.5293E-2	0.6402	0.3757	0.5394	0.4690	1.4569	1.5781	0.3009	0.2229	0.2706	0.2055	0.3127	0.2404	0.1684	0.2784	0.2865	0.2117	0.1972	0.3046	0.3445	0.1950	0.1658	0.2948	1.2984E-3	9.267E-4	1.1996E-3	0.7071	3.3537E-3	1.884	1.943	128.066
60000000	8.547	12.585	13.002	9.081	0.2135	1.6478E-2	0.5233	0.4956	0.5657	0.5185	1.3733	1.5867	0.3009	0.2225	0.2822	0.1944	0.3193	0.2326	0.1774	0.2707	0.2902	0.2140	0.1961	0.2996	0.3410	0.1997	0.1576	0.3017	1.2852E-3	9.0148E-4	1.2117E-3	0.6753	-9.2456E-4	4.197	2.028	128.973
61000000	8.091	18.105	13.410	7.922	0.1833	4.6539E-2	0.5156	0.4860	0.5755	0.4966	1.5035	1.4590	0.2931	0.2245	0.2805	0.2020	0.3282	0.2418	0.1690	0.2611	0.3016	0.2072	0.2009	0.2904	0.3557	0.1843	0.1626	0.2973	1.2053E-3	8.8551E-4	1.1556E-3	0.7353	3.0747E-2	2.291	1.962	128.242
62000000	11.074	10.321	15.280	8.709	0.1674	1.4086E-2	0.8734	0.3299	0.5491	0.4893	1.4436	1.5601	0.2955	0.2411	0.2732	0.1903	0.3109	0.2360	0.1699	0.2832	0.2964	0.2089	0.1966	0.2981	0.3449	0.1971	0.1638	0.2942	1.2176E-3	9.73E-4	1.1551E-3	0.7863	1.6541E-2	2.738	1.925	126.943
63000000	9.450	10.661	14.710	8.765	0.1840	3.5313E-2	0.6348	0.4389	0.4991	0.5119	1.4146	1.6211	0.3016	0.2209	0.2839	0.1937	0.3064	0.2416	0.1724	0.2796	0.2915	0.2113	0.1956	0.3016	0.3313	0.1911	0.1647	0.3128	1.227E-3	9.3456E-4	1.1309E-3	0.7508	5.534E-3	5.226	1.978	132.671
64000000	9.200	12.760	11.933	8.141	0.2784	0.1064	0.6043	0.2738	0.5541	0.4859	1.4714	1.5284	0.2974	0.2267	0.2806	0.1954	0.3056	0.2394	0.1810	0.2741	0.2914	0.2160	0.1999	0.2926	0.3373	0.1951	0.1624	0.3052	1.2656E-3	8.7547E-4	1.1777E-3	0.6858	9.9472E-3	1.974	1.942	129.545
65000000	7.638	10.015	13.196	8.437	0.1445	4.5991E-2	0.6934	0.3076	0.4885	0.5533	1.4680	1.5301	0.3033	0.2336	0.2755	0.1876	0.3055	0.2490	0.1679	0.2776	0.2841	0.2150	0.2003	0.3006	0.3496	0.2080	0.1567	0.2856	1.2242E-3	9.0697E-4	1.1738E-3	0.7386	3.1569E-2	2.554	1.930	131.424
66000000	8.402	14.846	13.844	8.333	5.7255E-2	6.956E-2	0.5221	0.3853	0.5070	0.4987	1.4160	1.6252	0.2879	0.2373	0.2801	0.1947	0.3274	0.2349	0.1713	0.2665	0.2960	0.2141	0.1889	0.3010	0.3459	0.1926	0.1555	0.3060	1.1904E-3	7.6263E-4	1.1568E-3	0.6379	-1.009E-4	3.014	1.928	129.753
67000000	6.952	16.611	11.821	8.577	0.1583	2.2174E-2	0.6634	0.2849	0.5393	0.5286	1.4055	1.5695	0.3146	0.2274	0.2685	0.1895	0.3144	0.2348	0.1704	0.2804	0.2984	0.2083	0.2000	0.2933	0.3468	0.1921	0.1550	0.3062	1.2951E-3	1.0179E-3	1.2304E-3	0.7936	-6.7203E-3	2.001	1.950	125.430
68000000	9.244	12.282	16.289	9.121	0.1595	5.3964E-2	0.5918	0.3815	0.5460	0.5139	1.3921	1.5926	0.2971	0.2294	0.2737	0.1997	0.3148	0.2386	0.1660	0.2806	0.2878	0.2186	0.1919	0.3016	0.3497	0.1927	0.1641	0.2935	1.273E-3	7.6914E-4	1.1959E-3	0.6111	4.559E-3	3.415	1.977	130.092
69000000	8.214	16.035	14.986	7.567	0.1884	0.1133	0.5738	0.3476	0.5248	0.5183	1.3808	1.6229	0.3062	0.2351	0.2697	0.1889	0.3267	0.2252	0.1773	0.2708	0.3043	0.2209	0.1880	0.2868	0.3396	0.1898	0.1612	0.3094	1.2274E-3	8.7733E-4	1.1266E-3	0.7083	-2.9535E-2	1.741	1.974	134.399
70000000	9.823	12.240	12.281	7.863	5.1218E-2	7.212E-2	0.6691	0.3437	0.4920	0.5169	1.4438	1.5918	0.3029	0.2212	0.2776	0.1983	0.3217	0.2316	0.1689	0.2778	0.2976	0.2098	0.1928	0.2998	0.3437	0.1904	0.1706	0.2953	1.2433E-3	9.2548E-4	1.163E-3	0.7492	3.3469E-2	3.604	2.024	133.180
71000000	9.270	12.399	11.318	8.369	0.2174	5.7537E-2	0.5565	0.3237	0.5247	0.4855	1.4700	1.5620	0.3111	0.2247	0.2812	0.1831	0.3101	0.2416	0.1702	0.2781	0.2922	0.2080	0.1976	0.3022	0.3427	0.1948	0.1615	0.3010	1.2455E-3	8.0626E-4	1.1819E-3	0.6193	9.7469E-3	2.685	1.967	129.757
72000000	9.462	14.753	15.835	9.973	0.2180	3.2672E-2	0.7512	0.3578	0.5455	0.4751	1.4348	1.5889	0.3097	0.2344	0.2718	0.1841	0.3121	0.2408	0.1660	0.2811	0.2846	0.2160	0.1962	0.3033	0.3477	0.1880	0.1585	0.3058	1.2153E-3	7.9091E-4	1.1911E-3	0.6649	2.8556E-2	4.167	1.944	130.624
73000000	8.547	12.785	12.290	7.624	0.1642	5.3132E-2	0.7852	0.3825	0.5542	0.5018	1.4179	1.5689	0.3002	0.2319	0.2743	0.1935	0.3124	0.2377	0.1738	0.2761	0.2907	0.2080	0.2054	0.2960	0.3544	0.1940	0.1643	0.2873	1.1919E-3	8.1629E-4	1.1333E-3	0.6916	3.6699E-2	2.908	2.018	129.703
74000000	9.643	10.948	13.138	8.748	0.2793	3.872E-2	0.6662	0.4035	0.5327	0.4736	1.4908	1.5437	0.3042	0.2329	0.2759	0.1870	0.3238	0.2277	0.1788	0.2697	0.2927	0.2151	0.1980	0.2942	0.3317	0.1944	0.1610	0.3128	1.2767E-3	1.0559E-3	1.173E-3	0.8312	-1.4304E-2	2.081	1.919	130.286
75000000	7.974	14.739	14.548	8.830	0.2524	7.5005E-2	0.5666	0.3704	0.5559	0.4974	1.3979	1.5935	0.2948	0.2338	0.2825	0.1889	0.3128	0.2440	0.1654	0.2778	0.2986	0.2045	0.2003	0.2967	0.3432	0.1934	0.1606	0.3028	1.3028E-3	1.0507E-3	1.214E-3	0.8095	2.0472E-2	2.559	2.098	126.511
76000000	6.988	11.133	14.120	8.794	0.1559	2.8164E-2	0.6774	0.3950	0.5464	0.5423	1.4524	1.4963	0.3039	0.2248	0.2751	0.1961	0.3252	0.2371	0.1729	0.2648	0.2897	0.2145	0.1918	0.3041	0.3497	0.2061	0.1604	0.2838	1.2783E-3	9.7846E-4	1.1842E-3	0.7745	2.1759E-2	4.308	1.922	131.743
77000000	9.600	16.626	16.052	8.601	0.2345	4.5078E-2	0.6016	0.3574	0.4893	0.5387	1.4061	1.6120	0.2972	0.2253	0.2797	0.1979	0.3197	0.2307	0.1746	0.2750	0.3011	0.2092	0.1858	0.3039	0.3370	0.1994	0.1595	0.3041	1.2558E-3	9.5937E-4	1.1962E-3	0.7628	1.4277E-2	2.772	1.905	128.025
78000000	10.137	9.314	13.960	8.414	0.1870	0.1587	0.4631	0.3350	0.5249	0.4849	1.4130	1.6241	0.3184	0.2197	0.2611	0.2009	0.3060	0.2367	0.1705	0.2868	0.2980	0.2145	0.1909	0.2966	0.3554	0.1872	0.1558	0.3015	1.1576E-3	8.4071E-4	1.1237E-3	0.7364	-2.0533E-2	2.153	1.927	133.170
79000000	10.429	10.329	12.518	8.944	8.685E-2	6.6089E-2	0.4505	0.4156	0.5331	0.5105	1.3769	1.6266	0.3081	0.2161	0.2741	0.2016	0.3025	0.2354	0.1657	0.2965	0.2877	0.2176	0.1936	0.3011	0.3386	0.1944	0.1635	0.3035	1.2004E-3	8.4375E-4	1.1326E-3	0.7222	1.2479E-3	2.128	1.856	132.462
80000000	8.868	9.293	14.113	8.975	0.2414	8.1859E-3	0.5863	0.3941	0.5307	0.5010	1.3566	1.6615	0.3009	0.2162	0.2830	0.1998	0.3155	0.2441	0.1725	0.2679	0.2925	0.2186	0.1962	0.2928	0.3445	0.1958	0.1603	0.2994	1.2241E-3	8.3393E-4	1.1691E-3	0.6789	1.0705E-2	1.953	1.967	132.083
81000000	9.693	13.668	14.065	9.068	0.2996	7.0773E-2	0.4565	0.3096	0.5000	0.5454	1.3719	1.6301	0.3113	0.2209	0.2645	0.2034	0.3199	0.2354	0.1705	0.2742	0.2936	0.2124	0.1931	0.3010	0.3471	0.2020	0.1577	0.2933	1.1882E-3	8.7316E-4	1.1357E-3	0.7265	1.8548E-2	2.368	1.988	135.527
82000000	9.444	13.236	11.853	8.196	0.1255	1.4777E-2	0.5436	0.3476	0.5414	0.4788	1.4245	1.6005	0.3036	0.2290	0.2735	0.1940	0.3211	0.2333	0.1676	0.2780	0.2912	0.2163	0.1904	0.3021	0.3305	0.1924	0.1772	0.2999	1.2823E-3	9.8156E-4	1.1912E-3	0.7528	-4.165E-2	2.722	2.007	131.843
83000000	10.864	12.202	13.600	9.810	0.2244	0.1114	0.7411	0.3223	0.5672	0.5112	1.3682	1.5984	0.3008	0.2279	0.2805	0.1908	0.3147	0.2406	0.1612	0.2835	0.2808	0.2168	0.1944	0.3080	0.3393	0.1854	0.1614	0.3140	1.2388E-3	1.0255E-3	1.1508E-3	0.7513	-3.9661E-3	2.858	2.026	131.671
84000000	10.596	17.633	13.039	8.095	0.2154	1.8221E-2	0.5985	0.4137	0.5525	0.4939	1.3788	1.6216	0.3058	0.2192	0.2875	0.1875	0.3048	0.2425	0.1656	0.2871	0.2934	0.2161	0.1955	0.2951	0.3397	0.1982	0.1705	0.2916	1.3007E-3	9.9065E-4	1.1927E-3	0.7390	4.0836E-2	2.458	1.915	129.702
85000000	9.623	15.129	13.052	8.471	9.7547E-2	1.7942E-2	0.7742	0.3270	0.5314	0.4785	1.4204	1.6160	0.3096	0.2277	0.2626	0.2001	0.3302	0.2382	0.1633	0.2683	0.2849	0.2160	0.1944	0.3047	0.3519	0.1904	0.1546	0.3031	1.3115E-3	1.0907E-3	1.1783E-3	0.8290	-7.2325E-3	2.657	1.919	126.157
86000000	9.231	10.957	16.014	8.784	0.2262	3.9506E-2	0.6542	0.3816	0.5126	0.5090	1.4364	1.5861	0.3095	0.2174	0.2791	0.1940	0.3195	0.2380	0.1688	0.2737	0.2903	0.2002	0.2002	0.3093	0.3360	0.1952	0.1640	0.3049	1.3166E-3	8.9169E-4	1.2367E-3	0.6700	5.1293E-3	2.243	1.932	128.951
87000000	9.915	12.072	15.418	9.355	0.2104	6.0933E-2	0.5681	0.4323	0.5035	0.4996	1.4264	1.6170	0.3138	0.2214	0.2697	0.1951	0.3144	0.2361	0.1780	0.2715	0.2803	0.2164	0.2023	0.3010	0.3397	0.1995	0.1622	0.2986	1.2204E-3	9.0819E-4	1.1615E-3	0.7528	-4.1477E-3	1.751	2.022	129.197
88000000	8.794	13.919	16.356	9.170	0.1868	0.1514	0.7783	0.4439	0.5169	0.4801	1.4703	1.5760	0.3046	0.2326	0.2728	0.1901	0.3238	0.2366	0.1694	0.2702	0.2801	0.2231	0.1929	0.3039	0.3394	0.1983	0.1659	0.2965	1.2501E-3	8.8438E-4	1.1716E-3	0.7293	2.0138E-2	1.485	1.941	131.849
89000000	7.730	13.973	13.873	8.644	0.1973	9.9738E-2	0.5368	0.3534	0.5774	0.4845	1.3321	1.6553	0.3080	0.2302	0.2693	0.1925	0.3288	0.2270	0.1716	0.2726	0.2890	0.2179	0.1988	0.2943	0.3448	0.1888	0.1676	0.2988	1.3359E-3	9.1144E-4	1.2517E-3	0.6717	8.2509E-3	2.227	1.985	127.438
90000000	8.185	17.345	14.301	7.729	0.1102	9.5495E-2	0.5581	0.3977	0.5139	0.5174	1.3781	1.6387	0.3078	0.2208	0.2751	0.1963	0.3060	0.2435	0.1733	0.2771	0.2836	0.2207	0.1984	0.2973	0.3334	0.1954	0.1642	0.3070	1.2854E-3	1.065E-3	1.1881E-3	0.8236	3.0886E-2	1.995	1.970	129.214
91000000	8.927	11.175	13.618	7.901	0.1410	0.1033	0.9726	0.3836	0.5484	0.5382	1.3839	1.5725	0.3020	0.2273	0.2705	0.2002	0.3127	0.2444	0.1751	0.2678	0.2831	0.2191	0.1951	0.3027	0.3437	0.1985	0.1675	0.2903	1.3152E-3	1.0515E-3	1.21E-3	0.8098	1.4339E-2	2.834	1.948	129.819
92000000	9.784	14.303	13.140	8.258	0.2138	6.2104E-2	0.5546	0.3937	0.5851	0.4821	1.3696	1.6090	0.3082	0.2281	0.2790	0.1847	0.3211	0.2323	0.1741	0.2724	0.2963	0.2121	0.1936	0.2980	0.3467	0.1883	0.1628	0.3022	1.2798E-3	1.0226E-3	1.1925E-3	0.7895	-2.3836E-2	1.072	2.016	129.783
93000000	8.807	14.433	11.698	8.603	0.2209	5.5761E-2	0.5997	0.4173	0.5235	0.5262	1.4043	1.5903	0.2926	0.2303	0.2796	0.1975	0.3189	0.2246	0.1780	0.2785	0.2870	0.2161	0.1882	0.3087	0.3446	0.1878	0.1680	0.2996	1.2764E-3	9.3168E-4	1.2082E-3	0.7362	3.9435E-2	2.137	1.990	129.452
94000000	9.647	17.551	12.434	9.384	0.2477	3.5008E-2	0.6267	0.4781	0.5231	0.5343	1.3850	1.6029	0.2978	0.2300	0.2775	0.1947	0.3137	0.2389	0.1688	0.2786	0.2863	0.2165	0.1911	0.3062	0.3393	0.1900	0.1671	0.3036	1.2018E-3	8.1859E-4	1.1583E-3	0.6634	-4.2032E-3	4.750	2.018	132.708
95000000	9.603	13.843	12.348	9.079	0.1638	9.1157E-2	0.7067	0.4543	0.5363	0.5224	1.4744	1.5049	0.2962	0.2387	0.2701	0.1950	0.3065	0.2439	0.1699	0.2797	0.2829	0.2164	0.1944	0.3063	0.3486	0.1908	0.1597	0.3008	1.3192E-3	1.0605E-3	1.1867E-3	0.8268	1.0624E-2	3.032	1.944	126.012
96000000	9.018	12.804	14.294	8.587	4.0917E-2	1.2339E-2	0.4903	0.4277	0.5378	0.5218	1.4546	1.5253	0.3108	0.2323	0.2765	0.1804	0.3272	0.2369	0.1642	0.2717	0.2840	0.2197	0.1957	0.3005	0.3452	0.1952	0.1612	0.2984	1.2306E-3	8.738E-4	1.1661E-3	0.7359	7.439E-4	1.589	1.892	129.382
97000000	8.766	15.669	11.625	9.334	1.954E-2	7.6672E-2	0.5240	0.4147	0.4880	0.4741	1.4805	1.6027	0.2991	0.2218	0.2906	0.1885	0.3351	0.2270	0.1608	0.2771	0.2966	0.2182	0.1937	0.2915	0.3491	0.1938	0.1600	0.2971	1.2629E-3	9.7274E-4	1.1923E-3	0.7683	2.6444E-2	3.937	2.005	127.683
98000000	9.472	9.864	14.360	8.680	0.1313	9.4506E-2	0.9075	0.2721	0.5504	0.5040	1.4217	1.5665	0.2989	0.2270	0.2787	0.1954	0.3224	0.2291	0.1717	0.2768	0.2746	0.2286	0.1953	0.3015	0.3424	0.1902	0.1609	0.3065	1.2561E-3	9.4987E-4	1.1837E-3	0.7639	-8.5849E-4	1.778	1.902	132.357
99000000	10.141	13.839	12.706	8.328	0.1220	6.5338E-2	0.6027	0.4253	0.5778	0.4721	1.3708	1.6264	0.3063	0.2198	0.2817	0.1923	0.3208	0.2225	0.1725	0.2842	0.2860	0.2090	0.1933	0.3118	0.3436	0.1852	0.1624	0.3088	1.1775E-3	7.6915E-4	1.1296E-3	0.6321	-2.6896E-3	2.408	1.972	131.115
100000000	11.132	13.397	13.223	9.445	0.2191	6.559E-2	0.7388	0.3395	0.5076	0.5803	1.3975	1.5565	0.3016	0.2330	0.2821	0.1833	0.3050	0.2428	0.1660	0.2863	0.2828	0.2209	0.2041	0.2922	0.3370	0.1949	0.1661	0.3020	1.2108E-3	7.8478E-4	1.1642E-3	0.6503	-5.2292E-3	5.179	1.888	131.216
101000000	8.041	10.555	13.541	9.467	0.1912	8.1957E-2	0.5898	0.4145	0.5382	0.4556	1.4208	1.6330	0.3058	0.2191	0.2766	0.1985	0.3216	0.2291	0.1744	0.2748	0.2841	0.2202	0.1822	0.3135	0.3515	0.1881	0.1576	0.3028	1.3305E-3	1.0829E-3	1.2329E-3	0.8185	-8.5E-3	2.601	1.950	128.352
102000000	8.605	12.723	13.286	11.109	0.2423	1.6975E-2	0.5993	0.3383	0.5257	0.5264	1.4038	1.5884	0.3074	0.2362	0.2658	0.1906	0.3245	0.2402	0.1669	0.2685	0.2956	0.2149	0.1900	0.2995	0.3284	0.1945	0.1727	0.3045	1.245E-3	8.9266E-4	1.1821E-3	0.6813	-1.0195E-2	3.464	1.899	126.891
103000000	9.524	12.170	13.506	9.117	0.1980	1.9335E-2	0.5650	0.3866	0.5285	0.4948	1.4607	1.5580	0.3000	0.2239	0.2801	0.1960	0.3149	0.2455	0.1666	0.2731	0.3018	0.2148	0.1930	0.2903	0.3600	0.1976	0.1571	0.2853	1.2671E-3	9.424E-4	1.2008E-3	0.7308	-1.6892E-2	1.860	1.949	127.549
104000000	8.369	14.307	14.654	9.303	0.2521	7.6786E-2	0.6063	0.3698	0.5549	0.4943	1.4290	1.5642	0.3069	0.2276	0.2678	0.1977	0.3253	0.2319	0.1777	0.2651	0.2740	0.2177	0.2021	0.3062	0.3489	0.1916	0.1635	0.2960	1.3426E-3	1.0996E-3	1.2202E-3	0.7754	-2.0583E-2	4.985	2.101	127.866
105000000	8.066	13.599	13.102	9.463	0.2723	8.6276E-2	0.6679	0.3764	0.5355	0.5180	1.4429	1.5445	0.3050	0.2244	0.2770	0.1936	0.3141	0.2465	0.1729	0.2665	0.2940	0.2131	0.1940	0.2989	0.3506	0.1929	0.1510	0.3054	1.2252E-3	9.0131E-4	1.1384E-3	0.7078	3.3019E-2	2.379	1.934	130.037
106000000	8.767	11.857	13.835	8.526	0.3265	2.271E-2	0.8043	0.3499	0.4904	0.5549	1.3911	1.6094	0.2913	0.2317	0.2766	0.2004	0.3196	0.2316	0.1689	0.2798	0.2948	0.2069	0.1893	0.3090	0.3411	0.1952	0.1589	0.3047	1.1784E-3	8.3264E-4	1.1285E-3	0.7584	-9.5092E-3	3.035	1.945	134.972
107000000	7.513	11.772	14.926	8.432	0.1340	8.3084E-3	0.8166	0.3841	0.4823	0.5406	1.4127	1.6103	0.3148	0.2206	0.2723	0.1923	0.3174	0.2319	0.1705	0.2802	0.2790	0.2131	0.1957	0.3122	0.3456	0.1974	0.1611	0.2960	1.2355E-3	9.0521E-4	1.1732E-3	0.7698	-1.928E-3	2.669	1.985	130.811
108000000	8.855	11.290	14.210	8.150	0.3187	7.5127E-2	0.5408	0.3332	0.5136	0.4995	1.4472	1.5836	0.3045	0.2211	0.2790	0.1953	0.3062	0.2308	0.1819	0.2811	0.2919	0.2122	0.2000	0.2959	0.3424	0.2161	0.1525	0.2890	1.2165E-3	7.9456E-4	1.1665E-3	0.6596	3.1181E-3	2.250	1.905	131.257
109000000	9.102	9.915	13.048	8.066	0.1590	8.4284E-2	0.4296	0.3006	0.5476	0.5127	1.4159	1.5665	0.3078	0.2307	0.2679	0.1937	0.3108	0.2309	0.1828	0.2755	0.2820	0.2222	0.1961	0.2997	0.3476	0.2013	0.1554	0.2956	1.3113E-3	8.6274E-4	1.2297E-3	0.6780	-9.993E-3	2.368	1.904	127.652
110000000	9.756	11.888	13.567	9.219	0.4008	3.8137E-2	0.6616	0.3348	0.5390	0.4895	1.4436	1.5708	0.3044	0.2197	0.2730	0.2029	0.3165	0.2393	0.1653	0.2789	0.2925	0.2155	0.1912	0.3009	0.3456	0.1927	0.1680	0.2937	1.1625E-3	8.4673E-4	1.129E-3	0.7641	2.2827E-2	2.716	1.910	130.934
111000000	9.051	10.980	12.631	6.901	0.2481	6.1911E-3	0.6847	0.3566	0.5476	0.4954	1.4442	1.5545	0.3132	0.2238	0.2708	0.1922	0.3148	0.2349	0.1808	0.2695	0.2902	0.2157	0.1931	0.3010	0.3450	0.1990	0.1645	0.2915	1.198E-3	9.1008E-4	1.144E-3	0.7578	5.3206E-3	1.465	1.956	133.062
112000000	9.406	13.082	12.412	8.779	0.1147	7.9966E-3	0.5473	0.3466	0.5273	0.5022	1.4119	1.6041	0.2951	0.2300	0.2813	0.1936	0.3146	0.2464	0.1770	0.2620	0.2970	0.2199	0.1896	0.2934	0.3529	0.1915	0.1636	0.2920	1.2612E-3	7.9286E-4	1.2049E-3	0.6362	-5.4998E-3	2.338	1.945	126.174
113000000	8.010	12.433	14.265	8.030	3.0954E-2	6.1836E-2	0.4718	0.3079	0.5460	0.5010	1.3638	1.6371	0.2957	0.2379	0.2769	0.1895	0.3150	0.2303	0.1725	0.2822	0.2861	0.2155	0.2021	0.2963	0.3434	0.1987	0.1558	0.3021	1.2616E-3	9.329E-4	1.2025E-3	0.7314	2.638E-2	3.032	1.959	128.235
114000000	10.487	14.158	16.858	8.022	0.3659	0.1039	0.5979	0.3628	0.5461	0.4790	1.4146	1.6059	0.2979	0.2381	0.2688	0.1952	0.3053	0.2454	0.1648	0.2844	0.2944	0.2125	0.1934	0.2997	0.3569	0.1928	0.1569	0.2933	1.207E-3	8.0666E-4	1.1791E-3	0.6470	-3.9118E-3	2.461	1.965	134.320
115000000	7.369	15.042	11.961	7.899	0.1688	0.1144	0.6288	0.3477	0.5731	0.4975	1.3529	1.6235	0.3052	0.2214	0.2798	0.1937	0.3141	0.2384	0.1701	0.2773	0.2876	0.2183	0.1887	0.3054	0.3426	0.1894	0.1672	0.3008	1.203E-3	7.4377E-4	1.148E-3	0.6171	1.6966E-2	4.639	1.972	131.061
116000000	8.917	9.911	13.659	8.877	0.2911	6.0262E-2	0.7595	0.3752	0.5310	0.5250	1.4043	1.5836	0.2990	0.2260	0.2775	0.1976	0.3221	0.2379	0.1670	0.2729	0.2890	0.2156	0.1976	0.2978	0.3424	0.2022	0.1532	0.3021	1.3199E-3	9.9097E-4	1.2026E-3	0.7339	1.8347E-2	4.313	1.891	127.339
117000000	7.957	14.324	11.925	8.978	0.1390	7.7185E-3	0.5176	0.3815	0.5258	0.5210	1.4102	1.5872	0.3137	0.2301	0.2593	0.1969	0.3109	0.2429	0.1735	0.2727	0.2846	0.2164	0.1936	0.3054	0.3499	0.1916	0.1510	0.3075	1.3306E-3	9.437E-4	1.2621E-3	0.7024	8.1297E-3	2.720	1.927	126.111
118000000	8.612	14.070	14.711	8.354	0.1411	0.1818	0.4676	0.3933	0.5277	0.5035	1.4379	1.5741	0.2944	0.2399	0.2682	0.1976	0.3083	0.2414	0.1672	0.2831	0.2865	0.2182	0.2021	0.2931	0.3491	0.1980	0.1557	0.2972	1.3292E-3	9.0312E-4	1.2369E-3	0.6779	-1.1235E-2	3.056	1.927	128.853
119000000	7.589	17.661	14.539	10.534	0.1880	0.1014	0.6487	0.3280	0.5081	0.4975	1.3986	1.6443	0.2997	0.2439	0.2658	0.1906	0.3152	0.2290	0.1715	0.2843	0.2854	0.2182	0.2003	0.2961	0.3570	0.1899	0.1557	0.2973	1.2906E-3	8.1002E-4	1.2479E-3	0.6586	1.9959E-2	2.776	1.952	127.266
120000000	8.228	10.887	12.502	9.108	0.2050	2.5347E-2	0.5986	0.3432	0.5305	0.4862	1.4645	1.5611	0.3062	0.2188	0.2813	0.1937	0.3237	0.2412	0.1618	0.2733	0.2910	0.2102	0.1919	0.3069	0.3464	0.1900	0.1635	0.3001	1.2011E-3	7.6275E-4	1.1769E-3	0.6288	1.1869E-2	1.938	1.934	131.790
121000000	8.826	11.917	13.561	8.868	0.2688	8.8839E-2	0.3903	0.3800	0.4797	0.4902	1.4131	1.6672	0.3125	0.2231	0.2780	0.1864	0.3188	0.2328	0.1719	0.2765	0.3041	0.2139	0.1878	0.2942	0.3393	0.2033	0.1574	0.2999	1.2205E-3	8.3225E-4	1.171E-3	0.6760	2.614E-2	1.970	2.039	135.253
122000000	10.393	13.246	14.987	8.091	0.1662	0.1133	0.6348	0.3329	0.5568	0.4999	1.3871	1.6016	0.3014	0.2239	0.2817	0.1931	0.3209	0.2382	0.1671	0.2738	0.2892	0.2177	0.2016	0.2916	0.3429	0.2022	0.1631	0.2918	1.2319E-3	8.1186E-4	1.1772E-3	0.6566	-1.5413E-4	3.315	1.971	130.494
123000000	8.337	12.427	13.005	9.232	0.1822	4.089E-2	0.6084	0.3563	0.5848	0.4899	1.3699	1.6006	0.3063	0.2225	0.2843	0.1869	0.3261	0.2240	0.1641	0.2858	0.2814	0.2173	0.1980	0.3033	0.3439	0.1939	0.1634	0.2989	1.2681E-3	8.8211E-4	1.233E-3	0.7233	-4.0439E-3	1.135	1.867	127.636
124000000	9.785	9.951	13.222	8.236	0.1820	4.7624E-2	0.6268	0.3087	0.5460	0.5138	1.4539	1.5258	0.2967	0.2290	0.2859	0.1884	0.3086	0.2427	0.1714	0.2773	0.2855	0.2119	0.1875	0.3151	0.3452	0.1934	0.1526	0.3087	1.2534E-3	8.4791E-4	1.1948E-3	0.6875	1.2197E-2	2.024	1.891	128.568
125000000	10.414	14.912	11.692	9.398	0.1691	6.8392E-3	0.6115	0.3069	0.5675	0.4439	1.4283	1.6059	0.3059	0.2255	0.2731	0.1955	0.3227	0.2326	0.1667	0.2779	0.3017	0.2247	0.1826	0.2909	0.3462	0.1895	0.1659	0.2984	1.2485E-3	9.3118E-4	1.2098E-3	0.7503	8.1422E-3	1.770	1.899	128.643
126000000	12.445	12.522	11.690	9.712	0.1676	0.1431	0.5967	0.4155	0.5462	0.5112	1.3920	1.5953	0.3073	0.2269	0.2682	0.1977	0.3138	0.2376	0.1775	0.2710	0.2910	0.2110	0.1955	0.3025	0.3282	0.2038	0.1680	0.3000	1.2933E-3	8.9373E-4	1.2126E-3	0.6983	-4.2649E-3	1.923	1.914	128.605
127000000	7.779	11.209	13.141	8.557	0.1818	8.9905E-2	0.6115	0.2974	0.5469	0.4881	1.3981	1.6129	0.2981	0.2332	0.2748	0.1940	0.3220	0.2397	0.1558	0.2825	0.2856	0.2142	0.2040	0.2962	0.3434	0.1981	0.1632	0.2952	1.2304E-3	8.8795E-4	1.1717E-3	0.7361	2.7451E-2	2.140	1.998	131.424
128000000	7.832	12.410	14.453	8.968	0.2574	8.0163E-2	0.6317	0.3820	0.5229	0.5821	1.3741	1.5633	0.3084	0.2252	0.2774	0.1891	0.3118	0.2435	0.1756	0.2690	0.2895	0.2149	0.1978	0.2978	0.3470	0.1994	0.1602	0.2934	1.1895E-3	8.0761E-4	1.144E-3	0.6539	-1.0033E-2	1.676	1.938	134.156
129000000	10.946	11.004	11.975	8.931	0.1856	5.454E-2	0.6845	0.3736	0.5448	0.5122	1.4047	1.5821	0.3045	0.2336	0.2755	0.1865	0.3214	0.2311	0.1778	0.2696	0.2951	0.2166	0.1866	0.3016	0.3334	0.2030	0.1604	0.3033	1.281E-3	9.6978E-4	1.1695E-3	0.7591	4.2564E-2	1.814	1.896	129.010
130000000	10.398	12.747	11.762	10.714	0.2455	5.3066E-2	0.6643	0.2852	0.5360	0.4659	1.4497	1.5930	0.2947	0.2372	0.2744	0.1937	0.3270	0.2236	0.1778	0.2715	0.2899	0.2215	0.1920	0.2966	0.3417	0.2005	0.1644	0.2934	1.2441E-3	8.6875E-4	1.1683E-3	0.6902	-4.4446E-3	2.694	1.982	129.351
131000000	8.777	10.807	15.194	9.454	0.2432	5.5179E-2	0.6216	0.3893	0.4932	0.5264	1.4373	1.5872	0.3048	0.2285	0.2697	0.1970	0.3182	0.2358	0.1749	0.2710	0.2956	0.2120	0.1907	0.3018	0.3502	0.1931	0.1534	0.3034	1.2272E-3	8.8204E-4	1.1658E-3	0.7109	-1.4055E-2	4.193	1.960	131.170
132000000	9.488	11.230	14.377	9.894	0.1463	5.3414E-2	0.6149	0.4229	0.5232	0.4690	1.4394	1.6146	0.3121	0.2236	0.2715	0.1927	0.3126	0.2328	0.1716	0.2829	0.2868	0.2211	0.1988	0.2934	0.3503	0.1926	0.1553	0.3018	1.264E-3	9.7394E-4	1.2027E-3	0.7615	1.1518E-2	2.475	1.948	130.397
133000000	9.383	13.449	13.564	8.460	2.2703E-2	0.1166	0.6347	0.3437	0.5384	0.4644	1.4056	1.6397	0.3016	0.2282	0.2769	0.1932	0.3060	0.2455	0.1725	0.2760	0.2909	0.2139	0.1964	0.2987	0.3448	0.1959	0.1661	0.2933	1.2557E-3	9.1876E-4	1.1729E-3	0.7134	-7.092E-3	2.026	1.874	130.495
134000000	8.363	11.297	11.978	9.072	0.1842	4.1655E-2	0.6310	0.3339	0.5347	0.4889	1.4072	1.6156	0.2873	0.2357	0.2838	0.1933	0.3125	0.2438	0.1639	0.2798	0.3013	0.2102	0.1972	0.2912	0.3549	0.1877	0.1636	0.2938	1.2654E-3	7.9456E-4	1.1951E-3	0.6260	2.7501E-2	3.442	1.862	128.559
135000000	7.304	13.196	13.424	8.294	0.1249	2.2763E-2	0.6057	0.4160	0.5619	0.4649	1.3935	1.6268	0.3109	0.2268	0.2713	0.1910	0.3141	0.2287	0.1693	0.2879	0.2965	0.2202	0.1948	0.2885	0.3542	0.1966	0.1565	0.2927	1.3081E-3	9.6091E-4	1.2055E-3	0.7410	-1.9793E-2	3.982	1.910	128.515
136000000	10.648	12.927	14.582	7.908	0.1161	4.5776E-2	0.6629	0.3572	0.5413	0.4885	1.4181	1.5971	0.2995	0.2283	0.2828	0.1894	0.3158	0.2381	0.1717	0.2744	0.2905	0.2069	0.1919	0.3107	0.3367	0.2005	0.1683	0.2945	1.2566E-3	8.8484E-4	1.2224E-3	0.7411	4.233E-2	5.431	2.034	130.131
137000000	7.428	9.617	14.396	9.050	0.2377	5.1889E-2	0.6503	0.3823	0.5390	0.5354	1.3748	1.5957	0.3039	0.2342	0.2696	0.1922	0.3071	0.2362	0.1852	0.2715	0.3012	0.2071	0.1974	0.2944	0.3438	0.1942	0.1627	0.2993	1.1814E-3	8.033E-4	1.1737E-3	0.6749	1.7268E-2	1.795	1.900	130.416
138000000	11.161	11.853	13.996	9.221	0.1387	2.7072E-2	0.8095	0.4205	0.5313	0.4890	1.3649	1.6649	0.3049	0.2306	0.2784	0.1862	0.3176	0.2327	0.1693	0.2804	0.2976	0.2170	0.1960	0.2894	0.3524	0.1967	0.1583	0.2926	1.2101E-3	8.5711E-4	1.1674E-3	0.7067	2.1741E-2	1.324	1.850	129.109
139000000	10.590	12.204	12.954	9.484	0.2047	5.2355E-2	0.5285	0.3451	0.5505	0.5055	1.4455	1.5391	0.2997	0.2291	0.2752	0.1960	0.3234	0.2370	0.1586	0.2811	0.2836	0.2212	0.1930	0.3022	0.3556	0.1820	0.1597	0.3027	1.1915E-3	7.4137E-4	1.1283E-3	0.6091	2.7428E-2	2.642	1.976	132.182
140000000	6.652	15.751	12.373	7.930	0.2033	8.3561E-2	0.5114	0.4007	0.5146	0.5294	1.3952	1.6064	0.2950	0.2389	0.2628	0.2033	0.3109	0.2407	0.1704	0.2780	0.2974	0.2132	0.1956	0.2938	0.3450	0.1911	0.1649	0.2991	1.2021E-3	8.0036E-4	1.1152E-3	0.6512	4.3873E-3	1.151	1.920	133.686
141000000	8.363	10.328	13.702	8.312	6.0004E-2	5.7551E-2	0.6668	0.3694	0.5743	0.5251	1.3926	1.5492	0.3039	0.2234	0.2796	0.1931	0.3158	0.2359	0.1678	0.2804	0.2872	0.2209	0.1955	0.2965	0.3440	0.1927	0.1550	0.3083	1.2223E-3	8.4003E-4	1.1789E-3	0.7075	-2.4781E-3	2.136	2.070	130.611
142000000	11.595	11.294	13.445	9.387	0.2354	5.5306E-2	0.5493	0.3605	0.5805	0.5481	1.3598	1.5532	0.3071	0.2209	0.2735	0.1985	0.3145	0.2321	0.1691	0.2843	0.2916	0.2229	0.1858	0.2997	0.3302	0.1972	0.1681	0.3045	1.2577E-3	1.0068E-3	1.1728E-3	0.7632	-5.3223E-3	3.067	1.914	128.911
143000000	11.211	10.978	13.029	8.263	0.1985	5.3059E-2	0.5623	0.5133	0.5027	0.5131	1.4738	1.5519	0.3142	0.2221	0.2649	0.1988	0.3212	0.2285	0.1691	0.2812	0.2946	0.2182	0.1947	0.2925	0.3581	0.1957	0.1587	0.2875	1.241E-3	8.6003E-4	1.1677E-3	0.6899	5.1251E-3	2.739	1.972	129.166
144000000	7.284	9.933	15.632	7.070	0.1210	1.2538E-2	0.6065	0.3796	0.5100	0.5649	1.4223	1.5437	0.2941	0.2403	0.2738	0.1918	0.3091	0.2472	0.1638	0.2799	0.2820	0.2142	0.1910	0.3129	0.3456	0.1947	0.1570	0.3027	1.3041E-3	1.0497E-3	1.2037E-3	0.7712	1.732E-2	2.004	1.944	124.731
145000000	8.958	11.110	15.398	8.667	0.2303	1.8179E-2	0.6497	0.2774	0.5068	0.4833	1.4437	1.6123	0.3022	0.2279	0.2816	0.1883	0.3195	0.2487	0.1657	0.2660	0.2850	0.2191	0.1896	0.3063	0.3477	0.1927	0.1622	0.2974	1.2549E-3	7.983E-4	1.1783E-3	0.6451	1.4402E-2	3.125	1.929	133.843
146000000	10.729	12.503	15.857	8.459	0.3153	8.3233E-2	0.8798	0.3412	0.5045	0.5219	1.3966	1.6238	0.3023	0.2248	0.2720	0.2009	0.3133	0.2374	0.1784	0.2709	0.2859	0.2106	0.2025	0.3010	0.3496	0.1867	0.1635	0.3002	1.2187E-3	9.0275E-4	1.122E-3	0.7292	1.99E-2	2.235	1.971	135.979
147000000	9.706	11.567	15.092	7.603	0.1418	4.0103E-2	0.7052	0.3534	0.4999	0.5048	1.3927	1.6515	0.3050	0.2345	0.2696	0.1909	0.3208	0.2409	0.1683	0.2700	0.3030	0.2104	0.1902	0.2964	0.3433	0.1995	0.1665	0.2907	1.2299E-3	8.3705E-4	1.1602E-3	0.6930	2.0317E-2	2.091	1.910	129.704
148000000	10.128	14.222	14.529	9.339	0.1711	1.3033E-2	0.6826	0.3465	0.4952	0.5459	1.3971	1.6075	0.3054	0.2303	0.2649	0.1994	0.3299	0.2369	0.1644	0.2688	0.2991	0.2107	0.1895	0.3006	0.3553	0.1947	0.1599	0.2900	1.2324E-3	9.2174E-4	1.1631E-3	0.7110	-8.7861E-3	1.889	1.908	131.381
149000000	10.448	15.183	14.855	9.011	0.1489	0.1077	0.5106	0.3814	0.5096	0.5074	1.3854	1.6462	0.3102	0.2251	0.2684	0.1964	0.3268	0.2228	0.1690	0.2814	0.2914	0.2171	0.1975	0.2941	0.3447	0.1901	0.1709	0.2943	1.2158E-3	8.5373E-4	1.1505E-3	0.7127	2.2753E-3	4.363	1.963	129.666
150000000	8.998	11.099	13.760	8.040	0.4451	3.4612E-2	0.4937	0.4377	0.5235	0.4965	1.4016	1.6254	0.2995	0.2322	0.2761	0.1922	0.3055	0.2483	0.1696	0.2767	0.2886	0.2109	0.1935	0.3071	0.3411	0.2048	0.1665	0.2876	1.2751E-3	9.8936E-4	1.2091E-3	0.7707	-1.9628E-2	3.557	1.927	128.861
151000000	7.505	11.862	12.912	7.999	0.1199	5.5103E-2	0.5652	0.3443	0.5465	0.4688	1.4493	1.5790	0.2973	0.2307	0.2790	0.1930	0.3237	0.2323	0.1779	0.2661	0.2854	0.2096	0.1978	0.3072	0.3381	0.2041	0.1631	0.2947	1.2493E-3	9.7029E-4	1.1728E-3	0.7368	-1.5733E-2	4.132	2.002	131.741
152000000	9.065	13.308	12.835	9.277	0.2703	4.1834E-2	0.6957	0.3480	0.5132	0.5462	1.4004	1.5842	0.2974	0.2371	0.2751	0.1905	0.3156	0.2349	0.1768	0.2727	0.2943	0.2188	0.1882	0.2986	0.3439	0.2058	0.1556	0.2947	1.2169E-3	9.4101E-4	1.152E-3	0.7482	2.284E-2	1.922	2.011	128.965
153000000	8.639	12.343	17.504	9.033	0.1890	7.5649E-2	0.7485	0.4589	0.5105	0.4634	1.4178	1.6578	0.3152	0.2186	0.2689	0.1973	0.3112	0.2453	0.1724	0.2711	0.2881	0.2095	0.1981	0.3042	0.3351	0.1962	0.1683	0.3004	1.257E-3	1.0127E-3	1.1671E-3	0.8045	3.7183E-2	2.004	1.989	130.712
154000000	9.319	10.802	11.649	9.579	0.2376	5.2415E-2	0.6937	0.3225	0.5362	0.5316	1.4467	1.5250	0.3117	0.2253	0.2673	0.1957	0.3165	0.2321	0.1741	0.2772	0.3053	0.2092	0.1856	0.3000	0.3464	0.1929	0.1635	0.2973	1.1868E-3	8.5561E-4	1.1381E-3	0.7261	-4.9499E-3	3.210	1.964	136.262
155000000	9.441	11.792	13.544	7.935	0.2346	2.7319E-2	0.6048	0.4741	0.5445	0.4415	1.4598	1.5992	0.3042	0.2296	0.2835	0.1827	0.3198	0.2398	0.1711	0.2693	0.2856	0.2249	0.1856	0.3039	0.3523	0.1999	0.1555	0.2923	1.1507E-3	8.7239E-4	1.1095E-3	0.7677	3.0198E-2	2.800	1.935	132.699
156000000	7.627	12.887	13.557	8.031	0.1835	4.6538E-2	0.6496	0.4047	0.5552	0.5092	1.4163	1.5616	0.3061	0.2258	0.2762	0.1919	0.3129	0.2409	0.1728	0.2734	0.2984	0.2149	0.1882	0.2985	0.3477	0.1958	0.1568	0.2997	1.2839E-3	9.6887E-4	1.2112E-3	0.7328	-3.3834E-2	2.287	2.048	134.288
157000000	7.705	12.205	13.532	8.274	8.6833E-2	7.1004E-2	0.5263	0.4343	0.5025	0.5168	1.3760	1.6538	0.3087	0.2237	0.2815	0.1860	0.3257	0.2343	0.1639	0.2761	0.2874	0.2127	0.1938	0.3062	0.3437	0.1986	0.1624	0.2952	1.1949E-3	8.4497E-4	1.1232E-3	0.6961	-2.6296E-2	3.688	1.969	132.534
158000000	9.166	10.989	15.157	8.447	0.2447	1.1005E-2	0.7312	0.3789	0.5671	0.4847	1.4004	1.5923	0.2905	0.2322	0.2843	0.1930	0.3159	0.2456	0.1734	0.2650	0.2800	0.2154	0.1999	0.3048	0.3384	0.2039	0.1640	0.2937	1.1775E-3	8.0357E-4	1.1225E-3	0.6922	-3.2476E-2	2.000	1.899	134.839
159000000	9.061	10.779	16.270	9.153	0.2635	3.418E-2	0.5690	0.4889	0.5375	0.5162	1.4319	1.5563	0.2954	0.2366	0.2742	0.1938	0.3198	0.2276	0.1744	0.2782	0.2995	0.2065	0.1964	0.2976	0.3402	0.1956	0.1589	0.3053	1.2494E-3	8.412E-4	1.167E-3	0.6632	5.8599E-3	1.771	1.867	131.510
160000000	9.101	11.894	14.816	8.327	5.6506E-2	9.8674E-3	0.6496	0.3860	0.5595	0.5457	1.3511	1.5879	0.2992	0.2297	0.2788	0.1923	0.3050	0.2362	0.1742	0.2846	0.2809	0.2241	0.1962	0.2988	0.3490	0.2027	0.1619	0.2865	1.2445E-3	9.011E-4	1.1442E-3	0.7146	5.0423E-2	1.991	1.964	128.290
161000000	8.939	13.072	13.513	9.454	0.1521	5.4576E-2	0.5151	0.4015	0.5610	0.5222	1.3893	1.5705	0.3006	0.2326	0.2666	0.2003	0.3030	0.2401	0.1744	0.2824	0.2976	0.2159	0.1913	0.2953	0.3421	0.1876	0.1649	0.3054	1.3232E-3	1.0418E-3	1.2097E-3	0.7825	1.093E-2	2.606	1.897	126.695
162000000	8.642	13.474	12.503	9.101	0.2007	5.0575E-2	0.6744	0.3400	0.5356	0.4806	1.4423	1.5856	0.2929	0.2367	0.2781	0.1923	0.3113	0.2441	0.1754	0.2692	0.2978	0.2108	0.1954	0.2960	0.3536	0.1854	0.1621	0.2989	1.2384E-3	9.4026E-4	1.1788E-3	0.7571	2.6405E-2	2.560	1.886	130.623
163000000	6.814	10.932	14.084	8.946	0.1409	1.3376E-2	0.6315	0.3622	0.5557	0.5142	1.4301	1.5407	0.2965	0.2345	0.2719	0.1971	0.3166	0.2464	0.1690	0.2681	0.2909	0.2176	0.1966	0.2949	0.3525	0.1928	0.1564	0.2983	1.305E-3	9.2437E-4	1.2459E-3	0.7013	-2.6127E-2	2.577	1.937	128.269
164000000	10.016	11.205	14.285	8.455	0.2282	7.6023E-2	0.7758	0.3716	0.5624	0.5216	1.4432	1.5111	0.2962	0.2401	0.2720	0.1917	0.3202	0.2350	0.1689	0.2759	0.2866	0.2124	0.1995	0.3015	0.3371	0.1955	0.1661	0.3013	1.1925E-3	8.2481E-4	1.1666E-3	0.7166	1.5366E-2	2.080	1.968	130.744
165000000	11.021	12.389	14.322	9.953	0.1714	8.8995E-2	0.5801	0.3328	0.4838	0.4873	1.4041	1.6756	0.2966	0.2371	0.2771	0.1893	0.3246	0.2241	0.1725	0.2788	0.2962	0.2155	0.1848	0.3035	0.3339	0.2077	0.1540	0.3043	1.2406E-3	9.39E-4	1.2247E-3	0.7278	-2.379E-2	2.215	1.948	127.250
166000000	8.555	15.742	14.256	9.650	0.2681	8.0416E-2	0.6224	0.4709	0.5446	0.4556	1.4047	1.6434	0.3050	0.2367	0.2657	0.1925	0.3126	0.2387	0.1691	0.2796	0.2890	0.2170	0.1976	0.2964	0.3423	0.2015	0.1621	0.2941	1.2985E-3	9.4808E-4	1.2226E-3	0.7497	-8.2029E-3	1.716	1.991	126.921
167000000	10.575	13.594	12.841	8.143	0.1869	6.4566E-2	0.6132	0.3751	0.5618	0.4800	1.4396	1.5609	0.3098	0.2232	0.2742	0.1928	0.3043	0.2352	0.1741	0.2864	0.2902	0.2118	0.1909	0.3071	0.3441	0.1992	0.1611	0.2955	1.1829E-3	7.6138E-4	1.1469E-3	0.6186	-1.1083E-2	2.965	1.920	130.994
168000000	9.090	14.103	12.753	9.088	0.1211	7.7753E-2	0.5877	0.3926	0.5323	0.4417	1.4460	1.6271	0.3056	0.2298	0.2754	0.1891	0.3145	0.2418	0.1699	0.2737	0.2909	0.2136	0.1975	0.2980	0.3470	0.1849	0.1683	0.2998	1.2708E-3	8.1698E-4	1.1994E-3	0.6696	1.233E-2	3.418	1.938	127.317
169000000	11.226	13.791	11.555	9.124	0.1628	5.1871E-2	0.6975	0.3025	0.5336	0.4877	1.4212	1.6029	0.3032	0.2269	0.2712	0.1986	0.3268	0.2298	0.1727	0.2707	0.2911	0.2183	0.1947	0.2959	0.3465	0.1886	0.1655	0.2994	1.3508E-3	1.0395E-3	1.2299E-3	0.7645	7.4638E-3	1.890	2.030	126.527
170000000	7.970	12.254	14.536	8.507	0.1789	3.423E-2	0.4140	0.2979	0.5141	0.5470	1.4624	1.5152	0.2970	0.2331	0.2757	0.1942	0.3113	0.2411	0.1718	0.2759	0.2962	0.2053	0.1953	0.3032	0.3349	0.2023	0.1593	0.3034	1.2812E-3	8.5921E-4	1.242E-3	0.6985	-3.8015E-3	5.022	1.891	126.355
171000000	7.453	12.389	12.394	7.682	0.2155	4.3975E-2	0.5146	0.2760	0.5100	0.4999	1.4065	1.6310	0.3033	0.2288	0.2738	0.1940	0.3088	0.2407	0.1803	0.2703	0.3005	0.2022	0.1977	0.2996	0.3474	0.2001	0.1657	0.2868	1.2312E-3	8.7014E-4	1.1509E-3	0.7120	-6.1958E-3	2.478	1.888	130.210
172000000	7.452	12.458	13.579	9.597	0.1937	2.8889E-2	0.5226	0.3482	0.5181	0.4920	1.4118	1.6252	0.3041	0.2307	0.2796	0.1856	0.3206	0.2386	0.1716	0.2692	0.2988	0.2171	0.1965	0.2877	0.3469	0.2013	0.1619	0.2899	1.2295E-3	9.1429E-4	1.1691E-3	0.7476	1.6557E-3	2.175	1.953	132.326
173000000	7.112	13.338	13.818	8.512	0.3039	0.1254	0.7915	0.4250	0.4985	0.5134	1.4252	1.6087	0.2989	0.2229	0.2811	0.1972	0.3154	0.2435	0.1724	0.2687	0.2853	0.2209	0.1923	0.3015	0.3492	0.1909	0.1613	0.2986	1.3033E-3	9.4126E-4	1.2233E-3	0.7336	-9.6486E-3	1.770	1.948	128.747
174000000	8.944	11.786	12.162	8.654	6.5859E-2	3.9172E-2	0.5858	0.4056	0.4714	0.5083	1.4221	1.6469	0.3061	0.2336	0.2739	0.1864	0.3055	0.2337	0.1823	0.2784	0.2814	0.2219	0.1940	0.3027	0.3329	0.2022	0.1669	0.2981	1.254E-3	8.8819E-4	1.1701E-3	0.7290	-1.925E-2	1.390	1.964	129.541
175000000	7.564	11.533	11.084	8.892	0.1859	5.4428E-2	0.7531	0.4070	0.5069	0.5005	1.4122	1.6277	0.3121	0.2234	0.2768	0.1877	0.3040	0.2373	0.1755	0.2832	0.2825	0.2057	0.2007	0.3110	0.3382	0.1965	0.1675	0.2977	1.2384E-3	9.3772E-4	1.2208E-3	0.7659	-7.5023E-4	1.924	1.925	125.603
176000000	10.489	15.980	13.450	8.838	0.1909	7.6343E-2	0.6418	0.3512	0.5090	0.5128	1.4277	1.5952	0.2988	0.2305	0.2813	0.1894	0.3069	0.2455	0.1703	0.2772	0.2797	0.2195	0.1901	0.3107	0.3445	0.1929	0.1628	0.2998	1.3204E-3	1.0198E-3	1.2559E-3	0.7807	2.6209E-2	2.266	1.912	127.670
177000000	8.067	13.262	11.034	7.649	0.1354	0.1504	0.4639	0.4176	0.5140	0.5004	1.4492	1.5800	0.3015	0.2211	0.2818	0.1956	0.3290	0.2280	0.1715	0.2715	0.2838	0.2158	0.1970	0.3034	0.3373	0.2027	0.1608	0.2991	1.2441E-3	9.228E-4	1.1884E-3	0.7315	-9.1852E-3	2.731	1.886	131.686
178000000	9.663	12.326	13.934	8.464	0.2305	2.316E-2	0.4639	0.4030	0.4958	0.4782	1.4585	1.6136	0.2903	0.2325	0.2798	0.1973	0.3083	0.2277	0.1845	0.2795	0.3003	0.2145	0.1953	0.2899	0.3412	0.1979	0.1655	0.2954	1.2865E-3	1.0005E-3	1.2029E-3	0.7955	3.4128E-2	4.146	1.942	125.805
179000000	9.039	12.477	13.976	7.682	0.1740	6.2928E-2	0.5308	0.3839	0.5448	0.4952	1.4596	1.5410	0.2982	0.2396	0.2744	0.1878	0.3222	0.2363	0.1654	0.2761	0.2811	0.2171	0.2002	0.3017	0.3495	0.1857	0.1507	0.3141	1.2272E-3	8.7818E-4	1.1741E-3	0.7482	1.382E-2	1.071	1.935	130.832
180000000	11.463	12.425	14.235	8.707	0.1417	5.8913E-2	0.7401	0.3216	0.5601	0.4928	1.4427	1.5455	0.3090	0.2327	0.2627	0.1956	0.3147	0.2393	0.1709	0.2751	0.2857	0.2074	0.2008	0.3061	0.3416	0.1943	0.1729	0.2911	1.3572E-3	9.5177E-4	1.2446E-3	0.6942	-2.5094E-3	3.319	2.044	126.308
181000000	8.313	11.507	12.119	9.350	0.1631	2.525E-2	0.5684	0.3953	0.5175	0.5186	1.4594	1.5456	0.3057	0.2284	0.2768	0.1891	0.3226	0.2260	0.1701	0.2813	0.2895	0.2086	0.1968	0.3051	0.3506	0.1976	0.1638	0.2880	1.2241E-3	9.7561E-4	1.1644E-3	0.8081	-3.4203E-2	2.188	1.903	128.879
182000000	7.726	13.072	15.586	9.174	0.1255	6.7336E-2	0.7436	0.2947	0.5226	0.4607	1.3603	1.7098	0.3042	0.2248	0.2801	0.1908	0.3206	0.2340	0.1720	0.2734	0.2954	0.2182	0.1917	0.2947	0.3387	0.1921	0.1616	0.3076	1.2257E-3	8.8063E-4	1.1676E-3	0.7247	-7.6715E-3	2.091	1.882	129.581
183000000	8.779	13.990	11.895	8.746	6.7868E-2	4.1525E-2	0.6831	0.3550	0.5047	0.5474	1.3599	1.6358	0.3005	0.2271	0.2775	0.1949	0.3197	0.2440	0.1698	0.2665	0.2844	0.2210	0.1955	0.2991	0.3411	0.1928	0.1562	0.3099	1.2608E-3	8.3686E-4	1.2087E-3	0.6766	-1.0493E-2	2.318	1.852	128.102
184000000	8.132	10.938	13.982	7.827	0.2625	1.7944E-2	0.5025	0.3980	0.5230	0.5044	1.4350	1.5813	0.3092	0.2198	0.2652	0.2057	0.3188	0.2386	0.1747	0.2679	0.3026	0.2146	0.1885	0.2944	0.3412	0.1902	0.1671	0.3015	1.2473E-3	8.4243E-4	1.1849E-3	0.6940	1.5593E-2	1.009	1.977	131.866
185000000	9.617	12.657	12.314	8.286	0.1737	1.7923E-2	0.6077	0.3547	0.5093	0.4711	1.3760	1.6961	0.3012	0.2295	0.2716	0.1976	0.3153	0.2368	0.1681	0.2797	0.2947	0.2179	0.1997	0.2877	0.3361	0.1889	0.1707	0.3043	1.252E-3	8.9149E-4	1.1835E-3	0.7018	4.2904E-2	3.467	1.969	131.638
186000000	7.760	13.249	14.397	9.900	0.2005	4.3298E-2	0.8314	0.3135	0.5307	0.4813	1.4092	1.6259	0.3144	0.2207	0.2774	0.1875	0.3248	0.2286	0.1708	0.2757	0.2912	0.2077	0.1945	0.3066	0.3571	0.1845	0.1548	0.3037	1.2797E-3	9.2919E-4	1.224E-3	0.7399	-2.5327E-3	1.880	1.918	126.039
187000000	9.210	12.796	12.276	9.568	0.2168	9.1773E-2	0.7031	0.4413	0.5168	0.4822	1.4760	1.5676	0.2893	0.2336	0.2828	0.1943	0.3156	0.2381	0.1682	0.2781	0.2840	0.2161	0.1921	0.3077	0.3438	0.1905	0.1670	0.2987	1.2947E-3	9.3387E-4	1.2217E-3	0.7045	6.3105E-3	2.908	1.896	127.375
188000000	9.835	9.097	10.734	8.788	0.1472	5.2325E-2	0.5042	0.3358	0.5100	0.4927	1.4966	1.5414	0.2932	0.2420	0.2680	0.1968	0.3099	0.2432	0.1759	0.2710	0.2894	0.2155	0.1849	0.3102	0.3555	0.1856	0.1636	0.2954	1.2564E-3	9.1122E-4	1.1715E-3	0.7516	2.0203E-2	3.133	1.987	131.551
189000000	7.898	12.653	14.226	9.162	2.6093E-2	6.0588E-2	0.4674	0.3905	0.5251	0.5038	1.4366	1.5780	0.3031	0.2255	0.2823	0.1891	0.3190	0.2298	0.1758	0.2753	0.2865	0.2198	0.1937	0.3000	0.3469	0.1883	0.1690	0.2958	1.284E-3	1.0004E-3	1.2108E-3	0.7438	-1.5811E-5	3.043	1.974	131.362
190000000	7.430	11.638	12.952	8.478	5.5739E-2	1.1389E-2	0.4724	0.3435	0.5209	0.5148	1.4188	1.5899	0.3114	0.2232	0.2744	0.1910	0.3199	0.2297	0.1649	0.2854	0.3031	0.2101	0.1917	0.2951	0.3498	0.1962	0.1652	0.2887	1.1111E-3	6.9602E-4	1.0811E-3	0.6105	2.1076E-2	0.925	2.039	135.753
191000000	9.430	12.220	15.131	7.710	0.1206	6.5964E-2	0.6542	0.3613	0.5174	0.5220	1.4095	1.5959	0.3022	0.2264	0.2722	0.1992	0.3109	0.2405	0.1763	0.2723	0.2887	0.2154	0.1995	0.2964	0.3436	0.1931	0.1755	0.2877	1.1515E-3	7.1039E-4	1.1229E-3	0.6032	2.5323E-2	2.299	1.942	131.457
192000000	9.842	8.719	13.653	8.623	0.2962	0.1105	1.0455	0.4801	0.5319	0.4671	1.4255	1.6223	0.2997	0.2283	0.2824	0.1896	0.3098	0.2396	0.1708	0.2797	0.2923	0.2066	0.1881	0.3130	0.3470	0.1959	0.1626	0.2945	1.2697E-3	9.2086E-4	1.2167E-3	0.7030	2.897E-2	3.997	1.908	131.164
193000000	10.695	11.394	15.307	8.339	3.2589E-3	0.1098	0.5847	0.3311	0.5655	0.4898	1.3843	1.6060	0.3046	0.2256	0.2716	0.1982	0.3053	0.2416	0.1677	0.2854	0.2827	0.2207	0.1947	0.3020	0.3376	0.1981	0.1670	0.2973	1.2188E-3	8.9204E-4	1.1331E-3	0.7207	2.5847E-4	2.782	1.933	132.353
194000000	8.875	11.289	13.215	8.677	0.1150	9.331E-2	0.5845	0.4163	0.5445	0.5099	1.3870	1.6041	0.2937	0.2253	0.2798	0.2012	0.3079	0.2369	0.1723	0.2830	0.2867	0.2181	0.1949	0.3003	0.3371	0.2045	0.1680	0.2903	1.1996E-3	7.4005E-4	1.1405E-3	0.6339	1.283E-2	2.296	1.927	132.169
195000000	9.774	11.040	13.399	9.416	0.3249	6.5626E-2	0.7696	0.3048	0.5119	0.5282	1.3963	1.6094	0.3011	0.2216	0.2698	0.2075	0.3187	0.2429	0.1612	0.2772	0.2889	0.2213	0.1897	0.3001	0.3403	0.2078	0.1578	0.2940	1.2077E-3	8.8739E-4	1.1633E-3	0.7309	2.093E-3	1.753	1.936	131.745
196000000	7.498	14.451	14.859	8.961	0.1228	5.702E-2	0.5371	0.3475	0.5263	0.5253	1.3867	1.6073	0.3105	0.2259	0.2727	0.1909	0.3192	0.2356	0.1762	0.2690	0.2882	0.2171	0.1990	0.2958	0.3401	0.1994	0.1632	0.2973	1.2784E-3	1.1068E-3	1.2311E-3	0.8530	6.729E-4	3.409	1.941	126.897
197000000	8.909	12.699	14.588	8.480	0.1566	6.2902E-3	0.4390	0.3263	0.5212	0.5282	1.4003	1.5952	0.2920	0.2328	0.2774	0.1978	0.3199	0.2430	0.1681	0.2690	0.2813	0.2206	0.2036	0.2945	0.3476	0.1917	0.1679	0.2928	1.2837E-3	8.717E-4	1.1941E-3	0.6843	1.9744E-2	2.287	2.107	131.242
198000000	7.112	12.092	12.780	7.298	0.1456	5.1204E-3	0.5345	0.4428	0.5367	0.5162	1.4419	1.5463	0.3043	0.2247	0.2843	0.1867	0.3146	0.2405	0.1776	0.2673	0.2836	0.2208	0.1984	0.2972	0.3393	0.1921	0.1665	0.3021	1.2234E-3	7.1331E-4	1.1923E-3	0.5954	-4.2326E-3	4.971	1.985	128.455
199000000	8.410	12.781	14.114	8.369	0.1529	1.662E-2	0.5197	0.3077	0.4949	0.4903	1.4485	1.6123	0.3099	0.2319	0.2767	0.1815	0.3119	0.2403	0.1655	0.2823	0.2844	0.2145	0.1874	0.3136	0.3495	0.1973	0.1661	0.2872	1.299E-3	9.579E-4	1.1783E-3	0.7343	2.3845E-2	2.431	1.926	129.493
200000000	7.875	10.258	14.098	8.480	0.1675	2.5609E-2	0.6489	0.4030	0.5042	0.5155	1.4206	1.6052	0.3001	0.2285	0.2676	0.2037	0.3151	0.2385	0.1782	0.2683	0.2901	0.2038	0.1966	0.3095	0.3451	0.1938	0.1659	0.2952	1.2431E-3	9.2843E-4	1.1975E-3	0.7651	3.4812E-3	1.389	1.930	129.119
