state	posterior	prior	likelihood	skygrid
1000000	-85305.739	-29691.202	-55614.537	-3691.732
2000000	-85261.065	-29653.901	-55607.164	-3654.886
3000000	-85292.470	-29702.148	-55590.322	-3702.824
4000000	-85333.075	-29656.695	-55676.380	-3656.098
5000000	-85322.505	-29701.955	-55620.550	-3703.065
6000000	-85420.557	-29762.497	-55658.060	-3762.940
7000000	-85372.741	-29735.478	-55637.263	-3736.628
8000000	-85349.928	-29661.477	-55688.450	-3661.792
9000000	-85254.033	-29644.473	-55609.560	-3644.737
10000000	-85288.846	-29671.934	-55616.912	-3672.507
11000000	-85181.144	-29541.741	-55639.403	-3543.769
12000000	-85256.793	-29648.748	-55608.044	-3649.368
13000000	-85144.987	-29519.919	-55625.068	-3521.004
14000000	-85231.122	-29657.771	-55573.351	-3658.951
15000000	-85301.301	-29642.679	-55658.622	-3643.781
16000000	-85391.783	-29755.424	-55636.359	-3755.837
17000000	-85257.046	-29673.156	-55583.890	-3673.851
18000000	-85380.433	-29801.394	-55579.039	-3802.920
19000000	-85325.622	-29746.514	-55579.108	-3746.912
20000000	-85355.609	-29728.294	-55627.314	-3729.179
21000000	-85370.505	-29709.140	-55661.366	-3710.392
22000000	-85275.996	-29761.151	-55514.845	-3760.451
23000000	-85400.928	-29773.198	-55627.730	-3774.246
24000000	-85316.540	-29695.838	-55620.702	-3698.253
25000000	-85263.484	-29679.626	-55583.858	-3680.672
26000000	-85293.647	-29665.582	-55628.064	-3666.219
27000000	-85319.438	-29658.471	-55660.967	-3659.011
28000000	-85210.814	-29651.566	-55559.248	-3652.620
29000000	-85299.122	-29678.419	-55620.703	-3679.050
30000000	-85219.842	-29641.653	-55578.189	-3642.763
31000000	-85295.972	-29705.672	-55590.300	-3706.740
32000000	-85448.308	-29792.588	-55655.719	-3794.492
33000000	-85440.136	-29793.103	-55647.032	-3794.429
34000000	-85336.626	-29709.784	-55626.843	-3710.221
35000000	-85382.548	-29726.754	-55655.794	-3727.925
36000000	-85350.628	-29657.692	-55692.936	-3657.838
37000000	-85399.061	-29773.575	-55625.486	-3775.076
38000000	-85441.794	-29784.773	-55657.020	-3784.461
39000000	-85393.445	-29674.236	-55719.209	-3675.589
40000000	-85269.486	-29734.697	-55534.789	-3735.761
41000000	-85348.059	-29758.264	-55589.796	-3759.096
42000000	-85258.108	-29673.989	-55584.119	-3675.163
43000000	-85351.412	-29677.278	-55674.134	-3677.903
44000000	-85205.038	-29619.014	-55586.024	-3618.155
45000000	-85160.113	-29543.591	-55616.522	-3543.645
46000000	-85441.616	-29800.092	-55641.524	-3801.010
47000000	-85432.349	-29784.580	-55647.770	-3785.702
48000000	-85259.086	-29657.406	-55601.680	-3658.374
49000000	-85290.381	-29721.896	-55568.485	-3723.664
50000000	-85221.994	-29647.134	-55574.860	-3647.581
51000000	-85334.735	-29742.437	-55592.299	-3742.180
52000000	-85412.645	-29812.355	-55600.290	-3812.596
53000000	-85328.297	-29685.984	-55642.313	-3687.171
54000000	-85388.286	-29763.399	-55624.887	-3764.686
55000000	-85228.857	-29656.952	-55571.905	-3657.631
56000000	-85348.495	-29735.778	-55612.717	-3735.147
57000000	-85273.839	-29652.697	-55621.142	-3653.514
58000000	-85167.711	-29600.166	-55567.545	-3600.546
59000000	-85160.565	-29588.288	-55572.278	-3587.905
60000000	-85078.450	-29512.953	-55565.497	-3514.213
61000000	-85195.460	-29578.846	-55616.614	-3579.702
62000000	-85141.388	-29545.174	-55596.214	-3546.043
63000000	-85312.277	-29645.644	-55666.634	-3647.691
64000000	-85237.312	-29631.510	-55605.802	-3631.563
65000000	-85309.090	-29655.196	-55653.895	-3656.047
66000000	-85319.020	-29682.042	-55636.978	-3681.933
67000000	-85341.889	-29707.960	-55633.929	-3708.653
68000000	-85323.816	-29722.354	-55601.462	-3722.340
69000000	-85350.653	-29659.125	-55691.529	-3659.642
70000000	-85271.840	-29559.591	-55712.249	-3559.852
71000000	-85232.629	-29569.396	-55663.233	-3569.784
72000000	-85334.632	-29755.847	-55578.785	-3754.704
73000000	-85303.545	-29724.952	-55578.593	-3726.008
74000000	-85320.358	-29649.179	-55671.179	-3650.419
75000000	-85426.123	-29742.034	-55684.089	-3742.238
76000000	-85331.005	-29700.966	-55630.039	-3702.657
77000000	-85297.138	-29601.418	-55695.720	-3602.121
78000000	-85278.896	-29634.253	-55644.643	-3635.970
79000000	-85238.639	-29583.523	-55655.115	-3584.470
80000000	-85354.353	-29734.698	-55619.655	-3736.074
81000000	-85382.443	-29735.004	-55647.439	-3735.848
82000000	-85317.166	-29747.618	-55569.547	-3748.498
83000000	-85330.122	-29654.220	-55675.902	-3655.872
84000000	-85230.078	-29571.966	-55658.112	-3572.445
85000000	-85441.540	-29820.795	-55620.745	-3821.231
86000000	-85205.628	-29609.995	-55595.633	-3610.101
87000000	-85246.756	-29664.624	-55582.132	-3665.660
88000000	-85277.019	-29680.339	-55596.679	-3681.586
89000000	-85246.369	-29698.189	-55548.180	-3699.663
90000000	-85326.717	-29709.048	-55617.669	-3710.621
91000000	-85304.833	-29698.364	-55606.469	-3699.131
92000000	-85207.036	-29618.603	-55588.433	-3619.391
93000000	-85327.823	-29732.304	-55595.519	-3732.873
94000000	-85267.156	-29703.084	-55564.072	-3704.844
95000000	-85228.965	-29610.014	-55618.951	-3610.850
96000000	-85270.860	-29652.489	-55618.371	-3652.585
97000000	-85338.711	-29734.947	-55603.764	-3735.174
98000000	-85301.583	-29699.104	-55602.478	-3699.863
99000000	-85193.165	-29585.667	-55607.498	-3585.434
100000000	-85145.398	-29559.245	-55586.152	-3560.892
101000000	-85342.994	-29705.418	-55637.577	-3705.746
102000000	-85295.208	-29704.541	-55590.667	-3706.087
103000000	-85361.066	-29751.348	-55609.718	-3752.549
104000000	-85467.973	-29851.873	-55616.100	-3853.476
105000000	-85483.821	-29876.651	-55607.170	-3876.520
106000000	-85299.545	-29707.299	-55592.246	-3708.461
107000000	-85241.946	-29632.150	-55609.797	-3634.135
108000000	-85280.351	-29709.957	-55570.394	-3711.279
109000000	-85387.465	-29769.464	-55618.000	-3770.806
110000000	-85365.424	-29749.324	-55616.099	-3749.327
111000000	-85250.864	-29734.320	-55516.544	-3734.428
112000000	-85304.979	-29637.474	-55667.505	-3639.148
113000000	-85349.054	-29706.885	-55642.169	-3707.595
114000000	-85258.456	-29591.912	-55666.544	-3592.522
115000000	-85335.293	-29694.058	-55641.235	-3695.517
116000000	-85357.736	-29698.549	-55659.187	-3698.778
117000000	-85359.390	-29736.737	-55622.652	-3736.967
118000000	-85324.094	-29783.111	-55540.983	-3784.283
119000000	-85398.515	-29738.460	-55660.055	-3739.845
120000000	-85302.816	-29680.047	-55622.769	-3680.311
121000000	-85312.137	-29689.361	-55622.776	-3690.168
122000000	-85319.785	-29698.069	-55621.716	-3699.742
123000000	-85226.297	-29602.737	-55623.559	-3603.222
124000000	-85413.388	-29743.821	-55669.567	-3745.780
125000000	-85301.837	-29687.120	-55614.717	-3688.325
126000000	-85178.563	-29590.509	-55588.054	-3592.410
127000000	-85241.138	-29641.027	-55600.111	-3641.863
128000000	-85330.654	-29721.474	-55609.179	-3722.061
129000000	-85422.911	-29781.924	-55640.986	-3781.798
130000000	-85382.063	-29767.343	-55614.720	-3768.593
131000000	-85269.084	-29721.068	-55548.016	-3721.664
132000000	-85423.099	-29791.966	-55631.133	-3792.790
133000000	-85287.609	-29655.907	-55631.702	-3656.467
134000000	-85305.243	-29632.457	-55672.786	-3633.962
135000000	-85348.704	-29709.268	-55639.436	-3709.178
136000000	-85312.092	-29653.010	-55659.081	-3652.391
137000000	-85285.481	-29661.770	-55623.712	-3663.278
138000000	-85193.745	-29648.820	-55544.925	-3649.685
139000000	-85234.131	-29612.268	-55621.863	-3613.682
140000000	-85353.302	-29732.301	-55621.001	-3733.475
141000000	-85362.192	-29707.016	-55655.176	-3707.960
142000000	-85328.792	-29643.690	-55685.101	-3644.630
143000000	-85266.145	-29651.337	-55614.808	-3652.790
144000000	-85257.125	-29674.143	-55582.982	-3675.084
145000000	-85287.570	-29722.708	-55564.862	-3723.245
146000000	-85315.256	-29770.241	-55545.015	-3770.440
147000000	-85382.088	-29717.376	-55664.712	-3719.533
148000000	-85219.513	-29599.235	-55620.278	-3600.024
149000000	-85282.479	-29633.448	-55649.031	-3634.985
150000000	-85304.902	-29658.025	-55646.876	-3657.994
151000000	-85263.245	-29669.227	-55594.018	-3669.303
152000000	-85202.822	-29616.041	-55586.781	-3617.769
153000000	-85258.109	-29647.887	-55610.221	-3648.588
154000000	-85257.323	-29599.891	-55657.432	-3600.379
155000000	-85248.155	-29617.954	-55630.201	-3618.847
156000000	-85256.255	-29671.745	-55584.510	-3673.131
157000000	-85205.770	-29584.385	-55621.385	-3586.023
158000000	-85315.121	-29667.377	-55647.745	-3668.553
159000000	-85364.661	-29740.142	-55624.519	-3740.836
160000000	-85264.706	-29683.231	-55581.475	-3683.532
161000000	-85195.645	-29566.466	-55629.179	-3567.426
162000000	-85115.066	-29531.427	-55583.640	-3531.669
163000000	-85326.838	-29669.955	-55656.884	-3670.855
164000000	-85326.343	-29664.295	-55662.049	-3665.574
165000000	-85330.081	-29652.277	-55677.804	-3653.165
166000000	-85295.931	-29629.318	-55666.614	-3629.387
167000000	-85358.238	-29749.233	-55609.006	-3749.359
168000000	-85317.066	-29741.014	-55576.052	-3741.684
169000000	-85341.240	-29737.812	-55603.427	-3739.434
170000000	-85348.331	-29697.319	-55651.012	-3697.053
171000000	-85431.921	-29787.673	-55644.248	-3788.403
172000000	-85308.472	-29641.911	-55666.561	-3641.796
173000000	-85341.043	-29657.634	-55683.408	-3658.741
174000000	-85352.101	-29712.352	-55639.749	-3713.460
175000000	-85368.395	-29713.412	-55654.983	-3713.525
176000000	-85401.980	-29726.393	-55675.586	-3727.253
177000000	-85251.021	-29646.120	-55604.901	-3646.998
178000000	-85275.362	-29637.165	-55638.197	-3638.645
179000000	-85333.788	-29687.290	-55646.498	-3688.528
180000000	-85304.264	-29701.167	-55603.097	-3701.868
181000000	-85225.764	-29638.166	-55587.598	-3638.830
182000000	-85217.814	-29617.094	-55600.720	-3617.078
183000000	-85375.933	-29782.548	-55593.385	-3782.827
184000000	-85366.520	-29760.793	-55605.727	-3761.805
185000000	-85149.063	-29632.388	-55516.674	-3632.697
186000000	-85247.302	-29663.332	-55583.970	-3665.036
187000000	-85333.549	-29707.208	-55626.341	-3708.079
188000000	-85371.487	-29724.505	-55646.982	-3725.236
189000000	-85212.700	-29611.902	-55600.798	-3612.959
190000000	-85264.313	-29694.988	-55569.325	-3696.641
191000000	-85316.262	-29725.214	-55591.048	-3725.004
192000000	-85151.256	-29575.859	-55575.397	-3577.336
193000000	-85376.400	-29709.266	-55667.134	-3709.896
194000000	-85223.649	-29622.894	-55600.755	-3623.798
195000000	-85364.971	-29730.294	-55634.677	-3730.849
196000000	-85305.498	-29725.811	-55579.687	-3726.377
197000000	-85312.375	-29680.159	-55632.216	-3680.201
198000000	-85357.470	-29746.757	-55610.713	-3747.280
199000000	-85368.036	-29734.206	-55633.831	-3735.537
200000000	-85328.337	-29719.041	-55609.295	-3719.460
201000000	-85204.341	-29608.407	-55595.934	-3608.921
202000000	-85222.840	-29607.378	-55615.462	-3608.689
203000000	-85229.172	-29635.192	-55593.980	-3636.105
204000000	-85184.023	-29632.127	-55551.896	-3633.504
205000000	-85220.223	-29615.032	-55605.191	-3616.302
206000000	-85244.941	-29645.285	-55599.656	-3646.210
207000000	-85165.464	-29578.330	-55587.134	-3578.880
208000000	-85342.839	-29721.163	-55621.676	-3722.566
209000000	-85308.930	-29669.428	-55639.502	-3670.253
210000000	-85317.920	-29683.909	-55634.011	-3684.512
211000000	-85382.745	-29675.624	-55707.121	-3676.364
212000000	-85296.341	-29691.118	-55605.223	-3692.650
213000000	-85202.000	-29552.689	-55649.311	-3553.292
214000000	-85315.121	-29684.620	-55630.501	-3686.299
215000000	-85182.659	-29591.008	-55591.650	-3590.260
216000000	-85242.503	-29634.420	-55608.084	-3633.700
217000000	-85252.582	-29621.106	-55631.477	-3622.507
218000000	-85355.282	-29767.611	-55587.672	-3768.993
219000000	-85309.481	-29663.813	-55645.669	-3663.665
220000000	-85189.483	-29618.166	-55571.317	-3619.500
221000000	-85149.571	-29554.243	-55595.327	-3554.236
222000000	-85220.177	-29542.596	-55677.581	-3545.033
223000000	-85390.662	-29744.452	-55646.210	-3745.407
224000000	-85314.537	-29691.086	-55623.451	-3692.575
225000000	-85260.947	-29722.210	-55538.737	-3723.553
226000000	-85409.130	-29788.271	-55620.860	-3788.870
227000000	-85337.883	-29700.272	-55637.611	-3700.647
228000000	-85377.874	-29721.051	-55656.822	-3721.857
229000000	-85373.548	-29771.051	-55602.497	-3772.506
230000000	-85368.352	-29799.297	-55569.055	-3798.857
231000000	-85416.418	-29780.014	-55636.404	-3781.787
232000000	-85292.170	-29706.757	-55585.413	-3706.990
233000000	-85368.587	-29725.169	-55643.418	-3726.361
234000000	-85171.843	-29590.151	-55581.692	-3590.789
235000000	-85345.114	-29673.680	-55671.434	-3674.641
236000000	-85398.053	-29767.687	-55630.366	-3768.678
237000000	-85384.124	-29793.718	-55590.405	-3794.988
238000000	-85325.694	-29676.092	-55649.602	-3677.497
239000000	-85296.130	-29670.537	-55625.592	-3670.562
240000000	-85230.398	-29599.157	-55631.241	-3600.190
241000000	-85256.238	-29641.189	-55615.048	-3642.029
242000000	-85256.270	-29654.399	-55601.871	-3655.327
243000000	-85151.453	-29575.247	-55576.207	-3576.405
244000000	-85215.888	-29655.367	-55560.521	-3657.010
245000000	-85341.659	-29705.931	-55635.728	-3706.507
246000000	-85148.528	-29548.895	-55599.634	-3550.803
247000000	-85259.386	-29629.063	-55630.323	-3630.018
248000000	-85333.775	-29717.018	-55616.756	-3716.871
249000000	-85441.151	-29847.140	-55594.012	-3848.184
250000000	-85398.536	-29748.681	-55649.855	-3749.768
251000000	-85227.248	-29655.916	-55571.332	-3655.600
252000000	-85263.437	-29648.047	-55615.390	-3649.333
253000000	-85448.489	-29765.118	-55683.371	-3766.426
254000000	-85280.731	-29575.831	-55704.899	-3576.637
255000000	-85392.904	-29705.567	-55687.337	-3706.896
256000000	-85232.475	-29624.725	-55607.751	-3625.515
257000000	-85287.183	-29710.147	-55577.036	-3711.046
258000000	-85384.382	-29736.367	-55648.015	-3737.178
259000000	-85133.603	-29528.421	-55605.182	-3529.557
260000000	-85299.922	-29697.902	-55602.021	-3699.723
261000000	-85337.037	-29725.703	-55611.334	-3727.395
262000000	-85238.724	-29503.197	-55735.527	-3504.935
263000000	-85231.193	-29597.373	-55633.820	-3596.693
264000000	-85346.765	-29666.256	-55680.509	-3666.065
265000000	-85408.595	-29746.829	-55661.766	-3748.423
266000000	-85211.424	-29607.432	-55603.992	-3607.944
267000000	-85343.599	-29742.689	-55600.910	-3743.163
268000000	-85241.614	-29593.516	-55648.098	-3594.461
269000000	-85278.501	-29623.395	-55655.106	-3623.964
270000000	-85242.877	-29645.108	-55597.769	-3646.883
271000000	-85410.624	-29709.929	-55700.695	-3710.131
272000000	-85296.057	-29676.767	-55619.290	-3678.188
273000000	-85205.735	-29592.335	-55613.400	-3592.926
274000000	-85293.579	-29681.545	-55612.034	-3682.404
275000000	-85404.078	-29742.484	-55661.595	-3742.819
276000000	-85395.925	-29740.107	-55655.819	-3739.516
277000000	-85273.336	-29639.417	-55633.919	-3639.757
278000000	-85332.092	-29643.925	-55688.168	-3644.459
279000000	-85390.081	-29738.269	-55651.812	-3739.077
280000000	-85304.422	-29682.847	-55621.575	-3683.817
281000000	-85239.626	-29612.975	-55626.651	-3614.768
282000000	-85298.952	-29636.597	-55662.355	-3636.660
283000000	-85328.574	-29716.301	-55612.273	-3716.505
284000000	-85295.912	-29687.246	-55608.666	-3687.799
285000000	-85432.571	-29792.129	-55640.441	-3792.406
286000000	-85279.822	-29620.434	-55659.388	-3621.151
287000000	-85308.201	-29635.149	-55673.052	-3636.401
288000000	-85380.156	-29768.939	-55611.218	-3770.243
289000000	-85315.861	-29724.967	-55590.893	-3725.562
290000000	-85401.602	-29748.984	-55652.618	-3750.141
291000000	-85426.425	-29770.882	-55655.543	-3772.520
292000000	-85335.604	-29724.416	-55611.187	-3724.860
293000000	-85197.866	-29594.146	-55603.719	-3596.050
294000000	-85330.029	-29675.039	-55654.990	-3675.847
295000000	-85246.747	-29571.446	-55675.301	-3571.881
296000000	-85266.259	-29616.163	-55650.095	-3618.107
297000000	-85230.843	-29580.506	-55650.337	-3580.774
298000000	-85269.598	-29612.234	-55657.364	-3613.372
299000000	-85284.195	-29639.169	-55645.026	-3640.774
300000000	-85269.752	-29665.841	-55603.911	-3668.313
301000000	-85303.205	-29609.048	-55694.158	-3610.252
302000000	-85268.742	-29633.390	-55635.352	-3633.828
303000000	-85386.002	-29734.244	-55651.758	-3735.666
304000000	-85302.934	-29689.227	-55613.707	-3689.620
305000000	-85189.216	-29619.051	-55570.165	-3619.845
306000000	-85458.747	-29814.867	-55643.880	-3816.447
307000000	-85430.964	-29821.374	-55609.590	-3821.620
308000000	-85243.593	-29680.287	-55563.305	-3680.585
309000000	-85300.245	-29697.736	-55602.509	-3697.192
310000000	-85264.228	-29633.971	-55630.258	-3634.284
311000000	-85363.480	-29717.088	-55646.391	-3716.623
312000000	-85219.052	-29605.348	-55613.703	-3605.841
313000000	-85326.303	-29690.902	-55635.401	-3690.529
314000000	-85400.236	-29774.404	-55625.832	-3776.381
315000000	-85305.321	-29727.128	-55578.193	-3728.589
316000000	-85275.760	-29671.420	-55604.340	-3672.662
317000000	-85272.509	-29652.296	-55620.212	-3653.318
318000000	-85177.010	-29600.960	-55576.050	-3601.287
319000000	-85341.902	-29760.169	-55581.732	-3760.924
320000000	-85283.866	-29648.549	-55635.317	-3650.351
321000000	-85303.438	-29715.486	-55587.952	-3714.768
322000000	-85292.683	-29727.182	-55565.501	-3728.011
323000000	-85271.207	-29721.829	-55549.378	-3723.175
324000000	-85275.271	-29649.749	-55625.522	-3650.063
325000000	-85275.911	-29706.059	-55569.853	-3706.651
326000000	-85365.698	-29741.857	-55623.841	-3743.869
327000000	-85285.148	-29658.900	-55626.248	-3659.610
328000000	-85318.107	-29722.066	-55596.041	-3722.788
329000000	-85220.715	-29683.433	-55537.281	-3684.578
330000000	-85268.616	-29614.585	-55654.031	-3615.481
331000000	-85218.284	-29623.796	-55594.488	-3624.457
332000000	-85343.541	-29750.235	-55593.306	-3751.630
333000000	-85198.013	-29583.148	-55614.865	-3582.874
334000000	-85208.620	-29577.278	-55631.342	-3577.144
335000000	-85354.137	-29696.053	-55658.085	-3696.764
336000000	-85352.485	-29735.677	-55616.809	-3736.743
337000000	-85334.412	-29732.772	-55601.640	-3732.744
338000000	-85282.856	-29723.852	-55559.005	-3723.230
339000000	-85411.411	-29788.868	-55622.543	-3789.386
340000000	-85356.910	-29780.976	-55575.934	-3780.727
341000000	-85250.769	-29624.757	-55626.012	-3625.969
342000000	-85221.965	-29644.935	-55577.029	-3645.831
343000000	-85356.044	-29697.273	-55658.771	-3697.805
344000000	-85277.954	-29665.426	-55612.528	-3665.605
345000000	-85250.881	-29694.388	-55556.493	-3694.772
346000000	-85304.711	-29729.056	-55575.655	-3729.726
347000000	-85431.448	-29792.016	-55639.432	-3791.330
348000000	-85361.692	-29728.858	-55632.833	-3729.542
349000000	-85239.587	-29665.562	-55574.025	-3665.609
350000000	-85298.607	-29717.928	-55580.679	-3718.814
351000000	-85211.430	-29639.029	-55572.401	-3639.356
352000000	-85305.226	-29692.715	-55612.511	-3693.914
353000000	-85225.725	-29605.533	-55620.192	-3605.771
354000000	-85281.857	-29673.619	-55608.238	-3674.944
355000000	-85297.417	-29740.670	-55556.747	-3741.264
356000000	-85257.498	-29629.203	-55628.295	-3629.850
357000000	-85326.962	-29733.877	-55593.085	-3734.456
358000000	-85294.859	-29669.001	-55625.858	-3670.833
359000000	-85387.113	-29760.701	-55626.412	-3762.402
360000000	-85324.767	-29677.646	-55647.121	-3678.527
361000000	-85348.999	-29696.569	-55652.429	-3697.413
362000000	-85173.531	-29613.112	-55560.419	-3614.505
363000000	-85379.989	-29756.891	-55623.099	-3758.426
364000000	-85293.997	-29658.750	-55635.247	-3659.838
365000000	-85245.412	-29599.499	-55645.912	-3600.838
366000000	-85382.586	-29758.230	-55624.357	-3759.225
367000000	-85299.080	-29671.842	-55627.238	-3673.541
368000000	-85317.580	-29648.834	-55668.746	-3649.404
369000000	-85285.823	-29637.808	-55648.014	-3638.859
370000000	-85358.446	-29731.408	-55627.038	-3731.493
371000000	-85244.996	-29637.106	-55607.890	-3637.489
372000000	-85275.326	-29626.367	-55648.959	-3627.111
373000000	-85239.062	-29581.421	-55657.642	-3582.966
374000000	-85353.859	-29685.111	-55668.748	-3686.589
375000000	-85225.274	-29687.649	-55537.624	-3688.165
376000000	-85366.763	-29760.013	-55606.751	-3760.862
377000000	-85354.239	-29768.047	-55586.192	-3768.485
378000000	-85396.055	-29773.110	-55622.945	-3771.586
379000000	-85312.602	-29692.524	-55620.078	-3693.952
380000000	-85148.053	-29550.817	-55597.237	-3551.420
381000000	-85264.932	-29643.277	-55621.655	-3645.540
382000000	-85237.242	-29613.755	-55623.486	-3615.114
383000000	-85203.244	-29611.388	-55591.857	-3612.309
384000000	-85241.550	-29611.300	-55630.250	-3612.356
385000000	-85166.329	-29532.499	-55633.830	-3534.379
386000000	-85264.145	-29632.798	-55631.347	-3632.620
387000000	-85403.632	-29782.475	-55621.157	-3783.675
388000000	-85273.445	-29689.317	-55584.127	-3688.935
389000000	-85319.277	-29668.660	-55650.617	-3670.002
390000000	-85400.718	-29695.868	-55704.850	-3695.310
391000000	-85274.459	-29634.467	-55639.992	-3634.633
392000000	-85145.521	-29563.541	-55581.980	-3564.620
393000000	-85296.367	-29700.445	-55595.923	-3700.652
394000000	-85342.318	-29742.798	-55599.520	-3743.809
395000000	-85269.413	-29647.438	-55621.976	-3648.462
396000000	-85301.454	-29710.049	-55591.405	-3710.419
397000000	-85236.731	-29650.315	-55586.416	-3651.260
398000000	-85350.518	-29661.779	-55688.739	-3663.238
399000000	-85403.763	-29778.158	-55625.605	-3778.958
400000000	-85287.306	-29636.096	-55651.210	-3637.167
401000000	-85339.200	-29743.839	-55595.361	-3744.746
402000000	-85301.235	-29641.173	-55660.061	-3642.678
403000000	-85322.460	-29683.388	-55639.072	-3684.794
404000000	-85239.569	-29683.015	-55556.554	-3683.178
405000000	-85346.567	-29701.939	-55644.628	-3702.581
406000000	-85177.660	-29595.095	-55582.565	-3596.508
407000000	-85222.684	-29664.567	-55558.116	-3666.087
408000000	-85378.422	-29714.410	-55664.012	-3715.569
409000000	-85271.221	-29609.771	-55661.450	-3609.911
410000000	-85273.967	-29674.650	-55599.317	-3674.706
411000000	-85280.635	-29600.212	-55680.423	-3600.932
412000000	-85255.374	-29673.782	-55581.591	-3674.385
413000000	-85246.128	-29640.632	-55605.496	-3641.123
414000000	-85232.521	-29594.962	-55637.560	-3595.661
415000000	-85260.847	-29628.336	-55632.512	-3627.540
416000000	-85221.034	-29641.559	-55579.475	-3643.298
417000000	-85326.272	-29708.087	-55618.185	-3708.425
418000000	-85470.821	-29806.764	-55664.057	-3808.213
419000000	-85250.438	-29662.639	-55587.799	-3662.899
420000000	-85295.074	-29662.155	-55632.919	-3663.392
421000000	-85181.968	-29619.660	-55562.308	-3620.104
422000000	-85297.105	-29682.192	-55614.913	-3682.349
423000000	-85365.501	-29746.787	-55618.714	-3748.840
424000000	-85231.889	-29623.479	-55608.410	-3625.261
425000000	-85310.478	-29771.942	-55538.536	-3772.843
426000000	-85282.655	-29624.603	-55658.052	-3626.544
427000000	-85309.106	-29652.541	-55656.565	-3653.406
428000000	-85285.971	-29695.749	-55590.221	-3697.318
429000000	-85383.090	-29780.260	-55602.830	-3780.247
430000000	-85291.471	-29671.200	-55620.270	-3671.963
431000000	-85282.058	-29657.725	-55624.332	-3659.018
432000000	-85154.447	-29570.736	-55583.711	-3571.168
433000000	-85240.027	-29605.363	-55634.664	-3606.299
434000000	-85215.088	-29641.366	-55573.721	-3642.584
435000000	-85242.742	-29626.402	-55616.340	-3628.756
436000000	-85223.336	-29635.151	-55588.185	-3635.219
437000000	-85308.870	-29742.118	-55566.752	-3743.700
438000000	-85291.636	-29682.617	-55609.018	-3683.272
439000000	-85395.385	-29738.824	-55656.561	-3739.111
440000000	-85246.391	-29684.166	-55562.225	-3685.374
441000000	-85222.817	-29668.781	-55554.037	-3669.591
442000000	-85222.490	-29655.997	-55566.493	-3657.277
443000000	-85325.991	-29701.635	-55624.356	-3701.502
444000000	-85239.428	-29637.704	-55601.723	-3638.479
445000000	-85295.372	-29621.565	-55673.808	-3623.665
446000000	-85198.238	-29560.203	-55638.036	-3561.712
447000000	-85260.086	-29612.324	-55647.761	-3614.299
448000000	-85295.995	-29704.887	-55591.108	-3705.848
449000000	-85357.455	-29757.429	-55600.026	-3757.734
450000000	-85251.867	-29595.863	-55656.004	-3597.081
451000000	-85278.081	-29701.604	-55576.477	-3702.799
452000000	-85298.656	-29691.039	-55607.617	-3692.216
453000000	-85266.180	-29627.016	-55639.164	-3628.518
454000000	-85191.450	-29544.059	-55647.391	-3544.770
455000000	-85357.226	-29692.255	-55664.971	-3693.947
456000000	-85305.996	-29690.979	-55615.018	-3691.908
457000000	-85270.066	-29720.417	-55549.648	-3721.826
458000000	-85284.258	-29676.877	-55607.381	-3677.138
459000000	-85337.858	-29735.352	-55602.506	-3735.908
460000000	-85373.469	-29738.718	-55634.750	-3738.723
461000000	-85280.978	-29704.601	-55576.377	-3705.493
462000000	-85335.134	-29668.519	-55666.615	-3669.056
463000000	-85222.222	-29658.965	-55563.257	-3660.726
464000000	-85414.046	-29770.216	-55643.831	-3771.263
465000000	-85230.361	-29660.420	-55569.942	-3660.480
466000000	-85300.382	-29711.507	-55588.875	-3711.699
467000000	-85153.867	-29546.749	-55607.119	-3547.598
468000000	-85153.016	-29578.970	-55574.046	-3579.936
469000000	-85295.819	-29665.280	-55630.539	-3666.315
470000000	-85302.994	-29639.314	-55663.680	-3640.949
471000000	-85245.945	-29584.014	-55661.932	-3584.314
472000000	-85365.118	-29730.848	-55634.270	-3732.360
473000000	-85320.234	-29725.139	-55595.095	-3724.906
474000000	-85452.986	-29788.987	-55664.000	-3790.681
475000000	-85347.257	-29759.115	-55588.142	-3760.193
476000000	-85196.732	-29607.510	-55589.222	-3608.327
477000000	-85316.987	-29773.092	-55543.895	-3774.165
478000000	-85280.262	-29711.699	-55568.564	-3712.541
479000000	-85253.948	-29691.763	-55562.185	-3693.601
480000000	-85286.785	-29687.544	-55599.241	-3688.845
481000000	-85319.635	-29665.048	-55654.587	-3666.150
482000000	-85366.552	-29823.164	-55543.388	-3823.189
483000000	-85323.450	-29675.485	-55647.965	-3675.689
484000000	-85315.442	-29697.632	-55617.811	-3698.123
485000000	-85360.206	-29692.363	-55667.843	-3692.778
486000000	-85362.884	-29784.947	-55577.937	-3785.288
487000000	-85402.580	-29754.698	-55647.882	-3754.933
488000000	-85322.326	-29655.664	-55666.662	-3656.395
489000000	-85363.111	-29764.127	-55598.984	-3764.337
490000000	-85413.044	-29797.285	-55615.759	-3798.640
491000000	-85361.208	-29737.401	-55623.807	-3737.953
492000000	-85348.346	-29776.762	-55571.584	-3777.354
493000000	-85361.929	-29755.455	-55606.475	-3756.288
494000000	-85367.693	-29754.134	-55613.559	-3755.776
495000000	-85388.967	-29772.043	-55616.924	-3773.388
496000000	-85333.972	-29752.273	-55581.699	-3753.882
497000000	-85318.240	-29679.566	-55638.675	-3679.938
498000000	-85320.210	-29661.049	-55659.161	-3662.780
499000000	-85436.401	-29771.979	-55664.422	-3772.605
500000000	-85306.645	-29706.810	-55599.834	-3707.354
501000000	-85331.495	-29717.869	-55613.626	-3717.724
502000000	-85343.079	-29679.554	-55663.525	-3679.140
503000000	-85250.783	-29618.924	-55631.859	-3619.628
504000000	-85284.945	-29659.744	-55625.201	-3660.658
505000000	-85304.692	-29634.462	-55670.229	-3635.577
506000000	-85350.625	-29754.221	-55596.404	-3754.110
507000000	-85311.978	-29684.377	-55627.601	-3684.783
508000000	-85403.928	-29752.605	-55651.323	-3752.628
509000000	-85318.620	-29739.518	-55579.102	-3740.166
510000000	-85368.268	-29695.138	-55673.129	-3695.149
511000000	-85346.427	-29696.055	-55650.372	-3695.854
512000000	-85220.246	-29650.723	-55569.523	-3651.760
513000000	-85358.650	-29717.736	-55640.913	-3718.341
514000000	-85367.916	-29760.611	-55607.305	-3761.786
515000000	-85367.125	-29712.871	-55654.253	-3712.126
516000000	-85284.561	-29686.416	-55598.145	-3687.262
517000000	-85353.157	-29689.232	-55663.925	-3689.778
518000000	-85283.402	-29634.568	-55648.834	-3634.677
519000000	-85272.235	-29734.144	-55538.090	-3734.682
520000000	-85348.967	-29722.836	-55626.132	-3723.488
521000000	-85307.483	-29613.031	-55694.452	-3614.666
522000000	-85358.660	-29741.809	-55616.851	-3742.765
523000000	-85346.267	-29696.528	-55649.739	-3696.560
524000000	-85405.680	-29770.225	-55635.455	-3770.615
525000000	-85329.121	-29720.685	-55608.436	-3721.471
526000000	-85344.172	-29702.734	-55641.438	-3703.096
527000000	-85373.208	-29699.025	-55674.183	-3700.943
528000000	-85350.852	-29672.573	-55678.279	-3673.167
529000000	-85331.967	-29678.608	-55653.358	-3680.084
530000000	-85346.762	-29771.712	-55575.050	-3773.485
531000000	-85281.940	-29594.939	-55687.001	-3595.966
532000000	-85280.300	-29690.631	-55589.669	-3692.745
533000000	-85376.758	-29717.023	-55659.736	-3717.045
534000000	-85390.005	-29719.543	-55670.462	-3719.193
535000000	-85338.345	-29740.664	-55597.681	-3741.420
536000000	-85365.887	-29792.861	-55573.027	-3793.189
537000000	-85223.440	-29626.511	-55596.929	-3627.559
538000000	-85281.639	-29628.893	-55652.746	-3628.927
539000000	-85331.594	-29711.114	-55620.479	-3711.774
540000000	-85255.887	-29657.004	-55598.883	-3658.032
541000000	-85407.555	-29756.180	-55651.375	-3756.664
542000000	-85239.384	-29651.763	-55587.621	-3653.613
543000000	-85247.339	-29596.014	-55651.325	-3596.113
544000000	-85157.089	-29555.842	-55601.247	-3557.534
545000000	-85364.178	-29687.556	-55676.622	-3689.127
546000000	-85362.477	-29728.453	-55634.024	-3728.719
547000000	-85235.582	-29624.969	-55610.613	-3625.169
548000000	-85416.112	-29748.831	-55667.281	-3749.393
549000000	-85306.998	-29680.789	-55626.209	-3680.769
550000000	-85325.273	-29726.377	-55598.895	-3727.378
551000000	-85307.504	-29672.872	-55634.632	-3672.835
552000000	-85200.176	-29584.045	-55616.131	-3585.777
553000000	-85362.839	-29780.317	-55582.521	-3781.705
554000000	-85264.019	-29678.490	-55585.529	-3679.179
555000000	-85296.708	-29685.998	-55610.709	-3686.481
556000000	-85243.650	-29685.658	-55557.991	-3686.212
557000000	-85353.246	-29735.700	-55617.546	-3737.229
558000000	-85230.621	-29602.066	-55628.555	-3603.526
559000000	-85321.513	-29696.741	-55624.772	-3697.425
560000000	-85289.298	-29676.809	-55612.489	-3678.132
561000000	-85192.404	-29667.775	-55524.628	-3669.890
562000000	-85171.305	-29594.523	-55576.783	-3596.123
563000000	-85273.731	-29612.150	-55661.582	-3614.519
564000000	-85363.807	-29775.293	-55588.515	-3775.328
565000000	-85324.271	-29691.574	-55632.697	-3692.286
566000000	-85297.754	-29673.132	-55624.623	-3673.626
567000000	-85285.864	-29645.441	-55640.423	-3646.283
568000000	-85306.537	-29741.040	-55565.497	-3741.887
569000000	-85309.101	-29718.947	-55590.154	-3720.338
570000000	-85346.390	-29690.576	-55655.814	-3691.130
571000000	-85329.205	-29716.134	-55613.071	-3717.602
572000000	-85156.853	-29530.110	-55626.743	-3531.676
573000000	-85352.952	-29709.248	-55643.704	-3709.843
574000000	-85227.201	-29648.889	-55578.312	-3649.607
575000000	-85353.086	-29769.798	-55583.288	-3770.647
576000000	-85290.591	-29674.435	-55616.155	-3675.112
577000000	-85205.881	-29622.921	-55582.961	-3623.168
578000000	-85297.781	-29728.218	-55569.564	-3729.647
579000000	-85411.240	-29770.527	-55640.713	-3770.774
580000000	-85330.066	-29685.970	-55644.096	-3686.742
581000000	-85245.717	-29595.756	-55649.961	-3596.331
582000000	-85331.216	-29703.396	-55627.821	-3703.887
583000000	-85328.011	-29684.737	-55643.274	-3685.665
584000000	-85443.744	-29756.150	-55687.594	-3757.554
585000000	-85259.593	-29647.320	-55612.273	-3647.769
586000000	-85423.375	-29774.571	-55648.804	-3774.564
587000000	-85390.243	-29747.061	-55643.182	-3748.626
588000000	-85198.995	-29562.972	-55636.024	-3564.412
589000000	-85250.001	-29663.595	-55586.405	-3664.291
590000000	-85392.895	-29771.754	-55621.141	-3773.261
591000000	-85222.463	-29626.381	-55596.082	-3626.779
592000000	-85222.588	-29572.432	-55650.156	-3572.846
593000000	-85217.504	-29639.130	-55578.374	-3639.859
594000000	-85350.399	-29743.406	-55606.993	-3744.740
595000000	-85460.955	-29788.699	-55672.256	-3791.115
596000000	-85433.971	-29808.514	-55625.457	-3810.343
597000000	-85427.792	-29770.159	-55657.633	-3770.843
598000000	-85445.437	-29808.405	-55637.032	-3809.834
599000000	-85372.897	-29749.111	-55623.786	-3749.558
600000000	-85231.831	-29636.319	-55595.511	-3637.326
601000000	-85342.030	-29745.887	-55596.143	-3746.755
602000000	-85372.764	-29783.289	-55589.475	-3783.926
603000000	-85215.054	-29581.317	-55633.737	-3582.017
604000000	-85343.460	-29708.944	-55634.516	-3709.669
605000000	-85308.447	-29687.815	-55620.631	-3688.577
606000000	-85192.593	-29608.790	-55583.803	-3609.830
607000000	-85326.979	-29785.501	-55541.477	-3786.097
608000000	-85232.884	-29646.550	-55586.334	-3646.678
609000000	-85182.341	-29549.374	-55632.967	-3549.780
610000000	-85236.555	-29622.753	-55613.802	-3623.395
611000000	-85221.609	-29630.578	-55591.030	-3632.307
612000000	-85260.307	-29682.642	-55577.665	-3684.578
613000000	-85281.061	-29680.868	-55600.193	-3682.263
614000000	-85502.091	-29822.375	-55679.716	-3822.685
615000000	-85344.270	-29640.405	-55703.865	-3640.385
616000000	-85338.554	-29675.170	-55663.383	-3676.618
617000000	-85358.812	-29732.956	-55625.856	-3733.520
618000000	-85245.312	-29641.064	-55604.247	-3643.230
619000000	-85383.871	-29794.315	-55589.555	-3794.702
620000000	-85410.096	-29837.574	-55572.522	-3837.962
621000000	-85304.685	-29676.781	-55627.905	-3677.630
622000000	-85282.007	-29624.852	-55657.155	-3624.284
623000000	-85215.301	-29610.998	-55604.302	-3612.207
624000000	-85286.071	-29668.640	-55617.431	-3669.368
625000000	-85299.749	-29649.348	-55650.401	-3650.750
626000000	-85222.296	-29579.280	-55643.016	-3580.588
627000000	-85284.405	-29690.243	-55594.162	-3691.609
628000000	-85152.461	-29555.052	-55597.408	-3555.750
629000000	-85400.284	-29682.193	-55718.091	-3682.353
630000000	-85375.578	-29694.934	-55680.644	-3695.585
631000000	-85339.209	-29716.572	-55622.638	-3718.006
632000000	-85140.381	-29561.533	-55578.848	-3563.136
633000000	-85414.461	-29837.593	-55576.868	-3838.968
634000000	-85347.085	-29754.627	-55592.459	-3755.857
635000000	-85132.575	-29555.779	-55576.795	-3556.059
636000000	-85357.322	-29765.232	-55592.089	-3765.625
637000000	-85197.398	-29638.073	-55559.324	-3638.649
638000000	-85203.725	-29621.253	-55582.472	-3622.354
639000000	-85289.490	-29664.789	-55624.700	-3665.444
640000000	-85280.619	-29628.822	-55651.797	-3629.486
641000000	-85336.962	-29761.253	-55575.708	-3762.155
642000000	-85262.594	-29661.067	-55601.527	-3661.580
643000000	-85171.645	-29553.991	-55617.654	-3555.151
644000000	-85262.886	-29625.412	-55637.474	-3626.517
645000000	-85304.404	-29697.168	-55607.235	-3697.661
646000000	-85279.354	-29640.692	-55638.661	-3641.371
647000000	-85198.453	-29563.035	-55635.419	-3564.064
648000000	-85351.983	-29697.193	-55654.791	-3697.316
649000000	-85335.887	-29708.468	-55627.419	-3709.394
650000000	-85270.447	-29619.503	-55650.945	-3620.642
651000000	-85386.145	-29770.281	-55615.864	-3770.992
652000000	-85259.813	-29652.957	-55606.856	-3653.385
653000000	-85353.528	-29727.511	-55626.018	-3727.858
654000000	-85434.035	-29805.382	-55628.652	-3805.332
655000000	-85377.069	-29725.985	-55651.084	-3727.432
656000000	-85280.832	-29674.805	-55606.027	-3675.105
657000000	-85198.646	-29623.850	-55574.795	-3623.488
658000000	-85338.150	-29689.180	-55648.971	-3689.683
659000000	-85161.533	-29583.762	-55577.772	-3584.586
660000000	-85374.241	-29717.308	-55656.933	-3717.065
661000000	-85281.251	-29720.810	-55560.440	-3722.230
662000000	-85292.588	-29651.060	-55641.528	-3651.895
663000000	-85335.784	-29763.009	-55572.775	-3763.753
664000000	-85289.228	-29653.862	-55635.366	-3654.886
665000000	-85273.115	-29654.046	-55619.069	-3654.528
666000000	-85289.935	-29719.833	-55570.102	-3719.844
667000000	-85404.604	-29761.364	-55643.240	-3762.775
668000000	-85350.106	-29728.207	-55621.899	-3727.795
669000000	-85332.535	-29666.465	-55666.070	-3666.062
670000000	-85392.343	-29766.364	-55625.980	-3767.531
671000000	-85329.243	-29751.200	-55578.043	-3753.236
672000000	-85340.241	-29749.517	-55590.724	-3750.063
673000000	-85327.331	-29714.863	-55612.468	-3715.385
674000000	-85316.669	-29732.859	-55583.810	-3734.179
675000000	-85515.774	-29855.704	-55660.069	-3856.407
676000000	-85241.849	-29621.169	-55620.681	-3622.544
677000000	-85280.948	-29681.179	-55599.770	-3681.884
678000000	-85218.505	-29644.991	-55573.513	-3645.481
679000000	-85321.992	-29682.485	-55639.507	-3682.685
680000000	-85376.939	-29805.803	-55571.135	-3807.080
681000000	-85377.864	-29777.604	-55600.261	-3779.347
682000000	-85292.847	-29694.329	-55598.518	-3694.860
683000000	-85372.500	-29737.619	-55634.881	-3738.872
684000000	-85294.748	-29645.997	-55648.751	-3645.537
685000000	-85345.458	-29690.930	-55654.528	-3691.661
686000000	-85085.982	-29546.272	-55539.710	-3547.833
687000000	-85356.049	-29705.305	-55650.744	-3706.486
688000000	-85380.452	-29744.879	-55635.573	-3746.513
689000000	-85244.807	-29635.719	-55609.088	-3635.877
690000000	-85342.876	-29732.356	-55610.521	-3733.152
691000000	-85160.681	-29543.183	-55617.498	-3543.787
692000000	-85269.354	-29680.692	-55588.662	-3680.499
693000000	-85255.116	-29650.953	-55604.163	-3651.999
694000000	-85203.440	-29582.156	-55621.284	-3582.963
695000000	-85332.417	-29745.456	-55586.961	-3745.624
696000000	-85344.310	-29745.248	-55599.062	-3746.093
697000000	-85191.293	-29572.334	-55618.960	-3574.281
698000000	-85334.568	-29678.141	-55656.427	-3680.335
699000000	-85288.890	-29654.045	-55634.845	-3653.905
700000000	-85355.925	-29738.041	-55617.884	-3738.061
701000000	-85439.037	-29749.357	-55689.680	-3751.512
702000000	-85327.981	-29712.402	-55615.579	-3713.261
703000000	-85272.123	-29598.966	-55673.157	-3600.769
704000000	-85262.510	-29685.230	-55577.280	-3685.566
705000000	-85268.680	-29681.581	-55587.099	-3683.162
706000000	-85347.050	-29778.301	-55568.749	-3779.366
707000000	-85261.268	-29674.675	-55586.593	-3675.137
708000000	-85363.550	-29741.688	-55621.861	-3741.293
709000000	-85263.864	-29622.930	-55640.934	-3623.620
710000000	-85231.033	-29648.888	-55582.145	-3649.727
711000000	-85200.807	-29604.972	-55595.834	-3605.797
712000000	-85327.227	-29750.572	-55576.655	-3751.452
713000000	-85345.592	-29724.107	-55621.485	-3724.473
714000000	-85331.563	-29682.832	-55648.731	-3683.230
715000000	-85286.202	-29711.524	-55574.678	-3713.452
716000000	-85288.811	-29662.403	-55626.408	-3664.004
717000000	-85242.275	-29648.329	-55593.946	-3650.137
718000000	-85294.200	-29641.169	-55653.030	-3641.312
719000000	-85351.843	-29731.754	-55620.090	-3733.014
720000000	-85325.441	-29752.131	-55573.310	-3752.154
721000000	-85214.090	-29576.840	-55637.249	-3577.452
722000000	-85265.684	-29621.920	-55643.763	-3623.477
723000000	-85207.967	-29621.673	-55586.293	-3622.118
724000000	-85284.338	-29654.477	-55629.861	-3654.992
725000000	-85269.340	-29662.334	-55607.006	-3662.408
726000000	-85225.951	-29645.474	-55580.476	-3645.631
727000000	-85224.331	-29656.545	-55567.786	-3656.947
728000000	-85259.347	-29650.091	-55609.256	-3651.739
729000000	-85298.654	-29714.398	-55584.256	-3713.297
730000000	-85198.220	-29558.077	-55640.143	-3559.148
731000000	-85397.559	-29756.378	-55641.181	-3757.013
732000000	-85307.347	-29711.272	-55596.075	-3712.095
733000000	-85487.647	-29759.166	-55728.481	-3760.117
734000000	-85392.558	-29727.941	-55664.617	-3728.616
735000000	-85418.561	-29701.482	-55717.079	-3703.028
736000000	-85183.346	-29584.187	-55599.159	-3585.661
737000000	-85304.421	-29678.672	-55625.749	-3678.865
738000000	-85394.238	-29735.606	-55658.632	-3737.125
739000000	-85462.769	-29778.958	-55683.810	-3779.683
740000000	-85341.747	-29696.911	-55644.836	-3696.934
741000000	-85310.838	-29680.147	-55630.691	-3682.086
742000000	-85340.556	-29712.223	-55628.333	-3712.299
743000000	-85229.786	-29573.725	-55656.061	-3574.860
744000000	-85241.054	-29589.920	-55651.135	-3589.677
745000000	-85259.121	-29629.839	-55629.282	-3630.677
746000000	-85339.032	-29683.967	-55655.065	-3684.494
747000000	-85309.167	-29724.561	-55584.607	-3725.268
748000000	-85301.432	-29599.073	-55702.359	-3600.570
749000000	-85310.126	-29716.618	-55593.509	-3717.500
750000000	-85346.119	-29721.141	-55624.978	-3721.563
751000000	-85229.000	-29555.586	-55673.413	-3556.852
752000000	-85116.708	-29561.218	-55555.491	-3562.074
753000000	-85337.717	-29723.639	-55614.078	-3724.954
754000000	-85366.534	-29745.846	-55620.687	-3746.575
755000000	-85390.213	-29715.610	-55674.603	-3715.541
756000000	-85353.464	-29748.079	-55605.384	-3748.328
757000000	-85377.292	-29711.337	-55665.955	-3710.969
758000000	-85322.314	-29685.987	-55636.327	-3687.098
759000000	-85281.046	-29716.094	-55564.952	-3717.134
760000000	-85343.631	-29698.949	-55644.682	-3699.458
761000000	-85297.221	-29721.733	-55575.488	-3723.292
762000000	-85241.499	-29605.646	-55635.852	-3605.803
763000000	-85356.723	-29699.711	-55657.013	-3701.913
764000000	-85321.777	-29703.077	-55618.700	-3704.964
765000000	-85277.079	-29650.102	-55626.977	-3650.694
766000000	-85320.713	-29696.816	-55623.897	-3696.420
767000000	-85347.949	-29691.361	-55656.588	-3692.370
768000000	-85274.707	-29628.927	-55645.780	-3629.018
769000000	-85237.044	-29637.342	-55599.702	-3638.150
770000000	-85280.286	-29624.993	-55655.292	-3626.166
771000000	-85276.589	-29664.986	-55611.603	-3665.668
772000000	-85094.074	-29504.152	-55589.922	-3505.707
773000000	-85219.058	-29610.501	-55608.556	-3611.075
774000000	-85250.911	-29599.260	-55651.651	-3601.085
775000000	-85246.115	-29661.717	-55584.398	-3661.852
776000000	-85233.384	-29685.014	-55548.370	-3685.147
777000000	-85287.630	-29675.128	-55612.502	-3676.334
778000000	-85270.708	-29661.016	-55609.693	-3661.407
779000000	-85341.941	-29697.766	-55644.175	-3697.550
780000000	-85260.206	-29658.481	-55601.724	-3659.466
781000000	-85278.686	-29676.814	-55601.872	-3676.304
782000000	-85339.529	-29739.966	-55599.562	-3740.044
783000000	-85215.686	-29638.737	-55576.950	-3640.011
784000000	-85360.573	-29699.590	-55660.983	-3699.746
785000000	-85198.101	-29567.771	-55630.330	-3567.157
786000000	-85322.077	-29727.865	-55594.213	-3729.168
787000000	-85252.904	-29608.351	-55644.553	-3609.454
788000000	-85323.332	-29643.926	-55679.406	-3645.127
789000000	-85162.232	-29613.059	-55549.173	-3613.673
790000000	-85272.345	-29632.758	-55639.587	-3633.383
791000000	-85361.002	-29714.666	-55646.336	-3715.226
792000000	-85273.599	-29658.902	-55614.697	-3658.822
793000000	-85407.249	-29791.722	-55615.527	-3791.477
794000000	-85376.495	-29759.482	-55617.013	-3759.514
795000000	-85416.248	-29726.881	-55689.367	-3726.773
796000000	-85301.528	-29648.470	-55653.058	-3649.102
797000000	-85292.315	-29654.884	-55637.431	-3654.457
798000000	-85293.678	-29692.231	-55601.446	-3692.096
799000000	-85478.474	-29884.411	-55594.062	-3885.100
800000000	-85444.250	-29739.604	-55704.646	-3740.611
