state	posterior	prior	likelihood	skygrid
1000000	-85331.552	-29681.404	-55650.148	-3683.116
2000000	-85200.924	-29667.025	-55533.899	-3668.405
3000000	-85336.194	-29711.252	-55624.942	-3712.396
4000000	-85342.299	-29687.232	-55655.068	-3689.316
5000000	-85305.791	-29672.935	-55632.856	-3673.887
6000000	-85361.297	-29678.463	-55682.834	-3679.401
7000000	-85210.651	-29626.619	-55584.032	-3626.969
8000000	-85277.251	-29684.526	-55592.725	-3685.774
9000000	-85301.549	-29680.181	-55621.368	-3681.268
10000000	-85365.503	-29705.425	-55660.079	-3705.494
11000000	-85321.523	-29670.371	-55651.152	-3672.222
12000000	-85331.589	-29720.805	-55610.784	-3720.749
13000000	-85285.254	-29676.590	-55608.664	-3676.465
14000000	-85197.939	-29592.338	-55605.601	-3592.943
15000000	-85261.814	-29592.751	-55669.063	-3592.754
16000000	-85256.799	-29657.027	-55599.773	-3658.323
17000000	-85429.139	-29824.453	-55604.687	-3826.327
18000000	-85339.257	-29751.643	-55587.615	-3752.212
19000000	-85228.243	-29632.068	-55596.175	-3632.305
20000000	-85255.667	-29664.168	-55591.499	-3664.913
21000000	-85217.655	-29599.982	-55617.674	-3601.301
22000000	-85396.515	-29745.485	-55651.030	-3746.431
23000000	-85275.962	-29642.706	-55633.256	-3642.056
24000000	-85259.862	-29642.499	-55617.362	-3642.179
25000000	-85343.762	-29694.570	-55649.192	-3695.397
26000000	-85223.412	-29663.293	-55560.119	-3663.433
27000000	-85290.271	-29651.213	-55639.059	-3651.920
28000000	-85273.778	-29685.826	-55587.952	-3686.813
29000000	-85163.600	-29589.428	-55574.172	-3590.525
30000000	-85288.436	-29644.244	-55644.192	-3645.217
31000000	-85295.268	-29707.408	-55587.860	-3706.935
32000000	-85414.321	-29764.534	-55649.786	-3765.257
33000000	-85334.199	-29685.306	-55648.893	-3685.747
34000000	-85317.210	-29659.682	-55657.528	-3659.420
35000000	-85100.718	-29550.287	-55550.431	-3551.249
36000000	-85215.742	-29669.449	-55546.294	-3670.534
37000000	-85338.999	-29762.760	-55576.238	-3762.835
38000000	-85261.502	-29684.946	-55576.556	-3684.742
39000000	-85271.974	-29711.661	-55560.313	-3712.711
40000000	-85381.214	-29794.701	-55586.513	-3794.952
41000000	-85238.662	-29600.754	-55637.907	-3601.004
42000000	-85237.697	-29653.646	-55584.050	-3654.070
43000000	-85203.311	-29643.174	-55560.137	-3643.704
44000000	-85280.810	-29677.102	-55603.708	-3677.138
45000000	-85463.387	-29826.561	-55636.826	-3827.737
46000000	-85324.166	-29760.012	-55564.154	-3759.821
47000000	-85158.809	-29544.239	-55614.569	-3546.249
48000000	-85439.536	-29768.584	-55670.952	-3769.375
49000000	-85340.973	-29725.680	-55615.293	-3727.114
50000000	-85449.971	-29797.816	-55652.155	-3797.988
51000000	-85343.563	-29697.291	-55646.273	-3696.394
52000000	-85263.206	-29701.079	-55562.127	-3701.949
53000000	-85356.021	-29753.711	-55602.310	-3755.300
54000000	-85299.410	-29695.578	-55603.832	-3696.817
55000000	-85315.868	-29673.753	-55642.115	-3675.069
56000000	-85191.779	-29609.571	-55582.208	-3609.856
57000000	-85388.927	-29756.293	-55632.634	-3757.146
58000000	-85276.626	-29660.971	-55615.655	-3661.379
59000000	-85281.628	-29678.240	-55603.388	-3678.815
60000000	-85302.468	-29708.387	-55594.081	-3709.934
61000000	-85343.915	-29709.015	-55634.900	-3710.364
62000000	-85205.143	-29569.785	-55635.359	-3571.022
63000000	-85223.656	-29593.232	-55630.424	-3594.068
64000000	-85315.847	-29715.295	-55600.552	-3716.557
65000000	-85505.418	-29849.629	-55655.790	-3850.530
66000000	-85305.759	-29618.929	-55686.830	-3619.494
67000000	-85337.561	-29707.453	-55630.108	-3708.977
68000000	-85472.978	-29851.335	-55621.644	-3853.636
69000000	-85362.138	-29726.438	-55635.700	-3725.992
70000000	-85350.381	-29736.333	-55614.049	-3737.586
71000000	-85314.308	-29675.889	-55638.419	-3677.542
72000000	-85234.302	-29662.310	-55571.992	-3663.150
73000000	-85420.809	-29761.624	-55659.185	-3761.884
74000000	-85310.516	-29659.716	-55650.799	-3660.615
75000000	-85293.578	-29696.035	-55597.542	-3695.472
76000000	-85381.711	-29710.411	-55671.301	-3710.348
77000000	-85314.050	-29656.514	-55657.536	-3657.631
78000000	-85341.389	-29710.187	-55631.202	-3711.398
79000000	-85281.741	-29623.838	-55657.902	-3623.656
80000000	-85278.669	-29643.738	-55634.931	-3644.846
81000000	-85311.770	-29656.249	-55655.521	-3657.972
82000000	-85256.512	-29629.516	-55626.996	-3630.394
83000000	-85283.884	-29704.482	-55579.402	-3704.718
84000000	-85261.802	-29703.590	-55558.212	-3703.831
85000000	-85269.773	-29705.966	-55563.807	-3707.719
86000000	-85319.101	-29704.397	-55614.703	-3704.098
87000000	-85213.366	-29573.896	-55639.470	-3574.992
88000000	-85297.597	-29614.913	-55682.684	-3613.775
89000000	-85319.639	-29762.687	-55556.953	-3762.693
90000000	-85177.810	-29536.515	-55641.295	-3537.984
91000000	-85220.260	-29690.237	-55530.023	-3691.433
92000000	-85181.495	-29561.750	-55619.745	-3562.966
93000000	-85292.843	-29636.904	-55655.939	-3638.219
94000000	-85242.341	-29675.003	-55567.339	-3675.835
95000000	-85266.545	-29677.450	-55589.095	-3679.246
96000000	-85377.075	-29758.256	-55618.819	-3759.246
97000000	-85326.603	-29653.341	-55673.262	-3654.290
98000000	-85376.557	-29690.957	-55685.600	-3690.576
99000000	-85222.402	-29561.588	-55660.814	-3562.539
100000000	-85195.924	-29565.757	-55630.168	-3564.562
101000000	-85276.719	-29634.433	-55642.286	-3635.256
102000000	-85312.084	-29740.394	-55571.690	-3740.964
103000000	-85368.566	-29701.321	-55667.245	-3701.866
104000000	-85350.291	-29769.088	-55581.203	-3769.924
105000000	-85397.603	-29824.026	-55573.577	-3823.949
106000000	-85287.729	-29666.592	-55621.137	-3668.974
107000000	-85337.592	-29706.552	-55631.040	-3708.434
108000000	-85178.765	-29574.697	-55604.067	-3575.632
109000000	-85277.243	-29657.152	-55620.091	-3658.105
110000000	-85192.973	-29611.999	-55580.974	-3613.341
111000000	-85200.643	-29586.695	-55613.949	-3587.891
112000000	-85405.911	-29762.680	-55643.232	-3763.627
113000000	-85451.409	-29817.476	-55633.934	-3818.522
114000000	-85204.817	-29620.383	-55584.434	-3620.987
115000000	-85262.226	-29708.053	-55554.173	-3708.423
116000000	-85312.187	-29711.795	-55600.392	-3712.535
117000000	-85326.026	-29650.948	-55675.078	-3651.438
118000000	-85144.189	-29568.877	-55575.313	-3569.770
119000000	-85182.483	-29552.723	-55629.760	-3554.019
120000000	-85264.152	-29632.234	-55631.919	-3633.476
121000000	-85190.603	-29626.246	-55564.357	-3626.732
122000000	-85104.246	-29506.585	-55597.660	-3507.967
123000000	-85307.149	-29603.045	-55704.105	-3603.660
124000000	-85311.825	-29610.680	-55701.145	-3611.614
125000000	-85276.441	-29605.539	-55670.902	-3606.098
126000000	-85231.916	-29520.007	-55711.909	-3521.411
127000000	-85219.512	-29614.419	-55605.093	-3615.332
128000000	-85229.993	-29607.918	-55622.075	-3608.283
129000000	-85389.966	-29721.640	-55668.326	-3722.476
130000000	-85318.299	-29744.707	-55573.592	-3745.794
131000000	-85285.944	-29681.388	-55604.556	-3680.781
132000000	-85404.851	-29732.931	-55671.919	-3734.487
133000000	-85344.728	-29713.391	-55631.337	-3714.159
134000000	-85227.575	-29617.699	-55609.876	-3618.883
135000000	-85397.740	-29727.616	-55670.124	-3728.473
136000000	-85328.531	-29667.566	-55660.965	-3668.393
137000000	-85221.069	-29620.153	-55600.916	-3622.203
138000000	-85276.470	-29693.072	-55583.399	-3694.174
139000000	-85329.344	-29612.729	-55716.615	-3614.626
140000000	-85202.215	-29630.276	-55571.938	-3630.608
141000000	-85258.445	-29673.777	-55584.669	-3674.387
142000000	-85248.259	-29617.024	-55631.235	-3618.482
143000000	-85332.858	-29708.579	-55624.279	-3709.690
144000000	-85206.962	-29563.938	-55643.024	-3564.685
145000000	-85395.174	-29759.611	-55635.564	-3760.205
146000000	-85395.864	-29793.646	-55602.218	-3794.646
147000000	-85364.290	-29740.368	-55623.922	-3740.987
148000000	-85331.919	-29698.787	-55633.132	-3699.946
149000000	-85447.242	-29767.355	-55679.886	-3767.339
150000000	-85454.771	-29835.450	-55619.321	-3837.861
151000000	-85335.852	-29686.623	-55649.229	-3687.235
152000000	-85342.607	-29765.874	-55576.733	-3767.341
153000000	-85390.306	-29836.873	-55553.433	-3837.598
154000000	-85361.538	-29758.820	-55602.718	-3759.819
155000000	-85419.387	-29763.450	-55655.937	-3763.745
156000000	-85194.481	-29601.516	-55592.965	-3601.748
157000000	-85295.879	-29750.826	-55545.053	-3752.757
158000000	-85290.321	-29678.204	-55612.117	-3679.574
159000000	-85373.292	-29772.328	-55600.964	-3774.449
160000000	-85339.078	-29754.459	-55584.619	-3755.784
161000000	-85416.036	-29775.784	-55640.253	-3776.102
162000000	-85309.309	-29745.243	-55564.066	-3745.761
163000000	-85221.764	-29599.131	-55622.633	-3600.414
164000000	-85473.351	-29831.838	-55641.513	-3833.005
165000000	-85298.234	-29698.697	-55599.537	-3699.675
166000000	-85226.533	-29653.412	-55573.121	-3654.253
167000000	-85427.841	-29787.816	-55640.024	-3787.764
168000000	-85215.039	-29618.971	-55596.068	-3620.062
169000000	-85422.842	-29785.229	-55637.614	-3786.302
170000000	-85305.767	-29649.612	-55656.155	-3649.932
171000000	-85250.222	-29591.381	-55658.841	-3593.389
172000000	-85210.819	-29599.799	-55611.020	-3600.462
173000000	-85365.974	-29701.388	-55664.585	-3702.607
174000000	-85371.695	-29723.785	-55647.910	-3725.384
175000000	-85301.423	-29684.958	-55616.465	-3686.234
176000000	-85351.169	-29698.399	-55652.770	-3698.512
177000000	-85241.946	-29660.150	-55581.796	-3661.779
178000000	-85371.086	-29744.284	-55626.802	-3745.120
179000000	-85256.003	-29673.226	-55582.777	-3674.516
180000000	-85312.353	-29685.463	-55626.890	-3685.901
181000000	-85285.678	-29681.714	-55603.964	-3683.402
182000000	-85449.737	-29797.946	-55651.791	-3798.722
183000000	-85315.101	-29653.678	-55661.423	-3654.942
184000000	-85296.521	-29708.394	-55588.127	-3709.110
185000000	-85272.288	-29632.596	-55639.692	-3634.327
186000000	-85327.962	-29730.469	-55597.492	-3731.244
187000000	-85443.925	-29796.903	-55647.022	-3797.819
188000000	-85282.609	-29655.559	-55627.050	-3655.675
189000000	-85263.433	-29649.788	-55613.644	-3650.834
190000000	-85318.262	-29644.887	-55673.375	-3644.743
191000000	-85271.748	-29707.528	-55564.220	-3707.588
192000000	-85197.887	-29625.843	-55572.044	-3627.572
193000000	-85221.813	-29668.807	-55553.007	-3669.058
194000000	-85315.083	-29708.646	-55606.438	-3710.057
195000000	-85304.014	-29700.837	-55603.177	-3702.620
196000000	-85328.605	-29640.327	-55688.278	-3641.293
197000000	-85390.200	-29774.234	-55615.965	-3775.012
198000000	-85247.953	-29658.000	-55589.953	-3658.143
199000000	-85272.823	-29667.024	-55605.800	-3666.683
200000000	-85391.198	-29761.562	-55629.636	-3763.370
201000000	-85231.259	-29587.846	-55643.413	-3588.455
202000000	-85238.853	-29553.576	-55685.278	-3553.992
203000000	-85350.233	-29725.134	-55625.099	-3726.011
204000000	-85389.905	-29729.366	-55660.539	-3729.358
205000000	-85351.905	-29662.572	-55689.333	-3662.806
206000000	-85396.688	-29807.541	-55589.146	-3809.237
207000000	-85328.248	-29721.630	-55606.618	-3724.121
208000000	-85364.119	-29744.995	-55619.124	-3745.164
209000000	-85269.712	-29652.811	-55616.901	-3654.227
210000000	-85341.455	-29704.926	-55636.529	-3706.433
211000000	-85291.351	-29665.314	-55626.037	-3665.869
212000000	-85295.741	-29660.768	-55634.972	-3661.164
213000000	-85310.987	-29710.331	-55600.656	-3710.635
214000000	-85313.168	-29722.377	-55590.791	-3722.707
215000000	-85301.380	-29691.131	-55610.248	-3693.416
216000000	-85229.900	-29576.336	-55653.563	-3576.344
217000000	-85280.260	-29663.230	-55617.031	-3664.654
218000000	-85506.724	-29849.522	-55657.202	-3849.956
219000000	-85354.203	-29713.581	-55640.623	-3714.602
220000000	-85363.337	-29711.291	-55652.046	-3712.778
221000000	-85239.591	-29591.709	-55647.882	-3591.874
222000000	-85338.124	-29748.694	-55589.429	-3748.985
223000000	-85375.319	-29729.624	-55645.694	-3729.271
224000000	-85222.866	-29737.992	-55484.874	-3738.043
225000000	-85413.385	-29789.929	-55623.455	-3789.528
226000000	-85495.896	-29889.313	-55606.583	-3889.746
227000000	-85270.048	-29662.982	-55607.067	-3662.321
228000000	-85385.610	-29780.944	-55604.665	-3780.995
229000000	-85328.731	-29697.533	-55631.198	-3697.859
230000000	-85248.318	-29641.677	-55606.640	-3642.656
231000000	-85135.664	-29550.166	-55585.499	-3550.754
232000000	-85308.042	-29668.570	-55639.472	-3669.313
233000000	-85316.156	-29698.376	-55617.780	-3700.729
234000000	-85396.783	-29751.378	-55645.405	-3751.518
235000000	-85353.271	-29743.095	-55610.176	-3744.212
236000000	-85281.009	-29699.121	-55581.889	-3700.837
237000000	-85203.217	-29616.679	-55586.538	-3617.754
238000000	-85395.685	-29816.232	-55579.453	-3816.617
239000000	-85370.020	-29741.465	-55628.554	-3742.656
240000000	-85258.166	-29656.597	-55601.570	-3656.555
241000000	-85388.519	-29784.687	-55603.833	-3785.541
242000000	-85327.909	-29660.861	-55667.048	-3663.065
243000000	-85340.991	-29684.115	-55656.876	-3685.390
244000000	-85385.922	-29754.910	-55631.012	-3756.031
245000000	-85235.226	-29621.878	-55613.348	-3622.833
246000000	-85466.504	-29780.580	-55685.924	-3781.681
247000000	-85233.904	-29589.251	-55644.653	-3590.308
248000000	-85207.452	-29618.151	-55589.301	-3618.007
249000000	-85208.090	-29584.406	-55623.684	-3585.402
250000000	-85220.482	-29573.461	-55647.021	-3574.879
251000000	-85277.629	-29656.884	-55620.745	-3657.706
252000000	-85373.781	-29711.583	-55662.198	-3712.977
253000000	-85251.128	-29608.084	-55643.044	-3608.091
254000000	-85370.653	-29716.611	-55654.042	-3718.329
255000000	-85204.754	-29606.600	-55598.155	-3607.808
256000000	-85323.672	-29670.081	-55653.591	-3671.283
257000000	-85307.930	-29721.939	-55585.991	-3723.230
258000000	-85265.820	-29635.065	-55630.756	-3637.329
259000000	-85279.785	-29615.331	-55664.454	-3617.096
260000000	-85345.431	-29647.579	-55697.851	-3647.744
261000000	-85329.862	-29720.714	-55609.148	-3722.192
262000000	-85219.693	-29676.971	-55542.722	-3678.403
263000000	-85337.048	-29678.223	-55658.825	-3679.269
264000000	-85426.249	-29771.143	-55655.107	-3771.375
265000000	-85261.177	-29600.861	-55660.317	-3601.569
266000000	-85256.541	-29648.346	-55608.195	-3650.122
267000000	-85271.498	-29707.126	-55564.372	-3708.116
268000000	-85393.393	-29749.316	-55644.078	-3750.002
269000000	-85401.565	-29802.346	-55599.219	-3803.017
270000000	-85307.316	-29703.878	-55603.438	-3704.840
271000000	-85250.243	-29720.322	-55529.921	-3721.776
272000000	-85318.141	-29704.458	-55613.683	-3705.424
273000000	-85495.550	-29857.436	-55638.115	-3857.068
274000000	-85336.976	-29674.284	-55662.692	-3674.184
275000000	-85343.208	-29720.308	-55622.900	-3720.797
276000000	-85404.249	-29810.373	-55593.876	-3810.887
277000000	-85417.443	-29792.056	-55625.387	-3792.788
278000000	-85275.763	-29705.270	-55570.492	-3706.394
279000000	-85289.042	-29678.886	-55610.156	-3679.503
280000000	-85326.030	-29700.412	-55625.618	-3700.896
281000000	-85300.977	-29715.599	-55585.378	-3717.024
282000000	-85447.448	-29792.287	-55655.161	-3792.890
283000000	-85309.293	-29652.658	-55656.635	-3651.919
284000000	-85297.293	-29650.642	-55646.650	-3650.518
285000000	-85223.388	-29551.496	-55671.892	-3551.677
286000000	-85277.556	-29636.006	-55641.551	-3637.280
287000000	-85389.307	-29734.946	-55654.361	-3734.330
288000000	-85327.224	-29696.769	-55630.455	-3697.611
289000000	-85342.952	-29747.795	-55595.157	-3748.381
290000000	-85249.218	-29591.021	-55658.198	-3592.080
291000000	-85299.317	-29634.510	-55664.807	-3635.791
292000000	-85212.873	-29572.897	-55639.976	-3574.033
293000000	-85360.000	-29680.132	-55679.867	-3680.972
294000000	-85374.959	-29740.409	-55634.550	-3741.929
295000000	-85320.148	-29653.387	-55666.761	-3654.643
296000000	-85219.647	-29619.955	-55599.692	-3619.942
297000000	-85227.419	-29672.535	-55554.884	-3672.233
298000000	-85381.688	-29765.254	-55616.434	-3765.779
299000000	-85401.882	-29760.277	-55641.605	-3759.779
300000000	-85272.791	-29640.160	-55632.631	-3641.162
301000000	-85333.178	-29729.678	-55603.500	-3730.281
302000000	-85365.424	-29725.457	-55639.967	-3725.752
303000000	-85180.928	-29576.070	-55604.857	-3576.868
304000000	-85206.617	-29613.134	-55593.484	-3613.874
305000000	-85147.506	-29576.306	-55571.199	-3576.750
306000000	-85209.071	-29543.354	-55665.717	-3544.600
307000000	-85308.913	-29657.472	-55651.441	-3658.673
308000000	-85304.390	-29722.600	-55581.790	-3723.365
309000000	-85296.559	-29655.068	-55641.490	-3656.606
310000000	-85280.357	-29642.584	-55637.773	-3642.669
311000000	-85299.886	-29669.813	-55630.073	-3670.812
312000000	-85141.735	-29596.025	-55545.711	-3596.224
313000000	-85246.829	-29641.131	-55605.698	-3641.763
314000000	-85302.327	-29684.062	-55618.265	-3684.070
315000000	-85432.516	-29773.193	-55659.323	-3774.529
316000000	-85449.328	-29813.118	-55636.210	-3814.877
317000000	-85203.781	-29591.837	-55611.944	-3593.168
318000000	-85328.398	-29657.750	-55670.648	-3658.997
319000000	-85229.149	-29639.570	-55589.580	-3640.298
320000000	-85113.331	-29578.050	-55535.282	-3579.639
321000000	-85227.316	-29633.658	-55593.658	-3634.242
322000000	-85302.964	-29690.916	-55612.048	-3690.892
323000000	-85194.099	-29588.430	-55605.669	-3590.438
324000000	-85243.500	-29665.078	-55578.422	-3665.513
325000000	-85202.154	-29616.079	-55586.075	-3617.223
326000000	-85208.752	-29655.509	-55553.242	-3655.856
327000000	-85335.772	-29689.745	-55646.027	-3690.917
328000000	-85186.082	-29583.576	-55602.507	-3583.622
329000000	-85248.734	-29591.728	-55657.006	-3592.183
330000000	-85315.113	-29647.739	-55667.374	-3647.799
331000000	-85240.207	-29606.869	-55633.338	-3606.526
332000000	-85239.519	-29600.918	-55638.601	-3602.184
333000000	-85169.875	-29607.371	-55562.504	-3607.559
334000000	-85396.916	-29741.162	-55655.754	-3741.423
335000000	-85290.814	-29664.192	-55626.622	-3665.793
336000000	-85316.068	-29613.021	-55703.047	-3613.606
337000000	-85293.360	-29649.492	-55643.869	-3648.835
338000000	-85344.682	-29642.778	-55701.904	-3644.519
339000000	-85330.047	-29696.397	-55633.650	-3697.668
340000000	-85256.630	-29642.066	-55614.564	-3643.476
341000000	-85304.888	-29653.903	-55650.985	-3654.355
342000000	-85233.466	-29572.024	-55661.442	-3572.193
343000000	-85190.871	-29533.484	-55657.388	-3534.054
344000000	-85324.596	-29634.001	-55690.595	-3634.960
345000000	-85339.385	-29732.468	-55606.918	-3734.018
346000000	-85278.735	-29730.295	-55548.440	-3730.901
347000000	-85263.479	-29668.645	-55594.835	-3670.081
348000000	-85337.740	-29665.606	-55672.134	-3665.531
349000000	-85384.848	-29792.115	-55592.733	-3792.611
350000000	-85430.925	-29758.222	-55672.703	-3759.100
351000000	-85332.075	-29742.722	-55589.353	-3743.512
352000000	-85349.532	-29762.430	-55587.102	-3763.200
353000000	-85301.196	-29709.732	-55591.463	-3710.393
354000000	-85162.782	-29641.874	-55520.908	-3642.994
355000000	-85186.579	-29619.775	-55566.804	-3620.953
356000000	-85298.850	-29654.501	-55644.349	-3655.626
357000000	-85284.608	-29677.317	-55607.291	-3677.546
358000000	-85248.754	-29655.768	-55592.987	-3655.869
359000000	-85332.886	-29690.877	-55642.008	-3691.718
360000000	-85180.401	-29612.688	-55567.713	-3613.130
361000000	-85327.296	-29712.425	-55614.870	-3712.218
362000000	-85190.232	-29607.532	-55582.700	-3609.255
363000000	-85338.799	-29711.776	-55627.023	-3712.215
364000000	-85306.160	-29723.456	-55582.705	-3724.111
365000000	-85348.043	-29716.719	-55631.323	-3718.025
366000000	-85281.740	-29700.475	-55581.265	-3702.422
367000000	-85297.375	-29638.221	-55659.155	-3638.005
368000000	-85224.844	-29618.897	-55605.947	-3620.097
369000000	-85333.500	-29680.786	-55652.714	-3682.051
370000000	-85300.432	-29691.853	-55608.579	-3691.168
371000000	-85427.262	-29753.319	-55673.943	-3754.312
372000000	-85318.696	-29681.794	-55636.902	-3682.547
373000000	-85337.704	-29666.353	-55671.351	-3667.465
374000000	-85269.656	-29573.891	-55695.765	-3573.210
375000000	-85330.645	-29703.706	-55626.939	-3705.266
376000000	-85290.693	-29648.382	-55642.311	-3650.419
377000000	-85480.370	-29843.231	-55637.139	-3843.712
378000000	-85379.922	-29791.199	-55588.724	-3791.215
379000000	-85373.737	-29753.770	-55619.966	-3753.069
380000000	-85348.785	-29761.976	-55586.809	-3762.959
381000000	-85243.614	-29638.241	-55605.373	-3639.629
382000000	-85278.676	-29637.541	-55641.135	-3638.229
383000000	-85308.640	-29692.904	-55615.736	-3693.552
384000000	-85353.067	-29779.095	-55573.973	-3779.589
385000000	-85435.037	-29823.004	-55612.033	-3824.204
386000000	-85268.401	-29716.876	-55551.525	-3718.745
387000000	-85267.414	-29670.035	-55597.379	-3671.531
388000000	-85442.841	-29813.090	-55629.751	-3814.962
389000000	-85276.677	-29611.164	-55665.513	-3612.750
390000000	-85314.839	-29706.478	-55608.362	-3707.282
391000000	-85221.465	-29634.110	-55587.354	-3636.417
392000000	-85275.827	-29681.962	-55593.865	-3682.990
393000000	-85195.453	-29591.681	-55603.772	-3592.293
394000000	-85245.060	-29606.562	-55638.498	-3606.970
395000000	-85366.662	-29741.559	-55625.103	-3741.544
396000000	-85261.344	-29717.437	-55543.907	-3718.888
397000000	-85269.135	-29641.369	-55627.767	-3642.978
398000000	-85338.482	-29700.690	-55637.792	-3700.739
399000000	-85237.919	-29633.400	-55604.519	-3633.627
400000000	-85297.728	-29741.551	-55556.177	-3741.594
401000000	-85360.214	-29736.728	-55623.485	-3736.898
402000000	-85275.722	-29668.766	-55606.956	-3669.454
403000000	-85310.425	-29667.927	-55642.498	-3669.813
404000000	-85340.876	-29715.767	-55625.109	-3715.544
405000000	-85318.610	-29686.528	-55632.083	-3686.725
406000000	-85315.419	-29695.182	-55620.236	-3695.727
407000000	-85292.287	-29681.568	-55610.719	-3683.010
408000000	-85329.329	-29700.793	-55628.536	-3701.255
409000000	-85467.293	-29821.916	-55645.376	-3823.520
410000000	-85277.657	-29670.792	-55606.865	-3671.401
411000000	-85318.881	-29700.637	-55618.244	-3701.460
412000000	-85261.715	-29662.478	-55599.238	-3663.249
413000000	-85291.342	-29673.571	-55617.771	-3674.922
414000000	-85206.676	-29617.311	-55589.365	-3619.212
415000000	-85323.767	-29736.253	-55587.514	-3736.127
416000000	-85288.477	-29730.292	-55558.185	-3730.808
417000000	-85306.453	-29664.958	-55641.495	-3666.335
418000000	-85435.647	-29771.746	-55663.901	-3772.238
419000000	-85334.040	-29727.362	-55606.678	-3728.014
420000000	-85263.668	-29685.165	-55578.503	-3686.289
421000000	-85375.100	-29754.746	-55620.354	-3755.946
422000000	-85409.318	-29760.752	-55648.566	-3761.490
423000000	-85233.688	-29601.110	-55632.578	-3602.696
424000000	-85301.089	-29699.329	-55601.760	-3699.595
425000000	-85225.491	-29594.532	-55630.958	-3595.728
426000000	-85141.428	-29528.739	-55612.689	-3530.048
427000000	-85331.991	-29735.653	-55596.338	-3737.340
428000000	-85237.935	-29581.914	-55656.022	-3582.465
429000000	-85373.575	-29765.249	-55608.326	-3767.831
430000000	-85330.039	-29740.940	-55589.099	-3742.279
431000000	-85385.375	-29715.832	-55669.543	-3716.447
432000000	-85319.691	-29698.080	-55621.611	-3699.440
433000000	-85194.872	-29652.375	-55542.497	-3652.917
434000000	-85267.465	-29669.973	-55597.492	-3671.053
435000000	-85349.985	-29667.033	-55682.952	-3668.093
436000000	-85104.069	-29565.639	-55538.430	-3565.989
437000000	-85314.055	-29723.075	-55590.979	-3722.865
438000000	-85311.113	-29713.227	-55597.886	-3713.943
439000000	-85200.986	-29625.714	-55575.271	-3627.272
440000000	-85135.762	-29538.770	-55596.993	-3538.693
441000000	-85266.922	-29648.475	-55618.447	-3648.372
442000000	-85273.159	-29639.949	-55633.210	-3641.134
443000000	-85381.338	-29768.742	-55612.596	-3769.923
444000000	-85274.143	-29648.537	-55625.606	-3649.306
445000000	-85366.248	-29724.367	-55641.882	-3725.828
446000000	-85285.571	-29701.082	-55584.489	-3701.244
447000000	-85187.039	-29590.886	-55596.152	-3591.520
448000000	-85239.044	-29649.979	-55589.064	-3651.512
449000000	-85254.949	-29603.304	-55651.645	-3603.853
450000000	-85305.205	-29652.388	-55652.818	-3652.603
451000000	-85367.206	-29695.305	-55671.901	-3695.692
452000000	-85165.399	-29498.125	-55667.274	-3499.229
453000000	-85288.903	-29625.921	-55662.982	-3627.243
454000000	-85173.200	-29552.668	-55620.532	-3554.209
455000000	-85297.805	-29637.712	-55660.093	-3639.133
456000000	-85415.143	-29728.845	-55686.298	-3728.899
457000000	-85293.091	-29661.796	-55631.294	-3662.444
458000000	-85366.595	-29720.235	-55646.360	-3720.605
459000000	-85301.096	-29698.231	-55602.865	-3699.742
460000000	-85307.429	-29677.727	-55629.702	-3678.631
461000000	-85208.632	-29570.703	-55637.930	-3571.391
462000000	-85373.735	-29735.090	-55638.645	-3736.984
463000000	-85432.275	-29733.266	-55699.009	-3734.804
464000000	-85302.580	-29657.545	-55645.035	-3657.617
465000000	-85354.679	-29720.279	-55634.400	-3720.317
466000000	-85264.835	-29592.832	-55672.003	-3594.008
467000000	-85341.703	-29687.151	-55654.552	-3689.010
468000000	-85273.949	-29642.012	-55631.937	-3645.116
469000000	-85152.061	-29581.324	-55570.737	-3581.315
470000000	-85356.603	-29677.360	-55679.242	-3677.479
471000000	-85392.048	-29736.449	-55655.600	-3737.868
472000000	-85348.588	-29729.467	-55619.121	-3730.227
473000000	-85236.535	-29595.825	-55640.709	-3595.923
474000000	-85254.642	-29597.394	-55657.248	-3598.480
475000000	-85280.459	-29656.427	-55624.033	-3656.929
476000000	-85205.413	-29646.287	-55559.127	-3646.672
477000000	-85240.197	-29644.784	-55595.413	-3646.840
478000000	-85169.763	-29586.997	-55582.766	-3586.948
479000000	-85357.234	-29710.658	-55646.576	-3711.673
480000000	-85132.433	-29528.829	-55603.604	-3529.612
481000000	-85230.424	-29589.937	-55640.487	-3590.478
482000000	-85323.242	-29678.948	-55644.294	-3679.719
483000000	-85330.988	-29703.596	-55627.392	-3703.931
484000000	-85211.131	-29602.749	-55608.382	-3603.241
485000000	-85333.473	-29650.699	-55682.774	-3651.767
486000000	-85278.258	-29716.017	-55562.240	-3717.708
487000000	-85227.229	-29635.432	-55591.796	-3636.188
488000000	-85392.341	-29700.787	-55691.554	-3701.493
489000000	-85191.163	-29595.673	-55595.490	-3598.229
490000000	-85163.355	-29518.984	-55644.371	-3519.289
491000000	-85259.596	-29697.935	-55561.661	-3698.370
492000000	-85373.453	-29740.889	-55632.565	-3742.862
493000000	-85278.856	-29651.894	-55626.962	-3653.544
494000000	-85221.656	-29630.136	-55591.520	-3631.287
495000000	-85343.809	-29681.176	-55662.634	-3681.619
496000000	-85269.178	-29661.705	-55607.472	-3662.688
497000000	-85345.159	-29725.398	-55619.761	-3726.362
498000000	-85381.920	-29748.082	-55633.839	-3749.414
499000000	-85377.431	-29800.379	-55577.052	-3801.542
500000000	-85202.911	-29686.565	-55516.345	-3687.154
501000000	-85248.785	-29667.332	-55581.453	-3668.075
502000000	-85338.588	-29764.245	-55574.344	-3765.124
503000000	-85354.357	-29760.185	-55594.172	-3760.265
504000000	-85329.210	-29748.621	-55580.589	-3749.615
505000000	-85100.162	-29536.507	-55563.655	-3536.591
506000000	-85276.549	-29645.172	-55631.377	-3646.422
507000000	-85327.988	-29697.555	-55630.433	-3699.216
508000000	-85359.146	-29732.049	-55627.097	-3733.850
509000000	-85337.484	-29753.729	-55583.755	-3754.940
510000000	-85250.978	-29628.160	-55622.818	-3628.894
511000000	-85446.801	-29795.485	-55651.317	-3796.220
512000000	-85373.394	-29734.507	-55638.888	-3735.979
513000000	-85385.867	-29750.950	-55634.917	-3752.047
514000000	-85305.215	-29711.478	-55593.737	-3712.526
515000000	-85214.425	-29621.191	-55593.234	-3622.707
516000000	-85252.211	-29699.502	-55552.709	-3701.211
517000000	-85360.676	-29726.110	-55634.567	-3727.354
518000000	-85392.545	-29780.713	-55611.832	-3782.047
519000000	-85268.463	-29605.304	-55663.160	-3606.442
520000000	-85204.753	-29563.245	-55641.508	-3564.289
521000000	-85324.207	-29687.782	-55636.425	-3688.698
522000000	-85349.302	-29722.744	-55626.557	-3724.615
523000000	-85377.340	-29752.385	-55624.955	-3752.363
524000000	-85353.499	-29760.552	-55592.947	-3761.303
525000000	-85233.033	-29690.723	-55542.310	-3690.799
526000000	-85282.308	-29703.214	-55579.095	-3703.873
527000000	-85488.089	-29798.451	-55689.638	-3798.750
528000000	-85361.153	-29719.471	-55641.683	-3720.476
529000000	-85296.110	-29671.343	-55624.767	-3673.105
530000000	-85366.260	-29704.951	-55661.309	-3705.136
531000000	-85371.295	-29717.266	-55654.029	-3716.646
532000000	-85315.233	-29680.910	-55634.323	-3681.059
533000000	-85235.140	-29657.378	-55577.763	-3658.271
534000000	-85297.209	-29660.572	-55636.637	-3662.253
535000000	-85177.055	-29585.682	-55591.372	-3587.129
536000000	-85302.825	-29707.745	-55595.080	-3707.450
537000000	-85313.773	-29720.015	-55593.758	-3720.333
538000000	-85334.182	-29785.826	-55548.356	-3787.567
539000000	-85199.226	-29608.327	-55590.899	-3608.972
540000000	-85254.861	-29628.317	-55626.544	-3629.294
541000000	-85268.161	-29616.421	-55651.740	-3615.951
542000000	-85270.948	-29608.672	-55662.276	-3609.576
543000000	-85292.024	-29644.674	-55647.350	-3644.692
544000000	-85271.219	-29615.555	-55655.664	-3617.463
545000000	-85257.441	-29643.807	-55613.633	-3645.181
546000000	-85337.299	-29726.237	-55611.063	-3727.072
547000000	-85332.368	-29731.534	-55600.834	-3732.381
548000000	-85384.898	-29735.736	-55649.162	-3736.457
549000000	-85293.658	-29711.857	-55581.801	-3712.611
550000000	-85349.961	-29698.947	-55651.014	-3700.270
551000000	-85344.864	-29736.094	-55608.770	-3737.051
552000000	-85365.050	-29715.415	-55649.635	-3716.074
553000000	-85407.426	-29761.551	-55645.875	-3762.388
554000000	-85291.684	-29650.535	-55641.150	-3651.598
555000000	-85357.608	-29707.937	-55649.671	-3707.475
556000000	-85295.325	-29710.580	-55584.745	-3712.022
557000000	-85471.478	-29827.456	-55644.022	-3828.689
558000000	-85395.786	-29765.464	-55630.322	-3766.472
559000000	-85318.391	-29626.815	-55691.575	-3627.721
560000000	-85242.832	-29627.863	-55614.969	-3628.832
561000000	-85218.178	-29579.365	-55638.813	-3580.305
562000000	-85332.817	-29772.581	-55560.236	-3773.527
563000000	-85388.784	-29711.956	-55676.828	-3713.031
564000000	-85339.362	-29699.328	-55640.034	-3701.048
565000000	-85308.152	-29701.300	-55606.852	-3701.754
566000000	-85306.944	-29726.203	-55580.741	-3727.725
567000000	-85403.909	-29777.855	-55626.054	-3777.905
568000000	-85353.770	-29729.297	-55624.473	-3729.549
569000000	-85315.665	-29679.913	-55635.752	-3680.989
570000000	-85324.136	-29650.975	-55673.161	-3651.857
571000000	-85253.391	-29610.294	-55643.097	-3610.883
572000000	-85426.970	-29752.791	-55674.179	-3753.092
573000000	-85247.219	-29642.558	-55604.661	-3643.220
574000000	-85201.572	-29592.620	-55608.951	-3594.346
575000000	-85298.733	-29655.703	-55643.030	-3656.360
576000000	-85314.975	-29660.499	-55654.477	-3662.708
577000000	-85224.660	-29563.703	-55660.957	-3565.076
578000000	-85346.084	-29714.874	-55631.211	-3714.863
579000000	-85311.292	-29741.400	-55569.892	-3742.508
580000000	-85183.842	-29598.696	-55585.146	-3598.612
581000000	-85309.869	-29722.382	-55587.487	-3723.074
582000000	-85238.146	-29662.050	-55576.095	-3662.465
583000000	-85267.654	-29647.185	-55620.469	-3647.982
584000000	-85225.400	-29592.874	-55632.527	-3594.389
585000000	-85270.698	-29694.791	-55575.906	-3695.694
586000000	-85328.767	-29689.829	-55638.938	-3690.254
587000000	-85379.270	-29772.067	-55607.203	-3772.759
588000000	-85402.068	-29784.662	-55617.406	-3785.236
589000000	-85273.805	-29691.757	-55582.048	-3692.741
590000000	-85343.150	-29768.231	-55574.920	-3769.373
591000000	-85316.370	-29719.448	-55596.922	-3719.252
592000000	-85419.571	-29759.942	-55659.629	-3759.876
593000000	-85221.042	-29660.630	-55560.413	-3661.263
594000000	-85306.826	-29704.770	-55602.056	-3703.761
595000000	-85304.235	-29691.892	-55612.343	-3692.763
596000000	-85411.803	-29783.617	-55628.186	-3784.732
597000000	-85276.308	-29634.811	-55641.497	-3635.782
598000000	-85196.163	-29561.540	-55634.623	-3562.433
599000000	-85237.439	-29659.752	-55577.687	-3660.696
600000000	-85222.338	-29636.309	-55586.030	-3637.261
601000000	-85289.438	-29645.179	-55644.259	-3646.458
602000000	-85256.357	-29623.022	-55633.335	-3624.065
603000000	-85267.859	-29712.456	-55555.403	-3713.338
604000000	-85402.428	-29743.683	-55658.745	-3743.792
605000000	-85209.181	-29612.683	-55596.498	-3613.231
606000000	-85277.861	-29675.402	-55602.459	-3676.189
607000000	-85255.507	-29668.266	-55587.240	-3668.334
608000000	-85380.323	-29708.719	-55671.604	-3709.891
609000000	-85271.352	-29671.069	-55600.284	-3671.338
610000000	-85254.675	-29620.842	-55633.833	-3622.280
611000000	-85269.273	-29657.755	-55611.517	-3658.321
612000000	-85330.878	-29693.963	-55636.915	-3695.253
613000000	-85355.741	-29711.531	-55644.210	-3712.040
614000000	-85415.290	-29784.879	-55630.410	-3786.725
615000000	-85385.316	-29777.207	-55608.109	-3777.601
616000000	-85317.671	-29626.838	-55690.833	-3627.271
617000000	-85342.983	-29751.153	-55591.829	-3751.452
618000000	-85143.059	-29559.584	-55583.475	-3559.818
619000000	-85264.705	-29653.877	-55610.828	-3654.160
620000000	-85222.887	-29635.372	-55587.514	-3635.733
621000000	-85192.173	-29630.445	-55561.728	-3629.950
622000000	-85332.703	-29680.453	-55652.250	-3681.265
623000000	-85176.003	-29582.604	-55593.399	-3583.726
624000000	-85339.885	-29704.689	-55635.196	-3705.476
625000000	-85362.165	-29703.708	-55658.457	-3703.684
626000000	-85357.189	-29702.430	-55654.760	-3703.398
627000000	-85230.617	-29618.888	-55611.729	-3620.200
628000000	-85400.930	-29772.013	-55628.917	-3772.658
629000000	-85302.513	-29656.748	-55645.765	-3657.067
630000000	-85302.226	-29655.787	-55646.439	-3656.904
631000000	-85221.703	-29588.680	-55633.023	-3590.172
632000000	-85320.925	-29694.609	-55626.315	-3696.066
633000000	-85364.436	-29756.167	-55608.268	-3755.554
634000000	-85308.858	-29708.979	-55599.878	-3709.183
635000000	-85328.618	-29744.210	-55584.408	-3745.519
636000000	-85340.969	-29756.512	-55584.458	-3756.864
637000000	-85254.640	-29664.102	-55590.538	-3665.681
638000000	-85399.613	-29733.463	-55666.150	-3733.901
639000000	-85290.798	-29675.054	-55615.745	-3676.465
640000000	-85241.891	-29649.005	-55592.885	-3648.927
641000000	-85287.021	-29700.240	-55586.781	-3700.862
642000000	-85300.245	-29659.637	-55640.608	-3659.152
643000000	-85250.314	-29637.354	-55612.960	-3637.767
644000000	-85266.337	-29630.154	-55636.182	-3632.246
645000000	-85193.249	-29592.692	-55600.557	-3593.552
646000000	-85263.449	-29598.482	-55664.967	-3598.955
647000000	-85284.006	-29698.944	-55585.063	-3699.484
648000000	-85297.078	-29649.194	-55647.884	-3650.269
649000000	-85218.962	-29627.807	-55591.155	-3630.049
650000000	-85309.867	-29722.360	-55587.507	-3724.122
651000000	-85297.589	-29704.065	-55593.524	-3705.322
652000000	-85392.809	-29820.681	-55572.128	-3821.591
653000000	-85287.730	-29677.296	-55610.434	-3678.397
654000000	-85242.237	-29696.725	-55545.512	-3697.280
655000000	-85470.727	-29840.233	-55630.494	-3840.983
656000000	-85184.270	-29617.430	-55566.840	-3618.400
657000000	-85150.196	-29556.937	-55593.258	-3558.369
658000000	-85359.479	-29692.008	-55667.470	-3692.081
659000000	-85267.210	-29640.536	-55626.674	-3642.108
660000000	-85423.216	-29797.129	-55626.086	-3795.950
661000000	-85158.474	-29636.341	-55522.133	-3637.988
662000000	-85279.299	-29704.121	-55575.179	-3705.215
663000000	-85325.304	-29749.016	-55576.289	-3749.816
664000000	-85209.305	-29617.730	-55591.575	-3619.801
665000000	-85263.260	-29687.776	-55575.485	-3688.126
666000000	-85282.149	-29690.628	-55591.522	-3692.147
667000000	-85386.208	-29771.274	-55614.934	-3771.473
668000000	-85369.742	-29788.104	-55581.638	-3789.564
669000000	-85501.400	-29863.943	-55637.458	-3864.273
670000000	-85310.370	-29663.372	-55646.998	-3663.903
671000000	-85260.293	-29624.823	-55635.470	-3625.199
672000000	-85338.347	-29654.350	-55683.997	-3655.188
673000000	-85260.892	-29666.147	-55594.745	-3666.625
674000000	-85263.578	-29701.510	-55562.069	-3701.559
675000000	-85203.499	-29585.366	-55618.133	-3586.344
676000000	-85329.858	-29747.678	-55582.180	-3749.701
677000000	-85390.956	-29726.443	-55664.513	-3727.297
678000000	-85442.012	-29783.997	-55658.015	-3784.027
679000000	-85340.486	-29704.664	-55635.822	-3705.667
680000000	-85184.656	-29644.990	-55539.666	-3646.208
681000000	-85403.805	-29746.324	-55657.481	-3748.036
682000000	-85269.079	-29630.427	-55638.652	-3631.060
683000000	-85311.165	-29636.206	-55674.958	-3637.314
684000000	-85241.606	-29603.602	-55638.004	-3603.977
685000000	-85247.101	-29667.416	-55579.685	-3667.040
686000000	-85288.406	-29623.617	-55664.789	-3625.074
687000000	-85388.166	-29769.013	-55619.153	-3769.833
688000000	-85161.460	-29583.913	-55577.547	-3584.920
689000000	-85254.453	-29578.872	-55675.581	-3579.416
690000000	-85234.001	-29658.892	-55575.108	-3659.677
691000000	-85349.638	-29705.797	-55643.840	-3705.711
692000000	-85395.261	-29689.329	-55705.932	-3689.862
693000000	-85452.127	-29814.483	-55637.644	-3815.830
694000000	-85262.051	-29693.622	-55568.429	-3693.684
695000000	-85225.790	-29610.235	-55615.556	-3610.644
696000000	-85260.375	-29636.579	-55623.796	-3637.797
697000000	-85025.145	-29439.858	-55585.287	-3441.099
698000000	-85183.494	-29584.809	-55598.685	-3585.864
699000000	-85264.980	-29636.917	-55628.062	-3636.735
700000000	-85327.010	-29712.480	-55614.530	-3714.267
701000000	-85158.131	-29558.429	-55599.702	-3559.501
702000000	-85278.810	-29664.852	-55613.958	-3665.012
703000000	-85344.512	-29723.921	-55620.591	-3725.483
704000000	-85219.178	-29683.315	-55535.863	-3684.475
705000000	-85121.550	-29550.982	-55570.568	-3552.271
706000000	-85313.829	-29626.898	-55686.931	-3627.839
707000000	-85260.176	-29584.494	-55675.682	-3585.988
708000000	-85285.680	-29657.924	-55627.756	-3659.091
709000000	-85265.559	-29670.941	-55594.619	-3672.855
710000000	-85302.030	-29707.193	-55594.838	-3707.775
711000000	-85361.812	-29675.963	-55685.849	-3677.022
712000000	-85483.799	-29888.762	-55595.038	-3889.835
713000000	-85322.546	-29729.373	-55593.173	-3729.548
714000000	-85292.089	-29606.707	-55685.382	-3606.447
715000000	-85434.362	-29759.382	-55674.981	-3761.055
716000000	-85334.753	-29680.809	-55653.945	-3681.266
717000000	-85328.420	-29712.164	-55616.257	-3711.623
718000000	-85422.276	-29823.466	-55598.810	-3824.376
719000000	-85344.872	-29767.628	-55577.243	-3768.884
720000000	-85177.462	-29603.296	-55574.166	-3603.818
721000000	-85262.414	-29677.773	-55584.640	-3679.257
722000000	-85143.683	-29549.445	-55594.239	-3550.293
723000000	-85270.556	-29698.260	-55572.296	-3699.210
724000000	-85176.151	-29528.719	-55647.431	-3529.220
725000000	-85284.159	-29692.418	-55591.741	-3692.800
726000000	-85212.319	-29631.055	-55581.264	-3633.236
727000000	-85250.940	-29630.763	-55620.176	-3631.562
728000000	-85320.139	-29667.808	-55652.331	-3669.982
729000000	-85328.462	-29709.125	-55619.338	-3709.030
730000000	-85382.361	-29783.525	-55598.836	-3783.917
731000000	-85251.422	-29581.044	-55670.378	-3581.559
732000000	-85177.910	-29569.907	-55608.003	-3570.804
733000000	-85271.751	-29716.869	-55554.882	-3716.518
734000000	-85213.043	-29595.606	-55617.437	-3595.899
735000000	-85223.137	-29661.544	-55561.593	-3662.650
736000000	-85313.213	-29663.962	-55649.251	-3664.706
737000000	-85202.951	-29553.366	-55649.586	-3554.174
738000000	-85281.208	-29711.745	-55569.463	-3713.555
739000000	-85471.252	-29869.549	-55601.704	-3870.442
740000000	-85318.742	-29650.624	-55668.117	-3651.453
741000000	-85333.319	-29721.093	-55612.226	-3722.923
742000000	-85294.632	-29668.057	-55626.575	-3668.981
743000000	-85366.840	-29767.990	-55598.850	-3768.550
744000000	-85238.115	-29687.559	-55550.556	-3688.305
745000000	-85207.228	-29631.806	-55575.422	-3631.651
746000000	-85350.663	-29725.189	-55625.474	-3726.597
747000000	-85422.044	-29783.290	-55638.754	-3783.848
748000000	-85300.145	-29768.239	-55531.906	-3768.771
749000000	-85356.306	-29748.280	-55608.025	-3749.225
750000000	-85302.469	-29670.230	-55632.239	-3671.444
751000000	-85199.413	-29589.115	-55610.298	-3589.602
752000000	-85331.283	-29746.595	-55584.687	-3747.691
753000000	-85406.005	-29695.498	-55710.507	-3696.088
754000000	-85210.388	-29645.379	-55565.009	-3646.733
755000000	-85308.302	-29762.511	-55545.791	-3762.881
756000000	-85311.808	-29702.700	-55609.108	-3703.348
757000000	-85272.846	-29678.915	-55593.931	-3679.668
758000000	-85302.991	-29665.961	-55637.029	-3666.843
759000000	-85278.430	-29719.420	-55559.010	-3718.202
760000000	-85283.935	-29685.939	-55597.996	-3686.405
761000000	-85297.107	-29690.874	-55606.234	-3692.513
762000000	-85207.897	-29596.976	-55610.921	-3598.743
763000000	-85279.104	-29722.136	-55556.969	-3723.138
764000000	-85307.053	-29687.121	-55619.932	-3688.598
765000000	-85267.461	-29635.476	-55631.985	-3636.076
766000000	-85381.831	-29721.807	-55660.024	-3722.767
767000000	-85339.091	-29732.420	-55606.670	-3732.172
768000000	-85269.287	-29666.826	-55602.461	-3667.265
769000000	-85288.571	-29694.516	-55594.056	-3695.593
770000000	-85291.848	-29616.304	-55675.544	-3617.248
771000000	-85315.319	-29643.924	-55671.395	-3643.707
772000000	-85311.836	-29644.759	-55667.077	-3645.192
773000000	-85313.473	-29710.610	-55602.863	-3711.856
774000000	-85467.119	-29780.079	-55687.040	-3780.300
775000000	-85416.573	-29762.600	-55653.973	-3762.227
776000000	-85427.552	-29763.899	-55663.653	-3765.048
777000000	-85360.519	-29742.812	-55617.707	-3742.917
778000000	-85265.346	-29639.049	-55626.297	-3639.673
779000000	-85258.137	-29665.542	-55592.595	-3666.000
780000000	-85271.551	-29715.776	-55555.776	-3716.136
781000000	-85234.186	-29610.510	-55623.676	-3610.280
782000000	-85104.605	-29564.496	-55540.109	-3565.878
783000000	-85328.339	-29655.674	-55672.664	-3655.120
784000000	-85277.069	-29671.148	-55605.921	-3672.066
785000000	-85129.118	-29545.471	-55583.647	-3546.138
786000000	-85334.130	-29724.140	-55609.990	-3725.476
787000000	-85248.486	-29638.357	-55610.129	-3638.473
788000000	-85309.617	-29697.334	-55612.283	-3697.616
789000000	-85465.837	-29882.680	-55583.156	-3884.796
790000000	-85320.536	-29752.839	-55567.697	-3753.020
791000000	-85331.211	-29773.117	-55558.094	-3772.958
792000000	-85216.536	-29678.282	-55538.254	-3679.100
793000000	-85437.635	-29780.230	-55657.405	-3780.884
794000000	-85103.248	-29535.442	-55567.806	-3534.772
795000000	-85193.512	-29584.425	-55609.087	-3585.514
796000000	-85148.575	-29567.596	-55580.978	-3568.011
797000000	-85371.617	-29714.415	-55657.201	-3717.050
798000000	-85318.009	-29662.717	-55655.292	-3663.750
799000000	-85165.456	-29595.223	-55570.233	-3595.521
800000000	-85283.032	-29635.711	-55647.321	-3637.320
