state	posterior	prior	likelihood	skygrid
1000000	-85225.414	-29640.704	-55584.710	-3642.206
2000000	-85210.768	-29605.519	-55605.250	-3605.535
3000000	-85220.976	-29591.324	-55629.653	-3591.884
4000000	-85219.547	-29622.967	-55596.581	-3623.678
5000000	-85211.361	-29629.270	-55582.091	-3630.341
6000000	-85403.596	-29831.870	-55571.726	-3832.111
7000000	-85216.574	-29635.386	-55581.188	-3635.123
8000000	-85323.219	-29731.437	-55591.783	-3732.160
9000000	-85382.540	-29835.678	-55546.863	-3835.216
10000000	-85316.510	-29683.753	-55632.757	-3685.396
11000000	-85181.995	-29654.841	-55527.154	-3654.522
12000000	-85307.222	-29672.446	-55634.776	-3673.260
13000000	-85149.992	-29614.154	-55535.838	-3615.091
14000000	-85260.913	-29664.330	-55596.583	-3665.169
15000000	-85268.536	-29672.016	-55596.520	-3672.904
16000000	-85331.219	-29648.458	-55682.760	-3649.668
17000000	-85240.885	-29632.080	-55608.806	-3634.461
18000000	-85283.568	-29713.059	-55570.509	-3713.756
19000000	-85354.712	-29784.024	-55570.687	-3784.449
20000000	-85314.287	-29708.502	-55605.785	-3707.929
21000000	-85327.336	-29717.127	-55610.209	-3718.588
22000000	-85303.266	-29668.581	-55634.684	-3669.368
23000000	-85162.619	-29611.677	-55550.943	-3612.421
24000000	-85312.715	-29629.377	-55683.338	-3630.122
25000000	-85411.281	-29776.074	-55635.208	-3776.858
26000000	-85325.873	-29740.640	-55585.233	-3741.029
27000000	-85377.358	-29745.187	-55632.171	-3746.089
28000000	-85328.664	-29695.857	-55632.806	-3697.715
29000000	-85276.279	-29649.303	-55626.976	-3649.366
30000000	-85211.435	-29688.547	-55522.888	-3689.229
31000000	-85199.092	-29610.124	-55588.968	-3610.722
32000000	-85156.542	-29620.461	-55536.081	-3621.302
33000000	-85208.257	-29614.350	-55593.908	-3614.664
34000000	-85414.457	-29786.938	-55627.519	-3787.498
35000000	-85287.514	-29694.866	-55592.648	-3696.162
36000000	-85371.946	-29750.974	-55620.972	-3751.596
37000000	-85314.660	-29746.340	-55568.319	-3746.737
38000000	-85167.671	-29548.397	-55619.274	-3549.300
39000000	-85346.838	-29777.446	-55569.392	-3777.935
40000000	-85351.078	-29674.444	-55676.633	-3674.613
41000000	-85321.712	-29683.331	-55638.381	-3684.105
42000000	-85256.611	-29611.564	-55645.048	-3612.198
43000000	-85282.325	-29632.622	-55649.702	-3633.926
44000000	-85232.726	-29608.298	-55624.428	-3608.891
45000000	-85277.967	-29611.310	-55666.657	-3611.498
46000000	-85336.948	-29734.901	-55602.047	-3735.328
47000000	-85265.943	-29578.753	-55687.190	-3579.268
48000000	-85456.304	-29792.011	-55664.292	-3793.727
49000000	-85312.411	-29646.719	-55665.692	-3647.268
50000000	-85433.849	-29742.437	-55691.412	-3743.244
51000000	-85308.243	-29640.161	-55668.081	-3642.777
52000000	-85188.742	-29569.390	-55619.352	-3570.428
53000000	-85292.604	-29706.305	-55586.299	-3707.001
54000000	-85256.788	-29665.996	-55590.792	-3667.086
55000000	-85343.712	-29723.347	-55620.364	-3723.553
56000000	-85194.608	-29640.914	-55553.694	-3641.617
57000000	-85291.430	-29712.900	-55578.531	-3714.020
58000000	-85304.094	-29665.052	-55639.042	-3666.713
59000000	-85382.195	-29762.582	-55619.612	-3763.837
60000000	-85278.817	-29606.746	-55672.071	-3608.123
61000000	-85344.446	-29709.043	-55635.404	-3710.904
62000000	-85401.998	-29740.496	-55661.502	-3741.679
63000000	-85163.563	-29555.221	-55608.342	-3556.606
64000000	-85313.911	-29734.539	-55579.372	-3735.357
65000000	-85291.023	-29716.563	-55574.460	-3717.234
66000000	-85285.983	-29690.196	-55595.787	-3691.412
67000000	-85331.368	-29698.934	-55632.433	-3701.455
68000000	-85268.016	-29643.263	-55624.753	-3643.324
69000000	-85265.674	-29653.158	-55612.515	-3654.255
70000000	-85493.716	-29795.124	-55698.592	-3794.831
71000000	-85294.881	-29676.980	-55617.901	-3678.015
72000000	-85244.817	-29662.932	-55581.885	-3663.383
73000000	-85356.784	-29686.897	-55669.888	-3689.072
74000000	-85314.067	-29666.976	-55647.091	-3667.930
75000000	-85263.855	-29604.333	-55659.522	-3605.113
76000000	-85336.079	-29699.997	-55636.083	-3700.294
77000000	-85334.381	-29724.139	-55610.242	-3726.059
78000000	-85214.687	-29617.897	-55596.790	-3620.329
79000000	-85380.881	-29750.082	-55630.799	-3750.881
80000000	-85368.548	-29732.225	-55636.323	-3733.237
81000000	-85365.078	-29775.189	-55589.890	-3776.564
82000000	-85369.320	-29744.221	-55625.099	-3744.893
83000000	-85287.048	-29677.164	-55609.884	-3677.630
84000000	-85245.202	-29695.433	-55549.768	-3696.201
85000000	-85189.138	-29603.669	-55585.470	-3605.157
86000000	-85232.033	-29607.430	-55624.603	-3607.270
87000000	-85306.317	-29650.932	-55655.384	-3651.123
88000000	-85196.128	-29626.075	-55570.053	-3626.696
89000000	-85243.684	-29635.690	-55607.994	-3635.596
90000000	-85169.783	-29590.455	-55579.328	-3591.166
91000000	-85232.341	-29671.565	-55560.776	-3670.654
92000000	-85435.362	-29815.016	-55620.346	-3815.100
93000000	-85318.637	-29695.420	-55623.217	-3696.186
94000000	-85284.305	-29701.882	-55582.424	-3703.156
95000000	-85368.310	-29750.619	-55617.691	-3751.298
96000000	-85356.042	-29659.757	-55696.284	-3661.027
97000000	-85257.634	-29660.175	-55597.459	-3660.741
98000000	-85184.536	-29629.273	-55555.263	-3630.182
99000000	-85140.066	-29544.779	-55595.287	-3544.091
100000000	-85246.321	-29588.494	-55657.827	-3589.357
101000000	-85246.979	-29628.497	-55618.483	-3629.643
102000000	-85289.958	-29612.485	-55677.473	-3613.512
103000000	-85292.518	-29662.747	-55629.771	-3664.342
104000000	-85330.982	-29691.230	-55639.752	-3691.394
105000000	-85303.880	-29664.847	-55639.033	-3664.697
106000000	-85400.779	-29743.250	-55657.529	-3745.038
107000000	-85262.470	-29646.599	-55615.871	-3647.991
108000000	-85338.062	-29703.010	-55635.052	-3703.795
109000000	-85215.410	-29636.433	-55578.976	-3637.310
110000000	-85205.614	-29598.288	-55607.325	-3599.095
111000000	-85359.769	-29778.787	-55580.981	-3779.935
112000000	-85219.448	-29644.830	-55574.618	-3645.746
113000000	-85288.660	-29702.313	-55586.346	-3703.207
114000000	-85128.668	-29552.357	-55576.311	-3552.928
115000000	-85344.213	-29725.779	-55618.433	-3727.468
116000000	-85437.418	-29783.542	-55653.876	-3784.368
117000000	-85408.500	-29807.165	-55601.335	-3807.435
118000000	-85328.649	-29752.060	-55576.589	-3754.100
119000000	-85313.738	-29688.994	-55624.744	-3690.961
120000000	-85204.323	-29507.159	-55697.164	-3508.018
121000000	-85347.835	-29730.218	-55617.617	-3731.130
122000000	-85288.634	-29725.873	-55562.761	-3726.601
123000000	-85334.821	-29694.537	-55640.283	-3693.996
124000000	-85261.664	-29682.368	-55579.296	-3683.565
125000000	-85292.866	-29630.752	-55662.114	-3631.181
126000000	-85331.733	-29721.549	-55610.184	-3722.390
127000000	-85291.339	-29615.049	-55676.290	-3615.977
128000000	-85314.000	-29703.352	-55610.648	-3704.178
129000000	-85372.820	-29797.975	-55574.845	-3799.585
130000000	-85324.355	-29746.409	-55577.945	-3747.759
131000000	-85329.335	-29737.729	-55591.605	-3739.052
132000000	-85371.263	-29772.475	-55598.788	-3774.330
133000000	-85433.617	-29755.871	-55677.746	-3756.775
134000000	-85316.766	-29722.346	-55594.420	-3723.328
135000000	-85225.382	-29620.235	-55605.147	-3621.355
136000000	-85158.237	-29605.666	-55552.570	-3605.783
137000000	-85304.249	-29706.650	-55597.599	-3708.219
138000000	-85463.253	-29830.114	-55633.140	-3830.280
139000000	-85348.414	-29720.853	-55627.561	-3721.382
140000000	-85194.361	-29585.476	-55608.885	-3587.309
141000000	-85241.712	-29607.124	-55634.588	-3608.189
142000000	-85311.060	-29694.585	-55616.475	-3694.516
143000000	-85308.816	-29611.427	-55697.389	-3612.373
144000000	-85246.833	-29653.912	-55592.921	-3653.449
145000000	-85267.707	-29623.900	-55643.807	-3624.719
146000000	-85193.385	-29581.296	-55612.089	-3582.458
147000000	-85233.405	-29696.623	-55536.782	-3697.563
148000000	-85260.656	-29732.152	-55528.503	-3732.036
149000000	-85260.942	-29675.615	-55585.326	-3676.813
150000000	-85258.264	-29604.822	-55653.442	-3604.843
151000000	-85350.800	-29700.543	-55650.257	-3701.527
152000000	-85285.584	-29707.719	-55577.865	-3709.499
153000000	-85155.456	-29529.949	-55625.507	-3531.933
154000000	-85378.438	-29760.623	-55617.816	-3760.806
155000000	-85269.326	-29569.222	-55700.104	-3570.200
156000000	-85310.272	-29673.593	-55636.679	-3676.169
157000000	-85332.552	-29728.652	-55603.900	-3728.998
158000000	-85342.534	-29683.208	-55659.326	-3685.222
159000000	-85327.575	-29704.187	-55623.387	-3704.980
160000000	-85362.653	-29699.412	-55663.241	-3699.944
161000000	-85406.878	-29778.326	-55628.552	-3779.153
162000000	-85299.959	-29675.523	-55624.436	-3677.646
163000000	-85330.676	-29695.112	-55635.564	-3696.674
164000000	-85374.699	-29751.801	-55622.898	-3752.481
165000000	-85229.866	-29666.925	-55562.941	-3667.200
166000000	-85328.787	-29698.671	-55630.116	-3698.103
167000000	-85253.926	-29623.288	-55630.638	-3625.151
168000000	-85373.157	-29702.548	-55670.609	-3702.854
169000000	-85273.709	-29667.745	-55605.965	-3667.444
170000000	-85184.243	-29626.436	-55557.807	-3626.320
171000000	-85221.481	-29619.762	-55601.719	-3619.993
172000000	-85247.873	-29647.728	-55600.145	-3649.514
173000000	-85164.702	-29569.844	-55594.858	-3571.117
174000000	-85256.514	-29693.481	-55563.033	-3693.555
175000000	-85138.897	-29530.934	-55607.963	-3532.154
176000000	-85359.236	-29725.079	-55634.157	-3726.057
177000000	-85336.193	-29719.935	-55616.258	-3720.131
178000000	-85351.363	-29690.606	-55660.757	-3690.272
179000000	-85348.495	-29725.500	-55622.995	-3727.232
180000000	-85205.857	-29604.029	-55601.828	-3604.761
181000000	-85221.694	-29675.888	-55545.807	-3676.291
182000000	-85173.173	-29598.203	-55574.970	-3600.287
183000000	-85251.541	-29593.478	-55658.063	-3592.883
184000000	-85237.899	-29619.887	-55618.012	-3620.746
185000000	-85308.860	-29731.133	-55577.727	-3731.477
186000000	-85221.773	-29680.348	-55541.425	-3682.116
187000000	-85229.651	-29583.415	-55646.236	-3584.279
188000000	-85285.824	-29636.056	-55649.767	-3638.060
189000000	-85291.433	-29665.223	-55626.210	-3665.972
190000000	-85259.467	-29631.621	-55627.846	-3632.431
191000000	-85269.256	-29641.621	-55627.636	-3642.148
192000000	-85264.921	-29663.321	-55601.601	-3665.094
193000000	-85243.295	-29622.554	-55620.741	-3624.091
194000000	-85345.520	-29716.365	-55629.155	-3716.781
195000000	-85322.440	-29675.155	-55647.285	-3676.043
196000000	-85317.821	-29678.859	-55638.962	-3679.345
197000000	-85392.574	-29705.414	-55687.159	-3707.112
198000000	-85209.093	-29610.919	-55598.174	-3612.306
199000000	-85393.365	-29680.390	-55712.975	-3680.464
200000000	-85331.502	-29712.213	-55619.289	-3713.911
201000000	-85151.006	-29468.392	-55682.615	-3469.931
202000000	-85297.509	-29648.335	-55649.174	-3649.415
203000000	-85379.862	-29779.575	-55600.287	-3779.858
204000000	-85289.052	-29592.749	-55696.303	-3594.182
205000000	-85292.075	-29594.325	-55697.750	-3594.968
206000000	-85285.943	-29639.707	-55646.236	-3640.687
207000000	-85215.343	-29616.001	-55599.342	-3617.128
208000000	-85271.960	-29665.663	-55606.297	-3666.291
209000000	-85241.375	-29586.628	-55654.747	-3587.063
210000000	-85193.078	-29589.176	-55603.902	-3589.993
211000000	-85325.924	-29668.455	-55657.470	-3668.855
212000000	-85415.708	-29735.547	-55680.161	-3736.178
213000000	-85263.356	-29693.283	-55570.073	-3694.576
214000000	-85414.786	-29779.443	-55635.343	-3779.275
215000000	-85150.961	-29543.396	-55607.565	-3545.808
216000000	-85298.946	-29651.964	-55646.982	-3652.604
217000000	-85246.768	-29614.942	-55631.826	-3615.897
218000000	-85315.401	-29720.507	-55594.894	-3722.776
219000000	-85249.751	-29639.193	-55610.559	-3640.453
220000000	-85311.605	-29704.460	-55607.145	-3705.532
221000000	-85259.247	-29623.403	-55635.844	-3624.178
222000000	-85344.528	-29762.745	-55581.783	-3764.209
223000000	-85222.204	-29560.210	-55661.994	-3560.541
224000000	-85328.686	-29720.393	-55608.293	-3721.932
225000000	-85368.615	-29781.662	-55586.953	-3783.231
226000000	-85253.032	-29665.500	-55587.532	-3667.203
227000000	-85307.307	-29663.381	-55643.926	-3665.457
228000000	-85327.427	-29703.998	-55623.429	-3704.123
229000000	-85305.416	-29670.193	-55635.223	-3671.702
230000000	-85362.369	-29756.467	-55605.902	-3756.613
231000000	-85251.461	-29668.604	-55582.857	-3668.495
232000000	-85230.384	-29584.146	-55646.238	-3584.615
233000000	-85283.959	-29706.071	-55577.888	-3705.677
234000000	-85327.294	-29625.862	-55701.432	-3627.025
235000000	-85349.396	-29718.761	-55630.635	-3718.970
236000000	-85319.764	-29664.886	-55654.878	-3665.269
237000000	-85242.714	-29658.691	-55584.023	-3659.104
238000000	-85315.991	-29647.493	-55668.497	-3648.483
239000000	-85271.432	-29632.530	-55638.901	-3633.204
240000000	-85499.091	-29853.797	-55645.293	-3853.948
241000000	-85300.038	-29656.098	-55643.940	-3656.397
242000000	-85449.306	-29788.812	-55660.494	-3788.845
243000000	-85435.898	-29813.608	-55622.290	-3814.271
244000000	-85342.968	-29723.938	-55619.030	-3725.355
245000000	-85309.286	-29650.804	-55658.482	-3651.372
246000000	-85304.744	-29761.402	-55543.342	-3762.190
247000000	-85318.040	-29725.461	-55592.579	-3726.348
248000000	-85241.835	-29687.807	-55554.029	-3687.310
249000000	-85454.058	-29753.951	-55700.107	-3754.341
250000000	-85397.175	-29824.459	-55572.717	-3825.653
251000000	-85331.098	-29710.997	-55620.101	-3711.191
252000000	-85394.823	-29710.781	-55684.041	-3712.261
253000000	-85333.419	-29722.925	-55610.494	-3723.137
254000000	-85276.949	-29651.330	-55625.620	-3651.971
255000000	-85434.706	-29784.508	-55650.198	-3785.264
256000000	-85206.372	-29571.034	-55635.338	-3571.269
257000000	-85170.013	-29542.299	-55627.714	-3543.575
258000000	-85284.258	-29589.460	-55694.798	-3589.306
259000000	-85358.924	-29720.995	-55637.929	-3721.728
260000000	-85464.805	-29824.977	-55639.829	-3826.542
261000000	-85406.957	-29734.187	-55672.770	-3735.477
262000000	-85396.175	-29729.015	-55667.160	-3730.301
263000000	-85316.313	-29697.051	-55619.262	-3697.075
264000000	-85365.159	-29713.411	-55651.748	-3714.769
265000000	-85296.582	-29682.464	-55614.117	-3682.732
266000000	-85399.469	-29723.132	-55676.337	-3724.939
267000000	-85242.562	-29632.880	-55609.682	-3632.453
268000000	-85242.318	-29666.630	-55575.687	-3668.008
269000000	-85199.492	-29601.409	-55598.083	-3600.669
270000000	-85317.510	-29717.795	-55599.714	-3718.684
271000000	-85270.610	-29667.625	-55602.985	-3669.266
272000000	-85247.914	-29707.322	-55540.592	-3707.577
273000000	-85293.213	-29682.497	-55610.716	-3683.265
274000000	-85332.896	-29690.634	-55642.262	-3693.282
275000000	-85256.206	-29685.893	-55570.313	-3687.069
276000000	-85339.255	-29787.055	-55552.200	-3788.762
277000000	-85453.514	-29792.005	-55661.509	-3792.557
278000000	-85242.440	-29616.940	-55625.500	-3618.076
279000000	-85333.339	-29719.121	-55614.218	-3720.094
280000000	-85264.102	-29681.789	-55582.312	-3681.601
281000000	-85209.797	-29613.819	-55595.978	-3615.089
282000000	-85251.508	-29682.703	-55568.805	-3682.769
283000000	-85279.071	-29664.090	-55614.981	-3664.641
284000000	-85176.784	-29603.165	-55573.619	-3602.946
285000000	-85371.784	-29738.491	-55633.293	-3739.408
286000000	-85249.560	-29620.377	-55629.184	-3621.540
287000000	-85311.461	-29644.217	-55667.244	-3644.106
288000000	-85395.481	-29738.055	-55657.426	-3738.855
289000000	-85374.099	-29810.483	-55563.616	-3810.537
290000000	-85362.508	-29726.788	-55635.720	-3727.371
291000000	-85272.683	-29618.219	-55654.464	-3618.729
292000000	-85230.839	-29588.689	-55642.149	-3589.972
293000000	-85406.346	-29709.847	-55696.498	-3710.435
294000000	-85308.789	-29656.251	-55652.539	-3655.927
295000000	-85240.589	-29650.422	-55590.167	-3650.828
296000000	-85286.129	-29691.070	-55595.059	-3692.478
297000000	-85285.337	-29674.444	-55610.893	-3675.812
298000000	-85233.094	-29657.600	-55575.494	-3659.022
299000000	-85207.417	-29630.151	-55577.266	-3630.349
300000000	-85274.062	-29654.289	-55619.773	-3655.317
301000000	-85298.141	-29660.291	-55637.850	-3662.007
302000000	-85362.251	-29708.465	-55653.786	-3708.825
303000000	-85319.676	-29691.392	-55628.285	-3691.116
304000000	-85264.731	-29666.567	-55598.164	-3667.558
305000000	-85230.460	-29639.694	-55590.766	-3639.202
306000000	-85284.382	-29663.019	-55621.363	-3663.569
307000000	-85287.110	-29659.679	-55627.432	-3660.593
308000000	-85198.024	-29573.104	-55624.919	-3574.171
309000000	-85265.899	-29670.880	-55595.019	-3671.743
310000000	-85292.949	-29646.040	-55646.909	-3647.290
311000000	-85255.999	-29647.160	-55608.839	-3648.142
312000000	-85290.723	-29662.176	-55628.546	-3663.350
313000000	-85156.843	-29590.596	-55566.247	-3591.911
314000000	-85193.148	-29616.799	-55576.349	-3618.147
315000000	-85253.318	-29664.031	-55589.287	-3665.464
316000000	-85333.358	-29662.507	-55670.850	-3663.575
317000000	-85350.984	-29736.403	-55614.581	-3736.804
318000000	-85374.503	-29739.744	-55634.759	-3740.134
319000000	-85451.315	-29734.984	-55716.331	-3736.115
320000000	-85295.634	-29720.065	-55575.569	-3719.898
321000000	-85235.619	-29613.577	-55622.042	-3615.070
322000000	-85328.857	-29689.754	-55639.103	-3691.871
323000000	-85338.458	-29722.963	-55615.496	-3723.868
324000000	-85241.486	-29582.963	-55658.523	-3583.198
325000000	-85412.666	-29755.552	-55657.114	-3756.246
326000000	-85210.261	-29572.572	-55637.689	-3573.337
327000000	-85212.653	-29603.571	-55609.082	-3604.216
328000000	-85246.722	-29606.925	-55639.798	-3607.119
329000000	-85227.829	-29608.399	-55619.430	-3609.601
330000000	-85231.056	-29577.432	-55653.624	-3578.874
331000000	-85252.366	-29658.037	-55594.330	-3658.866
332000000	-85349.337	-29723.486	-55625.851	-3724.940
333000000	-85216.750	-29604.105	-55612.645	-3604.729
334000000	-85278.700	-29653.076	-55625.624	-3653.264
335000000	-85250.379	-29593.165	-55657.214	-3593.864
336000000	-85193.152	-29578.226	-55614.926	-3579.580
337000000	-85327.818	-29684.717	-55643.100	-3685.294
338000000	-85354.760	-29751.990	-55602.770	-3752.084
339000000	-85238.397	-29591.008	-55647.389	-3591.172
340000000	-85406.499	-29826.548	-55579.951	-3827.939
341000000	-85384.905	-29739.137	-55645.769	-3740.507
342000000	-85273.349	-29672.953	-55600.396	-3673.326
343000000	-85319.765	-29666.654	-55653.112	-3667.360
344000000	-85207.908	-29593.472	-55614.436	-3594.523
345000000	-85334.594	-29707.110	-55627.484	-3707.762
346000000	-85466.540	-29894.437	-55572.103	-3894.524
347000000	-85311.889	-29656.122	-55655.767	-3657.230
348000000	-85284.700	-29627.304	-55657.396	-3627.945
349000000	-85273.979	-29655.863	-55618.115	-3657.445
350000000	-85426.606	-29771.504	-55655.102	-3772.840
351000000	-85338.770	-29714.372	-55624.398	-3715.507
352000000	-85366.778	-29696.311	-55670.467	-3697.299
353000000	-85211.800	-29607.859	-55603.941	-3608.850
354000000	-85300.856	-29721.570	-55579.286	-3722.084
355000000	-85219.644	-29695.560	-55524.084	-3696.165
356000000	-85428.269	-29787.792	-55640.477	-3788.089
357000000	-85383.605	-29679.625	-55703.980	-3680.686
358000000	-85372.465	-29771.946	-55600.519	-3773.008
359000000	-85320.701	-29748.230	-55572.470	-3748.780
360000000	-85353.151	-29720.472	-55632.679	-3720.689
361000000	-85256.183	-29688.007	-55568.177	-3688.822
362000000	-85276.314	-29674.543	-55601.771	-3675.952
363000000	-85234.191	-29659.758	-55574.434	-3660.732
364000000	-85254.084	-29615.369	-55638.715	-3616.110
365000000	-85343.835	-29698.664	-55645.171	-3698.542
366000000	-85268.571	-29653.255	-55615.316	-3654.007
367000000	-85414.062	-29737.254	-55676.808	-3738.187
368000000	-85346.851	-29747.433	-55599.419	-3749.444
369000000	-85217.780	-29643.334	-55574.446	-3643.515
370000000	-85306.408	-29649.819	-55656.589	-3650.474
371000000	-85276.401	-29713.170	-55563.231	-3713.456
372000000	-85285.054	-29709.739	-55575.316	-3710.372
373000000	-85271.802	-29754.388	-55517.414	-3755.766
374000000	-85203.585	-29632.989	-55570.595	-3633.663
375000000	-85275.361	-29701.120	-55574.241	-3702.307
376000000	-85216.631	-29675.679	-55540.953	-3676.008
377000000	-85322.798	-29756.184	-55566.613	-3756.752
378000000	-85251.496	-29613.995	-55637.500	-3615.003
379000000	-85229.624	-29649.980	-55579.644	-3651.336
380000000	-85221.359	-29661.138	-55560.221	-3661.686
381000000	-85297.769	-29677.865	-55619.904	-3679.594
382000000	-85386.181	-29767.612	-55618.569	-3769.452
383000000	-85273.244	-29625.984	-55647.260	-3626.066
384000000	-85321.984	-29685.849	-55636.135	-3686.209
385000000	-85410.871	-29854.139	-55556.731	-3855.096
386000000	-85236.368	-29676.460	-55559.909	-3677.734
387000000	-85227.283	-29670.374	-55556.909	-3671.795
388000000	-85246.328	-29637.809	-55608.519	-3637.185
389000000	-85253.920	-29664.529	-55589.391	-3665.423
390000000	-85254.353	-29632.003	-55622.350	-3632.255
391000000	-85416.953	-29782.103	-55634.850	-3782.984
392000000	-85244.744	-29724.070	-55520.674	-3724.986
393000000	-85136.130	-29538.459	-55597.671	-3538.660
394000000	-85192.301	-29612.186	-55580.115	-3612.747
395000000	-85305.637	-29680.468	-55625.168	-3682.319
396000000	-85313.242	-29610.646	-55702.597	-3611.806
397000000	-85287.921	-29702.952	-55584.968	-3704.528
398000000	-85375.191	-29739.362	-55635.829	-3739.856
399000000	-85338.559	-29702.679	-55635.880	-3703.591
400000000	-85225.034	-29682.284	-55542.750	-3684.807
401000000	-85244.538	-29670.986	-55573.552	-3670.915
402000000	-85376.854	-29721.235	-55655.619	-3722.891
403000000	-85375.959	-29735.375	-55640.584	-3735.959
404000000	-85313.321	-29723.617	-55589.704	-3724.339
405000000	-85345.937	-29723.494	-55622.443	-3724.750
406000000	-85295.234	-29698.172	-55597.063	-3698.388
407000000	-85282.616	-29695.913	-55586.703	-3697.566
408000000	-85349.424	-29837.550	-55511.874	-3837.892
409000000	-85280.675	-29712.852	-55567.823	-3713.580
410000000	-85418.626	-29794.257	-55624.368	-3794.966
411000000	-85311.215	-29702.961	-55608.254	-3703.625
412000000	-85366.354	-29750.469	-55615.886	-3751.844
413000000	-85380.237	-29756.693	-55623.544	-3757.282
414000000	-85099.853	-29565.763	-55534.090	-3566.842
415000000	-85318.581	-29729.121	-55589.460	-3730.199
416000000	-85317.769	-29696.710	-55621.059	-3698.070
417000000	-85366.350	-29734.717	-55631.634	-3735.806
418000000	-85269.367	-29657.082	-55612.285	-3657.660
419000000	-85255.445	-29668.333	-55587.112	-3669.046
420000000	-85249.204	-29695.502	-55553.702	-3697.337
421000000	-85333.240	-29728.164	-55605.076	-3729.010
422000000	-85303.448	-29663.384	-55640.064	-3664.137
423000000	-85192.244	-29572.448	-55619.796	-3573.363
424000000	-85349.977	-29649.712	-55700.265	-3651.374
425000000	-85368.025	-29711.509	-55656.516	-3713.029
426000000	-85337.523	-29701.398	-55636.126	-3702.356
427000000	-85280.162	-29653.557	-55626.605	-3653.570
428000000	-85233.017	-29590.224	-55642.793	-3590.671
429000000	-85386.646	-29727.240	-55659.406	-3727.348
430000000	-85317.716	-29671.555	-55646.161	-3672.110
431000000	-85240.990	-29639.100	-55601.890	-3639.501
432000000	-85405.508	-29718.535	-55686.973	-3719.255
433000000	-85319.049	-29697.236	-55621.814	-3697.303
434000000	-85205.711	-29595.723	-55609.988	-3596.364
435000000	-85287.272	-29735.572	-55551.700	-3736.695
436000000	-85329.550	-29759.836	-55569.714	-3760.783
437000000	-85259.243	-29588.841	-55670.402	-3590.201
438000000	-85132.987	-29529.496	-55603.491	-3530.652
439000000	-85262.900	-29629.424	-55633.477	-3630.878
440000000	-85349.230	-29732.144	-55617.086	-3732.704
441000000	-85295.404	-29658.615	-55636.788	-3660.241
442000000	-85316.087	-29744.381	-55571.706	-3745.583
443000000	-85241.295	-29590.871	-55650.424	-3591.148
444000000	-85302.278	-29661.468	-55640.810	-3662.330
445000000	-85286.929	-29716.678	-55570.251	-3716.962
446000000	-85170.079	-29549.311	-55620.768	-3550.341
447000000	-85287.363	-29660.565	-55626.798	-3659.966
448000000	-85278.124	-29697.447	-55580.676	-3698.683
449000000	-85308.413	-29647.481	-55660.931	-3648.384
450000000	-85246.661	-29676.303	-55570.358	-3677.853
451000000	-85393.669	-29777.006	-55616.663	-3777.621
452000000	-85379.487	-29727.706	-55651.781	-3729.466
453000000	-85297.628	-29721.495	-55576.133	-3721.605
454000000	-85339.340	-29691.290	-55648.051	-3692.559
455000000	-85304.385	-29666.145	-55638.240	-3666.104
456000000	-85165.097	-29617.675	-55547.422	-3618.745
457000000	-85231.674	-29623.945	-55607.729	-3624.177
458000000	-85237.323	-29621.388	-55615.935	-3620.329
459000000	-85151.303	-29615.768	-55535.535	-3617.179
460000000	-85194.171	-29601.121	-55593.050	-3601.402
461000000	-85311.697	-29713.438	-55598.259	-3713.690
462000000	-85220.044	-29644.647	-55575.396	-3645.008
463000000	-85340.175	-29737.893	-55602.282	-3738.951
464000000	-85214.135	-29593.135	-55621.000	-3594.767
465000000	-85248.571	-29604.032	-55644.540	-3604.993
466000000	-85242.207	-29675.081	-55567.126	-3675.842
467000000	-85299.558	-29666.205	-55633.354	-3666.517
468000000	-85361.002	-29692.706	-55668.296	-3694.085
469000000	-85328.093	-29715.510	-55612.583	-3717.387
470000000	-85406.083	-29785.617	-55620.465	-3786.190
471000000	-85382.540	-29732.290	-55650.250	-3733.108
472000000	-85318.067	-29745.668	-55572.399	-3747.036
473000000	-85278.640	-29721.249	-55557.391	-3723.371
474000000	-85330.659	-29688.098	-55642.560	-3689.250
475000000	-85398.994	-29766.793	-55632.201	-3768.112
476000000	-85388.673	-29772.083	-55616.590	-3771.737
477000000	-85287.249	-29677.083	-55610.166	-3677.505
478000000	-85141.475	-29601.647	-55539.828	-3602.706
479000000	-85226.414	-29681.672	-55544.742	-3682.919
480000000	-85353.648	-29754.661	-55598.987	-3755.508
481000000	-85171.308	-29632.149	-55539.158	-3634.169
482000000	-85286.955	-29673.311	-55613.643	-3675.317
483000000	-85236.635	-29650.115	-55586.520	-3651.669
484000000	-85275.218	-29694.954	-55580.264	-3695.142
485000000	-85247.930	-29625.490	-55622.441	-3626.470
486000000	-85123.634	-29536.249	-55587.385	-3537.462
487000000	-85253.218	-29644.325	-55608.894	-3645.356
488000000	-85210.971	-29681.199	-55529.772	-3681.508
489000000	-85374.762	-29739.754	-55635.008	-3739.794
490000000	-85408.205	-29781.876	-55626.329	-3782.796
491000000	-85327.713	-29779.493	-55548.220	-3780.976
492000000	-85367.642	-29750.796	-55616.846	-3751.553
493000000	-85430.926	-29810.175	-55620.751	-3810.152
494000000	-85260.370	-29695.945	-55564.425	-3697.784
495000000	-85256.908	-29668.485	-55588.423	-3668.834
496000000	-85342.712	-29760.025	-55582.687	-3761.364
497000000	-85436.396	-29780.293	-55656.103	-3781.589
498000000	-85330.613	-29708.302	-55622.311	-3709.800
499000000	-85346.656	-29760.889	-55585.768	-3762.686
500000000	-85374.176	-29738.497	-55635.679	-3738.936
501000000	-85375.457	-29696.931	-55678.526	-3698.111
502000000	-85330.152	-29692.145	-55638.007	-3691.856
503000000	-85461.852	-29776.451	-55685.401	-3777.239
504000000	-85244.599	-29670.375	-55574.224	-3671.246
505000000	-85370.254	-29795.612	-55574.642	-3796.080
506000000	-85246.479	-29617.826	-55628.653	-3618.701
507000000	-85323.265	-29683.161	-55640.103	-3684.275
508000000	-85298.643	-29655.628	-55643.015	-3655.919
509000000	-85369.492	-29718.322	-55651.170	-3719.827
510000000	-85379.360	-29734.141	-55645.219	-3734.153
511000000	-85267.860	-29573.768	-55694.093	-3574.441
512000000	-85091.505	-29524.589	-55566.916	-3524.569
513000000	-85180.845	-29651.558	-55529.287	-3651.411
514000000	-85320.698	-29669.670	-55651.028	-3670.760
515000000	-85249.380	-29654.691	-55594.688	-3656.864
516000000	-85248.741	-29593.411	-55655.330	-3594.136
517000000	-85267.169	-29675.646	-55591.523	-3676.078
518000000	-85177.564	-29532.140	-55645.424	-3533.826
519000000	-85279.584	-29622.065	-55657.519	-3622.710
520000000	-85383.905	-29755.697	-55628.207	-3756.332
521000000	-85121.177	-29559.833	-55561.344	-3560.248
522000000	-85239.545	-29614.594	-55624.951	-3615.795
523000000	-85348.023	-29714.673	-55633.350	-3715.642
524000000	-85333.926	-29702.809	-55631.117	-3702.919
525000000	-85313.765	-29725.455	-55588.310	-3724.844
526000000	-85272.682	-29620.110	-55652.571	-3621.675
527000000	-85267.018	-29631.302	-55635.716	-3632.396
528000000	-85237.792	-29639.558	-55598.234	-3640.592
529000000	-85325.278	-29679.082	-55646.196	-3679.864
530000000	-85230.918	-29674.836	-55556.082	-3675.413
531000000	-85402.040	-29743.238	-55658.802	-3743.729
532000000	-85320.657	-29689.319	-55631.338	-3690.637
533000000	-85304.838	-29694.787	-55610.051	-3696.659
534000000	-85311.961	-29731.197	-55580.764	-3731.633
535000000	-85277.277	-29698.276	-55579.001	-3699.551
536000000	-85188.332	-29542.404	-55645.928	-3542.975
537000000	-85327.492	-29694.323	-55633.169	-3695.789
538000000	-85209.227	-29652.769	-55556.458	-3652.903
539000000	-85293.822	-29646.885	-55646.936	-3646.701
540000000	-85312.613	-29696.032	-55616.581	-3695.958
541000000	-85382.410	-29730.750	-55651.660	-3731.354
542000000	-85311.013	-29620.910	-55690.103	-3621.087
543000000	-85313.578	-29723.542	-55590.036	-3724.657
544000000	-85270.162	-29680.458	-55589.704	-3681.676
545000000	-85230.813	-29646.088	-55584.725	-3647.970
546000000	-85158.806	-29574.194	-55584.611	-3574.269
547000000	-85281.121	-29639.560	-55641.561	-3640.599
548000000	-85157.321	-29543.703	-55613.618	-3544.970
549000000	-85227.468	-29565.221	-55662.248	-3565.080
550000000	-85467.993	-29747.444	-55720.549	-3748.074
551000000	-85326.557	-29726.368	-55600.189	-3725.880
552000000	-85341.056	-29663.977	-55677.079	-3664.879
553000000	-85275.423	-29602.049	-55673.374	-3602.930
554000000	-85311.784	-29671.281	-55640.503	-3671.159
555000000	-85263.352	-29689.798	-55573.554	-3690.201
556000000	-85294.524	-29704.106	-55590.418	-3704.962
557000000	-85371.370	-29741.263	-55630.107	-3741.479
558000000	-85348.686	-29759.326	-55589.359	-3760.241
559000000	-85217.857	-29611.323	-55606.533	-3612.371
560000000	-85473.282	-29827.302	-55645.980	-3828.108
561000000	-85383.332	-29716.639	-55666.694	-3716.487
562000000	-85275.967	-29625.546	-55650.421	-3626.845
563000000	-85421.433	-29810.491	-55610.942	-3810.494
564000000	-85148.089	-29638.059	-55510.030	-3640.073
565000000	-85200.998	-29574.342	-55626.657	-3574.958
566000000	-85170.610	-29554.301	-55616.310	-3555.213
567000000	-85360.286	-29719.558	-55640.728	-3721.316
568000000	-85452.083	-29779.419	-55672.663	-3780.395
569000000	-85243.198	-29654.767	-55588.430	-3655.278
570000000	-85347.337	-29730.571	-55616.766	-3731.541
571000000	-85307.846	-29686.854	-55620.992	-3687.377
572000000	-85167.598	-29555.440	-55612.157	-3556.164
573000000	-85314.291	-29683.302	-55630.989	-3683.586
574000000	-85229.433	-29620.785	-55608.648	-3622.093
575000000	-85340.563	-29719.237	-55621.326	-3719.061
576000000	-85274.550	-29723.116	-55551.434	-3724.479
577000000	-85278.580	-29675.895	-55602.685	-3676.889
578000000	-85255.884	-29627.116	-55628.767	-3629.627
579000000	-85264.274	-29654.965	-55609.309	-3654.611
580000000	-85189.436	-29591.622	-55597.814	-3592.776
581000000	-85122.153	-29528.245	-55593.909	-3528.364
582000000	-85175.559	-29525.064	-55650.496	-3525.307
583000000	-85228.991	-29613.118	-55615.873	-3614.442
584000000	-85305.142	-29681.168	-55623.974	-3681.950
585000000	-85330.228	-29655.347	-55674.881	-3655.031
586000000	-85304.893	-29675.635	-55629.257	-3677.119
587000000	-85325.135	-29709.029	-55616.107	-3709.495
588000000	-85247.032	-29675.554	-55571.478	-3676.835
589000000	-85283.901	-29648.101	-55635.800	-3649.397
590000000	-85331.851	-29744.817	-55587.034	-3746.149
591000000	-85094.742	-29554.757	-55539.986	-3555.438
592000000	-85246.764	-29674.550	-55572.214	-3675.365
593000000	-85277.755	-29625.740	-55652.015	-3627.309
594000000	-85345.042	-29718.586	-55626.456	-3719.489
595000000	-85428.756	-29801.525	-55627.231	-3802.084
596000000	-85102.967	-29573.301	-55529.667	-3574.982
597000000	-85335.448	-29724.179	-55611.268	-3724.314
598000000	-85411.781	-29730.355	-55681.426	-3731.198
599000000	-85363.780	-29708.045	-55655.735	-3707.669
600000000	-85270.957	-29647.990	-55622.967	-3650.054
601000000	-85257.599	-29696.875	-55560.724	-3697.569
602000000	-85381.716	-29704.812	-55676.904	-3706.445
603000000	-85292.602	-29671.262	-55621.339	-3672.450
604000000	-85341.708	-29755.029	-55586.678	-3755.942
605000000	-85342.796	-29691.312	-55651.484	-3692.400
606000000	-85334.345	-29674.776	-55659.569	-3675.485
607000000	-85294.984	-29617.864	-55677.120	-3618.162
608000000	-85202.006	-29562.021	-55639.985	-3562.505
609000000	-85314.859	-29698.948	-55615.911	-3699.464
610000000	-85220.452	-29601.095	-55619.357	-3600.930
611000000	-85299.965	-29696.958	-55603.006	-3697.606
612000000	-85370.014	-29760.482	-55609.533	-3761.307
613000000	-85297.573	-29635.865	-55661.708	-3636.696
614000000	-85287.066	-29703.218	-55583.849	-3704.128
615000000	-85237.006	-29647.595	-55589.410	-3648.378
616000000	-85220.402	-29584.756	-55635.647	-3585.017
617000000	-85319.180	-29703.051	-55616.129	-3704.304
618000000	-85338.260	-29682.940	-55655.320	-3684.089
619000000	-85314.532	-29640.976	-55673.556	-3641.591
620000000	-85164.269	-29577.956	-55586.313	-3579.556
621000000	-85184.060	-29561.399	-55622.662	-3561.353
622000000	-85329.636	-29719.041	-55610.596	-3720.332
623000000	-85411.946	-29731.955	-55679.992	-3734.128
624000000	-85369.703	-29721.836	-55647.867	-3722.962
625000000	-85238.190	-29618.731	-55619.459	-3619.067
626000000	-85233.560	-29596.133	-55637.427	-3596.580
627000000	-85406.415	-29764.702	-55641.712	-3765.770
628000000	-85285.114	-29655.090	-55630.024	-3655.995
629000000	-85274.110	-29621.629	-55652.482	-3621.825
630000000	-85249.635	-29613.237	-55636.397	-3614.891
631000000	-85160.515	-29548.318	-55612.197	-3548.547
632000000	-85331.123	-29708.411	-55622.712	-3708.850
633000000	-85143.918	-29591.387	-55552.531	-3592.530
634000000	-85267.818	-29653.241	-55614.577	-3654.068
635000000	-85341.223	-29773.072	-55568.152	-3774.834
636000000	-85231.659	-29673.933	-55557.726	-3673.905
637000000	-85354.912	-29691.504	-55663.408	-3691.093
638000000	-85273.608	-29681.645	-55591.963	-3682.109
639000000	-85332.926	-29673.442	-55659.484	-3673.421
640000000	-85294.742	-29682.591	-55612.151	-3684.145
641000000	-85230.962	-29608.856	-55622.106	-3608.719
642000000	-85358.209	-29727.080	-55631.129	-3727.868
643000000	-85331.665	-29734.054	-55597.612	-3733.938
644000000	-85245.948	-29701.543	-55544.404	-3701.329
645000000	-85289.863	-29662.791	-55627.071	-3664.913
646000000	-85373.930	-29799.329	-55574.601	-3799.630
647000000	-85313.962	-29742.769	-55571.193	-3743.654
648000000	-85219.621	-29645.280	-55574.341	-3645.437
649000000	-85503.077	-29830.419	-55672.658	-3832.293
650000000	-85180.325	-29610.845	-55569.480	-3611.872
651000000	-85369.700	-29751.347	-55618.353	-3752.535
652000000	-85355.567	-29661.205	-55694.362	-3661.687
653000000	-85422.464	-29772.459	-55650.005	-3772.558
654000000	-85354.148	-29748.405	-55605.743	-3749.372
655000000	-85347.209	-29719.836	-55627.372	-3721.120
656000000	-85376.186	-29744.830	-55631.356	-3746.222
657000000	-85333.317	-29634.728	-55698.589	-3635.556
658000000	-85218.856	-29613.652	-55605.204	-3615.276
659000000	-85316.457	-29704.528	-55611.929	-3704.525
660000000	-85488.819	-29805.279	-55683.540	-3805.597
661000000	-85216.821	-29601.085	-55615.735	-3601.834
662000000	-85271.965	-29634.012	-55637.953	-3635.323
663000000	-85323.198	-29713.258	-55609.940	-3714.080
664000000	-85314.737	-29697.856	-55616.882	-3699.241
665000000	-85288.130	-29657.451	-55630.680	-3658.279
666000000	-85245.233	-29649.331	-55595.902	-3649.404
667000000	-85284.856	-29705.204	-55579.652	-3706.319
668000000	-85423.658	-29773.358	-55650.300	-3774.181
669000000	-85265.713	-29673.983	-55591.731	-3676.195
670000000	-85306.336	-29668.502	-55637.834	-3669.297
671000000	-85282.144	-29626.426	-55655.718	-3627.352
672000000	-85343.383	-29690.729	-55652.655	-3691.965
673000000	-85321.607	-29697.284	-55624.323	-3698.076
674000000	-85195.494	-29616.343	-55579.151	-3618.321
675000000	-85232.130	-29587.442	-55644.687	-3587.952
676000000	-85328.265	-29746.072	-55582.193	-3746.572
677000000	-85432.565	-29770.803	-55661.762	-3771.843
678000000	-85211.342	-29626.345	-55584.996	-3627.126
679000000	-85219.766	-29566.841	-55652.925	-3568.001
680000000	-85402.250	-29770.462	-55631.788	-3771.324
681000000	-85392.434	-29782.366	-55610.068	-3782.524
682000000	-85411.843	-29815.953	-55595.890	-3816.828
683000000	-85249.659	-29684.889	-55564.770	-3685.142
684000000	-85324.177	-29765.640	-55558.537	-3766.868
685000000	-85290.116	-29644.530	-55645.586	-3646.295
686000000	-85246.222	-29676.813	-55569.410	-3677.527
687000000	-85242.336	-29614.662	-55627.675	-3615.196
688000000	-85288.131	-29585.828	-55702.304	-3586.522
689000000	-85244.292	-29643.239	-55601.053	-3644.634
690000000	-85299.978	-29649.670	-55650.308	-3650.648
691000000	-85225.168	-29546.314	-55678.854	-3547.035
692000000	-85200.174	-29593.518	-55606.656	-3594.698
693000000	-85377.417	-29656.886	-55720.531	-3657.804
694000000	-85353.853	-29733.544	-55620.309	-3734.386
695000000	-85295.112	-29681.870	-55613.242	-3682.507
696000000	-85328.882	-29715.047	-55613.835	-3715.270
697000000	-85197.255	-29645.068	-55552.187	-3646.475
698000000	-85311.709	-29652.866	-55658.844	-3653.049
699000000	-85256.822	-29623.911	-55632.911	-3624.841
700000000	-85311.094	-29670.997	-55640.097	-3672.889
701000000	-85321.171	-29672.929	-55648.241	-3673.239
702000000	-85299.075	-29607.236	-55691.839	-3607.548
703000000	-85216.971	-29556.113	-55660.857	-3557.118
704000000	-85198.289	-29558.827	-55639.462	-3560.677
705000000	-85319.461	-29685.851	-55633.610	-3686.111
706000000	-85280.879	-29603.270	-55677.609	-3604.993
707000000	-85314.609	-29664.192	-55650.416	-3665.122
708000000	-85248.820	-29637.936	-55610.883	-3638.381
709000000	-85366.947	-29670.257	-55696.690	-3672.737
710000000	-85306.315	-29705.236	-55601.079	-3706.560
711000000	-85298.899	-29686.293	-55612.606	-3686.343
712000000	-85278.972	-29668.020	-55610.952	-3668.401
713000000	-85251.258	-29649.046	-55602.212	-3648.442
714000000	-85239.771	-29611.144	-55628.628	-3612.828
715000000	-85320.013	-29701.315	-55618.698	-3702.205
716000000	-85396.079	-29750.681	-55645.399	-3751.534
717000000	-85356.095	-29722.739	-55633.356	-3724.152
718000000	-85332.823	-29705.172	-55627.650	-3706.746
719000000	-85306.592	-29689.045	-55617.547	-3690.074
720000000	-85183.209	-29601.333	-55581.875	-3601.259
721000000	-85268.497	-29696.973	-55571.524	-3697.394
722000000	-85347.908	-29696.185	-55651.723	-3697.423
723000000	-85338.999	-29725.081	-55613.918	-3725.015
724000000	-85233.361	-29634.583	-55598.778	-3635.577
725000000	-85308.952	-29666.162	-55642.790	-3667.169
726000000	-85451.533	-29846.542	-55604.991	-3847.178
727000000	-85268.622	-29755.606	-55513.016	-3756.340
728000000	-85409.719	-29810.136	-55599.583	-3810.981
729000000	-85331.380	-29715.282	-55616.097	-3714.527
730000000	-85347.332	-29765.452	-55581.880	-3766.940
731000000	-85197.086	-29627.245	-55569.841	-3627.742
732000000	-85345.155	-29733.622	-55611.534	-3733.384
733000000	-85398.433	-29800.909	-55597.524	-3801.217
734000000	-85289.867	-29742.570	-55547.297	-3743.126
735000000	-85247.847	-29694.514	-55553.333	-3694.961
736000000	-85264.444	-29654.753	-55609.691	-3656.819
737000000	-85346.389	-29757.782	-55588.606	-3758.432
738000000	-85329.739	-29773.129	-55556.610	-3774.112
739000000	-85230.836	-29621.321	-55609.515	-3622.739
740000000	-85319.606	-29702.634	-55616.973	-3703.408
741000000	-85352.134	-29774.217	-55577.918	-3775.085
742000000	-85328.208	-29734.013	-55594.195	-3734.786
743000000	-85278.952	-29720.311	-55558.641	-3720.890
744000000	-85238.734	-29620.749	-55617.985	-3620.915
745000000	-85304.156	-29673.481	-55630.675	-3674.708
746000000	-85363.707	-29750.052	-55613.655	-3752.354
747000000	-85261.236	-29689.562	-55571.673	-3689.440
748000000	-85356.770	-29724.770	-55631.999	-3725.722
749000000	-85281.714	-29695.793	-55585.921	-3695.627
750000000	-85266.884	-29650.853	-55616.032	-3651.690
751000000	-85281.227	-29711.371	-55569.856	-3712.485
752000000	-85312.176	-29643.926	-55668.250	-3645.435
753000000	-85157.594	-29547.718	-55609.876	-3549.021
754000000	-85334.281	-29676.544	-55657.737	-3677.620
755000000	-85438.208	-29781.205	-55657.003	-3782.886
756000000	-85186.473	-29568.981	-55617.492	-3570.449
757000000	-85309.950	-29662.516	-55647.434	-3662.788
758000000	-85303.730	-29707.173	-55596.558	-3707.742
759000000	-85206.885	-29528.236	-55678.649	-3528.386
760000000	-85256.252	-29691.937	-55564.315	-3692.651
761000000	-85206.547	-29596.326	-55610.221	-3597.537
762000000	-85321.424	-29689.193	-55632.231	-3690.934
763000000	-85279.108	-29698.885	-55580.223	-3700.134
764000000	-85182.456	-29618.624	-55563.833	-3620.195
765000000	-85326.918	-29720.645	-55606.273	-3721.201
766000000	-85128.498	-29553.724	-55574.773	-3554.946
767000000	-85265.810	-29684.682	-55581.128	-3685.342
768000000	-85308.330	-29663.235	-55645.095	-3664.831
769000000	-85255.707	-29655.351	-55600.356	-3654.489
770000000	-85291.135	-29592.077	-55699.058	-3592.115
771000000	-85274.446	-29613.073	-55661.372	-3612.067
772000000	-85178.202	-29576.600	-55601.601	-3577.492
773000000	-85251.457	-29617.697	-55633.761	-3618.512
774000000	-85366.644	-29700.010	-55666.634	-3700.756
775000000	-85338.065	-29691.302	-55646.762	-3692.026
776000000	-85264.945	-29613.904	-55651.041	-3615.259
777000000	-85285.655	-29601.843	-55683.813	-3603.909
778000000	-85309.545	-29667.639	-55641.906	-3667.245
779000000	-85300.573	-29721.165	-55579.409	-3720.553
780000000	-85319.194	-29678.191	-55641.003	-3678.669
781000000	-85284.813	-29624.929	-55659.884	-3626.750
782000000	-85390.687	-29801.815	-55588.872	-3801.559
783000000	-85384.589	-29769.311	-55615.278	-3770.415
784000000	-85338.456	-29739.964	-55598.492	-3741.431
785000000	-85154.717	-29606.926	-55547.791	-3608.243
786000000	-85328.611	-29679.138	-55649.473	-3680.238
787000000	-85256.366	-29596.452	-55659.914	-3597.885
788000000	-85312.090	-29638.452	-55673.638	-3639.837
789000000	-85331.981	-29715.662	-55616.319	-3717.978
790000000	-85291.543	-29657.008	-55634.535	-3657.425
791000000	-85320.460	-29695.550	-55624.910	-3696.257
792000000	-85333.012	-29754.639	-55578.373	-3755.969
793000000	-85249.403	-29644.924	-55604.479	-3646.039
794000000	-85263.637	-29693.075	-55570.562	-3693.843
795000000	-85352.655	-29784.327	-55568.328	-3784.734
796000000	-85250.900	-29682.821	-55568.079	-3683.035
797000000	-85233.950	-29640.847	-55593.103	-3642.497
798000000	-85283.597	-29652.985	-55630.612	-3653.475
799000000	-85320.151	-29664.931	-55655.220	-3665.426
800000000	-85304.500	-29646.627	-55657.873	-3648.043
