state	cp1.kappa	cp2.kappa	cp3.kappa	cp1.alpha	cp2.alpha	cp3.alpha	cp1.mu	cp2.mu	cp3.mu	cp1.frequencies1	cp1.frequencies2	cp1.frequencies3	cp1.frequencies4	cp2.frequencies1	cp2.frequencies2	cp2.frequencies3	cp2.frequencies4	cp3.frequencies1	cp3.frequencies2	cp3.frequencies3	cp3.frequencies4	ucld.mean	ucld.stdev	meanRate	coefficientOfVariation	covariance	skygrid.precision	rootHeight	treeLength
1000000	10.626	14.972	17.759	5.0246E-2	5.4606E-2	1.1373	0.4624	0.2652	2.2724	0.3019	0.1764	0.3509	0.1707	0.2632	0.2228	0.2227	0.2913	0.2211	0.2935	0.2574	0.2279	9.8833E-4	3.1455E-4	9.8792E-4	0.3133	2.0587E-2	0.538	4.795	229.418
2000000	10.990	15.596	16.820	6.5803E-2	2.5447E-2	1.4342	0.4160	0.2527	2.3313	0.2969	0.1933	0.3430	0.1669	0.2679	0.2221	0.2254	0.2847	0.2151	0.2828	0.2653	0.2368	1.0229E-3	3.7977E-4	1.0003E-3	0.3770	-6.0342E-2	0.394	4.638	223.096
3000000	13.074	12.985	20.221	3.724E-2	9.4794E-2	1.2418	0.4030	0.2904	2.3066	0.2899	0.1835	0.3499	0.1768	0.2656	0.2393	0.2211	0.2740	0.2275	0.2845	0.2658	0.2221	1.0382E-3	3.9882E-4	1.048E-3	0.3629	-6.0992E-2	0.205	4.781	219.046
4000000	12.078	13.410	18.160	3.0621E-2	6.4182E-2	1.1733	0.4574	0.2528	2.2899	0.3001	0.1910	0.3353	0.1736	0.2614	0.2249	0.2362	0.2776	0.2094	0.2802	0.2591	0.2513	1.062E-3	4.2131E-4	9.8743E-4	0.3845	-5.3999E-2	0.449	4.640	224.286
5000000	13.572	16.231	20.821	2.49E-2	6.6452E-2	1.2458	0.4876	0.2450	2.2674	0.2838	0.1876	0.3482	0.1803	0.2647	0.2348	0.2217	0.2789	0.2229	0.2808	0.2569	0.2394	1.238E-3	6.7068E-4	1.1518E-3	0.5305	-0.1045	0.186	4.598	198.607
6000000	11.469	18.796	17.921	2.3906E-2	5.6843E-2	0.9835	0.4403	0.2698	2.2899	0.2936	0.1806	0.3500	0.1758	0.2695	0.2255	0.2191	0.2859	0.2109	0.2938	0.2521	0.2433	1.2102E-3	6.4794E-4	1.1165E-3	0.4903	3.0386E-2	0.150	4.491	202.163
7000000	15.447	18.487	20.254	3.824E-2	0.1032	0.8860	0.5129	0.2319	2.2552	0.2899	0.1978	0.3431	0.1693	0.2644	0.2318	0.2176	0.2862	0.2264	0.2877	0.2609	0.2250	1.0304E-3	5.2627E-4	9.7395E-4	0.4763	-1.4454E-2	0.410	4.729	232.644
8000000	10.702	13.648	17.078	1.8723E-2	5.5605E-2	0.9981	0.4171	0.2458	2.3372	0.2969	0.1932	0.3349	0.1750	0.2701	0.2250	0.2197	0.2852	0.2221	0.2914	0.2565	0.2300	1.0516E-3	4.7039E-4	1.0002E-3	0.4412	-3.9505E-2	0.296	4.706	218.826
9000000	11.790	23.850	18.307	3.1049E-2	4.9539E-2	0.9943	0.4479	0.2454	2.3066	0.2955	0.1935	0.3399	0.1711	0.2586	0.2446	0.2151	0.2817	0.2135	0.2809	0.2578	0.2478	1.0403E-3	4.8112E-4	1.0143E-3	0.4446	9.3207E-3	0.133	4.810	224.468
10000000	16.497	12.745	16.372	5.9851E-2	4.579E-2	1.1309	0.4547	0.2698	2.2755	0.2944	0.1836	0.3445	0.1776	0.2477	0.2299	0.2269	0.2956	0.2160	0.2921	0.2672	0.2247	9.9059E-4	3.884E-4	9.7645E-4	0.3714	-9.1585E-3	0.226	4.610	224.407
11000000	9.873	11.382	17.083	6.8991E-2	0.1147	1.1503	0.4403	0.2384	2.3213	0.2885	0.1823	0.3523	0.1769	0.2585	0.2310	0.2173	0.2933	0.2193	0.2732	0.2635	0.2441	1.0325E-3	4.1403E-4	9.8702E-4	0.3883	-1.8662E-2	0.410	4.906	227.298
12000000	16.014	15.446	19.298	9.7818E-2	4.9086E-2	0.9714	0.4887	0.2350	2.2763	0.2911	0.1955	0.3392	0.1742	0.2512	0.2427	0.2260	0.2801	0.2162	0.2911	0.2590	0.2337	1.1531E-3	5.0925E-4	1.1226E-3	0.4219	3.2678E-2	0.446	4.738	203.584
13000000	11.237	14.380	18.935	0.1043	0.1271	1.2250	0.4498	0.2399	2.3103	0.2915	0.1977	0.3332	0.1776	0.2450	0.2341	0.2264	0.2945	0.2235	0.2778	0.2573	0.2414	1.0558E-3	4.2707E-4	9.9138E-4	0.3870	2.029E-2	0.173	4.735	227.908
14000000	13.648	20.201	17.452	7.3293E-2	0.1036	1.2080	0.4830	0.2330	2.2840	0.2990	0.1770	0.3420	0.1820	0.2556	0.2408	0.2238	0.2797	0.2309	0.2727	0.2564	0.2400	1.0931E-3	4.0146E-4	1.0469E-3	0.3455	-5.1565E-2	0.263	4.531	216.561
15000000	13.658	16.893	16.676	4.9046E-2	2.8399E-3	1.0997	0.4007	0.2288	2.3705	0.2761	0.2021	0.3426	0.1792	0.2604	0.2356	0.2218	0.2823	0.2282	0.2714	0.2598	0.2406	1.168E-3	5.1053E-4	1.1152E-3	0.4042	-4.1067E-3	0.473	4.634	207.555
16000000	11.948	18.044	19.132	3.4455E-2	6.8495E-2	0.9063	0.4416	0.2496	2.3088	0.2819	0.1847	0.3581	0.1754	0.2614	0.2364	0.2158	0.2864	0.2315	0.2815	0.2531	0.2340	1.1445E-3	6.7718E-4	1.0696E-3	0.5873	2.1083E-2	0.145	4.639	209.913
17000000	16.634	21.846	20.458	6.8987E-2	0.1139	1.1193	0.4620	0.2452	2.2928	0.2973	0.1961	0.3265	0.1801	0.2635	0.2337	0.2054	0.2974	0.2215	0.2770	0.2620	0.2394	1.0506E-3	4.0122E-4	1.0192E-3	0.3959	-6.3951E-2	0.293	4.611	218.958
18000000	12.057	14.654	17.420	7.6124E-2	2.5363E-2	1.3549	0.4012	0.3221	2.2767	0.3022	0.1752	0.3421	0.1805	0.2611	0.2427	0.2170	0.2792	0.2200	0.2983	0.2647	0.2170	1.1063E-3	4.6699E-4	1.0544E-3	0.4173	-3.3373E-3	0.407	4.782	221.227
19000000	13.214	15.188	19.173	2.2244E-2	7.8252E-2	1.0594	0.4117	0.2818	2.3065	0.2973	0.1835	0.3461	0.1731	0.2615	0.2360	0.2179	0.2847	0.2271	0.2733	0.2684	0.2311	9.765E-4	3.9321E-4	9.3899E-4	0.4234	-2.4059E-2	0.489	4.674	241.755
20000000	12.586	21.136	17.470	2.46E-2	8.0772E-3	1.1505	0.4275	0.2543	2.3182	0.2886	0.1827	0.3412	0.1875	0.2524	0.2352	0.2180	0.2944	0.2202	0.2837	0.2543	0.2419	1.1639E-3	4.5805E-4	1.118E-3	0.4041	1.3584E-2	0.196	4.597	207.496
21000000	10.368	17.875	18.317	5.9428E-2	4.0771E-2	0.8434	0.4234	0.2606	2.3160	0.2857	0.1972	0.3486	0.1686	0.2575	0.2467	0.2140	0.2818	0.2284	0.2841	0.2621	0.2255	1.116E-3	4.8426E-4	1.0356E-3	0.3980	4.8808E-2	0.988	4.659	207.084
22000000	13.778	16.476	19.751	3.1496E-2	0.2116	1.3473	0.4595	0.2627	2.2777	0.2883	0.2026	0.3413	0.1678	0.2525	0.2367	0.2255	0.2853	0.2288	0.2800	0.2654	0.2258	1.0426E-3	5.6672E-4	9.6269E-4	0.5037	-3.5104E-3	0.619	4.810	224.340
23000000	11.343	20.804	22.328	6.4557E-2	5.1661E-2	1.4827	0.4534	0.2677	2.2790	0.2947	0.1900	0.3526	0.1627	0.2592	0.2154	0.2299	0.2955	0.2280	0.2824	0.2608	0.2287	1.1062E-3	5.3392E-4	1.1065E-3	0.4914	2.5012E-2	0.511	4.502	203.687
24000000	13.748	10.554	18.595	3.1331E-2	4.5115E-2	1.1727	0.4175	0.2758	2.3067	0.2885	0.1816	0.3525	0.1774	0.2582	0.2311	0.2238	0.2869	0.2144	0.2878	0.2712	0.2266	1.0306E-3	3.6026E-4	1.0138E-3	0.3531	3.047E-2	0.435	4.766	221.704
25000000	9.262	12.241	19.181	5.2408E-2	7.3806E-2	1.1750	0.4883	0.2836	2.2281	0.3005	0.1827	0.3397	0.1771	0.2661	0.2284	0.2193	0.2862	0.2239	0.2725	0.2700	0.2336	1.0648E-3	4.9938E-4	9.9025E-4	0.4560	-5.7994E-2	0.371	4.516	229.493
26000000	12.029	20.039	19.968	4.5202E-2	5.5634E-2	1.1482	0.4822	0.2587	2.2592	0.2921	0.1820	0.3550	0.1710	0.2571	0.2320	0.2239	0.2869	0.2202	0.2685	0.2682	0.2432	9.7004E-4	3.5089E-4	9.609E-4	0.3603	-0.1184	0.132	4.706	226.840
27000000	13.535	23.026	21.513	4.7727E-2	0.1484	1.3271	0.4653	0.2607	2.2740	0.2985	0.1894	0.3317	0.1803	0.2665	0.2305	0.2164	0.2866	0.2246	0.2711	0.2595	0.2448	1.1374E-3	4.4102E-4	1.0829E-3	0.3974	1.9823E-2	0.454	4.656	213.025
28000000	12.995	21.948	21.048	4.4486E-2	4.3603E-2	1.1086	0.4432	0.2654	2.2914	0.3029	0.1928	0.3457	0.1586	0.2539	0.2318	0.2384	0.2759	0.2112	0.2850	0.2664	0.2375	1.2327E-3	4.9258E-4	1.1314E-3	0.3926	4.827E-2	0.402	4.647	199.030
29000000	12.267	18.020	19.862	5.4368E-2	4.7925E-2	1.0182	0.4326	0.2577	2.3097	0.2931	0.1862	0.3497	0.1710	0.2562	0.2433	0.2270	0.2735	0.2319	0.2852	0.2631	0.2198	1.1704E-3	5.6239E-4	1.133E-3	0.4465	-2.966E-2	0.398	4.579	204.517
30000000	12.272	24.347	19.110	1.0177E-2	6.5618E-2	1.1949	0.4496	0.2546	2.2958	0.2950	0.1958	0.3338	0.1754	0.2693	0.2424	0.2240	0.2642	0.2296	0.2851	0.2578	0.2275	1.0729E-3	5.1901E-4	1.0494E-3	0.4514	-1.886E-2	0.492	4.703	216.679
31000000	9.921	14.316	19.512	2.9923E-2	6.4673E-2	1.1068	0.4929	0.2567	2.2504	0.3007	0.1836	0.3381	0.1776	0.2591	0.2399	0.2190	0.2820	0.2163	0.2783	0.2582	0.2472	1.2409E-3	6.093E-4	1.1257E-3	0.4781	-1.588E-2	0.435	4.628	210.953
32000000	12.611	19.072	16.014	8.3015E-2	4.9318E-2	0.9923	0.4056	0.2725	2.3219	0.2905	0.1739	0.3510	0.1845	0.2660	0.2303	0.2245	0.2791	0.2227	0.2771	0.2737	0.2265	1.0543E-3	3.6093E-4	1.0259E-3	0.3319	-1.1103E-2	0.320	4.522	221.281
33000000	12.646	11.620	18.540	7.3756E-2	4.7961E-2	0.9444	0.4789	0.2630	2.2582	0.2860	0.1957	0.3433	0.1749	0.2566	0.2243	0.2241	0.2951	0.2332	0.2751	0.2521	0.2396	1.0128E-3	3.6294E-4	9.9785E-4	0.3590	-8.1053E-3	0.598	4.714	218.549
34000000	11.799	26.770	18.511	8.7536E-2	4.5599E-2	1.0661	0.4387	0.2620	2.2993	0.3020	0.1843	0.3347	0.1790	0.2631	0.2298	0.2251	0.2820	0.2233	0.2846	0.2560	0.2361	1.0598E-3	3.9522E-4	1.0266E-3	0.3525	4.2794E-2	0.320	4.782	222.758
35000000	9.030	14.262	19.279	4.2782E-2	1.5374E-2	1.1514	0.3996	0.2760	2.3245	0.2959	0.1838	0.3479	0.1723	0.2710	0.2309	0.2110	0.2871	0.2275	0.2813	0.2545	0.2366	9.6814E-4	3.3169E-4	9.4403E-4	0.3456	6.0785E-2	0.334	4.713	240.130
36000000	13.658	19.897	19.190	6.103E-2	7.214E-2	1.0655	0.4191	0.2628	2.3180	0.2911	0.1903	0.3400	0.1787	0.2592	0.2376	0.2230	0.2802	0.2303	0.2760	0.2623	0.2314	9.5271E-4	3.6605E-4	9.2851E-4	0.3463	-5.5165E-2	0.639	4.876	235.775
37000000	11.032	13.833	17.179	4.4791E-2	2.8806E-2	1.0130	0.4454	0.2616	2.2930	0.3079	0.1818	0.3334	0.1769	0.2623	0.2269	0.2178	0.2930	0.2166	0.2836	0.2583	0.2416	1.0864E-3	5.2564E-4	1.0258E-3	0.4422	-3.4711E-2	0.130	4.645	222.437
38000000	14.205	19.628	16.694	6.0672E-2	3.8707E-2	1.1108	0.4026	0.2413	2.3561	0.2867	0.1896	0.3490	0.1748	0.2516	0.2277	0.2300	0.2907	0.2228	0.2759	0.2635	0.2378	1.0024E-3	3.8846E-4	9.2785E-4	0.3781	-9.0157E-3	0.312	4.546	235.562
39000000	15.928	18.023	18.911	9.7033E-2	2.3174E-2	1.3252	0.4932	0.2478	2.2591	0.2921	0.1850	0.3515	0.1714	0.2481	0.2391	0.2298	0.2830	0.2141	0.2732	0.2700	0.2427	9.5009E-4	3.9504E-4	9.3461E-4	0.4055	-3.6523E-2	0.280	4.711	239.561
40000000	11.873	18.383	16.363	4.2892E-2	9.1161E-3	1.1138	0.4595	0.2572	2.2834	0.2999	0.1955	0.3332	0.1713	0.2597	0.2401	0.2287	0.2715	0.2168	0.2974	0.2570	0.2288	1.0978E-3	4.9938E-4	1.0191E-3	0.4231	-6.8516E-2	0.261	4.595	222.100
41000000	10.665	14.960	19.029	5.3406E-2	4.1946E-2	1.0993	0.3998	0.2688	2.3314	0.2901	0.1787	0.3501	0.1811	0.2642	0.2316	0.2276	0.2765	0.2254	0.2908	0.2582	0.2256	1.0206E-3	4.7178E-4	9.9816E-4	0.4535	7.5071E-2	0.433	4.826	222.311
42000000	12.714	16.724	18.775	5.8076E-2	0.1082	1.1117	0.4963	0.2868	2.2169	0.2959	0.1875	0.3382	0.1784	0.2611	0.2454	0.2111	0.2825	0.2162	0.2833	0.2675	0.2329	1.0293E-3	4.4579E-4	9.6153E-4	0.3975	-7.0512E-2	0.219	4.607	225.443
43000000	12.327	15.952	20.233	6.1923E-2	4.4679E-2	1.0940	0.4307	0.2372	2.3321	0.2758	0.1948	0.3469	0.1825	0.2555	0.2313	0.2229	0.2903	0.2153	0.2844	0.2698	0.2304	1.0736E-3	4.1284E-4	1.0099E-3	0.3801	-4.0461E-2	0.388	4.665	216.198
44000000	11.627	19.900	18.764	5.3606E-2	5.8724E-2	1.2964	0.4400	0.2547	2.3053	0.2832	0.1882	0.3450	0.1835	0.2716	0.2367	0.2172	0.2744	0.2139	0.2876	0.2605	0.2381	1.0155E-3	4.1197E-4	9.8251E-4	0.3916	1.1954E-3	0.411	4.695	229.161
45000000	14.343	27.850	21.000	3.5644E-3	0.3161	1.2203	0.4435	0.2422	2.3143	0.2921	0.1914	0.3357	0.1808	0.2492	0.2355	0.2269	0.2884	0.2155	0.2940	0.2547	0.2358	9.3213E-4	3.7984E-4	9.2386E-4	0.3971	-5.4853E-2	0.235	4.820	233.655
46000000	12.299	18.670	20.258	2.7744E-2	5.0014E-2	1.2921	0.4414	0.2379	2.3207	0.2885	0.1843	0.3498	0.1774	0.2600	0.2393	0.2161	0.2846	0.2202	0.2812	0.2622	0.2364	1.055E-3	4.1584E-4	1.0084E-3	0.3861	8.1137E-2	0.431	4.777	226.362
47000000	9.663	15.367	17.700	7.8596E-2	5.2194E-2	1.0260	0.4389	0.2678	2.2933	0.3012	0.1821	0.3429	0.1738	0.2607	0.2246	0.2199	0.2948	0.2244	0.2805	0.2553	0.2398	1.0097E-3	3.6509E-4	9.7966E-4	0.3834	1.9994E-2	0.347	4.794	227.862
48000000	10.215	17.215	17.827	4.1539E-2	0.1216	1.2455	0.4106	0.2571	2.3323	0.2889	0.1883	0.3428	0.1799	0.2544	0.2457	0.2139	0.2861	0.2280	0.2901	0.2578	0.2241	1.1017E-3	6.0673E-4	1.0219E-3	0.5356	3.3568E-2	0.465	4.748	218.658
49000000	9.593	19.932	15.559	4.4703E-2	1.8136E-2	0.9504	0.4647	0.2715	2.2638	0.2802	0.1866	0.3493	0.1839	0.2600	0.2430	0.2228	0.2743	0.2134	0.2928	0.2638	0.2300	1.1745E-3	5.5086E-4	1.115E-3	0.4577	1.6275E-3	0.323	4.647	198.590
50000000	13.705	27.269	19.431	9.4043E-2	2.3189E-2	1.2930	0.4693	0.2256	2.3051	0.2926	0.1861	0.3429	0.1784	0.2560	0.2343	0.2217	0.2880	0.2227	0.2889	0.2599	0.2285	1.2268E-3	6.3425E-4	1.1437E-3	0.5001	-4.8547E-2	0.307	4.735	199.251
51000000	14.805	28.896	17.787	6.1214E-2	3.8847E-2	0.9615	0.4522	0.2378	2.3100	0.2939	0.1840	0.3393	0.1829	0.2570	0.2334	0.2143	0.2953	0.2263	0.2858	0.2632	0.2247	1.1069E-3	5.4209E-4	1.046E-3	0.4637	-1.2974E-2	0.128	4.580	208.063
52000000	10.113	18.193	16.734	5.5289E-2	4.1409E-2	1.0480	0.4630	0.2637	2.2734	0.2842	0.1899	0.3542	0.1718	0.2507	0.2405	0.2117	0.2970	0.2320	0.2756	0.2577	0.2346	1.1013E-3	4.7651E-4	1.0764E-3	0.4199	-7.3154E-3	0.249	4.629	204.693
53000000	13.580	15.010	18.496	5.2343E-2	2.3275E-2	1.5261	0.4541	0.2522	2.2937	0.2888	0.1965	0.3282	0.1864	0.2540	0.2373	0.2302	0.2785	0.2250	0.2841	0.2556	0.2352	1.0612E-3	4.8348E-4	1.016E-3	0.4447	-1.3881E-3	0.523	4.933	213.851
54000000	13.699	17.528	19.775	0.1009	0.1056	1.1488	0.4746	0.2582	2.2671	0.2936	0.1936	0.3366	0.1762	0.2605	0.2331	0.2107	0.2957	0.2232	0.2816	0.2587	0.2365	1.1725E-3	6.1607E-4	1.0557E-3	0.4895	-3.126E-2	0.497	4.651	207.717
55000000	13.137	21.735	19.704	1.8366E-2	2.622E-2	1.1315	0.4497	0.2743	2.2760	0.2835	0.1838	0.3479	0.1848	0.2747	0.2359	0.1991	0.2903	0.2199	0.2807	0.2755	0.2239	1.1493E-3	6.0306E-4	1.0343E-3	0.4797	-9.942E-2	0.330	4.704	211.670
56000000	13.127	24.490	21.249	7.738E-2	6.1074E-2	1.1651	0.4202	0.2628	2.3170	0.2873	0.1880	0.3412	0.1836	0.2625	0.2295	0.2256	0.2825	0.2223	0.2791	0.2743	0.2242	1.0969E-3	5.4552E-4	1.0451E-3	0.4666	1.9242E-2	0.241	4.871	210.567
57000000	10.703	16.697	20.089	1.0313E-2	0.1845	0.8876	0.4637	0.2736	2.2627	0.3063	0.1839	0.3336	0.1763	0.2553	0.2322	0.2254	0.2871	0.2292	0.2723	0.2588	0.2397	1.0583E-3	4.4934E-4	9.9556E-4	0.4060	-3.1119E-2	0.556	4.746	220.573
58000000	15.139	13.161	18.095	5.4079E-2	6.6943E-2	0.9991	0.4162	0.2424	2.3414	0.2988	0.1885	0.3314	0.1812	0.2494	0.2505	0.2243	0.2759	0.2229	0.2790	0.2645	0.2336	1.0587E-3	3.9881E-4	1.0254E-3	0.3682	-7.1557E-2	0.306	4.702	222.340
59000000	9.974	16.257	15.447	7.1125E-2	4.0418E-3	1.6165	0.4439	0.2563	2.2998	0.3016	0.1921	0.3476	0.1588	0.2537	0.2461	0.2182	0.2820	0.2137	0.2806	0.2646	0.2411	1.0375E-3	4.8667E-4	1.0169E-3	0.4435	-4.2584E-2	0.421	4.751	219.550
60000000	12.253	19.276	19.749	2.8987E-2	7.6612E-2	1.2584	0.4138	0.2628	2.3234	0.2866	0.1958	0.3446	0.1730	0.2447	0.2440	0.2272	0.2841	0.2172	0.2996	0.2567	0.2265	1.1296E-3	4.2479E-4	1.0401E-3	0.3814	6.5127E-2	0.140	4.524	212.537
61000000	12.212	15.945	21.436	3.8398E-2	8.9126E-2	1.1377	0.4707	0.2259	2.3034	0.2866	0.1971	0.3375	0.1787	0.2689	0.2259	0.2323	0.2729	0.2166	0.2832	0.2619	0.2383	9.6794E-4	3.33E-4	9.9643E-4	0.3384	2.6838E-3	0.440	4.789	225.045
62000000	12.664	24.638	20.236	4.4144E-2	4.2595E-2	1.2096	0.4194	0.2830	2.2975	0.2966	0.1937	0.3367	0.1731	0.2623	0.2310	0.2193	0.2873	0.2247	0.2766	0.2503	0.2484	9.5711E-4	3.7775E-4	9.4986E-4	0.3832	-3.1389E-2	0.323	4.655	234.435
63000000	10.079	19.609	19.807	5.427E-2	0.1952	1.1507	0.4632	0.2458	2.2911	0.2908	0.1899	0.3369	0.1823	0.2646	0.2356	0.2193	0.2805	0.2130	0.2825	0.2673	0.2372	9.5366E-4	3.1924E-4	9.4901E-4	0.3386	-3.7281E-2	0.378	4.673	228.789
64000000	12.373	18.751	19.430	3.0599E-2	0.1154	0.8659	0.4370	0.2426	2.3204	0.2952	0.1810	0.3551	0.1688	0.2640	0.2373	0.2189	0.2798	0.2143	0.2836	0.2677	0.2345	9.5003E-4	3.3288E-4	9.4829E-4	0.3461	3.9494E-2	0.227	4.702	229.059
65000000	10.394	17.749	17.907	4.1437E-2	6.252E-2	1.1818	0.4497	0.2578	2.2925	0.2809	0.2003	0.3470	0.1718	0.2519	0.2272	0.2232	0.2977	0.2110	0.2860	0.2606	0.2424	1.013E-3	3.9776E-4	9.9696E-4	0.3878	-7.6954E-2	0.501	4.689	231.907
66000000	14.919	21.090	20.107	3.0336E-2	1.4541E-2	1.0858	0.4358	0.2596	2.3046	0.2909	0.1923	0.3414	0.1754	0.2607	0.2389	0.2120	0.2884	0.2187	0.2738	0.2607	0.2468	9.7417E-4	4.0479E-4	9.6412E-4	0.4042	3.3434E-2	0.462	4.812	227.998
67000000	9.092	16.726	18.993	6.822E-2	0.1112	1.1613	0.4680	0.2359	2.2961	0.2941	0.1875	0.3472	0.1712	0.2554	0.2492	0.2144	0.2810	0.2283	0.2793	0.2545	0.2379	9.8478E-4	3.7152E-4	9.6986E-4	0.3899	6.1361E-2	0.409	4.787	229.157
68000000	10.688	15.279	18.923	3.8011E-2	0.1163	1.0462	0.4732	0.2246	2.3022	0.2897	0.1872	0.3470	0.1760	0.2634	0.2292	0.2266	0.2808	0.2160	0.2954	0.2686	0.2199	1.1443E-3	5.5525E-4	1.099E-3	0.4649	-8.6523E-2	0.217	4.468	213.481
69000000	8.906	15.830	17.388	5.4094E-2	0.1221	1.1700	0.4440	0.2683	2.2877	0.2974	0.1850	0.3426	0.1750	0.2456	0.2593	0.2211	0.2740	0.2174	0.2893	0.2490	0.2444	1.1075E-3	4.3599E-4	1.051E-3	0.3958	-0.1041	0.795	4.631	218.020
70000000	12.543	17.215	19.128	5.4855E-2	0.1047	1.2197	0.4286	0.2859	2.2855	0.2724	0.1866	0.3389	0.2021	0.2643	0.2201	0.2277	0.2880	0.2248	0.2800	0.2552	0.2401	9.9322E-4	3.306E-4	9.8501E-4	0.3598	-4.0871E-2	0.368	4.818	223.609
71000000	14.367	14.055	18.254	3.3469E-2	1.1359E-2	1.1516	0.4483	0.2630	2.2887	0.2844	0.1974	0.3491	0.1690	0.2632	0.2312	0.2227	0.2829	0.2159	0.2918	0.2610	0.2313	1.1358E-3	4.9331E-4	1.058E-3	0.4226	-3.7747E-2	0.290	4.933	216.225
72000000	13.439	16.905	18.798	1.5096E-2	8.2326E-2	1.1749	0.4405	0.2427	2.3168	0.2939	0.1796	0.3402	0.1862	0.2596	0.2303	0.2367	0.2733	0.2241	0.2771	0.2600	0.2388	1.098E-3	4.9546E-4	1.0445E-3	0.4476	-8.6426E-2	0.457	4.573	215.718
73000000	10.207	18.693	18.459	3.8596E-2	1.3539E-2	1.0900	0.4633	0.2586	2.2781	0.2920	0.1836	0.3370	0.1874	0.2603	0.2299	0.2290	0.2807	0.2238	0.2848	0.2544	0.2371	1.0435E-3	4.1653E-4	1.0117E-3	0.3865	3.7367E-2	0.201	4.618	219.282
74000000	17.418	25.920	18.237	0.1510	4.1466E-2	1.3967	0.4475	0.2692	2.2833	0.2772	0.1847	0.3442	0.1940	0.2558	0.2327	0.2269	0.2846	0.2280	0.2703	0.2581	0.2435	1.034E-3	4.2668E-4	1.0231E-3	0.4099	3.3898E-2	0.747	4.755	219.479
75000000	10.049	14.222	17.410	7.0579E-3	9.7346E-2	1.2409	0.4208	0.2739	2.3053	0.2812	0.2108	0.3337	0.1744	0.2669	0.2361	0.2165	0.2806	0.2148	0.2850	0.2592	0.2410	1.0889E-3	4.3234E-4	1.0062E-3	0.3847	1.2072E-2	0.271	4.527	217.535
76000000	11.319	29.375	19.780	1.6765E-2	5.2449E-2	1.4236	0.4479	0.2601	2.2921	0.2885	0.1839	0.3578	0.1698	0.2587	0.2465	0.2125	0.2822	0.2179	0.2833	0.2611	0.2377	1.0706E-3	5.1445E-4	1.0031E-3	0.4412	-2.5559E-2	0.515	4.665	220.619
77000000	11.392	14.982	17.053	0.1375	9.6221E-2	0.8112	0.4032	0.2475	2.3493	0.2916	0.1896	0.3421	0.1767	0.2634	0.2345	0.2088	0.2933	0.2299	0.2736	0.2649	0.2315	9.9024E-4	4.2903E-4	9.6985E-4	0.4357	-4.7789E-2	0.151	4.536	222.245
78000000	10.953	21.246	19.063	5.13E-2	6.8184E-2	1.0897	0.4774	0.2536	2.2691	0.2814	0.1978	0.3395	0.1814	0.2742	0.2426	0.2160	0.2672	0.2318	0.2776	0.2589	0.2316	1.1018E-3	5.4773E-4	1.018E-3	0.4722	2.8795E-2	0.238	4.735	219.695
79000000	14.904	16.398	18.073	2.8063E-2	5.8775E-3	0.9586	0.4420	0.2376	2.3204	0.2859	0.1926	0.3374	0.1840	0.2660	0.2350	0.2152	0.2838	0.2182	0.2802	0.2647	0.2369	9.9546E-4	3.5728E-4	9.7844E-4	0.3611	2.9995E-2	0.358	4.615	231.112
80000000	13.024	18.625	17.595	1.3766E-2	0.1029	1.0232	0.4065	0.3052	2.2883	0.2869	0.1873	0.3375	0.1883	0.2616	0.2194	0.2203	0.2987	0.2151	0.2910	0.2655	0.2285	9.7203E-4	3.6573E-4	9.5875E-4	0.3818	4.1953E-3	0.153	4.828	234.585
81000000	17.087	16.293	20.474	5.6759E-2	1.0783E-2	0.8774	0.4623	0.3030	2.2347	0.2912	0.1972	0.3255	0.1862	0.2674	0.2268	0.2285	0.2772	0.2079	0.2874	0.2639	0.2408	9.6725E-4	4.1474E-4	9.6459E-4	0.4343	-4.0444E-2	0.084	4.768	235.428
82000000	10.824	25.837	21.454	7.911E-2	5.7753E-3	1.0403	0.4367	0.2576	2.3057	0.2929	0.1793	0.3477	0.1802	0.2556	0.2438	0.2214	0.2792	0.2134	0.2914	0.2658	0.2293	1.08E-3	5.2059E-4	1.0251E-3	0.4431	-5.0649E-2	0.478	4.713	224.920
83000000	10.342	15.686	21.242	7.3839E-3	4.6542E-2	1.1505	0.4266	0.2502	2.3232	0.2939	0.1837	0.3393	0.1830	0.2465	0.2245	0.2289	0.3001	0.2081	0.2857	0.2682	0.2380	9.6132E-4	4.7929E-4	9.6043E-4	0.4823	-1.2086E-2	0.318	4.608	236.293
84000000	12.432	21.252	20.488	6.735E-2	0.1402	1.0955	0.4611	0.2537	2.2852	0.2894	0.1924	0.3445	0.1736	0.2577	0.2338	0.2197	0.2888	0.2284	0.2838	0.2556	0.2323	9.2876E-4	2.7887E-4	9.4682E-4	0.3094	-8.0724E-2	0.548	4.663	234.010
85000000	9.504	16.224	19.895	5.2969E-2	1.2407E-2	1.1740	0.4111	0.2296	2.3593	0.2930	0.1817	0.3420	0.1833	0.2571	0.2500	0.2129	0.2799	0.2130	0.2780	0.2747	0.2343	1.0384E-3	4.0765E-4	9.9839E-4	0.3913	-8.5191E-2	0.293	4.694	220.772
86000000	8.386	17.717	19.800	4.7175E-2	3.6295E-2	1.1959	0.4156	0.2362	2.3482	0.2927	0.1903	0.3341	0.1830	0.2649	0.2374	0.2127	0.2850	0.2120	0.2919	0.2579	0.2383	1.0462E-3	3.5831E-4	1.018E-3	0.3199	4.9868E-2	0.773	4.696	221.083
87000000	10.830	13.957	18.513	2.4334E-2	0.1593	1.2178	0.4697	0.2480	2.2824	0.2861	0.1842	0.3405	0.1891	0.2611	0.2257	0.2187	0.2945	0.2288	0.2699	0.2636	0.2377	1.0068E-3	4.1621E-4	1.0202E-3	0.3948	-4.1498E-2	0.420	4.755	225.526
88000000	13.073	20.665	23.343	3.5389E-2	9.0147E-2	1.2087	0.4595	0.2991	2.2414	0.2906	0.1935	0.3366	0.1793	0.2586	0.2314	0.2230	0.2870	0.2160	0.2874	0.2607	0.2359	9.2026E-4	2.9904E-4	9.3369E-4	0.3375	-3.9832E-3	0.215	4.604	240.553
89000000	10.375	19.697	17.842	3.0988E-2	5.1978E-2	1.1173	0.4414	0.2657	2.2929	0.2869	0.1771	0.3466	0.1894	0.2611	0.2284	0.2292	0.2814	0.2250	0.2797	0.2588	0.2365	1.135E-3	6.1426E-4	1.014E-3	0.5256	-1.6827E-2	0.528	4.689	215.995
90000000	17.167	18.868	19.155	2.5738E-2	6.4907E-2	1.3527	0.4567	0.2436	2.2997	0.2846	0.1941	0.3376	0.1837	0.2523	0.2381	0.2184	0.2912	0.2135	0.2863	0.2627	0.2375	9.6071E-4	3.188E-4	9.7798E-4	0.3346	-9.0518E-2	0.451	4.631	224.848
91000000	12.920	15.095	19.553	7.6267E-2	6.6888E-2	1.1374	0.4375	0.2356	2.3269	0.2830	0.1953	0.3447	0.1771	0.2580	0.2327	0.2290	0.2802	0.2190	0.2745	0.2599	0.2466	8.742E-4	3.0291E-4	8.7559E-4	0.3692	-2.268E-2	0.425	4.628	251.668
92000000	9.138	19.592	17.659	5.0623E-2	0.1257	1.1444	0.4278	0.2647	2.3075	0.2830	0.1983	0.3391	0.1795	0.2590	0.2407	0.2236	0.2767	0.2243	0.2923	0.2496	0.2338	9.6002E-4	3.3569E-4	9.3434E-4	0.3363	-1.0641E-2	0.188	4.759	235.998
93000000	11.401	18.313	22.782	2.0859E-2	7.957E-2	1.2580	0.4305	0.1973	2.3722	0.2850	0.1931	0.3482	0.1737	0.2615	0.2374	0.2195	0.2816	0.2193	0.2788	0.2679	0.2340	1.0693E-3	4.9867E-4	1.0482E-3	0.4401	1.9132E-2	0.291	4.576	226.092
94000000	12.300	13.179	18.154	0.1035	6.1035E-3	1.0852	0.5006	0.2539	2.2455	0.2880	0.1865	0.3506	0.1749	0.2671	0.2316	0.2127	0.2885	0.2319	0.2920	0.2508	0.2253	9.8787E-4	3.3025E-4	9.7201E-4	0.3417	-3.8531E-2	0.617	4.797	224.760
95000000	10.213	13.328	19.133	5.3313E-2	6.1785E-3	1.2061	0.4368	0.2625	2.3006	0.2841	0.1898	0.3471	0.1790	0.2573	0.2298	0.2196	0.2933	0.2160	0.2867	0.2655	0.2317	1.0286E-3	4.1584E-4	9.6824E-4	0.4163	1.0088E-2	0.263	4.704	228.546
96000000	14.846	22.366	17.914	1.0679E-2	6.4367E-3	1.3869	0.4345	0.2636	2.3019	0.2797	0.1988	0.3474	0.1742	0.2726	0.2330	0.2158	0.2785	0.2275	0.2854	0.2703	0.2168	1.0114E-3	4.6723E-4	1.0254E-3	0.4560	-1.5175E-2	0.866	4.608	221.359
97000000	11.179	15.745	18.000	2.6931E-2	6.0352E-2	1.3424	0.4422	0.2637	2.2941	0.2849	0.1893	0.3469	0.1789	0.2498	0.2371	0.2246	0.2885	0.2207	0.2774	0.2486	0.2533	1.0685E-3	5.0208E-4	1.0503E-3	0.4574	-2.2202E-2	0.348	4.733	209.740
98000000	13.799	19.130	17.880	7.2647E-3	1.3942E-2	1.1548	0.4686	0.2405	2.2908	0.2872	0.1867	0.3579	0.1681	0.2536	0.2348	0.2329	0.2788	0.2231	0.2831	0.2623	0.2315	1.1623E-3	5.9486E-4	1.0886E-3	0.4545	-3.1452E-2	0.182	4.628	208.398
99000000	11.920	21.360	17.937	6.0699E-2	3.3995E-2	1.1347	0.4919	0.2083	2.2997	0.2840	0.1877	0.3487	0.1796	0.2478	0.2361	0.2296	0.2865	0.2239	0.2841	0.2494	0.2426	1.1929E-3	5.5042E-4	1.1164E-3	0.4824	-5.7524E-2	0.405	4.557	207.084
100000000	10.882	13.775	17.437	5.7947E-2	0.1090	0.9658	0.4511	0.2425	2.3064	0.2862	0.1874	0.3455	0.1808	0.2618	0.2350	0.2218	0.2814	0.2295	0.2880	0.2583	0.2242	1.1595E-3	6.5725E-4	1.0835E-3	0.5245	-4.277E-2	0.162	4.565	211.436
101000000	11.860	12.258	19.109	2.9497E-2	0.2552	1.2788	0.4536	0.2433	2.3031	0.2830	0.1849	0.3583	0.1738	0.2561	0.2414	0.2137	0.2887	0.2160	0.2888	0.2719	0.2234	1.1201E-3	5.4986E-4	1.0239E-3	0.4659	-4.4451E-2	0.287	4.595	215.017
102000000	11.827	10.865	16.555	5.45E-2	3.4062E-2	1.1696	0.4256	0.2660	2.3084	0.2871	0.1917	0.3498	0.1714	0.2517	0.2354	0.2241	0.2887	0.2292	0.2812	0.2595	0.2301	1.0537E-3	4.5453E-4	1.0357E-3	0.4178	-3.0361E-2	0.943	4.569	213.439
103000000	11.614	18.795	18.882	5.9261E-2	2.1339E-2	1.0308	0.4373	0.2608	2.3019	0.2865	0.1870	0.3473	0.1793	0.2478	0.2385	0.2297	0.2841	0.2348	0.2788	0.2511	0.2352	1.0622E-3	4.7467E-4	1.022E-3	0.4528	-3.2199E-2	0.697	4.631	220.689
104000000	13.115	16.156	18.633	2.7663E-2	3.8055E-2	1.3290	0.4655	0.2654	2.2691	0.2970	0.1888	0.3223	0.1918	0.2679	0.2323	0.2173	0.2825	0.2217	0.2748	0.2655	0.2380	1.1428E-3	4.3309E-4	1.0934E-3	0.4146	4.0608E-2	0.173	4.781	208.764
105000000	12.026	18.372	18.157	6.2636E-2	7.9562E-2	1.0629	0.5107	0.2601	2.2292	0.2874	0.1984	0.3452	0.1690	0.2677	0.2254	0.2259	0.2811	0.2201	0.2815	0.2622	0.2361	1.0222E-3	3.223E-4	9.9261E-4	0.3128	7.9132E-3	0.312	4.541	221.826
106000000	13.961	16.269	16.806	6.3343E-3	4.4573E-3	0.9321	0.4496	0.2823	2.2681	0.2932	0.1935	0.3332	0.1800	0.2639	0.2385	0.2087	0.2890	0.2221	0.2896	0.2522	0.2361	9.964E-4	4.2308E-4	9.9501E-4	0.4768	-2.8229E-2	0.694	4.664	219.652
107000000	12.434	16.359	18.091	6.2808E-2	5.166E-2	1.0606	0.4511	0.2548	2.2942	0.2840	0.1874	0.3371	0.1915	0.2597	0.2370	0.2143	0.2890	0.2287	0.2849	0.2597	0.2267	1.08E-3	4.9476E-4	1.0689E-3	0.4577	3.1681E-2	0.650	4.809	217.602
108000000	10.526	19.903	17.544	1.4385E-2	0.1023	0.9468	0.5167	0.2560	2.2273	0.2945	0.1817	0.3453	0.1785	0.2580	0.2333	0.2301	0.2786	0.2219	0.2763	0.2694	0.2324	1.0155E-3	4.9022E-4	9.876E-4	0.4836	-2.0896E-2	0.664	4.906	228.163
109000000	12.436	24.001	19.533	3.649E-2	3.8305E-2	1.2741	0.4663	0.2568	2.2769	0.2837	0.1921	0.3505	0.1738	0.2525	0.2330	0.2209	0.2937	0.2287	0.2764	0.2532	0.2417	1.0907E-3	5.3829E-4	1.0556E-3	0.4816	-6.015E-2	0.730	4.534	215.011
110000000	15.244	22.524	17.051	0.1385	0.1295	0.9274	0.4539	0.2828	2.2633	0.2871	0.1837	0.3579	0.1713	0.2547	0.2381	0.2238	0.2834	0.2254	0.2907	0.2576	0.2262	1.1304E-3	5.1413E-4	1.0238E-3	0.4655	-5.0658E-2	0.348	4.626	216.595
111000000	16.443	14.601	19.893	1.4299E-2	9.2528E-3	1.2451	0.4614	0.2551	2.2835	0.2836	0.1974	0.3477	0.1713	0.2632	0.2385	0.2154	0.2828	0.2311	0.2762	0.2599	0.2328	1.1256E-3	4.9376E-4	1.0895E-3	0.4243	-6.4955E-2	0.287	4.654	207.336
112000000	10.095	15.158	18.596	8.2604E-2	1.0474E-2	1.3604	0.4411	0.2080	2.3509	0.2876	0.1859	0.3516	0.1748	0.2634	0.2255	0.2252	0.2859	0.2241	0.2803	0.2590	0.2366	1.1999E-3	6.6136E-4	1.1257E-3	0.4849	-4.9744E-2	0.594	4.705	202.238
113000000	12.551	19.851	20.928	3.2552E-2	4.2169E-2	1.2847	0.4297	0.2523	2.3181	0.2948	0.1932	0.3367	0.1753	0.2698	0.2327	0.2100	0.2875	0.2251	0.2907	0.2540	0.2302	1.1365E-3	4.7826E-4	1.0798E-3	0.4235	5.5081E-2	0.315	4.802	206.591
114000000	12.028	11.398	17.378	6.5076E-2	5.9912E-2	1.1734	0.4562	0.2586	2.2852	0.2926	0.1879	0.3463	0.1731	0.2550	0.2398	0.2159	0.2893	0.2113	0.2934	0.2701	0.2253	1.2456E-3	6.8706E-4	1.1213E-3	0.5675	1.3458E-2	0.116	4.696	200.357
115000000	12.377	15.954	18.569	4.6615E-2	4.1027E-2	1.1535	0.4676	0.2880	2.2444	0.2902	0.1823	0.3560	0.1715	0.2494	0.2338	0.2177	0.2991	0.2167	0.2767	0.2734	0.2332	1.1823E-3	5.4431E-4	1.125E-3	0.4441	-2.0788E-2	0.344	4.595	209.219
116000000	13.305	16.931	20.505	9.1083E-2	1.9408E-2	1.1070	0.3804	0.2739	2.3457	0.2940	0.1841	0.3412	0.1806	0.2596	0.2280	0.2300	0.2824	0.2261	0.2905	0.2496	0.2338	1.0814E-3	3.5857E-4	1.0342E-3	0.3391	9.479E-3	0.181	4.602	212.764
117000000	13.426	17.094	19.921	4.2381E-2	3.2439E-2	1.3752	0.4905	0.2734	2.2360	0.3024	0.1858	0.3336	0.1783	0.2461	0.2427	0.2227	0.2886	0.2228	0.2822	0.2554	0.2396	1.1411E-3	7.5848E-4	1.0189E-3	0.5792	3.2939E-3	0.812	4.600	219.914
118000000	18.732	25.488	15.554	6.2583E-2	9.2755E-2	1.2371	0.4058	0.2570	2.3372	0.2832	0.1871	0.3475	0.1822	0.2606	0.2416	0.2173	0.2804	0.2308	0.2846	0.2569	0.2277	1.0304E-3	3.2315E-4	9.9672E-4	0.3042	-1.9965E-2	0.407	4.873	225.066
119000000	9.281	13.218	16.141	4.2127E-3	2.0556E-2	1.1962	0.4221	0.2514	2.3264	0.2905	0.1873	0.3416	0.1806	0.2634	0.2291	0.2236	0.2840	0.2123	0.2863	0.2624	0.2391	1.0653E-3	3.836E-4	1.0209E-3	0.3523	-3.8183E-4	0.501	4.689	225.829
120000000	11.713	14.148	20.038	6.1633E-2	6.4666E-2	1.2102	0.4651	0.2800	2.2549	0.3011	0.1965	0.3378	0.1646	0.2636	0.2286	0.2215	0.2863	0.2266	0.2666	0.2689	0.2379	1.0964E-3	4.8384E-4	1.0687E-3	0.4393	3.2892E-2	0.210	4.691	216.494
121000000	12.497	20.672	19.655	1.4534E-2	2.2669E-2	1.2410	0.4077	0.2749	2.3174	0.2972	0.1878	0.3369	0.1781	0.2507	0.2419	0.2191	0.2883	0.2259	0.2828	0.2589	0.2325	9.9205E-4	3.4601E-4	9.6954E-4	0.3242	-8.6463E-2	0.184	4.595	226.662
122000000	12.465	14.977	21.843	9.1536E-3	0.4458	1.0100	0.4745	0.2930	2.2325	0.2853	0.1812	0.3536	0.1799	0.2667	0.2312	0.2209	0.2812	0.2198	0.2743	0.2624	0.2436	9.8739E-4	4.6302E-4	9.6486E-4	0.4471	-1.1227E-2	0.819	4.611	223.652
123000000	8.602	15.782	16.749	3.5648E-2	0.1085	0.8817	0.4101	0.2710	2.3189	0.2920	0.1866	0.3445	0.1769	0.2565	0.2414	0.2215	0.2806	0.2201	0.2894	0.2617	0.2288	9.9331E-4	4.1617E-4	9.6098E-4	0.4127	-6.2958E-2	0.173	4.701	232.628
124000000	12.722	20.746	21.942	6.7573E-2	5.9613E-3	1.1133	0.4369	0.2380	2.3252	0.3012	0.1920	0.3294	0.1774	0.2654	0.2422	0.2107	0.2817	0.2164	0.2968	0.2449	0.2419	1.0088E-3	3.5637E-4	1.0044E-3	0.3705	-1.2699E-2	0.128	4.686	233.875
125000000	13.464	18.603	19.627	3.8577E-2	0.1190	1.1386	0.4413	0.2480	2.3107	0.2821	0.1915	0.3478	0.1787	0.2460	0.2357	0.2232	0.2951	0.2263	0.2797	0.2610	0.2331	1.1458E-3	5.1678E-4	1.038E-3	0.4183	1.6258E-2	0.585	4.492	215.772
126000000	12.317	14.141	20.420	5.1513E-2	0.1258	1.1131	0.4131	0.2582	2.3287	0.2859	0.1788	0.3507	0.1846	0.2550	0.2448	0.2181	0.2820	0.2244	0.2821	0.2621	0.2314	1.0563E-3	5.1584E-4	1.0501E-3	0.4861	3.2594E-2	0.575	4.513	214.060
127000000	14.779	19.103	19.433	4.9897E-2	4.3305E-2	0.8924	0.4391	0.2590	2.3019	0.2911	0.1973	0.3459	0.1657	0.2574	0.2235	0.2255	0.2937	0.2371	0.2761	0.2494	0.2375	1.0423E-3	5.3399E-4	1.0187E-3	0.5169	8.8019E-3	0.602	4.711	215.688
128000000	13.305	16.173	19.345	2.834E-2	2.7595E-2	1.2103	0.4171	0.2805	2.3023	0.2968	0.1916	0.3378	0.1738	0.2542	0.2368	0.2297	0.2793	0.2231	0.2674	0.2677	0.2418	9.5325E-4	2.7486E-4	9.506E-4	0.2814	7.28E-3	0.152	4.619	232.791
129000000	9.869	16.994	17.507	3.4692E-2	1.2722E-2	1.1796	0.4114	0.2558	2.3328	0.2853	0.1916	0.3439	0.1792	0.2707	0.2413	0.2213	0.2667	0.2176	0.2837	0.2567	0.2420	1.0279E-3	3.8356E-4	9.9944E-4	0.3681	-6.9612E-2	0.332	4.551	224.028
130000000	14.605	17.841	17.081	1.9882E-2	8.4117E-2	1.0769	0.4236	0.2143	2.3621	0.2868	0.1927	0.3419	0.1785	0.2603	0.2369	0.2163	0.2866	0.2242	0.2851	0.2536	0.2371	1.0124E-3	4.1592E-4	9.7389E-4	0.4078	8.9562E-5	0.691	4.713	218.830
131000000	13.890	19.436	19.321	6.0787E-2	2.3577E-2	0.9290	0.4411	0.2245	2.3344	0.2936	0.1920	0.3354	0.1790	0.2713	0.2231	0.2191	0.2865	0.2238	0.2775	0.2611	0.2376	1.1407E-3	5.6267E-4	1.0639E-3	0.4628	-7.4829E-2	0.183	4.658	206.128
132000000	11.605	13.265	17.284	1.1206E-2	4.163E-2	0.8919	0.4806	0.2739	2.2455	0.2811	0.1969	0.3507	0.1713	0.2461	0.2204	0.2349	0.2986	0.2164	0.2876	0.2702	0.2258	1.0359E-3	4.3546E-4	1.0261E-3	0.4065	-2.3156E-2	0.468	4.593	212.041
133000000	14.663	15.316	18.893	7.3732E-2	0.1491	1.1416	0.4886	0.2498	2.2616	0.2877	0.1847	0.3462	0.1814	0.2604	0.2275	0.2278	0.2843	0.2266	0.2812	0.2511	0.2411	1.0482E-3	4.3588E-4	1.0148E-3	0.4289	1.9065E-2	0.313	4.737	217.748
134000000	10.317	17.397	19.002	1.4347E-2	5.3067E-2	1.2306	0.4463	0.2773	2.2764	0.2961	0.1903	0.3416	0.1719	0.2705	0.2360	0.2121	0.2815	0.2191	0.2914	0.2568	0.2327	1.071E-3	5.0077E-4	1.026E-3	0.4598	-1.0738E-2	0.725	4.597	216.515
135000000	16.949	24.396	17.880	2.8773E-2	5.0093E-3	1.0152	0.4711	0.2513	2.2776	0.2990	0.1943	0.3318	0.1749	0.2640	0.2332	0.2178	0.2850	0.2128	0.2888	0.2620	0.2364	9.5553E-4	4.4704E-4	9.6093E-4	0.4661	-4.977E-3	0.335	4.795	229.367
136000000	10.891	10.597	20.012	5.3794E-2	4.9764E-2	1.0712	0.4293	0.2742	2.2965	0.2889	0.1809	0.3442	0.1861	0.2742	0.2376	0.2057	0.2825	0.2187	0.2862	0.2674	0.2277	1.0369E-3	5.0174E-4	9.8498E-4	0.4790	2.931E-2	0.282	4.598	234.045
137000000	10.200	17.169	19.749	2.4678E-2	3.4048E-2	1.3901	0.4984	0.2667	2.2349	0.3050	0.1830	0.3382	0.1738	0.2630	0.2304	0.2107	0.2959	0.2162	0.2821	0.2655	0.2362	1.1463E-3	6.744E-4	1.0474E-3	0.5568	-2.1767E-2	0.617	4.635	217.274
138000000	12.385	25.098	19.465	6.4509E-2	7.0035E-2	1.1093	0.4485	0.2348	2.3167	0.2928	0.1927	0.3478	0.1666	0.2830	0.2159	0.2235	0.2775	0.2210	0.2900	0.2589	0.2301	1.0113E-3	3.8136E-4	9.5383E-4	0.3990	-5.4696E-3	1.178	4.779	222.636
139000000	12.068	13.034	18.024	1.334E-2	5.5823E-2	1.1050	0.4529	0.2373	2.3098	0.2940	0.1863	0.3464	0.1733	0.2528	0.2346	0.2113	0.3013	0.2187	0.2701	0.2717	0.2395	1.1347E-3	5.6131E-4	1.0484E-3	0.4717	-2.9739E-2	0.488	4.773	215.470
140000000	13.346	21.866	17.092	2.1509E-2	5.6346E-3	1.1276	0.4546	0.2681	2.2773	0.2951	0.1937	0.3463	0.1648	0.2625	0.2312	0.2311	0.2752	0.2166	0.2886	0.2556	0.2393	1.0431E-3	4.4849E-4	9.9011E-4	0.4133	-2.7084E-2	0.252	4.642	225.765
141000000	11.515	15.529	18.446	8.892E-2	1.9166E-2	1.4542	0.4474	0.2630	2.2896	0.2857	0.1872	0.3556	0.1716	0.2509	0.2342	0.2269	0.2880	0.2160	0.2872	0.2571	0.2397	1.0991E-3	5.2822E-4	1.0529E-3	0.4668	-6.6416E-2	0.360	4.735	216.996
142000000	11.540	16.590	23.028	0.1027	0.1407	1.1642	0.4319	0.2978	2.2703	0.2878	0.1957	0.3401	0.1764	0.2569	0.2248	0.2233	0.2951	0.2304	0.2833	0.2532	0.2332	1.0605E-3	4.9517E-4	1.0028E-3	0.4847	-1.9616E-2	0.438	4.828	224.533
143000000	13.723	19.042	17.887	4.6781E-2	5.1127E-2	0.8588	0.4630	0.2564	2.2806	0.2755	0.1801	0.3637	0.1807	0.2655	0.2355	0.2229	0.2762	0.2326	0.2801	0.2693	0.2179	1.1455E-3	4.9564E-4	1.1086E-3	0.4557	-4.8886E-3	0.185	4.571	203.966
144000000	13.410	11.593	17.855	7.2777E-2	5.8335E-2	1.0970	0.4599	0.2611	2.2789	0.2958	0.1997	0.3288	0.1757	0.2655	0.2272	0.2138	0.2936	0.2196	0.2849	0.2572	0.2383	1.0852E-3	4.3962E-4	1.0079E-3	0.4062	1.4887E-2	0.194	4.527	217.854
145000000	12.167	13.089	18.645	2.5684E-2	1.5585E-2	1.1419	0.4541	0.2610	2.2848	0.3003	0.1760	0.3421	0.1816	0.2579	0.2338	0.2286	0.2798	0.2232	0.2752	0.2711	0.2305	1.0277E-3	4.912E-4	9.7209E-4	0.4989	-3.5109E-2	0.245	4.509	227.017
146000000	12.875	19.382	18.224	3.5105E-2	9.1478E-2	1.1350	0.4259	0.2480	2.3262	0.2975	0.1958	0.3321	0.1746	0.2717	0.2340	0.2196	0.2747	0.2216	0.2855	0.2633	0.2296	1.0332E-3	3.6749E-4	1.0334E-3	0.3644	-3.9615E-2	0.702	4.696	218.165
147000000	11.176	13.081	19.910	2.2172E-2	2.1607E-2	1.3046	0.4111	0.2578	2.3311	0.2962	0.1868	0.3377	0.1793	0.2577	0.2348	0.2226	0.2849	0.2254	0.2880	0.2617	0.2249	1.1028E-3	4.6786E-4	1.0258E-3	0.4009	-3.8695E-2	0.202	4.702	221.253
148000000	14.063	20.327	18.427	8.0356E-2	0.2243	1.3104	0.3855	0.2505	2.3640	0.2828	0.2026	0.3454	0.1691	0.2671	0.2308	0.2203	0.2818	0.2199	0.2797	0.2657	0.2347	9.9598E-4	4.3058E-4	9.6845E-4	0.4456	-6.8413E-2	0.240	4.652	225.082
149000000	13.113	19.217	18.409	7.3153E-2	2.7425E-2	1.1690	0.4586	0.2500	2.2914	0.2984	0.1920	0.3337	0.1759	0.2551	0.2384	0.2205	0.2861	0.2269	0.2976	0.2457	0.2298	1.0163E-3	3.9378E-4	1.0033E-3	0.3706	1.6143E-3	0.170	4.671	231.641
150000000	13.015	18.433	19.627	0.1178	0.1421	1.0582	0.4541	0.2947	2.2512	0.2948	0.1964	0.3313	0.1775	0.2712	0.2296	0.2145	0.2846	0.2249	0.2962	0.2538	0.2251	1.0018E-3	4.0697E-4	9.9047E-4	0.4098	-1.2481E-2	0.495	4.742	224.983
151000000	9.125	21.549	18.916	3.353E-2	7.2388E-2	1.1079	0.4567	0.2343	2.3089	0.3011	0.1804	0.3396	0.1789	0.2629	0.2279	0.2285	0.2807	0.2199	0.2862	0.2573	0.2366	1.0541E-3	5.2005E-4	9.6415E-4	0.4611	4.0312E-2	0.621	4.699	228.379
152000000	12.053	11.233	17.460	2.0066E-2	9.8632E-2	1.0905	0.5234	0.2445	2.2321	0.2986	0.1854	0.3282	0.1877	0.2553	0.2356	0.2136	0.2955	0.2264	0.2760	0.2611	0.2366	1.0068E-3	3.9804E-4	9.6148E-4	0.3959	1.2476E-2	0.213	4.797	232.754
153000000	12.246	17.179	15.808	2.5983E-2	1.0405E-2	1.3168	0.4199	0.2660	2.3141	0.2934	0.1849	0.3393	0.1824	0.2601	0.2339	0.2190	0.2870	0.2138	0.2935	0.2560	0.2367	9.4136E-4	3.263E-4	9.2746E-4	0.3326	8.3898E-2	0.271	4.700	239.760
154000000	11.872	17.964	17.925	5.6395E-2	7.6733E-2	1.3493	0.4461	0.2479	2.3060	0.2933	0.1860	0.3370	0.1837	0.2588	0.2327	0.2174	0.2911	0.2207	0.2935	0.2538	0.2320	1.028E-3	4.5902E-4	1.0261E-3	0.4261	-4.3201E-2	0.515	4.496	222.151
155000000	14.546	25.106	22.811	2.9754E-2	7.6434E-2	1.0197	0.4519	0.2678	2.2802	0.2866	0.1859	0.3535	0.1741	0.2703	0.2307	0.2098	0.2893	0.2214	0.2778	0.2556	0.2452	1.0891E-3	4.8498E-4	1.0266E-3	0.4295	-5.0691E-2	0.714	4.582	223.799
156000000	14.595	14.011	19.883	4.89E-2	2.346E-2	1.0454	0.4230	0.2338	2.3432	0.3016	0.1821	0.3375	0.1787	0.2633	0.2258	0.2267	0.2842	0.2224	0.2767	0.2648	0.2361	9.7885E-4	4.0221E-4	9.4532E-4	0.4105	2.5136E-2	0.530	4.676	233.241
157000000	11.971	27.406	19.103	2.7331E-2	9.9523E-3	1.2706	0.4607	0.2401	2.2992	0.2841	0.1937	0.3436	0.1787	0.2583	0.2355	0.2257	0.2805	0.2191	0.2840	0.2635	0.2334	1.0852E-3	4.0972E-4	1.0466E-3	0.3813	-1.5827E-2	0.166	4.796	223.715
158000000	11.487	21.157	19.783	9.271E-2	4.1027E-3	1.1902	0.4698	0.2471	2.2831	0.2729	0.1967	0.3537	0.1767	0.2687	0.2304	0.2211	0.2799	0.2160	0.2962	0.2604	0.2273	1.0196E-3	4.3238E-4	9.921E-4	0.4103	-2.9714E-2	0.230	4.769	224.039
159000000	10.974	32.500	17.046	6.7492E-2	8.7276E-2	1.5949	0.4590	0.2350	2.3060	0.2890	0.1856	0.3455	0.1800	0.2520	0.2302	0.2202	0.2976	0.2214	0.2896	0.2576	0.2314	1.1113E-3	5.4245E-4	1.0218E-3	0.4602	-2.024E-2	0.249	4.687	218.672
160000000	9.933	15.613	17.794	2.7092E-2	8.0744E-2	1.2297	0.4726	0.2245	2.3029	0.2997	0.1842	0.3486	0.1675	0.2657	0.2343	0.2168	0.2832	0.2231	0.2968	0.2500	0.2301	1.1347E-3	4.912E-4	1.0958E-3	0.4402	-1.1494E-2	0.142	4.486	212.905
161000000	10.661	15.929	19.753	3.563E-2	1.2986E-2	1.1300	0.4270	0.2743	2.2987	0.2757	0.1930	0.3447	0.1866	0.2609	0.2220	0.2320	0.2850	0.2263	0.2863	0.2614	0.2260	1.1655E-3	5.4906E-4	1.0884E-3	0.4651	4.8804E-2	0.249	4.627	205.433
162000000	11.595	17.021	17.020	4.9461E-2	9.7556E-3	1.1471	0.4651	0.2554	2.2795	0.2923	0.1926	0.3310	0.1841	0.2627	0.2339	0.2185	0.2849	0.2248	0.2871	0.2512	0.2368	1.17E-3	4.6324E-4	1.1031E-3	0.3927	1.2606E-2	0.508	4.635	213.332
163000000	13.281	24.271	17.898	4.2159E-3	6.8126E-2	1.0069	0.4112	0.2978	2.2911	0.2861	0.1890	0.3512	0.1738	0.2592	0.2254	0.2180	0.2975	0.2220	0.2820	0.2582	0.2378	1.0484E-3	5.3102E-4	1.0159E-3	0.4865	-4.2024E-2	0.583	4.624	224.566
164000000	13.737	21.717	19.063	3.8821E-3	4.5425E-2	0.8717	0.4058	0.2245	2.3697	0.2795	0.2025	0.3414	0.1766	0.2581	0.2367	0.2267	0.2785	0.2146	0.2788	0.2774	0.2292	1.1286E-3	5.2028E-4	1.0362E-3	0.4537	-1.3022E-2	0.226	4.523	217.221
165000000	17.891	15.776	24.661	3.0425E-2	0.3537	1.2235	0.4626	0.2554	2.2820	0.2943	0.1768	0.3429	0.1860	0.2765	0.2256	0.2120	0.2858	0.2325	0.2941	0.2520	0.2215	1.0827E-3	5.142E-4	1.0052E-3	0.4600	-7.2203E-3	0.395	4.498	218.448
166000000	9.888	18.305	19.208	6.9246E-2	1.4829E-2	1.1471	0.4439	0.2384	2.3178	0.2905	0.1822	0.3512	0.1761	0.2552	0.2301	0.2310	0.2837	0.2209	0.2831	0.2646	0.2313	1.0845E-3	4.0737E-4	1.0268E-3	0.4001	8.9459E-2	0.502	5.103	223.077
167000000	13.461	20.510	18.128	8.4386E-2	3.0259E-2	1.0579	0.4709	0.2366	2.2926	0.2887	0.1874	0.3503	0.1736	0.2597	0.2236	0.2283	0.2884	0.2198	0.2908	0.2556	0.2338	9.8743E-4	3.5425E-4	9.5611E-4	0.3568	3.4421E-2	0.422	4.704	236.051
168000000	14.262	20.436	17.311	3.2468E-3	9.8967E-3	1.0276	0.4635	0.2407	2.2958	0.2944	0.1881	0.3433	0.1743	0.2513	0.2414	0.2106	0.2966	0.2258	0.2835	0.2582	0.2324	1.0446E-3	3.6408E-4	1.028E-3	0.3411	-1.1466E-2	0.724	4.632	220.020
169000000	12.188	14.293	20.553	7.5275E-3	9.682E-2	1.1546	0.3938	0.2585	2.3476	0.2869	0.1977	0.3377	0.1777	0.2573	0.2288	0.2121	0.3018	0.2217	0.2921	0.2531	0.2331	9.7367E-4	3.9401E-4	9.3566E-4	0.4109	-3.3313E-2	0.473	4.611	238.476
170000000	11.273	17.848	20.682	6.2658E-2	6.4036E-2	1.2262	0.4313	0.2392	2.3294	0.2874	0.1871	0.3398	0.1857	0.2578	0.2292	0.2228	0.2902	0.2226	0.2761	0.2630	0.2383	9.9957E-4	4.8788E-4	9.5493E-4	0.5054	-1.494E-2	0.430	4.637	237.776
171000000	8.711	17.897	19.773	3.9516E-2	0.1123	1.2952	0.4527	0.2503	2.2970	0.2878	0.1973	0.3403	0.1746	0.2653	0.2315	0.2145	0.2887	0.2255	0.2883	0.2561	0.2301	9.7778E-4	4.01E-4	9.4378E-4	0.4011	-2.505E-2	0.190	4.594	227.919
172000000	12.937	21.102	17.781	4.5159E-2	2.6407E-2	1.0605	0.4310	0.2969	2.2721	0.2901	0.1806	0.3561	0.1732	0.2586	0.2286	0.2330	0.2799	0.2282	0.2763	0.2584	0.2370	9.1663E-4	3.4942E-4	9.2739E-4	0.3764	-0.1133	0.144	4.508	235.243
173000000	10.439	17.561	20.147	0.1147	8.8823E-2	0.9020	0.4509	0.2457	2.3034	0.3031	0.1748	0.3447	0.1774	0.2436	0.2467	0.2188	0.2908	0.2224	0.2842	0.2568	0.2366	9.3951E-4	3.9968E-4	9.3016E-4	0.4060	-5.447E-2	0.495	4.599	233.181
174000000	13.453	25.238	19.746	6.3444E-2	0.1467	1.0135	0.4622	0.2519	2.2859	0.2994	0.1933	0.3356	0.1717	0.2592	0.2362	0.2214	0.2832	0.2174	0.2886	0.2552	0.2388	9.9874E-4	4.0185E-4	9.9341E-4	0.3991	-1.4799E-2	0.560	4.911	227.959
175000000	9.513	15.766	19.316	4.9805E-2	1.1887E-2	1.0213	0.4336	0.2872	2.2792	0.2856	0.1847	0.3567	0.1731	0.2544	0.2309	0.2180	0.2968	0.2268	0.2709	0.2680	0.2343	1.0014E-3	3.3275E-4	1.0086E-3	0.3225	-5.4292E-3	0.392	4.673	231.738
176000000	13.196	28.382	18.225	5.718E-2	1.2793E-2	1.0371	0.4457	0.2498	2.3045	0.2919	0.1851	0.3509	0.1722	0.2631	0.2238	0.2146	0.2986	0.2262	0.2877	0.2525	0.2335	9.0716E-4	2.9488E-4	8.9397E-4	0.3399	9.0149E-3	0.144	4.913	243.946
177000000	9.697	15.830	17.600	2.7173E-2	0.1609	1.1125	0.4517	0.2744	2.2739	0.2945	0.1924	0.3299	0.1831	0.2701	0.2382	0.2269	0.2648	0.2200	0.2824	0.2481	0.2495	9.5554E-4	3.8568E-4	9.3061E-4	0.4173	3.4764E-2	0.207	4.666	239.817
178000000	13.047	17.529	18.972	2.7989E-2	3.1378E-2	1.1255	0.4231	0.2301	2.3468	0.2922	0.1968	0.3287	0.1823	0.2550	0.2387	0.2218	0.2845	0.2221	0.2794	0.2528	0.2457	1.0647E-3	3.5971E-4	1.0195E-3	0.3454	-3.5069E-3	0.166	4.597	224.077
179000000	14.478	15.210	20.771	0.1170	6.7902E-3	1.1384	0.4590	0.2574	2.2836	0.3007	0.1847	0.3477	0.1670	0.2685	0.2300	0.2138	0.2877	0.2271	0.2800	0.2589	0.2340	1.0345E-3	5.6642E-4	9.7327E-4	0.5119	-1.5423E-2	0.190	4.697	225.276
180000000	11.533	20.211	21.141	7.8661E-2	0.1051	1.0724	0.3873	0.2557	2.3570	0.2930	0.1951	0.3434	0.1685	0.2703	0.2224	0.2165	0.2908	0.2200	0.2886	0.2595	0.2319	1.0328E-3	4.2183E-4	1.0606E-3	0.4080	-9.6665E-2	0.381	4.723	210.397
181000000	13.691	12.196	18.395	2.8746E-3	4.0677E-2	0.9771	0.4391	0.2640	2.2969	0.2971	0.1933	0.3325	0.1771	0.2588	0.2331	0.2295	0.2787	0.2380	0.2685	0.2657	0.2277	1.1909E-3	5.8896E-4	1.0469E-3	0.4732	4.2098E-2	0.439	4.606	215.624
182000000	11.858	15.309	18.991	5.8313E-2	0.1557	0.9906	0.3828	0.2401	2.3770	0.2890	0.1861	0.3436	0.1814	0.2545	0.2339	0.2368	0.2748	0.2169	0.2926	0.2599	0.2305	1.1649E-3	5.9592E-4	1.0788E-3	0.5144	-3.5392E-2	0.359	4.898	210.025
183000000	14.085	20.376	18.575	5.3761E-2	4.8748E-2	0.9467	0.4025	0.2592	2.3383	0.2860	0.1907	0.3354	0.1878	0.2666	0.2195	0.2318	0.2821	0.2198	0.2817	0.2605	0.2380	1.0265E-3	4.2194E-4	9.8867E-4	0.4070	-6.1495E-2	0.286	4.660	225.614
184000000	14.947	20.749	16.806	3.0857E-2	6.3256E-2	1.1094	0.4343	0.2825	2.2832	0.2841	0.1872	0.3542	0.1745	0.2528	0.2323	0.2291	0.2857	0.2225	0.2903	0.2608	0.2264	9.7873E-4	3.9783E-4	9.6759E-4	0.3998	2.5188E-2	0.335	4.797	228.918
185000000	10.881	16.659	18.767	2.4587E-2	3.0835E-2	1.4978	0.4852	0.2451	2.2697	0.2859	0.1962	0.3340	0.1839	0.2567	0.2336	0.2138	0.2959	0.2235	0.2822	0.2584	0.2359	1.0862E-3	4.8795E-4	1.0356E-3	0.4505	-2.671E-2	0.374	4.517	216.100
186000000	11.882	16.665	16.790	4.9183E-2	6.2372E-3	0.9901	0.4387	0.2503	2.3110	0.2856	0.1872	0.3427	0.1844	0.2469	0.2448	0.2327	0.2755	0.2157	0.2880	0.2651	0.2311	1.1381E-3	6.8538E-4	1.0709E-3	0.5716	-1.4512E-2	0.318	4.689	209.220
187000000	13.708	15.627	22.335	3.1285E-2	5.8746E-2	1.0330	0.4643	0.2702	2.2656	0.2890	0.1832	0.3414	0.1864	0.2470	0.2382	0.2206	0.2942	0.2192	0.2981	0.2582	0.2245	1.068E-3	5.8164E-4	9.9268E-4	0.5125	-3.3899E-2	0.429	4.722	221.601
188000000	11.902	13.087	18.657	9.1741E-2	5.191E-2	1.1806	0.4722	0.2434	2.2844	0.2846	0.1892	0.3418	0.1844	0.2622	0.2445	0.2231	0.2702	0.2176	0.2846	0.2623	0.2355	1.1227E-3	4.45E-4	1.088E-3	0.4007	-7.2068E-2	0.426	4.616	212.964
189000000	13.226	30.288	21.031	6.0385E-2	0.1074	1.0646	0.4941	0.2828	2.2232	0.2887	0.1875	0.3505	0.1734	0.2706	0.2219	0.2211	0.2863	0.2277	0.2805	0.2582	0.2337	1.1185E-3	5.8595E-4	1.0664E-3	0.4958	3.1043E-3	0.450	4.841	204.206
190000000	11.974	16.168	18.507	4.1555E-2	9.3768E-2	1.4110	0.4302	0.2459	2.3238	0.2950	0.1931	0.3419	0.1699	0.2649	0.2251	0.2263	0.2837	0.2276	0.2818	0.2487	0.2419	1.1406E-3	5.8893E-4	1.0561E-3	0.4816	-6.8609E-2	0.254	4.532	210.265
191000000	8.863	13.336	18.965	3.5736E-2	9.2538E-2	1.0157	0.4016	0.2587	2.3397	0.2932	0.1969	0.3312	0.1787	0.2530	0.2460	0.2102	0.2908	0.2350	0.2831	0.2533	0.2286	1.0365E-3	3.8992E-4	9.7852E-4	0.3783	5.4875E-2	0.414	4.598	229.551
192000000	10.746	12.176	22.681	1.0928E-2	2.9412E-2	0.9321	0.4591	0.2735	2.2673	0.2828	0.1820	0.3457	0.1895	0.2521	0.2306	0.2286	0.2887	0.2192	0.2884	0.2532	0.2392	1.0582E-3	5.7737E-4	1.0331E-3	0.5139	-2.9702E-2	0.354	4.825	219.143
193000000	11.862	16.336	16.230	2.6283E-2	9.4188E-2	1.0190	0.4759	0.2500	2.2741	0.2791	0.1976	0.3513	0.1720	0.2598	0.2455	0.2239	0.2709	0.2180	0.2911	0.2574	0.2336	1.1064E-3	5.3701E-4	1.0443E-3	0.4745	-5.24E-2	0.189	4.820	217.518
194000000	11.640	15.572	19.324	5.4432E-2	0.1337	1.5240	0.4020	0.2931	2.3050	0.3095	0.1814	0.3279	0.1812	0.2545	0.2404	0.2256	0.2795	0.2163	0.2888	0.2558	0.2391	1.122E-3	4.9395E-4	1.0742E-3	0.4269	-3.8101E-4	0.553	4.648	205.596
195000000	13.851	18.506	19.568	2.5833E-2	0.1777	1.0539	0.4835	0.2302	2.2863	0.2777	0.1944	0.3555	0.1724	0.2590	0.2332	0.2321	0.2757	0.2242	0.2717	0.2734	0.2308	1.1124E-3	4.8858E-4	1.0949E-3	0.4448	-5.8432E-2	0.490	4.697	204.947
196000000	12.064	22.687	19.275	6.7303E-2	0.1341	1.0968	0.4226	0.2379	2.3395	0.2895	0.1946	0.3372	0.1787	0.2612	0.2386	0.2157	0.2845	0.2318	0.2685	0.2627	0.2370	1.0553E-3	4.2629E-4	1.0083E-3	0.4208	-8.6836E-2	0.925	4.810	223.240
197000000	12.200	16.858	21.461	2.9715E-2	7.6383E-2	1.5514	0.4624	0.2482	2.2894	0.2969	0.1821	0.3399	0.1811	0.2426	0.2428	0.2319	0.2826	0.2309	0.2839	0.2595	0.2257	9.129E-4	3.4791E-4	9.2043E-4	0.3818	-3.9746E-2	0.331	4.660	239.237
198000000	10.647	29.621	20.155	1.7113E-2	7.06E-2	1.4571	0.4521	0.2708	2.2771	0.2923	0.2070	0.3298	0.1709	0.2593	0.2255	0.2134	0.3018	0.2174	0.2842	0.2630	0.2354	1.0536E-3	4.602E-4	9.775E-4	0.4561	9.1201E-2	0.586	4.820	227.004
199000000	13.278	13.290	18.520	5.3176E-2	0.1176	1.0332	0.4465	0.2578	2.2957	0.2942	0.1944	0.3428	0.1686	0.2604	0.2315	0.2165	0.2916	0.2221	0.2809	0.2569	0.2401	1.1365E-3	4.8384E-4	1.0692E-3	0.4227	-1.412E-3	0.177	4.919	208.328
200000000	15.094	20.734	17.483	4.6534E-2	9.6486E-2	1.1360	0.4740	0.2573	2.2687	0.2834	0.1876	0.3488	0.1803	0.2530	0.2354	0.2323	0.2794	0.2194	0.2954	0.2567	0.2285	1.1034E-3	5.2419E-4	1.017E-3	0.4484	-5.8401E-2	0.410	4.621	212.163
