state	posterior	prior	likelihood	skygrid
1000000	-37067.775	-4600.975	-32466.799	-1019.991
2000000	-37072.818	-4592.128	-32480.690	-1009.786
3000000	-37112.879	-4659.115	-32453.764	-1076.954
4000000	-37096.766	-4626.299	-32470.467	-1044.489
5000000	-36955.103	-4518.602	-32436.501	-937.839
6000000	-37061.049	-4621.922	-32439.127	-1040.462
7000000	-37098.966	-4657.074	-32441.892	-1074.961
8000000	-37056.847	-4563.420	-32493.427	-982.259
9000000	-37101.208	-4632.119	-32469.089	-1050.656
10000000	-37098.450	-4632.939	-32465.511	-1052.759
11000000	-37109.573	-4653.959	-32455.614	-1073.662
12000000	-37141.913	-4666.488	-32475.424	-1083.966
13000000	-37134.408	-4675.165	-32459.243	-1093.584
14000000	-36995.305	-4545.216	-32450.089	-963.790
15000000	-37011.735	-4556.654	-32455.080	-974.774
16000000	-37053.649	-4625.751	-32427.898	-1042.770
17000000	-37145.974	-4656.909	-32489.065	-1074.925
18000000	-37087.965	-4651.439	-32436.526	-1070.369
19000000	-37083.841	-4624.186	-32459.655	-1043.471
20000000	-37121.689	-4661.742	-32459.948	-1080.503
21000000	-37113.394	-4654.515	-32458.879	-1073.692
22000000	-37046.215	-4601.808	-32444.407	-1018.874
23000000	-37019.288	-4539.461	-32479.828	-958.290
24000000	-37075.458	-4633.656	-32441.803	-1052.753
25000000	-37089.753	-4608.488	-32481.265	-1027.807
26000000	-37115.028	-4682.654	-32432.375	-1101.418
27000000	-37053.436	-4617.773	-32435.663	-1036.548
28000000	-37003.958	-4581.605	-32422.352	-999.549
29000000	-37059.133	-4610.365	-32448.768	-1028.553
30000000	-37012.940	-4582.532	-32430.408	-1000.596
31000000	-36989.207	-4561.294	-32427.912	-980.004
32000000	-37066.564	-4604.361	-32462.203	-1023.580
33000000	-36988.772	-4547.529	-32441.243	-965.436
34000000	-37033.587	-4591.362	-32442.225	-1009.174
35000000	-37055.926	-4579.441	-32476.485	-997.089
36000000	-37084.529	-4648.032	-32436.497	-1066.515
37000000	-37110.353	-4624.246	-32486.107	-1042.573
38000000	-37093.980	-4652.098	-32441.882	-1070.265
39000000	-37163.346	-4691.851	-32471.495	-1109.930
40000000	-37103.083	-4649.376	-32453.707	-1067.809
41000000	-37060.878	-4625.474	-32435.405	-1044.406
42000000	-37047.057	-4595.692	-32451.365	-1013.697
43000000	-37068.408	-4609.580	-32458.828	-1027.664
44000000	-37116.479	-4672.488	-32443.991	-1091.618
45000000	-37033.306	-4595.427	-32437.880	-1015.801
46000000	-37125.936	-4631.523	-32494.413	-1049.751
47000000	-37057.177	-4608.863	-32448.314	-1026.911
48000000	-37064.605	-4598.413	-32466.192	-1017.921
49000000	-37024.246	-4570.252	-32453.994	-989.624
50000000	-37031.333	-4578.169	-32453.164	-996.743
51000000	-37138.561	-4667.107	-32471.454	-1084.650
52000000	-37034.388	-4594.363	-32440.024	-1012.378
53000000	-37078.168	-4587.066	-32491.102	-1006.231
54000000	-37114.185	-4638.380	-32475.805	-1057.962
55000000	-37082.369	-4600.636	-32481.733	-1020.793
56000000	-37072.402	-4634.889	-32437.513	-1052.429
57000000	-37099.034	-4628.938	-32470.095	-1047.285
58000000	-37061.192	-4590.681	-32470.511	-1008.463
59000000	-37068.136	-4614.369	-32453.767	-1034.210
60000000	-37127.643	-4647.046	-32480.598	-1063.860
61000000	-37098.360	-4626.045	-32472.315	-1045.933
62000000	-36983.290	-4532.183	-32451.107	-950.924
63000000	-37069.796	-4609.863	-32459.933	-1028.683
64000000	-37028.758	-4568.097	-32460.661	-986.447
65000000	-37081.815	-4651.175	-32430.640	-1070.734
66000000	-37025.703	-4569.806	-32455.897	-989.208
67000000	-37018.381	-4569.627	-32448.754	-986.560
68000000	-37041.610	-4577.361	-32464.249	-995.449
69000000	-37029.191	-4573.418	-32455.772	-991.731
70000000	-37041.663	-4597.495	-32444.168	-1016.983
71000000	-36949.424	-4535.977	-32413.446	-954.915
72000000	-37032.730	-4566.822	-32465.908	-985.106
73000000	-37106.673	-4621.137	-32485.536	-1039.916
74000000	-37010.786	-4564.283	-32446.503	-984.108
75000000	-37030.537	-4611.030	-32419.506	-1028.413
76000000	-37134.864	-4655.110	-32479.754	-1072.763
77000000	-37047.773	-4602.449	-32445.323	-1020.633
78000000	-37000.004	-4528.607	-32471.398	-947.786
79000000	-37004.659	-4549.641	-32455.018	-968.700
80000000	-37055.424	-4618.823	-32436.601	-1036.127
81000000	-37110.247	-4647.272	-32462.976	-1065.217
82000000	-37124.098	-4640.020	-32484.077	-1057.606
83000000	-37068.728	-4611.226	-32457.502	-1028.198
84000000	-37074.571	-4633.237	-32441.334	-1052.119
85000000	-37086.157	-4571.634	-32514.523	-991.035
86000000	-37101.462	-4650.083	-32451.379	-1069.714
87000000	-37104.712	-4656.743	-32447.968	-1074.631
88000000	-37112.228	-4644.949	-32467.279	-1062.999
89000000	-37068.235	-4629.115	-32439.120	-1047.827
90000000	-37103.761	-4655.103	-32448.658	-1074.930
91000000	-37118.781	-4665.299	-32453.482	-1083.916
92000000	-37137.524	-4678.597	-32458.927	-1096.899
93000000	-37100.581	-4636.707	-32463.875	-1055.275
94000000	-37068.679	-4622.126	-32446.553	-1041.001
95000000	-37104.509	-4612.640	-32491.869	-1030.747
96000000	-37094.816	-4622.334	-32472.482	-1043.008
97000000	-37117.773	-4649.264	-32468.509	-1066.480
98000000	-37044.830	-4582.904	-32461.927	-1001.686
99000000	-37000.799	-4529.999	-32470.801	-949.020
100000000	-37146.658	-4690.931	-32455.727	-1109.275
101000000	-36992.605	-4528.605	-32464.000	-948.357
102000000	-37085.729	-4630.188	-32455.541	-1047.685
103000000	-37118.312	-4664.986	-32453.325	-1083.279
104000000	-37082.639	-4616.133	-32466.506	-1036.322
105000000	-37064.754	-4597.511	-32467.244	-1015.312
106000000	-37084.920	-4639.530	-32445.391	-1057.135
107000000	-37095.686	-4634.113	-32461.573	-1053.191
108000000	-37075.869	-4612.747	-32463.122	-1030.325
109000000	-37007.764	-4578.617	-32429.146	-997.642
110000000	-37060.610	-4580.981	-32479.629	-999.550
111000000	-37108.306	-4637.497	-32470.808	-1054.731
112000000	-37061.252	-4629.966	-32431.286	-1047.614
113000000	-37132.381	-4676.314	-32456.067	-1093.629
114000000	-37132.421	-4630.642	-32501.778	-1049.287
115000000	-37074.962	-4640.271	-32434.691	-1059.592
116000000	-37059.748	-4601.960	-32457.788	-1020.072
117000000	-37183.580	-4663.684	-32519.896	-1082.701
118000000	-37017.305	-4558.913	-32458.391	-977.145
119000000	-37075.575	-4611.590	-32463.986	-1029.999
120000000	-37082.829	-4641.358	-32441.470	-1058.649
121000000	-37091.017	-4612.038	-32478.979	-1030.540
122000000	-37020.001	-4597.082	-32422.919	-1015.830
123000000	-37075.081	-4617.588	-32457.492	-1035.535
124000000	-37107.081	-4633.126	-32473.955	-1051.520
125000000	-37034.465	-4590.500	-32443.965	-1009.260
126000000	-37094.898	-4629.735	-32465.163	-1047.610
127000000	-37129.349	-4671.700	-32457.649	-1091.006
128000000	-37079.616	-4642.199	-32437.417	-1059.089
129000000	-37106.092	-4640.989	-32465.103	-1059.816
130000000	-37059.903	-4583.160	-32476.743	-1001.490
131000000	-37151.175	-4671.888	-32479.287	-1090.999
132000000	-37092.255	-4628.351	-32463.905	-1046.435
133000000	-37104.513	-4640.023	-32464.490	-1058.719
134000000	-37096.946	-4648.054	-32448.892	-1065.039
135000000	-37146.856	-4678.215	-32468.641	-1095.733
136000000	-37049.441	-4605.491	-32443.950	-1025.409
137000000	-37010.459	-4576.924	-32433.535	-996.327
138000000	-37056.385	-4609.664	-32446.721	-1028.541
139000000	-36997.541	-4541.415	-32456.127	-960.258
140000000	-37087.110	-4637.763	-32449.347	-1056.496
141000000	-37057.627	-4616.975	-32440.652	-1035.685
142000000	-37073.550	-4607.726	-32465.824	-1028.096
143000000	-37129.161	-4692.568	-32436.593	-1110.769
144000000	-37055.481	-4595.276	-32460.205	-1013.382
145000000	-37146.088	-4672.226	-32473.862	-1089.510
146000000	-37102.207	-4629.347	-32472.860	-1046.806
147000000	-37084.929	-4641.316	-32443.613	-1057.962
148000000	-37098.357	-4651.037	-32447.320	-1068.818
149000000	-37116.547	-4646.439	-32470.107	-1064.634
150000000	-37050.813	-4596.302	-32454.511	-1016.308
151000000	-37055.242	-4608.973	-32446.268	-1028.568
152000000	-37022.024	-4546.758	-32475.267	-965.516
153000000	-37055.605	-4599.568	-32456.037	-1017.785
154000000	-36976.252	-4572.580	-32403.672	-991.896
155000000	-37067.088	-4626.997	-32440.091	-1044.579
156000000	-37095.201	-4623.525	-32471.675	-1042.777
157000000	-37007.734	-4567.493	-32440.241	-987.671
158000000	-37061.447	-4602.218	-32459.228	-1022.026
159000000	-37062.886	-4589.241	-32473.645	-1009.216
160000000	-37103.158	-4650.704	-32452.454	-1068.268
161000000	-37067.643	-4618.550	-32449.092	-1036.377
162000000	-37113.639	-4662.223	-32451.416	-1080.080
163000000	-37150.780	-4669.954	-32480.826	-1088.817
164000000	-37057.922	-4591.665	-32466.256	-1010.242
165000000	-37064.569	-4614.152	-32450.417	-1031.261
166000000	-37070.129	-4579.428	-32490.700	-997.116
167000000	-37072.627	-4637.947	-32434.681	-1056.234
168000000	-37176.441	-4709.620	-32466.821	-1128.200
169000000	-37047.694	-4614.192	-32433.502	-1032.017
170000000	-37041.348	-4585.636	-32455.712	-1003.508
171000000	-37101.367	-4642.338	-32459.029	-1060.507
172000000	-37013.171	-4571.682	-32441.489	-990.353
173000000	-37058.979	-4594.228	-32464.750	-1012.190
174000000	-37076.907	-4663.277	-32413.630	-1079.976
175000000	-37102.909	-4621.909	-32481.000	-1039.607
176000000	-37096.146	-4644.380	-32451.765	-1062.063
177000000	-37063.732	-4597.710	-32466.021	-1017.410
178000000	-37146.778	-4699.056	-32447.722	-1116.950
179000000	-37082.566	-4607.561	-32475.005	-1025.120
180000000	-37006.353	-4548.505	-32457.848	-967.067
181000000	-37109.488	-4650.488	-32459.000	-1068.172
182000000	-37046.612	-4582.853	-32463.760	-1001.299
183000000	-37123.321	-4665.192	-32458.129	-1083.172
184000000	-37105.943	-4633.423	-32472.520	-1051.478
185000000	-37025.413	-4576.981	-32448.432	-996.925
186000000	-37056.047	-4589.957	-32466.089	-1008.734
187000000	-37026.469	-4594.489	-32431.980	-1013.068
188000000	-37111.443	-4657.045	-32454.398	-1077.176
189000000	-37085.993	-4628.534	-32457.459	-1046.545
190000000	-37165.843	-4687.408	-32478.435	-1106.809
191000000	-37167.226	-4657.834	-32509.392	-1076.323
192000000	-37014.117	-4581.127	-32432.990	-999.747
193000000	-37077.576	-4650.238	-32427.338	-1068.641
194000000	-37135.708	-4663.979	-32471.729	-1081.400
195000000	-37087.801	-4631.823	-32455.977	-1050.592
196000000	-37086.560	-4627.340	-32459.220	-1045.153
197000000	-37126.798	-4658.129	-32468.669	-1075.718
198000000	-37135.272	-4631.416	-32503.856	-1048.006
199000000	-37017.691	-4560.219	-32457.472	-978.952
200000000	-37068.308	-4628.395	-32439.913	-1047.331
201000000	-37090.445	-4623.748	-32466.697	-1041.801
202000000	-37072.083	-4630.349	-32441.734	-1049.645
203000000	-37112.441	-4664.146	-32448.295	-1082.886
204000000	-37081.746	-4609.271	-32472.475	-1029.448
205000000	-37086.550	-4654.328	-32432.222	-1072.906
206000000	-37130.545	-4663.323	-32467.221	-1081.610
207000000	-37099.035	-4645.345	-32453.690	-1062.927
208000000	-37051.840	-4600.934	-32450.906	-1018.943
209000000	-37045.396	-4610.481	-32434.916	-1027.463
210000000	-37055.800	-4605.457	-32450.342	-1023.534
211000000	-37187.830	-4699.467	-32488.363	-1116.196
212000000	-37070.950	-4611.422	-32459.528	-1030.982
213000000	-37022.375	-4567.331	-32455.044	-986.824
214000000	-37049.049	-4631.894	-32417.155	-1049.961
215000000	-37075.285	-4629.113	-32446.172	-1048.739
216000000	-37027.961	-4578.758	-32449.203	-998.347
217000000	-37097.463	-4654.002	-32443.460	-1071.162
218000000	-37078.483	-4644.850	-32433.632	-1062.754
219000000	-37061.591	-4625.645	-32435.946	-1043.889
220000000	-37039.471	-4577.541	-32461.930	-995.237
221000000	-37083.564	-4641.356	-32442.208	-1057.500
222000000	-37089.417	-4654.259	-32435.158	-1072.149
223000000	-37035.064	-4618.687	-32416.377	-1036.810
224000000	-37149.917	-4671.058	-32478.858	-1089.170
225000000	-37089.067	-4642.310	-32446.757	-1060.462
226000000	-37050.230	-4590.134	-32460.096	-1008.478
227000000	-37026.687	-4539.324	-32487.364	-958.884
228000000	-37105.927	-4620.748	-32485.179	-1039.348
229000000	-37077.467	-4601.551	-32475.916	-1020.241
230000000	-37109.306	-4661.264	-32448.042	-1080.174
231000000	-37135.169	-4694.240	-32440.929	-1112.352
232000000	-37150.728	-4688.062	-32462.666	-1106.387
233000000	-37042.043	-4603.356	-32438.686	-1021.836
234000000	-37086.693	-4615.372	-32471.322	-1033.257
235000000	-37102.648	-4624.336	-32478.312	-1043.297
236000000	-37117.871	-4663.967	-32453.904	-1082.036
237000000	-37104.169	-4634.827	-32469.342	-1053.397
238000000	-37011.853	-4581.742	-32430.111	-997.522
239000000	-37079.613	-4610.133	-32469.480	-1027.920
240000000	-37039.718	-4603.288	-32436.430	-1020.724
241000000	-37036.978	-4603.747	-32433.231	-1020.899
242000000	-36978.546	-4512.980	-32465.566	-931.633
243000000	-37074.863	-4610.065	-32464.798	-1028.002
244000000	-37087.804	-4616.380	-32471.424	-1034.114
245000000	-37084.489	-4628.721	-32455.768	-1045.752
246000000	-37139.108	-4685.753	-32453.355	-1105.331
247000000	-37106.639	-4636.839	-32469.801	-1054.824
248000000	-37146.133	-4661.100	-32485.033	-1079.719
249000000	-37119.240	-4665.268	-32453.971	-1084.307
250000000	-37137.646	-4675.305	-32462.341	-1094.982
251000000	-37093.340	-4641.716	-32451.624	-1059.208
252000000	-37152.773	-4652.617	-32500.156	-1071.713
253000000	-37061.074	-4610.564	-32450.510	-1028.730
254000000	-37093.269	-4643.184	-32450.085	-1062.609
255000000	-37070.407	-4631.873	-32438.534	-1049.651
256000000	-37015.117	-4544.715	-32470.402	-964.721
257000000	-37073.111	-4619.185	-32453.926	-1036.532
258000000	-37089.657	-4598.406	-32491.251	-1016.557
259000000	-37116.620	-4649.500	-32467.120	-1069.087
260000000	-37062.147	-4595.625	-32466.523	-1014.606
261000000	-37139.794	-4668.022	-32471.772	-1086.035
262000000	-37069.951	-4616.811	-32453.140	-1036.376
263000000	-37125.958	-4679.073	-32446.886	-1096.975
264000000	-37105.796	-4650.621	-32455.176	-1068.371
265000000	-37115.631	-4645.708	-32469.922	-1064.799
266000000	-37101.389	-4654.299	-32447.089	-1073.308
267000000	-37116.372	-4654.400	-32461.972	-1072.310
268000000	-37104.687	-4664.890	-32439.797	-1083.467
269000000	-37012.364	-4588.025	-32424.340	-1006.331
270000000	-36984.828	-4527.528	-32457.300	-946.072
271000000	-37111.997	-4641.878	-32470.119	-1060.242
272000000	-36985.978	-4526.648	-32459.329	-946.393
273000000	-37121.765	-4628.694	-32493.071	-1047.248
274000000	-37084.669	-4631.367	-32453.302	-1050.544
275000000	-37018.108	-4574.217	-32443.891	-993.231
276000000	-37075.114	-4585.312	-32489.802	-1004.945
277000000	-37087.357	-4644.847	-32442.510	-1062.297
278000000	-37036.559	-4568.480	-32468.079	-988.791
279000000	-37101.713	-4645.054	-32456.659	-1063.485
280000000	-37037.150	-4584.818	-32452.332	-1004.360
281000000	-37139.228	-4653.573	-32485.654	-1072.050
282000000	-37094.727	-4631.793	-32462.934	-1052.087
283000000	-37154.942	-4671.405	-32483.537	-1089.120
284000000	-37085.127	-4640.831	-32444.296	-1059.116
285000000	-37007.342	-4579.724	-32427.618	-997.347
286000000	-37050.147	-4611.106	-32439.041	-1029.968
287000000	-37065.140	-4604.174	-32460.967	-1021.455
288000000	-37164.103	-4704.165	-32459.938	-1121.359
289000000	-37076.819	-4619.730	-32457.089	-1037.672
290000000	-37156.763	-4696.011	-32460.752	-1112.516
291000000	-37104.620	-4632.643	-32471.977	-1050.748
292000000	-37079.546	-4590.279	-32489.268	-1008.855
293000000	-37068.777	-4615.155	-32453.622	-1033.454
294000000	-37085.455	-4630.886	-32454.568	-1049.711
295000000	-37119.984	-4679.921	-32440.063	-1097.776
296000000	-37089.216	-4628.337	-32460.879	-1047.192
297000000	-37039.692	-4580.561	-32459.131	-998.145
298000000	-37082.792	-4607.271	-32475.521	-1028.281
299000000	-37073.296	-4624.032	-32449.264	-1042.552
300000000	-37061.544	-4603.578	-32457.967	-1023.717
301000000	-37037.176	-4630.116	-32407.061	-1048.866
302000000	-37058.689	-4618.784	-32439.904	-1037.546
303000000	-37036.154	-4596.372	-32439.782	-1014.164
304000000	-37043.807	-4609.158	-32434.649	-1028.777
305000000	-37047.305	-4589.841	-32457.465	-1007.476
306000000	-37086.336	-4586.569	-32499.766	-1006.768
307000000	-37088.024	-4597.201	-32490.823	-1015.941
308000000	-37121.556	-4652.747	-32468.808	-1070.455
309000000	-37099.461	-4629.718	-32469.743	-1047.570
310000000	-37079.259	-4606.289	-32472.970	-1025.036
311000000	-37084.661	-4603.990	-32480.671	-1022.359
312000000	-37033.839	-4597.064	-32436.775	-1015.993
313000000	-37000.954	-4549.222	-32451.732	-968.683
314000000	-37090.041	-4616.401	-32473.640	-1036.220
315000000	-37108.001	-4648.131	-32459.871	-1067.578
316000000	-37128.615	-4661.598	-32467.017	-1080.710
317000000	-37080.676	-4606.571	-32474.105	-1025.178
318000000	-37042.736	-4584.188	-32458.548	-1002.162
319000000	-37033.861	-4589.308	-32444.553	-1009.809
320000000	-37118.393	-4661.805	-32456.588	-1080.405
321000000	-37020.631	-4575.578	-32445.054	-993.783
322000000	-37150.218	-4695.595	-32454.623	-1113.265
323000000	-37119.466	-4670.890	-32448.577	-1088.999
324000000	-37104.438	-4611.350	-32493.088	-1029.906
325000000	-36986.855	-4552.904	-32433.950	-972.096
326000000	-37112.897	-4657.997	-32454.900	-1075.588
327000000	-37057.028	-4572.889	-32484.138	-991.854
328000000	-37130.219	-4641.613	-32488.606	-1059.053
329000000	-37063.123	-4608.396	-32454.727	-1027.755
330000000	-37044.258	-4580.660	-32463.597	-998.757
331000000	-37083.763	-4620.074	-32463.690	-1038.672
332000000	-37098.141	-4638.236	-32459.905	-1058.115
333000000	-37094.403	-4642.665	-32451.738	-1060.576
334000000	-37116.073	-4666.255	-32449.818	-1083.331
335000000	-37058.085	-4620.900	-32437.185	-1039.785
336000000	-37118.322	-4621.107	-32497.215	-1038.804
337000000	-37097.675	-4649.958	-32447.717	-1066.950
338000000	-36969.691	-4512.282	-32457.409	-930.171
339000000	-37062.066	-4612.946	-32449.120	-1031.757
340000000	-37125.309	-4636.915	-32488.394	-1055.334
341000000	-37163.542	-4704.594	-32458.948	-1121.602
342000000	-37036.757	-4596.730	-32440.027	-1015.415
343000000	-37120.968	-4658.468	-32462.500	-1076.062
344000000	-37152.819	-4673.834	-32478.985	-1092.997
345000000	-37101.503	-4651.950	-32449.552	-1071.132
346000000	-37042.017	-4591.405	-32450.612	-1009.531
347000000	-37097.413	-4618.455	-32478.958	-1038.604
348000000	-37120.636	-4648.193	-32472.443	-1067.038
349000000	-37085.525	-4633.409	-32452.116	-1050.721
350000000	-37177.599	-4681.427	-32496.172	-1098.924
351000000	-37104.538	-4633.922	-32470.616	-1051.650
352000000	-37031.224	-4592.539	-32438.686	-1011.450
353000000	-37036.090	-4593.040	-32443.050	-1011.426
354000000	-37054.429	-4603.247	-32451.182	-1023.249
355000000	-37122.011	-4648.836	-32473.176	-1067.404
356000000	-37074.251	-4624.135	-32450.116	-1042.604
357000000	-37049.052	-4613.058	-32435.993	-1030.518
358000000	-37063.797	-4598.725	-32465.072	-1016.459
359000000	-37084.879	-4633.176	-32451.703	-1050.781
360000000	-37036.983	-4582.065	-32454.918	-1000.552
361000000	-37111.317	-4679.258	-32432.059	-1096.199
362000000	-37060.048	-4617.049	-32442.999	-1035.533
363000000	-37148.472	-4689.217	-32459.255	-1107.200
364000000	-37085.025	-4651.987	-32433.037	-1070.848
365000000	-37094.823	-4658.812	-32436.011	-1076.966
366000000	-37159.397	-4630.601	-32528.796	-1049.012
367000000	-37096.372	-4617.594	-32478.778	-1036.856
368000000	-37122.729	-4648.836	-32473.893	-1067.868
369000000	-37010.221	-4555.978	-32454.243	-973.208
370000000	-37060.572	-4595.957	-32464.615	-1015.585
371000000	-37045.342	-4587.329	-32458.013	-1005.818
372000000	-37057.949	-4590.164	-32467.785	-1006.763
373000000	-37080.345	-4656.290	-32424.055	-1073.789
374000000	-37142.736	-4693.898	-32448.838	-1113.129
375000000	-37084.750	-4642.833	-32441.917	-1061.169
376000000	-37086.166	-4632.725	-32453.441	-1052.193
377000000	-37098.736	-4627.084	-32471.652	-1044.987
378000000	-37140.635	-4698.583	-32442.053	-1117.404
379000000	-37083.077	-4649.451	-32433.626	-1067.430
380000000	-37045.575	-4581.110	-32464.466	-999.359
381000000	-37084.592	-4615.670	-32468.922	-1035.220
382000000	-37022.370	-4586.460	-32435.910	-1005.709
383000000	-37084.386	-4642.822	-32441.564	-1060.615
384000000	-37080.072	-4617.757	-32462.314	-1036.819
385000000	-37087.215	-4648.648	-32438.567	-1067.609
386000000	-37046.601	-4616.652	-32429.949	-1036.068
387000000	-37145.204	-4694.704	-32450.500	-1113.847
388000000	-37024.391	-4577.514	-32446.876	-996.682
389000000	-37104.662	-4634.146	-32470.516	-1052.475
390000000	-37126.864	-4695.497	-32431.367	-1115.081
391000000	-37025.473	-4584.240	-32441.232	-1001.870
392000000	-37056.185	-4613.054	-32443.130	-1031.342
393000000	-37082.054	-4615.689	-32466.364	-1032.062
394000000	-37022.528	-4572.151	-32450.377	-989.530
395000000	-37003.351	-4545.573	-32457.778	-962.996
396000000	-37100.993	-4620.497	-32480.496	-1039.156
397000000	-37083.298	-4636.076	-32447.222	-1054.367
398000000	-37083.618	-4628.365	-32455.253	-1047.651
399000000	-36988.565	-4510.178	-32478.387	-929.515
400000000	-37129.314	-4671.589	-32457.725	-1091.266
401000000	-37082.570	-4632.321	-32450.249	-1050.920
402000000	-37005.127	-4572.557	-32432.569	-991.604
403000000	-37075.149	-4631.705	-32443.444	-1050.246
404000000	-37094.729	-4616.931	-32477.797	-1035.444
405000000	-37163.021	-4689.683	-32473.338	-1108.151
406000000	-37092.016	-4635.675	-32456.341	-1055.513
407000000	-37058.912	-4594.081	-32464.831	-1011.726
408000000	-37075.470	-4610.360	-32465.109	-1029.453
409000000	-37035.258	-4590.169	-32445.089	-1009.671
410000000	-37072.328	-4599.604	-32472.724	-1017.633
411000000	-37032.779	-4589.018	-32443.761	-1008.673
412000000	-37054.410	-4578.693	-32475.717	-998.559
413000000	-37083.722	-4628.820	-32454.902	-1047.918
414000000	-37128.371	-4633.398	-32494.973	-1051.771
415000000	-37159.298	-4647.963	-32511.335	-1066.279
416000000	-37055.686	-4583.986	-32471.700	-1001.996
417000000	-37064.247	-4605.959	-32458.288	-1024.811
418000000	-37042.512	-4617.554	-32424.958	-1035.689
419000000	-37077.874	-4636.745	-32441.130	-1054.403
420000000	-37091.684	-4614.601	-32477.083	-1033.504
421000000	-37018.215	-4588.060	-32430.155	-1006.149
422000000	-37056.815	-4601.482	-32455.332	-1019.685
423000000	-37076.719	-4630.587	-32446.132	-1048.438
424000000	-37093.542	-4602.267	-32491.274	-1020.521
425000000	-37127.095	-4621.529	-32505.566	-1040.651
426000000	-37007.006	-4564.207	-32442.799	-982.433
427000000	-37048.978	-4572.539	-32476.438	-992.227
428000000	-37095.824	-4667.359	-32428.465	-1086.316
429000000	-37084.776	-4613.634	-32471.142	-1032.818
430000000	-37081.595	-4631.867	-32449.727	-1049.345
431000000	-37111.414	-4651.651	-32459.762	-1069.541
432000000	-37090.622	-4591.527	-32499.095	-1010.436
433000000	-37084.194	-4650.747	-32433.447	-1069.326
434000000	-37116.169	-4654.019	-32462.150	-1072.872
435000000	-37012.835	-4568.789	-32444.046	-987.143
436000000	-37128.103	-4669.021	-32459.082	-1088.141
437000000	-37128.433	-4692.019	-32436.414	-1111.267
438000000	-37128.139	-4659.754	-32468.385	-1077.625
439000000	-37076.452	-4613.731	-32462.721	-1031.669
440000000	-37112.588	-4660.123	-32452.465	-1080.023
441000000	-37153.560	-4667.827	-32485.733	-1085.956
442000000	-37088.425	-4623.347	-32465.078	-1039.962
443000000	-37064.988	-4626.209	-32438.779	-1044.044
444000000	-37064.451	-4612.296	-32452.155	-1032.297
445000000	-37064.178	-4607.440	-32456.737	-1025.918
446000000	-37090.370	-4645.769	-32444.601	-1064.299
447000000	-37066.755	-4605.948	-32460.807	-1025.056
448000000	-37076.888	-4633.092	-32443.796	-1052.690
449000000	-37085.654	-4627.030	-32458.624	-1046.654
450000000	-37128.513	-4694.222	-32434.291	-1112.643
451000000	-37121.910	-4652.786	-32469.124	-1069.857
452000000	-37039.904	-4591.855	-32448.049	-1009.909
453000000	-37054.600	-4614.114	-32440.487	-1031.391
454000000	-36966.217	-4547.309	-32418.908	-967.585
455000000	-37106.423	-4659.551	-32446.872	-1075.650
456000000	-37110.553	-4657.480	-32453.073	-1076.303
457000000	-37105.569	-4624.807	-32480.763	-1044.006
458000000	-37083.324	-4650.777	-32432.547	-1069.658
459000000	-37138.166	-4660.421	-32477.745	-1078.682
460000000	-37115.819	-4658.012	-32457.807	-1076.796
461000000	-37053.767	-4573.572	-32480.194	-993.191
462000000	-37102.406	-4636.874	-32465.532	-1055.510
463000000	-37073.185	-4593.352	-32479.833	-1011.461
464000000	-37077.737	-4596.613	-32481.125	-1015.852
465000000	-37029.785	-4571.710	-32458.076	-989.887
466000000	-37095.025	-4622.132	-32472.893	-1040.848
467000000	-37112.595	-4631.612	-32480.983	-1049.733
468000000	-37050.130	-4606.909	-32443.221	-1024.837
469000000	-36992.905	-4562.366	-32430.539	-980.857
470000000	-37061.498	-4604.363	-32457.135	-1024.342
471000000	-37157.379	-4663.163	-32494.216	-1081.816
472000000	-37058.300	-4609.023	-32449.277	-1028.160
473000000	-37077.437	-4603.324	-32474.113	-1021.787
474000000	-37075.376	-4614.725	-32460.652	-1034.798
475000000	-37064.337	-4627.074	-32437.262	-1046.380
476000000	-37053.089	-4614.048	-32439.041	-1030.733
477000000	-37047.391	-4573.201	-32474.190	-991.425
478000000	-37114.377	-4600.750	-32513.626	-1019.509
479000000	-36968.328	-4502.922	-32465.406	-922.900
480000000	-37102.105	-4610.826	-32491.279	-1027.981
481000000	-37097.426	-4625.382	-32472.044	-1043.779
482000000	-37083.934	-4652.053	-32431.881	-1069.909
483000000	-37097.065	-4641.771	-32455.293	-1057.556
484000000	-37031.969	-4576.180	-32455.789	-994.328
485000000	-37049.804	-4625.028	-32424.776	-1043.993
486000000	-37010.528	-4574.964	-32435.564	-994.343
487000000	-37096.361	-4632.024	-32464.337	-1050.824
488000000	-37091.358	-4652.094	-32439.264	-1070.781
489000000	-37080.593	-4608.515	-32472.078	-1026.951
490000000	-37100.587	-4642.276	-32458.311	-1060.900
491000000	-37063.924	-4612.633	-32451.291	-1030.876
492000000	-37088.731	-4632.754	-32455.977	-1050.452
493000000	-37143.514	-4662.411	-32481.103	-1080.164
494000000	-37063.088	-4587.120	-32475.968	-1005.957
495000000	-37153.129	-4663.196	-32489.933	-1081.148
496000000	-37062.102	-4605.012	-32457.090	-1022.709
497000000	-37020.746	-4583.721	-32437.025	-1002.678
498000000	-37090.504	-4618.629	-32471.875	-1038.986
499000000	-37100.088	-4657.610	-32442.478	-1077.346
500000000	-37127.797	-4669.774	-32458.023	-1089.114
501000000	-37058.280	-4632.725	-32425.555	-1050.897
502000000	-37087.108	-4628.216	-32458.892	-1046.631
503000000	-37073.241	-4624.615	-32448.626	-1044.603
504000000	-37060.842	-4617.369	-32443.473	-1036.417
505000000	-37006.148	-4582.878	-32423.269	-1002.277
506000000	-37123.179	-4648.075	-32475.104	-1066.833
507000000	-37060.033	-4595.608	-32464.426	-1013.541
508000000	-37065.974	-4605.912	-32460.061	-1024.216
509000000	-37053.640	-4600.847	-32452.793	-1019.588
510000000	-37100.395	-4657.724	-32442.671	-1076.488
511000000	-37092.566	-4629.833	-32462.732	-1049.502
512000000	-37044.222	-4595.140	-32449.082	-1013.753
513000000	-37108.428	-4647.828	-32460.599	-1065.984
514000000	-37080.698	-4589.038	-32491.660	-1008.336
515000000	-37212.190	-4721.880	-32490.310	-1140.390
516000000	-37164.462	-4683.766	-32480.696	-1102.070
517000000	-37130.978	-4664.138	-32466.840	-1083.945
518000000	-37083.598	-4642.876	-32440.722	-1060.823
519000000	-37023.220	-4562.658	-32460.562	-982.198
520000000	-37071.460	-4574.933	-32496.527	-993.534
521000000	-37039.201	-4586.853	-32452.347	-1005.527
522000000	-37043.991	-4577.468	-32466.524	-996.717
523000000	-37043.259	-4602.789	-32440.470	-1021.814
524000000	-37014.927	-4579.683	-32435.244	-998.147
525000000	-36978.590	-4520.350	-32458.240	-939.629
526000000	-37058.443	-4589.565	-32468.878	-1009.194
527000000	-37076.360	-4630.709	-32445.650	-1048.786
528000000	-37013.866	-4549.466	-32464.400	-968.516
529000000	-36965.082	-4516.093	-32448.989	-934.922
530000000	-37052.215	-4594.244	-32457.971	-1013.256
531000000	-37055.747	-4573.660	-32482.087	-992.710
532000000	-37105.062	-4626.653	-32478.409	-1045.218
533000000	-37066.596	-4635.279	-32431.316	-1053.657
534000000	-37125.094	-4661.138	-32463.956	-1078.903
535000000	-37068.020	-4594.863	-32473.157	-1014.489
536000000	-37085.751	-4640.974	-32444.777	-1058.122
537000000	-37087.677	-4661.501	-32426.176	-1080.961
538000000	-37174.646	-4682.458	-32492.188	-1101.254
539000000	-37056.290	-4612.964	-32443.326	-1032.393
540000000	-37090.779	-4636.296	-32454.483	-1053.672
541000000	-37074.725	-4635.579	-32439.146	-1054.821
542000000	-36982.310	-4532.055	-32450.255	-950.453
543000000	-36999.627	-4571.200	-32428.427	-991.583
544000000	-37098.835	-4637.477	-32461.359	-1055.464
545000000	-37124.355	-4636.434	-32487.921	-1055.362
546000000	-37087.265	-4594.872	-32492.393	-1013.998
547000000	-37035.839	-4568.064	-32467.775	-986.650
548000000	-37081.113	-4637.865	-32443.248	-1056.512
549000000	-37086.007	-4643.391	-32442.617	-1061.576
550000000	-37035.912	-4586.575	-32449.337	-1005.292
551000000	-37048.680	-4598.169	-32450.511	-1017.513
552000000	-37147.217	-4670.022	-32477.196	-1088.361
553000000	-37075.976	-4589.514	-32486.462	-1008.231
554000000	-37098.086	-4631.165	-32466.920	-1048.765
555000000	-37142.413	-4683.772	-32458.641	-1102.085
556000000	-37126.365	-4651.364	-32475.001	-1070.843
557000000	-37158.570	-4714.256	-32444.313	-1132.046
558000000	-37049.312	-4564.104	-32485.207	-982.762
559000000	-37139.204	-4679.877	-32459.328	-1097.829
560000000	-37024.807	-4567.662	-32457.145	-985.825
561000000	-37026.053	-4607.327	-32418.726	-1025.804
562000000	-37001.328	-4547.707	-32453.621	-967.528
563000000	-37104.561	-4617.335	-32487.225	-1034.997
564000000	-37052.133	-4577.611	-32474.522	-996.597
565000000	-37066.017	-4614.523	-32451.493	-1033.996
566000000	-37062.178	-4617.823	-32444.356	-1035.995
567000000	-37077.510	-4649.839	-32427.670	-1069.147
568000000	-37077.688	-4615.245	-32462.443	-1034.280
569000000	-37193.872	-4713.867	-32480.005	-1131.574
570000000	-37037.120	-4578.788	-32458.332	-997.627
571000000	-37089.031	-4618.073	-32470.959	-1037.169
572000000	-37072.595	-4607.008	-32465.588	-1025.827
573000000	-37015.762	-4567.816	-32447.946	-985.579
574000000	-37088.859	-4626.053	-32462.806	-1043.738
575000000	-37050.965	-4618.121	-32432.844	-1036.433
576000000	-37061.725	-4592.203	-32469.523	-1011.349
577000000	-37115.860	-4647.473	-32468.387	-1065.216
578000000	-37121.355	-4653.073	-32468.281	-1071.241
579000000	-37050.422	-4587.091	-32463.331	-1005.716
580000000	-37072.100	-4595.486	-32476.614	-1014.065
581000000	-37116.902	-4642.907	-32473.995	-1061.412
582000000	-37068.512	-4599.032	-32469.480	-1018.617
583000000	-37070.724	-4597.850	-32472.874	-1017.954
584000000	-37085.944	-4611.583	-32474.362	-1029.800
585000000	-37104.227	-4654.634	-32449.594	-1072.450
586000000	-37114.858	-4652.367	-32462.492	-1071.300
587000000	-37028.763	-4565.919	-32462.843	-984.769
588000000	-37015.012	-4584.609	-32430.404	-1004.341
589000000	-37087.939	-4601.049	-32486.889	-1020.711
590000000	-37127.663	-4671.336	-32456.327	-1089.621
591000000	-37075.237	-4623.680	-32451.557	-1040.509
592000000	-37109.212	-4624.271	-32484.941	-1041.401
593000000	-37025.384	-4596.492	-32428.892	-1015.770
594000000	-37084.826	-4628.958	-32455.867	-1048.359
595000000	-37082.762	-4654.848	-32427.914	-1072.041
596000000	-37098.561	-4653.221	-32445.340	-1071.260
597000000	-37103.639	-4636.448	-32467.191	-1054.946
598000000	-37114.623	-4627.633	-32486.990	-1047.022
599000000	-37023.398	-4609.168	-32414.230	-1027.796
600000000	-37035.326	-4584.231	-32451.095	-1002.057
601000000	-37008.370	-4576.844	-32431.526	-996.349
602000000	-37103.077	-4641.772	-32461.306	-1060.547
603000000	-37066.746	-4629.702	-32437.044	-1047.164
604000000	-37033.922	-4565.054	-32468.868	-983.769
605000000	-37095.557	-4620.855	-32474.702	-1038.979
606000000	-37176.656	-4685.024	-32491.632	-1103.699
607000000	-37024.724	-4604.341	-32420.383	-1023.148
608000000	-37098.125	-4643.649	-32454.477	-1062.367
609000000	-37005.663	-4553.797	-32451.866	-973.405
610000000	-37057.136	-4604.646	-32452.490	-1023.115
611000000	-37080.101	-4578.494	-32501.607	-994.424
612000000	-37002.132	-4532.877	-32469.255	-951.563
613000000	-37080.676	-4624.162	-32456.514	-1044.292
614000000	-37141.021	-4691.069	-32449.952	-1108.728
615000000	-37045.380	-4588.625	-32456.755	-1007.509
616000000	-37100.506	-4653.898	-32446.608	-1070.882
617000000	-37044.905	-4609.230	-32435.675	-1027.264
618000000	-37104.482	-4626.823	-32477.659	-1044.223
619000000	-37089.499	-4630.914	-32458.585	-1048.092
620000000	-37089.226	-4621.212	-32468.014	-1039.729
621000000	-37060.157	-4616.031	-32444.126	-1035.616
622000000	-37024.816	-4578.654	-32446.162	-996.759
623000000	-37001.955	-4571.840	-32430.115	-990.888
624000000	-37104.946	-4599.414	-32505.532	-1016.218
625000000	-37139.035	-4604.815	-32534.221	-1023.568
626000000	-37018.260	-4564.517	-32453.743	-982.581
627000000	-37021.232	-4589.328	-32431.904	-1007.632
628000000	-37134.058	-4669.643	-32464.415	-1088.338
629000000	-37101.143	-4632.477	-32468.667	-1052.021
630000000	-37124.261	-4661.638	-32462.623	-1080.385
631000000	-37126.651	-4665.622	-32461.029	-1082.331
632000000	-37086.823	-4644.072	-32442.751	-1063.453
633000000	-37114.122	-4653.822	-32460.300	-1072.013
634000000	-37057.430	-4612.579	-32444.850	-1030.676
635000000	-37108.624	-4653.512	-32455.112	-1072.055
636000000	-37108.212	-4631.231	-32476.980	-1049.583
637000000	-37068.307	-4596.873	-32471.434	-1015.215
638000000	-37066.509	-4593.409	-32473.100	-1012.604
639000000	-37008.204	-4569.904	-32438.300	-988.859
640000000	-37108.168	-4642.936	-32465.233	-1061.071
641000000	-37114.770	-4638.790	-32475.980	-1058.627
642000000	-37151.807	-4657.853	-32493.954	-1076.806
643000000	-37043.857	-4616.653	-32427.204	-1034.477
644000000	-37013.967	-4532.700	-32481.267	-953.829
645000000	-37014.194	-4599.073	-32415.121	-1017.732
646000000	-37128.913	-4668.394	-32460.518	-1086.461
647000000	-37097.243	-4656.089	-32441.154	-1074.959
648000000	-37067.597	-4645.590	-32422.007	-1064.073
649000000	-37094.306	-4646.665	-32447.641	-1064.286
650000000	-37055.787	-4583.186	-32472.601	-1000.994
651000000	-37063.891	-4619.514	-32444.377	-1038.310
652000000	-37090.727	-4623.889	-32466.838	-1041.195
653000000	-37068.980	-4616.183	-32452.797	-1035.034
654000000	-37119.786	-4626.701	-32493.085	-1045.045
655000000	-37102.324	-4618.695	-32483.629	-1035.714
656000000	-37057.092	-4616.468	-32440.623	-1035.385
657000000	-37140.053	-4664.765	-32475.287	-1081.923
658000000	-36941.472	-4531.214	-32410.258	-950.994
659000000	-37130.501	-4660.775	-32469.726	-1080.226
660000000	-37076.789	-4638.523	-32438.266	-1056.404
661000000	-37018.255	-4567.703	-32450.552	-984.695
662000000	-37080.296	-4634.141	-32446.155	-1053.406
663000000	-37094.511	-4640.055	-32454.456	-1058.999
664000000	-37034.411	-4553.537	-32480.874	-972.955
665000000	-37121.388	-4658.593	-32462.795	-1077.017
666000000	-37114.976	-4659.809	-32455.167	-1077.128
667000000	-37076.546	-4610.701	-32465.845	-1029.892
668000000	-37191.193	-4714.623	-32476.570	-1133.827
669000000	-37108.692	-4639.224	-32469.468	-1058.948
670000000	-37111.590	-4652.762	-32458.827	-1071.617
671000000	-37126.864	-4665.494	-32461.370	-1084.738
672000000	-37132.921	-4645.930	-32486.991	-1065.269
673000000	-37178.330	-4686.573	-32491.758	-1105.091
674000000	-37071.449	-4651.090	-32420.359	-1069.662
675000000	-37050.319	-4575.446	-32474.873	-994.958
676000000	-37096.927	-4623.875	-32473.052	-1043.322
677000000	-37103.163	-4654.089	-32449.074	-1072.390
678000000	-37007.913	-4559.719	-32448.194	-979.245
679000000	-37108.173	-4668.034	-32440.139	-1085.946
680000000	-37061.361	-4569.760	-32491.601	-987.680
681000000	-37096.125	-4634.149	-32461.976	-1052.245
682000000	-37015.457	-4582.093	-32433.364	-999.863
683000000	-37053.148	-4593.278	-32459.869	-1010.298
684000000	-37146.116	-4704.272	-32441.844	-1121.856
685000000	-37115.106	-4640.241	-32474.866	-1056.990
686000000	-37129.192	-4685.182	-32444.010	-1104.660
687000000	-37113.120	-4662.195	-32450.925	-1081.367
688000000	-37071.450	-4599.686	-32471.764	-1019.522
689000000	-37061.205	-4611.998	-32449.207	-1029.478
690000000	-37073.317	-4616.302	-32457.015	-1035.725
691000000	-37048.651	-4625.118	-32423.533	-1042.850
692000000	-37021.698	-4574.845	-32446.852	-993.131
693000000	-37031.033	-4569.352	-32461.680	-987.515
694000000	-37133.987	-4674.357	-32459.630	-1091.769
695000000	-37066.552	-4598.904	-32467.648	-1017.688
696000000	-37081.314	-4627.146	-32454.168	-1046.399
697000000	-37095.295	-4629.367	-32465.928	-1047.867
698000000	-37056.040	-4595.439	-32460.600	-1013.545
699000000	-37045.112	-4603.687	-32441.425	-1022.743
700000000	-37038.405	-4613.927	-32424.478	-1032.060
701000000	-37129.604	-4675.977	-32453.627	-1093.245
702000000	-37110.714	-4675.447	-32435.266	-1093.968
703000000	-37124.336	-4631.444	-32492.892	-1050.626
704000000	-37102.335	-4628.271	-32474.064	-1045.849
705000000	-37114.634	-4665.715	-32448.918	-1085.047
706000000	-37062.098	-4591.383	-32470.715	-1009.886
707000000	-37039.834	-4606.336	-32433.498	-1025.119
708000000	-37113.808	-4623.407	-32490.401	-1040.093
709000000	-37090.697	-4653.897	-32436.799	-1072.092
710000000	-37018.138	-4585.419	-32432.719	-1004.071
711000000	-37168.290	-4665.039	-32503.252	-1082.975
712000000	-37100.002	-4616.899	-32483.102	-1035.365
713000000	-37068.572	-4591.384	-32477.188	-1011.345
714000000	-37056.043	-4597.154	-32458.889	-1016.556
715000000	-37110.424	-4654.778	-32455.646	-1072.390
716000000	-37009.908	-4536.973	-32472.935	-955.579
717000000	-37136.152	-4643.561	-32492.591	-1062.399
718000000	-37176.660	-4681.963	-32494.697	-1099.429
719000000	-37031.178	-4577.540	-32453.637	-995.911
720000000	-37135.392	-4675.034	-32460.358	-1094.044
721000000	-37060.609	-4597.798	-32462.810	-1015.995
722000000	-37102.196	-4614.401	-32487.796	-1032.235
723000000	-37081.291	-4618.369	-32462.922	-1037.162
724000000	-37098.551	-4625.149	-32473.401	-1043.840
725000000	-37095.529	-4593.725	-32501.804	-1011.398
726000000	-37016.864	-4591.158	-32425.706	-1008.478
727000000	-37038.587	-4581.552	-32457.035	-1000.470
728000000	-37078.853	-4623.610	-32455.243	-1041.127
729000000	-37035.073	-4573.348	-32461.725	-991.969
730000000	-37089.642	-4653.306	-32436.336	-1070.699
731000000	-37047.246	-4581.399	-32465.846	-999.363
732000000	-37133.409	-4658.083	-32475.326	-1075.699
733000000	-37057.809	-4597.772	-32460.037	-1017.015
734000000	-37151.297	-4701.814	-32449.483	-1118.771
735000000	-37026.715	-4544.262	-32482.452	-964.238
736000000	-37157.679	-4697.747	-32459.933	-1114.917
737000000	-37009.459	-4561.710	-32447.749	-979.498
738000000	-37083.197	-4620.622	-32462.575	-1037.969
739000000	-37020.594	-4568.903	-32451.691	-985.693
740000000	-37071.175	-4610.941	-32460.235	-1030.608
741000000	-37092.902	-4640.316	-32452.586	-1058.376
742000000	-37088.044	-4651.728	-32436.316	-1069.311
743000000	-37133.595	-4679.387	-32454.208	-1097.556
744000000	-37079.350	-4629.694	-32449.656	-1050.844
745000000	-37069.504	-4623.977	-32445.527	-1042.832
746000000	-37052.887	-4583.611	-32469.276	-1001.324
747000000	-37092.529	-4608.478	-32484.051	-1027.805
748000000	-37046.316	-4621.140	-32425.176	-1040.409
749000000	-37086.559	-4624.775	-32461.784	-1042.688
750000000	-37136.282	-4683.928	-32452.354	-1101.590
751000000	-37136.933	-4681.098	-32455.835	-1100.132
752000000	-37052.404	-4598.370	-32454.034	-1016.473
753000000	-37055.964	-4598.231	-32457.732	-1015.908
754000000	-37065.614	-4608.206	-32457.408	-1025.935
755000000	-37072.207	-4643.923	-32428.284	-1062.973
756000000	-37118.983	-4640.436	-32478.547	-1057.242
757000000	-37099.320	-4632.609	-32466.711	-1050.922
758000000	-37080.239	-4635.993	-32444.246	-1054.809
759000000	-37117.351	-4671.430	-32445.921	-1090.534
760000000	-37093.355	-4634.982	-32458.374	-1054.744
761000000	-37075.405	-4614.849	-32460.556	-1033.273
762000000	-37095.714	-4635.992	-32459.722	-1053.610
763000000	-37033.377	-4569.468	-32463.909	-989.080
764000000	-37076.792	-4604.436	-32472.356	-1022.540
765000000	-37024.390	-4562.478	-32461.911	-981.604
766000000	-37083.910	-4616.371	-32467.539	-1034.865
767000000	-37020.350	-4561.067	-32459.282	-981.807
768000000	-37142.462	-4671.534	-32470.929	-1089.364
769000000	-37094.278	-4624.299	-32469.980	-1042.559
770000000	-37077.435	-4629.792	-32447.643	-1050.672
771000000	-37018.978	-4561.992	-32456.986	-982.765
772000000	-37004.300	-4544.171	-32460.129	-963.068
773000000	-37068.673	-4622.362	-32446.311	-1041.344
774000000	-37080.101	-4623.715	-32456.386	-1041.130
775000000	-37145.871	-4658.800	-32487.072	-1076.883
776000000	-37027.555	-4605.790	-32421.765	-1023.986
777000000	-37100.023	-4661.463	-32438.559	-1079.455
778000000	-37057.379	-4596.324	-32461.056	-1015.239
779000000	-36958.029	-4517.124	-32440.905	-937.467
780000000	-37115.713	-4660.090	-32455.623	-1076.917
781000000	-37110.406	-4639.336	-32471.070	-1058.860
782000000	-37056.267	-4593.402	-32462.865	-1010.791
783000000	-37063.047	-4606.965	-32456.082	-1027.208
784000000	-37096.842	-4626.296	-32470.546	-1045.757
785000000	-37175.223	-4671.847	-32503.376	-1091.003
786000000	-37086.018	-4619.094	-32466.925	-1036.276
787000000	-37060.092	-4595.805	-32464.287	-1012.913
788000000	-37115.593	-4630.514	-32485.079	-1048.858
789000000	-37083.445	-4601.708	-32481.737	-1020.704
790000000	-37049.481	-4627.042	-32422.440	-1045.853
791000000	-37054.755	-4616.221	-32438.533	-1034.952
792000000	-37075.884	-4622.383	-32453.501	-1041.963
793000000	-37108.170	-4627.689	-32480.481	-1048.202
794000000	-37158.785	-4657.521	-32501.263	-1077.054
795000000	-37054.386	-4607.758	-32446.628	-1026.606
796000000	-37072.923	-4621.628	-32451.295	-1039.339
797000000	-37035.154	-4609.656	-32425.498	-1028.904
798000000	-37085.085	-4640.901	-32444.184	-1059.697
799000000	-37091.417	-4628.928	-32462.489	-1047.070
800000000	-37071.761	-4610.238	-32461.523	-1027.761
