state	posterior	prior	likelihood	skygrid
1000000	-37084.777	-4602.332	-32482.444	-1020.496
2000000	-37019.124	-4572.002	-32447.122	-991.812
3000000	-37125.672	-4676.407	-32449.265	-1093.663
4000000	-37073.827	-4605.356	-32468.471	-1023.597
5000000	-37084.054	-4630.509	-32453.545	-1049.224
6000000	-37032.366	-4601.462	-32430.903	-1021.420
7000000	-37137.618	-4659.410	-32478.208	-1077.614
8000000	-37106.521	-4646.827	-32459.694	-1065.050
9000000	-37062.356	-4593.095	-32469.261	-1011.812
10000000	-37042.100	-4587.456	-32454.644	-1005.883
11000000	-37093.564	-4657.333	-32436.231	-1075.654
12000000	-37123.350	-4666.533	-32456.817	-1085.120
13000000	-37085.045	-4623.061	-32461.983	-1041.929
14000000	-37062.759	-4622.404	-32440.355	-1039.926
15000000	-37053.088	-4604.041	-32449.047	-1023.055
16000000	-37096.750	-4647.946	-32448.804	-1066.268
17000000	-37100.851	-4637.540	-32463.311	-1056.754
18000000	-37122.759	-4664.763	-32457.996	-1083.637
19000000	-37029.641	-4561.310	-32468.331	-978.755
20000000	-37081.594	-4631.147	-32450.447	-1048.760
21000000	-36976.554	-4550.367	-32426.188	-969.275
22000000	-37142.350	-4640.399	-32501.951	-1058.204
23000000	-37085.924	-4652.061	-32433.862	-1069.953
24000000	-37107.876	-4654.041	-32453.835	-1072.211
25000000	-37084.887	-4620.590	-32464.296	-1038.101
26000000	-37112.066	-4652.109	-32459.957	-1069.734
27000000	-37072.713	-4614.045	-32458.668	-1031.869
28000000	-37108.345	-4599.354	-32508.992	-1015.901
29000000	-37005.243	-4551.461	-32453.783	-971.349
30000000	-37055.166	-4574.987	-32480.178	-993.510
31000000	-37142.183	-4666.692	-32475.491	-1083.993
32000000	-37134.245	-4643.233	-32491.012	-1061.967
33000000	-37007.331	-4577.770	-32429.561	-996.576
34000000	-37085.483	-4620.683	-32464.800	-1038.242
35000000	-37105.087	-4627.854	-32477.233	-1047.439
36000000	-37120.168	-4659.563	-32460.605	-1078.111
37000000	-37101.020	-4650.300	-32450.720	-1068.811
38000000	-37064.537	-4585.983	-32478.554	-1005.661
39000000	-37055.566	-4588.363	-32467.203	-1008.764
40000000	-37043.119	-4568.771	-32474.348	-985.835
41000000	-37129.639	-4666.227	-32463.412	-1084.400
42000000	-37087.887	-4628.032	-32459.855	-1045.978
43000000	-36988.866	-4547.376	-32441.490	-965.412
44000000	-37023.871	-4603.664	-32420.206	-1021.725
45000000	-37001.868	-4539.995	-32461.873	-957.230
46000000	-37089.839	-4621.596	-32468.243	-1040.204
47000000	-37153.071	-4677.611	-32475.460	-1095.047
48000000	-37093.558	-4628.517	-32465.041	-1046.724
49000000	-37074.211	-4638.055	-32436.156	-1056.302
50000000	-37156.275	-4673.291	-32482.983	-1091.622
51000000	-37061.498	-4629.897	-32431.601	-1047.051
52000000	-37130.266	-4661.604	-32468.661	-1079.466
53000000	-37063.688	-4618.615	-32445.073	-1036.599
54000000	-37131.729	-4681.965	-32449.764	-1100.787
55000000	-37180.718	-4677.518	-32503.200	-1096.029
56000000	-37069.376	-4624.579	-32444.797	-1042.920
57000000	-37101.863	-4649.081	-32452.782	-1067.549
58000000	-37082.248	-4621.280	-32460.969	-1039.551
59000000	-37028.723	-4561.568	-32467.155	-980.178
60000000	-37072.998	-4578.052	-32494.946	-995.758
61000000	-37063.382	-4600.930	-32462.452	-1020.421
62000000	-37083.052	-4643.402	-32439.650	-1062.628
63000000	-37019.748	-4562.977	-32456.771	-980.433
64000000	-37017.641	-4572.112	-32445.530	-990.921
65000000	-37022.920	-4545.125	-32477.794	-962.643
66000000	-37001.763	-4553.541	-32448.222	-973.446
67000000	-37157.186	-4684.100	-32473.086	-1100.794
68000000	-37100.047	-4629.114	-32470.933	-1046.366
69000000	-37083.291	-4655.975	-32427.316	-1075.557
70000000	-37080.794	-4636.647	-32444.148	-1055.197
71000000	-37137.541	-4681.393	-32456.147	-1098.416
72000000	-37081.818	-4616.959	-32464.859	-1035.137
73000000	-37102.245	-4637.391	-32464.854	-1055.357
74000000	-37067.519	-4607.240	-32460.279	-1025.169
75000000	-37032.371	-4590.923	-32441.448	-1008.465
76000000	-37045.251	-4598.281	-32446.969	-1016.916
77000000	-37110.460	-4634.467	-32475.993	-1053.184
78000000	-37083.122	-4599.226	-32483.896	-1018.322
79000000	-37023.435	-4591.213	-32432.222	-1009.800
80000000	-37070.900	-4627.157	-32443.743	-1045.824
81000000	-37034.966	-4577.415	-32457.551	-996.038
82000000	-37072.606	-4633.681	-32438.925	-1051.792
83000000	-37006.455	-4573.216	-32433.239	-992.763
84000000	-37084.176	-4573.837	-32510.339	-992.508
85000000	-37066.630	-4588.369	-32478.260	-1007.542
86000000	-37052.867	-4584.767	-32468.100	-1004.216
87000000	-37113.632	-4626.811	-32486.821	-1045.677
88000000	-37145.798	-4681.411	-32464.387	-1099.782
89000000	-37058.549	-4602.583	-32455.966	-1020.028
90000000	-37117.524	-4624.615	-32492.910	-1044.027
91000000	-37036.894	-4550.356	-32486.538	-969.384
92000000	-37005.886	-4573.436	-32432.450	-991.863
93000000	-37024.859	-4572.372	-32452.487	-991.324
94000000	-37083.385	-4643.266	-32440.118	-1063.229
95000000	-37141.244	-4689.428	-32451.816	-1108.401
96000000	-37072.861	-4639.472	-32433.389	-1058.066
97000000	-37096.240	-4651.305	-32444.935	-1070.684
98000000	-37080.546	-4607.040	-32473.506	-1026.336
99000000	-37064.510	-4612.444	-32452.065	-1031.513
100000000	-36955.406	-4504.517	-32450.889	-924.466
101000000	-37204.791	-4711.258	-32493.533	-1128.668
102000000	-37096.760	-4677.137	-32419.624	-1095.184
103000000	-37083.316	-4595.191	-32488.125	-1013.667
104000000	-37166.056	-4672.314	-32493.742	-1090.417
105000000	-37023.208	-4553.888	-32469.320	-974.718
106000000	-37006.953	-4553.545	-32453.409	-974.024
107000000	-37073.767	-4638.077	-32435.690	-1055.006
108000000	-37113.295	-4630.905	-32482.390	-1049.439
109000000	-37013.900	-4555.853	-32458.047	-973.936
110000000	-37102.101	-4639.624	-32462.477	-1056.441
111000000	-37119.794	-4633.641	-32486.154	-1052.696
112000000	-37087.742	-4621.718	-32466.024	-1038.809
113000000	-37094.811	-4614.789	-32480.022	-1033.930
114000000	-37108.818	-4636.096	-32472.722	-1054.152
115000000	-36998.888	-4539.564	-32459.324	-957.479
116000000	-37121.704	-4647.421	-32474.283	-1065.928
117000000	-37110.459	-4659.333	-32451.127	-1078.077
118000000	-37129.922	-4667.631	-32462.291	-1085.556
119000000	-37111.199	-4630.043	-32481.156	-1049.678
120000000	-37105.330	-4635.047	-32470.283	-1053.634
121000000	-36997.908	-4567.450	-32430.458	-986.814
122000000	-37030.036	-4561.858	-32468.178	-980.767
123000000	-36974.118	-4555.614	-32418.504	-974.155
124000000	-37097.087	-4617.853	-32479.233	-1037.805
125000000	-37035.278	-4573.109	-32462.169	-991.624
126000000	-37046.840	-4597.870	-32448.969	-1018.186
127000000	-36970.345	-4550.675	-32419.670	-969.440
128000000	-37129.897	-4661.140	-32468.757	-1078.336
129000000	-37079.167	-4637.527	-32441.640	-1056.828
130000000	-37103.486	-4652.040	-32451.446	-1071.782
131000000	-37121.146	-4688.186	-32432.960	-1106.813
132000000	-37076.070	-4619.612	-32456.457	-1039.292
133000000	-37107.965	-4638.463	-32469.502	-1057.960
134000000	-37036.731	-4595.744	-32440.987	-1014.363
135000000	-36971.097	-4538.007	-32433.090	-955.777
136000000	-37063.070	-4593.408	-32469.663	-1012.510
137000000	-37046.267	-4585.034	-32461.234	-1003.332
138000000	-37011.062	-4564.789	-32446.273	-982.866
139000000	-37133.042	-4639.021	-32494.021	-1056.851
140000000	-37054.760	-4598.752	-32456.008	-1017.458
141000000	-37058.853	-4580.778	-32478.075	-999.014
142000000	-37138.423	-4676.998	-32461.425	-1093.987
143000000	-37154.566	-4663.173	-32491.393	-1081.087
144000000	-37102.495	-4627.461	-32475.034	-1046.624
145000000	-37061.688	-4613.809	-32447.879	-1031.871
146000000	-37138.336	-4650.802	-32487.534	-1067.696
147000000	-37131.705	-4663.749	-32467.955	-1082.444
148000000	-37078.879	-4627.236	-32451.644	-1045.954
149000000	-37089.900	-4621.951	-32467.948	-1040.535
150000000	-37074.187	-4651.059	-32423.129	-1070.446
151000000	-37124.598	-4656.652	-32467.947	-1075.788
152000000	-37072.796	-4616.163	-32456.633	-1036.272
153000000	-37136.298	-4666.809	-32469.489	-1084.505
154000000	-37107.275	-4640.432	-32466.843	-1058.782
155000000	-37084.491	-4621.879	-32462.611	-1041.461
156000000	-37148.734	-4688.911	-32459.823	-1106.187
157000000	-37142.129	-4677.665	-32464.464	-1095.176
158000000	-37084.782	-4615.024	-32469.758	-1033.436
159000000	-37069.116	-4629.118	-32439.998	-1048.205
160000000	-37091.822	-4601.234	-32490.588	-1020.728
161000000	-37084.054	-4607.642	-32476.412	-1027.065
162000000	-37111.568	-4661.900	-32449.668	-1080.704
163000000	-37036.797	-4557.257	-32479.540	-976.140
164000000	-37068.763	-4647.272	-32421.491	-1065.717
165000000	-37086.318	-4618.654	-32467.664	-1036.674
166000000	-37018.801	-4564.305	-32454.496	-982.300
167000000	-37121.533	-4670.615	-32450.918	-1088.974
168000000	-37051.897	-4579.993	-32471.905	-999.365
169000000	-37040.019	-4573.761	-32466.259	-993.558
170000000	-37032.788	-4595.788	-32437.001	-1014.205
171000000	-37082.227	-4609.362	-32472.864	-1027.224
172000000	-37075.970	-4600.850	-32475.120	-1019.265
173000000	-37034.001	-4556.274	-32477.727	-975.709
174000000	-37103.215	-4657.816	-32445.399	-1076.668
175000000	-37050.077	-4575.709	-32474.369	-994.817
176000000	-37153.829	-4669.178	-32484.652	-1087.885
177000000	-37123.788	-4668.078	-32455.710	-1087.088
178000000	-37097.946	-4640.883	-32457.064	-1059.151
179000000	-37094.740	-4641.199	-32453.541	-1059.974
180000000	-37186.604	-4694.250	-32492.354	-1112.089
181000000	-37034.550	-4565.396	-32469.154	-984.581
182000000	-36980.082	-4534.295	-32445.787	-952.695
183000000	-37117.216	-4618.448	-32498.768	-1038.042
184000000	-37138.807	-4657.266	-32481.542	-1076.163
185000000	-37154.726	-4672.990	-32481.736	-1090.141
186000000	-37090.447	-4627.599	-32462.848	-1044.891
187000000	-37130.830	-4648.361	-32482.469	-1064.619
188000000	-37113.427	-4653.331	-32460.097	-1072.078
189000000	-37052.371	-4583.338	-32469.033	-1002.669
190000000	-37154.452	-4689.243	-32465.209	-1107.051
191000000	-37134.822	-4664.112	-32470.710	-1082.487
192000000	-37048.664	-4580.113	-32468.551	-998.208
193000000	-37006.147	-4561.867	-32444.280	-981.160
194000000	-37029.676	-4564.488	-32465.189	-982.924
195000000	-37052.939	-4591.650	-32461.289	-1009.607
196000000	-37065.150	-4590.403	-32474.747	-1008.288
197000000	-37013.140	-4565.882	-32447.258	-984.542
198000000	-37068.059	-4635.984	-32432.075	-1055.355
199000000	-37080.171	-4615.221	-32464.950	-1033.695
200000000	-36960.714	-4501.237	-32459.477	-920.951
201000000	-37096.472	-4628.649	-32467.823	-1047.368
202000000	-37106.042	-4630.936	-32475.106	-1047.479
203000000	-36978.437	-4550.521	-32427.916	-968.536
204000000	-37047.675	-4584.182	-32463.493	-1004.349
205000000	-37110.650	-4641.386	-32469.264	-1059.149
206000000	-37045.712	-4590.292	-32455.420	-1009.386
207000000	-37091.672	-4630.653	-32461.020	-1047.934
208000000	-37015.843	-4535.401	-32480.442	-953.482
209000000	-37055.751	-4642.824	-32412.927	-1060.390
210000000	-37094.436	-4619.928	-32474.508	-1038.548
211000000	-37021.445	-4599.279	-32422.166	-1018.101
212000000	-37070.936	-4628.988	-32441.948	-1048.056
213000000	-37023.644	-4568.820	-32454.824	-986.900
214000000	-37047.379	-4607.168	-32440.211	-1026.007
215000000	-37088.681	-4621.471	-32467.210	-1041.248
216000000	-37064.410	-4578.488	-32485.922	-996.509
217000000	-37127.058	-4660.464	-32466.594	-1079.522
218000000	-37100.808	-4639.078	-32461.730	-1058.122
219000000	-37095.764	-4649.116	-32446.648	-1068.571
220000000	-37114.155	-4633.603	-32480.552	-1051.716
221000000	-37035.264	-4579.730	-32455.534	-997.473
222000000	-37108.535	-4618.211	-32490.324	-1037.305
223000000	-37105.599	-4634.536	-32471.063	-1054.202
224000000	-37131.239	-4662.248	-32468.991	-1080.187
225000000	-37119.118	-4651.100	-32468.018	-1069.765
226000000	-37074.406	-4601.868	-32472.537	-1020.612
227000000	-37096.744	-4611.956	-32484.789	-1030.753
228000000	-37088.345	-4644.982	-32443.362	-1062.827
229000000	-37093.497	-4621.127	-32472.370	-1041.112
230000000	-37053.011	-4586.748	-32466.264	-1006.396
231000000	-37063.443	-4603.779	-32459.664	-1021.533
232000000	-37066.763	-4622.976	-32443.787	-1040.991
233000000	-37114.918	-4631.549	-32483.369	-1050.664
234000000	-36978.508	-4556.990	-32421.517	-974.105
235000000	-37134.210	-4681.187	-32453.022	-1099.365
236000000	-37028.148	-4600.563	-32427.585	-1020.482
237000000	-37043.309	-4605.386	-32437.923	-1023.638
238000000	-37113.182	-4641.956	-32471.227	-1059.842
239000000	-37019.050	-4553.357	-32465.693	-972.192
240000000	-37096.727	-4619.401	-32477.326	-1038.012
241000000	-37080.835	-4638.091	-32442.744	-1056.458
242000000	-37149.314	-4670.684	-32478.631	-1089.025
243000000	-37058.417	-4598.645	-32459.771	-1016.427
244000000	-37124.392	-4646.274	-32478.118	-1066.239
245000000	-37072.603	-4605.525	-32467.078	-1025.125
246000000	-37004.442	-4547.588	-32456.854	-967.858
247000000	-37057.621	-4597.961	-32459.659	-1017.054
248000000	-37142.610	-4671.308	-32471.303	-1089.752
249000000	-37014.421	-4555.849	-32458.572	-974.753
250000000	-37066.087	-4624.330	-32441.757	-1043.974
251000000	-37067.734	-4615.645	-32452.089	-1033.906
252000000	-37075.931	-4633.876	-32442.055	-1052.796
253000000	-37136.684	-4691.253	-32445.431	-1110.475
254000000	-37129.143	-4680.583	-32448.560	-1098.044
255000000	-37057.589	-4587.634	-32469.954	-1006.943
256000000	-37152.377	-4691.233	-32461.143	-1108.802
257000000	-37058.739	-4587.913	-32470.825	-1006.210
258000000	-37000.181	-4509.179	-32491.003	-928.057
259000000	-37004.051	-4534.244	-32469.806	-951.889
260000000	-37090.275	-4612.170	-32478.105	-1030.434
261000000	-37064.584	-4630.946	-32433.638	-1049.404
262000000	-37104.084	-4642.980	-32461.105	-1061.130
263000000	-37068.416	-4593.834	-32474.582	-1012.650
264000000	-37095.684	-4635.351	-32460.333	-1054.397
265000000	-37081.500	-4595.524	-32485.976	-1013.721
266000000	-37062.610	-4590.434	-32472.176	-1009.111
267000000	-37132.102	-4659.181	-32472.921	-1076.974
268000000	-36988.698	-4527.775	-32460.922	-945.875
269000000	-37079.272	-4612.296	-32466.976	-1031.599
270000000	-37025.571	-4588.469	-32437.102	-1006.161
271000000	-37109.863	-4657.126	-32452.737	-1074.514
272000000	-37079.512	-4648.371	-32431.141	-1067.197
273000000	-37083.177	-4633.406	-32449.771	-1051.987
274000000	-37094.408	-4622.293	-32472.115	-1041.380
275000000	-37059.986	-4609.209	-32450.777	-1027.702
276000000	-37057.992	-4609.984	-32448.008	-1028.159
277000000	-37096.622	-4595.425	-32501.197	-1014.438
278000000	-37037.626	-4580.027	-32457.599	-1000.094
279000000	-37033.727	-4618.215	-32415.511	-1035.364
280000000	-37161.464	-4696.926	-32464.538	-1116.503
281000000	-37047.813	-4593.254	-32454.559	-1011.851
282000000	-37103.263	-4618.162	-32485.101	-1036.973
283000000	-37076.088	-4608.978	-32467.110	-1028.414
284000000	-37095.370	-4612.624	-32482.746	-1031.382
285000000	-37094.188	-4664.699	-32429.488	-1083.959
286000000	-37049.760	-4630.390	-32419.370	-1048.365
287000000	-37050.472	-4568.259	-32482.212	-986.249
288000000	-37043.720	-4596.715	-32447.006	-1015.952
289000000	-37039.325	-4593.652	-32445.673	-1012.798
290000000	-37057.116	-4591.153	-32465.963	-1008.351
291000000	-37075.416	-4646.748	-32428.668	-1064.907
292000000	-37123.547	-4657.217	-32466.330	-1075.439
293000000	-37058.009	-4618.503	-32439.506	-1036.153
294000000	-37055.228	-4623.004	-32432.224	-1040.164
295000000	-37064.290	-4609.275	-32455.015	-1027.972
296000000	-37058.967	-4613.508	-32445.459	-1033.517
297000000	-37099.162	-4649.240	-32449.922	-1067.369
298000000	-36971.759	-4522.891	-32448.868	-941.739
299000000	-36984.224	-4558.981	-32425.243	-977.219
300000000	-37031.525	-4565.351	-32466.174	-984.115
301000000	-37082.095	-4634.248	-32447.848	-1053.113
302000000	-37104.428	-4644.048	-32460.380	-1062.376
303000000	-37042.423	-4623.321	-32419.101	-1042.312
304000000	-37046.441	-4576.949	-32469.492	-995.468
305000000	-37051.049	-4583.929	-32467.120	-1002.802
306000000	-37098.612	-4636.599	-32462.013	-1055.816
307000000	-37122.330	-4660.185	-32462.145	-1078.741
308000000	-37122.683	-4644.053	-32478.630	-1061.534
309000000	-37090.355	-4596.040	-32494.316	-1013.974
310000000	-37099.272	-4615.610	-32483.662	-1035.190
311000000	-37062.220	-4616.966	-32445.254	-1033.615
312000000	-37076.909	-4638.106	-32438.803	-1056.699
313000000	-37092.035	-4643.676	-32448.359	-1061.315
314000000	-37066.577	-4582.285	-32484.292	-1002.019
315000000	-37110.851	-4666.235	-32444.616	-1084.882
316000000	-37129.611	-4655.720	-32473.890	-1074.737
317000000	-37063.427	-4611.285	-32452.142	-1030.163
318000000	-37017.002	-4561.776	-32455.226	-982.585
319000000	-37017.426	-4586.835	-32430.591	-1005.225
320000000	-37094.195	-4652.831	-32441.364	-1070.740
321000000	-37073.917	-4629.336	-32444.581	-1048.877
322000000	-37067.705	-4610.951	-32456.754	-1028.479
323000000	-37020.387	-4570.183	-32450.203	-989.018
324000000	-37046.888	-4624.340	-32422.549	-1042.637
325000000	-37050.309	-4610.525	-32439.784	-1027.706
326000000	-37054.803	-4576.044	-32478.759	-994.152
327000000	-37087.370	-4646.762	-32440.607	-1065.109
328000000	-37085.074	-4628.308	-32456.766	-1045.324
329000000	-37072.592	-4614.460	-32458.132	-1032.884
330000000	-37094.231	-4630.123	-32464.108	-1049.419
331000000	-37040.071	-4598.715	-32441.356	-1018.765
332000000	-37116.976	-4679.749	-32437.227	-1098.565
333000000	-37019.345	-4571.776	-32447.569	-991.248
334000000	-37060.746	-4618.635	-32442.111	-1037.198
335000000	-37108.412	-4644.695	-32463.717	-1064.678
336000000	-37120.733	-4664.718	-32456.014	-1084.539
337000000	-37032.253	-4581.508	-32450.745	-1000.071
338000000	-37122.908	-4632.387	-32490.521	-1049.838
339000000	-37079.225	-4633.821	-32445.404	-1052.527
340000000	-37052.190	-4568.566	-32483.624	-986.062
341000000	-36978.450	-4533.302	-32445.148	-953.891
342000000	-37091.850	-4660.018	-32431.832	-1076.608
343000000	-37046.532	-4602.308	-32444.225	-1020.877
344000000	-37115.165	-4642.942	-32472.223	-1061.048
345000000	-37096.820	-4645.307	-32451.514	-1064.128
346000000	-37131.915	-4666.426	-32465.490	-1085.124
347000000	-37133.808	-4681.529	-32452.279	-1099.620
348000000	-37135.895	-4673.043	-32462.852	-1090.396
349000000	-37074.563	-4628.148	-32446.415	-1048.466
350000000	-37094.936	-4622.948	-32471.988	-1041.757
351000000	-37058.845	-4599.318	-32459.526	-1017.702
352000000	-37000.441	-4560.788	-32439.653	-980.144
353000000	-37019.206	-4582.200	-32437.006	-1001.388
354000000	-37073.808	-4601.437	-32472.372	-1020.472
355000000	-37072.583	-4619.353	-32453.231	-1038.021
356000000	-37095.370	-4615.682	-32479.688	-1035.273
357000000	-37066.446	-4580.004	-32486.442	-998.895
358000000	-37059.029	-4607.330	-32451.699	-1026.038
359000000	-37148.066	-4650.670	-32497.397	-1069.916
360000000	-37088.682	-4649.657	-32439.025	-1068.061
361000000	-37043.504	-4595.802	-32447.701	-1013.515
362000000	-37097.094	-4631.923	-32465.170	-1050.740
363000000	-37092.167	-4654.681	-32437.486	-1074.069
364000000	-37003.556	-4531.858	-32471.697	-950.893
365000000	-37108.918	-4660.006	-32448.912	-1079.701
366000000	-37099.974	-4619.893	-32480.081	-1038.430
367000000	-37040.240	-4589.477	-32450.764	-1007.873
368000000	-37123.603	-4651.827	-32471.776	-1068.584
369000000	-37078.119	-4636.732	-32441.387	-1056.333
370000000	-37090.604	-4659.358	-32431.246	-1077.735
371000000	-37132.332	-4678.658	-32453.674	-1096.405
372000000	-37053.705	-4616.647	-32437.058	-1036.145
373000000	-37074.447	-4619.099	-32455.349	-1036.885
374000000	-37041.300	-4586.132	-32455.168	-1004.204
375000000	-37001.654	-4556.764	-32444.890	-975.507
376000000	-36958.445	-4520.660	-32437.785	-939.996
377000000	-37020.372	-4593.483	-32426.889	-1013.501
378000000	-37072.074	-4612.149	-32459.924	-1030.661
379000000	-37113.394	-4640.512	-32472.882	-1059.829
380000000	-37045.073	-4606.552	-32438.521	-1025.328
381000000	-37075.242	-4649.059	-32426.184	-1066.865
382000000	-37004.780	-4568.127	-32436.653	-986.332
383000000	-37076.431	-4635.081	-32441.350	-1051.757
384000000	-37088.587	-4633.494	-32455.093	-1053.008
385000000	-37053.011	-4588.635	-32464.376	-1006.743
386000000	-37093.313	-4630.777	-32462.536	-1049.783
387000000	-37097.328	-4641.007	-32456.321	-1058.309
388000000	-37095.215	-4644.629	-32450.586	-1062.160
389000000	-37090.136	-4648.596	-32441.541	-1065.692
390000000	-37108.196	-4646.558	-32461.639	-1063.282
391000000	-37101.463	-4651.996	-32449.467	-1069.714
392000000	-37039.570	-4591.936	-32447.634	-1012.654
393000000	-37069.213	-4607.073	-32462.140	-1025.358
394000000	-37097.807	-4621.615	-32476.192	-1040.822
395000000	-37115.786	-4647.989	-32467.797	-1066.291
396000000	-37054.323	-4615.065	-32439.258	-1033.304
397000000	-37129.196	-4649.238	-32479.958	-1070.094
398000000	-37055.475	-4626.698	-32428.777	-1045.275
399000000	-37121.617	-4691.211	-32430.407	-1109.351
400000000	-37062.529	-4601.983	-32460.546	-1020.814
401000000	-37110.897	-4614.097	-32496.800	-1033.877
402000000	-37107.299	-4686.187	-32421.112	-1104.969
403000000	-37112.643	-4664.556	-32448.088	-1083.193
404000000	-36991.615	-4582.545	-32409.070	-1000.613
405000000	-37050.816	-4601.958	-32448.858	-1021.877
406000000	-37063.134	-4609.527	-32453.608	-1027.607
407000000	-37015.333	-4541.709	-32473.624	-960.993
408000000	-37027.302	-4541.501	-32485.800	-960.319
409000000	-37070.013	-4628.860	-32441.153	-1047.947
410000000	-37073.122	-4607.393	-32465.729	-1026.371
411000000	-37102.455	-4631.646	-32470.809	-1050.647
412000000	-37018.295	-4594.089	-32424.206	-1013.662
413000000	-37101.620	-4623.006	-32478.613	-1042.757
414000000	-37088.154	-4613.084	-32475.071	-1032.745
415000000	-37092.526	-4615.508	-32477.018	-1034.000
416000000	-37121.164	-4658.322	-32462.842	-1078.500
417000000	-37105.732	-4641.823	-32463.909	-1059.098
418000000	-37025.611	-4566.914	-32458.698	-984.964
419000000	-37048.877	-4605.616	-32443.261	-1026.693
420000000	-37095.081	-4624.017	-32471.064	-1042.814
421000000	-37111.199	-4646.780	-32464.419	-1064.890
422000000	-37054.241	-4615.517	-32438.723	-1031.426
423000000	-37036.376	-4576.262	-32460.114	-994.469
424000000	-37046.903	-4597.850	-32449.052	-1017.483
425000000	-37041.219	-4600.677	-32440.541	-1019.250
426000000	-37062.973	-4637.161	-32425.812	-1053.726
427000000	-37059.508	-4585.280	-32474.228	-1004.522
428000000	-37019.213	-4591.737	-32427.476	-1009.394
429000000	-37038.126	-4601.684	-32436.442	-1020.937
430000000	-37052.813	-4606.820	-32445.993	-1025.555
431000000	-37105.685	-4658.463	-32447.222	-1076.446
432000000	-37081.615	-4622.053	-32459.563	-1040.778
433000000	-37024.327	-4604.605	-32419.721	-1022.588
434000000	-37023.055	-4564.731	-32458.324	-982.808
435000000	-37062.367	-4626.252	-32436.116	-1046.587
436000000	-37101.917	-4627.439	-32474.478	-1045.958
437000000	-37084.981	-4644.595	-32440.386	-1063.114
438000000	-37138.375	-4673.395	-32464.980	-1093.789
439000000	-37100.275	-4628.765	-32471.510	-1045.707
440000000	-36995.554	-4566.428	-32429.126	-984.310
441000000	-37128.276	-4661.888	-32466.388	-1080.573
442000000	-37082.476	-4592.446	-32490.030	-1012.085
443000000	-37153.906	-4703.062	-32450.844	-1120.854
444000000	-37045.913	-4606.335	-32439.578	-1024.353
445000000	-37097.688	-4652.523	-32445.165	-1071.347
446000000	-37096.985	-4643.811	-32453.174	-1062.102
447000000	-37023.471	-4591.856	-32431.615	-1010.721
448000000	-37088.491	-4635.701	-32452.790	-1053.732
449000000	-37098.935	-4657.369	-32441.565	-1075.038
450000000	-37028.371	-4588.433	-32439.938	-1005.980
451000000	-37095.503	-4627.380	-32468.123	-1045.859
452000000	-37100.876	-4647.107	-32453.768	-1064.722
453000000	-37126.432	-4644.378	-32482.054	-1061.353
454000000	-37088.295	-4609.536	-32478.759	-1027.962
455000000	-37033.399	-4584.587	-32448.811	-1002.793
456000000	-37046.546	-4617.110	-32429.436	-1035.263
457000000	-37140.590	-4662.213	-32478.377	-1081.485
458000000	-37068.002	-4614.145	-32453.857	-1031.842
459000000	-37043.300	-4587.118	-32456.183	-1004.367
460000000	-37167.621	-4680.022	-32487.599	-1098.191
461000000	-37052.382	-4605.449	-32446.933	-1025.170
462000000	-37008.975	-4586.641	-32422.333	-1006.634
463000000	-37061.019	-4621.530	-32439.488	-1040.733
464000000	-37013.727	-4578.708	-32435.018	-996.905
465000000	-37098.903	-4642.253	-32456.650	-1061.446
466000000	-37086.085	-4609.827	-32476.258	-1030.570
467000000	-36988.919	-4565.199	-32423.720	-983.890
468000000	-37072.275	-4601.379	-32470.896	-1020.690
469000000	-37052.076	-4592.528	-32459.548	-1011.120
470000000	-37065.408	-4592.575	-32472.833	-1011.234
471000000	-37099.353	-4652.015	-32447.339	-1070.241
472000000	-37036.628	-4562.310	-32474.318	-981.787
473000000	-37138.347	-4667.907	-32470.440	-1086.404
474000000	-37074.056	-4628.078	-32445.978	-1047.060
475000000	-37087.386	-4632.818	-32454.569	-1051.709
476000000	-37093.186	-4646.351	-32446.835	-1065.101
477000000	-37093.526	-4612.738	-32480.788	-1032.008
478000000	-37114.445	-4645.216	-32469.229	-1064.113
479000000	-37122.258	-4659.146	-32463.112	-1078.507
480000000	-37098.561	-4607.214	-32491.347	-1025.570
481000000	-37009.008	-4562.391	-32446.618	-981.255
482000000	-37120.237	-4647.940	-32472.297	-1066.033
483000000	-37057.916	-4589.600	-32468.316	-1008.209
484000000	-37075.147	-4587.906	-32487.241	-1004.024
485000000	-37064.492	-4590.856	-32473.636	-1009.344
486000000	-37064.168	-4593.451	-32470.717	-1009.067
487000000	-37121.518	-4642.007	-32479.511	-1060.618
488000000	-37137.957	-4663.500	-32474.457	-1080.966
489000000	-37071.982	-4592.875	-32479.107	-1011.031
490000000	-37020.003	-4561.275	-32458.727	-979.161
491000000	-37184.071	-4699.950	-32484.122	-1117.321
492000000	-37137.695	-4657.151	-32480.544	-1074.126
493000000	-37087.382	-4626.259	-32461.123	-1045.132
494000000	-37045.140	-4598.350	-32446.790	-1017.772
495000000	-37064.363	-4633.701	-32430.662	-1052.040
496000000	-37093.524	-4650.874	-32442.650	-1069.573
497000000	-37030.880	-4590.972	-32439.908	-1008.725
498000000	-37062.340	-4624.018	-32438.322	-1044.075
499000000	-37123.843	-4661.618	-32462.225	-1079.244
500000000	-37018.200	-4555.638	-32462.562	-974.881
501000000	-37062.505	-4603.290	-32459.214	-1021.207
502000000	-37090.398	-4638.138	-32452.260	-1057.096
503000000	-37106.913	-4632.402	-32474.511	-1050.804
504000000	-37064.481	-4583.143	-32481.338	-1001.701
505000000	-37126.995	-4672.357	-32454.637	-1089.200
506000000	-37084.404	-4661.204	-32423.200	-1079.234
507000000	-37093.840	-4647.882	-32445.958	-1067.473
508000000	-37078.251	-4637.637	-32440.614	-1056.362
509000000	-37113.522	-4634.295	-32479.227	-1053.105
510000000	-37044.386	-4611.994	-32432.392	-1030.802
511000000	-37073.138	-4612.326	-32460.811	-1030.988
512000000	-37060.197	-4633.367	-32426.830	-1050.105
513000000	-37047.308	-4603.647	-32443.661	-1020.318
514000000	-37063.677	-4591.983	-32471.695	-1010.398
515000000	-37114.181	-4650.326	-32463.855	-1068.883
516000000	-37026.447	-4554.650	-32471.797	-973.891
517000000	-37098.946	-4650.151	-32448.795	-1068.216
518000000	-37061.528	-4598.640	-32462.888	-1016.426
519000000	-36982.037	-4544.517	-32437.520	-964.365
520000000	-37082.821	-4621.463	-32461.358	-1039.506
521000000	-37079.348	-4650.997	-32428.352	-1068.986
522000000	-37047.961	-4589.370	-32458.592	-1008.663
523000000	-37130.676	-4663.538	-32467.137	-1081.025
524000000	-37071.909	-4625.952	-32445.957	-1044.055
525000000	-37071.516	-4601.595	-32469.921	-1019.854
526000000	-37106.239	-4654.008	-32452.230	-1072.114
527000000	-37106.904	-4645.171	-32461.732	-1064.627
528000000	-37049.804	-4594.367	-32455.436	-1012.823
529000000	-37056.409	-4609.132	-32447.277	-1026.469
530000000	-37145.218	-4691.965	-32453.253	-1109.343
531000000	-37098.257	-4658.211	-32440.046	-1075.158
532000000	-37025.609	-4571.896	-32453.714	-990.586
533000000	-37083.500	-4639.733	-32443.767	-1058.459
534000000	-37122.692	-4661.046	-32461.646	-1080.383
535000000	-37122.881	-4627.592	-32495.289	-1048.227
536000000	-37110.508	-4652.224	-32458.284	-1071.405
537000000	-37132.668	-4654.406	-32478.261	-1074.136
538000000	-37106.886	-4633.196	-32473.690	-1053.361
539000000	-37081.502	-4643.115	-32438.386	-1061.245
540000000	-37061.560	-4601.472	-32460.088	-1019.792
541000000	-37041.187	-4562.353	-32478.833	-980.527
542000000	-37038.908	-4567.522	-32471.386	-986.697
543000000	-36995.399	-4550.169	-32445.230	-968.652
544000000	-37076.491	-4631.387	-32445.105	-1048.531
545000000	-37090.262	-4602.903	-32487.359	-1020.051
546000000	-37115.925	-4672.424	-32443.501	-1091.303
547000000	-37063.300	-4576.433	-32486.867	-995.102
548000000	-37078.311	-4629.434	-32448.877	-1048.918
549000000	-37148.994	-4664.866	-32484.128	-1083.373
550000000	-37163.602	-4698.736	-32464.866	-1116.751
551000000	-37056.670	-4614.059	-32442.611	-1033.245
552000000	-37128.369	-4634.431	-32493.938	-1051.984
553000000	-37126.567	-4659.232	-32467.335	-1076.935
554000000	-37119.276	-4637.672	-32481.604	-1056.486
555000000	-37094.072	-4638.369	-32455.703	-1056.841
556000000	-37070.353	-4610.094	-32460.259	-1029.269
557000000	-37046.111	-4570.784	-32475.328	-989.139
558000000	-37114.463	-4639.876	-32474.587	-1057.414
559000000	-37068.154	-4624.453	-32443.701	-1043.409
560000000	-37064.516	-4613.431	-32451.085	-1031.147
561000000	-37073.231	-4593.695	-32479.536	-1011.867
562000000	-37094.636	-4631.348	-32463.288	-1050.209
563000000	-37080.480	-4613.794	-32466.685	-1032.658
564000000	-37099.311	-4668.187	-32431.124	-1085.711
565000000	-37079.505	-4617.343	-32462.162	-1035.494
566000000	-37055.554	-4595.055	-32460.499	-1013.861
567000000	-37051.066	-4557.391	-32493.675	-977.256
568000000	-37026.455	-4562.609	-32463.846	-981.396
569000000	-37015.403	-4584.950	-32430.453	-1003.819
570000000	-37109.621	-4620.195	-32489.426	-1038.058
571000000	-37056.800	-4585.047	-32471.753	-1002.156
572000000	-37033.559	-4576.137	-32457.422	-992.565
573000000	-37095.072	-4655.321	-32439.751	-1073.269
574000000	-37065.374	-4595.198	-32470.176	-1014.080
575000000	-37080.255	-4589.027	-32491.228	-1006.984
576000000	-37098.788	-4603.773	-32495.015	-1022.084
577000000	-37101.492	-4632.968	-32468.524	-1050.680
578000000	-37088.156	-4611.797	-32476.360	-1029.623
579000000	-37055.943	-4596.447	-32459.496	-1015.661
580000000	-37021.679	-4575.430	-32446.248	-993.836
581000000	-37042.283	-4598.443	-32443.840	-1016.791
582000000	-37156.104	-4623.539	-32532.565	-1042.146
583000000	-37127.367	-4658.991	-32468.376	-1076.203
584000000	-37075.441	-4641.812	-32433.629	-1060.691
585000000	-37047.289	-4617.697	-32429.593	-1036.555
586000000	-37095.274	-4635.229	-32460.045	-1053.923
587000000	-37091.329	-4636.303	-32455.026	-1054.514
588000000	-37060.265	-4607.758	-32452.507	-1026.487
589000000	-37027.482	-4575.014	-32452.467	-993.907
590000000	-37059.091	-4584.536	-32474.555	-1002.570
591000000	-37131.412	-4671.408	-32460.005	-1089.749
592000000	-37054.817	-4584.683	-32470.133	-1002.799
593000000	-37044.079	-4608.330	-32435.749	-1026.657
594000000	-37037.027	-4572.447	-32464.579	-990.490
595000000	-37082.796	-4640.099	-32442.697	-1059.428
596000000	-37057.265	-4602.728	-32454.537	-1022.052
597000000	-37077.897	-4639.500	-32438.398	-1057.592
598000000	-37050.531	-4581.094	-32469.437	-1000.544
599000000	-37112.314	-4656.041	-32456.272	-1073.703
600000000	-37072.072	-4598.600	-32473.472	-1017.822
601000000	-37095.144	-4633.999	-32461.145	-1052.329
602000000	-37103.894	-4620.060	-32483.834	-1037.948
603000000	-37061.851	-4618.988	-32442.863	-1036.558
604000000	-37103.469	-4669.337	-32434.132	-1087.086
605000000	-37079.715	-4619.110	-32460.605	-1037.575
606000000	-37123.768	-4640.912	-32482.856	-1060.403
607000000	-37043.509	-4597.984	-32445.525	-1017.043
608000000	-37007.005	-4571.504	-32435.501	-990.247
609000000	-37004.173	-4552.011	-32452.162	-970.615
610000000	-37017.354	-4552.896	-32464.459	-971.200
611000000	-37047.927	-4585.675	-32462.252	-1003.885
612000000	-37090.928	-4631.850	-32459.078	-1049.322
613000000	-37041.886	-4588.142	-32453.745	-1005.499
614000000	-37052.510	-4608.665	-32443.845	-1027.129
615000000	-37089.558	-4615.978	-32473.580	-1035.823
616000000	-37057.789	-4615.705	-32442.084	-1035.433
617000000	-37099.225	-4651.230	-32447.995	-1070.906
618000000	-37080.694	-4615.741	-32464.953	-1035.958
619000000	-37125.142	-4648.814	-32476.328	-1066.379
620000000	-37107.185	-4626.434	-32480.752	-1045.667
621000000	-37102.002	-4660.932	-32441.070	-1078.587
622000000	-37113.480	-4626.967	-32486.514	-1045.195
623000000	-37128.485	-4674.729	-32453.756	-1093.173
624000000	-37106.521	-4638.493	-32468.027	-1057.282
625000000	-37094.067	-4639.201	-32454.866	-1057.661
626000000	-37097.508	-4630.943	-32466.566	-1049.285
627000000	-37089.808	-4649.007	-32440.801	-1067.424
628000000	-37065.229	-4608.789	-32456.440	-1027.282
629000000	-37058.927	-4603.467	-32455.460	-1022.085
630000000	-37068.619	-4605.834	-32462.785	-1024.442
631000000	-37090.047	-4630.836	-32459.211	-1047.947
632000000	-37089.250	-4639.139	-32450.112	-1058.044
633000000	-37108.010	-4629.656	-32478.354	-1050.316
634000000	-37078.345	-4588.862	-32489.483	-1006.024
635000000	-37045.870	-4616.416	-32429.454	-1034.963
636000000	-37144.093	-4670.211	-32473.882	-1088.399
637000000	-37032.918	-4569.223	-32463.695	-988.308
638000000	-37090.055	-4650.533	-32439.521	-1068.153
639000000	-37125.528	-4647.801	-32477.727	-1064.994
640000000	-37088.144	-4630.133	-32458.010	-1048.533
641000000	-37138.637	-4679.131	-32459.506	-1096.865
642000000	-37019.318	-4577.618	-32441.699	-996.252
643000000	-37135.703	-4656.911	-32478.792	-1075.636
644000000	-37072.039	-4629.976	-32442.063	-1047.321
645000000	-37078.556	-4598.001	-32480.555	-1016.174
646000000	-37135.902	-4682.383	-32453.519	-1100.429
647000000	-37101.432	-4663.627	-32437.805	-1083.202
648000000	-37101.670	-4659.490	-32442.180	-1076.858
649000000	-37148.059	-4664.158	-32483.901	-1082.634
650000000	-37096.229	-4650.757	-32445.472	-1068.874
651000000	-37084.040	-4622.539	-32461.500	-1040.778
652000000	-37135.582	-4640.924	-32494.658	-1059.229
653000000	-37073.421	-4624.051	-32449.370	-1041.745
654000000	-37035.027	-4589.793	-32445.234	-1007.805
655000000	-37087.385	-4625.329	-32462.056	-1043.310
656000000	-37031.843	-4609.908	-32421.934	-1027.601
657000000	-37170.018	-4698.003	-32472.015	-1115.416
658000000	-36996.863	-4545.238	-32451.625	-964.037
659000000	-37058.484	-4576.163	-32482.322	-995.878
660000000	-37033.382	-4585.806	-32447.577	-1004.190
661000000	-37043.464	-4588.728	-32454.735	-1006.896
662000000	-37093.969	-4606.673	-32487.296	-1025.192
663000000	-37079.785	-4606.262	-32473.523	-1024.228
664000000	-37130.891	-4694.479	-32436.412	-1113.142
665000000	-37001.161	-4523.220	-32477.941	-942.204
666000000	-37063.760	-4599.365	-32464.395	-1017.539
667000000	-37068.920	-4628.637	-32440.283	-1046.793
668000000	-37040.651	-4539.448	-32501.203	-958.752
669000000	-37082.818	-4605.586	-32477.232	-1024.328
670000000	-37100.015	-4638.651	-32461.364	-1057.954
671000000	-37076.501	-4620.858	-32455.644	-1039.892
672000000	-37132.795	-4664.630	-32468.165	-1083.631
673000000	-37060.647	-4625.920	-32434.727	-1045.095
674000000	-37107.792	-4626.874	-32480.918	-1043.784
675000000	-37157.085	-4679.790	-32477.295	-1098.667
676000000	-37082.448	-4621.976	-32460.472	-1040.132
677000000	-37083.284	-4611.914	-32471.370	-1030.558
678000000	-37077.303	-4632.177	-32445.125	-1050.043
679000000	-37135.028	-4683.791	-32451.237	-1102.084
680000000	-37080.508	-4666.205	-32414.303	-1083.262
681000000	-37041.950	-4598.872	-32443.078	-1017.741
682000000	-36998.653	-4574.924	-32423.728	-993.358
683000000	-37045.032	-4611.940	-32433.092	-1029.723
684000000	-37149.719	-4666.038	-32483.681	-1083.978
685000000	-37042.318	-4593.058	-32449.259	-1011.559
686000000	-37080.607	-4617.275	-32463.331	-1034.026
687000000	-37140.777	-4679.693	-32461.084	-1098.139
688000000	-37073.431	-4633.955	-32439.476	-1052.763
689000000	-37076.912	-4622.364	-32454.548	-1041.712
690000000	-36957.040	-4517.289	-32439.751	-936.329
691000000	-37075.554	-4617.582	-32457.972	-1035.453
692000000	-37133.410	-4676.241	-32457.168	-1094.804
693000000	-37122.062	-4613.500	-32508.562	-1033.528
694000000	-37091.097	-4648.675	-32442.422	-1066.718
695000000	-37002.961	-4562.450	-32440.511	-981.667
696000000	-37041.458	-4561.868	-32479.590	-980.135
697000000	-36973.644	-4534.006	-32439.638	-953.905
698000000	-37124.443	-4665.456	-32458.987	-1082.639
699000000	-37125.188	-4654.934	-32470.254	-1073.296
700000000	-37085.800	-4618.712	-32467.088	-1038.471
701000000	-37030.705	-4562.310	-32468.395	-981.002
702000000	-37059.859	-4625.018	-32434.841	-1044.280
703000000	-37004.031	-4537.746	-32466.285	-955.951
704000000	-37131.980	-4674.097	-32457.883	-1093.664
705000000	-37154.426	-4696.416	-32458.010	-1114.530
706000000	-37105.284	-4642.948	-32462.335	-1061.503
707000000	-37086.019	-4619.627	-32466.392	-1037.453
708000000	-37120.053	-4668.429	-32451.624	-1086.390
709000000	-37104.304	-4648.749	-32455.554	-1068.005
710000000	-37109.622	-4653.866	-32455.756	-1072.586
711000000	-37130.675	-4672.371	-32458.305	-1089.690
712000000	-37089.348	-4614.883	-32474.465	-1034.052
713000000	-37102.548	-4649.108	-32453.440	-1068.522
714000000	-37123.821	-4624.441	-32499.379	-1042.246
715000000	-37091.917	-4623.770	-32468.147	-1041.565
716000000	-37122.381	-4653.716	-32468.665	-1071.526
717000000	-37021.682	-4546.397	-32475.285	-966.199
718000000	-37035.466	-4568.120	-32467.346	-987.121
719000000	-36977.822	-4533.781	-32444.041	-953.125
720000000	-37038.789	-4607.020	-32431.770	-1025.341
721000000	-37022.392	-4570.810	-32451.582	-987.940
722000000	-37028.426	-4591.654	-32436.772	-1009.509
723000000	-37053.900	-4625.236	-32428.663	-1042.265
724000000	-37105.753	-4634.816	-32470.937	-1053.099
725000000	-37066.853	-4591.003	-32475.850	-1010.610
726000000	-37106.307	-4644.201	-32462.106	-1063.318
727000000	-37041.435	-4636.630	-32404.805	-1055.366
728000000	-37077.299	-4601.922	-32475.377	-1019.142
729000000	-37106.099	-4645.545	-32460.554	-1064.283
730000000	-37036.281	-4604.516	-32431.764	-1023.996
731000000	-37026.253	-4590.853	-32435.400	-1008.707
732000000	-37078.976	-4614.388	-32464.587	-1033.859
733000000	-37088.162	-4626.197	-32461.965	-1044.353
734000000	-37126.611	-4679.923	-32446.687	-1097.838
735000000	-37019.149	-4584.930	-32434.219	-1003.443
736000000	-37122.222	-4652.829	-32469.393	-1070.720
737000000	-37120.608	-4649.412	-32471.196	-1068.080
738000000	-37056.642	-4620.442	-32436.201	-1037.878
739000000	-37088.387	-4662.785	-32425.602	-1081.633
740000000	-37127.309	-4665.550	-32461.759	-1084.016
741000000	-37069.736	-4603.700	-32466.036	-1023.185
742000000	-37132.666	-4693.774	-32438.892	-1111.461
743000000	-37166.613	-4699.415	-32467.197	-1117.279
744000000	-37036.753	-4607.224	-32429.529	-1025.912
745000000	-37084.605	-4617.192	-32467.414	-1035.343
746000000	-37096.044	-4641.392	-32454.652	-1059.206
747000000	-37120.385	-4646.006	-32474.379	-1062.811
748000000	-37124.310	-4655.502	-32468.808	-1074.647
749000000	-37073.856	-4602.259	-32471.597	-1020.862
750000000	-37112.131	-4637.410	-32474.721	-1055.715
751000000	-37059.839	-4627.857	-32431.982	-1047.085
752000000	-37049.551	-4594.490	-32455.061	-1011.931
753000000	-37126.187	-4686.151	-32440.036	-1104.482
754000000	-37089.126	-4636.437	-32452.689	-1056.072
755000000	-37136.435	-4664.138	-32472.297	-1082.820
756000000	-37086.240	-4623.767	-32462.472	-1041.798
757000000	-37089.732	-4593.463	-32496.269	-1010.701
758000000	-37030.242	-4584.417	-32445.824	-1003.664
759000000	-37005.479	-4568.368	-32437.112	-986.039
760000000	-37122.972	-4633.154	-32489.818	-1051.097
761000000	-37005.796	-4550.388	-32455.408	-969.764
762000000	-37062.401	-4570.821	-32491.580	-989.970
763000000	-37107.944	-4629.220	-32478.723	-1047.059
764000000	-37100.106	-4651.943	-32448.163	-1070.458
765000000	-37176.881	-4706.565	-32470.316	-1124.082
766000000	-37069.982	-4598.594	-32471.387	-1017.251
767000000	-37140.326	-4698.595	-32441.731	-1117.763
768000000	-37074.799	-4606.741	-32468.059	-1025.558
769000000	-37086.995	-4664.639	-32422.356	-1082.782
770000000	-37059.068	-4607.943	-32451.126	-1027.074
771000000	-37021.713	-4579.107	-32442.606	-998.123
772000000	-37123.473	-4663.781	-32459.692	-1081.794
773000000	-37025.779	-4567.616	-32458.163	-988.170
774000000	-37124.605	-4651.878	-32472.726	-1070.260
775000000	-37054.508	-4628.003	-32426.505	-1047.142
776000000	-37055.831	-4618.361	-32437.471	-1037.417
777000000	-37199.225	-4691.270	-32507.955	-1109.903
778000000	-37098.908	-4636.340	-32462.568	-1054.192
779000000	-37042.390	-4587.667	-32454.723	-1006.581
780000000	-37077.572	-4632.348	-32445.224	-1051.009
781000000	-37107.151	-4649.242	-32457.909	-1067.778
782000000	-37157.552	-4692.398	-32465.153	-1110.184
783000000	-37112.133	-4659.600	-32452.533	-1079.641
784000000	-37122.881	-4670.588	-32452.293	-1088.937
785000000	-37105.840	-4631.004	-32474.836	-1049.288
786000000	-37004.322	-4576.646	-32427.676	-995.708
787000000	-37065.848	-4618.492	-32447.355	-1037.404
788000000	-37059.816	-4598.605	-32461.211	-1018.925
789000000	-37127.885	-4640.428	-32487.457	-1057.707
790000000	-37127.856	-4659.947	-32467.908	-1078.323
791000000	-37031.720	-4560.227	-32471.493	-977.847
792000000	-37105.022	-4635.714	-32469.308	-1055.139
793000000	-37044.274	-4610.366	-32433.908	-1030.473
794000000	-37113.192	-4617.159	-32496.033	-1036.349
795000000	-37129.671	-4643.736	-32485.935	-1061.838
796000000	-37032.608	-4587.235	-32445.372	-1005.226
797000000	-37045.360	-4579.579	-32465.781	-999.218
798000000	-37103.987	-4645.837	-32458.151	-1064.352
799000000	-37106.385	-4676.612	-32429.773	-1094.709
800000000	-37104.393	-4639.254	-32465.139	-1056.821
