state	posterior	prior	likelihood	skygrid
1000000	-37045.449	-4583.491	-32461.958	-1002.302
2000000	-36998.214	-4561.116	-32437.098	-980.762
3000000	-37077.371	-4622.493	-32454.878	-1042.118
4000000	-37064.566	-4639.246	-32425.320	-1057.786
5000000	-36994.921	-4538.615	-32456.307	-957.474
6000000	-37093.780	-4631.441	-32462.339	-1051.379
7000000	-37041.902	-4592.350	-32449.552	-1010.142
8000000	-37034.433	-4603.178	-32431.255	-1022.454
9000000	-37090.524	-4644.493	-32446.031	-1064.312
10000000	-37005.018	-4563.720	-32441.297	-982.403
11000000	-37076.281	-4598.831	-32477.450	-1016.818
12000000	-37099.230	-4638.216	-32461.014	-1055.657
13000000	-37052.200	-4582.664	-32469.535	-1001.068
14000000	-37102.598	-4657.954	-32444.643	-1076.073
15000000	-37036.378	-4598.414	-32437.964	-1017.844
16000000	-37015.613	-4600.435	-32415.178	-1018.206
17000000	-37040.042	-4597.220	-32442.823	-1016.759
18000000	-37129.706	-4657.020	-32472.685	-1075.461
19000000	-37105.720	-4624.392	-32481.328	-1043.393
20000000	-37157.842	-4685.535	-32472.306	-1104.670
21000000	-37029.844	-4583.303	-32446.541	-1001.707
22000000	-37059.959	-4601.989	-32457.969	-1021.014
23000000	-37021.748	-4574.879	-32446.869	-993.350
24000000	-37046.020	-4589.069	-32456.951	-1009.462
25000000	-37010.584	-4570.290	-32440.295	-989.088
26000000	-37042.388	-4574.192	-32468.196	-993.211
27000000	-36993.925	-4551.516	-32442.409	-969.162
28000000	-37114.701	-4638.393	-32476.309	-1056.108
29000000	-37080.667	-4622.657	-32458.010	-1042.736
30000000	-37026.950	-4575.020	-32451.930	-994.130
31000000	-37117.342	-4670.950	-32446.393	-1086.864
32000000	-37119.455	-4650.926	-32468.529	-1069.186
33000000	-37082.287	-4624.214	-32458.073	-1043.507
34000000	-36974.442	-4532.840	-32441.603	-951.935
35000000	-36987.647	-4543.549	-32444.098	-960.850
36000000	-37051.931	-4604.544	-32447.387	-1023.224
37000000	-37064.275	-4601.982	-32462.293	-1020.668
38000000	-37060.443	-4623.707	-32436.736	-1041.551
39000000	-37119.336	-4668.668	-32450.668	-1086.342
40000000	-37150.544	-4673.029	-32477.516	-1091.326
41000000	-37028.985	-4570.305	-32458.680	-989.952
42000000	-37057.949	-4596.595	-32461.354	-1014.556
43000000	-37129.071	-4672.029	-32457.041	-1091.082
44000000	-37094.327	-4632.999	-32461.327	-1051.003
45000000	-37031.492	-4544.639	-32486.853	-963.142
46000000	-37060.985	-4623.753	-32437.232	-1042.066
47000000	-37019.447	-4566.986	-32452.461	-984.811
48000000	-37086.838	-4639.560	-32447.278	-1058.451
49000000	-37045.538	-4577.701	-32467.838	-996.370
50000000	-37059.278	-4582.223	-32477.055	-1000.573
51000000	-37108.388	-4640.208	-32468.180	-1059.180
52000000	-37109.679	-4640.283	-32469.397	-1058.938
53000000	-37106.102	-4629.318	-32476.785	-1048.161
54000000	-37036.831	-4596.564	-32440.267	-1016.153
55000000	-37096.787	-4664.001	-32432.787	-1083.086
56000000	-37063.568	-4573.518	-32490.050	-993.718
57000000	-37106.048	-4657.542	-32448.506	-1076.268
58000000	-37000.231	-4566.650	-32433.581	-985.318
59000000	-37093.624	-4652.286	-32441.337	-1072.182
60000000	-37147.248	-4684.888	-32462.360	-1103.672
61000000	-37009.615	-4582.422	-32427.192	-1002.510
62000000	-37114.679	-4629.776	-32484.903	-1047.440
63000000	-37055.310	-4609.435	-32445.874	-1026.949
64000000	-37094.944	-4648.769	-32446.175	-1067.503
65000000	-37123.177	-4624.294	-32498.883	-1042.020
66000000	-37093.052	-4605.054	-32487.998	-1023.877
67000000	-37068.525	-4625.826	-32442.698	-1046.023
68000000	-37086.923	-4649.991	-32436.931	-1068.510
69000000	-37086.797	-4661.479	-32425.318	-1080.620
70000000	-37200.096	-4687.648	-32512.447	-1104.847
71000000	-37151.179	-4668.546	-32482.633	-1087.035
72000000	-37092.322	-4610.822	-32481.500	-1030.408
73000000	-37042.842	-4613.979	-32428.863	-1032.009
74000000	-36944.071	-4479.954	-32464.117	-899.625
75000000	-37134.185	-4660.251	-32473.934	-1077.747
76000000	-37066.409	-4621.263	-32445.146	-1040.817
77000000	-37149.074	-4681.733	-32467.341	-1100.843
78000000	-37120.009	-4683.548	-32436.461	-1101.372
79000000	-37042.098	-4552.846	-32489.252	-971.865
80000000	-37092.970	-4641.710	-32451.260	-1061.249
81000000	-37075.043	-4611.292	-32463.751	-1029.651
82000000	-37011.757	-4554.850	-32456.907	-972.958
83000000	-37082.963	-4639.097	-32443.865	-1056.521
84000000	-37147.100	-4662.944	-32484.156	-1080.961
85000000	-37094.377	-4620.066	-32474.312	-1037.386
86000000	-37034.239	-4573.577	-32460.662	-992.663
87000000	-37040.349	-4594.938	-32445.411	-1014.270
88000000	-37132.283	-4658.743	-32473.540	-1074.633
89000000	-37135.948	-4676.987	-32458.961	-1094.704
90000000	-37159.814	-4699.200	-32460.614	-1117.493
91000000	-37124.304	-4680.037	-32444.268	-1096.946
92000000	-37085.934	-4599.812	-32486.122	-1016.715
93000000	-37037.105	-4553.595	-32483.510	-973.313
94000000	-37063.948	-4578.292	-32485.656	-997.926
95000000	-37122.302	-4651.950	-32470.352	-1070.648
96000000	-37141.742	-4662.766	-32478.976	-1082.973
97000000	-37086.350	-4624.491	-32461.859	-1042.958
98000000	-37093.981	-4620.864	-32473.117	-1039.730
99000000	-37009.499	-4539.972	-32469.527	-959.762
100000000	-37031.295	-4558.631	-32472.664	-977.408
101000000	-37037.226	-4564.808	-32472.418	-983.401
102000000	-37026.074	-4575.071	-32451.003	-992.973
103000000	-37041.581	-4598.478	-32443.103	-1017.496
104000000	-37065.070	-4614.190	-32450.880	-1034.370
105000000	-37168.634	-4678.401	-32490.232	-1096.858
106000000	-37025.931	-4589.497	-32436.435	-1007.145
107000000	-37053.615	-4604.604	-32449.011	-1023.889
108000000	-37057.367	-4579.509	-32477.858	-999.300
109000000	-37017.520	-4546.854	-32470.666	-964.530
110000000	-37069.299	-4628.364	-32440.935	-1046.059
111000000	-37106.646	-4651.937	-32454.709	-1070.499
112000000	-37023.557	-4581.363	-32442.195	-1000.040
113000000	-37090.266	-4606.486	-32483.780	-1025.601
114000000	-37034.626	-4572.234	-32462.392	-990.787
115000000	-37025.332	-4544.031	-32481.301	-962.915
116000000	-37135.168	-4655.443	-32479.725	-1072.139
117000000	-37056.093	-4594.876	-32461.218	-1013.966
118000000	-37068.217	-4608.678	-32459.539	-1027.120
119000000	-37075.128	-4618.715	-32456.413	-1037.681
120000000	-37056.796	-4598.310	-32458.487	-1016.783
121000000	-37101.923	-4641.358	-32460.565	-1059.357
122000000	-37098.928	-4638.562	-32460.365	-1056.303
123000000	-37076.656	-4609.146	-32467.510	-1027.083
124000000	-37021.652	-4562.175	-32459.478	-980.817
125000000	-37086.190	-4622.091	-32464.098	-1040.941
126000000	-37165.991	-4704.991	-32461.000	-1123.806
127000000	-37130.901	-4684.332	-32446.570	-1101.768
128000000	-37033.039	-4577.791	-32455.248	-996.372
129000000	-37038.173	-4601.017	-32437.156	-1020.509
130000000	-37031.905	-4591.551	-32440.354	-1010.322
131000000	-37055.513	-4603.987	-32451.526	-1023.412
132000000	-37029.621	-4566.445	-32463.176	-985.647
133000000	-37093.521	-4631.628	-32461.893	-1049.260
134000000	-37085.805	-4656.983	-32428.822	-1075.543
135000000	-37070.703	-4637.941	-32432.762	-1057.489
136000000	-37123.612	-4656.540	-32467.072	-1075.248
137000000	-37038.822	-4609.021	-32429.801	-1028.354
138000000	-37060.914	-4596.750	-32464.164	-1015.924
139000000	-37084.346	-4639.507	-32444.839	-1059.069
140000000	-37117.823	-4638.223	-32479.599	-1056.128
141000000	-37035.425	-4604.481	-32430.944	-1022.669
142000000	-37068.312	-4598.776	-32469.535	-1016.384
143000000	-37123.690	-4673.841	-32449.849	-1092.322
144000000	-37097.597	-4646.861	-32450.736	-1064.687
145000000	-37050.183	-4610.381	-32439.803	-1027.679
146000000	-37090.304	-4624.286	-32466.018	-1042.834
147000000	-37085.513	-4650.314	-32435.199	-1068.461
148000000	-37138.356	-4667.680	-32470.676	-1085.283
149000000	-37013.235	-4565.492	-32447.743	-984.906
150000000	-37113.203	-4626.992	-32486.211	-1046.889
151000000	-37066.621	-4588.770	-32477.851	-1009.080
152000000	-37121.258	-4647.695	-32473.564	-1066.107
153000000	-37092.551	-4642.516	-32450.035	-1060.237
154000000	-37058.875	-4615.925	-32442.950	-1034.383
155000000	-37109.777	-4649.097	-32460.680	-1067.166
156000000	-37117.878	-4643.823	-32474.055	-1061.252
157000000	-37116.972	-4662.063	-32454.909	-1079.492
158000000	-37060.164	-4608.943	-32451.221	-1027.469
159000000	-37093.205	-4580.795	-32512.410	-998.235
160000000	-37070.625	-4602.121	-32468.504	-1021.012
161000000	-37116.523	-4628.167	-32488.356	-1045.729
162000000	-37073.220	-4615.724	-32457.496	-1033.696
163000000	-37097.269	-4620.558	-32476.711	-1040.252
164000000	-37108.066	-4653.139	-32454.927	-1070.214
165000000	-37078.159	-4622.915	-32455.244	-1042.046
166000000	-37143.155	-4664.525	-32478.630	-1084.207
167000000	-37062.289	-4604.534	-32457.756	-1022.814
168000000	-37109.130	-4643.550	-32465.581	-1062.025
169000000	-37081.815	-4614.086	-32467.729	-1032.840
170000000	-37061.188	-4625.746	-32435.442	-1044.598
171000000	-37029.494	-4583.978	-32445.516	-1002.318
172000000	-37058.817	-4616.268	-32442.549	-1036.095
173000000	-37042.099	-4592.298	-32449.801	-1010.842
174000000	-37048.035	-4605.339	-32442.696	-1024.383
175000000	-37025.681	-4581.487	-32444.193	-1000.637
176000000	-37068.909	-4580.260	-32488.649	-999.101
177000000	-37097.254	-4611.860	-32485.394	-1031.552
178000000	-37118.562	-4666.068	-32452.494	-1083.695
179000000	-37078.801	-4607.145	-32471.656	-1024.400
180000000	-37152.831	-4677.610	-32475.221	-1095.933
181000000	-37035.773	-4559.597	-32476.176	-977.929
182000000	-37005.975	-4581.585	-32424.391	-999.564
183000000	-37015.405	-4583.779	-32431.626	-1001.690
184000000	-37099.304	-4625.025	-32474.280	-1043.472
185000000	-37073.088	-4620.470	-32452.617	-1038.548
186000000	-37009.402	-4575.543	-32433.859	-993.555
187000000	-37027.243	-4578.815	-32448.428	-997.689
188000000	-37094.941	-4615.998	-32478.943	-1035.268
189000000	-37063.575	-4639.000	-32424.575	-1057.246
190000000	-37052.717	-4596.857	-32455.860	-1016.930
191000000	-37112.728	-4662.277	-32450.451	-1080.499
192000000	-37074.147	-4612.035	-32462.112	-1030.375
193000000	-37054.941	-4597.546	-32457.395	-1017.014
194000000	-37166.864	-4681.981	-32484.883	-1100.396
195000000	-37045.680	-4601.683	-32443.998	-1020.522
196000000	-37074.794	-4592.870	-32481.925	-1013.053
197000000	-37054.772	-4593.943	-32460.829	-1011.679
198000000	-37094.354	-4640.903	-32453.451	-1059.152
199000000	-37042.608	-4624.825	-32417.782	-1044.401
200000000	-36970.384	-4577.164	-32393.220	-995.603
