state	gtr.rates.rateAC	gtr.rates.rateAG	gtr.rates.rateAT	gtr.rates.rateCG	gtr.rates.rateCT	gtr.rates.rateGT	alpha	frequencies1	frequencies2	frequencies3	frequencies4	ucld.mean	ucld.stdev	meanRate	coefficientOfVariation	covariance	skygrid.precision	rootHeight	treeLength
1000000	0.1095	2.4584	0.1840	7.4601E-2	3.1072	6.6305E-2	0.3775	0.3012	0.2012	0.2258	0.2718	7.7196E-4	7.0638E-5	7.6332E-4	0.0887	2.7868E-2	18.034	1157.586	22869.326
2000000	0.1113	2.5201	0.1912	7.3371E-2	3.0370	6.7102E-2	0.3897	0.2987	0.2026	0.2221	0.2766	7.9335E-4	7.9721E-5	7.9301E-4	0.0987	-4.2813E-3	5.108	1117.692	21882.420
3000000	0.1121	2.5152	0.1958	7.3429E-2	3.0324	7.1056E-2	0.3749	0.2953	0.2065	0.2225	0.2756	7.8126E-4	9.8011E-5	7.8419E-4	0.1220	-4.3716E-3	10.200	1032.224	21853.887
4000000	0.1095	2.4964	0.1932	7.4576E-2	3.0600	6.6343E-2	0.3861	0.3001	0.2042	0.2198	0.2759	7.6829E-4	7.756E-5	7.6366E-4	0.1038	-6.5415E-3	20.372	1174.277	22528.075
5000000	0.1160	2.5481	0.1843	7.7001E-2	3.0106	6.4017E-2	0.3842	0.2952	0.2062	0.2215	0.2771	7.6685E-4	7.6965E-5	7.6217E-4	0.1024	4.1499E-2	19.574	1196.599	23042.710
6000000	0.1075	2.5350	0.1886	7.1422E-2	3.0288	6.852E-2	0.3762	0.2957	0.2071	0.2175	0.2796	7.4671E-4	8.5651E-5	7.5421E-4	0.1126	-2.4535E-2	16.893	1158.232	22968.687
7000000	0.1095	2.4937	0.1911	7.7704E-2	3.0637	6.4336E-2	0.3857	0.2979	0.2044	0.2215	0.2762	7.7936E-4	8.395E-5	7.831E-4	0.1107	-1.0632E-2	15.214	1061.105	22210.216
8000000	0.1069	2.4926	0.1931	7.5057E-2	3.0669	6.5394E-2	0.3858	0.3001	0.2019	0.2226	0.2755	7.6112E-4	7.306E-5	7.535E-4	0.0950	-1.019E-3	10.454	1215.840	23126.899
9000000	0.1071	2.5148	0.1979	7.0349E-2	3.0452	6.455E-2	0.3876	0.2965	0.2051	0.2211	0.2773	8.1318E-4	8.7314E-5	8.1044E-4	0.1102	-4.0076E-2	12.208	1067.591	21560.476
10000000	0.1058	2.5389	0.1883	7.2752E-2	3.0259	6.8366E-2	0.3830	0.2936	0.2043	0.2199	0.2823	7.7413E-4	6.8657E-5	7.6872E-4	0.0886	5.5858E-2	9.209	1146.428	22421.808
11000000	0.1082	2.5071	0.1898	7.1657E-2	3.0617	6.1597E-2	0.3800	0.2987	0.2054	0.2213	0.2747	7.8502E-4	7.7658E-5	7.8631E-4	0.1006	-4.853E-2	10.235	1188.038	22125.951
12000000	0.1155	2.5105	0.1864	7.2051E-2	3.0478	6.7797E-2	0.3822	0.2995	0.2027	0.2213	0.2765	7.8865E-4	7.3123E-5	7.8494E-4	0.0950	-2.4418E-3	13.681	1095.705	22137.920
13000000	0.1066	2.5464	0.1898	7.26E-2	3.0171	6.7429E-2	0.3738	0.2975	0.2044	0.2217	0.2764	7.9955E-4	8.2287E-5	8.09E-4	0.1033	4.1386E-2	9.826	1064.083	21325.016
14000000	0.1111	2.5686	0.1900	7.8011E-2	2.9854	6.6953E-2	0.3744	0.2938	0.2084	0.2183	0.2795	8.1362E-4	7.5336E-5	8.0583E-4	0.0909	1.071E-2	13.570	1120.534	21388.919
15000000	0.1030	2.5666	0.1881	7.2764E-2	3.0022	6.7389E-2	0.3859	0.2966	0.2066	0.2187	0.2781	7.7508E-4	8.5867E-5	7.6152E-4	0.1111	-1.712E-2	8.462	1266.871	22891.116
16000000	0.1095	2.5081	0.1967	7.5627E-2	3.0422	6.7852E-2	0.3801	0.2964	0.2056	0.2220	0.2761	7.7436E-4	6.9534E-5	7.7317E-4	0.0907	-3.9607E-2	35.939	1068.082	22312.375
17000000	0.1113	2.4995	0.1924	7.0174E-2	3.0601	6.6556E-2	0.3854	0.2981	0.2056	0.2209	0.2754	7.9805E-4	8.15E-5	7.9245E-4	0.1019	-4.4186E-2	23.816	1123.121	21951.873
18000000	0.1144	2.5447	0.1865	6.9325E-2	3.0137	7.1329E-2	0.3824	0.2963	0.2048	0.2210	0.2779	8.0168E-4	8.2269E-5	7.9837E-4	0.1033	-8.1125E-4	17.882	1053.668	21597.563
19000000	0.1111	2.5314	0.1884	7.2374E-2	3.0297	6.6969E-2	0.3753	0.2959	0.2026	0.2237	0.2777	7.6069E-4	7.9577E-5	7.5245E-4	0.1007	-3.0674E-2	24.037	1180.017	22890.290
20000000	0.1106	2.5315	0.1894	7.0988E-2	3.0309	6.6576E-2	0.3835	0.2972	0.2055	0.2186	0.2788	7.7999E-4	9.7381E-5	7.7747E-4	0.1253	2.5413E-2	14.800	1185.874	22513.944
21000000	0.1079	2.5334	0.1890	7.3573E-2	3.0294	6.6826E-2	0.3757	0.2937	0.2058	0.2228	0.2777	7.4489E-4	7.9388E-5	7.3552E-4	0.1051	-3.3716E-2	10.842	1163.050	23671.292
22000000	0.1038	2.5196	0.1946	7.9166E-2	3.0327	7.0215E-2	0.3894	0.2984	0.2077	0.2188	0.2751	8.0803E-4	8.8233E-5	8.1543E-4	0.1086	-4.0566E-3	19.363	1017.511	21493.173
23000000	0.1027	2.4943	0.1893	7.6588E-2	3.0705	6.671E-2	0.3817	0.3009	0.2054	0.2215	0.2721	7.5503E-4	8.3285E-5	7.5244E-4	0.1062	4.6021E-3	18.876	1148.749	23192.776
24000000	0.1151	2.5126	0.1890	7.3172E-2	3.0397	7.0414E-2	0.3815	0.2956	0.2052	0.2227	0.2765	8.0282E-4	8.0622E-5	8.0832E-4	0.1042	-3.653E-2	12.974	1078.295	21492.713
25000000	0.1104	2.5269	0.1973	6.953E-2	3.0267	6.9148E-2	0.3805	0.2939	0.2087	0.2215	0.2759	7.8509E-4	6.9001E-5	7.8675E-4	0.0889	-3.8225E-2	4.122	1057.138	21904.899
26000000	0.1124	2.5807	0.1902	7.1438E-2	2.9788	6.6517E-2	0.3793	0.2933	0.2068	0.2205	0.2794	7.8962E-4	1.0017E-4	7.8789E-4	0.1239	-5.2125E-2	12.797	1178.628	21918.121
27000000	0.1129	2.5236	0.1874	7.4384E-2	3.0344	6.7347E-2	0.3938	0.2953	0.2046	0.2217	0.2784	7.7556E-4	7.8238E-5	7.7442E-4	0.1002	2.8279E-2	6.028	1306.478	22853.876
28000000	0.1126	2.5280	0.1946	7.2532E-2	3.0243	6.796E-2	0.3820	0.2966	0.2054	0.2219	0.2761	7.3908E-4	7.8935E-5	7.3754E-4	0.1069	-2.6959E-3	10.015	1220.515	23662.621
29000000	0.1102	2.5422	0.1955	7.1912E-2	3.0107	6.9442E-2	0.3756	0.2950	0.2069	0.2185	0.2796	7.644E-4	7.8226E-5	7.6303E-4	0.1012	-3.648E-2	10.737	1108.086	22448.521
30000000	0.1162	2.5064	0.1874	7.4568E-2	3.0473	6.8095E-2	0.3781	0.2996	0.2036	0.2181	0.2787	7.7742E-4	8.4044E-5	7.6783E-4	0.1114	-1.8767E-2	20.853	1275.610	22472.846
31000000	0.1084	2.5269	0.1868	7.5677E-2	3.0375	6.4667E-2	0.3831	0.2972	0.2069	0.2196	0.2763	8.1763E-4	8.7084E-5	8.2234E-4	0.1077	-1.0522E-2	27.837	1080.990	21404.978
32000000	0.1097	2.5093	0.1877	7.073E-2	3.0529	6.9603E-2	0.3830	0.2987	0.2041	0.2219	0.2753	8.0953E-4	7.6256E-5	8.0516E-4	0.0944	1.7007E-2	7.010	1071.536	21330.537
33000000	0.1079	2.5447	0.1880	7.2781E-2	3.0148	7.1825E-2	0.3790	0.2949	0.2082	0.2173	0.2796	7.6009E-4	7.8929E-5	7.5822E-4	0.0989	2.0055E-2	23.585	1176.074	22837.911
34000000	0.1121	2.5159	0.1883	7.1173E-2	3.0476	6.4993E-2	0.3831	0.2945	0.2064	0.2217	0.2774	7.8051E-4	8.2173E-5	7.8794E-4	0.1076	-3.6416E-2	38.718	1117.498	22080.276
35000000	0.1053	2.5165	0.1894	7.6936E-2	3.0453	6.6645E-2	0.3761	0.2972	0.2047	0.2192	0.2789	7.6963E-4	8.6409E-5	7.8184E-4	0.1093	-3.4741E-2	15.779	1045.781	22018.402
36000000	0.1076	2.4935	0.1891	7.5538E-2	3.0661	6.8137E-2	0.3793	0.2998	0.2032	0.2222	0.2748	7.6102E-4	8.4733E-5	7.4638E-4	0.1132	2.8802E-2	20.495	1152.899	23277.640
37000000	0.1104	2.5404	0.1906	7.2229E-2	3.0162	7.0149E-2	0.3752	0.2961	0.2071	0.2205	0.2763	7.5061E-4	7.134E-5	7.4953E-4	0.0979	-1.1209E-2	14.019	1126.285	22824.474
38000000	0.1083	2.4930	0.1910	7.4222E-2	3.0637	6.9777E-2	0.3845	0.2961	0.2054	0.2226	0.2760	7.7899E-4	8.533E-5	7.834E-4	0.1107	-1.6237E-2	16.411	1048.160	22184.221
39000000	0.1099	2.5056	0.1948	7.7033E-2	3.0434	6.9278E-2	0.3869	0.2984	0.2038	0.2211	0.2767	7.6167E-4	8.064E-5	7.5724E-4	0.1034	5.1042E-2	12.511	1132.841	23008.734
40000000	0.1076	2.5300	0.1943	7.2465E-2	3.0299	6.5711E-2	0.3870	0.2980	0.2032	0.2231	0.2757	7.9821E-4	7.4547E-5	7.965E-4	0.0954	6.8532E-3	4.725	1117.572	22080.164
41000000	0.1157	2.5223	0.1892	7.6552E-2	3.0264	6.9942E-2	0.3763	0.2977	0.2057	0.2212	0.2754	7.5539E-4	6.7972E-5	7.5948E-4	0.0903	5.891E-3	22.322	1127.276	22638.585
42000000	0.1098	2.5390	0.1907	7.038E-2	3.0220	6.8159E-2	0.3863	0.2987	0.2050	0.2187	0.2776	7.4487E-4	7.84E-5	7.5036E-4	0.1063	2.3072E-2	14.346	1110.704	23011.417
43000000	0.1134	2.4985	0.1910	7.5344E-2	3.0556	6.6122E-2	0.3870	0.2986	0.2055	0.2193	0.2767	7.808E-4	8.357E-5	7.763E-4	0.1075	7.0403E-3	18.824	1104.509	22451.880
44000000	0.1073	2.5234	0.1906	7.6294E-2	3.0336	6.8837E-2	0.3784	0.2981	0.2042	0.2181	0.2796	7.3881E-4	7.5533E-5	7.446E-4	0.1070	-2.3344E-2	11.616	1213.049	23392.620
45000000	0.1111	2.5091	0.1880	7.3397E-2	3.0495	6.8997E-2	0.3733	0.2997	0.2042	0.2219	0.2742	7.7922E-4	8.382E-5	7.7927E-4	0.1064	5.213E-2	8.792	1117.388	22182.234
46000000	0.1073	2.5272	0.1868	6.8554E-2	3.0424	6.7693E-2	0.3723	0.2932	0.2072	0.2215	0.2781	7.631E-4	8.1747E-5	7.6816E-4	0.1115	1.5409E-2	6.189	1050.857	22423.193
47000000	0.1061	2.4938	0.1862	7.537E-2	3.0699	6.8638E-2	0.3761	0.3005	0.2015	0.2211	0.2768	7.4328E-4	7.7356E-5	7.5099E-4	0.1026	4.0814E-2	9.333	1115.809	22840.873
48000000	0.1114	2.4687	0.1914	7.015E-2	3.0955	6.2901E-2	0.3800	0.3022	0.2005	0.2259	0.2714	7.8782E-4	8.1798E-5	7.8593E-4	0.1031	-3.3914E-2	18.558	1121.311	22044.097
49000000	0.1079	2.5181	0.1881	7.3418E-2	3.0431	6.936E-2	0.3760	0.2980	0.2054	0.2190	0.2777	7.8962E-4	8.8978E-5	7.932E-4	0.1175	1.9395E-2	12.997	1049.385	21934.641
50000000	0.1092	2.5006	0.1919	7.2305E-2	3.0547	7.1352E-2	0.3860	0.3024	0.2020	0.2214	0.2743	7.6926E-4	8.1772E-5	7.7512E-4	0.1068	-8.102E-3	31.145	1089.464	22288.943
51000000	0.1081	2.4883	0.1960	7.7136E-2	3.0624	6.8059E-2	0.3886	0.2997	0.2028	0.2201	0.2773	8.0252E-4	8.9942E-5	7.9505E-4	0.1108	-8.3884E-3	33.153	1103.112	21795.236
52000000	0.1094	2.5247	0.1874	7.8794E-2	3.0320	6.7709E-2	0.3897	0.2960	0.2084	0.2225	0.2731	8.3452E-4	1.0287E-4	8.4134E-4	0.1208	-5.4729E-4	6.509	984.784	20815.291
53000000	0.1079	2.4884	0.1914	7.471E-2	3.0720	6.56E-2	0.3786	0.2993	0.2009	0.2256	0.2743	7.4949E-4	9.0203E-5	7.5338E-4	0.1160	4.0505E-3	9.941	1081.744	22989.605
54000000	0.1071	2.5493	0.1962	7.3778E-2	3.0054	6.8216E-2	0.3799	0.2945	0.2076	0.2197	0.2782	7.5849E-4	8.0523E-5	7.5789E-4	0.1096	1.6337E-2	27.490	1250.048	22777.580
55000000	0.1074	2.5480	0.1928	7.2091E-2	3.0097	6.9966E-2	0.3872	0.2947	0.2049	0.2210	0.2794	8.2292E-4	9.8991E-5	8.2448E-4	0.1174	-4.1718E-3	25.501	1028.210	21072.694
56000000	0.1116	2.4813	0.1886	6.5907E-2	3.0865	6.6151E-2	0.3898	0.3015	0.1999	0.2240	0.2745	8.3106E-4	1.025E-4	8.0622E-4	0.1263	3.9508E-2	22.703	1079.808	21809.171
57000000	0.1108	2.5325	0.1918	6.872E-2	3.0257	7.0572E-2	0.3833	0.2977	0.2064	0.2194	0.2765	7.7725E-4	9.0354E-5	7.7197E-4	0.1149	-8.5091E-2	29.302	1153.314	22534.828
58000000	0.1115	2.4847	0.1865	7.2744E-2	3.0775	6.7063E-2	0.3820	0.3010	0.2013	0.2225	0.2752	7.3157E-4	7.2955E-5	7.1982E-4	0.0993	5.1308E-2	15.430	1201.300	24097.647
59000000	0.1103	2.4729	0.1914	7.5527E-2	3.0832	6.6679E-2	0.3853	0.3014	0.2036	0.2231	0.2719	8.2237E-4	1.0118E-4	8.1312E-4	0.1179	1.5926E-2	8.561	1093.162	21469.146
60000000	0.1101	2.5023	0.1959	7.2104E-2	3.0513	6.8428E-2	0.3854	0.2970	0.2058	0.2191	0.2782	7.7843E-4	7.9187E-5	7.7242E-4	0.1021	3.7628E-2	9.796	1201.632	22589.441
61000000	0.1123	2.4627	0.1960	7.5415E-2	3.0858	6.7621E-2	0.3775	0.3017	0.2027	0.2251	0.2706	8.049E-4	1.023E-4	8.1577E-4	0.1270	1.4977E-2	29.720	1098.711	21301.389
62000000	0.1065	2.4989	0.1879	7.5731E-2	3.0618	6.9238E-2	0.3813	0.2996	0.2057	0.2198	0.2749	7.8806E-4	9.7826E-5	7.7484E-4	0.1223	3.1087E-2	39.778	1257.575	22504.476
63000000	0.1097	2.5248	0.1900	7.2401E-2	3.0410	6.2132E-2	0.3824	0.2967	0.2038	0.2229	0.2765	8.2675E-4	9.376E-5	8.2038E-4	0.1082	-1.2738E-2	10.090	1079.455	21381.892
64000000	0.1120	2.5007	0.1883	7.4536E-2	3.0556	6.8998E-2	0.3845	0.2972	0.2035	0.2236	0.2757	7.8074E-4	9.0325E-5	7.9233E-4	0.1176	-1.2405E-2	23.805	1051.022	21943.378
65000000	0.1127	2.5136	0.1966	7.6197E-2	3.0339	6.6978E-2	0.3814	0.2947	0.2074	0.2218	0.2760	7.783E-4	8.4866E-5	7.7484E-4	0.1082	-1.7566E-2	19.772	1073.892	22355.721
66000000	0.1115	2.4984	0.1913	7.4869E-2	3.0603	6.3656E-2	0.3701	0.2994	0.2036	0.2231	0.2739	7.5618E-4	8.4154E-5	7.6131E-4	0.1047	-1.9445E-2	15.298	1119.298	22393.189
67000000	0.1144	2.5169	0.1921	7.1354E-2	3.0387	6.6573E-2	0.3748	0.2961	0.2050	0.2211	0.2778	7.1028E-4	8.42E-5	7.0846E-4	0.1171	-3.5674E-2	19.344	1249.152	24432.472
68000000	0.1111	2.5223	0.1972	6.9772E-2	3.0397	5.9898E-2	0.3768	0.2977	0.2045	0.2209	0.2769	7.6965E-4	1.0152E-4	7.6008E-4	0.1288	3.9553E-3	16.266	1165.041	22923.093
69000000	0.1066	2.5116	0.1949	7.1162E-2	3.0503	6.5483E-2	0.3821	0.2963	0.2028	0.2237	0.2772	7.4484E-4	8.8915E-5	7.4759E-4	0.1169	-6.4545E-3	12.633	1119.226	23257.027
70000000	0.1085	2.5153	0.1932	7.4904E-2	3.0402	6.8014E-2	0.3823	0.2966	0.2061	0.2228	0.2745	7.6798E-4	9.2003E-5	7.7497E-4	0.1209	1.3989E-2	16.955	1057.280	22504.372
71000000	0.1100	2.5235	0.1895	6.9676E-2	3.0392	6.821E-2	0.3928	0.3001	0.2049	0.2172	0.2777	7.8073E-4	8.941E-5	7.6198E-4	0.1165	3.998E-3	12.878	1194.393	22956.567
72000000	0.1104	2.5107	0.1925	7.1633E-2	3.0505	6.4237E-2	0.3835	0.2969	0.2040	0.2202	0.2789	7.5664E-4	7.4047E-5	7.5154E-4	0.1023	-3.8373E-3	18.804	1113.235	23035.877
73000000	0.1094	2.5253	0.1872	7.1993E-2	3.0371	6.9022E-2	0.3840	0.2978	0.2051	0.2203	0.2768	7.7818E-4	9.0621E-5	7.8005E-4	0.1196	-1.3407E-3	20.646	1254.425	22600.498
74000000	0.1064	2.5217	0.1917	7.7669E-2	3.0370	6.5519E-2	0.3790	0.2970	0.2067	0.2217	0.2746	7.657E-4	7.546E-5	7.6027E-4	0.0997	-1.1813E-4	10.250	1191.408	23048.725
75000000	0.1119	2.4956	0.1905	7.6183E-2	3.0608	6.5023E-2	0.3785	0.3031	0.2035	0.2209	0.2725	7.7322E-4	9.0662E-5	7.7252E-4	0.1137	-1.4332E-2	12.672	1034.826	22020.024
76000000	0.1080	2.5064	0.1924	7.5855E-2	3.0479	6.9495E-2	0.3782	0.2974	0.2052	0.2205	0.2770	7.6592E-4	8.7127E-5	7.767E-4	0.1165	-3.8414E-3	17.664	1054.906	22451.284
77000000	0.1109	2.4881	0.1974	7.3845E-2	3.0605	6.9177E-2	0.3805	0.3009	0.2046	0.2226	0.2719	7.8672E-4	9.4374E-5	7.8311E-4	0.1227	-6.6065E-3	15.691	1059.290	22010.860
78000000	0.1125	2.5650	0.1870	7.334E-2	2.9920	7.0165E-2	0.3813	0.2982	0.2060	0.2160	0.2799	7.6936E-4	9.2565E-5	7.6651E-4	0.1171	-3.2769E-2	35.135	1136.863	22292.682
79000000	0.1134	2.4618	0.1867	6.7845E-2	3.0984	7.1839E-2	0.3905	0.3031	0.2013	0.2233	0.2723	8.0069E-4	9.722E-5	8.0259E-4	0.1189	-5.3633E-2	18.367	1054.340	21757.333
80000000	0.1092	2.5111	0.1911	7.3762E-2	3.0498	6.4983E-2	0.3856	0.2991	0.2038	0.2231	0.2739	7.6533E-4	8.5668E-5	7.6879E-4	0.1093	-4.367E-2	12.090	1101.046	22386.290
81000000	0.1060	2.5312	0.1925	7.2252E-2	3.0288	6.9277E-2	0.3898	0.2991	0.2061	0.2184	0.2764	7.7881E-4	1.0145E-4	7.8216E-4	0.1240	3.0228E-3	4.068	1051.507	22184.739
82000000	0.1038	2.5047	0.1861	7.9487E-2	3.0554	7.0589E-2	0.3782	0.2971	0.2033	0.2237	0.2759	7.718E-4	9.8838E-5	7.7212E-4	0.1260	5.605E-3	7.669	1190.254	22536.954
83000000	0.1105	2.5260	0.1942	7.5151E-2	3.0263	6.7764E-2	0.3788	0.2966	0.2051	0.2208	0.2775	7.6705E-4	8.1618E-5	7.5846E-4	0.1058	1.2838E-3	12.624	1230.655	22986.007
84000000	0.1139	2.5039	0.1872	7.2505E-2	3.0544	6.8056E-2	0.3804	0.2956	0.2036	0.2257	0.2750	7.5599E-4	7.6827E-5	7.5618E-4	0.0987	1.5726E-2	16.342	1170.754	22953.345
85000000	0.1072	2.4951	0.1907	7.7551E-2	3.0636	6.5935E-2	0.3793	0.2985	0.2044	0.2227	0.2744	7.6393E-4	9.3528E-5	7.684E-4	0.1195	3.2533E-2	14.024	1026.135	22518.871
86000000	0.1116	2.4959	0.1852	7.763E-2	3.0614	6.8298E-2	0.3774	0.2985	0.2045	0.2230	0.2740	7.7977E-4	8.2907E-5	7.8285E-4	0.1045	4.838E-2	15.713	1137.736	22267.971
87000000	0.1067	2.5152	0.1850	7.0943E-2	3.0534	6.872E-2	0.3821	0.2967	0.2053	0.2199	0.2780	7.7826E-4	7.8655E-5	7.779E-4	0.1025	-1.9743E-2	22.328	1142.369	22373.133
88000000	0.1119	2.4875	0.1861	8.1401E-2	3.0703	6.2718E-2	0.3823	0.3013	0.2034	0.2230	0.2723	8.0096E-4	9.1126E-5	7.8961E-4	0.1132	2.91E-3	21.998	1130.745	22142.712
89000000	0.1080	2.5278	0.1870	6.7946E-2	3.0424	6.6871E-2	0.3740	0.3011	0.2030	0.2202	0.2757	7.6582E-4	8.5148E-5	7.7863E-4	0.1091	-1.2688E-3	8.956	1080.334	22241.719
90000000	0.1118	2.5404	0.1937	7.3865E-2	3.0116	6.8628E-2	0.3808	0.2967	0.2062	0.2188	0.2784	7.8871E-4	1.0154E-4	7.8414E-4	0.1243	-5.3856E-2	12.494	1082.389	22060.416
91000000	0.1096	2.5864	0.1891	7.7149E-2	2.9711	6.6573E-2	0.3866	0.2950	0.2081	0.2163	0.2805	7.6726E-4	8.5011E-5	7.5671E-4	0.1080	-2.433E-2	16.575	1231.788	23413.364
92000000	0.1136	2.5099	0.1946	7.1753E-2	3.0420	6.8099E-2	0.3839	0.2974	0.2073	0.2192	0.2761	7.7243E-4	8.4601E-5	7.6319E-4	0.1121	9.7732E-3	23.429	1164.859	22803.963
93000000	0.1106	2.4887	0.1897	7.5351E-2	3.0682	6.7476E-2	0.3803	0.2962	0.2038	0.2230	0.2770	7.5017E-4	8.8887E-5	7.4476E-4	0.1175	-3.2796E-3	14.444	1305.495	23453.204
94000000	0.1130	2.4640	0.1919	6.5125E-2	3.0942	7.1706E-2	0.3760	0.3014	0.2039	0.2217	0.2729	8.1032E-4	9.3888E-5	8.0767E-4	0.1117	-1.4005E-2	18.664	1123.322	21433.649
95000000	0.1154	2.5265	0.1868	7.7379E-2	3.0291	6.4818E-2	0.3815	0.2961	0.2043	0.2214	0.2782	8.0256E-4	9.805E-5	8.0803E-4	0.1239	-8.0211E-3	16.119	1045.678	21316.381
96000000	0.1055	2.5054	0.1867	7.4293E-2	3.0637	6.4283E-2	0.3740	0.2979	0.2039	0.2216	0.2767	7.8366E-4	9.3655E-5	7.9288E-4	0.1174	-3.604E-2	27.110	1091.288	21986.605
97000000	0.1106	2.5358	0.1930	7.0631E-2	3.0227	6.7323E-2	0.3855	0.2964	0.2034	0.2198	0.2804	7.9617E-4	1.0487E-4	7.7837E-4	0.1312	1.5657E-2	17.679	1137.079	22128.157
98000000	0.1131	2.5149	0.1892	6.9177E-2	3.0462	6.7365E-2	0.3793	0.2994	0.2033	0.2233	0.2739	7.8894E-4	8.5966E-5	7.8206E-4	0.1074	-4.6897E-2	21.195	1180.167	21889.649
99000000	0.1056	2.4837	0.1926	7.3852E-2	3.0786	6.5719E-2	0.3951	0.3021	0.2050	0.2230	0.2698	7.4874E-4	8.7895E-5	7.4588E-4	0.1154	2.9231E-2	10.557	1233.268	23609.933
100000000	0.1051	2.5538	0.1962	7.3477E-2	3.0017	6.9695E-2	0.3697	0.2974	0.2076	0.2162	0.2789	7.546E-4	8.5867E-5	7.5311E-4	0.1122	3.2004E-2	28.350	1164.452	22710.582
101000000	0.1114	2.4779	0.1880	7.5478E-2	3.0794	6.7831E-2	0.3778	0.3037	0.2011	0.2228	0.2724	7.957E-4	9.4701E-5	7.9246E-4	0.1199	-4.5426E-2	26.247	1108.071	21657.282
102000000	0.1096	2.5102	0.1987	7.4832E-2	3.0468	5.9849E-2	0.3808	0.2938	0.2064	0.2219	0.2779	8.3072E-4	1.0755E-4	8.3005E-4	0.1273	2.1751E-2	9.325	1023.507	20753.071
103000000	0.1072	2.4716	0.1868	7.5867E-2	3.0911	6.7347E-2	0.3722	0.3043	0.2005	0.2228	0.2724	8.0875E-4	1.0995E-4	8.0449E-4	0.1367	-3.4603E-2	15.340	1170.015	21571.902
104000000	0.1116	2.5187	0.1906	7.4439E-2	3.0388	6.5889E-2	0.3909	0.2975	0.2047	0.2200	0.2777	7.7673E-4	9.2143E-5	7.7296E-4	0.1141	-2.1238E-2	58.781	1170.246	22612.236
105000000	0.1125	2.4892	0.1893	7.5876E-2	3.0654	6.7805E-2	0.3737	0.2992	0.2043	0.2217	0.2748	7.8456E-4	7.9446E-5	7.8606E-4	0.1029	-6.323E-2	18.160	1060.876	22011.532
106000000	0.1085	2.5189	0.1943	7.6447E-2	3.0334	6.8411E-2	0.3859	0.2954	0.2060	0.2226	0.2760	7.8584E-4	9.1935E-5	7.8255E-4	0.1117	-5.8258E-2	29.890	1073.998	22035.567
107000000	0.1066	2.4877	0.1843	7.8231E-2	3.0757	6.7566E-2	0.3793	0.2975	0.2045	0.2217	0.2763	8.0793E-4	1.0213E-4	8.1439E-4	0.1258	1.1842E-2	10.047	1049.525	21155.142
108000000	0.1088	2.5016	0.1901	7.6494E-2	3.0560	6.6999E-2	0.3806	0.3009	0.2043	0.2215	0.2732	8.0157E-4	8.1565E-5	8.113E-4	0.1001	5.5648E-3	18.636	1018.994	21255.699
109000000	0.1086	2.5437	0.1889	7.576E-2	3.0125	7.052E-2	0.3721	0.2947	0.2041	0.2183	0.2828	7.6875E-4	9.1003E-5	7.5462E-4	0.1171	-2.5361E-2	6.548	1265.250	22857.871
110000000	0.1144	2.5256	0.1848	7.7046E-2	3.0290	6.9208E-2	0.3879	0.2996	0.2017	0.2205	0.2782	8.0618E-4	9.1577E-5	8.081E-4	0.1136	4.9747E-2	25.520	995.047	21389.137
111000000	0.1132	2.4906	0.1902	7.5978E-2	3.0616	6.8449E-2	0.3745	0.3017	0.2019	0.2219	0.2745	7.7136E-4	8.7852E-5	7.5916E-4	0.1099	2.4883E-2	13.663	1123.809	22470.963
112000000	0.1121	2.4901	0.1916	7.6075E-2	3.0624	6.7822E-2	0.3832	0.2999	0.2042	0.2234	0.2725	8.0783E-4	1.0452E-4	8.083E-4	0.1287	-6.1298E-2	18.722	1148.362	21690.418
113000000	0.1027	2.5094	0.1953	7.0157E-2	3.0508	7.1608E-2	0.3797	0.2989	0.2054	0.2207	0.2750	7.7361E-4	8.0741E-5	7.7299E-4	0.1031	1.1139E-3	3.318	1066.897	22236.339
114000000	0.1111	2.5417	0.1854	7.5045E-2	3.0207	6.6082E-2	0.3830	0.2958	0.2068	0.2179	0.2796	7.5521E-4	8.2232E-5	7.5635E-4	0.1100	-4.2558E-2	13.561	1139.534	23040.760
115000000	0.1095	2.4898	0.1894	7.169E-2	3.0737	6.5924E-2	0.3797	0.3030	0.2018	0.2216	0.2737	7.4258E-4	7.7204E-5	7.339E-4	0.1053	3.5286E-3	21.882	1263.763	23780.407
116000000	0.1118	2.5593	0.1920	7.1266E-2	2.9975	6.8124E-2	0.3859	0.2976	0.2078	0.2147	0.2800	8.1513E-4	8.979E-5	8.1939E-4	0.1144	-5.9382E-4	9.015	1060.033	21256.514
117000000	0.1095	2.5088	0.1957	7.6824E-2	3.0439	6.5262E-2	0.3766	0.3005	0.2054	0.2212	0.2729	8.3463E-4	9.9042E-5	8.4361E-4	0.1211	3.0759E-2	7.152	971.137	20432.684
118000000	0.1074	2.5734	0.1899	7.1083E-2	2.9894	6.8825E-2	0.3834	0.2979	0.2057	0.2180	0.2785	8.0383E-4	8.5249E-5	8.0333E-4	0.1051	-7.1388E-2	25.269	1044.005	21553.877
119000000	0.1110	2.5055	0.1836	7.4013E-2	3.0609	6.4842E-2	0.3811	0.2991	0.2028	0.2214	0.2767	8.3044E-4	9.2467E-5	8.3352E-4	0.1073	-3.7149E-3	7.042	1070.967	20916.282
120000000	0.1125	2.5064	0.1908	7.3412E-2	3.0506	6.6282E-2	0.3871	0.2997	0.2035	0.2203	0.2765	7.9126E-4	8.8473E-5	7.7877E-4	0.1126	3.3633E-2	10.541	1109.935	22456.753
121000000	0.1189	2.4706	0.1883	7.0531E-2	3.0836	6.8076E-2	0.3795	0.2998	0.2018	0.2225	0.2759	7.3369E-4	8.8222E-5	7.305E-4	0.1201	-3.1258E-2	10.618	1168.484	23558.109
122000000	0.1092	2.5285	0.1870	7.0996E-2	3.0370	6.7309E-2	0.3885	0.2969	0.2056	0.2181	0.2795	7.5667E-4	9.3828E-5	7.6697E-4	0.1191	4.7493E-2	3.796	1066.435	22646.102
123000000	0.1088	2.5386	0.1864	7.7932E-2	3.0212	6.7099E-2	0.3854	0.2975	0.2044	0.2186	0.2794	7.8462E-4	8.5494E-5	7.7802E-4	0.1062	-2.6974E-2	4.153	1211.947	22500.021
124000000	0.1102	2.4924	0.1890	6.9899E-2	3.0677	7.0839E-2	0.3878	0.2994	0.2032	0.2239	0.2734	8.1323E-4	9.2622E-5	7.9974E-4	0.1153	-5.3342E-2	9.235	1117.176	21616.975
125000000	0.1116	2.5408	0.1897	7.3167E-2	3.0145	7.0206E-2	0.3844	0.2954	0.2085	0.2183	0.2778	8.2147E-4	9.557E-5	8.1644E-4	0.1188	-3.6381E-2	11.198	1058.768	21329.763
126000000	0.1075	2.5488	0.1846	7.9217E-2	3.0122	6.7673E-2	0.3771	0.2944	0.2087	0.2181	0.2788	7.8925E-4	9.9821E-5	7.7409E-4	0.1231	-2.6343E-2	19.940	1133.335	22295.160
127000000	0.1149	2.5426	0.1880	6.9942E-2	3.0135	7.0985E-2	0.3824	0.2996	0.2054	0.2168	0.2783	7.4849E-4	9.1777E-5	7.5E-4	0.1214	-2.075E-2	8.387	1264.942	22985.658
128000000	0.1069	2.5009	0.1926	6.7699E-2	3.0649	6.7055E-2	0.3800	0.2986	0.2038	0.2233	0.2743	7.6266E-4	8.0412E-5	7.7505E-4	0.1075	1.4405E-2	10.355	1147.619	22872.266
129000000	0.1095	2.5243	0.1942	7.0623E-2	3.0347	6.6674E-2	0.3783	0.2966	0.2051	0.2226	0.2758	8.2205E-4	8.4784E-5	8.2431E-4	0.1021	-6.5037E-2	21.110	1025.359	21077.990
130000000	0.1097	2.4907	0.1965	7.292E-2	3.0615	6.8655E-2	0.3870	0.2990	0.2040	0.2220	0.2750	7.6671E-4	8.0508E-5	7.7379E-4	0.1061	2.0395E-2	7.455	1014.846	22290.342
131000000	0.1137	2.5470	0.1908	7.468E-2	3.0103	6.3571E-2	0.3931	0.2966	0.2056	0.2191	0.2787	7.5036E-4	7.1828E-5	7.6414E-4	0.0948	-3.0962E-2	14.163	1166.449	23138.581
132000000	0.1028	2.5174	0.1905	7.2989E-2	3.0453	7.1018E-2	0.3774	0.2997	0.2062	0.2216	0.2725	7.7462E-4	8.805E-5	7.8365E-4	0.1106	-2.4185E-2	18.009	1080.056	22482.103
133000000	0.1097	2.5299	0.1879	7.2991E-2	3.0292	7.0288E-2	0.3801	0.2946	0.2044	0.2192	0.2817	7.5698E-4	8.0452E-5	7.5618E-4	0.1053	-4.6245E-3	28.515	1176.181	23260.849
134000000	0.1138	2.5046	0.1944	7.2173E-2	3.0489	6.6144E-2	0.3862	0.2979	0.2041	0.2233	0.2747	7.825E-4	8.4207E-5	7.7252E-4	0.1090	5.9746E-3	14.546	1115.717	22720.346
135000000	0.1133	2.5140	0.1921	7.2732E-2	3.0429	6.4977E-2	0.3852	0.2959	0.2036	0.2213	0.2792	7.8978E-4	8.2243E-5	7.8441E-4	0.1046	1.3283E-2	11.044	1068.785	21907.512
136000000	0.1099	2.5562	0.1964	7.0967E-2	3.0022	6.4395E-2	0.3845	0.2937	0.2102	0.2185	0.2777	7.7227E-4	7.85E-5	7.7245E-4	0.0989	-1.2277E-2	6.965	1118.843	22797.518
137000000	0.1094	2.5095	0.1954	7.4498E-2	3.0432	6.802E-2	0.3803	0.2951	0.2063	0.2219	0.2767	8.0427E-4	1.0209E-4	7.8361E-4	0.1283	-5.8952E-2	5.301	1150.732	22405.835
138000000	0.1070	2.5152	0.1845	7.5212E-2	3.0518	6.6273E-2	0.3843	0.3005	0.2044	0.2190	0.2761	7.4147E-4	8.8358E-5	7.4125E-4	0.1154	-1.1566E-2	14.438	1283.646	23605.405
139000000	0.1068	2.4889	0.1949	7.978E-2	3.0661	6.3545E-2	0.3729	0.3004	0.2020	0.2238	0.2739	8.1278E-4	1.0229E-4	8.0189E-4	0.1264	-4.2365E-2	5.768	1108.235	21300.833
140000000	0.1060	2.4899	0.1908	7.496E-2	3.0685	6.9849E-2	0.3858	0.3012	0.2036	0.2220	0.2732	7.556E-4	8.7588E-5	7.5015E-4	0.1111	7.9925E-3	9.776	1236.908	23023.376
141000000	0.1096	2.5198	0.1887	6.8331E-2	3.0444	6.9124E-2	0.3729	0.3006	0.2065	0.2187	0.2742	8.2343E-4	1.01E-4	8.245E-4	0.1209	-1.2683E-2	12.011	1037.418	20925.439
142000000	0.1108	2.4799	0.1915	7.1532E-2	3.0777	6.8533E-2	0.3814	0.3038	0.1998	0.2230	0.2734	7.6492E-4	8.7551E-5	7.6582E-4	0.1116	-1.8689E-2	27.184	1136.376	22645.004
143000000	0.1064	2.4865	0.1831	6.9931E-2	3.0864	6.7613E-2	0.3845	0.2996	0.2066	0.2197	0.2741	8.0699E-4	9.492E-5	7.9625E-4	0.1232	-1.7307E-3	6.924	1100.702	21850.701
144000000	0.1071	2.5206	0.1908	7.7985E-2	3.0350	6.8472E-2	0.3762	0.2981	0.2055	0.2200	0.2764	7.3711E-4	7.9903E-5	7.4199E-4	0.1058	-4.0489E-2	23.543	1139.690	23259.976
145000000	0.1091	2.5678	0.1828	7.5862E-2	2.9917	7.2616E-2	0.3889	0.2978	0.2061	0.2181	0.2780	7.8627E-4	9.0651E-5	7.7888E-4	0.1160	-1.8808E-2	21.029	1255.074	22680.250
146000000	0.1095	2.5185	0.1823	7.3284E-2	3.0504	6.5954E-2	0.3859	0.2990	0.2027	0.2200	0.2783	8.187E-4	9.566E-5	8.0941E-4	0.1146	-5.2079E-2	9.918	1120.220	21761.249
147000000	0.1076	2.4971	0.1946	6.8388E-2	3.0618	7.0548E-2	0.3763	0.3014	0.2023	0.2224	0.2740	7.2654E-4	8.4212E-5	7.364E-4	0.1171	2.3325E-2	13.384	1268.435	23611.667
148000000	0.1121	2.4964	0.1880	7.8131E-2	3.0608	6.4595E-2	0.3868	0.2989	0.2002	0.2269	0.2741	7.8944E-4	8.7799E-5	7.8602E-4	0.1115	-1.183E-2	8.597	1102.811	22257.909
149000000	0.1134	2.5430	0.1914	7.3205E-2	3.0094	6.959E-2	0.3743	0.2958	0.2060	0.2190	0.2792	7.3444E-4	8.764E-5	7.4401E-4	0.1147	-3.5526E-2	18.922	1151.219	23130.150
150000000	0.1071	2.5443	0.1945	7.3649E-2	3.0123	6.8167E-2	0.3782	0.2951	0.2090	0.2186	0.2773	7.5263E-4	7.987E-5	7.5452E-4	0.1080	-2.1679E-2	19.294	1173.995	22942.754
151000000	0.1055	2.4961	0.1915	7.5231E-2	3.0632	6.8406E-2	0.3812	0.2985	0.2060	0.2208	0.2747	7.7099E-4	8.9885E-5	7.622E-4	0.1171	-9.4616E-3	24.397	1292.333	23007.781
152000000	0.1104	2.5373	0.1942	7.7676E-2	3.0146	6.5826E-2	0.3781	0.2973	0.2066	0.2192	0.2768	7.5388E-4	7.5537E-5	7.6098E-4	0.0993	3.566E-2	16.586	1042.604	22241.809
153000000	0.1055	2.5053	0.1905	7.2605E-2	3.0555	7.0628E-2	0.3930	0.2967	0.2052	0.2194	0.2786	7.1384E-4	8.2856E-5	7.1329E-4	0.1159	-2.0222E-2	10.080	1154.764	24523.232
154000000	0.1093	2.5082	0.1924	7.2587E-2	3.0497	6.7794E-2	0.3770	0.2984	0.2040	0.2227	0.2749	7.6631E-4	8.3819E-5	7.6655E-4	0.1098	-0.1092	24.346	1126.688	22848.502
155000000	0.1128	2.5457	0.1919	7.1493E-2	3.0089	6.925E-2	0.3857	0.2965	0.2062	0.2194	0.2779	7.7594E-4	9.5716E-5	7.8145E-4	0.1187	3.1192E-2	10.847	1046.052	22381.828
156000000	0.1127	2.5486	0.1924	7.2304E-2	3.0089	6.5105E-2	0.3807	0.2970	0.2046	0.2182	0.2802	7.5047E-4	8.805E-5	7.4424E-4	0.1160	-3.906E-2	8.206	1171.457	23171.466
157000000	0.1070	2.5324	0.1892	7.2471E-2	3.0287	7.0167E-2	0.3786	0.2978	0.2057	0.2208	0.2757	7.3925E-4	7.4441E-5	7.2664E-4	0.0992	3.3225E-2	18.764	1231.095	23922.403
158000000	0.1108	2.5124	0.1877	7.5385E-2	3.0506	6.3123E-2	0.3779	0.2973	0.2038	0.2216	0.2773	7.8838E-4	8.3396E-5	7.8863E-4	0.1086	-4.8396E-2	8.795	1068.933	22016.383
159000000	0.1098	2.5004	0.1906	7.0485E-2	3.0641	6.4572E-2	0.3787	0.2981	0.2039	0.2198	0.2782	7.9469E-4	9.7076E-5	7.8177E-4	0.1134	2.0304E-2	24.472	1189.085	22420.447
160000000	0.1089	2.5169	0.1896	7.334E-2	3.0421	6.9105E-2	0.3871	0.2961	0.2041	0.2230	0.2768	7.8783E-4	8.5396E-5	7.9872E-4	0.1112	-2.7458E-2	7.597	1076.138	21992.536
161000000	0.1109	2.5171	0.1938	6.7418E-2	3.0427	6.8043E-2	0.3840	0.2968	0.2053	0.2200	0.2779	7.9189E-4	8.5598E-5	7.9759E-4	0.1129	2.1805E-2	9.529	1144.887	21803.867
162000000	0.1114	2.5033	0.1875	7.3107E-2	3.0551	6.9606E-2	0.3712	0.2998	0.2034	0.2204	0.2764	7.8105E-4	8.2718E-5	7.9207E-4	0.1057	-4.2457E-2	16.175	1048.699	21733.448
163000000	0.1110	2.5113	0.1919	6.7799E-2	3.0480	7.0139E-2	0.3853	0.3001	0.2031	0.2220	0.2749	7.6747E-4	7.8134E-5	7.7506E-4	0.1036	-3.2948E-2	22.121	1074.255	22149.678
164000000	0.1081	2.5464	0.1921	7.5482E-2	3.0071	7.0872E-2	0.3915	0.2954	0.2060	0.2198	0.2789	8.067E-4	8.3001E-5	8.0958E-4	0.1008	-8.9329E-2	23.066	1045.251	21445.712
165000000	0.1086	2.4909	0.1939	7.3972E-2	3.0680	6.4595E-2	0.3842	0.2996	0.2057	0.2210	0.2738	7.6062E-4	8.6691E-5	7.5504E-4	0.1129	-3.9246E-2	19.551	1271.891	22788.789
166000000	0.1068	2.5137	0.1883	7.4233E-2	3.0473	6.9611E-2	0.3880	0.2961	0.2061	0.2220	0.2758	8.3385E-4	8.9584E-5	8.455E-4	0.1048	1.8364E-2	16.425	994.050	20637.270
167000000	0.1105	2.5259	0.1864	7.1271E-2	3.0397	6.6226E-2	0.3816	0.2985	0.2077	0.2181	0.2756	8.2424E-4	1.0506E-4	8.1823E-4	0.1284	-1.9266E-2	6.716	1084.643	21320.026
168000000	0.1123	2.4923	0.1944	7.0597E-2	3.0639	6.6449E-2	0.3778	0.3009	0.2043	0.2233	0.2716	8.0847E-4	9.7446E-5	8.0924E-4	0.1197	-3.2221E-3	11.038	1070.708	21350.364
169000000	0.1108	2.4899	0.1868	7.6223E-2	3.0723	6.3998E-2	0.3769	0.3022	0.2026	0.2213	0.2739	7.9035E-4	9.9504E-5	7.9383E-4	0.1256	8.7141E-3	7.673	1109.723	21862.024
170000000	0.1038	2.4954	0.1885	7.3302E-2	3.0698	6.919E-2	0.3798	0.3017	0.2010	0.2255	0.2719	8.0214E-4	9.2004E-5	7.9872E-4	0.1120	1.5187E-2	12.955	1066.670	21550.140
171000000	0.1096	2.5181	0.1887	7.4375E-2	3.0447	6.4501E-2	0.3791	0.2999	0.2038	0.2206	0.2758	7.6024E-4	7.5717E-5	7.6278E-4	0.1016	-1.6764E-2	24.203	1154.249	22892.044
172000000	0.1138	2.5709	0.1809	7.6275E-2	2.9882	7.0008E-2	0.3903	0.2936	0.2075	0.2158	0.2831	8.0349E-4	8.8455E-5	8.0772E-4	0.1135	6.9008E-3	8.230	1081.970	21727.602
173000000	0.1070	2.5083	0.1944	6.6541E-2	3.0559	6.7882E-2	0.3816	0.2983	0.2043	0.2220	0.2753	8.3654E-4	9.146E-5	8.3851E-4	0.1088	4.1974E-2	7.627	1016.903	21058.340
174000000	0.1092	2.5064	0.1864	7.259E-2	3.0558	6.9503E-2	0.3757	0.3000	0.2057	0.2173	0.2771	7.9943E-4	9.3546E-5	7.9745E-4	0.1143	1.0809E-3	18.864	1031.360	21644.177
175000000	0.1140	2.5325	0.1886	7.3838E-2	3.0232	6.7813E-2	0.3755	0.2949	0.2044	0.2234	0.2774	7.5822E-4	7.7597E-5	7.5868E-4	0.1025	-1.2811E-2	18.429	1256.726	22844.974
176000000	0.1122	2.4932	0.1868	6.9426E-2	3.0619	7.6494E-2	0.3879	0.2980	0.2040	0.2236	0.2744	7.891E-4	9.767E-5	7.7312E-4	0.1234	-3.9911E-3	9.146	1220.282	22382.325
177000000	0.1139	2.5009	0.1920	7.5853E-2	3.0489	6.8471E-2	0.3935	0.3005	0.2028	0.2229	0.2738	7.6886E-4	9.5588E-5	7.6645E-4	0.1181	1.1201E-2	6.906	1198.444	22896.052
178000000	0.1153	2.5410	0.1897	7.3992E-2	3.0077	7.226E-2	0.3756	0.2956	0.2061	0.2196	0.2787	7.5148E-4	7.997E-5	7.5456E-4	0.1039	-1.7813E-2	20.467	1180.240	22801.229
179000000	0.1052	2.5119	0.1886	7.3819E-2	3.0553	6.5218E-2	0.3928	0.2993	0.2048	0.2193	0.2766	8.082E-4	9.9855E-5	8.1473E-4	0.1264	1.0784E-2	23.238	1061.073	21603.612
180000000	0.1130	2.5205	0.1881	7.3048E-2	3.0387	6.6681E-2	0.3746	0.2991	0.2032	0.2208	0.2769	7.3726E-4	9.6526E-5	7.2636E-4	0.1254	-4.898E-2	24.797	1233.596	24029.215
181000000	0.1136	2.5110	0.1951	7.131E-2	3.0402	6.8766E-2	0.3826	0.2996	0.2038	0.2203	0.2763	7.8588E-4	8.1581E-5	7.7727E-4	0.1023	-7.015E-3	10.871	1147.976	22269.716
182000000	0.1088	2.5139	0.1887	7.6358E-2	3.0410	7.1214E-2	0.3829	0.3000	0.2036	0.2203	0.2760	7.8416E-4	8.7258E-5	7.7476E-4	0.1103	-4.473E-2	22.458	1168.309	22792.528
183000000	0.1150	2.5010	0.1883	7.607E-2	3.0530	6.674E-2	0.3801	0.2987	0.2036	0.2195	0.2783	7.3631E-4	7.2222E-5	7.3555E-4	0.0966	-1.5433E-3	30.270	1208.045	23430.556
184000000	0.1116	2.5428	0.1897	7.6192E-2	3.0095	7.0174E-2	0.3822	0.2952	0.2069	0.2202	0.2776	7.5504E-4	7.8039E-5	7.6011E-4	0.1017	4.026E-2	18.820	1088.736	22676.047
185000000	0.1066	2.5307	0.1875	7.2002E-2	3.0347	6.8466E-2	0.3883	0.2947	0.2071	0.2186	0.2795	7.8442E-4	8.0578E-5	7.8216E-4	0.1038	1.3775E-2	8.196	1158.349	22592.033
186000000	0.1078	2.4743	0.1929	7.6122E-2	3.0854	6.3536E-2	0.3767	0.3021	0.2022	0.2236	0.2721	7.8034E-4	8.4619E-5	7.7188E-4	0.1089	-2.5854E-2	8.447	1150.775	22397.831
187000000	0.1168	2.5417	0.1865	7.2369E-2	3.0136	6.909E-2	0.3812	0.2938	0.2058	0.2197	0.2807	8.2921E-4	1.106E-4	8.4163E-4	0.1312	2.8859E-2	5.949	1019.500	20707.771
188000000	0.1084	2.5109	0.1953	7.3679E-2	3.0437	6.7961E-2	0.3892	0.2970	0.2046	0.2241	0.2743	8.267E-4	1.1182E-4	8.3157E-4	0.1344	-3.2029E-2	4.314	987.391	20808.455
189000000	0.1072	2.5731	0.1900	7.1496E-2	2.9866	7.175E-2	0.3854	0.2940	0.2079	0.2174	0.2808	8.0326E-4	8.5048E-5	8.0217E-4	0.1065	4.2412E-2	12.034	1056.322	21630.660
190000000	0.1169	2.5203	0.1894	7.3415E-2	3.0327	6.7336E-2	0.3785	0.2948	0.2055	0.2220	0.2776	7.6634E-4	8.5618E-5	7.5781E-4	0.1076	-1.8985E-2	17.774	1216.657	22950.463
191000000	0.1110	2.5578	0.1907	7.8598E-2	2.9923	6.9645E-2	0.3789	0.2949	0.2052	0.2172	0.2828	7.8614E-4	9.8057E-5	7.7885E-4	0.1213	2.238E-2	7.588	1179.253	22286.270
192000000	0.1101	2.5031	0.1862	7.0806E-2	3.0598	7.0058E-2	0.3797	0.3001	0.2050	0.2204	0.2746	7.7276E-4	8.9531E-5	7.7321E-4	0.1147	3.7638E-2	5.136	1122.714	22555.089
193000000	0.1085	2.5285	0.1938	6.8856E-2	3.0319	6.8413E-2	0.3816	0.2959	0.2060	0.2201	0.2780	7.6516E-4	7.8465E-5	7.584E-4	0.0992	-2.2313E-2	9.439	1115.857	22807.752
194000000	0.1102	2.5431	0.1875	7.1721E-2	3.0217	6.5896E-2	0.3778	0.2955	0.2057	0.2200	0.2788	7.7272E-4	9.0811E-5	7.7893E-4	0.1190	3.0726E-2	10.366	1144.474	22656.453
195000000	0.1135	2.5173	0.1945	7.1964E-2	3.0344	6.8348E-2	0.3766	0.2979	0.2060	0.2211	0.2750	8.0244E-4	1.0613E-4	7.9893E-4	0.1255	3.8776E-3	9.191	1043.521	21526.922
196000000	0.1080	2.5183	0.1885	7.7698E-2	3.0398	6.7768E-2	0.3812	0.2971	0.2045	0.2203	0.2782	8.1733E-4	9.181E-5	8.247E-4	0.1140	2.7016E-2	14.956	1107.094	21166.439
197000000	0.1112	2.5064	0.1907	7.656E-2	3.0471	6.7931E-2	0.3847	0.2988	0.2028	0.2219	0.2765	8.375E-4	9.4213E-5	8.3848E-4	0.1105	-2.2163E-2	11.470	980.176	20575.103
198000000	0.1097	2.4422	0.1907	7.3951E-2	3.1164	6.7067E-2	0.3860	0.3026	0.1987	0.2277	0.2710	7.9583E-4	9.0623E-5	7.9052E-4	0.1164	-3.5907E-2	22.092	1136.454	21972.175
199000000	0.1125	2.5154	0.1926	7.2795E-2	3.0425	6.4357E-2	0.3792	0.2965	0.2067	0.2200	0.2768	7.7099E-4	8.6648E-5	7.8326E-4	0.1122	-1.7533E-2	7.795	1038.959	22185.592
200000000	0.1171	2.4650	0.1846	7.4004E-2	3.0904	6.8895E-2	0.3797	0.3005	0.2022	0.2230	0.2743	7.9649E-4	1.0117E-4	8.0853E-4	0.1238	-2.3015E-2	15.992	1000.276	21292.187
