state	posterior	prior	likelihood	skygrid
1000000	-427562.375	-12648.355	-414914.020	-4923.690
2000000	-427590.821	-12636.555	-414954.266	-4910.807
3000000	-427539.470	-12628.628	-414910.842	-4903.279
4000000	-427640.045	-12652.012	-414988.033	-4927.403
5000000	-427608.842	-12644.999	-414963.843	-4920.411
6000000	-427551.425	-12649.828	-414901.597	-4923.607
7000000	-427602.185	-12635.898	-414966.287	-4910.261
8000000	-427640.604	-12659.488	-414981.116	-4933.356
9000000	-427606.424	-12661.129	-414945.295	-4935.749
10000000	-427618.548	-12631.204	-414987.343	-4905.552
11000000	-427530.579	-12623.042	-414907.537	-4896.579
12000000	-427600.672	-12635.734	-414964.938	-4910.557
13000000	-427629.831	-12671.562	-414958.270	-4947.871
14000000	-427613.359	-12659.206	-414954.153	-4933.906
15000000	-427593.607	-12649.049	-414944.557	-4924.161
16000000	-427634.027	-12681.232	-414952.795	-4956.061
17000000	-427577.605	-12644.941	-414932.664	-4919.677
18000000	-427535.594	-12610.365	-414925.229	-4884.230
19000000	-427614.455	-12690.472	-414923.982	-4964.930
20000000	-427624.318	-12662.278	-414962.040	-4937.877
21000000	-427589.673	-12625.299	-414964.374	-4899.011
22000000	-427543.476	-12638.101	-414905.375	-4913.383
23000000	-427561.951	-12612.858	-414949.093	-4886.431
24000000	-427649.557	-12678.103	-414971.454	-4952.785
25000000	-427571.914	-12625.359	-414946.555	-4899.517
26000000	-427549.568	-12660.207	-414889.361	-4935.517
27000000	-427584.422	-12629.782	-414954.641	-4904.114
28000000	-427543.506	-12633.784	-414909.722	-4908.235
29000000	-427607.521	-12624.597	-414982.924	-4898.788
30000000	-427637.777	-12670.485	-414967.292	-4944.826
31000000	-427532.625	-12598.568	-414934.057	-4873.825
32000000	-427553.382	-12620.355	-414933.027	-4895.430
33000000	-427585.934	-12645.045	-414940.889	-4918.842
34000000	-427600.680	-12674.663	-414926.017	-4949.546
35000000	-427587.698	-12655.452	-414932.247	-4929.899
36000000	-427594.706	-12661.458	-414933.248	-4935.469
37000000	-427570.221	-12618.612	-414951.609	-4892.668
38000000	-427591.390	-12667.338	-414924.051	-4940.900
39000000	-427637.943	-12649.514	-414988.429	-4923.776
40000000	-427602.367	-12654.217	-414948.150	-4928.512
41000000	-427578.266	-12672.674	-414905.593	-4948.509
42000000	-427628.434	-12675.775	-414952.659	-4949.974
43000000	-427598.146	-12655.482	-414942.664	-4929.708
44000000	-427591.000	-12701.886	-414889.114	-4977.004
45000000	-427616.061	-12630.082	-414985.979	-4905.253
46000000	-427615.035	-12679.975	-414935.060	-4954.737
47000000	-427609.255	-12664.537	-414944.718	-4938.950
48000000	-427538.053	-12591.579	-414946.474	-4865.941
49000000	-427493.194	-12597.457	-414895.737	-4872.284
50000000	-427539.054	-12629.878	-414909.176	-4904.546
51000000	-427675.788	-12670.773	-415005.015	-4945.177
52000000	-427545.985	-12635.887	-414910.098	-4910.186
53000000	-427592.167	-12656.918	-414935.249	-4931.856
54000000	-427640.492	-12666.018	-414974.475	-4941.034
55000000	-427595.265	-12654.714	-414940.551	-4929.323
56000000	-427522.586	-12617.575	-414905.010	-4892.906
57000000	-427581.099	-12620.685	-414960.413	-4894.810
58000000	-427569.620	-12662.165	-414907.454	-4937.321
59000000	-427629.202	-12679.720	-414949.483	-4954.629
60000000	-427544.023	-12603.561	-414940.462	-4878.370
61000000	-427590.789	-12637.400	-414953.389	-4911.429
62000000	-427545.098	-12613.459	-414931.638	-4887.545
63000000	-427540.189	-12603.125	-414937.064	-4876.926
64000000	-427556.403	-12628.308	-414928.096	-4901.692
65000000	-427573.928	-12622.459	-414951.470	-4895.922
66000000	-427593.886	-12657.089	-414936.798	-4931.888
67000000	-427616.804	-12647.255	-414969.549	-4922.901
68000000	-427615.002	-12656.482	-414958.520	-4930.526
69000000	-427570.406	-12630.766	-414939.639	-4905.621
70000000	-427558.715	-12618.456	-414940.260	-4893.279
71000000	-427553.993	-12616.363	-414937.631	-4891.064
72000000	-427603.886	-12632.347	-414971.539	-4905.825
73000000	-427652.093	-12657.717	-414994.376	-4932.154
74000000	-427610.370	-12651.530	-414958.840	-4927.130
75000000	-427559.974	-12627.441	-414932.533	-4901.443
76000000	-427633.254	-12652.940	-414980.314	-4926.620
77000000	-427607.804	-12669.273	-414938.531	-4944.065
78000000	-427615.877	-12660.808	-414955.069	-4936.364
79000000	-427589.177	-12632.715	-414956.462	-4907.258
80000000	-427595.893	-12610.741	-414985.153	-4884.712
81000000	-427543.989	-12594.862	-414949.127	-4869.108
82000000	-427591.658	-12648.967	-414942.692	-4924.656
83000000	-427578.861	-12657.988	-414920.873	-4932.435
84000000	-427528.903	-12589.354	-414939.548	-4863.469
85000000	-427545.853	-12625.311	-414920.542	-4899.706
86000000	-427511.954	-12618.447	-414893.507	-4892.677
87000000	-427614.180	-12663.773	-414950.407	-4938.485
88000000	-427561.331	-12613.874	-414947.457	-4888.046
89000000	-427569.237	-12626.366	-414942.871	-4901.245
90000000	-427616.176	-12620.292	-414995.884	-4894.861
91000000	-427568.946	-12651.939	-414917.007	-4926.699
92000000	-427564.830	-12626.204	-414938.626	-4900.805
93000000	-427573.747	-12645.487	-414928.260	-4919.433
94000000	-427546.121	-12625.780	-414920.341	-4901.250
95000000	-427638.448	-12657.268	-414981.179	-4931.627
96000000	-427547.412	-12620.866	-414926.546	-4895.187
97000000	-427657.113	-12686.483	-414970.630	-4961.229
98000000	-427613.203	-12640.559	-414972.644	-4915.043
99000000	-427639.312	-12648.454	-414990.858	-4923.365
100000000	-427549.105	-12632.126	-414916.979	-4907.674
101000000	-427566.360	-12617.621	-414948.739	-4892.372
102000000	-427564.330	-12644.134	-414920.197	-4917.341
103000000	-427571.389	-12644.997	-414926.391	-4919.628
104000000	-427556.734	-12621.813	-414934.922	-4897.170
105000000	-427549.873	-12653.555	-414896.318	-4927.998
106000000	-427594.355	-12654.057	-414940.298	-4929.448
107000000	-427569.330	-12613.363	-414955.968	-4886.438
108000000	-427542.518	-12636.741	-414905.776	-4911.215
109000000	-427548.496	-12613.304	-414935.192	-4886.871
110000000	-427572.280	-12641.022	-414931.258	-4915.881
111000000	-427568.870	-12632.617	-414936.253	-4907.447
112000000	-427513.275	-12581.276	-414931.999	-4856.064
113000000	-427588.775	-12601.304	-414987.470	-4875.330
114000000	-427544.331	-12619.311	-414925.020	-4893.301
115000000	-427527.468	-12602.359	-414925.109	-4877.955
116000000	-427578.216	-12611.529	-414966.686	-4886.344
117000000	-427542.004	-12627.663	-414914.341	-4902.418
118000000	-427572.675	-12643.861	-414928.814	-4918.698
119000000	-427553.995	-12600.996	-414952.999	-4874.823
120000000	-427570.424	-12617.936	-414952.488	-4892.502
121000000	-427637.776	-12618.518	-415019.258	-4893.096
122000000	-427559.896	-12611.779	-414948.117	-4886.289
123000000	-427571.851	-12609.524	-414962.327	-4882.431
124000000	-427590.888	-12634.235	-414956.653	-4908.515
125000000	-427658.839	-12690.522	-414968.317	-4965.264
126000000	-427569.412	-12640.843	-414928.569	-4914.264
127000000	-427623.772	-12673.608	-414950.164	-4949.348
128000000	-427517.978	-12610.389	-414907.589	-4885.245
129000000	-427568.358	-12626.811	-414941.547	-4900.511
130000000	-427632.307	-12667.491	-414964.816	-4941.582
131000000	-427612.497	-12646.267	-414966.231	-4919.508
132000000	-427552.516	-12624.704	-414927.812	-4899.913
133000000	-427571.836	-12637.925	-414933.911	-4912.255
134000000	-427594.057	-12652.680	-414941.376	-4927.841
135000000	-427608.261	-12652.153	-414956.107	-4926.294
136000000	-427585.381	-12657.319	-414928.062	-4931.494
137000000	-427585.356	-12625.887	-414959.469	-4900.607
138000000	-427589.235	-12636.506	-414952.729	-4911.168
139000000	-427626.681	-12644.531	-414982.150	-4919.229
140000000	-427594.668	-12638.023	-414956.645	-4913.556
141000000	-427568.696	-12631.443	-414937.253	-4904.540
142000000	-427614.906	-12673.005	-414941.900	-4947.819
143000000	-427579.562	-12628.308	-414951.254	-4902.720
144000000	-427586.207	-12655.485	-414930.722	-4929.419
145000000	-427646.768	-12686.364	-414960.404	-4961.215
146000000	-427620.679	-12651.261	-414969.418	-4925.795
147000000	-427569.869	-12655.576	-414914.293	-4929.836
148000000	-427617.119	-12645.871	-414971.248	-4920.807
149000000	-427592.561	-12664.552	-414928.009	-4937.954
150000000	-427552.890	-12631.314	-414921.576	-4904.774
151000000	-427596.399	-12649.763	-414946.636	-4924.478
152000000	-427610.280	-12637.848	-414972.432	-4912.972
153000000	-427567.482	-12612.011	-414955.470	-4885.750
154000000	-427520.255	-12627.174	-414893.081	-4901.717
155000000	-427560.084	-12622.374	-414937.709	-4896.758
156000000	-427555.061	-12616.117	-414938.945	-4890.461
157000000	-427555.951	-12599.248	-414956.703	-4871.959
158000000	-427574.379	-12632.315	-414942.064	-4906.940
159000000	-427485.940	-12615.042	-414870.898	-4889.679
160000000	-427597.840	-12659.663	-414938.177	-4932.864
161000000	-427532.264	-12592.767	-414939.497	-4867.031
162000000	-427549.694	-12632.468	-414917.227	-4906.385
163000000	-427574.662	-12647.012	-414927.651	-4922.724
164000000	-427610.797	-12652.066	-414958.730	-4926.161
165000000	-427562.434	-12622.779	-414939.655	-4896.799
166000000	-427580.052	-12642.818	-414937.234	-4918.136
167000000	-427556.157	-12619.658	-414936.499	-4893.037
168000000	-427585.177	-12648.845	-414936.333	-4924.291
169000000	-427625.099	-12651.986	-414973.113	-4926.745
170000000	-427564.109	-12623.642	-414940.467	-4897.749
171000000	-427702.240	-12689.062	-415013.178	-4963.774
172000000	-427521.003	-12568.719	-414952.284	-4842.996
173000000	-427598.594	-12650.604	-414947.990	-4924.880
174000000	-427596.214	-12643.512	-414952.702	-4918.338
175000000	-427661.422	-12693.322	-414968.100	-4968.732
176000000	-427633.599	-12674.225	-414959.374	-4949.163
177000000	-427586.224	-12645.138	-414941.086	-4919.951
178000000	-427555.289	-12607.056	-414948.233	-4882.138
179000000	-427489.366	-12578.538	-414910.828	-4852.874
180000000	-427497.314	-12620.349	-414876.966	-4894.924
181000000	-427528.209	-12615.012	-414913.196	-4888.802
182000000	-427617.050	-12644.789	-414972.261	-4918.825
183000000	-427568.036	-12651.717	-414916.318	-4926.296
184000000	-427542.604	-12585.908	-414956.696	-4861.475
185000000	-427643.693	-12658.275	-414985.418	-4932.479
186000000	-427568.026	-12661.281	-414906.745	-4935.268
187000000	-427627.349	-12664.722	-414962.627	-4939.617
188000000	-427547.464	-12625.033	-414922.430	-4899.443
189000000	-427597.195	-12629.580	-414967.615	-4903.661
190000000	-427592.525	-12636.162	-414956.363	-4910.316
191000000	-427606.626	-12627.513	-414979.113	-4901.724
192000000	-427619.904	-12663.663	-414956.241	-4938.093
193000000	-427594.702	-12671.358	-414923.344	-4945.842
194000000	-427517.946	-12577.648	-414940.298	-4852.225
195000000	-427612.464	-12654.773	-414957.691	-4929.835
196000000	-427571.711	-12651.790	-414919.921	-4925.863
197000000	-427657.660	-12638.643	-415019.017	-4912.747
198000000	-427528.968	-12639.344	-414889.624	-4914.566
199000000	-427567.362	-12642.338	-414925.023	-4916.528
200000000	-427588.597	-12658.173	-414930.424	-4932.493
