state	posterior	prior	likelihood	skygrid
1000000	-427646.891	-12675.249	-414971.642	-4949.939
2000000	-427626.219	-12660.411	-414965.809	-4935.116
3000000	-427557.351	-12643.350	-414914.001	-4917.172
4000000	-427617.253	-12627.517	-414989.736	-4901.301
5000000	-427573.739	-12667.914	-414905.824	-4942.977
6000000	-427656.617	-12668.797	-414987.821	-4943.403
7000000	-427590.181	-12660.468	-414929.713	-4935.523
8000000	-427555.130	-12618.985	-414936.145	-4893.211
9000000	-427607.493	-12631.672	-414975.821	-4905.600
10000000	-427582.389	-12636.075	-414946.314	-4909.970
11000000	-427617.590	-12675.286	-414942.305	-4950.124
12000000	-427610.074	-12667.551	-414942.523	-4942.376
13000000	-427601.999	-12662.488	-414939.511	-4937.686
14000000	-427575.605	-12610.220	-414965.385	-4884.472
15000000	-427605.852	-12648.648	-414957.204	-4923.808
16000000	-427615.983	-12671.917	-414944.066	-4947.342
17000000	-427590.856	-12658.455	-414932.401	-4932.982
18000000	-427583.152	-12634.866	-414948.286	-4909.640
19000000	-427597.342	-12639.860	-414957.482	-4915.252
20000000	-427547.943	-12633.133	-414914.810	-4907.625
21000000	-427585.864	-12641.850	-414944.015	-4915.952
22000000	-427645.480	-12668.663	-414976.817	-4943.786
23000000	-427588.696	-12660.364	-414928.332	-4935.075
24000000	-427594.202	-12632.648	-414961.554	-4907.275
25000000	-427594.798	-12644.728	-414950.069	-4919.061
26000000	-427606.490	-12662.426	-414944.064	-4937.201
27000000	-427589.589	-12621.416	-414968.173	-4895.214
28000000	-427621.299	-12667.804	-414953.495	-4942.326
29000000	-427651.086	-12703.265	-414947.820	-4977.391
30000000	-427620.792	-12665.398	-414955.394	-4939.686
31000000	-427593.838	-12667.054	-414926.784	-4942.097
32000000	-427606.843	-12655.740	-414951.103	-4931.112
33000000	-427584.899	-12629.249	-414955.650	-4904.098
34000000	-427658.895	-12696.892	-414962.003	-4971.175
35000000	-427594.394	-12636.442	-414957.953	-4911.366
36000000	-427656.621	-12651.648	-415004.973	-4925.992
37000000	-427606.354	-12640.696	-414965.658	-4915.478
38000000	-427604.125	-12633.881	-414970.244	-4908.235
39000000	-427585.308	-12654.554	-414930.754	-4928.945
40000000	-427641.453	-12686.570	-414954.883	-4960.365
41000000	-427571.159	-12639.988	-414931.170	-4914.902
42000000	-427569.092	-12614.049	-414955.043	-4888.205
43000000	-427605.913	-12639.878	-414966.035	-4915.200
44000000	-427604.951	-12648.706	-414956.245	-4923.669
45000000	-427659.010	-12667.134	-414991.876	-4942.848
46000000	-427636.837	-12647.030	-414989.807	-4921.180
47000000	-427569.842	-12591.321	-414978.522	-4864.970
48000000	-427643.505	-12677.406	-414966.099	-4952.353
49000000	-427545.849	-12634.956	-414910.892	-4908.717
50000000	-427566.261	-12624.335	-414941.927	-4898.093
51000000	-427599.275	-12652.071	-414947.205	-4926.817
52000000	-427599.953	-12644.562	-414955.391	-4918.348
53000000	-427592.024	-12649.417	-414942.607	-4924.434
54000000	-427649.605	-12655.040	-414994.565	-4929.750
55000000	-427579.426	-12655.429	-414923.997	-4929.134
56000000	-427625.856	-12663.565	-414962.291	-4938.478
57000000	-427610.366	-12671.104	-414939.263	-4945.737
58000000	-427529.446	-12600.794	-414928.653	-4874.995
59000000	-427584.758	-12674.230	-414910.528	-4950.090
60000000	-427586.217	-12628.500	-414957.717	-4902.436
61000000	-427519.697	-12630.950	-414888.747	-4904.948
62000000	-427637.867	-12659.955	-414977.912	-4934.533
63000000	-427600.011	-12646.776	-414953.235	-4920.609
64000000	-427638.582	-12651.463	-414987.120	-4926.495
65000000	-427632.979	-12665.368	-414967.611	-4940.546
66000000	-427549.007	-12650.566	-414898.441	-4924.925
67000000	-427579.985	-12640.220	-414939.765	-4915.042
68000000	-427617.654	-12642.237	-414975.418	-4916.889
69000000	-427595.564	-12621.173	-414974.391	-4894.484
70000000	-427613.983	-12679.564	-414934.419	-4954.298
71000000	-427573.368	-12640.341	-414933.027	-4914.012
72000000	-427697.936	-12700.185	-414997.751	-4974.827
73000000	-427596.336	-12657.148	-414939.188	-4931.338
74000000	-427544.563	-12641.254	-414903.309	-4916.674
75000000	-427574.210	-12652.995	-414921.215	-4927.224
76000000	-427591.069	-12633.032	-414958.037	-4908.740
77000000	-427579.787	-12666.351	-414913.436	-4941.376
78000000	-427609.050	-12651.686	-414957.364	-4925.577
79000000	-427646.086	-12677.291	-414968.795	-4952.699
80000000	-427585.456	-12641.474	-414943.983	-4915.679
81000000	-427602.022	-12639.435	-414962.587	-4914.109
82000000	-427556.325	-12630.837	-414925.488	-4904.981
83000000	-427580.811	-12632.528	-414948.283	-4907.095
84000000	-427548.352	-12604.804	-414943.548	-4879.389
85000000	-427571.720	-12617.792	-414953.928	-4892.982
86000000	-427578.530	-12638.617	-414939.912	-4913.156
87000000	-427619.324	-12650.856	-414968.468	-4925.679
88000000	-427580.695	-12646.666	-414934.029	-4921.212
89000000	-427582.330	-12646.454	-414935.876	-4920.701
90000000	-427624.553	-12673.780	-414950.773	-4948.540
91000000	-427572.034	-12616.296	-414955.738	-4890.736
92000000	-427649.174	-12693.636	-414955.538	-4968.089
93000000	-427575.770	-12639.323	-414936.447	-4914.532
94000000	-427602.616	-12659.406	-414943.210	-4934.720
95000000	-427608.399	-12646.371	-414962.028	-4921.428
96000000	-427589.258	-12624.407	-414964.850	-4898.939
97000000	-427622.685	-12662.229	-414960.456	-4936.432
98000000	-427646.362	-12654.897	-414991.464	-4930.422
99000000	-427601.815	-12634.341	-414967.474	-4909.346
100000000	-427538.082	-12629.966	-414908.117	-4905.027
101000000	-427644.611	-12671.723	-414972.888	-4948.220
102000000	-427600.055	-12678.790	-414921.265	-4954.003
103000000	-427574.883	-12623.969	-414950.914	-4898.787
104000000	-427593.853	-12659.599	-414934.254	-4935.553
105000000	-427638.912	-12669.365	-414969.546	-4944.546
106000000	-427602.901	-12660.392	-414942.509	-4934.130
107000000	-427598.142	-12654.449	-414943.693	-4928.949
108000000	-427608.376	-12636.924	-414971.452	-4910.695
109000000	-427607.976	-12676.890	-414931.086	-4952.090
110000000	-427605.850	-12665.578	-414940.271	-4939.969
111000000	-427645.418	-12650.833	-414994.585	-4925.147
112000000	-427610.736	-12666.123	-414944.613	-4941.097
113000000	-427597.075	-12657.449	-414939.626	-4931.440
114000000	-427606.938	-12660.233	-414946.704	-4934.297
115000000	-427577.046	-12659.506	-414917.539	-4934.371
116000000	-427665.982	-12680.978	-414985.004	-4956.350
117000000	-427563.417	-12598.482	-414964.935	-4872.137
118000000	-427561.258	-12636.131	-414925.128	-4909.757
119000000	-427567.053	-12641.043	-414926.010	-4915.740
120000000	-427625.716	-12651.465	-414974.252	-4925.861
121000000	-427599.797	-12669.886	-414929.911	-4944.987
122000000	-427558.765	-12633.140	-414925.625	-4907.538
123000000	-427640.875	-12651.084	-414989.791	-4925.611
124000000	-427575.848	-12643.825	-414932.023	-4918.537
125000000	-427587.243	-12632.473	-414954.770	-4906.454
126000000	-427663.596	-12699.077	-414964.518	-4974.220
127000000	-427656.087	-12672.159	-414983.928	-4948.059
128000000	-427584.570	-12640.667	-414943.904	-4914.992
129000000	-427584.219	-12653.561	-414930.658	-4928.458
130000000	-427626.665	-12625.600	-415001.065	-4900.928
131000000	-427613.598	-12636.091	-414977.507	-4910.609
132000000	-427607.701	-12648.306	-414959.396	-4922.657
133000000	-427586.102	-12653.366	-414932.736	-4928.151
134000000	-427658.300	-12690.814	-414967.485	-4967.189
135000000	-427629.815	-12663.433	-414966.382	-4938.427
136000000	-427614.232	-12649.174	-414965.059	-4923.150
137000000	-427608.766	-12662.839	-414945.927	-4936.927
138000000	-427630.753	-12682.346	-414948.407	-4957.479
139000000	-427614.491	-12677.128	-414937.364	-4951.725
140000000	-427602.971	-12644.351	-414958.620	-4919.541
141000000	-427615.167	-12654.911	-414960.256	-4930.387
142000000	-427626.430	-12673.190	-414953.241	-4949.024
143000000	-427605.519	-12652.405	-414953.114	-4927.461
144000000	-427661.620	-12671.122	-414990.498	-4945.676
145000000	-427545.450	-12625.814	-414919.636	-4901.303
146000000	-427586.971	-12620.294	-414966.678	-4894.997
147000000	-427598.194	-12647.463	-414950.730	-4921.396
148000000	-427619.692	-12657.513	-414962.180	-4931.719
149000000	-427607.160	-12650.187	-414956.972	-4924.541
150000000	-427582.251	-12671.250	-414911.000	-4946.264
151000000	-427602.078	-12661.093	-414940.984	-4935.028
152000000	-427599.116	-12649.734	-414949.382	-4923.896
153000000	-427584.374	-12634.672	-414949.702	-4909.266
154000000	-427548.082	-12637.605	-414910.477	-4912.389
155000000	-427617.529	-12658.723	-414958.806	-4933.313
156000000	-427585.499	-12639.526	-414945.972	-4915.073
157000000	-427577.082	-12623.417	-414953.665	-4897.796
158000000	-427599.404	-12625.116	-414974.288	-4900.262
159000000	-427550.613	-12609.834	-414940.779	-4884.644
160000000	-427577.984	-12625.106	-414952.878	-4899.390
161000000	-427593.342	-12613.679	-414979.664	-4887.769
162000000	-427580.866	-12596.457	-414984.409	-4871.153
163000000	-427604.320	-12640.258	-414964.063	-4913.894
164000000	-427539.456	-12617.883	-414921.572	-4892.047
165000000	-427645.806	-12642.044	-415003.762	-4916.065
166000000	-427631.579	-12663.321	-414968.258	-4939.075
167000000	-427629.555	-12661.348	-414968.207	-4936.202
168000000	-427612.508	-12669.150	-414943.358	-4943.841
169000000	-427625.836	-12663.948	-414961.888	-4938.741
170000000	-427599.622	-12647.380	-414952.243	-4920.706
171000000	-427634.525	-12646.899	-414987.626	-4920.410
172000000	-427548.277	-12622.897	-414925.380	-4896.934
173000000	-427560.260	-12625.150	-414935.110	-4899.095
174000000	-427628.039	-12627.872	-415000.167	-4902.261
175000000	-427602.417	-12645.628	-414956.789	-4919.408
176000000	-427534.352	-12630.330	-414904.022	-4903.932
177000000	-427652.733	-12659.497	-414993.236	-4934.199
178000000	-427585.757	-12654.453	-414931.304	-4929.462
179000000	-427596.284	-12649.277	-414947.007	-4924.486
180000000	-427625.696	-12675.103	-414950.593	-4950.171
181000000	-427660.809	-12668.719	-414992.090	-4943.343
182000000	-427600.325	-12667.547	-414932.778	-4942.882
183000000	-427635.685	-12655.159	-414980.526	-4929.217
184000000	-427565.791	-12652.559	-414913.233	-4926.815
185000000	-427654.402	-12674.021	-414980.381	-4949.638
186000000	-427584.948	-12658.879	-414926.069	-4933.011
187000000	-427672.439	-12659.462	-415012.977	-4934.382
188000000	-427616.885	-12619.433	-414997.452	-4894.253
189000000	-427646.889	-12641.021	-415005.868	-4915.395
190000000	-427653.743	-12711.205	-414942.538	-4986.631
191000000	-427579.045	-12640.106	-414938.939	-4914.417
192000000	-427615.097	-12662.117	-414952.980	-4937.094
193000000	-427567.714	-12616.924	-414950.790	-4891.058
194000000	-427658.748	-12669.575	-414989.173	-4945.309
195000000	-427597.558	-12646.018	-414951.540	-4920.389
196000000	-427636.847	-12666.412	-414970.435	-4940.808
197000000	-427577.681	-12660.005	-414917.676	-4934.514
198000000	-427605.626	-12669.169	-414936.457	-4944.212
199000000	-427620.393	-12648.521	-414971.871	-4923.209
200000000	-427614.665	-12652.682	-414961.983	-4927.050
201000000	-427585.118	-12650.770	-414934.349	-4926.034
202000000	-427623.687	-12636.510	-414987.177	-4911.012
203000000	-427612.120	-12657.053	-414955.068	-4931.889
204000000	-427601.842	-12632.646	-414969.196	-4906.361
205000000	-427554.304	-12636.228	-414918.075	-4911.408
206000000	-427596.707	-12653.479	-414943.228	-4928.082
207000000	-427621.421	-12657.036	-414964.385	-4932.414
208000000	-427623.976	-12668.144	-414955.833	-4942.907
209000000	-427604.133	-12678.197	-414925.936	-4953.348
210000000	-427602.677	-12631.230	-414971.447	-4905.179
211000000	-427594.565	-12646.490	-414948.074	-4920.429
212000000	-427594.844	-12646.512	-414948.332	-4921.894
213000000	-427602.388	-12656.906	-414945.482	-4932.122
214000000	-427607.127	-12636.378	-414970.749	-4910.965
215000000	-427589.738	-12634.566	-414955.171	-4908.789
216000000	-427655.293	-12682.268	-414973.025	-4957.126
217000000	-427582.054	-12667.727	-414914.326	-4941.703
218000000	-427570.855	-12646.620	-414924.234	-4920.656
219000000	-427581.268	-12633.528	-414947.740	-4907.779
220000000	-427599.978	-12635.886	-414964.091	-4909.324
221000000	-427601.762	-12690.906	-414910.856	-4966.513
222000000	-427598.129	-12679.026	-414919.103	-4953.430
223000000	-427571.827	-12652.322	-414919.505	-4927.297
224000000	-427588.181	-12639.188	-414948.993	-4913.264
225000000	-427594.410	-12645.128	-414949.282	-4919.366
226000000	-427600.045	-12644.994	-414955.051	-4918.701
227000000	-427581.362	-12619.776	-414961.585	-4894.037
228000000	-427573.412	-12658.969	-414914.443	-4934.593
229000000	-427605.871	-12672.352	-414933.519	-4947.510
230000000	-427616.934	-12662.521	-414954.412	-4938.227
231000000	-427624.259	-12660.829	-414963.431	-4936.110
232000000	-427645.946	-12661.966	-414983.980	-4935.766
233000000	-427639.541	-12659.544	-414979.997	-4933.372
234000000	-427634.267	-12655.227	-414979.040	-4929.937
235000000	-427611.891	-12687.276	-414924.615	-4962.864
236000000	-427579.725	-12620.705	-414959.020	-4895.883
237000000	-427581.749	-12599.900	-414981.849	-4874.907
238000000	-427555.777	-12620.765	-414935.012	-4895.498
239000000	-427618.181	-12669.885	-414948.295	-4944.586
240000000	-427573.772	-12633.511	-414940.261	-4908.656
241000000	-427603.501	-12634.584	-414968.918	-4909.095
242000000	-427580.234	-12641.103	-414939.132	-4915.177
243000000	-427594.686	-12648.575	-414946.111	-4923.633
244000000	-427605.702	-12659.582	-414946.120	-4935.117
245000000	-427557.125	-12630.355	-414926.770	-4905.112
246000000	-427596.143	-12632.231	-414963.913	-4906.135
247000000	-427666.026	-12653.989	-415012.037	-4928.174
248000000	-427616.468	-12625.658	-414990.809	-4900.130
249000000	-427626.666	-12673.515	-414953.151	-4948.852
250000000	-427581.384	-12625.521	-414955.863	-4899.713
251000000	-427638.154	-12663.103	-414975.051	-4937.426
252000000	-427551.307	-12622.252	-414929.055	-4897.416
253000000	-427592.167	-12640.488	-414951.678	-4915.651
254000000	-427589.738	-12638.993	-414950.745	-4913.666
255000000	-427599.085	-12628.233	-414970.852	-4903.170
256000000	-427580.767	-12645.381	-414935.386	-4920.796
257000000	-427599.211	-12612.995	-414986.216	-4887.753
258000000	-427527.183	-12581.519	-414945.664	-4856.140
259000000	-427580.794	-12658.624	-414922.170	-4934.513
260000000	-427551.124	-12605.487	-414945.637	-4880.419
261000000	-427568.789	-12630.452	-414938.338	-4904.025
262000000	-427576.903	-12657.772	-414919.131	-4932.800
263000000	-427600.238	-12634.965	-414965.274	-4909.949
264000000	-427586.452	-12630.426	-414956.026	-4905.965
265000000	-427642.257	-12651.212	-414991.046	-4925.970
266000000	-427566.191	-12615.206	-414950.985	-4890.089
267000000	-427608.738	-12648.654	-414960.084	-4922.641
268000000	-427590.915	-12649.709	-414941.207	-4924.053
269000000	-427616.837	-12626.204	-414990.633	-4901.622
270000000	-427608.642	-12638.800	-414969.842	-4912.378
271000000	-427570.018	-12631.386	-414938.631	-4906.452
272000000	-427618.365	-12622.616	-414995.749	-4897.003
273000000	-427631.901	-12668.974	-414962.927	-4942.805
274000000	-427605.368	-12654.926	-414950.442	-4929.543
275000000	-427634.757	-12675.707	-414959.050	-4949.865
276000000	-427573.612	-12623.918	-414949.694	-4898.309
277000000	-427634.042	-12651.859	-414982.183	-4926.256
278000000	-427569.204	-12652.735	-414916.469	-4928.053
279000000	-427629.967	-12654.091	-414975.877	-4928.208
280000000	-427558.148	-12645.360	-414912.789	-4920.195
281000000	-427533.036	-12600.568	-414932.468	-4874.465
282000000	-427627.728	-12669.776	-414957.952	-4944.781
283000000	-427582.987	-12655.301	-414927.686	-4930.356
284000000	-427629.336	-12652.514	-414976.822	-4927.804
285000000	-427623.883	-12655.629	-414968.254	-4930.191
286000000	-427576.171	-12644.482	-414931.689	-4919.392
287000000	-427565.569	-12613.894	-414951.675	-4888.358
288000000	-427612.225	-12632.209	-414980.015	-4907.057
289000000	-427540.566	-12626.969	-414913.598	-4901.240
290000000	-427632.425	-12655.759	-414976.666	-4930.769
291000000	-427589.079	-12636.443	-414952.636	-4910.209
292000000	-427591.657	-12630.242	-414961.415	-4903.642
293000000	-427597.335	-12653.107	-414944.228	-4928.296
294000000	-427590.804	-12647.044	-414943.759	-4921.412
295000000	-427626.104	-12655.398	-414970.707	-4929.849
296000000	-427580.814	-12652.897	-414927.918	-4927.539
297000000	-427585.144	-12654.617	-414930.527	-4929.608
298000000	-427585.996	-12654.191	-414931.805	-4929.078
299000000	-427593.652	-12653.117	-414940.535	-4927.573
300000000	-427586.407	-12657.399	-414929.008	-4932.021
301000000	-427627.933	-12654.591	-414973.342	-4930.604
302000000	-427635.551	-12681.891	-414953.660	-4955.860
303000000	-427572.376	-12623.016	-414949.360	-4896.589
304000000	-427594.961	-12625.717	-414969.245	-4898.622
305000000	-427574.010	-12644.934	-414929.075	-4919.547
306000000	-427571.615	-12624.174	-414947.442	-4898.409
307000000	-427598.892	-12636.060	-414962.832	-4910.922
308000000	-427528.100	-12612.533	-414915.567	-4886.551
309000000	-427604.414	-12632.667	-414971.747	-4908.132
310000000	-427620.313	-12652.295	-414968.018	-4927.398
311000000	-427592.608	-12649.919	-414942.688	-4924.334
312000000	-427585.962	-12668.373	-414917.589	-4943.302
313000000	-427564.239	-12652.351	-414911.889	-4926.959
314000000	-427631.544	-12668.046	-414963.498	-4942.446
315000000	-427639.935	-12653.259	-414986.676	-4928.959
316000000	-427539.815	-12617.391	-414922.424	-4892.503
317000000	-427571.911	-12636.647	-414935.264	-4911.487
318000000	-427578.150	-12627.225	-414950.925	-4901.009
319000000	-427617.082	-12671.695	-414945.387	-4947.115
320000000	-427619.582	-12641.805	-414977.777	-4916.955
321000000	-427629.875	-12660.806	-414969.069	-4935.677
322000000	-427659.202	-12665.378	-414993.823	-4939.504
323000000	-427579.134	-12652.150	-414926.984	-4925.930
324000000	-427592.107	-12636.171	-414955.936	-4911.209
325000000	-427602.510	-12666.341	-414936.168	-4941.086
326000000	-427596.974	-12673.507	-414923.468	-4948.238
327000000	-427615.943	-12634.542	-414981.401	-4908.913
328000000	-427633.183	-12658.999	-414974.184	-4933.625
329000000	-427616.862	-12642.137	-414974.724	-4916.147
330000000	-427596.982	-12665.637	-414931.345	-4940.837
331000000	-427596.377	-12665.841	-414930.537	-4940.446
332000000	-427650.402	-12648.955	-415001.446	-4923.709
333000000	-427530.457	-12625.417	-414905.040	-4900.015
334000000	-427592.016	-12617.239	-414974.777	-4892.075
335000000	-427640.954	-12642.581	-414998.373	-4917.099
336000000	-427547.011	-12628.099	-414918.912	-4903.038
337000000	-427609.461	-12662.917	-414946.544	-4937.831
338000000	-427614.760	-12655.069	-414959.691	-4930.166
339000000	-427630.709	-12649.065	-414981.644	-4923.597
340000000	-427564.645	-12638.343	-414926.302	-4913.468
341000000	-427539.059	-12618.671	-414920.388	-4893.036
342000000	-427569.705	-12656.340	-414913.365	-4930.748
343000000	-427555.582	-12644.219	-414911.363	-4918.083
344000000	-427571.016	-12628.727	-414942.289	-4903.241
345000000	-427586.855	-12652.154	-414934.700	-4926.791
346000000	-427523.425	-12621.886	-414901.539	-4895.906
347000000	-427587.784	-12648.663	-414939.121	-4922.443
348000000	-427616.563	-12669.075	-414947.488	-4944.357
349000000	-427612.425	-12646.178	-414966.248	-4920.722
350000000	-427607.789	-12658.309	-414949.480	-4932.887
351000000	-427606.513	-12660.078	-414946.435	-4934.003
352000000	-427529.839	-12613.675	-414916.164	-4887.051
353000000	-427577.017	-12629.269	-414947.748	-4903.920
354000000	-427531.490	-12612.878	-414918.612	-4887.554
355000000	-427629.989	-12654.200	-414975.788	-4928.496
356000000	-427596.335	-12616.162	-414980.173	-4890.282
357000000	-427643.752	-12652.167	-414991.584	-4926.607
358000000	-427585.891	-12644.635	-414941.256	-4918.905
359000000	-427611.018	-12641.297	-414969.721	-4915.686
360000000	-427635.205	-12684.377	-414950.828	-4959.916
361000000	-427594.147	-12610.820	-414983.327	-4884.498
362000000	-427608.651	-12615.504	-414993.147	-4889.499
363000000	-427563.403	-12649.193	-414914.210	-4923.873
364000000	-427650.000	-12669.158	-414980.842	-4942.648
365000000	-427571.238	-12652.276	-414918.961	-4926.382
366000000	-427603.657	-12665.936	-414937.721	-4940.675
367000000	-427605.351	-12631.732	-414973.618	-4906.218
368000000	-427631.207	-12678.360	-414952.847	-4953.188
369000000	-427580.925	-12652.073	-414928.851	-4926.825
370000000	-427611.518	-12651.728	-414959.790	-4926.409
371000000	-427634.830	-12628.975	-415005.856	-4903.226
372000000	-427591.380	-12648.989	-414942.391	-4924.630
373000000	-427604.481	-12643.239	-414961.242	-4917.987
374000000	-427613.496	-12663.155	-414950.340	-4938.397
375000000	-427575.722	-12640.039	-414935.683	-4914.389
376000000	-427625.629	-12637.503	-414988.126	-4911.198
377000000	-427573.786	-12644.955	-414928.830	-4920.109
378000000	-427597.172	-12628.644	-414968.528	-4903.753
379000000	-427603.693	-12647.671	-414956.022	-4923.304
380000000	-427615.564	-12650.037	-414965.527	-4924.780
381000000	-427625.423	-12669.399	-414956.024	-4944.378
382000000	-427572.709	-12630.023	-414942.686	-4904.335
383000000	-427633.579	-12656.493	-414977.086	-4931.608
384000000	-427585.282	-12639.247	-414946.035	-4914.214
385000000	-427579.082	-12594.185	-414984.896	-4867.737
386000000	-427581.771	-12655.733	-414926.038	-4929.119
387000000	-427584.865	-12638.009	-414946.855	-4912.329
388000000	-427557.573	-12624.873	-414932.700	-4899.226
389000000	-427572.983	-12651.659	-414921.324	-4926.205
390000000	-427640.884	-12695.890	-414944.994	-4971.816
391000000	-427663.836	-12675.528	-414988.308	-4950.420
392000000	-427603.041	-12663.391	-414939.650	-4937.542
393000000	-427563.122	-12641.984	-414921.138	-4915.746
394000000	-427604.217	-12653.103	-414951.114	-4927.113
395000000	-427630.584	-12684.053	-414946.531	-4959.933
396000000	-427620.601	-12640.326	-414980.275	-4914.986
397000000	-427596.752	-12650.396	-414946.356	-4924.619
398000000	-427635.420	-12685.819	-414949.601	-4960.881
399000000	-427603.356	-12659.200	-414944.156	-4933.775
400000000	-427638.158	-12641.018	-414997.139	-4916.590
401000000	-427589.125	-12651.999	-414937.126	-4926.139
402000000	-427555.782	-12622.185	-414933.598	-4897.313
403000000	-427604.641	-12644.018	-414960.623	-4918.442
404000000	-427593.001	-12664.000	-414929.001	-4939.261
405000000	-427586.518	-12625.167	-414961.351	-4899.225
406000000	-427637.139	-12666.202	-414970.937	-4941.030
407000000	-427529.568	-12607.859	-414921.709	-4881.507
408000000	-427653.342	-12676.597	-414976.746	-4951.320
409000000	-427592.251	-12652.065	-414940.186	-4926.329
410000000	-427593.022	-12635.650	-414957.372	-4909.531
411000000	-427577.795	-12644.828	-414932.967	-4919.528
412000000	-427570.967	-12628.100	-414942.867	-4903.137
413000000	-427590.306	-12653.127	-414937.180	-4927.120
414000000	-427630.842	-12687.366	-414943.476	-4962.091
415000000	-427597.793	-12647.688	-414950.105	-4921.837
416000000	-427526.785	-12589.235	-414937.549	-4863.192
417000000	-427568.459	-12640.579	-414927.879	-4915.196
418000000	-427693.308	-12688.870	-415004.438	-4962.981
419000000	-427580.269	-12629.474	-414950.795	-4903.565
420000000	-427549.615	-12615.376	-414934.240	-4890.433
421000000	-427644.799	-12644.348	-415000.451	-4919.229
422000000	-427560.582	-12608.541	-414952.041	-4882.805
423000000	-427577.937	-12633.894	-414944.043	-4908.682
424000000	-427584.647	-12640.779	-414943.868	-4915.255
425000000	-427593.472	-12645.820	-414947.652	-4919.201
426000000	-427624.698	-12660.257	-414964.441	-4935.270
427000000	-427618.383	-12653.035	-414965.348	-4926.839
428000000	-427582.953	-12640.469	-414942.484	-4914.979
429000000	-427635.840	-12665.071	-414970.769	-4938.752
430000000	-427544.434	-12618.412	-414926.022	-4892.503
431000000	-427574.772	-12632.997	-414941.775	-4907.470
432000000	-427603.365	-12626.176	-414977.189	-4901.257
433000000	-427555.500	-12612.863	-414942.637	-4886.877
434000000	-427638.931	-12652.377	-414986.555	-4927.696
435000000	-427575.452	-12655.348	-414920.103	-4929.761
436000000	-427582.107	-12655.061	-414927.046	-4930.239
437000000	-427601.581	-12646.262	-414955.319	-4920.721
438000000	-427583.247	-12641.199	-414942.048	-4915.637
439000000	-427584.803	-12657.052	-414927.751	-4931.536
440000000	-427631.962	-12656.128	-414975.834	-4932.622
441000000	-427657.219	-12666.792	-414990.426	-4941.254
442000000	-427644.146	-12678.235	-414965.911	-4952.911
443000000	-427560.522	-12669.853	-414890.669	-4945.640
444000000	-427591.164	-12637.000	-414954.164	-4911.283
445000000	-427613.795	-12672.105	-414941.690	-4947.106
446000000	-427650.889	-12664.452	-414986.437	-4939.745
447000000	-427586.568	-12613.825	-414972.743	-4888.608
448000000	-427632.762	-12642.719	-414990.043	-4916.869
449000000	-427616.401	-12653.490	-414962.911	-4929.073
450000000	-427593.222	-12636.262	-414956.959	-4911.224
451000000	-427591.539	-12651.908	-414939.631	-4925.604
452000000	-427590.861	-12635.612	-414955.249	-4910.070
453000000	-427565.792	-12654.620	-414911.172	-4928.133
454000000	-427586.497	-12650.774	-414935.723	-4924.586
455000000	-427608.050	-12648.653	-414959.398	-4922.825
456000000	-427572.271	-12650.163	-414922.108	-4924.870
457000000	-427623.844	-12646.045	-414977.799	-4920.840
458000000	-427649.198	-12653.981	-414995.217	-4928.125
459000000	-427552.575	-12630.219	-414922.356	-4904.557
460000000	-427640.918	-12672.670	-414968.247	-4948.749
461000000	-427578.143	-12642.833	-414935.310	-4916.471
462000000	-427639.188	-12650.085	-414989.103	-4925.146
463000000	-427621.134	-12661.056	-414960.077	-4936.209
464000000	-427586.068	-12642.869	-414943.199	-4918.106
465000000	-427570.251	-12630.377	-414939.874	-4904.829
466000000	-427615.172	-12656.200	-414958.972	-4930.757
467000000	-427601.695	-12653.652	-414948.044	-4928.768
468000000	-427535.983	-12608.184	-414927.798	-4882.478
469000000	-427619.572	-12647.240	-414972.332	-4921.942
470000000	-427643.409	-12623.747	-415019.662	-4897.513
471000000	-427609.901	-12656.360	-414953.541	-4930.532
472000000	-427623.186	-12657.025	-414966.160	-4931.477
473000000	-427626.347	-12647.254	-414979.093	-4921.511
474000000	-427583.880	-12646.843	-414937.037	-4921.855
475000000	-427600.509	-12661.056	-414939.453	-4936.177
476000000	-427627.960	-12670.506	-414957.454	-4946.612
477000000	-427600.475	-12672.336	-414928.139	-4947.183
478000000	-427579.995	-12599.411	-414980.584	-4874.188
479000000	-427574.865	-12649.060	-414925.805	-4924.868
480000000	-427550.272	-12634.093	-414916.179	-4908.553
481000000	-427649.369	-12643.141	-415006.228	-4918.323
482000000	-427578.330	-12666.172	-414912.157	-4941.271
483000000	-427608.624	-12639.990	-414968.634	-4914.265
484000000	-427624.896	-12628.514	-414996.381	-4902.858
485000000	-427566.076	-12628.895	-414937.181	-4902.659
486000000	-427549.648	-12628.501	-414921.147	-4902.695
487000000	-427624.361	-12660.962	-414963.399	-4936.019
488000000	-427604.121	-12650.937	-414953.184	-4926.022
489000000	-427606.956	-12617.093	-414989.863	-4889.938
490000000	-427585.746	-12623.903	-414961.842	-4897.882
491000000	-427610.576	-12642.354	-414968.222	-4916.889
492000000	-427617.606	-12632.558	-414985.048	-4906.899
493000000	-427625.076	-12644.007	-414981.068	-4917.930
494000000	-427607.952	-12657.584	-414950.369	-4932.143
495000000	-427553.685	-12621.101	-414932.584	-4895.555
496000000	-427571.834	-12624.590	-414947.244	-4899.432
497000000	-427589.842	-12636.947	-414952.895	-4911.714
498000000	-427578.344	-12636.509	-414941.835	-4911.069
499000000	-427619.250	-12645.919	-414973.331	-4920.811
500000000	-427656.253	-12666.971	-414989.283	-4941.679
501000000	-427646.176	-12659.733	-414986.443	-4933.702
502000000	-427562.360	-12617.076	-414945.284	-4891.792
503000000	-427608.804	-12643.189	-414965.615	-4918.879
504000000	-427647.311	-12646.746	-415000.565	-4920.723
505000000	-427523.771	-12617.109	-414906.661	-4892.634
506000000	-427599.970	-12636.666	-414963.304	-4912.566
507000000	-427611.236	-12639.586	-414971.650	-4914.159
508000000	-427603.001	-12675.844	-414927.157	-4950.770
509000000	-427583.246	-12649.592	-414933.654	-4925.070
510000000	-427641.844	-12670.618	-414971.226	-4945.264
511000000	-427624.744	-12643.809	-414980.935	-4918.332
512000000	-427576.691	-12616.315	-414960.376	-4891.349
513000000	-427596.337	-12645.894	-414950.443	-4920.295
514000000	-427568.699	-12645.248	-414923.451	-4919.751
515000000	-427608.109	-12630.961	-414977.148	-4904.762
516000000	-427574.688	-12671.649	-414903.039	-4946.334
517000000	-427602.474	-12628.877	-414973.597	-4901.923
518000000	-427663.849	-12676.007	-414987.841	-4950.921
519000000	-427583.192	-12646.972	-414936.219	-4921.580
520000000	-427577.202	-12639.370	-414937.832	-4913.721
521000000	-427596.966	-12660.398	-414936.568	-4934.964
522000000	-427559.742	-12643.040	-414916.702	-4917.493
523000000	-427586.538	-12640.169	-414946.369	-4914.944
524000000	-427557.298	-12629.162	-414928.136	-4903.985
525000000	-427608.110	-12670.106	-414938.004	-4945.726
526000000	-427615.925	-12663.882	-414952.042	-4938.996
527000000	-427612.760	-12632.774	-414979.986	-4906.859
528000000	-427549.389	-12615.627	-414933.762	-4890.840
529000000	-427611.326	-12647.688	-414963.638	-4922.582
530000000	-427585.081	-12642.066	-414943.015	-4916.173
531000000	-427617.926	-12649.913	-414968.013	-4924.837
532000000	-427598.019	-12669.125	-414928.894	-4944.117
533000000	-427584.921	-12641.642	-414943.278	-4916.075
534000000	-427567.806	-12635.394	-414932.412	-4910.661
535000000	-427637.062	-12664.967	-414972.095	-4939.263
536000000	-427607.217	-12661.742	-414945.476	-4936.944
537000000	-427564.317	-12608.119	-414956.198	-4882.217
538000000	-427550.910	-12622.047	-414928.863	-4895.950
539000000	-427615.225	-12670.929	-414944.296	-4945.280
540000000	-427611.825	-12655.470	-414956.355	-4929.721
541000000	-427566.495	-12641.455	-414925.040	-4916.348
542000000	-427606.694	-12633.708	-414972.986	-4906.992
543000000	-427575.476	-12636.400	-414939.076	-4911.325
544000000	-427561.746	-12643.505	-414918.241	-4917.880
545000000	-427585.219	-12664.966	-414920.253	-4939.337
546000000	-427658.181	-12674.912	-414983.268	-4949.508
547000000	-427637.105	-12662.709	-414974.396	-4937.279
548000000	-427650.619	-12660.165	-414990.454	-4934.771
549000000	-427616.457	-12656.928	-414959.529	-4930.946
550000000	-427639.037	-12642.001	-414997.036	-4916.434
551000000	-427607.163	-12661.685	-414945.478	-4936.333
552000000	-427593.431	-12631.545	-414961.887	-4906.962
553000000	-427616.330	-12647.494	-414968.836	-4921.370
554000000	-427568.782	-12620.586	-414948.196	-4894.390
555000000	-427582.978	-12645.459	-414937.520	-4919.170
556000000	-427561.824	-12604.096	-414957.728	-4877.220
557000000	-427586.642	-12613.722	-414972.919	-4887.611
558000000	-427617.142	-12653.317	-414963.825	-4928.384
559000000	-427585.150	-12646.541	-414938.609	-4920.825
560000000	-427589.285	-12638.713	-414950.572	-4913.569
561000000	-427588.195	-12671.904	-414916.291	-4946.786
562000000	-427572.007	-12607.810	-414964.197	-4881.813
563000000	-427610.572	-12653.516	-414957.056	-4928.031
564000000	-427635.066	-12690.414	-414944.652	-4966.123
565000000	-427626.738	-12651.649	-414975.089	-4926.415
566000000	-427634.962	-12651.290	-414983.672	-4926.186
567000000	-427637.428	-12660.281	-414977.147	-4934.670
568000000	-427644.858	-12672.475	-414972.383	-4946.585
569000000	-427655.801	-12658.549	-414997.252	-4933.126
570000000	-427547.145	-12637.042	-414910.103	-4910.858
571000000	-427609.561	-12671.661	-414937.900	-4946.254
572000000	-427532.601	-12634.451	-414898.150	-4908.802
573000000	-427592.697	-12642.530	-414950.166	-4916.874
574000000	-427645.734	-12668.454	-414977.279	-4943.924
575000000	-427584.310	-12600.540	-414983.770	-4875.572
576000000	-427579.631	-12613.216	-414966.415	-4887.766
577000000	-427607.666	-12651.956	-414955.710	-4926.539
578000000	-427590.678	-12665.480	-414925.198	-4940.433
579000000	-427615.808	-12645.796	-414970.012	-4920.407
580000000	-427611.292	-12642.837	-414968.455	-4918.459
581000000	-427627.423	-12656.566	-414970.857	-4931.154
582000000	-427596.914	-12651.827	-414945.087	-4926.698
583000000	-427575.177	-12642.402	-414932.775	-4916.490
584000000	-427563.862	-12642.402	-414921.460	-4916.723
585000000	-427710.799	-12690.149	-415020.651	-4965.490
586000000	-427580.382	-12631.296	-414949.085	-4905.587
587000000	-427603.831	-12648.882	-414954.949	-4922.824
588000000	-427608.221	-12654.344	-414953.877	-4930.022
589000000	-427604.571	-12634.052	-414970.519	-4908.766
590000000	-427585.678	-12645.442	-414940.237	-4920.320
591000000	-427657.175	-12675.400	-414981.775	-4950.785
592000000	-427550.080	-12632.606	-414917.473	-4906.391
593000000	-427601.310	-12634.080	-414967.230	-4908.216
594000000	-427622.511	-12632.957	-414989.554	-4908.016
595000000	-427601.260	-12634.077	-414967.183	-4909.173
596000000	-427649.142	-12703.825	-414945.318	-4979.009
597000000	-427650.152	-12693.041	-414957.111	-4968.070
598000000	-427593.649	-12661.792	-414931.857	-4936.531
599000000	-427576.900	-12638.676	-414938.224	-4913.198
600000000	-427591.399	-12641.290	-414950.110	-4914.873
601000000	-427542.429	-12619.564	-414922.865	-4893.181
602000000	-427657.113	-12660.635	-414996.477	-4934.995
603000000	-427625.102	-12655.268	-414969.834	-4930.280
604000000	-427652.020	-12659.340	-414992.680	-4933.696
605000000	-427589.311	-12609.376	-414979.936	-4883.927
606000000	-427605.647	-12669.349	-414936.298	-4944.303
607000000	-427587.990	-12631.740	-414956.250	-4906.613
608000000	-427556.722	-12661.703	-414895.019	-4936.353
609000000	-427613.766	-12659.107	-414954.658	-4934.718
610000000	-427614.118	-12683.024	-414931.094	-4957.975
611000000	-427630.944	-12652.802	-414978.142	-4927.130
612000000	-427588.007	-12602.611	-414985.396	-4876.703
613000000	-427617.581	-12664.198	-414953.383	-4939.012
614000000	-427552.158	-12651.196	-414900.963	-4925.321
615000000	-427598.183	-12646.221	-414951.962	-4919.752
616000000	-427589.194	-12619.662	-414969.532	-4893.662
617000000	-427597.132	-12650.797	-414946.335	-4924.795
618000000	-427590.626	-12626.012	-414964.613	-4900.809
619000000	-427616.672	-12653.975	-414962.697	-4928.514
620000000	-427649.174	-12635.087	-415014.087	-4909.915
621000000	-427615.839	-12660.850	-414954.989	-4935.753
622000000	-427623.227	-12648.018	-414975.209	-4921.517
623000000	-427594.700	-12630.807	-414963.892	-4906.055
624000000	-427571.485	-12631.981	-414939.504	-4907.091
625000000	-427583.575	-12657.075	-414926.500	-4931.839
626000000	-427581.926	-12636.538	-414945.388	-4910.728
627000000	-427624.013	-12654.387	-414969.627	-4929.100
628000000	-427566.002	-12625.896	-414940.106	-4900.737
629000000	-427572.155	-12607.462	-414964.693	-4881.159
630000000	-427586.109	-12644.412	-414941.697	-4918.546
631000000	-427587.140	-12628.716	-414958.424	-4903.422
632000000	-427612.380	-12638.504	-414973.876	-4912.854
633000000	-427623.751	-12656.431	-414967.321	-4931.274
634000000	-427662.497	-12657.187	-415005.311	-4931.980
635000000	-427541.958	-12630.403	-414911.554	-4904.174
636000000	-427552.433	-12615.130	-414937.303	-4889.416
637000000	-427561.769	-12601.746	-414960.024	-4875.691
638000000	-427551.700	-12616.063	-414935.636	-4889.810
639000000	-427555.535	-12623.382	-414932.153	-4898.230
640000000	-427596.750	-12642.504	-414954.246	-4916.758
641000000	-427580.350	-12638.928	-414941.422	-4913.457
642000000	-427601.487	-12652.956	-414948.531	-4926.981
643000000	-427606.001	-12664.510	-414941.491	-4940.337
644000000	-427607.507	-12668.670	-414938.838	-4943.540
645000000	-427590.694	-12651.830	-414938.865	-4926.392
646000000	-427607.910	-12659.260	-414948.650	-4934.282
647000000	-427585.153	-12646.159	-414938.995	-4921.450
648000000	-427572.731	-12634.365	-414938.366	-4908.031
649000000	-427568.032	-12617.602	-414950.429	-4891.472
650000000	-427582.429	-12644.280	-414938.149	-4917.758
651000000	-427642.728	-12676.099	-414966.629	-4951.065
652000000	-427668.625	-12669.601	-414999.024	-4944.691
653000000	-427533.022	-12670.488	-414862.533	-4944.906
654000000	-427631.812	-12656.704	-414975.108	-4931.824
655000000	-427641.838	-12648.360	-414993.478	-4922.810
656000000	-427629.291	-12675.723	-414953.568	-4950.467
657000000	-427635.072	-12667.316	-414967.756	-4942.909
658000000	-427574.872	-12624.248	-414950.624	-4899.327
659000000	-427666.285	-12657.491	-415008.794	-4931.329
660000000	-427619.773	-12663.698	-414956.075	-4938.913
661000000	-427617.724	-12643.153	-414974.571	-4917.359
662000000	-427607.064	-12656.440	-414950.624	-4930.743
663000000	-427639.341	-12710.278	-414929.063	-4985.453
664000000	-427567.404	-12660.045	-414907.358	-4934.883
665000000	-427594.376	-12657.956	-414936.420	-4932.682
666000000	-427589.931	-12629.529	-414960.402	-4904.564
667000000	-427584.940	-12636.006	-414948.934	-4910.795
668000000	-427549.430	-12620.696	-414928.735	-4895.612
669000000	-427618.554	-12648.136	-414970.418	-4922.961
670000000	-427597.688	-12661.642	-414936.046	-4935.682
671000000	-427574.244	-12638.301	-414935.944	-4912.128
672000000	-427621.851	-12678.545	-414943.306	-4953.939
673000000	-427613.765	-12634.253	-414979.512	-4908.634
674000000	-427635.204	-12669.386	-414965.819	-4944.775
675000000	-427657.733	-12684.043	-414973.690	-4959.369
676000000	-427610.765	-12647.459	-414963.305	-4922.170
677000000	-427532.817	-12635.104	-414897.714	-4909.301
678000000	-427604.563	-12645.944	-414958.619	-4919.823
679000000	-427527.447	-12599.786	-414927.661	-4874.361
680000000	-427578.654	-12617.988	-414960.666	-4892.450
681000000	-427577.003	-12652.360	-414924.643	-4927.301
682000000	-427610.680	-12644.619	-414966.061	-4919.608
683000000	-427611.055	-12646.246	-414964.809	-4920.660
684000000	-427679.760	-12690.833	-414988.927	-4965.280
685000000	-427590.707	-12620.710	-414969.996	-4894.933
686000000	-427551.436	-12631.977	-414919.459	-4906.435
687000000	-427641.763	-12642.935	-414998.829	-4917.229
688000000	-427619.201	-12667.190	-414952.011	-4940.958
689000000	-427585.614	-12658.973	-414926.641	-4933.520
690000000	-427607.109	-12653.707	-414953.402	-4928.719
691000000	-427563.977	-12651.773	-414912.204	-4926.577
692000000	-427639.561	-12676.993	-414962.569	-4952.082
693000000	-427621.267	-12642.910	-414978.357	-4918.462
694000000	-427593.304	-12660.471	-414932.833	-4935.285
695000000	-427602.088	-12639.590	-414962.498	-4914.637
696000000	-427622.620	-12686.882	-414935.739	-4961.472
697000000	-427600.416	-12642.440	-414957.976	-4916.016
698000000	-427652.695	-12664.172	-414988.524	-4939.266
699000000	-427621.846	-12677.281	-414944.565	-4951.946
700000000	-427629.917	-12647.215	-414982.702	-4921.614
701000000	-427612.452	-12673.981	-414938.471	-4948.677
702000000	-427576.778	-12651.353	-414925.425	-4926.616
703000000	-427641.983	-12650.245	-414991.738	-4924.170
704000000	-427568.954	-12615.782	-414953.172	-4889.529
705000000	-427565.842	-12614.044	-414951.797	-4889.503
706000000	-427633.040	-12673.582	-414959.458	-4948.396
707000000	-427613.021	-12645.797	-414967.224	-4919.674
708000000	-427575.921	-12600.610	-414975.311	-4874.391
709000000	-427623.598	-12658.249	-414965.350	-4933.428
710000000	-427578.200	-12619.296	-414958.904	-4893.497
711000000	-427579.796	-12649.041	-414930.755	-4923.610
712000000	-427588.378	-12644.482	-414943.896	-4918.972
713000000	-427606.895	-12649.039	-414957.856	-4923.853
714000000	-427581.286	-12628.275	-414953.011	-4902.499
715000000	-427608.886	-12629.489	-414979.396	-4903.583
716000000	-427619.212	-12680.062	-414939.150	-4953.863
717000000	-427634.449	-12659.218	-414975.230	-4934.722
718000000	-427594.367	-12659.129	-414935.238	-4934.743
719000000	-427612.552	-12660.233	-414952.319	-4934.953
720000000	-427565.933	-12636.963	-414928.970	-4910.604
721000000	-427571.849	-12632.374	-414939.475	-4907.747
722000000	-427578.024	-12646.654	-414931.370	-4922.851
723000000	-427614.695	-12679.413	-414935.282	-4955.238
724000000	-427599.440	-12640.615	-414958.825	-4915.675
725000000	-427614.168	-12632.429	-414981.739	-4906.940
726000000	-427623.712	-12646.778	-414976.934	-4921.209
727000000	-427611.999	-12651.299	-414960.700	-4926.582
728000000	-427619.820	-12628.843	-414990.977	-4902.291
729000000	-427600.969	-12630.572	-414970.397	-4906.186
730000000	-427582.526	-12607.681	-414974.845	-4882.073
731000000	-427545.660	-12618.359	-414927.301	-4892.930
732000000	-427585.152	-12654.611	-414930.541	-4928.544
733000000	-427593.533	-12658.199	-414935.333	-4932.410
734000000	-427623.414	-12666.654	-414956.760	-4941.688
735000000	-427597.178	-12634.307	-414962.871	-4907.681
736000000	-427566.810	-12625.643	-414941.167	-4899.758
737000000	-427582.791	-12655.955	-414926.836	-4929.802
738000000	-427615.716	-12658.036	-414957.680	-4932.702
739000000	-427612.546	-12663.429	-414949.116	-4938.195
740000000	-427573.252	-12642.425	-414930.827	-4917.161
741000000	-427596.250	-12664.207	-414932.043	-4938.977
742000000	-427657.547	-12710.137	-414947.410	-4984.108
743000000	-427612.874	-12637.402	-414975.472	-4911.774
744000000	-427642.548	-12643.958	-414998.590	-4919.716
745000000	-427581.583	-12624.618	-414956.965	-4899.113
746000000	-427563.825	-12605.326	-414958.499	-4879.970
747000000	-427619.092	-12654.765	-414964.327	-4929.335
748000000	-427608.017	-12644.888	-414963.129	-4919.911
749000000	-427595.100	-12646.274	-414948.826	-4921.494
750000000	-427616.610	-12672.999	-414943.611	-4947.431
751000000	-427602.539	-12641.905	-414960.634	-4916.063
752000000	-427532.680	-12622.430	-414910.250	-4896.252
753000000	-427572.844	-12621.722	-414951.122	-4896.267
754000000	-427538.907	-12627.655	-414911.252	-4901.739
755000000	-427587.919	-12647.362	-414940.557	-4921.895
756000000	-427579.748	-12626.125	-414953.623	-4900.343
757000000	-427562.953	-12638.964	-414923.989	-4913.756
758000000	-427588.112	-12654.502	-414933.610	-4928.562
759000000	-427612.843	-12652.008	-414960.834	-4928.052
760000000	-427557.320	-12652.093	-414905.227	-4927.016
761000000	-427641.941	-12670.878	-414971.063	-4947.027
762000000	-427596.446	-12663.599	-414932.847	-4938.687
763000000	-427607.852	-12677.995	-414929.857	-4953.376
764000000	-427580.314	-12635.585	-414944.729	-4910.506
765000000	-427635.808	-12680.419	-414955.389	-4955.905
766000000	-427657.847	-12655.019	-415002.829	-4929.296
767000000	-427633.879	-12648.817	-414985.062	-4923.235
768000000	-427618.085	-12687.584	-414930.501	-4962.843
769000000	-427594.101	-12654.975	-414939.126	-4929.985
770000000	-427614.331	-12655.624	-414958.706	-4930.132
771000000	-427605.222	-12653.995	-414951.227	-4927.808
772000000	-427614.632	-12663.744	-414950.888	-4937.540
773000000	-427600.709	-12644.522	-414956.187	-4919.850
774000000	-427641.085	-12651.134	-414989.952	-4925.832
775000000	-427617.340	-12660.902	-414956.438	-4936.340
776000000	-427636.283	-12668.379	-414967.904	-4943.661
777000000	-427593.143	-12654.246	-414938.896	-4928.501
778000000	-427579.271	-12618.570	-414960.701	-4893.337
779000000	-427601.238	-12622.636	-414978.601	-4897.981
780000000	-427589.809	-12644.082	-414945.727	-4919.438
781000000	-427588.321	-12655.251	-414933.071	-4929.864
782000000	-427575.327	-12666.162	-414909.165	-4940.851
783000000	-427597.004	-12638.410	-414958.595	-4912.579
784000000	-427644.215	-12691.090	-414953.125	-4966.135
785000000	-427554.981	-12627.582	-414927.400	-4902.206
786000000	-427621.204	-12656.855	-414964.349	-4931.095
787000000	-427627.438	-12673.350	-414954.088	-4947.984
788000000	-427576.553	-12642.846	-414933.706	-4917.866
789000000	-427607.276	-12658.345	-414948.931	-4934.154
790000000	-427572.118	-12645.698	-414926.420	-4920.516
791000000	-427612.481	-12653.396	-414959.085	-4928.167
792000000	-427634.393	-12680.232	-414954.161	-4956.320
793000000	-427605.184	-12633.031	-414972.152	-4907.453
794000000	-427599.776	-12639.009	-414960.767	-4914.361
795000000	-427643.965	-12655.642	-414988.322	-4930.762
796000000	-427601.480	-12639.139	-414962.342	-4914.275
797000000	-427593.130	-12660.708	-414932.422	-4935.323
798000000	-427558.603	-12640.937	-414917.666	-4915.664
799000000	-427651.276	-12651.265	-415000.011	-4926.031
800000000	-427581.086	-12644.240	-414936.846	-4918.892
