state	posterior	prior	likelihood	skygrid
1000000	-427636.331	-12667.918	-414968.413	-4942.861
2000000	-427604.285	-12674.560	-414929.725	-4949.355
3000000	-427580.225	-12637.663	-414942.563	-4912.011
4000000	-427585.834	-12654.095	-414931.739	-4928.676
5000000	-427658.616	-12682.878	-414975.738	-4957.764
6000000	-427608.375	-12651.639	-414956.736	-4926.158
7000000	-427582.662	-12631.078	-414951.584	-4906.185
8000000	-427606.831	-12654.736	-414952.095	-4928.850
9000000	-427617.341	-12665.866	-414951.475	-4940.163
10000000	-427626.289	-12668.570	-414957.720	-4943.190
11000000	-427646.189	-12664.872	-414981.317	-4938.870
12000000	-427577.725	-12631.179	-414946.546	-4906.114
13000000	-427599.118	-12623.980	-414975.138	-4898.298
14000000	-427554.809	-12628.680	-414926.129	-4903.702
15000000	-427530.826	-12615.986	-414914.840	-4891.534
16000000	-427559.281	-12623.737	-414935.544	-4899.363
17000000	-427547.432	-12623.154	-414924.279	-4898.496
18000000	-427585.468	-12645.341	-414940.127	-4920.148
19000000	-427570.725	-12621.800	-414948.925	-4895.692
20000000	-427571.834	-12611.535	-414960.299	-4886.871
21000000	-427609.163	-12684.653	-414924.510	-4959.187
22000000	-427578.279	-12640.551	-414937.729	-4914.101
23000000	-427582.341	-12631.943	-414950.398	-4905.639
24000000	-427618.696	-12681.059	-414937.637	-4955.827
25000000	-427585.082	-12661.755	-414923.327	-4936.851
26000000	-427597.494	-12645.942	-414951.552	-4919.745
27000000	-427606.087	-12656.506	-414949.580	-4930.592
28000000	-427530.701	-12659.790	-414870.911	-4934.773
29000000	-427526.860	-12646.419	-414880.441	-4920.801
30000000	-427625.187	-12683.574	-414941.613	-4958.353
31000000	-427590.445	-12650.378	-414940.067	-4925.199
32000000	-427577.015	-12652.931	-414924.085	-4927.320
33000000	-427597.658	-12651.446	-414946.212	-4926.551
34000000	-427562.532	-12615.125	-414947.407	-4890.056
35000000	-427571.294	-12630.191	-414941.104	-4904.051
36000000	-427527.094	-12626.904	-414900.190	-4901.886
37000000	-427631.648	-12652.438	-414979.209	-4927.255
38000000	-427578.988	-12631.299	-414947.689	-4906.087
39000000	-427604.289	-12628.532	-414975.757	-4902.612
40000000	-427595.067	-12650.975	-414944.092	-4926.467
41000000	-427570.306	-12649.937	-414920.370	-4925.185
42000000	-427641.043	-12671.065	-414969.979	-4945.281
43000000	-427585.512	-12652.386	-414933.126	-4927.131
44000000	-427519.187	-12600.734	-414918.454	-4874.751
45000000	-427613.537	-12650.941	-414962.597	-4925.922
46000000	-427554.282	-12640.300	-414913.982	-4914.930
47000000	-427562.975	-12600.078	-414962.897	-4874.717
48000000	-427595.379	-12642.979	-414952.400	-4918.187
49000000	-427575.505	-12659.702	-414915.802	-4935.719
50000000	-427564.466	-12663.532	-414900.935	-4938.617
51000000	-427647.833	-12664.684	-414983.149	-4939.435
52000000	-427559.727	-12617.671	-414942.055	-4892.137
53000000	-427548.152	-12613.279	-414934.873	-4888.485
54000000	-427640.406	-12649.722	-414990.683	-4924.596
55000000	-427566.569	-12628.619	-414937.950	-4903.726
56000000	-427609.610	-12667.001	-414942.608	-4941.293
57000000	-427590.123	-12649.806	-414940.317	-4925.163
58000000	-427622.375	-12632.036	-414990.338	-4907.359
59000000	-427628.292	-12689.995	-414938.296	-4965.740
60000000	-427621.901	-12655.188	-414966.712	-4929.215
61000000	-427613.346	-12642.866	-414970.480	-4916.534
62000000	-427603.236	-12633.520	-414969.716	-4907.758
63000000	-427675.429	-12669.115	-415006.314	-4944.409
64000000	-427534.844	-12641.051	-414893.793	-4916.074
65000000	-427596.391	-12620.519	-414975.872	-4895.907
66000000	-427527.433	-12578.311	-414949.122	-4852.719
67000000	-427642.143	-12676.381	-414965.762	-4951.236
68000000	-427530.056	-12615.194	-414914.862	-4889.442
69000000	-427618.063	-12643.471	-414974.592	-4918.387
70000000	-427578.171	-12654.322	-414923.849	-4930.466
71000000	-427623.068	-12684.858	-414938.210	-4960.197
72000000	-427642.321	-12660.352	-414981.969	-4935.879
73000000	-427559.973	-12653.163	-414906.810	-4928.265
74000000	-427557.521	-12609.215	-414948.306	-4884.292
75000000	-427569.130	-12645.384	-414923.747	-4920.073
76000000	-427583.569	-12654.771	-414928.798	-4929.590
77000000	-427546.398	-12648.865	-414897.534	-4923.794
78000000	-427577.249	-12650.062	-414927.187	-4923.791
79000000	-427538.458	-12668.430	-414870.028	-4943.443
80000000	-427652.716	-12686.484	-414966.233	-4961.516
81000000	-427640.339	-12646.813	-414993.526	-4921.371
82000000	-427572.030	-12638.041	-414933.989	-4912.359
83000000	-427572.974	-12641.953	-414931.022	-4915.731
84000000	-427615.960	-12657.212	-414958.748	-4932.504
85000000	-427618.157	-12640.243	-414977.914	-4914.752
86000000	-427576.206	-12643.683	-414932.523	-4918.761
87000000	-427622.376	-12654.075	-414968.300	-4928.658
88000000	-427646.735	-12662.432	-414984.303	-4938.308
89000000	-427563.843	-12596.105	-414967.737	-4871.329
90000000	-427597.215	-12666.289	-414930.925	-4941.944
91000000	-427643.647	-12670.060	-414973.587	-4944.500
92000000	-427640.696	-12636.311	-415004.385	-4910.954
93000000	-427639.950	-12670.407	-414969.543	-4945.072
94000000	-427600.294	-12644.124	-414956.170	-4918.923
95000000	-427640.215	-12669.357	-414970.858	-4944.306
96000000	-427610.288	-12652.053	-414958.235	-4926.351
97000000	-427623.071	-12656.128	-414966.943	-4929.941
98000000	-427565.814	-12606.522	-414959.291	-4881.469
99000000	-427592.962	-12633.998	-414958.964	-4909.684
100000000	-427578.449	-12631.587	-414946.862	-4907.516
101000000	-427565.985	-12598.829	-414967.156	-4872.426
102000000	-427600.069	-12636.561	-414963.508	-4910.354
103000000	-427571.330	-12630.424	-414940.906	-4905.381
104000000	-427580.872	-12647.143	-414933.729	-4921.977
105000000	-427617.816	-12631.731	-414986.085	-4905.804
106000000	-427563.314	-12608.726	-414954.589	-4883.259
107000000	-427533.695	-12612.261	-414921.434	-4887.377
108000000	-427596.108	-12642.311	-414953.797	-4917.528
109000000	-427547.027	-12618.649	-414928.378	-4892.729
110000000	-427566.697	-12658.366	-414908.330	-4933.049
111000000	-427537.809	-12596.315	-414941.494	-4870.898
112000000	-427566.270	-12618.898	-414947.372	-4892.551
113000000	-427607.759	-12667.607	-414940.152	-4942.023
114000000	-427607.271	-12665.761	-414941.510	-4940.337
115000000	-427552.592	-12649.770	-414902.822	-4923.094
116000000	-427597.606	-12675.501	-414922.105	-4951.411
117000000	-427629.849	-12671.328	-414958.520	-4945.466
118000000	-427647.213	-12658.420	-414988.794	-4933.834
119000000	-427591.161	-12619.881	-414971.280	-4893.642
120000000	-427571.549	-12625.735	-414945.814	-4899.636
121000000	-427571.137	-12630.915	-414940.222	-4905.803
122000000	-427592.088	-12671.256	-414920.833	-4946.524
123000000	-427588.550	-12622.031	-414966.519	-4896.721
124000000	-427604.601	-12590.623	-415013.978	-4863.654
125000000	-427590.388	-12633.923	-414956.464	-4909.783
126000000	-427623.112	-12635.447	-414987.665	-4910.687
127000000	-427611.543	-12636.076	-414975.467	-4911.365
128000000	-427535.293	-12610.641	-414924.652	-4884.779
129000000	-427622.744	-12679.213	-414943.530	-4953.880
130000000	-427583.898	-12651.904	-414931.994	-4925.935
131000000	-427531.275	-12640.076	-414891.199	-4914.590
132000000	-427589.315	-12656.356	-414932.959	-4931.726
133000000	-427601.206	-12655.821	-414945.385	-4930.303
134000000	-427602.018	-12645.596	-414956.422	-4920.384
135000000	-427626.174	-12670.692	-414955.483	-4945.327
136000000	-427598.009	-12673.354	-414924.655	-4947.824
137000000	-427599.174	-12661.195	-414937.979	-4935.055
138000000	-427609.625	-12662.674	-414946.951	-4937.246
139000000	-427584.760	-12641.854	-414942.906	-4915.997
140000000	-427569.801	-12607.566	-414962.235	-4881.747
141000000	-427593.360	-12664.800	-414928.559	-4939.914
142000000	-427614.182	-12651.126	-414963.056	-4924.596
143000000	-427492.221	-12595.934	-414896.287	-4870.190
144000000	-427501.034	-12601.164	-414899.870	-4876.305
145000000	-427538.232	-12628.038	-414910.194	-4902.270
146000000	-427549.976	-12609.617	-414940.359	-4883.738
147000000	-427679.354	-12695.042	-414984.312	-4969.993
148000000	-427567.957	-12629.288	-414938.669	-4904.540
149000000	-427538.586	-12640.392	-414898.195	-4915.141
150000000	-427506.134	-12604.091	-414902.043	-4878.981
151000000	-427612.093	-12672.960	-414939.133	-4948.408
152000000	-427549.643	-12652.066	-414897.577	-4927.646
153000000	-427562.283	-12642.243	-414920.040	-4916.274
154000000	-427572.539	-12673.924	-414898.615	-4949.362
155000000	-427630.656	-12640.297	-414990.359	-4914.679
156000000	-427576.242	-12625.201	-414951.041	-4898.852
157000000	-427613.416	-12664.761	-414948.655	-4939.931
158000000	-427603.712	-12639.451	-414964.261	-4913.688
159000000	-427640.452	-12658.872	-414981.580	-4934.222
160000000	-427588.401	-12619.384	-414969.017	-4893.876
161000000	-427576.971	-12636.700	-414940.272	-4911.733
162000000	-427562.737	-12646.065	-414916.672	-4921.014
163000000	-427562.913	-12628.725	-414934.188	-4902.855
164000000	-427536.084	-12596.861	-414939.223	-4870.937
165000000	-427624.431	-12672.193	-414952.238	-4947.275
166000000	-427587.049	-12631.899	-414955.150	-4905.727
167000000	-427572.326	-12636.093	-414936.233	-4910.647
168000000	-427630.490	-12647.727	-414982.763	-4922.889
169000000	-427562.776	-12628.684	-414934.092	-4902.648
170000000	-427580.467	-12661.619	-414918.848	-4936.770
171000000	-427657.431	-12654.236	-415003.196	-4929.441
172000000	-427609.418	-12662.648	-414946.769	-4937.173
173000000	-427610.187	-12634.846	-414975.342	-4909.224
174000000	-427565.836	-12641.673	-414924.163	-4915.946
175000000	-427612.496	-12671.256	-414941.240	-4945.532
176000000	-427597.564	-12643.046	-414954.518	-4917.735
177000000	-427533.896	-12638.263	-414895.633	-4913.549
178000000	-427555.114	-12638.570	-414916.545	-4913.174
179000000	-427525.452	-12635.226	-414890.226	-4909.726
180000000	-427639.416	-12714.476	-414924.940	-4989.893
181000000	-427609.581	-12674.686	-414934.895	-4949.619
182000000	-427557.236	-12676.476	-414880.759	-4951.482
183000000	-427616.448	-12658.630	-414957.817	-4933.695
184000000	-427605.792	-12644.369	-414961.422	-4918.547
185000000	-427583.538	-12617.254	-414966.285	-4892.278
186000000	-427580.372	-12642.943	-414937.429	-4917.017
187000000	-427593.958	-12662.909	-414931.050	-4937.606
188000000	-427506.443	-12627.631	-414878.813	-4902.489
189000000	-427560.846	-12633.969	-414926.878	-4908.453
190000000	-427524.374	-12588.138	-414936.236	-4861.525
191000000	-427597.232	-12631.360	-414965.872	-4906.224
192000000	-427576.655	-12627.879	-414948.776	-4900.951
193000000	-427585.978	-12640.066	-414945.912	-4914.158
194000000	-427626.756	-12658.360	-414968.396	-4932.821
195000000	-427587.577	-12647.294	-414940.283	-4921.365
196000000	-427618.696	-12658.019	-414960.677	-4933.852
197000000	-427544.851	-12608.330	-414936.521	-4883.348
198000000	-427569.428	-12638.278	-414931.151	-4913.669
199000000	-427565.973	-12604.164	-414961.809	-4877.737
200000000	-427637.554	-12674.518	-414963.036	-4950.144
201000000	-427586.321	-12654.463	-414931.858	-4928.994
202000000	-427595.869	-12640.439	-414955.430	-4914.933
203000000	-427595.336	-12675.147	-414920.190	-4949.855
204000000	-427560.372	-12601.279	-414959.092	-4875.244
205000000	-427619.351	-12650.889	-414968.461	-4925.486
206000000	-427544.534	-12630.601	-414913.933	-4903.965
207000000	-427599.161	-12640.230	-414958.930	-4914.529
208000000	-427588.930	-12635.844	-414953.086	-4910.153
209000000	-427567.172	-12641.866	-414925.306	-4916.440
210000000	-427604.886	-12644.168	-414960.718	-4918.551
211000000	-427537.779	-12647.897	-414889.881	-4922.085
212000000	-427591.661	-12663.321	-414928.340	-4937.449
213000000	-427589.403	-12665.246	-414924.157	-4940.012
214000000	-427605.754	-12643.683	-414962.071	-4918.494
215000000	-427612.196	-12661.578	-414950.617	-4937.616
216000000	-427624.060	-12667.505	-414956.555	-4942.808
217000000	-427558.133	-12613.230	-414944.903	-4888.500
218000000	-427535.287	-12610.839	-414924.447	-4884.753
219000000	-427590.289	-12658.548	-414931.741	-4933.696
220000000	-427577.010	-12642.513	-414934.497	-4917.593
221000000	-427565.301	-12622.786	-414942.514	-4896.872
222000000	-427592.037	-12652.171	-414939.865	-4926.181
223000000	-427578.741	-12638.732	-414940.009	-4913.847
224000000	-427652.230	-12662.354	-414989.876	-4937.779
225000000	-427612.173	-12638.363	-414973.810	-4912.892
226000000	-427580.610	-12634.737	-414945.874	-4908.547
227000000	-427549.830	-12636.254	-414913.577	-4910.839
228000000	-427554.809	-12641.828	-414912.981	-4917.316
229000000	-427586.271	-12607.119	-414979.152	-4881.211
230000000	-427563.094	-12628.299	-414934.795	-4902.940
231000000	-427509.507	-12586.811	-414922.695	-4859.873
232000000	-427573.364	-12626.953	-414946.411	-4901.749
233000000	-427570.699	-12627.670	-414943.029	-4902.477
234000000	-427579.486	-12649.636	-414929.851	-4924.115
235000000	-427583.667	-12629.947	-414953.719	-4904.451
236000000	-427544.142	-12612.546	-414931.596	-4887.782
237000000	-427526.060	-12588.731	-414937.329	-4861.908
238000000	-427526.133	-12626.036	-414900.096	-4899.624
239000000	-427605.747	-12630.602	-414975.145	-4905.744
240000000	-427657.989	-12683.094	-414974.895	-4957.579
241000000	-427563.506	-12602.556	-414960.950	-4876.612
242000000	-427569.169	-12669.291	-414899.877	-4944.451
243000000	-427542.680	-12631.903	-414910.777	-4905.924
244000000	-427509.213	-12599.553	-414909.659	-4874.052
245000000	-427576.822	-12641.935	-414934.887	-4917.138
246000000	-427555.451	-12616.899	-414938.552	-4891.911
247000000	-427624.366	-12673.329	-414951.037	-4947.517
248000000	-427562.516	-12647.581	-414914.935	-4922.518
249000000	-427645.413	-12646.006	-414999.406	-4920.061
250000000	-427593.453	-12651.012	-414942.441	-4925.770
251000000	-427600.544	-12652.755	-414947.789	-4926.782
252000000	-427554.452	-12616.698	-414937.753	-4891.782
253000000	-427499.305	-12619.917	-414879.388	-4894.330
254000000	-427559.352	-12626.223	-414933.129	-4901.057
255000000	-427621.162	-12663.062	-414958.100	-4938.042
256000000	-427606.286	-12662.054	-414944.232	-4937.044
257000000	-427601.662	-12647.337	-414954.324	-4921.108
258000000	-427588.154	-12642.406	-414945.748	-4916.421
259000000	-427573.828	-12626.833	-414946.996	-4901.740
260000000	-427594.872	-12629.234	-414965.638	-4903.818
261000000	-427558.073	-12655.125	-414902.948	-4928.875
262000000	-427592.546	-12659.185	-414933.361	-4932.991
263000000	-427535.271	-12626.377	-414908.895	-4901.582
264000000	-427574.148	-12642.921	-414931.226	-4917.181
265000000	-427613.813	-12636.545	-414977.268	-4911.276
266000000	-427604.650	-12663.095	-414941.555	-4937.168
267000000	-427631.864	-12669.390	-414962.474	-4944.005
268000000	-427495.218	-12608.742	-414886.476	-4883.054
269000000	-427560.733	-12640.971	-414919.762	-4915.267
270000000	-427681.137	-12698.985	-414982.152	-4974.580
271000000	-427626.853	-12660.418	-414966.435	-4935.377
272000000	-427611.525	-12656.577	-414954.948	-4931.840
273000000	-427615.550	-12626.815	-414988.735	-4902.053
274000000	-427557.385	-12635.556	-414921.828	-4910.090
275000000	-427558.058	-12631.860	-414926.198	-4905.523
276000000	-427639.665	-12654.798	-414984.867	-4928.889
277000000	-427584.196	-12654.311	-414929.885	-4929.021
278000000	-427576.912	-12616.385	-414960.527	-4890.789
279000000	-427597.760	-12643.715	-414954.045	-4918.445
280000000	-427530.460	-12609.081	-414921.379	-4883.566
281000000	-427571.152	-12656.113	-414915.039	-4931.152
282000000	-427574.509	-12623.554	-414950.956	-4897.779
283000000	-427647.438	-12696.702	-414950.736	-4972.112
284000000	-427673.226	-12664.395	-415008.831	-4938.505
285000000	-427559.596	-12618.050	-414941.547	-4892.021
286000000	-427506.664	-12616.698	-414889.966	-4890.832
287000000	-427515.448	-12631.772	-414883.676	-4906.769
288000000	-427679.168	-12711.225	-414967.943	-4986.766
289000000	-427591.858	-12657.848	-414934.010	-4932.989
290000000	-427563.207	-12667.949	-414895.258	-4942.815
291000000	-427568.116	-12648.163	-414919.953	-4923.189
292000000	-427605.112	-12652.710	-414952.402	-4927.801
293000000	-427594.962	-12646.650	-414948.311	-4920.954
294000000	-427575.550	-12642.103	-414933.447	-4916.274
295000000	-427565.076	-12627.931	-414937.146	-4903.324
296000000	-427553.789	-12638.483	-414915.306	-4913.972
297000000	-427647.662	-12678.857	-414968.804	-4952.897
298000000	-427528.244	-12666.368	-414861.876	-4941.118
299000000	-427575.643	-12647.344	-414928.298	-4921.588
300000000	-427608.062	-12647.823	-414960.240	-4922.307
301000000	-427568.952	-12648.195	-414920.757	-4921.643
302000000	-427631.267	-12679.130	-414952.137	-4954.046
303000000	-427609.865	-12649.661	-414960.204	-4924.068
304000000	-427596.546	-12631.942	-414964.604	-4907.063
305000000	-427561.652	-12604.660	-414956.992	-4878.568
306000000	-427585.038	-12626.620	-414958.418	-4901.021
307000000	-427580.924	-12646.525	-414934.399	-4921.240
308000000	-427642.755	-12659.160	-414983.595	-4933.530
309000000	-427642.383	-12673.733	-414968.650	-4948.799
310000000	-427587.377	-12666.854	-414920.524	-4941.534
311000000	-427535.537	-12603.471	-414932.066	-4877.355
312000000	-427561.262	-12624.080	-414937.181	-4899.064
313000000	-427638.607	-12655.287	-414983.320	-4929.921
314000000	-427592.538	-12673.830	-414918.708	-4949.226
315000000	-427550.512	-12626.095	-414924.417	-4901.123
316000000	-427538.203	-12615.471	-414922.732	-4889.824
317000000	-427647.449	-12673.378	-414974.071	-4948.836
318000000	-427571.837	-12616.898	-414954.938	-4891.235
319000000	-427600.332	-12612.722	-414987.610	-4886.520
320000000	-427529.465	-12628.423	-414901.042	-4902.477
321000000	-427599.184	-12665.333	-414933.851	-4940.147
322000000	-427596.948	-12633.130	-414963.818	-4907.194
323000000	-427626.771	-12641.781	-414984.990	-4916.448
324000000	-427577.805	-12642.007	-414935.798	-4916.226
325000000	-427577.701	-12649.916	-414927.785	-4925.272
326000000	-427583.495	-12648.390	-414935.105	-4921.662
327000000	-427583.313	-12638.081	-414945.232	-4912.198
328000000	-427593.103	-12652.492	-414940.611	-4926.798
329000000	-427598.125	-12645.784	-414952.341	-4920.178
330000000	-427626.356	-12653.803	-414972.553	-4928.335
331000000	-427560.938	-12692.181	-414868.757	-4966.504
332000000	-427583.417	-12624.685	-414958.732	-4900.095
333000000	-427503.032	-12593.891	-414909.141	-4867.651
334000000	-427607.657	-12631.691	-414975.966	-4905.469
335000000	-427570.260	-12641.766	-414928.494	-4916.141
336000000	-427615.391	-12667.855	-414947.536	-4942.553
337000000	-427617.169	-12649.842	-414967.326	-4923.387
338000000	-427576.423	-12630.367	-414946.056	-4904.829
339000000	-427563.532	-12637.810	-414925.722	-4912.274
340000000	-427578.673	-12611.694	-414966.979	-4885.292
341000000	-427629.282	-12644.312	-414984.970	-4918.621
342000000	-427619.373	-12655.143	-414964.230	-4929.346
343000000	-427547.340	-12619.160	-414928.180	-4893.366
344000000	-427591.676	-12641.303	-414950.373	-4915.355
345000000	-427610.529	-12696.704	-414913.826	-4970.676
346000000	-427639.198	-12657.023	-414982.175	-4931.175
347000000	-427634.354	-12652.982	-414981.372	-4929.022
348000000	-427591.992	-12635.712	-414956.280	-4910.503
349000000	-427559.264	-12616.132	-414943.132	-4889.941
350000000	-427540.259	-12621.026	-414919.233	-4895.376
351000000	-427608.762	-12670.021	-414938.740	-4945.844
352000000	-427501.665	-12621.157	-414880.507	-4895.984
353000000	-427574.290	-12639.939	-414934.352	-4915.103
354000000	-427644.737	-12657.134	-414987.603	-4932.031
355000000	-427574.332	-12638.593	-414935.739	-4912.827
356000000	-427609.684	-12622.679	-414987.005	-4896.700
357000000	-427577.166	-12636.373	-414940.792	-4910.696
358000000	-427570.764	-12653.208	-414917.556	-4927.257
359000000	-427639.288	-12662.698	-414976.590	-4936.501
360000000	-427616.655	-12672.986	-414943.669	-4948.678
361000000	-427577.950	-12642.930	-414935.020	-4917.077
362000000	-427567.822	-12650.214	-414917.608	-4924.729
363000000	-427621.464	-12661.083	-414960.380	-4935.649
364000000	-427628.103	-12648.023	-414980.079	-4921.264
365000000	-427627.913	-12657.184	-414970.729	-4931.099
366000000	-427588.261	-12652.077	-414936.185	-4925.712
367000000	-427587.918	-12629.438	-414958.480	-4904.148
368000000	-427631.374	-12659.701	-414971.673	-4934.222
369000000	-427567.322	-12654.549	-414912.773	-4930.184
370000000	-427610.191	-12661.102	-414949.089	-4935.946
371000000	-427580.500	-12648.230	-414932.270	-4923.295
372000000	-427651.137	-12677.883	-414973.254	-4953.186
373000000	-427584.259	-12611.253	-414973.007	-4885.430
374000000	-427562.017	-12657.160	-414904.858	-4931.102
375000000	-427660.278	-12665.851	-414994.427	-4940.351
376000000	-427566.910	-12642.352	-414924.558	-4917.374
377000000	-427557.789	-12641.854	-414915.935	-4916.595
378000000	-427558.531	-12639.878	-414918.653	-4914.332
379000000	-427662.345	-12680.236	-414982.110	-4956.513
380000000	-427574.318	-12631.566	-414942.752	-4906.209
381000000	-427573.537	-12600.444	-414973.093	-4875.250
382000000	-427552.074	-12649.242	-414902.832	-4924.291
383000000	-427582.843	-12649.242	-414933.601	-4924.757
384000000	-427562.574	-12649.651	-414912.922	-4923.799
385000000	-427543.415	-12628.976	-414914.439	-4902.865
386000000	-427552.360	-12621.845	-414930.515	-4896.511
387000000	-427612.802	-12669.397	-414943.405	-4944.344
388000000	-427564.858	-12656.266	-414908.592	-4930.943
389000000	-427533.656	-12619.742	-414913.913	-4893.531
390000000	-427553.293	-12638.614	-414914.678	-4914.365
391000000	-427633.991	-12637.796	-414996.194	-4913.116
392000000	-427601.095	-12662.106	-414938.989	-4937.085
393000000	-427581.048	-12621.863	-414959.185	-4895.544
394000000	-427564.186	-12627.768	-414936.418	-4900.846
395000000	-427639.251	-12647.567	-414991.684	-4921.316
396000000	-427553.461	-12636.633	-414916.829	-4910.380
397000000	-427676.334	-12681.845	-414994.488	-4956.479
398000000	-427533.249	-12593.618	-414939.631	-4867.656
399000000	-427542.906	-12630.806	-414912.100	-4904.909
400000000	-427557.719	-12607.988	-414949.731	-4882.947
401000000	-427603.447	-12637.950	-414965.497	-4913.486
402000000	-427591.350	-12651.688	-414939.662	-4925.765
403000000	-427626.555	-12663.991	-414962.563	-4939.104
404000000	-427557.826	-12614.696	-414943.130	-4889.056
405000000	-427588.196	-12613.325	-414974.871	-4887.721
406000000	-427611.488	-12635.233	-414976.255	-4910.099
407000000	-427599.026	-12632.788	-414966.238	-4908.154
408000000	-427617.370	-12663.726	-414953.644	-4939.160
409000000	-427607.567	-12650.951	-414956.616	-4926.687
410000000	-427625.787	-12681.191	-414944.596	-4956.764
411000000	-427572.721	-12648.513	-414924.208	-4923.823
412000000	-427595.467	-12658.700	-414936.768	-4933.053
413000000	-427569.447	-12619.617	-414949.830	-4895.125
414000000	-427551.214	-12642.505	-414908.709	-4916.485
415000000	-427600.546	-12653.177	-414947.369	-4927.573
416000000	-427577.547	-12656.200	-414921.347	-4931.560
417000000	-427596.137	-12612.092	-414984.045	-4886.710
418000000	-427612.326	-12643.165	-414969.160	-4918.464
419000000	-427561.563	-12600.567	-414960.996	-4875.634
420000000	-427544.318	-12619.297	-414925.022	-4893.664
421000000	-427562.940	-12635.203	-414927.737	-4910.031
422000000	-427553.415	-12616.492	-414936.922	-4891.652
423000000	-427566.645	-12615.034	-414951.611	-4889.910
424000000	-427533.153	-12623.962	-414909.191	-4898.352
425000000	-427608.791	-12635.974	-414972.816	-4910.414
426000000	-427666.687	-12691.767	-414974.921	-4966.633
427000000	-427554.383	-12623.580	-414930.803	-4898.303
428000000	-427555.785	-12642.930	-414912.856	-4917.492
429000000	-427617.881	-12663.231	-414954.650	-4937.179
430000000	-427602.061	-12658.495	-414943.566	-4933.491
431000000	-427581.784	-12648.289	-414933.495	-4923.531
432000000	-427555.483	-12631.513	-414923.970	-4906.659
433000000	-427537.840	-12597.557	-414940.284	-4872.431
434000000	-427595.007	-12656.300	-414938.707	-4930.542
435000000	-427666.448	-12674.978	-414991.470	-4949.584
436000000	-427568.802	-12620.448	-414948.354	-4894.825
437000000	-427535.228	-12601.453	-414933.775	-4875.960
438000000	-427648.197	-12665.444	-414982.753	-4939.126
439000000	-427519.557	-12622.200	-414897.357	-4896.027
440000000	-427576.789	-12643.878	-414932.912	-4918.156
441000000	-427568.038	-12644.781	-414923.258	-4919.630
442000000	-427574.433	-12643.672	-414930.761	-4918.238
443000000	-427576.444	-12639.480	-414936.963	-4913.800
444000000	-427565.828	-12623.732	-414942.097	-4898.619
445000000	-427544.255	-12623.509	-414920.746	-4898.359
446000000	-427632.349	-12675.456	-414956.892	-4950.485
447000000	-427575.479	-12634.375	-414941.104	-4908.499
448000000	-427617.385	-12657.895	-414959.490	-4933.073
449000000	-427629.778	-12635.043	-414994.735	-4909.429
450000000	-427537.528	-12598.007	-414939.521	-4872.292
451000000	-427558.386	-12614.059	-414944.327	-4888.145
452000000	-427625.831	-12692.363	-414933.468	-4967.779
453000000	-427558.380	-12630.635	-414927.745	-4905.068
454000000	-427601.324	-12638.684	-414962.640	-4912.546
455000000	-427580.597	-12647.597	-414933.000	-4922.366
456000000	-427592.720	-12659.680	-414933.040	-4934.033
457000000	-427542.216	-12610.930	-414931.287	-4885.147
458000000	-427590.382	-12656.801	-414933.581	-4931.665
459000000	-427605.611	-12654.802	-414950.809	-4930.063
460000000	-427623.129	-12634.688	-414988.440	-4909.857
461000000	-427619.056	-12679.690	-414939.366	-4954.971
462000000	-427536.763	-12632.272	-414904.491	-4906.010
463000000	-427535.703	-12636.241	-414899.462	-4909.650
464000000	-427529.728	-12635.645	-414894.083	-4910.400
465000000	-427562.229	-12624.680	-414937.549	-4898.102
466000000	-427611.961	-12672.001	-414939.960	-4947.208
467000000	-427516.218	-12613.044	-414903.174	-4887.158
468000000	-427602.743	-12673.182	-414929.561	-4947.495
469000000	-427538.050	-12630.189	-414907.862	-4905.285
470000000	-427613.108	-12657.020	-414956.088	-4931.810
471000000	-427586.974	-12661.052	-414925.922	-4935.319
472000000	-427580.361	-12615.391	-414964.970	-4889.136
473000000	-427560.289	-12637.224	-414923.066	-4912.016
474000000	-427573.957	-12626.237	-414947.720	-4900.295
475000000	-427558.916	-12612.886	-414946.031	-4887.965
476000000	-427566.215	-12633.467	-414932.747	-4909.140
477000000	-427648.796	-12664.493	-414984.303	-4938.564
478000000	-427573.501	-12652.675	-414920.826	-4927.560
479000000	-427586.943	-12639.596	-414947.347	-4913.355
480000000	-427565.452	-12646.755	-414918.697	-4921.603
481000000	-427596.731	-12665.414	-414931.318	-4940.434
482000000	-427603.169	-12651.514	-414951.654	-4924.915
483000000	-427617.951	-12675.312	-414942.639	-4950.427
484000000	-427573.174	-12653.378	-414919.796	-4927.478
485000000	-427539.442	-12632.768	-414906.675	-4908.034
486000000	-427553.153	-12633.356	-414919.797	-4908.950
487000000	-427578.575	-12621.955	-414956.620	-4896.007
488000000	-427589.526	-12632.979	-414956.547	-4907.929
489000000	-427535.381	-12621.019	-414914.363	-4896.230
490000000	-427595.597	-12647.734	-414947.863	-4922.434
491000000	-427570.613	-12645.269	-414925.344	-4919.878
492000000	-427601.670	-12641.651	-414960.019	-4917.252
493000000	-427570.331	-12655.121	-414915.210	-4930.683
494000000	-427635.906	-12676.211	-414959.696	-4951.710
495000000	-427598.101	-12657.520	-414940.581	-4932.436
496000000	-427543.317	-12620.737	-414922.580	-4894.260
497000000	-427552.680	-12605.307	-414947.373	-4880.106
498000000	-427687.166	-12677.133	-415010.033	-4951.902
499000000	-427580.326	-12670.761	-414909.565	-4945.533
500000000	-427567.950	-12618.380	-414949.569	-4892.585
501000000	-427582.290	-12644.762	-414937.528	-4918.822
502000000	-427620.038	-12650.944	-414969.094	-4924.775
503000000	-427607.019	-12639.280	-414967.739	-4912.665
504000000	-427553.971	-12614.141	-414939.830	-4888.079
505000000	-427649.829	-12666.263	-414983.566	-4940.804
506000000	-427624.085	-12666.761	-414957.324	-4941.376
507000000	-427548.309	-12624.637	-414923.672	-4899.686
508000000	-427623.557	-12638.905	-414984.652	-4913.407
509000000	-427664.524	-12675.430	-414989.094	-4950.173
510000000	-427600.095	-12635.409	-414964.686	-4909.949
511000000	-427543.614	-12621.490	-414922.124	-4896.263
512000000	-427533.655	-12635.819	-414897.836	-4910.600
513000000	-427640.983	-12666.099	-414974.883	-4940.691
514000000	-427581.319	-12636.844	-414944.474	-4910.386
515000000	-427542.597	-12629.519	-414913.078	-4903.603
516000000	-427545.777	-12625.730	-414920.048	-4900.397
517000000	-427568.810	-12619.181	-414949.629	-4894.535
518000000	-427640.379	-12652.714	-414987.665	-4927.759
519000000	-427651.153	-12645.403	-415005.750	-4920.037
520000000	-427519.577	-12623.688	-414895.889	-4897.570
521000000	-427579.194	-12626.964	-414952.229	-4901.633
522000000	-427569.439	-12647.623	-414921.816	-4922.069
523000000	-427568.249	-12639.970	-414928.279	-4915.070
524000000	-427627.684	-12683.478	-414944.205	-4959.244
525000000	-427615.106	-12665.271	-414949.835	-4940.167
526000000	-427581.466	-12644.010	-414937.456	-4918.088
527000000	-427521.564	-12598.302	-414923.262	-4872.418
528000000	-427561.732	-12656.091	-414905.641	-4930.610
529000000	-427541.599	-12624.042	-414917.556	-4898.318
530000000	-427609.045	-12666.133	-414942.912	-4940.031
531000000	-427552.421	-12634.173	-414918.247	-4908.426
532000000	-427617.949	-12647.004	-414970.945	-4921.168
533000000	-427555.320	-12625.332	-414929.988	-4899.622
534000000	-427603.214	-12684.458	-414918.756	-4959.062
535000000	-427608.278	-12659.765	-414948.513	-4934.210
536000000	-427639.713	-12654.103	-414985.610	-4928.053
537000000	-427546.560	-12614.095	-414932.465	-4889.137
538000000	-427540.568	-12598.679	-414941.889	-4872.988
539000000	-427539.644	-12606.951	-414932.693	-4881.621
540000000	-427542.911	-12597.357	-414945.554	-4872.283
541000000	-427543.962	-12615.300	-414928.662	-4889.118
542000000	-427592.312	-12650.198	-414942.114	-4924.448
543000000	-427617.868	-12673.473	-414944.395	-4948.482
544000000	-427553.582	-12635.112	-414918.470	-4909.736
545000000	-427565.033	-12643.554	-414921.479	-4917.214
546000000	-427587.826	-12659.986	-414927.840	-4934.657
547000000	-427606.498	-12694.208	-414912.290	-4969.327
548000000	-427591.957	-12641.433	-414950.524	-4915.322
549000000	-427581.438	-12617.351	-414964.086	-4891.551
550000000	-427574.309	-12674.963	-414899.346	-4948.687
551000000	-427572.530	-12627.162	-414945.368	-4902.524
552000000	-427600.746	-12614.200	-414986.546	-4889.023
553000000	-427643.471	-12658.805	-414984.667	-4933.707
554000000	-427594.044	-12615.468	-414978.576	-4889.168
555000000	-427606.726	-12666.573	-414940.153	-4941.930
556000000	-427585.802	-12637.532	-414948.270	-4912.472
557000000	-427596.191	-12656.458	-414939.733	-4931.061
558000000	-427585.242	-12628.962	-414956.279	-4903.924
559000000	-427578.129	-12645.018	-414933.112	-4918.856
560000000	-427555.466	-12647.944	-414907.522	-4922.530
561000000	-427511.110	-12619.145	-414891.964	-4893.916
562000000	-427592.900	-12659.296	-414933.604	-4933.070
563000000	-427601.134	-12622.454	-414978.680	-4897.063
564000000	-427609.005	-12651.032	-414957.973	-4926.560
565000000	-427631.308	-12644.993	-414986.315	-4920.078
566000000	-427594.908	-12664.673	-414930.235	-4940.215
567000000	-427573.697	-12644.875	-414928.822	-4919.971
568000000	-427650.441	-12669.109	-414981.332	-4944.515
569000000	-427562.717	-12641.738	-414920.979	-4917.159
570000000	-427553.911	-12608.718	-414945.192	-4883.336
571000000	-427631.653	-12701.535	-414930.118	-4976.423
572000000	-427600.295	-12670.269	-414930.026	-4944.372
573000000	-427584.148	-12629.027	-414955.121	-4903.479
574000000	-427626.294	-12662.219	-414964.075	-4936.255
575000000	-427540.663	-12633.285	-414907.378	-4908.522
576000000	-427608.046	-12673.909	-414934.138	-4948.046
577000000	-427583.074	-12625.207	-414957.867	-4900.179
578000000	-427572.871	-12644.362	-414928.510	-4919.088
579000000	-427649.625	-12672.738	-414976.886	-4947.908
580000000	-427641.217	-12680.157	-414961.061	-4955.173
581000000	-427569.160	-12632.394	-414936.765	-4906.669
582000000	-427552.348	-12618.208	-414934.140	-4892.636
583000000	-427576.890	-12642.181	-414934.709	-4915.986
584000000	-427566.542	-12685.614	-414880.928	-4960.499
585000000	-427565.817	-12620.234	-414945.584	-4895.389
586000000	-427647.104	-12669.195	-414977.908	-4943.783
587000000	-427627.399	-12637.471	-414989.929	-4911.105
588000000	-427615.004	-12653.654	-414961.350	-4928.561
589000000	-427636.913	-12680.425	-414956.488	-4956.200
590000000	-427637.206	-12660.509	-414976.697	-4935.361
591000000	-427551.425	-12644.273	-414907.152	-4919.350
592000000	-427587.929	-12659.652	-414928.277	-4933.658
593000000	-427599.141	-12640.726	-414958.415	-4914.629
594000000	-427536.748	-12644.245	-414892.502	-4919.462
595000000	-427541.865	-12620.831	-414921.034	-4896.188
596000000	-427588.526	-12639.553	-414948.973	-4914.373
597000000	-427607.915	-12644.165	-414963.750	-4919.798
598000000	-427600.098	-12642.671	-414957.427	-4918.245
599000000	-427607.278	-12676.083	-414931.195	-4951.245
600000000	-427635.876	-12667.461	-414968.415	-4943.365
601000000	-427627.672	-12658.653	-414969.019	-4933.989
602000000	-427578.156	-12643.241	-414934.915	-4918.435
603000000	-427599.501	-12603.138	-414996.363	-4878.499
604000000	-427571.412	-12622.408	-414949.004	-4897.529
605000000	-427554.078	-12635.471	-414918.607	-4909.921
606000000	-427585.656	-12654.237	-414931.420	-4928.560
607000000	-427589.234	-12625.767	-414963.467	-4900.687
608000000	-427590.521	-12646.831	-414943.690	-4920.589
609000000	-427541.316	-12617.474	-414923.842	-4892.002
610000000	-427548.905	-12622.162	-414926.744	-4897.389
611000000	-427597.612	-12659.932	-414937.680	-4934.135
612000000	-427545.505	-12638.790	-414906.715	-4912.944
613000000	-427584.651	-12648.822	-414935.828	-4923.489
614000000	-427631.382	-12656.580	-414974.802	-4931.520
615000000	-427572.392	-12658.070	-414914.323	-4933.638
616000000	-427581.061	-12646.531	-414934.530	-4921.401
617000000	-427602.301	-12653.575	-414948.726	-4927.804
618000000	-427615.437	-12650.515	-414964.922	-4926.173
619000000	-427561.310	-12637.113	-414924.197	-4912.838
620000000	-427548.901	-12615.041	-414933.861	-4890.456
621000000	-427520.531	-12618.737	-414901.794	-4893.811
622000000	-427598.533	-12642.377	-414956.157	-4917.006
623000000	-427581.644	-12665.535	-414916.109	-4939.349
624000000	-427589.456	-12651.544	-414937.912	-4926.620
625000000	-427601.975	-12660.482	-414941.493	-4935.800
626000000	-427553.931	-12617.398	-414936.532	-4891.403
627000000	-427641.904	-12651.540	-414990.365	-4925.225
628000000	-427551.695	-12608.832	-414942.863	-4882.348
629000000	-427582.403	-12606.487	-414975.916	-4880.189
630000000	-427543.406	-12618.866	-414924.540	-4891.980
631000000	-427612.194	-12662.630	-414949.565	-4937.177
632000000	-427651.310	-12692.125	-414959.186	-4967.194
633000000	-427626.955	-12665.150	-414961.805	-4940.046
634000000	-427603.144	-12652.930	-414950.214	-4928.535
635000000	-427627.945	-12667.752	-414960.193	-4943.034
636000000	-427551.223	-12623.294	-414927.929	-4897.756
637000000	-427635.012	-12636.165	-414998.848	-4911.360
638000000	-427574.025	-12622.898	-414951.127	-4897.281
639000000	-427552.097	-12649.536	-414902.561	-4924.206
640000000	-427541.896	-12614.487	-414927.409	-4888.223
641000000	-427558.969	-12625.421	-414933.548	-4899.767
642000000	-427543.284	-12621.627	-414921.657	-4896.790
643000000	-427570.770	-12610.180	-414960.589	-4884.197
644000000	-427568.078	-12645.521	-414922.557	-4920.011
645000000	-427651.597	-12662.643	-414988.954	-4937.013
646000000	-427604.369	-12644.239	-414960.131	-4919.433
647000000	-427598.597	-12649.822	-414948.775	-4924.433
648000000	-427568.131	-12617.236	-414950.895	-4891.137
649000000	-427553.233	-12610.279	-414942.954	-4885.145
650000000	-427572.113	-12605.728	-414966.384	-4879.624
651000000	-427563.333	-12601.379	-414961.954	-4875.179
652000000	-427544.077	-12641.770	-414902.308	-4916.638
653000000	-427569.009	-12624.856	-414944.154	-4900.262
654000000	-427567.799	-12640.191	-414927.608	-4913.713
655000000	-427582.746	-12615.529	-414967.217	-4890.263
656000000	-427596.351	-12662.037	-414934.314	-4937.900
657000000	-427545.018	-12636.583	-414908.434	-4910.727
658000000	-427552.289	-12625.657	-414926.632	-4900.182
659000000	-427573.225	-12619.315	-414953.910	-4893.686
660000000	-427582.189	-12637.311	-414944.878	-4910.908
661000000	-427576.113	-12630.618	-414945.495	-4904.860
662000000	-427596.091	-12652.777	-414943.314	-4928.800
663000000	-427649.770	-12654.598	-414995.172	-4928.957
664000000	-427576.327	-12635.802	-414940.525	-4910.304
665000000	-427603.384	-12658.957	-414944.426	-4933.763
666000000	-427591.050	-12672.113	-414918.937	-4947.354
667000000	-427592.831	-12629.094	-414963.737	-4903.266
668000000	-427591.542	-12668.585	-414922.957	-4944.328
669000000	-427637.015	-12664.634	-414972.382	-4939.004
670000000	-427586.418	-12628.190	-414958.228	-4902.283
671000000	-427591.765	-12644.713	-414947.052	-4919.498
672000000	-427654.101	-12677.311	-414976.790	-4952.176
673000000	-427610.346	-12634.458	-414975.888	-4909.135
674000000	-427589.486	-12645.442	-414944.045	-4920.364
675000000	-427575.339	-12636.232	-414939.106	-4910.509
676000000	-427610.065	-12646.912	-414963.153	-4921.094
677000000	-427620.302	-12668.642	-414951.659	-4942.912
678000000	-427647.160	-12661.832	-414985.328	-4935.674
679000000	-427552.216	-12641.722	-414910.494	-4916.161
680000000	-427511.309	-12596.662	-414914.647	-4871.736
681000000	-427631.223	-12639.092	-414992.131	-4913.751
682000000	-427558.011	-12639.150	-414918.861	-4912.949
683000000	-427579.551	-12669.861	-414909.690	-4944.496
684000000	-427604.427	-12654.785	-414949.642	-4929.377
685000000	-427596.775	-12649.385	-414947.390	-4924.680
686000000	-427681.573	-12703.243	-414978.330	-4979.461
687000000	-427621.897	-12635.966	-414985.931	-4909.565
688000000	-427606.518	-12655.735	-414950.784	-4929.791
689000000	-427613.108	-12635.714	-414977.394	-4910.610
690000000	-427582.939	-12631.960	-414950.978	-4906.692
691000000	-427595.923	-12639.104	-414956.819	-4913.171
692000000	-427605.098	-12646.745	-414958.352	-4921.363
693000000	-427604.780	-12650.234	-414954.546	-4925.529
694000000	-427579.408	-12608.690	-414970.718	-4883.622
695000000	-427595.755	-12635.369	-414960.386	-4910.093
696000000	-427660.717	-12656.139	-415004.579	-4930.592
697000000	-427580.858	-12652.704	-414928.154	-4927.053
698000000	-427567.409	-12637.179	-414930.230	-4911.653
699000000	-427600.273	-12633.599	-414966.674	-4909.231
700000000	-427561.120	-12613.966	-414947.153	-4889.023
701000000	-427589.330	-12620.623	-414968.707	-4895.712
702000000	-427574.101	-12611.525	-414962.576	-4885.654
703000000	-427626.766	-12681.481	-414945.286	-4956.510
704000000	-427572.133	-12640.274	-414931.859	-4915.039
705000000	-427646.106	-12668.189	-414977.918	-4943.095
706000000	-427658.536	-12653.457	-415005.079	-4928.855
707000000	-427585.500	-12651.046	-414934.454	-4925.493
708000000	-427550.265	-12649.679	-414900.586	-4923.167
709000000	-427564.633	-12631.511	-414933.122	-4906.597
710000000	-427646.283	-12664.825	-414981.458	-4939.498
711000000	-427554.193	-12667.523	-414886.671	-4941.979
712000000	-427644.130	-12662.242	-414981.888	-4937.269
713000000	-427541.484	-12626.723	-414914.760	-4900.914
714000000	-427533.292	-12628.232	-414905.059	-4903.430
715000000	-427544.206	-12620.162	-414924.044	-4894.849
716000000	-427578.631	-12654.974	-414923.657	-4928.826
717000000	-427595.987	-12675.261	-414920.726	-4949.152
718000000	-427571.433	-12633.145	-414938.289	-4907.604
719000000	-427597.790	-12652.169	-414945.622	-4927.099
720000000	-427621.993	-12685.766	-414936.227	-4960.913
721000000	-427641.566	-12648.173	-414993.393	-4923.433
722000000	-427562.672	-12645.294	-414917.379	-4919.975
723000000	-427635.059	-12672.639	-414962.420	-4946.850
724000000	-427556.295	-12602.709	-414953.586	-4877.710
725000000	-427583.533	-12625.509	-414958.024	-4901.015
726000000	-427623.126	-12647.433	-414975.693	-4923.063
727000000	-427568.805	-12622.483	-414946.322	-4897.401
728000000	-427598.521	-12595.170	-415003.351	-4869.202
729000000	-427559.627	-12604.197	-414955.430	-4880.118
730000000	-427536.917	-12602.753	-414934.164	-4876.823
731000000	-427547.215	-12608.185	-414939.030	-4883.614
732000000	-427565.318	-12610.424	-414954.894	-4885.058
733000000	-427592.101	-12659.586	-414932.515	-4934.279
734000000	-427568.189	-12648.388	-414919.801	-4922.979
735000000	-427632.842	-12654.068	-414978.774	-4928.459
736000000	-427584.222	-12639.799	-414944.423	-4914.164
737000000	-427600.550	-12648.499	-414952.050	-4923.213
738000000	-427580.278	-12633.572	-414946.706	-4907.403
739000000	-427632.644	-12648.676	-414983.969	-4922.992
740000000	-427601.197	-12657.468	-414943.728	-4931.991
741000000	-427592.042	-12637.469	-414954.573	-4912.190
742000000	-427620.672	-12635.042	-414985.630	-4909.490
743000000	-427594.015	-12640.937	-414953.078	-4915.276
744000000	-427582.328	-12650.403	-414931.925	-4925.892
745000000	-427622.352	-12671.201	-414951.151	-4946.409
746000000	-427628.020	-12644.469	-414983.551	-4919.444
747000000	-427520.229	-12611.185	-414909.044	-4885.539
748000000	-427568.581	-12650.875	-414917.706	-4925.100
749000000	-427521.178	-12591.118	-414930.059	-4865.641
750000000	-427549.324	-12638.401	-414910.922	-4912.957
751000000	-427595.893	-12646.027	-414949.866	-4921.986
752000000	-427592.136	-12618.387	-414973.749	-4892.071
753000000	-427581.673	-12655.518	-414926.154	-4929.595
754000000	-427535.388	-12635.484	-414899.904	-4910.638
755000000	-427540.305	-12589.096	-414951.209	-4864.184
756000000	-427563.191	-12642.423	-414920.768	-4917.749
757000000	-427573.516	-12651.117	-414922.399	-4926.523
758000000	-427599.070	-12633.579	-414965.491	-4907.326
759000000	-427566.677	-12621.841	-414944.836	-4895.651
760000000	-427507.059	-12584.356	-414922.703	-4858.819
761000000	-427580.095	-12649.829	-414930.266	-4923.536
762000000	-427566.977	-12628.944	-414938.033	-4902.708
763000000	-427561.695	-12651.732	-414909.962	-4927.165
764000000	-427561.668	-12641.966	-414919.702	-4916.585
765000000	-427543.155	-12589.270	-414953.886	-4863.505
766000000	-427562.656	-12623.434	-414939.222	-4898.210
767000000	-427574.179	-12662.508	-414911.671	-4937.527
768000000	-427575.867	-12635.985	-414939.883	-4910.524
769000000	-427568.361	-12609.016	-414959.345	-4883.433
770000000	-427632.453	-12648.412	-414984.040	-4922.346
771000000	-427568.861	-12639.464	-414929.397	-4914.230
772000000	-427661.106	-12684.253	-414976.853	-4960.011
773000000	-427511.485	-12600.617	-414910.869	-4875.581
774000000	-427617.683	-12643.552	-414974.132	-4918.081
775000000	-427623.832	-12668.385	-414955.447	-4944.382
776000000	-427590.377	-12615.201	-414975.176	-4889.336
777000000	-427620.265	-12633.699	-414986.566	-4908.568
778000000	-427603.610	-12634.085	-414969.525	-4907.716
779000000	-427551.020	-12654.669	-414896.351	-4928.492
780000000	-427558.575	-12630.440	-414928.135	-4905.372
781000000	-427620.965	-12647.610	-414973.355	-4921.049
782000000	-427567.848	-12661.015	-414906.833	-4935.877
783000000	-427612.067	-12673.914	-414938.153	-4948.414
784000000	-427573.263	-12630.633	-414942.630	-4904.780
785000000	-427643.776	-12649.231	-414994.545	-4925.119
786000000	-427601.000	-12654.360	-414946.641	-4929.815
787000000	-427577.896	-12646.789	-414931.107	-4921.426
788000000	-427601.580	-12639.559	-414962.022	-4914.344
789000000	-427563.667	-12606.038	-414957.629	-4879.820
790000000	-427644.661	-12654.993	-414989.668	-4930.142
791000000	-427638.747	-12663.253	-414975.494	-4938.645
792000000	-427643.273	-12674.585	-414968.688	-4949.869
793000000	-427632.682	-12653.923	-414978.759	-4929.171
794000000	-427637.634	-12632.034	-415005.599	-4907.321
795000000	-427589.334	-12638.357	-414950.977	-4913.423
796000000	-427596.968	-12636.122	-414960.846	-4909.535
797000000	-427570.757	-12625.348	-414945.409	-4899.543
798000000	-427604.206	-12645.854	-414958.352	-4919.606
799000000	-427622.071	-12683.790	-414938.281	-4958.141
800000000	-427536.264	-12637.782	-414898.482	-4912.404
