state	pscore
1000000	9412
2000000	9412
3000000	9407
4000000	9414
5000000	9402
6000000	9405
7000000	9415
8000000	9419
9000000	9415
10000000	9408
11000000	9415
12000000	9409
13000000	9410
14000000	9407
15000000	9415
16000000	9414
17000000	9415
18000000	9399
19000000	9417
20000000	9408
21000000	9408
22000000	9409
23000000	9411
24000000	9405
25000000	9406
26000000	9406
27000000	9414
28000000	9404
29000000	9399
30000000	9402
31000000	9407
32000000	9409
33000000	9416
34000000	9414
35000000	9414
36000000	9401
37000000	9409
38000000	9407
39000000	9416
40000000	9412
41000000	9419
42000000	9410
43000000	9403
44000000	9407
45000000	9411
46000000	9407
47000000	9403
48000000	9408
49000000	9406
50000000	9410
51000000	9415
52000000	9409
53000000	9405
54000000	9409
55000000	9401
56000000	9410
57000000	9407
58000000	9409
59000000	9407
60000000	9416
61000000	9404
62000000	9412
63000000	9410
64000000	9413
65000000	9414
66000000	9407
67000000	9406
68000000	9400
69000000	9403
70000000	9408
71000000	9411
72000000	9419
73000000	9418
74000000	9414
75000000	9418
76000000	9422
77000000	9420
78000000	9408
79000000	9405
80000000	9402
81000000	9410
82000000	9406
83000000	9413
84000000	9414
85000000	9412
86000000	9415
87000000	9413
88000000	9403
89000000	9428
90000000	9406
91000000	9413
92000000	9406
93000000	9409
94000000	9408
95000000	9410
96000000	9424
97000000	9413
98000000	9418
99000000	9405
100000000	9413
101000000	9414
102000000	9406
103000000	9410
104000000	9416
105000000	9407
106000000	9419
107000000	9416
108000000	9414
109000000	9414
110000000	9409
111000000	9412
112000000	9414
113000000	9402
114000000	9405
115000000	9405
116000000	9403
117000000	9401
118000000	9408
119000000	9412
120000000	9402
121000000	9420
122000000	9419
123000000	9415
124000000	9408
125000000	9404
126000000	9408
127000000	9413
128000000	9412
129000000	9410
130000000	9414
131000000	9409
132000000	9423
133000000	9412
134000000	9414
135000000	9416
136000000	9404
137000000	9408
138000000	9410
139000000	9411
140000000	9414
141000000	9404
142000000	9407
143000000	9412
144000000	9419
145000000	9410
146000000	9412
147000000	9410
148000000	9410
149000000	9404
150000000	9410
151000000	9412
152000000	9408
153000000	9410
154000000	9418
155000000	9414
156000000	9413
157000000	9408
158000000	9413
159000000	9410
160000000	9399
161000000	9400
162000000	9408
163000000	9410
164000000	9402
165000000	9403
166000000	9409
167000000	9403
168000000	9407
169000000	9396
170000000	9414
171000000	9400
172000000	9402
173000000	9403
174000000	9398
175000000	9396
176000000	9398
177000000	9410
178000000	9406
179000000	9409
180000000	9411
181000000	9411
182000000	9409
183000000	9414
184000000	9412
185000000	9423
186000000	9411
187000000	9410
188000000	9410
189000000	9408
190000000	9413
191000000	9415
192000000	9404
193000000	9411
194000000	9406
195000000	9415
196000000	9421
197000000	9414
198000000	9405
199000000	9410
200000000	9405
201000000	9408
202000000	9417
203000000	9413
204000000	9408
205000000	9408
206000000	9410
207000000	9405
208000000	9406
209000000	9413
210000000	9407
211000000	9407
212000000	9414
213000000	9417
214000000	9403
215000000	9404
216000000	9402
217000000	9409
218000000	9418
219000000	9407
220000000	9400
221000000	9408
222000000	9406
223000000	9404
224000000	9408
225000000	9409
226000000	9408
227000000	9415
228000000	9411
229000000	9416
230000000	9408
231000000	9413
232000000	9415
233000000	9411
234000000	9404
235000000	9419
236000000	9414
237000000	9401
238000000	9405
239000000	9410
240000000	9408
241000000	9408
242000000	9404
243000000	9400
244000000	9411
245000000	9420
246000000	9410
247000000	9416
248000000	9414
249000000	9409
250000000	9408
251000000	9410
252000000	9407
253000000	9417
254000000	9416
255000000	9414
256000000	9403
257000000	9402
258000000	9408
259000000	9404
260000000	9406
261000000	9402
262000000	9410
263000000	9415
264000000	9407
265000000	9412
266000000	9405
267000000	9412
268000000	9406
269000000	9405
270000000	9399
271000000	9414
272000000	9413
273000000	9414
274000000	9415
275000000	9410
276000000	9412
277000000	9405
278000000	9411
279000000	9416
280000000	9411
281000000	9406
282000000	9416
283000000	9418
284000000	9406
285000000	9403
286000000	9401
287000000	9411
288000000	9404
289000000	9405
290000000	9407
291000000	9407
292000000	9401
293000000	9405
294000000	9400
295000000	9401
296000000	9407
297000000	9398
298000000	9405
299000000	9410
300000000	9402
301000000	9409
302000000	9406
303000000	9414
304000000	9415
305000000	9400
306000000	9401
307000000	9409
308000000	9406
309000000	9411
310000000	9415
311000000	9410
312000000	9406
313000000	9406
314000000	9405
315000000	9404
316000000	9402
317000000	9406
318000000	9407
319000000	9412
320000000	9404
321000000	9405
322000000	9412
323000000	9413
324000000	9390
325000000	9406
326000000	9403
327000000	9412
328000000	9404
329000000	9413
330000000	9427
331000000	9413
332000000	9416
333000000	9417
334000000	9411
335000000	9408
336000000	9407
337000000	9400
338000000	9415
339000000	9408
340000000	9410
341000000	9417
342000000	9412
343000000	9411
344000000	9408
345000000	9409
346000000	9400
347000000	9405
348000000	9402
349000000	9409
350000000	9410
351000000	9417
352000000	9411
353000000	9399
354000000	9409
355000000	9404
356000000	9414
357000000	9408
358000000	9407
359000000	9418
360000000	9407
361000000	9406
362000000	9412
363000000	9410
364000000	9409
365000000	9410
366000000	9413
367000000	9409
368000000	9418
369000000	9410
370000000	9412
371000000	9417
372000000	9414
373000000	9413
374000000	9407
375000000	9411
376000000	9409
377000000	9413
378000000	9413
379000000	9410
380000000	9417
381000000	9408
382000000	9403
383000000	9410
384000000	9411
385000000	9405
386000000	9404
387000000	9404
388000000	9413
389000000	9405
390000000	9412
391000000	9398
392000000	9409
393000000	9419
394000000	9420
395000000	9412
396000000	9412
397000000	9425
398000000	9415
399000000	9406
400000000	9410
401000000	9411
402000000	9410
403000000	9400
404000000	9409
405000000	9416
406000000	9408
407000000	9407
408000000	9402
409000000	9393
410000000	9405
411000000	9403
412000000	9397
413000000	9410
414000000	9401
415000000	9406
416000000	9396
417000000	9409
418000000	9408
419000000	9411
420000000	9404
421000000	9409
422000000	9406
423000000	9414
424000000	9407
425000000	9410
426000000	9411
427000000	9400
428000000	9397
429000000	9411
430000000	9409
431000000	9409
432000000	9407
433000000	9413
434000000	9412
435000000	9406
436000000	9406
437000000	9411
438000000	9398
439000000	9398
440000000	9405
441000000	9405
442000000	9413
443000000	9412
444000000	9410
445000000	9405
446000000	9411
447000000	9415
448000000	9411
449000000	9414
450000000	9412
451000000	9408
452000000	9407
453000000	9417
454000000	9414
455000000	9415
456000000	9425
457000000	9404
458000000	9410
459000000	9424
460000000	9403
461000000	9415
462000000	9411
463000000	9409
464000000	9406
465000000	9410
466000000	9414
467000000	9413
468000000	9406
469000000	9408
470000000	9406
471000000	9403
472000000	9404
473000000	9407
474000000	9415
475000000	9414
476000000	9407
477000000	9406
478000000	9402
479000000	9411
480000000	9406
481000000	9410
482000000	9420
483000000	9415
484000000	9418
485000000	9406
486000000	9417
487000000	9415
488000000	9415
489000000	9411
490000000	9414
491000000	9408
492000000	9412
493000000	9419
494000000	9405
495000000	9407
496000000	9408
497000000	9406
498000000	9415
499000000	9414
500000000	9410
501000000	9402
502000000	9412
503000000	9406
504000000	9414
505000000	9403
506000000	9407
507000000	9422
508000000	9407
509000000	9418
510000000	9417
511000000	9404
512000000	9417
513000000	9408
514000000	9417
515000000	9406
516000000	9412
517000000	9417
518000000	9411
519000000	9407
520000000	9402
521000000	9404
522000000	9409
523000000	9406
524000000	9411
525000000	9407
526000000	9415
527000000	9401
528000000	9404
529000000	9400
530000000	9415
531000000	9408
532000000	9412
533000000	9412
534000000	9410
535000000	9409
536000000	9420
537000000	9424
538000000	9414
539000000	9419
540000000	9422
541000000	9415
542000000	9415
543000000	9401
544000000	9407
545000000	9399
546000000	9411
547000000	9409
548000000	9401
549000000	9412
550000000	9414
551000000	9409
552000000	9420
553000000	9414
554000000	9419
555000000	9420
556000000	9412
557000000	9409
558000000	9412
559000000	9412
560000000	9409
561000000	9405
562000000	9418
563000000	9413
564000000	9414
565000000	9420
566000000	9415
567000000	9403
568000000	9422
569000000	9414
570000000	9415
571000000	9418
572000000	9408
573000000	9406
574000000	9410
575000000	9417
576000000	9423
577000000	9417
578000000	9418
579000000	9424
580000000	9421
581000000	9417
582000000	9415
583000000	9412
584000000	9412
585000000	9414
586000000	9407
587000000	9405
588000000	9405
589000000	9405
590000000	9421
591000000	9411
592000000	9404
593000000	9409
594000000	9417
595000000	9417
596000000	9401
597000000	9407
598000000	9414
599000000	9409
600000000	9403
601000000	9412
602000000	9415
603000000	9409
604000000	9411
605000000	9412
606000000	9410
607000000	9411
608000000	9406
609000000	9404
610000000	9404
611000000	9408
612000000	9408
613000000	9417
614000000	9407
615000000	9411
616000000	9411
617000000	9409
618000000	9405
619000000	9406
620000000	9416
621000000	9410
622000000	9419
623000000	9404
624000000	9403
625000000	9408
626000000	9416
627000000	9424
628000000	9418
629000000	9413
630000000	9415
631000000	9415
632000000	9413
633000000	9414
634000000	9405
635000000	9411
636000000	9406
637000000	9411
638000000	9408
639000000	9412
640000000	9410
641000000	9410
642000000	9416
643000000	9425
644000000	9406
645000000	9410
646000000	9410
647000000	9410
648000000	9415
649000000	9418
650000000	9412
651000000	9414
652000000	9407
653000000	9414
654000000	9413
655000000	9414
656000000	9413
657000000	9411
658000000	9406
659000000	9406
660000000	9415
661000000	9411
662000000	9411
663000000	9400
664000000	9405
665000000	9405
666000000	9411
667000000	9406
668000000	9405
669000000	9410
670000000	9410
671000000	9413
672000000	9411
673000000	9412
674000000	9412
675000000	9407
676000000	9416
677000000	9414
678000000	9404
679000000	9418
680000000	9413
681000000	9413
682000000	9406
683000000	9410
684000000	9402
685000000	9403
686000000	9407
687000000	9412
688000000	9411
689000000	9415
690000000	9419
691000000	9410
692000000	9400
693000000	9406
694000000	9406
695000000	9403
696000000	9409
697000000	9413
698000000	9407
699000000	9407
700000000	9413
701000000	9405
702000000	9408
703000000	9404
704000000	9410
705000000	9412
706000000	9413
707000000	9419
708000000	9416
709000000	9405
710000000	9406
711000000	9413
712000000	9425
713000000	9409
714000000	9414
715000000	9414
716000000	9407
717000000	9414
718000000	9413
719000000	9413
720000000	9405
721000000	9404
722000000	9407
723000000	9414
724000000	9413
725000000	9415
726000000	9405
727000000	9416
728000000	9407
729000000	9408
730000000	9415
731000000	9398
732000000	9407
733000000	9400
734000000	9401
735000000	9399
736000000	9409
737000000	9417
738000000	9413
739000000	9411
740000000	9406
741000000	9415
742000000	9410
743000000	9403
744000000	9406
745000000	9422
746000000	9419
747000000	9415
748000000	9406
749000000	9406
750000000	9407
751000000	9412
752000000	9410
753000000	9419
754000000	9419
755000000	9414
756000000	9412
757000000	9415
758000000	9410
759000000	9416
760000000	9418
761000000	9413
762000000	9412
763000000	9414
764000000	9419
765000000	9416
766000000	9413
767000000	9410
768000000	9406
769000000	9413
770000000	9409
771000000	9415
772000000	9428
773000000	9414
774000000	9414
775000000	9402
776000000	9406
777000000	9417
778000000	9406
779000000	9409
780000000	9415
781000000	9412
782000000	9409
783000000	9407
784000000	9407
785000000	9403
786000000	9401
787000000	9407
788000000	9402
789000000	9412
790000000	9409
791000000	9416
792000000	9414
793000000	9402
794000000	9412
795000000	9405
796000000	9415
797000000	9418
798000000	9413
799000000	9407
800000000	9411
