state	gtr.rates.rateAC	gtr.rates.rateAG	gtr.rates.rateAT	gtr.rates.rateCG	gtr.rates.rateCT	gtr.rates.rateGT	alpha	frequencies1	frequencies2	frequencies3	frequencies4	ucld.mean	ucld.stdev	meanRate	coefficientOfVariation	covariance	skygrid.precision	rootHeight	treeLength
1000000	0.1347	1.2230	0.1463	3.6282E-2	4.2917	0.1679	0.2777	0.2728	0.2077	0.2868	0.2328	4.2371E-4	1.2956E-4	4.155E-4	0.3091	-3.5289E-2	0.243	19.481	2275.660
2000000	0.1155	1.2736	0.1440	3.5186E-2	4.2779	0.1538	0.2951	0.2769	0.2039	0.2783	0.2409	4.253E-4	1.4751E-4	4.1861E-4	0.3511	1.7692E-2	0.327	18.303	2281.908
3000000	0.1211	1.2289	0.1600	2.9158E-2	4.3155	0.1453	0.2788	0.2690	0.2103	0.2918	0.2289	4.1942E-4	1.3865E-4	4.1975E-4	0.3337	-4.8988E-2	0.305	18.680	2313.623
4000000	0.1134	1.2800	0.1443	5.5278E-2	4.2509	0.1560	0.2944	0.2606	0.2127	0.2846	0.2421	4.2188E-4	1.4022E-4	4.0909E-4	0.3415	9.5407E-3	0.395	18.577	2364.650
5000000	0.1195	1.2554	0.1512	3.1711E-2	4.2783	0.1640	0.2783	0.2723	0.2063	0.2824	0.2390	4.0592E-4	1.2853E-4	3.9752E-4	0.3167	-2.6043E-2	0.204	19.146	2304.713
6000000	0.1135	1.1635	0.1429	3.3338E-2	4.3904	0.1564	0.2983	0.2692	0.2116	0.2910	0.2283	4.4777E-4	1.3624E-4	4.3536E-4	0.3058	4.501E-2	0.184	18.250	2293.166
7000000	0.1187	1.2179	0.1568	4.0028E-2	4.3039	0.1626	0.3042	0.2717	0.2040	0.2889	0.2354	4.3763E-4	1.3699E-4	4.3331E-4	0.3138	-3.9521E-2	0.495	18.477	2222.916
8000000	0.1209	1.2045	0.1548	3.2442E-2	4.3111	0.1762	0.3033	0.2678	0.2102	0.2840	0.2380	4.3881E-4	1.4519E-4	4.2291E-4	0.3331	1.1966E-2	0.261	18.899	2353.331
9000000	0.1388	1.2141	0.1430	3.375E-2	4.3032	0.1672	0.3026	0.2674	0.2028	0.2951	0.2347	4.2141E-4	1.2761E-4	4.1936E-4	0.3008	-3.7196E-2	0.199	18.319	2321.751
10000000	0.1131	1.2415	0.1570	3.5214E-2	4.3070	0.1462	0.2906	0.2745	0.2093	0.2855	0.2308	4.371E-4	1.5914E-4	4.342E-4	0.3634	1.0365E-2	0.148	18.533	2248.954
11000000	0.1333	1.2896	0.1520	3.938E-2	4.2316	0.1541	0.2851	0.2644	0.2124	0.2891	0.2342	4.2698E-4	1.3421E-4	4.2327E-4	0.3129	8.2164E-3	0.341	18.625	2253.990
12000000	0.1278	1.2666	0.1467	4.1723E-2	4.2408	0.1764	0.2784	0.2675	0.2114	0.2849	0.2362	4.3212E-4	1.312E-4	4.2359E-4	0.2888	-3.2539E-2	0.313	18.523	2242.879
13000000	0.1199	1.1657	0.1410	3.4939E-2	4.3670	0.1715	0.2879	0.2707	0.2066	0.2891	0.2336	4.4831E-4	1.599E-4	4.3347E-4	0.3615	9.5141E-3	0.497	18.348	2221.255
14000000	0.1322	1.2565	0.1607	3.3475E-2	4.2422	0.1749	0.2899	0.2684	0.2093	0.2870	0.2353	4.3388E-4	1.5234E-4	4.254E-4	0.3561	-4.8321E-2	0.224	18.640	2264.837
15000000	0.1477	1.2345	0.1392	3.531E-2	4.2670	0.1764	0.2969	0.2710	0.2080	0.2872	0.2338	4.482E-4	1.62E-4	4.2612E-4	0.3672	1.4631E-2	0.230	18.254	2237.951
16000000	0.1294	1.2275	0.1312	3.2792E-2	4.2973	0.1818	0.2741	0.2720	0.2018	0.2883	0.2379	4.2E-4	1.4879E-4	4.1426E-4	0.3375	-6.1893E-2	0.265	19.018	2242.790
17000000	0.1235	1.2630	0.1441	3.0719E-2	4.2739	0.1649	0.2937	0.2658	0.2094	0.2915	0.2333	4.521E-4	1.5632E-4	4.4165E-4	0.3484	-1.3507E-2	0.187	18.624	2238.506
18000000	0.1285	1.2075	0.1651	4.3417E-2	4.2989	0.1565	0.2836	0.2705	0.2063	0.2943	0.2290	4.1807E-4	1.3322E-4	4.1001E-4	0.3208	2.5328E-2	0.258	18.726	2343.402
19000000	0.1299	1.1976	0.1482	3.0935E-2	4.3293	0.1640	0.2905	0.2680	0.2073	0.2928	0.2318	4.1819E-4	1.4336E-4	4.1159E-4	0.3325	3.7938E-2	0.255	18.457	2314.416
20000000	0.1264	1.1601	0.1587	3.1995E-2	4.3752	0.1476	0.3022	0.2714	0.2091	0.2855	0.2341	4.3055E-4	1.6157E-4	4.2422E-4	0.3716	-3.8325E-2	0.256	18.616	2309.260
21000000	0.1254	1.1794	0.1392	3.5894E-2	4.3536	0.1664	0.2826	0.2709	0.2086	0.2844	0.2361	4.1086E-4	1.2938E-4	4.1203E-4	0.3259	1.6187E-2	0.086	18.633	2361.580
22000000	0.1276	1.2877	0.1566	4.1687E-2	4.2206	0.1658	0.2882	0.2661	0.2107	0.2889	0.2344	4.0552E-4	1.4117E-4	4.0592E-4	0.3349	-4.7605E-2	0.325	19.085	2372.619
23000000	0.1075	1.1855	0.1632	3.1487E-2	4.3533	0.1590	0.2930	0.2731	0.2069	0.2885	0.2315	4.3551E-4	1.4802E-4	4.2546E-4	0.3391	1.0451E-2	0.621	18.770	2301.824
24000000	0.1112	1.2381	0.1538	3.5446E-2	4.2901	0.1713	0.2822	0.2702	0.2128	0.2842	0.2328	4.1565E-4	1.5958E-4	4.0727E-4	0.3847	-9.9801E-4	0.389	18.627	2297.950
25000000	0.1138	1.2250	0.1449	3.653E-2	4.3229	0.1569	0.2835	0.2769	0.2032	0.2855	0.2344	4.1913E-4	1.3909E-4	4.141E-4	0.3308	-3.3223E-2	0.358	18.378	2328.621
26000000	0.1141	1.1894	0.1526	3.7189E-2	4.3675	0.1390	0.2888	0.2748	0.2095	0.2854	0.2302	4.1191E-4	1.4926E-4	4.0791E-4	0.3513	-3.439E-2	0.359	18.690	2344.597
27000000	0.1237	1.2468	0.1467	4.083E-2	4.2681	0.1739	0.2981	0.2668	0.2118	0.2859	0.2355	4.2142E-4	1.3269E-4	4.1527E-4	0.3114	-4.888E-3	0.218	18.633	2332.455
28000000	0.1201	1.2831	0.1519	4.1822E-2	4.2641	0.1390	0.2893	0.2754	0.2035	0.2779	0.2432	4.0739E-4	1.3028E-4	4.0034E-4	0.3203	-1.078E-2	0.369	18.617	2376.707
29000000	0.1272	1.2266	0.1512	3.6768E-2	4.3111	0.1472	0.2952	0.2672	0.2057	0.2927	0.2343	4.321E-4	1.5984E-4	4.2697E-4	0.3636	-1.0532E-2	0.510	18.743	2300.381
30000000	0.1278	1.2090	0.1422	3.4498E-2	4.3130	0.1735	0.2938	0.2710	0.2048	0.2857	0.2386	4.0726E-4	1.3306E-4	4.0673E-4	0.3291	-4.4382E-2	0.161	18.435	2312.531
31000000	0.1396	1.2527	0.1657	2.7501E-2	4.2615	0.1529	0.2855	0.2700	0.2088	0.2884	0.2328	4.3069E-4	1.6535E-4	4.2716E-4	0.3769	-3.2116E-2	0.196	18.256	2263.881
32000000	0.1266	1.2812	0.1463	3.0835E-2	4.2543	0.1607	0.2946	0.2624	0.2125	0.2850	0.2401	4.3401E-4	1.3496E-4	4.24E-4	0.3178	1.968E-2	0.314	19.040	2308.957
33000000	0.1165	1.2969	0.1544	3.5197E-2	4.2428	0.1541	0.3005	0.2687	0.2089	0.2849	0.2375	4.2632E-4	1.3641E-4	4.1758E-4	0.3147	1.4658E-2	0.314	18.907	2256.146
34000000	0.1214	1.2250	0.1593	3.797E-2	4.2864	0.1699	0.2906	0.2700	0.2095	0.2863	0.2342	4.3488E-4	1.3781E-4	4.2335E-4	0.3250	2.6205E-2	0.448	18.891	2267.436
35000000	0.1241	1.2716	0.1603	3.7862E-2	4.2586	0.1476	0.2881	0.2776	0.2015	0.2862	0.2347	4.3116E-4	1.4783E-4	4.2254E-4	0.3454	2.8482E-2	0.358	18.435	2269.738
36000000	0.1214	1.2484	0.1608	3.1742E-2	4.2774	0.1602	0.2958	0.2700	0.2119	0.2869	0.2311	4.5841E-4	1.6544E-4	4.4429E-4	0.3709	1.8186E-2	0.133	20.374	2244.022
37000000	0.1204	1.3000	0.1553	4.1815E-2	4.2147	0.1678	0.2901	0.2634	0.2085	0.2879	0.2402	4.264E-4	1.4095E-4	4.2176E-4	0.3382	-7.5618E-2	0.233	18.552	2301.829
38000000	0.1209	1.2698	0.1503	2.9898E-2	4.2739	0.1552	0.2864	0.2698	0.2105	0.2830	0.2368	4.3079E-4	1.4873E-4	4.268E-4	0.3427	-2.2184E-2	0.124	19.004	2282.417
39000000	0.1064	1.2270	0.1454	3.285E-2	4.3327	0.1556	0.2978	0.2700	0.2091	0.2835	0.2374	4.5516E-4	1.6034E-4	4.3939E-4	0.3518	-6.2786E-2	0.113	18.690	2220.520
40000000	0.1320	1.1216	0.1502	2.9676E-2	4.4159	0.1506	0.2910	0.2693	0.2051	0.2941	0.2314	4.6675E-4	1.6969E-4	4.5243E-4	0.3558	3.9853E-4	0.220	18.404	2168.544
41000000	0.1202	1.1748	0.1417	3.478E-2	4.3838	0.1447	0.2854	0.2757	0.2045	0.2872	0.2325	4.526E-4	1.5567E-4	4.3295E-4	0.3429	-5.4384E-3	0.105	18.305	2195.871
42000000	0.1202	1.2566	0.1421	3.9297E-2	4.2720	0.1698	0.2850	0.2767	0.2054	0.2828	0.2351	4.2901E-4	1.3442E-4	4.2487E-4	0.3265	-2.9703E-2	0.097	18.387	2279.524
43000000	0.1227	1.1772	0.1662	4.0247E-2	4.3311	0.1624	0.2760	0.2808	0.2061	0.2803	0.2328	4.2583E-4	1.39E-4	4.1745E-4	0.3294	-7.293E-2	0.233	19.277	2257.422
44000000	0.1263	1.2170	0.1505	4.2503E-2	4.3134	0.1503	0.2829	0.2679	0.2054	0.2903	0.2364	4.3837E-4	1.4905E-4	4.27E-4	0.3485	-5.2103E-2	0.247	18.490	2229.345
45000000	0.1303	1.2253	0.1627	3.4606E-2	4.3138	0.1334	0.2894	0.2691	0.2001	0.2919	0.2389	4.6917E-4	1.5708E-4	4.5723E-4	0.3535	-1.7798E-2	0.375	18.634	2170.762
46000000	0.1175	1.2851	0.1480	3.3163E-2	4.2352	0.1810	0.2875	0.2692	0.2014	0.2888	0.2406	4.4504E-4	1.6598E-4	4.3783E-4	0.3622	1.5423E-2	0.155	18.569	2186.825
47000000	0.1206	1.2793	0.1434	3.6569E-2	4.2602	0.1599	0.3011	0.2689	0.2071	0.2899	0.2341	4.668E-4	1.521E-4	4.5577E-4	0.3283	-1.7267E-2	0.345	18.323	2159.199
48000000	0.1257	1.2033	0.1504	3.652E-2	4.3054	0.1787	0.2790	0.2729	0.2029	0.2867	0.2376	4.4285E-4	1.5591E-4	4.3132E-4	0.3595	-2.2512E-2	0.128	18.537	2151.261
49000000	0.1267	1.2062	0.1445	3.916E-2	4.3090	0.1745	0.2909	0.2681	0.2121	0.2839	0.2359	4.6113E-4	1.6414E-4	4.4482E-4	0.3457	-3.3355E-2	0.102	18.613	2197.287
50000000	0.1268	1.2440	0.1494	3.8333E-2	4.2872	0.1542	0.2994	0.2703	0.2130	0.2838	0.2329	4.6818E-4	1.5757E-4	4.5738E-4	0.3248	3.0075E-2	0.172	18.530	2167.056
51000000	0.1217	1.2643	0.1396	3.6069E-2	4.2901	0.1482	0.3011	0.2687	0.2048	0.2907	0.2357	4.6114E-4	1.7144E-4	4.4441E-4	0.3662	-4.162E-2	0.220	18.298	2176.231
52000000	0.1229	1.2712	0.1528	2.7907E-2	4.2804	0.1448	0.2888	0.2753	0.2075	0.2809	0.2363	4.6403E-4	1.7021E-4	4.502E-4	0.3688	-2.5951E-2	0.208	18.620	2119.152
53000000	0.1405	1.2500	0.1521	3.2684E-2	4.2749	0.1499	0.2850	0.2686	0.2082	0.2921	0.2311	4.6381E-4	1.525E-4	4.5899E-4	0.3410	2.2079E-2	0.229	18.288	2123.902
54000000	0.1211	1.2293	0.1570	4.0484E-2	4.2901	0.1621	0.2785	0.2717	0.2115	0.2865	0.2303	4.8407E-4	1.84E-4	4.7053E-4	0.3873	-2.8953E-3	0.939	18.225	2085.708
55000000	0.1136	1.2504	0.1446	3.3772E-2	4.2767	0.1809	0.2910	0.2777	0.2091	0.2802	0.2330	4.6512E-4	1.5593E-4	4.5186E-4	0.3384	1.8217E-3	0.353	18.314	2146.783
56000000	0.1321	1.3056	0.1552	3.7478E-2	4.2043	0.1653	0.2811	0.2650	0.2125	0.2857	0.2368	4.6004E-4	1.5553E-4	4.5355E-4	0.3413	9.6852E-3	0.373	18.636	2136.096
57000000	0.1211	1.2137	0.1484	4.0861E-2	4.2867	0.1894	0.2879	0.2717	0.2047	0.2873	0.2363	4.7957E-4	1.6394E-4	4.5726E-4	0.3511	-4.2011E-2	0.182	18.339	2100.138
58000000	0.1256	1.2501	0.1512	3.8441E-2	4.2630	0.1717	0.2874	0.2745	0.2081	0.2839	0.2334	4.7315E-4	1.591E-4	4.5921E-4	0.3418	-1.7195E-2	0.281	18.370	2104.035
59000000	0.1285	1.2754	0.1422	4.8328E-2	4.2343	0.1712	0.2936	0.2705	0.2003	0.2795	0.2497	4.5662E-4	1.5006E-4	4.47E-4	0.3352	1.1601E-3	0.240	18.670	2130.536
60000000	0.1219	1.2455	0.1545	3.1439E-2	4.2899	0.1566	0.2988	0.2646	0.2014	0.2951	0.2390	4.8248E-4	1.7326E-4	4.6639E-4	0.3574	4.0742E-2	0.339	18.749	2092.260
61000000	0.1247	1.2554	0.1462	4.2065E-2	4.2735	0.1581	0.2847	0.2737	0.2062	0.2830	0.2371	4.6323E-4	1.7699E-4	4.4775E-4	0.3680	-3.6601E-2	0.216	18.316	2133.329
62000000	0.1170	1.2446	0.1493	4.4755E-2	4.2846	0.1597	0.3038	0.2735	0.2018	0.2894	0.2354	4.5656E-4	1.5702E-4	4.4889E-4	0.3433	-9.2205E-3	0.105	18.249	2107.588
63000000	0.1080	1.2248	0.1597	3.7627E-2	4.3150	0.1549	0.2840	0.2661	0.2056	0.2940	0.2343	4.4584E-4	1.6077E-4	4.4929E-4	0.3448	-1.1286E-2	0.304	19.001	2148.250
64000000	0.1299	1.2679	0.1552	3.6546E-2	4.2514	0.1590	0.3017	0.2639	0.2111	0.2869	0.2382	4.6532E-4	1.6563E-4	4.5838E-4	0.3595	-2.9168E-2	0.147	18.625	2129.861
65000000	0.1242	1.2307	0.1648	3.51E-2	4.2917	0.1534	0.2992	0.2703	0.2138	0.2847	0.2312	4.7086E-4	1.7946E-4	4.539E-4	0.3776	-3.3809E-2	0.190	18.299	2136.540
66000000	0.1277	1.2948	0.1499	3.0325E-2	4.2297	0.1676	0.2921	0.2647	0.2130	0.2867	0.2356	4.6387E-4	1.5365E-4	4.4638E-4	0.3347	-9.6436E-3	0.259	18.341	2178.541
67000000	0.1169	1.2044	0.1416	3.3516E-2	4.3402	0.1634	0.2907	0.2744	0.2088	0.2852	0.2316	4.4442E-4	1.485E-4	4.3157E-4	0.3413	-2.0043E-2	0.346	19.081	2214.892
68000000	0.1090	1.1628	0.1303	3.051E-2	4.3918	0.1755	0.2959	0.2806	0.2022	0.2846	0.2327	4.6687E-4	1.604E-4	4.5438E-4	0.3412	-5.352E-2	0.345	18.547	2136.461
69000000	0.1197	1.2201	0.1617	3.4445E-2	4.2957	0.1684	0.2765	0.2768	0.2061	0.2874	0.2297	4.3707E-4	1.4444E-4	4.3686E-4	0.3216	-4.0754E-2	0.292	18.667	2165.965
70000000	0.1308	1.2490	0.1421	3.4824E-2	4.2770	0.1663	0.2875	0.2705	0.2090	0.2847	0.2358	4.326E-4	1.4962E-4	4.1842E-4	0.3400	7.9152E-3	0.361	18.584	2196.411
71000000	0.1072	1.1847	0.1454	3.1752E-2	4.3750	0.1559	0.2707	0.2782	0.2034	0.2868	0.2316	4.3128E-4	1.4182E-4	4.2693E-4	0.3262	-4.375E-3	0.125	18.452	2210.933
72000000	0.1210	1.2597	0.1622	3.687E-2	4.2638	0.1565	0.2927	0.2695	0.2099	0.2922	0.2284	4.4032E-4	1.3545E-4	4.3165E-4	0.3076	-2.2193E-2	0.230	18.236	2231.613
73000000	0.1335	1.3113	0.1518	3.6915E-2	4.2077	0.1586	0.2914	0.2724	0.2100	0.2778	0.2399	4.4234E-4	1.4536E-4	4.3612E-4	0.3361	-3.1877E-3	0.228	18.616	2207.346
74000000	0.1238	1.2772	0.1465	3.3077E-2	4.2321	0.1873	0.2828	0.2748	0.2022	0.2845	0.2384	4.4121E-4	1.5502E-4	4.3558E-4	0.3473	-1.2708E-2	0.341	18.356	2175.079
75000000	0.1285	1.2074	0.1434	3.4885E-2	4.3115	0.1743	0.2868	0.2720	0.2065	0.2872	0.2344	4.6302E-4	1.8361E-4	4.4549E-4	0.3868	-5.5923E-2	0.366	18.369	2179.683
76000000	0.1344	1.2284	0.1648	3.443E-2	4.3073	0.1307	0.2829	0.2750	0.2021	0.2854	0.2375	4.5139E-4	1.5601E-4	4.4195E-4	0.3389	-7.8908E-3	0.121	18.033	2145.489
77000000	0.1256	1.2181	0.1380	4.0318E-2	4.3245	0.1534	0.2978	0.2666	0.2110	0.2844	0.2381	4.7928E-4	1.5395E-4	4.7042E-4	0.3162	-1.6497E-2	0.089	18.235	2164.872
78000000	0.1301	1.2535	0.1612	3.7122E-2	4.2671	0.1511	0.2868	0.2737	0.2032	0.2864	0.2367	4.82E-4	1.7038E-4	4.5757E-4	0.3481	1.6275E-2	0.292	18.427	2155.874
79000000	0.1293	1.2550	0.1733	3.8703E-2	4.2489	0.1549	0.3014	0.2665	0.2129	0.2878	0.2328	4.7585E-4	1.7681E-4	4.6226E-4	0.3686	-3.4846E-2	0.216	18.230	2139.462
80000000	0.1075	1.2077	0.1549	4.7984E-2	4.3273	0.1546	0.2776	0.2720	0.2055	0.2913	0.2312	4.5078E-4	1.5665E-4	4.4373E-4	0.3387	1.581E-2	0.112	18.262	2182.123
81000000	0.1159	1.2281	0.1442	3.6974E-2	4.3275	0.1473	0.2891	0.2722	0.2097	0.2839	0.2342	4.7851E-4	1.8083E-4	4.6394E-4	0.3727	1.359E-2	0.204	18.386	2121.676
82000000	0.1273	1.2119	0.1654	3.2447E-2	4.3079	0.1550	0.2907	0.2726	0.2022	0.2940	0.2313	4.4569E-4	1.7263E-4	4.3652E-4	0.3774	4.612E-2	0.571	18.531	2147.093
83000000	0.1133	1.2219	0.1465	3.9998E-2	4.3131	0.1652	0.3073	0.2729	0.2045	0.2873	0.2354	4.5459E-4	1.6659E-4	4.4302E-4	0.3675	-5.8771E-3	0.347	18.632	2159.572
84000000	0.1374	1.2704	0.1433	3.7906E-2	4.2302	0.1808	0.2825	0.2756	0.2047	0.2901	0.2297	4.5011E-4	1.6823E-4	4.3278E-4	0.3586	-1.5285E-2	0.093	18.321	2151.715
85000000	0.1192	1.2168	0.1430	3.5264E-2	4.3282	0.1575	0.2956	0.2789	0.2039	0.2853	0.2319	4.6204E-4	1.6104E-4	4.4795E-4	0.3404	-3.5792E-3	0.359	18.443	2140.093
86000000	0.1206	1.2284	0.1599	3.1642E-2	4.3046	0.1549	0.3102	0.2742	0.2065	0.2874	0.2320	4.644E-4	1.7545E-4	4.5189E-4	0.4010	1.6571E-2	0.093	18.336	2156.267
87000000	0.1279	1.1630	0.1596	3.3049E-2	4.3689	0.1475	0.2933	0.2716	0.2043	0.2908	0.2333	4.3583E-4	1.44E-4	4.2576E-4	0.3343	2.314E-2	0.068	18.357	2181.559
88000000	0.1215	1.2616	0.1542	3.8857E-2	4.2782	0.1456	0.2963	0.2690	0.2058	0.2906	0.2347	4.482E-4	1.5445E-4	4.3514E-4	0.3425	2.639E-3	0.233	18.453	2193.296
89000000	0.1243	1.2395	0.1427	4.0678E-2	4.2833	0.1695	0.2807	0.2702	0.2113	0.2840	0.2345	4.4843E-4	1.6826E-4	4.4251E-4	0.3714	-2.8863E-2	0.216	18.403	2194.509
90000000	0.1297	1.2845	0.1437	3.2121E-2	4.2529	0.1571	0.2805	0.2697	0.2038	0.2900	0.2366	4.4654E-4	1.6206E-4	4.3383E-4	0.3489	3.3649E-2	0.187	18.361	2148.828
91000000	0.1115	1.1715	0.1562	3.0663E-2	4.3535	0.1767	0.2838	0.2710	0.2117	0.2874	0.2299	4.6956E-4	1.6385E-4	4.5334E-4	0.3577	-4.6921E-2	0.279	18.418	2172.860
92000000	0.1217	1.2670	0.1452	3.5996E-2	4.2846	0.1455	0.2841	0.2757	0.2055	0.2857	0.2331	4.4912E-4	1.6203E-4	4.3751E-4	0.3559	2.2705E-2	0.346	18.106	2172.655
93000000	0.1223	1.2607	0.1410	4.3718E-2	4.2620	0.1703	0.2973	0.2733	0.2061	0.2842	0.2364	4.6725E-4	1.6577E-4	4.5998E-4	0.3585	6.1471E-3	0.112	18.270	2150.151
94000000	0.1086	1.1155	0.1612	3.4246E-2	4.4151	0.1653	0.3001	0.2767	0.2107	0.2872	0.2254	4.7748E-4	1.6476E-4	4.5837E-4	0.3453	2.782E-2	0.101	18.247	2175.787
95000000	0.1225	1.2294	0.1543	4.2042E-2	4.2879	0.1639	0.3013	0.2706	0.2098	0.2831	0.2364	4.4424E-4	1.5526E-4	4.3925E-4	0.3596	-3.4E-2	0.523	18.508	2188.079
96000000	0.1119	1.1994	0.1607	3.6163E-2	4.3253	0.1665	0.2845	0.2718	0.2032	0.2918	0.2332	4.4106E-4	1.4744E-4	4.2801E-4	0.3405	-4.1737E-3	0.202	18.651	2206.804
97000000	0.1152	1.2342	0.1565	3.7386E-2	4.3123	0.1446	0.3052	0.2726	0.2049	0.2866	0.2360	4.5717E-4	1.3673E-4	4.5391E-4	0.3077	-2.7428E-2	0.129	18.518	2174.714
98000000	0.1301	1.2423	0.1533	3.2343E-2	4.2753	0.1667	0.2910	0.2688	0.2062	0.2886	0.2363	4.608E-4	1.5025E-4	4.5547E-4	0.3288	-3.9884E-2	0.296	18.412	2172.777
99000000	0.1255	1.2125	0.1511	3.6529E-2	4.2981	0.1762	0.2889	0.2669	0.2109	0.2897	0.2325	4.6116E-4	1.5782E-4	4.5059E-4	0.3497	-1.4634E-2	0.144	18.341	2187.396
100000000	0.1301	1.2136	0.1493	3.5206E-2	4.3192	0.1526	0.2990	0.2761	0.2052	0.2893	0.2295	4.4586E-4	1.3632E-4	4.3025E-4	0.3100	1.0716E-2	0.310	18.282	2189.432
101000000	0.1122	1.1939	0.1579	3.997E-2	4.3311	0.1650	0.2894	0.2692	0.2070	0.2909	0.2329	4.8152E-4	1.8277E-4	4.5841E-4	0.3639	-3.2018E-2	0.315	18.399	2156.530
102000000	0.1196	1.2358	0.1622	3.9337E-2	4.2784	0.1646	0.2722	0.2737	0.2096	0.2848	0.2319	4.2735E-4	1.4375E-4	4.2857E-4	0.3402	-5.0738E-2	0.562	18.517	2161.149
103000000	0.1051	1.2314	0.1520	3.5864E-2	4.3119	0.1637	0.2940	0.2647	0.2098	0.2935	0.2320	4.5682E-4	1.6712E-4	4.4659E-4	0.3591	3.8788E-3	0.208	18.614	2113.444
104000000	0.1208	1.2752	0.1733	4.2265E-2	4.2231	0.1652	0.2971	0.2669	0.2139	0.2834	0.2358	4.7113E-4	1.6607E-4	4.6183E-4	0.3404	-1.2167E-2	0.244	18.678	2149.008
105000000	0.1277	1.2401	0.1226	3.4431E-2	4.3236	0.1516	0.3028	0.2752	0.2054	0.2845	0.2348	4.8259E-4	1.887E-4	4.6399E-4	0.3826	2.335E-2	0.195	18.324	2106.268
106000000	0.1204	1.1844	0.1414	4.0899E-2	4.3448	0.1680	0.2789	0.2703	0.2099	0.2865	0.2333	4.263E-4	1.4966E-4	4.2585E-4	0.3514	-6.1916E-3	0.134	18.403	2200.352
107000000	0.1287	1.2315	0.1648	2.8372E-2	4.3033	0.1433	0.2862	0.2699	0.2076	0.2857	0.2368	4.4655E-4	1.415E-4	4.414E-4	0.3160	2.7993E-3	0.129	18.254	2173.784
108000000	0.1333	1.2839	0.1557	3.3126E-2	4.2221	0.1719	0.2893	0.2703	0.2073	0.2845	0.2380	4.501E-4	1.6177E-4	4.4525E-4	0.3523	1.9414E-2	0.191	18.350	2155.034
109000000	0.1128	1.2641	0.1502	3.1895E-2	4.2943	0.1467	0.2941	0.2704	0.2037	0.2911	0.2348	4.4802E-4	1.7075E-4	4.4156E-4	0.3765	-3.9545E-2	0.135	18.398	2139.248
110000000	0.1447	1.2499	0.1452	3.7481E-2	4.2792	0.1435	0.2821	0.2753	0.2026	0.2780	0.2440	4.4922E-4	1.7065E-4	4.3392E-4	0.3686	2.8174E-3	0.259	18.943	2160.833
111000000	0.1313	1.2508	0.1584	3.6766E-2	4.2612	0.1615	0.2967	0.2735	0.1996	0.2941	0.2328	4.3376E-4	1.3872E-4	4.2663E-4	0.3181	1.0586E-2	0.226	18.628	2194.176
112000000	0.1155	1.1740	0.1613	3.1197E-2	4.3546	0.1634	0.2827	0.2701	0.2072	0.2884	0.2343	4.4769E-4	1.7933E-4	4.3676E-4	0.4147	-2.7685E-2	0.379	18.337	2185.441
113000000	0.1319	1.2477	0.1462	3.8541E-2	4.2667	0.1689	0.2845	0.2698	0.2068	0.2846	0.2388	4.384E-4	1.5929E-4	4.3379E-4	0.3599	-7.6023E-3	0.197	18.274	2187.379
114000000	0.1273	1.2140	0.1742	4.3096E-2	4.2788	0.1627	0.2873	0.2651	0.2065	0.2890	0.2395	4.5319E-4	1.6272E-4	4.4768E-4	0.3552	-6.3826E-3	0.302	18.258	2196.638
115000000	0.1266	1.2262	0.1477	2.6317E-2	4.3002	0.1730	0.2819	0.2691	0.2095	0.2880	0.2334	4.6115E-4	1.566E-4	4.5047E-4	0.3369	2.9905E-2	0.327	18.332	2163.134
116000000	0.1089	1.2105	0.1565	2.8735E-2	4.3386	0.1568	0.2895	0.2735	0.2080	0.2936	0.2250	4.5548E-4	1.6195E-4	4.3766E-4	0.3479	-2.0829E-4	0.090	18.241	2154.106
117000000	0.1286	1.2595	0.1341	5.6482E-2	4.2677	0.1537	0.2831	0.2645	0.2027	0.2868	0.2460	4.3179E-4	1.2581E-4	4.2964E-4	0.2976	-2.2207E-2	0.196	18.260	2225.102
118000000	0.1192	1.1802	0.1527	3.706E-2	4.3619	0.1490	0.3006	0.2691	0.2073	0.2881	0.2355	4.5633E-4	1.7187E-4	4.3646E-4	0.3591	-2.2565E-2	0.197	18.244	2222.960
119000000	0.1333	1.2008	0.1526	3.255E-2	4.3145	0.1662	0.3010	0.2708	0.2111	0.2844	0.2336	4.4885E-4	1.4353E-4	4.4522E-4	0.3245	1.3548E-2	0.490	18.334	2176.463
120000000	0.1172	1.2580	0.1645	3.664E-2	4.2621	0.1616	0.2845	0.2706	0.2051	0.2885	0.2358	4.6219E-4	1.6684E-4	4.4904E-4	0.3622	5.793E-3	0.257	18.502	2141.803
121000000	0.1335	1.2369	0.1586	4.623E-2	4.2709	0.1539	0.2801	0.2748	0.2069	0.2842	0.2341	4.6995E-4	1.9338E-4	4.5139E-4	0.4149	-1.2752E-2	0.187	18.866	2107.756
122000000	0.1387	1.2444	0.1417	3.9563E-2	4.2653	0.1703	0.3081	0.2748	0.2075	0.2788	0.2389	4.6251E-4	1.6889E-4	4.4978E-4	0.3593	-1.6219E-2	0.221	18.375	2142.558
123000000	0.1202	1.1437	0.1619	2.7374E-2	4.3868	0.1600	0.2872	0.2707	0.2090	0.2917	0.2286	4.6522E-4	1.6874E-4	4.4855E-4	0.3664	-1.7782E-2	0.269	19.010	2128.723
124000000	0.1253	1.2078	0.1583	3.6551E-2	4.3108	0.1612	0.2984	0.2642	0.2031	0.2934	0.2394	4.6744E-4	1.6949E-4	4.4989E-4	0.3702	-5.8653E-3	0.435	18.320	2139.940
125000000	0.1122	1.2706	0.1447	3.3394E-2	4.2907	0.1484	0.2851	0.2694	0.2121	0.2892	0.2293	4.45E-4	1.5781E-4	4.4323E-4	0.3523	-1.6688E-2	0.117	18.338	2151.186
126000000	0.1263	1.2704	0.1365	3.0439E-2	4.2743	0.1622	0.2934	0.2656	0.2074	0.2912	0.2357	4.5475E-4	1.4013E-4	4.4374E-4	0.3124	-2.3914E-2	0.228	18.270	2138.852
127000000	0.1252	1.2135	0.1564	3.0892E-2	4.2935	0.1804	0.2926	0.2727	0.2107	0.2824	0.2342	4.7146E-4	1.6591E-4	4.559E-4	0.3441	-5.8274E-2	0.434	19.211	2127.458
128000000	0.1307	1.2385	0.1563	3.7086E-2	4.2840	0.1534	0.2864	0.2706	0.2134	0.2814	0.2346	4.7911E-4	1.9011E-4	4.6017E-4	0.3852	-5.0495E-3	0.147	18.818	2124.848
129000000	0.1216	1.2376	0.1683	3.9412E-2	4.2727	0.1605	0.2873	0.2694	0.2061	0.2955	0.2289	4.6626E-4	1.7095E-4	4.507E-4	0.3515	1.3341E-2	0.126	18.463	2174.285
130000000	0.1108	1.2310	0.1614	3.2782E-2	4.3140	0.1501	0.2890	0.2695	0.2079	0.2865	0.2361	4.6336E-4	1.6356E-4	4.5322E-4	0.3510	-1.3454E-2	0.111	18.364	2165.514
131000000	0.1127	1.2734	0.1472	4.0452E-2	4.2747	0.1515	0.3044	0.2650	0.2066	0.2874	0.2410	4.5628E-4	1.5978E-4	4.4918E-4	0.3597	-4.4747E-2	0.221	18.275	2127.401
132000000	0.1214	1.3016	0.1581	4.3118E-2	4.2123	0.1635	0.2909	0.2679	0.2063	0.2890	0.2368	4.6475E-4	1.6871E-4	4.5134E-4	0.3652	-1.8457E-2	0.184	18.523	2121.481
133000000	0.1263	1.2178	0.1490	4.4084E-2	4.3071	0.1557	0.2930	0.2736	0.2070	0.2856	0.2338	4.7042E-4	1.703E-4	4.52E-4	0.3476	-4.6242E-3	0.249	18.622	2128.865
134000000	0.1284	1.1520	0.1581	4.0133E-2	4.3629	0.1586	0.2866	0.2672	0.2014	0.2967	0.2346	4.5067E-4	1.6336E-4	4.2981E-4	0.3619	-1.854E-2	0.118	18.897	2162.236
135000000	0.1166	1.2137	0.1619	3.6832E-2	4.3013	0.1697	0.2885	0.2714	0.2052	0.2911	0.2323	4.6741E-4	1.6161E-4	4.5539E-4	0.3483	-3.2191E-2	0.151	18.731	2114.687
136000000	0.1104	1.2217	0.1690	3.3273E-2	4.3126	0.1531	0.2936	0.2725	0.2016	0.2912	0.2347	4.6615E-4	1.4946E-4	4.5164E-4	0.3226	2.9151E-2	0.103	18.613	2108.356
137000000	0.1212	1.2237	0.1300	3.5113E-2	4.3266	0.1633	0.2877	0.2707	0.2037	0.2919	0.2337	4.6675E-4	1.6796E-4	4.475E-4	0.3568	-3.6707E-2	0.273	18.625	2127.967
138000000	0.1319	1.2355	0.1404	4.2096E-2	4.3047	0.1454	0.2930	0.2668	0.2067	0.2867	0.2397	4.4853E-4	1.4079E-4	4.3906E-4	0.3195	2.3142E-2	0.235	18.407	2129.233
139000000	0.1242	1.2291	0.1499	3.6409E-2	4.2846	0.1757	0.2807	0.2771	0.2095	0.2809	0.2325	4.7931E-4	1.7938E-4	4.6567E-4	0.3833	-1.9312E-2	0.355	18.301	2123.011
140000000	0.1358	1.2088	0.1471	3.8406E-2	4.3093	0.1606	0.2863	0.2668	0.2091	0.2928	0.2313	4.7285E-4	1.725E-4	4.5537E-4	0.3751	9.4829E-3	0.143	18.247	2127.942
141000000	0.1331	1.2124	0.1496	3.6735E-2	4.3118	0.1564	0.2934	0.2689	0.2035	0.2918	0.2358	4.7261E-4	1.8639E-4	4.5405E-4	0.3807	-2.6653E-2	0.223	18.262	2133.721
142000000	0.1260	1.2597	0.1457	3.6208E-2	4.2685	0.1639	0.3097	0.2724	0.2141	0.2787	0.2348	4.6829E-4	1.7379E-4	4.5037E-4	0.3858	3.9514E-2	0.169	18.692	2153.469
143000000	0.1269	1.2515	0.1493	4.3053E-2	4.2551	0.1741	0.2999	0.2729	0.2106	0.2805	0.2360	4.6781E-4	1.7546E-4	4.475E-4	0.3808	-2.4988E-2	0.153	18.783	2173.382
144000000	0.1244	1.2437	0.1392	2.7271E-2	4.3031	0.1623	0.2858	0.2741	0.2073	0.2857	0.2329	4.7428E-4	1.8502E-4	4.5184E-4	0.3921	-1.7319E-2	0.232	18.652	2150.469
145000000	0.1225	1.2433	0.1382	3.2948E-2	4.3027	0.1603	0.2896	0.2738	0.2049	0.2915	0.2298	4.4624E-4	1.5327E-4	4.399E-4	0.3475	-4.233E-3	0.387	18.701	2176.645
146000000	0.1235	1.2720	0.1429	3.1187E-2	4.2677	0.1627	0.2875	0.2715	0.2104	0.2809	0.2372	4.411E-4	1.5392E-4	4.3218E-4	0.3431	2.2864E-3	0.216	18.257	2205.057
147000000	0.1299	1.2583	0.1666	3.4046E-2	4.2548	0.1564	0.2925	0.2679	0.2128	0.2888	0.2305	4.7719E-4	1.5997E-4	4.6748E-4	0.3329	-3.4438E-3	0.354	18.502	2109.213
148000000	0.1135	1.2625	0.1605	3.3141E-2	4.2745	0.1559	0.2762	0.2766	0.2030	0.2828	0.2376	4.5106E-4	1.6117E-4	4.3592E-4	0.3570	1.9222E-2	0.206	19.122	2149.378
149000000	0.1249	1.2225	0.1396	2.7879E-2	4.3228	0.1623	0.2843	0.2761	0.2114	0.2820	0.2305	4.5595E-4	1.8021E-4	4.3802E-4	0.3806	-9.1476E-3	0.197	18.098	2179.238
150000000	0.1272	1.2105	0.1596	3.3474E-2	4.2865	0.1828	0.2988	0.2680	0.2103	0.2860	0.2357	4.512E-4	1.5363E-4	4.4184E-4	0.3431	-1.4115E-2	0.276	18.685	2167.958
151000000	0.1269	1.1917	0.1604	3.2543E-2	4.3338	0.1547	0.2994	0.2672	0.2064	0.2939	0.2324	4.5305E-4	1.4126E-4	4.3794E-4	0.3175	-2.6357E-2	0.507	18.422	2175.422
152000000	0.1269	1.2274	0.1548	2.6106E-2	4.3011	0.1636	0.2929	0.2702	0.2051	0.2877	0.2371	4.4698E-4	1.3681E-4	4.3945E-4	0.3053	-1.3914E-2	0.096	18.232	2233.491
153000000	0.1111	1.2831	0.1575	3.4701E-2	4.2367	0.1769	0.2744	0.2691	0.2087	0.2872	0.2349	4.341E-4	1.5502E-4	4.2359E-4	0.3532	6.8145E-3	0.235	18.325	2231.908
154000000	0.1341	1.2380	0.1349	3.4145E-2	4.3061	0.1527	0.2905	0.2736	0.2053	0.2843	0.2367	4.5478E-4	1.6836E-4	4.3876E-4	0.3735	2.874E-2	0.184	19.111	2204.242
155000000	0.1173	1.1959	0.1562	3.1125E-2	4.3380	0.1615	0.3154	0.2737	0.2096	0.2875	0.2292	4.5318E-4	1.6001E-4	4.4987E-4	0.3547	2.1814E-2	0.236	19.035	2217.471
156000000	0.1123	1.2372	0.1451	3.5712E-2	4.3089	0.1608	0.2752	0.2740	0.2071	0.2898	0.2291	4.4419E-4	1.6178E-4	4.3704E-4	0.3810	-7.09E-4	0.266	18.517	2186.678
157000000	0.1285	1.2582	0.1532	3.0617E-2	4.2677	0.1618	0.2939	0.2742	0.2044	0.2903	0.2311	4.5437E-4	1.58E-4	4.4195E-4	0.3608	1.7586E-2	0.268	18.429	2171.135
158000000	0.1179	1.1972	0.1601	3.4755E-2	4.3328	0.1572	0.2873	0.2755	0.1998	0.2947	0.2300	4.2008E-4	1.2983E-4	4.1345E-4	0.3226	-2.109E-2	0.504	18.626	2237.854
159000000	0.1251	1.2145	0.1606	4.5114E-2	4.2995	0.1552	0.2917	0.2631	0.2059	0.2937	0.2373	4.5045E-4	1.6473E-4	4.4349E-4	0.3677	4.0833E-3	0.136	18.445	2217.026
160000000	0.1291	1.2161	0.1419	3.4114E-2	4.3148	0.1640	0.3176	0.2645	0.2112	0.2933	0.2309	4.6182E-4	1.6122E-4	4.3991E-4	0.3431	-3.3725E-2	0.267	18.261	2174.947
161000000	0.1171	1.2762	0.1489	2.9872E-2	4.2523	0.1756	0.2779	0.2734	0.2073	0.2879	0.2314	4.4491E-4	1.7495E-4	4.4009E-4	0.3919	-1.7019E-2	0.148	18.341	2162.329
162000000	0.1300	1.2161	0.1627	3.195E-2	4.3121	0.1473	0.3000	0.2659	0.2147	0.2861	0.2333	4.7909E-4	1.7918E-4	4.6022E-4	0.3672	3.4133E-2	0.375	18.291	2162.229
163000000	0.1258	1.2006	0.1538	3.8848E-2	4.3202	0.1607	0.2979	0.2641	0.2090	0.2853	0.2416	4.6425E-4	1.6008E-4	4.582E-4	0.3495	3.3336E-3	0.597	18.686	2161.318
164000000	0.1303	1.2194	0.1540	3.6653E-2	4.2813	0.1782	0.2794	0.2690	0.2077	0.2895	0.2338	4.7015E-4	1.6813E-4	4.5806E-4	0.3488	-1.5759E-2	0.152	18.290	2150.849
165000000	0.1167	1.1973	0.1163	3.8972E-2	4.3708	0.1600	0.2936	0.2723	0.2062	0.2863	0.2352	4.6463E-4	1.4608E-4	4.4875E-4	0.3248	-5.4668E-3	0.197	18.297	2160.007
166000000	0.1327	1.1542	0.1641	3.6378E-2	4.3488	0.1638	0.2852	0.2779	0.2103	0.2835	0.2283	4.6276E-4	1.6852E-4	4.4621E-4	0.3751	-2.2216E-3	0.117	18.230	2146.008
167000000	0.1269	1.2601	0.1447	3.716E-2	4.2844	0.1467	0.2940	0.2722	0.2100	0.2786	0.2391	4.5309E-4	1.5872E-4	4.4724E-4	0.3481	-9.1313E-4	0.164	18.556	2160.224
168000000	0.1223	1.2220	0.1493	3.8758E-2	4.2903	0.1773	0.2859	0.2764	0.2091	0.2840	0.2304	4.5573E-4	1.4711E-4	4.4389E-4	0.3270	2.4194E-2	0.269	18.601	2159.770
169000000	0.1100	1.2547	0.1425	3.3749E-2	4.3017	0.1573	0.2946	0.2742	0.2065	0.2851	0.2343	4.6478E-4	1.7118E-4	4.4829E-4	0.3548	1.0423E-2	0.252	18.622	2145.056
170000000	0.1151	1.1826	0.1569	3.9027E-2	4.3513	0.1551	0.2914	0.2709	0.2078	0.2910	0.2303	4.7345E-4	1.5788E-4	4.6005E-4	0.3439	2.3592E-2	0.263	18.430	2119.825
171000000	0.1187	1.2480	0.1483	3.1635E-2	4.2826	0.1708	0.2850	0.2729	0.2037	0.2896	0.2339	4.6134E-4	1.6103E-4	4.4062E-4	0.3412	6.5373E-3	0.251	18.259	2144.750
172000000	0.1245	1.1918	0.1583	2.9926E-2	4.3479	0.1476	0.3051	0.2765	0.2025	0.2868	0.2341	4.6201E-4	1.6319E-4	4.4977E-4	0.3545	2.0289E-2	0.401	18.367	2184.475
173000000	0.1245	1.2641	0.1518	3.0659E-2	4.2686	0.1604	0.2887	0.2735	0.2037	0.2878	0.2350	4.4426E-4	1.5567E-4	4.3187E-4	0.3517	-8.6055E-3	0.375	18.891	2221.414
174000000	0.1149	1.2148	0.1382	3.7871E-2	4.3326	0.1616	0.2847	0.2687	0.2037	0.2926	0.2350	4.3938E-4	1.4963E-4	4.3174E-4	0.3419	-6.1264E-4	0.133	18.293	2166.706
175000000	0.1170	1.2296	0.1653	3.6447E-2	4.2843	0.1674	0.2887	0.2733	0.2057	0.2858	0.2352	4.584E-4	1.6891E-4	4.4474E-4	0.3655	2.2979E-2	0.361	18.377	2137.256
176000000	0.1298	1.2667	0.1432	3.7062E-2	4.2702	0.1531	0.2919	0.2650	0.2063	0.2865	0.2422	4.69E-4	1.8273E-4	4.5614E-4	0.3839	8.3344E-3	0.319	18.481	2129.155
177000000	0.1169	1.2047	0.1431	3.2363E-2	4.3295	0.1733	0.2964	0.2767	0.2078	0.2830	0.2325	4.8021E-4	1.875E-4	4.6202E-4	0.3721	-6.2058E-3	0.116	18.491	2145.062
178000000	0.1225	1.2267	0.1448	3.4077E-2	4.3115	0.1604	0.2961	0.2675	0.2081	0.2920	0.2325	4.6883E-4	1.5131E-4	4.5338E-4	0.3341	-1.5472E-3	0.149	18.262	2141.912
179000000	0.1203	1.2879	0.1578	3.8971E-2	4.2215	0.1735	0.2899	0.2704	0.2078	0.2866	0.2352	4.6667E-4	1.6138E-4	4.5302E-4	0.3533	2.0327E-2	0.126	18.612	2165.071
180000000	0.1198	1.2750	0.1571	3.5916E-2	4.2608	0.1514	0.3032	0.2641	0.2077	0.2906	0.2376	4.5171E-4	1.6682E-4	4.4911E-4	0.3647	-3.9361E-2	0.146	18.247	2205.599
181000000	0.1292	1.2387	0.1425	3.8358E-2	4.2905	0.1607	0.2906	0.2735	0.2047	0.2915	0.2302	4.5978E-4	1.6552E-4	4.435E-4	0.3736	-1.4823E-2	0.247	18.251	2158.513
182000000	0.1168	1.2724	0.1626	3.4728E-2	4.2387	0.1748	0.2983	0.2674	0.2159	0.2794	0.2373	4.7655E-4	1.6964E-4	4.6262E-4	0.3411	1.1334E-2	0.200	18.242	2144.444
183000000	0.1389	1.2749	0.1558	4.2927E-2	4.2127	0.1748	0.2981	0.2742	0.2044	0.2812	0.2401	4.5861E-4	1.7495E-4	4.4741E-4	0.3705	-4.1298E-2	0.175	18.396	2135.838
184000000	0.1264	1.2410	0.1485	3.4678E-2	4.2861	0.1634	0.2971	0.2633	0.2087	0.2939	0.2341	4.817E-4	1.5805E-4	4.6773E-4	0.3275	-1.118E-2	0.274	18.706	2142.090
185000000	0.1126	1.2585	0.1443	3.3523E-2	4.2866	0.1644	0.2803	0.2737	0.2083	0.2838	0.2341	4.6861E-4	1.8593E-4	4.5976E-4	0.3953	-1.8047E-2	0.234	18.681	2104.191
186000000	0.1152	1.2281	0.1521	3.1365E-2	4.3021	0.1711	0.2821	0.2653	0.2041	0.2961	0.2344	4.5056E-4	1.5456E-4	4.39E-4	0.3419	1.7065E-4	0.338	18.766	2135.586
187000000	0.1207	1.2742	0.1454	3.6024E-2	4.2451	0.1786	0.2912	0.2649	0.2150	0.2889	0.2311	4.4276E-4	1.6067E-4	4.371E-4	0.3616	-4.9977E-2	0.231	18.619	2142.283
188000000	0.1318	1.2136	0.1570	3.7342E-2	4.3101	0.1501	0.2892	0.2676	0.2080	0.2862	0.2382	4.5914E-4	1.7724E-4	4.3986E-4	0.3815	1.075E-2	0.144	18.248	2175.438
189000000	0.1224	1.2422	0.1535	3.9786E-2	4.2715	0.1707	0.2940	0.2711	0.2059	0.2824	0.2406	4.5766E-4	1.4948E-4	4.5579E-4	0.3411	1.6566E-2	0.188	18.614	2173.691
190000000	0.1316	1.2167	0.1550	3.2752E-2	4.3086	0.1553	0.2965	0.2670	0.2037	0.2932	0.2360	4.4661E-4	1.5215E-4	4.4378E-4	0.3621	-6.5247E-2	0.172	18.314	2186.299
191000000	0.1300	1.1632	0.1631	2.8787E-2	4.3467	0.1682	0.2890	0.2744	0.2068	0.2870	0.2318	4.5086E-4	1.3575E-4	4.4675E-4	0.3056	-4.3275E-3	0.071	18.233	2188.671
192000000	0.1195	1.2168	0.1433	3.6051E-2	4.3232	0.1612	0.3043	0.2734	0.2014	0.2916	0.2336	4.6712E-4	1.6463E-4	4.538E-4	0.3625	-1.2966E-2	0.122	18.257	2166.140
193000000	0.1186	1.2431	0.1420	3.8647E-2	4.2809	0.1767	0.2901	0.2749	0.2100	0.2819	0.2332	4.579E-4	1.7692E-4	4.49E-4	0.3810	-1.2836E-2	0.383	18.315	2130.700
194000000	0.1206	1.2346	0.1419	3.873E-2	4.3027	0.1615	0.2906	0.2694	0.2125	0.2846	0.2335	4.4727E-4	1.6529E-4	4.4223E-4	0.3625	3.0647E-2	0.224	18.791	2165.128
195000000	0.1336	1.2759	0.1416	3.6591E-2	4.2637	0.1487	0.2751	0.2662	0.2040	0.2921	0.2377	4.7807E-4	1.6487E-4	4.5954E-4	0.3498	-2.3943E-2	0.310	18.749	2091.974
196000000	0.1266	1.2073	0.1497	3.0932E-2	4.3263	0.1591	0.2811	0.2691	0.2028	0.2938	0.2344	4.5393E-4	1.6433E-4	4.299E-4	0.3602	-2.9408E-2	0.175	18.541	2176.881
197000000	0.1107	1.1697	0.1467	2.9927E-2	4.3954	0.1476	0.2945	0.2749	0.2041	0.2930	0.2280	4.5527E-4	1.6814E-4	4.4154E-4	0.3628	2.3201E-2	0.144	18.392	2196.188
198000000	0.1297	1.2318	0.1392	2.787E-2	4.3070	0.1645	0.2961	0.2752	0.2048	0.2788	0.2411	4.6888E-4	1.5318E-4	4.5705E-4	0.3279	-3.474E-2	0.275	18.667	2153.367
199000000	0.1225	1.2501	0.1472	2.9E-2	4.3081	0.1431	0.2973	0.2683	0.2067	0.2939	0.2311	4.6741E-4	1.7317E-4	4.5473E-4	0.3642	-1.6922E-2	0.319	18.279	2112.253
200000000	0.1135	1.2712	0.1659	3.5693E-2	4.2642	0.1494	0.2988	0.2711	0.2061	0.2940	0.2287	4.6503E-4	1.6826E-4	4.6003E-4	0.3486	-1.2251E-2	0.179	18.240	2118.350
