state	posterior	prior	likelihood	skygrid
1000000	-103168.026	-16202.306	-86965.720	-4395.965
2000000	-103106.497	-16131.738	-86974.759	-4325.671
3000000	-103274.530	-16305.194	-86969.336	-4498.253
4000000	-103092.268	-16137.322	-86954.946	-4330.521
5000000	-103297.868	-16382.929	-86914.939	-4575.867
6000000	-103056.115	-16088.735	-86967.380	-4282.822
7000000	-103071.025	-16127.855	-86943.171	-4322.224
8000000	-103247.192	-16302.123	-86945.069	-4494.773
9000000	-103242.764	-16261.298	-86981.467	-4455.032
10000000	-103274.588	-16302.897	-86971.691	-4496.715
11000000	-103263.119	-16238.238	-87024.881	-4431.372
12000000	-103181.915	-16262.995	-86918.921	-4456.111
13000000	-103146.717	-16154.535	-86992.183	-4348.988
14000000	-103287.266	-16293.912	-86993.355	-4487.430
15000000	-103255.498	-16272.182	-86983.316	-4465.257
16000000	-103191.337	-16201.496	-86989.841	-4395.040
17000000	-103321.847	-16336.433	-86985.415	-4528.598
18000000	-103200.334	-16282.189	-86918.144	-4475.433
19000000	-103223.970	-16290.253	-86933.717	-4483.647
20000000	-103268.153	-16261.302	-87006.850	-4454.235
21000000	-103131.468	-16154.378	-86977.090	-4347.521
22000000	-103202.313	-16136.302	-87066.011	-4330.378
23000000	-103132.793	-16198.962	-86933.831	-4392.221
24000000	-103050.719	-16106.799	-86943.920	-4300.303
25000000	-103026.738	-16071.020	-86955.718	-4264.584
26000000	-103031.774	-16107.549	-86924.226	-4301.675
27000000	-103082.527	-16115.560	-86966.968	-4308.915
28000000	-103044.669	-16106.547	-86938.122	-4300.148
29000000	-103048.573	-16107.506	-86941.067	-4301.314
30000000	-103098.592	-16091.586	-87007.007	-4285.500
31000000	-103068.112	-16068.715	-86999.397	-4262.248
32000000	-103274.682	-16259.657	-87015.024	-4452.389
33000000	-103253.426	-16275.082	-86978.344	-4467.850
34000000	-103134.060	-16123.988	-87010.072	-4317.239
35000000	-103117.620	-16163.692	-86953.928	-4356.976
36000000	-103114.505	-16119.301	-86995.204	-4312.663
37000000	-103264.367	-16289.697	-86974.670	-4482.817
38000000	-103118.725	-16181.335	-86937.389	-4374.830
39000000	-103094.444	-16180.423	-86914.021	-4374.066
40000000	-103170.288	-16179.757	-86990.530	-4372.952
41000000	-103236.555	-16198.729	-87037.826	-4391.703
42000000	-103090.395	-16158.309	-86932.086	-4352.163
43000000	-103452.846	-16395.105	-87057.741	-4587.746
44000000	-103277.412	-16319.821	-86957.591	-4511.943
45000000	-103295.200	-16269.290	-87025.911	-4461.946
46000000	-103269.836	-16317.850	-86951.986	-4510.417
47000000	-103109.580	-16172.675	-86936.904	-4365.766
48000000	-103197.611	-16248.962	-86948.650	-4442.287
49000000	-103206.607	-16280.730	-86925.877	-4474.705
50000000	-103230.835	-16230.043	-87000.792	-4423.318
51000000	-103235.516	-16299.396	-86936.119	-4492.520
52000000	-103228.587	-16247.414	-86981.173	-4440.514
53000000	-103135.346	-16160.960	-86974.387	-4354.140
54000000	-103233.643	-16275.264	-86958.378	-4468.592
55000000	-103123.188	-16174.904	-86948.284	-4368.649
56000000	-103205.618	-16252.714	-86952.903	-4446.095
57000000	-103093.650	-16166.179	-86927.471	-4359.646
58000000	-103118.146	-16177.461	-86940.686	-4372.117
59000000	-103102.488	-16181.499	-86920.988	-4375.024
60000000	-103080.108	-16103.715	-86976.393	-4297.439
61000000	-103051.082	-16045.739	-87005.343	-4239.683
62000000	-103046.098	-16058.470	-86987.628	-4251.971
63000000	-103112.712	-16148.230	-86964.483	-4341.740
64000000	-103113.803	-16128.638	-86985.165	-4322.452
65000000	-103033.112	-16096.286	-86936.825	-4289.958
66000000	-103205.909	-16278.411	-86927.499	-4471.430
67000000	-103079.443	-16156.382	-86923.060	-4350.208
68000000	-103260.682	-16313.555	-86947.127	-4506.707
69000000	-103053.101	-16115.179	-86937.923	-4308.572
70000000	-103158.368	-16245.914	-86912.454	-4439.520
71000000	-103015.230	-16083.959	-86931.271	-4277.279
72000000	-103117.444	-16204.592	-86912.852	-4398.674
73000000	-103309.771	-16331.445	-86978.326	-4524.612
74000000	-103234.470	-16249.383	-86985.087	-4443.437
75000000	-103293.183	-16389.462	-86903.722	-4582.119
76000000	-103321.382	-16339.022	-86982.360	-4533.161
77000000	-103306.473	-16353.085	-86953.388	-4546.844
78000000	-103306.018	-16332.924	-86973.094	-4526.728
79000000	-103301.697	-16322.244	-86979.453	-4515.153
80000000	-103221.171	-16276.830	-86944.341	-4470.288
81000000	-103236.835	-16276.394	-86960.442	-4469.494
82000000	-103263.798	-16338.775	-86925.023	-4531.550
83000000	-103257.954	-16326.089	-86931.865	-4518.525
84000000	-103274.052	-16287.163	-86986.889	-4480.794
85000000	-103170.419	-16233.165	-86937.254	-4426.581
86000000	-103210.170	-16241.765	-86968.405	-4435.185
87000000	-103072.323	-16103.319	-86969.004	-4296.835
88000000	-103191.156	-16224.417	-86966.739	-4418.195
89000000	-103309.718	-16342.418	-86967.299	-4535.460
90000000	-103192.216	-16232.328	-86959.888	-4425.574
91000000	-103199.222	-16205.018	-86994.204	-4398.100
92000000	-103145.177	-16210.174	-86935.004	-4403.685
93000000	-103254.777	-16248.961	-87005.816	-4441.937
94000000	-103084.164	-16114.971	-86969.193	-4308.285
95000000	-103402.081	-16423.655	-86978.426	-4616.608
96000000	-103367.144	-16393.667	-86973.476	-4586.716
97000000	-103221.147	-16263.736	-86957.411	-4456.634
98000000	-103242.556	-16266.949	-86975.607	-4460.236
99000000	-103131.040	-16140.793	-86990.247	-4334.644
100000000	-103127.323	-16168.257	-86959.065	-4362.452
101000000	-103140.034	-16207.059	-86932.975	-4400.567
102000000	-103283.054	-16288.071	-86994.982	-4481.824
103000000	-103212.704	-16300.083	-86912.622	-4493.485
104000000	-103206.620	-16290.845	-86915.775	-4483.976
105000000	-103349.120	-16355.141	-86993.980	-4548.221
106000000	-103210.413	-16340.062	-86870.351	-4532.796
107000000	-103230.097	-16234.410	-86995.687	-4427.901
108000000	-103294.355	-16321.853	-86972.502	-4514.479
109000000	-103399.877	-16413.756	-86986.121	-4606.802
110000000	-103187.933	-16212.602	-86975.332	-4406.511
111000000	-103264.885	-16298.423	-86966.462	-4491.667
112000000	-103261.433	-16327.540	-86933.894	-4520.649
113000000	-103005.100	-16100.292	-86904.808	-4293.061
114000000	-103142.465	-16215.553	-86926.911	-4408.755
115000000	-103100.948	-16160.255	-86940.693	-4354.076
116000000	-103193.984	-16227.748	-86966.236	-4421.187
117000000	-103178.152	-16236.415	-86941.737	-4430.129
118000000	-103265.510	-16293.883	-86971.627	-4487.194
119000000	-103266.064	-16292.496	-86973.568	-4486.229
120000000	-103129.378	-16125.236	-87004.143	-4318.903
121000000	-103165.186	-16219.822	-86945.365	-4413.761
122000000	-103109.125	-16207.698	-86901.427	-4401.233
123000000	-103114.268	-16181.151	-86933.117	-4374.780
124000000	-103084.470	-16143.197	-86941.274	-4336.130
125000000	-103126.116	-16238.067	-86888.049	-4430.952
126000000	-103102.995	-16207.193	-86895.802	-4400.728
127000000	-103104.939	-16160.981	-86943.958	-4354.857
128000000	-103224.908	-16266.415	-86958.493	-4459.364
129000000	-103199.565	-16321.945	-86877.620	-4514.843
130000000	-103271.164	-16301.505	-86969.658	-4494.282
131000000	-103092.781	-16188.308	-86904.474	-4381.507
132000000	-103055.196	-16087.080	-86968.116	-4280.379
133000000	-103221.509	-16235.233	-86986.276	-4428.629
134000000	-103034.407	-16056.710	-86977.696	-4250.626
135000000	-103155.272	-16234.025	-86921.247	-4427.789
136000000	-103141.366	-16201.750	-86939.616	-4395.109
137000000	-102992.029	-16093.952	-86898.077	-4287.140
138000000	-103150.003	-16205.200	-86944.803	-4399.091
139000000	-103024.398	-16126.211	-86898.187	-4319.396
140000000	-103165.953	-16206.446	-86959.507	-4399.770
141000000	-103035.631	-16112.726	-86922.905	-4306.370
142000000	-103197.916	-16207.347	-86990.569	-4400.421
143000000	-103306.819	-16334.510	-86972.310	-4527.170
144000000	-103234.936	-16310.229	-86924.707	-4503.480
145000000	-103114.695	-16174.705	-86939.990	-4367.871
146000000	-103087.720	-16107.748	-86979.972	-4301.563
147000000	-103051.911	-16060.441	-86991.470	-4254.204
148000000	-103168.542	-16218.250	-86950.292	-4411.547
149000000	-103119.281	-16184.079	-86935.202	-4377.234
150000000	-102994.109	-16131.074	-86863.035	-4324.837
151000000	-103130.970	-16176.734	-86954.235	-4371.227
152000000	-103179.108	-16205.115	-86973.993	-4398.187
153000000	-102939.859	-16004.937	-86934.922	-4199.455
154000000	-103119.520	-16208.344	-86911.176	-4402.503
155000000	-103303.632	-16320.317	-86983.315	-4513.519
156000000	-103288.779	-16315.069	-86973.710	-4508.492
157000000	-103339.499	-16341.691	-86997.809	-4534.515
158000000	-103140.082	-16211.070	-86929.012	-4404.998
159000000	-103160.584	-16250.678	-86909.906	-4444.549
160000000	-103229.981	-16283.201	-86946.780	-4476.594
161000000	-103179.516	-16218.555	-86960.962	-4411.711
162000000	-103032.701	-16103.460	-86929.242	-4296.453
163000000	-103126.139	-16149.790	-86976.348	-4342.895
164000000	-103041.443	-16108.333	-86933.110	-4301.647
165000000	-102921.078	-16030.668	-86890.410	-4224.712
166000000	-103040.427	-16116.665	-86923.763	-4310.865
167000000	-103224.392	-16233.148	-86991.244	-4426.061
168000000	-103128.133	-16192.735	-86935.399	-4385.796
169000000	-103148.731	-16118.855	-87029.876	-4312.983
170000000	-103177.164	-16200.353	-86976.810	-4394.009
171000000	-103175.316	-16268.668	-86906.647	-4461.501
172000000	-103021.537	-16089.110	-86932.428	-4282.805
173000000	-103131.470	-16211.973	-86919.497	-4406.259
174000000	-103209.767	-16348.178	-86861.590	-4541.506
175000000	-103224.520	-16282.326	-86942.194	-4475.520
176000000	-103174.078	-16264.053	-86910.026	-4457.596
177000000	-103151.775	-16182.162	-86969.613	-4375.393
178000000	-103240.580	-16286.613	-86953.967	-4479.759
179000000	-103269.987	-16296.101	-86973.886	-4489.269
180000000	-103247.766	-16328.548	-86919.219	-4522.003
181000000	-103183.292	-16183.287	-87000.006	-4376.710
182000000	-103086.588	-16125.930	-86960.658	-4319.581
183000000	-103266.260	-16312.196	-86954.065	-4505.136
184000000	-103169.168	-16220.103	-86949.065	-4412.856
185000000	-103240.781	-16267.558	-86973.223	-4460.705
186000000	-103083.085	-16200.888	-86882.197	-4394.137
187000000	-103196.928	-16249.515	-86947.413	-4442.630
188000000	-103188.331	-16219.525	-86968.806	-4412.672
189000000	-103249.606	-16249.457	-87000.149	-4443.266
190000000	-103125.362	-16212.028	-86913.334	-4405.089
191000000	-103111.272	-16166.324	-86944.947	-4360.330
192000000	-103229.670	-16285.597	-86944.073	-4479.007
193000000	-103135.131	-16278.774	-86856.357	-4471.927
194000000	-103327.060	-16337.187	-86989.872	-4530.574
195000000	-103326.477	-16322.161	-87004.316	-4515.589
196000000	-103333.811	-16367.644	-86966.168	-4560.894
197000000	-103274.009	-16273.032	-87000.977	-4466.518
198000000	-103172.427	-16248.061	-86924.366	-4440.781
199000000	-103106.047	-16178.151	-86927.896	-4371.624
200000000	-103274.949	-16298.918	-86976.031	-4493.613
