state	posterior	prior	likelihood	skygrid
1000000	-103067.979	-16153.683	-86914.296	-4347.882
2000000	-103156.083	-16175.283	-86980.800	-4369.152
3000000	-103213.408	-16253.605	-86959.804	-4447.800
4000000	-103244.631	-16297.365	-86947.266	-4490.888
5000000	-103267.765	-16344.651	-86923.115	-4537.601
6000000	-103267.365	-16283.502	-86983.863	-4476.229
7000000	-103182.314	-16217.193	-86965.121	-4411.259
8000000	-103079.134	-16102.743	-86976.391	-4296.395
9000000	-103065.616	-16114.278	-86951.339	-4308.704
10000000	-103228.061	-16238.698	-86989.364	-4431.461
11000000	-103335.871	-16336.568	-86999.304	-4529.147
12000000	-103265.192	-16287.959	-86977.233	-4480.679
13000000	-103304.435	-16354.440	-86949.996	-4547.626
14000000	-103201.529	-16277.564	-86923.965	-4471.650
15000000	-103253.573	-16297.109	-86956.464	-4490.359
16000000	-103075.248	-16100.500	-86974.748	-4294.639
17000000	-103230.275	-16279.136	-86951.139	-4472.236
18000000	-103161.287	-16195.672	-86965.615	-4389.228
19000000	-103186.259	-16201.725	-86984.534	-4395.519
20000000	-103128.823	-16149.611	-86979.212	-4343.423
21000000	-103333.983	-16350.565	-86983.418	-4543.891
22000000	-103164.027	-16226.950	-86937.076	-4420.705
23000000	-103357.610	-16378.005	-86979.606	-4571.152
24000000	-103261.081	-16252.391	-87008.690	-4445.805
25000000	-103119.077	-16214.580	-86904.497	-4408.721
26000000	-103165.295	-16221.434	-86943.861	-4414.975
27000000	-103164.095	-16242.859	-86921.236	-4437.565
28000000	-103481.742	-16533.353	-86948.389	-4726.475
29000000	-103340.770	-16400.488	-86940.282	-4593.786
30000000	-103360.494	-16367.565	-86992.928	-4560.476
31000000	-103231.420	-16315.374	-86916.046	-4508.672
32000000	-103190.866	-16269.875	-86920.990	-4463.719
33000000	-103207.240	-16247.721	-86959.520	-4440.757
34000000	-103221.768	-16273.693	-86948.075	-4467.129
35000000	-103075.554	-16131.406	-86944.148	-4325.464
36000000	-103315.308	-16401.371	-86913.937	-4594.482
37000000	-103306.165	-16381.756	-86924.409	-4574.721
38000000	-103396.128	-16493.659	-86902.469	-4686.219
39000000	-103260.686	-16352.292	-86908.394	-4545.766
40000000	-103124.106	-16204.805	-86919.301	-4399.327
41000000	-103307.789	-16332.581	-86975.208	-4525.887
42000000	-103273.054	-16344.375	-86928.679	-4537.310
43000000	-103334.717	-16358.630	-86976.087	-4551.735
44000000	-103229.818	-16283.413	-86946.405	-4477.029
45000000	-103161.907	-16272.466	-86889.441	-4466.337
46000000	-103185.141	-16245.940	-86939.201	-4439.539
47000000	-103046.137	-16146.494	-86899.643	-4340.427
48000000	-103276.290	-16345.749	-86930.541	-4538.700
49000000	-103391.689	-16474.503	-86917.186	-4667.452
50000000	-103287.992	-16314.561	-86973.431	-4508.767
51000000	-103352.462	-16354.406	-86998.056	-4547.533
52000000	-103327.558	-16392.560	-86934.998	-4585.766
53000000	-103270.714	-16373.084	-86897.631	-4566.627
54000000	-103208.716	-16297.419	-86911.297	-4491.437
55000000	-103269.667	-16352.088	-86917.580	-4544.516
56000000	-103173.223	-16228.989	-86944.234	-4423.026
57000000	-103236.187	-16302.274	-86933.913	-4496.092
58000000	-103316.166	-16359.973	-86956.193	-4553.174
59000000	-103220.005	-16262.031	-86957.974	-4455.264
60000000	-103349.593	-16368.345	-86981.248	-4561.676
61000000	-103120.341	-16168.057	-86952.285	-4362.629
62000000	-103213.091	-16329.540	-86883.551	-4523.918
63000000	-103202.061	-16268.496	-86933.565	-4461.914
64000000	-103241.366	-16273.225	-86968.141	-4466.942
65000000	-103336.480	-16329.815	-87006.666	-4522.315
66000000	-103346.972	-16349.361	-86997.611	-4542.561
67000000	-103251.046	-16354.875	-86896.171	-4548.481
68000000	-103259.170	-16330.097	-86929.073	-4523.670
69000000	-103286.367	-16403.419	-86882.947	-4596.636
70000000	-103221.188	-16253.861	-86967.327	-4447.012
71000000	-103191.489	-16273.775	-86917.714	-4467.020
72000000	-103164.361	-16241.965	-86922.396	-4435.841
73000000	-103236.868	-16238.675	-86998.193	-4432.108
74000000	-103246.345	-16253.304	-86993.042	-4446.532
75000000	-103254.717	-16289.326	-86965.391	-4482.327
76000000	-103209.816	-16243.862	-86965.954	-4437.446
77000000	-103180.231	-16191.340	-86988.891	-4384.990
78000000	-103198.703	-16258.590	-86940.114	-4452.246
79000000	-103197.791	-16243.295	-86954.496	-4436.943
80000000	-103138.907	-16272.128	-86866.779	-4465.235
81000000	-103266.972	-16316.828	-86950.144	-4509.834
82000000	-103233.307	-16300.762	-86932.545	-4493.526
83000000	-103057.634	-16125.657	-86931.977	-4319.064
84000000	-103257.683	-16262.366	-86995.317	-4455.722
85000000	-103245.684	-16299.794	-86945.890	-4492.456
86000000	-103245.872	-16267.405	-86978.467	-4460.514
87000000	-103097.993	-16156.685	-86941.308	-4349.976
88000000	-103154.845	-16265.157	-86889.688	-4459.015
89000000	-103247.962	-16230.295	-87017.667	-4423.419
90000000	-103197.007	-16263.588	-86933.418	-4456.929
91000000	-103233.531	-16280.953	-86952.578	-4473.581
92000000	-103254.243	-16317.875	-86936.368	-4511.189
93000000	-103350.054	-16353.531	-86996.522	-4546.448
94000000	-103256.106	-16269.245	-86986.861	-4462.175
95000000	-103182.423	-16227.955	-86954.468	-4421.211
96000000	-103331.436	-16339.133	-86992.304	-4532.476
97000000	-103173.121	-16193.886	-86979.235	-4387.800
98000000	-103227.409	-16237.471	-86989.938	-4430.195
99000000	-103175.969	-16228.651	-86947.318	-4421.725
100000000	-103056.350	-16130.913	-86925.437	-4325.055
101000000	-103237.448	-16291.373	-86946.074	-4484.127
102000000	-103243.345	-16312.148	-86931.197	-4505.928
103000000	-103072.469	-16111.944	-86960.526	-4305.957
104000000	-103085.354	-16104.929	-86980.425	-4299.444
105000000	-103191.811	-16263.463	-86928.348	-4457.219
106000000	-103080.462	-16158.742	-86921.720	-4352.504
107000000	-103164.180	-16184.497	-86979.684	-4377.523
108000000	-103093.453	-16134.327	-86959.126	-4327.923
109000000	-103106.179	-16106.267	-86999.912	-4299.510
110000000	-103002.676	-16064.367	-86938.309	-4258.288
111000000	-103202.117	-16239.160	-86962.958	-4432.544
112000000	-103202.847	-16224.782	-86978.065	-4418.173
113000000	-103370.669	-16409.704	-86960.965	-4601.922
114000000	-103231.859	-16286.374	-86945.485	-4479.872
115000000	-103108.754	-16200.978	-86907.776	-4393.691
116000000	-103223.908	-16299.713	-86924.195	-4492.219
117000000	-103178.677	-16255.711	-86922.966	-4449.064
118000000	-103276.794	-16328.001	-86948.792	-4521.238
119000000	-103055.952	-16063.185	-86992.767	-4256.994
120000000	-103108.917	-16192.579	-86916.337	-4385.701
121000000	-103202.050	-16200.642	-87001.409	-4394.242
122000000	-103080.186	-16102.588	-86977.599	-4296.721
123000000	-103158.216	-16163.567	-86994.648	-4356.780
124000000	-103043.645	-16162.342	-86881.303	-4355.842
125000000	-103254.966	-16304.514	-86950.451	-4498.178
126000000	-103153.420	-16229.777	-86923.643	-4423.042
127000000	-103264.927	-16280.678	-86984.249	-4473.735
128000000	-103143.718	-16127.549	-87016.169	-4321.618
129000000	-103164.525	-16259.656	-86904.869	-4453.355
130000000	-103288.598	-16306.858	-86981.739	-4500.468
131000000	-103254.615	-16284.394	-86970.221	-4477.428
132000000	-103313.308	-16340.976	-86972.332	-4534.536
133000000	-103266.956	-16283.428	-86983.529	-4476.848
134000000	-103211.459	-16314.882	-86896.576	-4507.226
135000000	-103216.257	-16244.503	-86971.754	-4437.684
136000000	-103225.335	-16305.976	-86919.359	-4499.438
137000000	-103250.500	-16280.799	-86969.701	-4474.408
138000000	-103241.422	-16251.263	-86990.160	-4443.693
139000000	-103209.858	-16253.310	-86956.548	-4447.741
140000000	-103093.143	-16188.580	-86904.562	-4382.280
141000000	-103141.484	-16231.545	-86909.939	-4424.298
142000000	-103027.777	-16110.119	-86917.658	-4304.413
143000000	-103133.138	-16183.193	-86949.945	-4376.646
144000000	-103157.597	-16134.733	-87022.864	-4328.252
145000000	-103243.390	-16295.049	-86948.342	-4487.937
146000000	-103141.319	-16185.499	-86955.820	-4378.799
147000000	-103145.480	-16182.859	-86962.622	-4376.668
148000000	-103279.162	-16326.285	-86952.877	-4519.510
149000000	-103156.395	-16264.919	-86891.476	-4459.456
150000000	-103114.891	-16145.662	-86969.229	-4339.168
151000000	-103206.178	-16242.901	-86963.277	-4436.038
152000000	-103252.674	-16282.575	-86970.099	-4475.752
153000000	-103148.002	-16170.142	-86977.860	-4364.134
154000000	-103215.232	-16239.739	-86975.493	-4433.332
155000000	-103099.387	-16183.140	-86916.247	-4376.057
156000000	-103213.484	-16219.655	-86993.828	-4413.593
157000000	-103221.477	-16257.446	-86964.031	-4450.878
158000000	-103117.221	-16204.159	-86913.062	-4397.212
159000000	-103231.857	-16295.160	-86936.697	-4487.997
160000000	-103336.091	-16382.148	-86953.943	-4574.218
161000000	-103201.885	-16333.398	-86868.487	-4526.442
162000000	-103129.479	-16199.127	-86930.353	-4392.672
163000000	-103240.398	-16279.866	-86960.532	-4472.759
164000000	-103220.637	-16293.852	-86926.786	-4487.269
165000000	-103344.453	-16411.812	-86932.641	-4604.812
166000000	-103361.647	-16395.872	-86965.775	-4588.760
167000000	-103156.853	-16261.103	-86895.750	-4454.561
168000000	-103202.389	-16224.825	-86977.564	-4418.936
169000000	-103068.210	-16195.879	-86872.331	-4389.755
170000000	-103334.581	-16387.656	-86946.925	-4580.681
171000000	-103237.769	-16297.317	-86940.453	-4489.997
172000000	-103285.750	-16334.488	-86951.262	-4527.469
173000000	-103289.874	-16332.801	-86957.073	-4526.389
174000000	-103107.595	-16186.102	-86921.493	-4379.325
175000000	-103259.242	-16347.418	-86911.824	-4540.867
176000000	-103181.339	-16300.925	-86880.415	-4493.673
177000000	-103243.581	-16290.646	-86952.935	-4483.080
178000000	-103187.124	-16271.140	-86915.984	-4464.691
179000000	-103151.583	-16138.239	-87013.344	-4331.545
180000000	-103188.176	-16210.857	-86977.318	-4403.608
181000000	-103184.648	-16261.276	-86923.372	-4454.467
182000000	-103069.560	-16144.797	-86924.763	-4338.464
183000000	-103098.912	-16140.951	-86957.961	-4334.937
184000000	-103144.977	-16192.778	-86952.199	-4385.806
185000000	-103078.728	-16104.657	-86974.070	-4297.840
186000000	-102960.182	-16023.504	-86936.678	-4217.080
187000000	-103129.905	-16159.461	-86970.443	-4353.140
188000000	-103246.720	-16257.742	-86988.978	-4451.424
189000000	-103064.416	-16154.116	-86910.300	-4348.430
190000000	-103288.165	-16362.156	-86926.009	-4555.946
191000000	-103264.966	-16268.024	-86996.942	-4461.463
192000000	-103365.006	-16353.318	-87011.688	-4546.374
193000000	-103251.642	-16256.181	-86995.460	-4449.423
194000000	-103112.816	-16183.828	-86928.988	-4377.753
195000000	-103242.448	-16266.004	-86976.444	-4458.784
196000000	-103229.327	-16223.676	-87005.652	-4416.786
197000000	-103050.964	-16078.416	-86972.549	-4272.148
198000000	-103203.545	-16217.281	-86986.265	-4410.797
199000000	-103096.151	-16177.632	-86918.519	-4371.368
200000000	-103233.326	-16250.248	-86983.077	-4443.405
201000000	-103040.177	-16102.627	-86937.550	-4296.400
202000000	-103261.176	-16305.077	-86956.099	-4498.338
203000000	-103093.403	-16137.865	-86955.537	-4331.946
204000000	-103187.383	-16204.054	-86983.329	-4397.791
205000000	-103162.142	-16228.173	-86933.968	-4421.425
206000000	-103178.717	-16182.335	-86996.382	-4375.857
207000000	-103180.976	-16273.217	-86907.759	-4466.059
208000000	-103158.112	-16229.766	-86928.346	-4422.790
209000000	-103177.826	-16261.336	-86916.490	-4455.122
210000000	-103230.210	-16316.040	-86914.171	-4509.597
211000000	-103244.230	-16310.002	-86934.228	-4503.256
212000000	-103264.691	-16304.762	-86959.929	-4497.888
213000000	-103133.029	-16181.930	-86951.099	-4375.432
214000000	-103083.062	-16180.816	-86902.246	-4374.004
215000000	-103232.456	-16295.609	-86936.848	-4488.201
216000000	-103230.288	-16281.899	-86948.389	-4475.278
217000000	-103177.284	-16229.716	-86947.568	-4423.646
218000000	-103176.907	-16186.970	-86989.937	-4380.035
219000000	-103136.797	-16189.462	-86947.335	-4383.259
220000000	-103189.762	-16237.625	-86952.138	-4430.257
221000000	-103101.287	-16160.887	-86940.399	-4354.245
222000000	-103155.356	-16227.074	-86928.282	-4420.574
223000000	-103259.117	-16282.986	-86976.131	-4475.822
224000000	-103185.195	-16280.801	-86904.395	-4473.646
225000000	-103190.793	-16243.847	-86946.947	-4437.500
226000000	-103130.060	-16149.616	-86980.443	-4342.662
227000000	-103247.104	-16261.295	-86985.809	-4454.070
228000000	-103120.311	-16207.826	-86912.485	-4400.849
229000000	-103091.551	-16116.277	-86975.274	-4310.343
230000000	-102985.194	-16060.709	-86924.485	-4254.824
231000000	-103065.753	-16073.487	-86992.266	-4267.061
232000000	-103100.571	-16138.368	-86962.203	-4332.208
233000000	-103216.055	-16260.119	-86955.936	-4453.221
234000000	-103157.756	-16227.165	-86930.590	-4419.873
235000000	-103075.187	-16132.999	-86942.188	-4326.650
236000000	-103412.950	-16406.442	-87006.508	-4599.674
237000000	-103132.554	-16249.331	-86883.223	-4443.109
238000000	-103411.182	-16493.454	-86917.728	-4685.689
239000000	-103282.312	-16338.953	-86943.360	-4531.738
240000000	-103124.708	-16194.487	-86930.221	-4388.051
241000000	-103114.952	-16186.804	-86928.147	-4380.403
242000000	-103111.414	-16259.711	-86851.703	-4452.972
243000000	-103144.778	-16238.854	-86905.924	-4431.951
244000000	-103305.923	-16330.925	-86974.998	-4523.691
245000000	-103351.733	-16336.343	-87015.390	-4529.120
246000000	-103161.320	-16215.338	-86945.982	-4408.992
247000000	-103164.225	-16191.812	-86972.414	-4385.700
248000000	-103116.364	-16160.728	-86955.635	-4354.939
249000000	-103203.386	-16243.699	-86959.687	-4436.954
250000000	-103113.662	-16202.284	-86911.378	-4395.779
251000000	-103181.303	-16260.478	-86920.825	-4453.326
252000000	-102989.122	-16102.762	-86886.360	-4296.138
253000000	-103257.560	-16250.713	-87006.847	-4444.373
254000000	-103078.366	-16133.562	-86944.804	-4327.542
255000000	-103087.043	-16128.752	-86958.291	-4322.557
256000000	-103259.119	-16321.981	-86937.138	-4514.782
257000000	-103171.034	-16262.211	-86908.823	-4455.619
258000000	-103218.464	-16278.370	-86940.094	-4471.364
259000000	-103076.611	-16184.814	-86891.797	-4378.230
260000000	-103133.203	-16225.673	-86907.531	-4418.940
261000000	-103315.662	-16366.450	-86949.212	-4559.422
262000000	-103282.561	-16293.766	-86988.795	-4487.936
263000000	-103215.635	-16231.017	-86984.618	-4424.233
264000000	-103164.460	-16187.172	-86977.288	-4380.566
265000000	-103156.527	-16218.904	-86937.623	-4411.855
266000000	-103053.048	-16165.667	-86887.381	-4359.646
267000000	-103080.055	-16130.402	-86949.652	-4324.709
268000000	-103093.691	-16166.585	-86927.107	-4361.050
269000000	-103115.428	-16192.458	-86922.970	-4386.682
270000000	-103109.072	-16196.142	-86912.930	-4390.275
271000000	-103148.665	-16178.316	-86970.350	-4372.665
272000000	-103148.118	-16162.992	-86985.126	-4357.106
273000000	-103141.540	-16196.743	-86944.797	-4390.541
274000000	-103124.072	-16197.675	-86926.397	-4390.961
275000000	-103202.160	-16188.157	-87014.004	-4380.949
276000000	-103081.885	-16147.400	-86934.485	-4340.817
277000000	-103174.202	-16221.382	-86952.820	-4414.707
278000000	-103163.963	-16202.882	-86961.082	-4396.877
279000000	-103064.924	-16103.311	-86961.613	-4297.156
280000000	-103167.632	-16188.305	-86979.327	-4381.983
281000000	-103244.061	-16304.818	-86939.243	-4497.776
282000000	-103217.011	-16271.218	-86945.794	-4464.605
283000000	-103331.681	-16352.530	-86979.152	-4545.699
284000000	-103274.063	-16344.059	-86930.004	-4536.987
285000000	-103244.251	-16329.929	-86914.322	-4522.686
286000000	-103332.389	-16405.025	-86927.364	-4598.004
287000000	-103272.562	-16324.432	-86948.131	-4517.889
288000000	-103311.853	-16365.683	-86946.170	-4559.576
289000000	-103258.808	-16296.147	-86962.661	-4489.721
290000000	-103131.350	-16185.434	-86945.916	-4378.705
291000000	-103090.649	-16189.657	-86900.992	-4382.992
292000000	-103298.742	-16354.960	-86943.782	-4548.119
293000000	-103297.353	-16346.368	-86950.985	-4539.652
294000000	-103184.265	-16262.897	-86921.368	-4456.951
295000000	-103164.591	-16228.404	-86936.187	-4422.356
296000000	-103217.713	-16267.760	-86949.953	-4461.752
297000000	-103245.680	-16320.803	-86924.876	-4514.169
298000000	-103220.591	-16288.732	-86931.858	-4482.852
299000000	-103354.052	-16410.552	-86943.499	-4604.367
300000000	-103239.569	-16323.406	-86916.163	-4517.207
301000000	-103187.892	-16246.114	-86941.779	-4439.462
302000000	-103215.697	-16244.256	-86971.441	-4437.579
303000000	-103182.773	-16191.671	-86991.102	-4385.518
304000000	-103180.888	-16197.594	-86983.294	-4391.141
305000000	-103118.789	-16206.684	-86912.105	-4400.029
306000000	-103196.567	-16283.918	-86912.649	-4477.181
307000000	-103122.371	-16176.255	-86946.116	-4369.323
308000000	-103163.949	-16187.138	-86976.811	-4380.941
309000000	-103149.661	-16258.823	-86890.839	-4451.734
310000000	-103191.151	-16225.663	-86965.487	-4419.119
311000000	-103167.129	-16233.490	-86933.639	-4426.916
312000000	-103290.440	-16347.689	-86942.751	-4540.619
313000000	-103112.620	-16165.161	-86947.459	-4359.207
314000000	-103170.334	-16247.001	-86923.332	-4440.869
315000000	-103138.471	-16250.953	-86887.519	-4444.787
316000000	-103097.753	-16167.446	-86930.307	-4361.327
317000000	-103203.758	-16259.489	-86944.269	-4452.923
318000000	-103266.838	-16329.062	-86937.777	-4521.509
319000000	-103206.441	-16188.970	-87017.471	-4382.780
320000000	-103110.750	-16180.228	-86930.522	-4374.037
321000000	-103128.274	-16223.285	-86904.989	-4416.339
322000000	-103176.568	-16216.767	-86959.801	-4410.884
323000000	-103148.064	-16212.843	-86935.221	-4406.052
324000000	-103220.028	-16268.631	-86951.397	-4461.711
325000000	-103174.847	-16219.205	-86955.642	-4412.423
326000000	-103151.856	-16224.369	-86927.488	-4416.618
327000000	-103319.184	-16336.343	-86982.841	-4529.285
328000000	-103197.277	-16298.118	-86899.159	-4491.845
329000000	-103098.183	-16173.958	-86924.226	-4367.460
330000000	-103221.213	-16177.374	-87043.838	-4370.321
331000000	-103082.088	-16107.567	-86974.522	-4300.918
332000000	-103182.407	-16178.101	-87004.306	-4371.217
333000000	-103136.511	-16158.922	-86977.589	-4352.064
334000000	-103215.606	-16239.929	-86975.677	-4433.027
335000000	-103153.353	-16205.580	-86947.773	-4400.062
336000000	-103137.302	-16207.444	-86929.858	-4401.461
337000000	-103099.160	-16171.318	-86927.842	-4364.862
338000000	-103284.150	-16338.841	-86945.310	-4531.905
339000000	-103234.878	-16255.293	-86979.586	-4448.932
340000000	-103144.093	-16180.653	-86963.439	-4375.325
341000000	-103221.668	-16227.184	-86994.483	-4420.486
342000000	-103137.331	-16160.167	-86977.164	-4353.955
343000000	-103000.218	-16085.046	-86915.171	-4279.645
344000000	-103122.207	-16189.054	-86933.153	-4383.109
345000000	-103153.835	-16247.717	-86906.118	-4441.383
346000000	-103099.924	-16169.102	-86930.822	-4362.446
347000000	-103282.544	-16316.247	-86966.298	-4509.481
348000000	-103270.442	-16355.230	-86915.212	-4547.682
349000000	-103072.507	-16147.627	-86924.880	-4341.510
350000000	-103180.302	-16219.855	-86960.447	-4413.426
351000000	-103131.516	-16209.252	-86922.264	-4402.927
352000000	-103100.347	-16155.707	-86944.640	-4349.212
353000000	-103171.122	-16264.542	-86906.580	-4457.808
354000000	-103230.729	-16296.271	-86934.457	-4489.085
355000000	-103137.210	-16194.771	-86942.439	-4388.392
356000000	-103124.002	-16179.507	-86944.495	-4373.681
357000000	-103123.950	-16195.886	-86928.064	-4390.060
358000000	-103192.770	-16270.535	-86922.235	-4463.438
359000000	-103061.727	-16088.862	-86972.865	-4283.102
360000000	-103284.227	-16306.161	-86978.066	-4499.516
361000000	-103192.027	-16262.029	-86929.998	-4455.593
362000000	-103134.623	-16201.462	-86933.161	-4395.368
363000000	-103061.950	-16169.147	-86892.803	-4362.744
364000000	-103207.749	-16245.034	-86962.715	-4438.473
365000000	-103148.524	-16190.118	-86958.407	-4383.565
366000000	-103133.114	-16184.667	-86948.446	-4377.965
367000000	-103038.288	-16141.378	-86896.911	-4335.030
368000000	-103186.835	-16212.159	-86974.677	-4404.939
369000000	-103061.372	-16114.289	-86947.083	-4308.230
370000000	-103116.032	-16173.314	-86942.718	-4366.902
371000000	-103151.635	-16156.969	-86994.665	-4350.385
372000000	-103070.773	-16086.916	-86983.857	-4280.741
373000000	-103152.464	-16190.900	-86961.564	-4383.828
374000000	-103126.080	-16182.651	-86943.429	-4375.967
375000000	-103230.078	-16247.599	-86982.479	-4440.978
376000000	-103149.022	-16247.926	-86901.096	-4441.526
377000000	-103269.233	-16288.510	-86980.723	-4481.861
378000000	-103311.595	-16358.459	-86953.136	-4551.923
379000000	-103188.027	-16275.569	-86912.457	-4469.336
380000000	-103265.631	-16285.224	-86980.407	-4479.083
381000000	-103364.208	-16414.253	-86949.955	-4607.509
382000000	-103342.606	-16355.177	-86987.429	-4548.349
383000000	-103282.567	-16284.521	-86998.046	-4478.083
384000000	-103195.768	-16257.207	-86938.561	-4451.299
385000000	-103239.686	-16325.682	-86914.004	-4519.118
386000000	-103311.326	-16338.140	-86973.186	-4530.811
387000000	-103238.760	-16294.700	-86944.061	-4487.956
388000000	-103202.907	-16286.207	-86916.699	-4478.973
389000000	-103254.034	-16256.116	-86997.918	-4449.299
390000000	-103279.684	-16320.311	-86959.373	-4513.463
391000000	-103205.238	-16263.823	-86941.415	-4456.976
392000000	-103161.960	-16212.967	-86948.993	-4406.275
393000000	-103076.428	-16095.245	-86981.183	-4289.055
394000000	-103128.027	-16136.322	-86991.704	-4330.281
395000000	-103132.596	-16168.281	-86964.315	-4361.488
396000000	-103192.849	-16250.028	-86942.822	-4443.750
397000000	-103258.630	-16224.236	-87034.394	-4417.045
398000000	-103137.198	-16101.643	-87035.554	-4295.680
399000000	-103127.213	-16243.808	-86883.405	-4436.908
400000000	-103255.242	-16302.924	-86952.318	-4495.633
401000000	-103192.602	-16196.783	-86995.819	-4390.264
402000000	-103215.928	-16246.021	-86969.907	-4439.923
403000000	-103187.809	-16253.456	-86934.353	-4447.037
404000000	-103121.714	-16201.673	-86920.041	-4395.561
405000000	-103278.256	-16293.940	-86984.316	-4487.103
406000000	-103157.139	-16160.849	-86996.289	-4353.972
407000000	-103127.070	-16209.607	-86917.463	-4403.426
408000000	-103214.703	-16312.585	-86902.118	-4505.953
409000000	-103228.560	-16331.154	-86897.406	-4524.395
410000000	-103150.398	-16196.176	-86954.221	-4390.286
411000000	-103256.137	-16344.255	-86911.883	-4537.399
412000000	-103120.841	-16229.595	-86891.247	-4423.276
413000000	-103226.355	-16287.600	-86938.754	-4480.778
414000000	-103197.626	-16298.126	-86899.500	-4492.000
415000000	-103153.116	-16207.166	-86945.950	-4400.657
416000000	-103105.973	-16212.335	-86893.639	-4405.504
417000000	-103371.051	-16403.963	-86967.088	-4596.453
418000000	-103274.807	-16278.486	-86996.321	-4472.399
419000000	-103395.004	-16406.368	-86988.637	-4599.815
420000000	-103199.952	-16250.243	-86949.709	-4444.422
421000000	-103223.222	-16280.445	-86942.777	-4473.543
422000000	-103171.303	-16213.670	-86957.633	-4407.710
423000000	-103176.557	-16204.214	-86972.343	-4397.522
424000000	-103273.034	-16366.475	-86906.559	-4559.465
425000000	-103312.986	-16369.506	-86943.479	-4562.347
426000000	-103170.414	-16223.961	-86946.454	-4417.778
427000000	-103177.935	-16248.521	-86929.414	-4441.566
428000000	-103134.578	-16198.741	-86935.837	-4392.835
429000000	-103289.153	-16339.646	-86949.507	-4532.742
430000000	-103195.110	-16241.356	-86953.754	-4435.415
431000000	-103118.540	-16189.684	-86928.856	-4383.544
432000000	-103350.324	-16356.434	-86993.890	-4548.249
433000000	-103160.413	-16171.191	-86989.222	-4364.981
434000000	-103192.357	-16244.006	-86948.350	-4437.108
435000000	-103119.041	-16197.966	-86921.074	-4391.231
436000000	-103228.847	-16315.829	-86913.018	-4509.358
437000000	-103211.724	-16245.279	-86966.445	-4439.200
438000000	-103301.571	-16393.976	-86907.595	-4586.741
439000000	-103214.664	-16291.948	-86922.716	-4485.732
440000000	-103239.227	-16273.501	-86965.726	-4466.900
441000000	-103149.790	-16274.969	-86874.821	-4468.451
442000000	-103200.196	-16295.655	-86904.541	-4488.867
443000000	-103179.497	-16247.067	-86932.430	-4441.278
444000000	-103044.959	-16136.361	-86908.598	-4330.029
445000000	-103161.243	-16237.009	-86924.234	-4431.045
446000000	-103283.363	-16331.963	-86951.400	-4524.756
447000000	-103312.321	-16361.363	-86950.958	-4554.161
448000000	-103117.595	-16169.108	-86948.487	-4362.285
449000000	-103129.033	-16167.966	-86961.066	-4360.661
450000000	-103126.513	-16192.110	-86934.404	-4384.904
451000000	-103100.351	-16102.749	-86997.603	-4296.390
452000000	-103084.497	-16193.919	-86890.577	-4387.315
453000000	-103308.098	-16342.947	-86965.150	-4535.923
454000000	-103231.797	-16291.842	-86939.955	-4485.045
455000000	-103394.110	-16440.657	-86953.453	-4633.255
456000000	-103161.683	-16167.901	-86993.782	-4362.368
457000000	-103305.901	-16374.808	-86931.093	-4568.184
458000000	-103193.073	-16244.297	-86948.777	-4437.351
459000000	-103139.719	-16109.681	-87030.038	-4304.008
460000000	-103296.031	-16358.342	-86937.689	-4551.594
461000000	-103237.476	-16241.088	-86996.388	-4434.723
462000000	-103176.432	-16229.779	-86946.653	-4423.918
463000000	-103369.477	-16369.809	-86999.668	-4562.184
464000000	-103271.874	-16355.978	-86915.895	-4548.824
465000000	-103185.843	-16278.623	-86907.220	-4471.632
466000000	-103200.244	-16241.243	-86959.002	-4434.298
467000000	-103132.870	-16213.489	-86919.381	-4407.041
468000000	-103279.751	-16287.576	-86992.175	-4481.715
469000000	-103309.319	-16358.686	-86950.633	-4551.952
470000000	-103142.994	-16239.806	-86903.189	-4433.636
471000000	-103270.470	-16336.963	-86933.507	-4530.041
472000000	-103085.679	-16184.263	-86901.417	-4377.463
473000000	-103098.258	-16216.021	-86882.237	-4409.381
474000000	-103125.850	-16144.331	-86981.519	-4338.077
475000000	-103141.719	-16188.877	-86952.842	-4382.834
476000000	-103110.610	-16208.934	-86901.676	-4402.969
477000000	-103170.912	-16240.161	-86930.751	-4433.192
478000000	-103082.476	-16166.979	-86915.497	-4360.713
479000000	-103092.592	-16187.703	-86904.889	-4380.600
480000000	-103068.319	-16127.286	-86941.033	-4320.939
481000000	-103216.978	-16262.345	-86954.632	-4456.064
482000000	-103200.133	-16200.003	-87000.130	-4393.401
483000000	-103146.708	-16166.224	-86980.484	-4359.629
484000000	-103115.167	-16157.707	-86957.460	-4351.476
485000000	-103026.557	-16111.631	-86914.927	-4305.535
486000000	-103132.405	-16156.941	-86975.464	-4350.108
487000000	-103170.370	-16201.039	-86969.332	-4394.576
488000000	-103141.226	-16149.310	-86991.915	-4342.496
489000000	-103137.451	-16180.080	-86957.372	-4373.909
490000000	-103061.148	-16137.370	-86923.778	-4330.620
491000000	-103033.466	-16120.479	-86912.987	-4313.390
492000000	-103156.409	-16208.544	-86947.866	-4402.461
493000000	-103077.822	-16107.284	-86970.538	-4300.816
494000000	-103206.382	-16272.412	-86933.971	-4465.558
495000000	-103227.410	-16291.445	-86935.965	-4484.515
496000000	-103190.235	-16245.341	-86944.893	-4438.875
497000000	-103163.694	-16237.316	-86926.377	-4430.878
498000000	-103235.756	-16269.622	-86966.135	-4462.453
499000000	-103227.758	-16229.902	-86997.856	-4423.359
500000000	-103132.768	-16180.353	-86952.415	-4374.263
501000000	-103256.372	-16331.167	-86925.204	-4524.121
502000000	-103180.215	-16237.818	-86942.397	-4430.828
503000000	-103040.828	-16149.493	-86891.334	-4343.219
504000000	-103161.616	-16237.287	-86924.328	-4430.197
505000000	-103311.857	-16345.227	-86966.630	-4538.297
506000000	-103182.514	-16228.416	-86954.098	-4421.971
507000000	-103336.197	-16325.861	-87010.336	-4518.740
508000000	-103186.264	-16242.865	-86943.399	-4436.615
509000000	-103060.890	-16121.001	-86939.890	-4315.045
510000000	-103218.477	-16271.497	-86946.980	-4464.498
511000000	-103107.125	-16217.832	-86889.293	-4410.810
512000000	-103182.077	-16240.106	-86941.971	-4433.162
513000000	-103329.856	-16395.320	-86934.536	-4588.283
514000000	-103322.914	-16378.682	-86944.232	-4571.322
515000000	-103141.005	-16290.179	-86850.827	-4483.882
516000000	-103208.730	-16306.698	-86902.033	-4499.725
517000000	-103311.143	-16289.518	-87021.625	-4482.936
518000000	-103215.967	-16296.334	-86919.633	-4489.604
519000000	-103247.752	-16304.932	-86942.820	-4498.287
520000000	-103246.214	-16301.904	-86944.311	-4495.736
521000000	-103212.228	-16319.975	-86892.253	-4513.492
522000000	-103275.439	-16317.618	-86957.822	-4510.373
523000000	-103408.877	-16428.373	-86980.504	-4620.869
524000000	-103277.638	-16316.798	-86960.841	-4509.730
525000000	-103291.164	-16314.074	-86977.090	-4506.758
526000000	-103178.971	-16204.357	-86974.615	-4397.916
527000000	-103203.687	-16301.851	-86901.836	-4495.222
528000000	-103136.116	-16219.722	-86916.395	-4413.254
529000000	-103146.652	-16217.817	-86928.836	-4411.126
530000000	-103109.714	-16185.291	-86924.423	-4378.935
531000000	-103287.555	-16292.129	-86995.426	-4485.114
532000000	-103159.078	-16219.877	-86939.201	-4413.574
533000000	-103121.035	-16164.445	-86956.590	-4358.378
534000000	-103184.747	-16216.612	-86968.135	-4409.810
535000000	-103181.080	-16247.659	-86933.421	-4440.342
536000000	-103190.460	-16150.560	-87039.899	-4343.711
537000000	-103269.409	-16241.040	-87028.369	-4434.358
538000000	-103114.198	-16176.409	-86937.789	-4369.770
539000000	-103057.643	-16097.781	-86959.862	-4291.017
540000000	-103068.584	-16082.020	-86986.564	-4275.363
541000000	-103057.644	-16077.876	-86979.767	-4271.603
542000000	-103159.391	-16147.567	-87011.824	-4340.630
543000000	-103151.191	-16254.957	-86896.234	-4447.959
544000000	-103128.502	-16226.401	-86902.101	-4420.223
545000000	-103306.338	-16360.006	-86946.333	-4552.693
546000000	-103212.576	-16269.983	-86942.593	-4463.329
547000000	-103221.962	-16266.158	-86955.804	-4459.578
548000000	-103213.453	-16251.424	-86962.029	-4444.831
549000000	-103135.840	-16169.568	-86966.272	-4362.557
550000000	-103098.261	-16164.091	-86934.170	-4357.482
551000000	-102960.752	-16051.349	-86909.402	-4245.548
552000000	-103079.436	-16120.757	-86958.679	-4314.443
553000000	-103053.046	-16093.545	-86959.500	-4287.199
554000000	-103108.110	-16148.822	-86959.289	-4342.728
555000000	-103170.280	-16161.157	-87009.123	-4354.174
556000000	-103323.498	-16351.275	-86972.223	-4544.146
557000000	-103361.540	-16391.505	-86970.035	-4584.087
558000000	-103250.647	-16286.774	-86963.873	-4479.651
559000000	-103115.701	-16180.722	-86934.978	-4373.996
560000000	-103277.659	-16290.031	-86987.628	-4483.262
561000000	-103019.298	-16026.631	-86992.666	-4220.412
562000000	-102992.965	-16013.192	-86979.773	-4207.055
563000000	-103099.361	-16181.659	-86917.702	-4375.461
564000000	-103108.598	-16181.454	-86927.144	-4374.784
565000000	-103121.097	-16144.203	-86976.894	-4337.519
566000000	-103137.934	-16159.612	-86978.322	-4353.088
567000000	-103086.424	-16160.336	-86926.087	-4353.768
568000000	-103122.352	-16155.058	-86967.294	-4348.230
569000000	-103277.815	-16259.168	-87018.647	-4452.011
570000000	-103261.247	-16243.292	-87017.955	-4436.800
571000000	-103040.479	-16107.671	-86932.809	-4302.140
572000000	-103206.192	-16262.805	-86943.387	-4455.458
573000000	-103234.105	-16305.132	-86928.973	-4498.143
574000000	-103252.837	-16322.236	-86930.601	-4515.250
575000000	-103153.089	-16226.334	-86926.756	-4419.246
576000000	-103039.985	-16036.679	-87003.306	-4230.761
577000000	-103045.946	-16082.358	-86963.588	-4275.879
578000000	-103154.264	-16172.697	-86981.567	-4365.476
579000000	-103030.817	-16028.482	-87002.334	-4221.773
580000000	-103121.048	-16159.069	-86961.979	-4352.175
581000000	-103118.804	-16192.001	-86926.803	-4385.101
582000000	-103131.593	-16182.405	-86949.188	-4375.763
583000000	-103130.499	-16181.693	-86948.806	-4375.196
584000000	-103187.051	-16230.304	-86956.747	-4423.939
585000000	-103285.808	-16348.352	-86937.456	-4541.866
586000000	-103275.210	-16324.372	-86950.838	-4517.325
587000000	-103150.629	-16239.728	-86910.902	-4433.273
588000000	-103198.067	-16268.286	-86929.780	-4462.382
589000000	-103287.771	-16332.117	-86955.654	-4525.819
590000000	-103202.425	-16203.947	-86998.477	-4396.965
591000000	-103227.132	-16315.678	-86911.455	-4508.682
592000000	-103286.045	-16332.174	-86953.871	-4525.661
593000000	-103325.223	-16365.631	-86959.592	-4558.657
594000000	-103223.677	-16258.221	-86965.455	-4452.931
595000000	-103298.853	-16273.747	-87025.106	-4466.379
596000000	-103251.028	-16336.670	-86914.359	-4530.102
597000000	-103213.512	-16260.509	-86953.004	-4453.744
598000000	-103159.794	-16211.344	-86948.450	-4405.103
599000000	-103138.454	-16203.237	-86935.217	-4396.559
600000000	-103339.847	-16384.968	-86954.879	-4577.864
601000000	-103048.292	-16092.265	-86956.027	-4285.452
602000000	-103062.254	-16142.368	-86919.886	-4336.079
603000000	-103156.183	-16213.610	-86942.573	-4406.878
604000000	-103097.672	-16143.529	-86954.143	-4337.334
605000000	-103147.055	-16204.523	-86942.533	-4398.523
606000000	-103327.768	-16358.178	-86969.589	-4550.340
607000000	-103287.998	-16347.675	-86940.323	-4540.285
608000000	-103310.503	-16329.303	-86981.200	-4521.928
609000000	-103279.689	-16361.012	-86918.677	-4554.095
610000000	-103283.113	-16310.727	-86972.385	-4503.672
611000000	-103284.213	-16306.734	-86977.479	-4500.460
612000000	-103318.566	-16369.318	-86949.248	-4562.467
613000000	-103144.343	-16129.045	-87015.298	-4323.103
614000000	-103379.197	-16434.981	-86944.216	-4627.656
615000000	-103164.739	-16195.281	-86969.458	-4388.009
616000000	-103191.738	-16189.504	-87002.235	-4382.794
617000000	-102978.471	-16045.355	-86933.116	-4239.287
618000000	-103068.697	-16151.200	-86917.497	-4344.390
619000000	-103112.388	-16163.119	-86949.269	-4356.917
620000000	-103158.410	-16171.874	-86986.537	-4365.268
621000000	-103248.551	-16265.957	-86982.593	-4459.378
622000000	-103166.488	-16182.744	-86983.745	-4376.045
623000000	-102900.291	-15997.472	-86902.818	-4191.689
624000000	-103103.812	-16188.342	-86915.469	-4381.511
625000000	-103019.329	-16111.076	-86908.253	-4304.573
626000000	-103045.397	-16065.720	-86979.677	-4259.904
627000000	-103148.010	-16163.474	-86984.537	-4356.150
628000000	-103207.863	-16223.579	-86984.284	-4416.872
629000000	-103145.223	-16159.666	-86985.558	-4353.141
630000000	-103067.314	-16149.492	-86917.822	-4342.382
631000000	-103020.004	-16062.355	-86957.649	-4256.310
632000000	-103220.789	-16287.493	-86933.296	-4480.739
633000000	-103284.896	-16294.380	-86990.517	-4487.741
634000000	-103242.147	-16302.491	-86939.656	-4496.151
635000000	-103219.835	-16223.046	-86996.789	-4415.948
636000000	-103216.475	-16273.127	-86943.348	-4466.999
637000000	-103136.205	-16223.170	-86913.035	-4416.777
638000000	-103106.207	-16148.717	-86957.490	-4342.152
639000000	-103174.198	-16181.520	-86992.678	-4374.913
640000000	-103169.703	-16238.714	-86930.989	-4432.017
641000000	-103090.310	-16141.329	-86948.982	-4334.909
642000000	-103088.133	-16136.480	-86951.653	-4330.079
643000000	-103160.112	-16168.014	-86992.098	-4360.879
644000000	-103177.756	-16258.799	-86918.957	-4451.953
645000000	-103014.269	-16085.159	-86929.110	-4278.801
646000000	-103150.398	-16209.470	-86940.928	-4401.839
647000000	-103022.932	-16101.744	-86921.188	-4294.756
648000000	-103024.843	-16118.232	-86906.611	-4311.752
649000000	-103091.163	-16079.101	-87012.062	-4273.179
650000000	-103135.075	-16158.566	-86976.509	-4352.291
651000000	-103231.933	-16281.142	-86950.792	-4473.636
652000000	-103313.924	-16327.414	-86986.511	-4520.843
653000000	-103268.080	-16283.695	-86984.385	-4477.319
654000000	-103249.278	-16250.676	-86998.602	-4443.900
655000000	-103127.005	-16172.940	-86954.065	-4366.773
656000000	-103297.750	-16290.091	-87007.659	-4483.057
657000000	-103329.626	-16358.028	-86971.598	-4551.122
658000000	-103179.848	-16298.087	-86881.762	-4491.020
659000000	-103241.106	-16287.428	-86953.678	-4480.923
660000000	-103111.349	-16119.006	-86992.343	-4312.869
661000000	-103131.205	-16179.444	-86951.761	-4373.386
662000000	-103058.220	-16156.781	-86901.440	-4350.424
663000000	-103250.917	-16305.748	-86945.169	-4498.954
664000000	-103275.520	-16314.641	-86960.879	-4507.528
665000000	-103169.860	-16248.237	-86921.623	-4441.356
666000000	-103084.321	-16154.575	-86929.746	-4347.993
667000000	-103066.767	-16103.989	-86962.778	-4297.626
668000000	-103178.406	-16238.126	-86940.280	-4431.482
669000000	-103083.237	-16171.326	-86911.910	-4365.164
670000000	-103078.311	-16141.324	-86936.987	-4335.131
671000000	-103063.432	-16124.282	-86939.150	-4317.897
672000000	-103027.252	-16114.129	-86913.124	-4307.351
673000000	-103092.028	-16180.635	-86911.393	-4373.779
674000000	-103088.013	-16117.558	-86970.455	-4310.829
675000000	-103195.438	-16242.410	-86953.028	-4435.787
676000000	-103091.859	-16145.650	-86946.209	-4339.822
677000000	-103107.756	-16164.243	-86943.513	-4357.382
678000000	-103108.700	-16183.473	-86925.227	-4376.852
679000000	-103143.829	-16217.580	-86926.249	-4411.061
680000000	-103203.895	-16252.628	-86951.267	-4446.323
681000000	-103174.994	-16172.872	-87002.122	-4366.228
682000000	-103089.645	-16144.433	-86945.212	-4338.326
683000000	-103077.771	-16150.649	-86927.122	-4343.640
684000000	-103206.513	-16266.534	-86939.979	-4459.846
685000000	-103251.122	-16288.781	-86962.342	-4481.275
686000000	-103103.866	-16191.951	-86911.914	-4385.096
687000000	-103100.653	-16142.088	-86958.565	-4336.327
688000000	-103333.629	-16341.834	-86991.795	-4535.101
689000000	-103221.414	-16254.372	-86967.043	-4447.914
690000000	-103305.786	-16380.809	-86924.976	-4574.337
691000000	-103039.415	-16162.493	-86876.922	-4356.073
692000000	-103129.590	-16250.515	-86879.074	-4444.123
693000000	-103270.688	-16309.117	-86961.571	-4502.346
694000000	-103085.219	-16127.345	-86957.874	-4321.183
695000000	-103093.215	-16170.788	-86922.427	-4363.992
696000000	-103213.843	-16222.574	-86991.269	-4416.159
697000000	-103241.976	-16301.608	-86940.367	-4495.199
698000000	-103396.489	-16466.621	-86929.868	-4659.632
699000000	-103121.246	-16140.434	-86980.812	-4333.616
700000000	-103139.240	-16186.297	-86952.943	-4380.080
701000000	-103131.927	-16186.016	-86945.911	-4379.308
702000000	-103109.960	-16181.954	-86928.005	-4375.718
703000000	-103182.901	-16264.637	-86918.264	-4458.157
704000000	-103064.277	-16121.434	-86942.844	-4315.168
705000000	-103154.393	-16157.240	-86997.153	-4351.064
706000000	-103151.175	-16162.649	-86988.526	-4355.573
707000000	-103120.485	-16115.438	-87005.047	-4309.401
708000000	-103004.161	-16033.921	-86970.240	-4227.902
709000000	-103076.443	-16118.831	-86957.612	-4312.860
710000000	-103039.613	-16103.036	-86936.577	-4296.731
711000000	-103157.740	-16170.811	-86986.929	-4364.160
712000000	-103145.956	-16170.023	-86975.933	-4363.474
713000000	-103240.674	-16275.243	-86965.430	-4468.429
714000000	-103187.526	-16212.940	-86974.586	-4407.137
715000000	-103229.057	-16228.789	-87000.268	-4422.608
716000000	-103088.965	-16198.353	-86890.612	-4392.624
717000000	-103151.938	-16178.423	-86973.516	-4372.554
718000000	-103165.927	-16205.733	-86960.194	-4399.532
719000000	-103232.567	-16273.245	-86959.323	-4466.886
720000000	-103072.245	-16134.811	-86937.434	-4328.257
721000000	-103141.504	-16201.151	-86940.353	-4394.198
722000000	-103120.799	-16199.940	-86920.858	-4393.783
723000000	-103138.783	-16144.972	-86993.811	-4338.729
724000000	-103137.845	-16179.726	-86958.119	-4373.274
725000000	-103237.829	-16284.549	-86953.280	-4477.243
726000000	-103181.572	-16247.647	-86933.924	-4440.614
727000000	-103250.724	-16280.776	-86969.949	-4473.937
728000000	-103166.973	-16222.641	-86944.331	-4416.200
729000000	-103106.508	-16178.511	-86927.997	-4372.660
730000000	-103180.656	-16231.396	-86949.260	-4425.179
731000000	-103315.133	-16421.493	-86893.640	-4613.993
732000000	-103258.226	-16263.148	-86995.078	-4456.578
733000000	-102989.750	-16118.892	-86870.858	-4313.297
734000000	-103015.448	-16174.031	-86841.417	-4368.381
735000000	-103240.128	-16308.360	-86931.768	-4501.277
736000000	-103224.930	-16290.294	-86934.636	-4483.906
737000000	-103395.888	-16391.219	-87004.669	-4583.769
738000000	-103281.244	-16286.489	-86994.755	-4479.580
739000000	-103253.882	-16276.738	-86977.144	-4470.598
740000000	-103159.845	-16260.706	-86899.139	-4453.904
741000000	-103203.804	-16225.121	-86978.684	-4418.322
742000000	-103136.347	-16202.584	-86933.763	-4395.688
743000000	-103201.184	-16267.610	-86933.574	-4460.791
744000000	-103068.625	-16149.113	-86919.513	-4342.357
745000000	-103070.105	-16068.144	-87001.961	-4261.675
746000000	-103201.267	-16238.144	-86963.123	-4431.285
747000000	-103231.447	-16269.007	-86962.439	-4462.281
748000000	-103253.483	-16301.395	-86952.089	-4494.083
749000000	-103249.530	-16307.789	-86941.741	-4501.293
750000000	-103126.738	-16230.553	-86896.184	-4423.858
751000000	-103221.225	-16235.800	-86985.425	-4429.228
752000000	-103195.622	-16243.864	-86951.757	-4436.898
753000000	-103165.666	-16195.540	-86970.127	-4388.760
754000000	-103066.981	-16135.020	-86931.961	-4329.299
755000000	-103246.916	-16257.288	-86989.627	-4450.390
756000000	-103091.785	-16118.995	-86972.790	-4313.407
757000000	-103057.443	-16082.632	-86974.811	-4276.627
758000000	-102897.249	-15969.100	-86928.149	-4163.494
759000000	-103125.461	-16159.918	-86965.543	-4353.197
760000000	-103025.959	-16016.711	-87009.248	-4210.661
761000000	-103086.868	-16072.066	-87014.801	-4265.126
762000000	-103184.643	-16213.068	-86971.576	-4406.107
763000000	-103035.395	-16117.313	-86918.082	-4311.043
764000000	-103209.572	-16268.469	-86941.102	-4461.965
765000000	-103078.201	-16140.106	-86938.095	-4333.558
766000000	-103090.980	-16122.270	-86968.710	-4315.658
767000000	-103112.419	-16181.074	-86931.345	-4374.619
768000000	-103103.733	-16121.692	-86982.041	-4315.164
769000000	-103015.514	-16062.045	-86953.469	-4255.440
770000000	-103017.497	-16095.575	-86921.922	-4289.009
771000000	-103032.024	-16097.990	-86934.034	-4291.638
772000000	-103163.734	-16158.456	-87005.278	-4351.277
773000000	-103067.263	-16137.456	-86929.807	-4331.064
774000000	-103197.906	-16302.088	-86895.818	-4495.152
775000000	-103151.413	-16204.450	-86946.963	-4396.960
776000000	-103126.975	-16194.181	-86932.794	-4387.686
777000000	-103278.209	-16337.671	-86940.538	-4530.713
778000000	-103269.542	-16333.839	-86935.703	-4526.189
779000000	-103186.051	-16274.012	-86912.038	-4467.221
780000000	-103122.424	-16178.019	-86944.405	-4371.226
781000000	-103290.331	-16323.432	-86966.899	-4517.074
782000000	-103170.951	-16266.656	-86904.295	-4459.867
783000000	-103245.762	-16284.697	-86961.065	-4477.898
784000000	-103182.166	-16239.872	-86942.294	-4433.505
785000000	-103241.947	-16311.045	-86930.903	-4503.933
786000000	-103133.607	-16196.404	-86937.204	-4389.625
787000000	-103097.820	-16165.212	-86932.609	-4358.460
788000000	-102970.838	-16109.922	-86860.917	-4303.778
789000000	-103130.908	-16193.388	-86937.520	-4386.857
790000000	-103185.019	-16248.209	-86936.810	-4441.276
791000000	-103149.359	-16203.578	-86945.781	-4397.275
792000000	-103168.765	-16231.762	-86937.003	-4424.521
793000000	-103071.580	-16208.640	-86862.940	-4401.965
794000000	-103284.823	-16343.078	-86941.745	-4535.878
795000000	-103152.063	-16201.917	-86950.145	-4394.778
796000000	-103319.778	-16351.025	-86968.753	-4543.708
797000000	-103273.812	-16252.544	-87021.268	-4446.043
798000000	-103193.794	-16221.260	-86972.534	-4414.785
799000000	-103183.051	-16195.496	-86987.555	-4389.048
800000000	-103294.244	-16318.408	-86975.836	-4511.420
