state	posterior	prior	likelihood	skygrid
1000000	-103202.174	-16281.246	-86920.928	-4474.823
2000000	-103371.787	-16439.997	-86931.791	-4632.712
3000000	-103277.078	-16345.722	-86931.356	-4539.257
4000000	-103158.916	-16248.196	-86910.720	-4442.297
5000000	-103264.430	-16289.123	-86975.307	-4482.600
6000000	-103170.775	-16252.543	-86918.232	-4445.802
7000000	-103177.475	-16269.824	-86907.650	-4463.840
8000000	-103363.759	-16430.365	-86933.394	-4622.777
9000000	-103275.676	-16308.862	-86966.814	-4501.927
10000000	-103178.475	-16272.141	-86906.334	-4465.529
11000000	-103263.635	-16323.065	-86940.569	-4516.326
12000000	-103100.100	-16196.785	-86903.314	-4390.232
13000000	-103090.369	-16152.697	-86937.672	-4346.577
14000000	-103172.897	-16245.086	-86927.811	-4438.446
15000000	-103172.032	-16235.237	-86936.795	-4428.876
16000000	-103091.329	-16156.776	-86934.553	-4349.961
17000000	-103113.952	-16185.442	-86928.510	-4378.748
18000000	-103099.515	-16106.859	-86992.656	-4299.812
19000000	-102971.948	-16067.181	-86904.767	-4261.610
20000000	-103241.165	-16304.724	-86936.442	-4497.160
21000000	-103287.540	-16315.304	-86972.236	-4508.933
22000000	-103171.455	-16259.264	-86912.191	-4452.579
23000000	-103071.090	-16118.404	-86952.686	-4312.078
24000000	-103266.828	-16305.186	-86961.642	-4498.582
25000000	-103024.138	-16027.463	-86996.675	-4221.200
26000000	-103155.516	-16197.685	-86957.831	-4390.405
27000000	-103137.079	-16194.106	-86942.973	-4386.694
28000000	-103132.764	-16179.674	-86953.090	-4373.212
29000000	-103303.498	-16385.516	-86917.983	-4579.565
30000000	-103289.944	-16366.016	-86923.928	-4559.507
31000000	-103269.598	-16346.643	-86922.955	-4539.798
32000000	-103297.464	-16360.285	-86937.180	-4553.464
33000000	-103280.834	-16295.419	-86985.415	-4487.726
34000000	-103270.013	-16301.644	-86968.369	-4494.825
35000000	-103333.414	-16351.395	-86982.019	-4544.076
36000000	-103084.683	-16141.413	-86943.270	-4334.880
37000000	-103128.505	-16163.858	-86964.647	-4356.933
38000000	-103063.697	-16160.467	-86903.230	-4353.592
39000000	-102971.431	-16075.954	-86895.477	-4270.286
40000000	-103269.799	-16267.552	-87002.247	-4460.606
41000000	-103037.474	-16123.382	-86914.093	-4317.045
42000000	-103147.253	-16148.309	-86998.944	-4341.421
43000000	-103285.448	-16283.721	-87001.727	-4476.419
44000000	-103213.627	-16280.285	-86933.342	-4473.535
45000000	-103165.939	-16203.377	-86962.562	-4397.058
46000000	-103197.389	-16233.105	-86964.283	-4426.485
47000000	-103064.387	-16147.219	-86917.168	-4341.294
48000000	-103132.584	-16204.357	-86928.227	-4396.855
49000000	-103325.056	-16346.211	-86978.845	-4538.917
50000000	-103215.384	-16245.760	-86969.624	-4438.754
51000000	-103334.044	-16378.919	-86955.125	-4571.783
52000000	-103315.264	-16320.136	-86995.127	-4513.422
53000000	-103359.907	-16434.848	-86925.059	-4627.158
54000000	-103267.755	-16337.216	-86930.539	-4530.061
55000000	-103188.325	-16220.235	-86968.090	-4413.802
56000000	-103240.929	-16268.109	-86972.820	-4461.514
57000000	-103197.105	-16267.735	-86929.370	-4460.846
58000000	-103023.419	-16065.438	-86957.982	-4259.984
59000000	-103246.708	-16304.613	-86942.095	-4497.824
60000000	-103083.562	-16117.780	-86965.782	-4311.480
61000000	-102985.477	-16046.893	-86938.584	-4240.950
62000000	-103086.245	-16100.813	-86985.433	-4294.163
63000000	-103090.461	-16099.525	-86990.935	-4293.598
64000000	-103293.495	-16279.038	-87014.458	-4472.106
65000000	-103192.056	-16245.999	-86946.057	-4439.307
66000000	-103351.678	-16279.158	-87072.521	-4472.404
67000000	-103198.523	-16179.013	-87019.510	-4371.912
68000000	-103243.438	-16301.288	-86942.150	-4494.032
69000000	-103251.757	-16279.793	-86971.965	-4473.113
70000000	-103252.078	-16278.176	-86973.902	-4471.412
71000000	-103174.528	-16236.981	-86937.547	-4430.156
72000000	-103179.683	-16206.146	-86973.536	-4399.127
73000000	-103096.141	-16143.486	-86952.656	-4337.797
74000000	-103166.094	-16220.300	-86945.793	-4413.965
75000000	-103179.008	-16235.722	-86943.286	-4429.202
76000000	-103067.194	-16063.377	-87003.817	-4257.218
77000000	-103080.953	-16157.750	-86923.204	-4351.291
78000000	-103204.613	-16224.170	-86980.443	-4417.660
79000000	-103059.425	-16111.252	-86948.173	-4305.855
80000000	-103277.237	-16315.010	-86962.228	-4507.463
81000000	-103165.075	-16254.917	-86910.158	-4448.240
82000000	-103129.110	-16186.135	-86942.975	-4379.602
83000000	-103224.602	-16319.733	-86904.869	-4512.971
84000000	-103198.592	-16303.049	-86895.543	-4496.230
85000000	-103182.503	-16217.839	-86964.664	-4410.734
86000000	-103102.983	-16146.355	-86956.628	-4340.398
87000000	-103029.490	-16032.976	-86996.514	-4226.702
88000000	-103157.546	-16223.819	-86933.727	-4417.510
89000000	-103112.591	-16173.310	-86939.282	-4366.942
90000000	-103213.214	-16215.332	-86997.882	-4409.521
91000000	-103289.246	-16311.046	-86978.200	-4504.815
92000000	-103341.548	-16400.128	-86941.420	-4592.997
93000000	-103140.729	-16247.104	-86893.625	-4440.296
94000000	-103221.704	-16266.389	-86955.315	-4460.315
95000000	-103317.201	-16392.556	-86924.645	-4585.529
96000000	-103353.642	-16411.487	-86942.155	-4604.875
97000000	-103275.774	-16346.567	-86929.207	-4539.631
98000000	-103083.254	-16148.310	-86934.944	-4341.992
99000000	-103371.723	-16372.294	-86999.428	-4564.593
100000000	-103334.354	-16369.291	-86965.063	-4562.304
101000000	-103285.523	-16310.722	-86974.801	-4503.974
102000000	-103283.339	-16326.547	-86956.791	-4519.777
103000000	-103190.276	-16266.021	-86924.255	-4459.218
104000000	-103192.242	-16267.391	-86924.850	-4460.455
105000000	-103178.428	-16247.614	-86930.814	-4440.983
106000000	-103359.172	-16415.619	-86943.553	-4608.342
107000000	-103344.891	-16373.556	-86971.335	-4566.483
108000000	-103334.503	-16349.478	-86985.024	-4542.526
109000000	-103218.056	-16246.741	-86971.315	-4440.045
110000000	-103421.077	-16441.648	-86979.429	-4634.761
111000000	-103447.682	-16473.905	-86973.777	-4666.950
112000000	-103348.486	-16398.354	-86950.132	-4591.369
113000000	-103374.265	-16417.190	-86957.074	-4610.070
114000000	-103271.753	-16359.728	-86912.024	-4552.581
115000000	-103097.089	-16161.800	-86935.289	-4354.903
116000000	-103335.869	-16362.735	-86973.134	-4555.824
117000000	-103181.475	-16175.220	-87006.255	-4368.862
118000000	-103122.452	-16169.651	-86952.801	-4363.135
119000000	-103077.726	-16111.348	-86966.378	-4305.244
120000000	-103016.787	-16088.031	-86928.756	-4281.518
121000000	-103049.578	-16054.192	-86995.385	-4248.136
122000000	-103223.676	-16278.992	-86944.684	-4471.293
123000000	-103092.500	-16116.099	-86976.401	-4310.051
124000000	-103279.433	-16273.981	-87005.451	-4467.025
125000000	-103190.839	-16238.193	-86952.646	-4431.847
126000000	-103061.346	-16125.380	-86935.966	-4319.112
127000000	-103361.991	-16371.273	-86990.718	-4564.541
128000000	-103196.150	-16236.959	-86959.191	-4430.511
129000000	-103179.327	-16222.323	-86957.004	-4414.926
130000000	-103220.533	-16311.156	-86909.376	-4504.197
131000000	-103242.438	-16300.173	-86942.266	-4493.265
132000000	-103240.882	-16301.007	-86939.875	-4493.783
133000000	-103243.949	-16241.100	-87002.849	-4434.643
134000000	-103153.701	-16225.215	-86928.487	-4418.998
135000000	-103069.606	-16199.696	-86869.911	-4393.448
136000000	-103124.969	-16218.520	-86906.450	-4412.240
137000000	-103185.720	-16190.023	-86995.697	-4383.654
138000000	-103113.727	-16173.971	-86939.756	-4367.671
139000000	-103179.572	-16233.068	-86946.504	-4426.803
140000000	-103197.259	-16270.672	-86926.588	-4463.863
141000000	-103205.808	-16254.358	-86951.450	-4448.133
142000000	-103197.760	-16289.328	-86908.432	-4483.144
143000000	-103235.667	-16251.247	-86984.420	-4444.667
144000000	-103134.037	-16207.028	-86927.009	-4400.485
145000000	-103073.134	-16165.883	-86907.251	-4359.638
146000000	-103215.019	-16260.759	-86954.261	-4453.795
147000000	-103176.499	-16222.720	-86953.780	-4415.606
148000000	-103043.275	-16124.339	-86918.936	-4317.594
149000000	-103195.126	-16281.840	-86913.286	-4475.201
150000000	-103339.463	-16355.486	-86983.977	-4548.446
151000000	-103323.539	-16320.531	-87003.008	-4514.723
152000000	-103364.467	-16358.481	-87005.986	-4552.048
153000000	-103323.218	-16365.800	-86957.418	-4557.862
154000000	-103326.050	-16348.820	-86977.229	-4541.232
155000000	-103063.555	-16170.408	-86893.147	-4363.236
156000000	-103129.661	-16208.454	-86921.207	-4401.221
157000000	-103228.262	-16171.212	-87057.050	-4364.833
158000000	-103095.489	-16138.032	-86957.457	-4331.707
159000000	-103197.116	-16216.038	-86981.078	-4409.413
160000000	-103235.158	-16270.589	-86964.569	-4463.580
161000000	-103175.460	-16225.289	-86950.170	-4418.778
162000000	-103174.348	-16267.484	-86906.864	-4460.109
163000000	-103277.102	-16315.164	-86961.938	-4507.957
164000000	-103312.879	-16338.314	-86974.565	-4530.780
165000000	-103335.419	-16345.432	-86989.987	-4538.983
166000000	-103277.374	-16334.391	-86942.983	-4527.519
167000000	-103227.132	-16244.267	-86982.865	-4437.014
168000000	-103136.661	-16166.004	-86970.658	-4359.604
169000000	-103168.489	-16207.530	-86960.958	-4400.679
170000000	-102983.989	-16025.651	-86958.338	-4218.935
171000000	-103116.518	-16146.337	-86970.181	-4339.459
172000000	-103122.105	-16196.082	-86926.023	-4389.267
173000000	-103238.477	-16317.433	-86921.044	-4510.402
174000000	-103133.133	-16133.246	-86999.887	-4327.255
175000000	-103141.065	-16210.453	-86930.613	-4403.500
176000000	-103218.325	-16253.945	-86964.379	-4447.019
177000000	-103247.132	-16331.156	-86915.976	-4524.175
178000000	-103271.455	-16304.669	-86966.786	-4497.888
179000000	-103212.301	-16237.138	-86975.163	-4430.682
180000000	-103282.333	-16342.288	-86940.045	-4535.930
181000000	-103305.858	-16381.707	-86924.151	-4575.060
182000000	-103165.039	-16259.583	-86905.456	-4452.943
183000000	-103135.661	-16221.788	-86913.873	-4415.490
184000000	-103318.218	-16392.717	-86925.501	-4585.581
185000000	-103314.691	-16364.531	-86950.160	-4557.306
186000000	-103263.546	-16326.960	-86936.585	-4520.565
187000000	-103158.444	-16198.951	-86959.492	-4392.515
188000000	-103297.308	-16350.774	-86946.535	-4543.878
189000000	-103087.077	-16149.682	-86937.396	-4342.607
190000000	-103143.104	-16155.943	-86987.161	-4350.162
191000000	-103259.236	-16303.388	-86955.848	-4495.940
192000000	-103194.994	-16250.960	-86944.034	-4443.830
193000000	-103184.639	-16216.444	-86968.195	-4409.722
194000000	-103125.938	-16221.678	-86904.261	-4414.872
195000000	-103249.517	-16372.616	-86876.901	-4566.088
196000000	-103294.561	-16325.984	-86968.577	-4518.194
197000000	-103243.120	-16279.771	-86963.350	-4473.145
198000000	-103213.086	-16244.943	-86968.144	-4438.013
199000000	-103092.416	-16136.369	-86956.046	-4329.582
200000000	-103205.006	-16232.291	-86972.714	-4425.310
201000000	-103397.450	-16432.448	-86965.002	-4625.299
202000000	-103212.048	-16250.672	-86961.375	-4444.257
203000000	-103261.665	-16299.239	-86962.427	-4492.390
204000000	-102944.223	-16027.658	-86916.565	-4221.661
205000000	-103158.529	-16231.836	-86926.694	-4425.573
206000000	-103215.682	-16246.558	-86969.124	-4440.861
207000000	-103229.243	-16288.824	-86940.419	-4481.553
208000000	-103156.330	-16177.710	-86978.620	-4371.446
209000000	-103223.466	-16274.032	-86949.435	-4467.466
210000000	-103057.225	-16076.205	-86981.020	-4269.634
211000000	-103088.454	-16118.662	-86969.792	-4312.510
212000000	-103025.615	-16061.427	-86964.188	-4254.946
213000000	-103249.447	-16225.201	-87024.246	-4417.779
214000000	-103027.815	-16100.668	-86927.147	-4294.261
215000000	-103067.384	-16095.227	-86972.157	-4288.388
216000000	-103110.817	-16098.469	-87012.348	-4292.123
217000000	-102976.583	-16050.107	-86926.476	-4244.360
218000000	-103141.379	-16125.001	-87016.378	-4318.748
219000000	-103210.280	-16244.769	-86965.511	-4438.609
220000000	-103097.492	-16132.497	-86964.995	-4326.213
221000000	-103240.265	-16307.303	-86932.962	-4500.436
222000000	-103225.806	-16286.151	-86939.655	-4478.681
223000000	-103072.654	-16151.000	-86921.654	-4344.302
224000000	-103040.214	-16128.636	-86911.579	-4321.515
225000000	-103285.465	-16269.281	-87016.184	-4462.059
226000000	-103161.455	-16195.730	-86965.725	-4389.268
227000000	-103096.920	-16173.984	-86922.936	-4367.482
228000000	-103161.101	-16184.303	-86976.798	-4377.849
229000000	-103005.146	-16060.970	-86944.175	-4255.335
230000000	-103192.547	-16252.179	-86940.368	-4445.236
231000000	-103135.365	-16194.386	-86940.980	-4387.513
232000000	-103141.583	-16183.327	-86958.256	-4376.717
233000000	-103133.154	-16195.316	-86937.838	-4388.526
234000000	-103239.569	-16281.432	-86958.137	-4474.606
235000000	-103321.838	-16355.614	-86966.224	-4547.977
236000000	-103261.740	-16268.027	-86993.714	-4460.730
237000000	-103227.331	-16258.996	-86968.334	-4452.518
238000000	-103325.122	-16291.481	-87033.641	-4484.227
239000000	-103118.862	-16169.842	-86949.020	-4364.124
240000000	-103117.149	-16142.211	-86974.938	-4335.960
241000000	-103120.662	-16141.381	-86979.281	-4335.485
242000000	-103218.494	-16307.111	-86911.382	-4500.079
243000000	-103083.670	-16138.045	-86945.626	-4332.081
244000000	-103261.726	-16281.833	-86979.893	-4475.323
245000000	-103241.158	-16264.168	-86976.990	-4457.585
246000000	-103183.266	-16204.054	-86979.212	-4397.919
247000000	-103288.506	-16357.614	-86930.892	-4551.389
248000000	-103211.765	-16265.751	-86946.014	-4458.892
249000000	-103253.812	-16235.314	-87018.498	-4428.631
250000000	-103332.929	-16376.477	-86956.452	-4569.627
251000000	-103147.068	-16201.861	-86945.207	-4395.512
252000000	-103115.557	-16183.590	-86931.966	-4377.494
253000000	-103167.733	-16237.530	-86930.202	-4431.345
254000000	-103211.168	-16272.914	-86938.254	-4466.270
255000000	-103244.788	-16249.296	-86995.492	-4442.568
256000000	-103348.722	-16367.794	-86980.929	-4561.001
257000000	-103191.163	-16229.328	-86961.835	-4423.065
258000000	-103209.436	-16207.285	-87002.151	-4400.994
259000000	-103095.911	-16174.866	-86921.045	-4368.163
260000000	-103086.298	-16122.777	-86963.521	-4316.473
261000000	-103236.108	-16337.370	-86898.738	-4530.485
262000000	-103129.059	-16175.183	-86953.876	-4368.195
263000000	-103193.851	-16219.989	-86973.862	-4412.386
264000000	-103232.535	-16226.956	-87005.579	-4420.303
265000000	-103106.274	-16131.274	-86975.000	-4325.190
266000000	-103149.641	-16185.760	-86963.881	-4379.266
267000000	-103288.521	-16400.295	-86888.227	-4592.880
268000000	-103172.271	-16238.395	-86933.876	-4432.049
269000000	-103359.542	-16410.376	-86949.166	-4603.186
270000000	-103240.843	-16321.116	-86919.727	-4514.470
271000000	-103277.684	-16304.267	-86973.417	-4497.560
272000000	-103212.637	-16250.067	-86962.570	-4442.983
273000000	-103029.771	-16097.042	-86932.729	-4290.925
274000000	-103085.322	-16142.224	-86943.098	-4336.418
275000000	-103248.622	-16216.468	-87032.153	-4409.567
276000000	-103174.418	-16277.241	-86897.176	-4470.366
277000000	-103116.069	-16194.994	-86921.075	-4389.136
278000000	-103291.279	-16363.489	-86927.790	-4556.281
279000000	-103307.550	-16365.205	-86942.345	-4558.029
280000000	-103344.937	-16404.175	-86940.762	-4596.980
281000000	-103301.438	-16338.703	-86962.736	-4532.021
282000000	-103196.770	-16240.257	-86956.514	-4434.134
283000000	-103117.765	-16153.442	-86964.323	-4347.100
284000000	-103138.170	-16164.850	-86973.320	-4359.225
285000000	-103026.366	-16119.875	-86906.491	-4313.722
286000000	-103254.105	-16252.873	-87001.233	-4445.715
287000000	-102991.860	-16038.422	-86953.438	-4232.375
288000000	-103302.856	-16327.694	-86975.162	-4520.403
289000000	-103261.561	-16277.606	-86983.955	-4470.673
290000000	-103167.734	-16246.278	-86921.456	-4439.394
291000000	-103096.922	-16156.758	-86940.164	-4350.401
292000000	-103154.890	-16206.525	-86948.365	-4400.607
293000000	-103293.674	-16312.801	-86980.873	-4506.077
294000000	-103137.468	-16214.504	-86922.964	-4407.831
295000000	-103058.982	-16089.993	-86968.989	-4284.074
296000000	-102997.052	-16026.593	-86970.458	-4219.738
297000000	-103067.754	-16169.245	-86898.509	-4362.498
298000000	-103113.852	-16206.821	-86907.030	-4400.350
299000000	-103019.786	-16067.450	-86952.335	-4261.564
300000000	-103223.996	-16269.421	-86954.575	-4462.736
301000000	-103046.096	-16126.997	-86919.100	-4320.949
302000000	-103177.616	-16240.260	-86937.356	-4433.472
303000000	-103198.871	-16265.884	-86932.987	-4458.990
304000000	-103095.634	-16133.548	-86962.086	-4326.849
305000000	-103155.890	-16229.873	-86926.017	-4423.778
306000000	-103265.652	-16298.981	-86966.671	-4492.349
307000000	-103192.278	-16309.218	-86883.061	-4502.504
308000000	-103442.465	-16419.702	-87022.762	-4613.202
309000000	-103231.373	-16249.732	-86981.641	-4443.387
310000000	-103161.694	-16242.941	-86918.753	-4437.393
311000000	-103338.669	-16344.032	-86994.637	-4537.510
312000000	-103260.373	-16350.766	-86909.607	-4543.875
313000000	-103330.416	-16375.161	-86955.255	-4568.793
314000000	-103365.523	-16423.615	-86941.908	-4616.201
315000000	-103365.572	-16385.649	-86979.923	-4578.031
316000000	-103196.701	-16290.970	-86905.731	-4484.025
317000000	-103286.905	-16358.285	-86928.620	-4551.265
318000000	-103274.715	-16341.958	-86932.757	-4534.862
319000000	-103221.664	-16297.741	-86923.924	-4490.224
320000000	-103292.135	-16246.285	-87045.849	-4439.942
321000000	-103240.751	-16298.775	-86941.977	-4492.065
322000000	-103165.724	-16291.994	-86873.730	-4484.985
323000000	-103215.735	-16277.775	-86937.959	-4470.949
324000000	-103346.456	-16380.791	-86965.665	-4573.660
325000000	-103300.872	-16374.730	-86926.142	-4567.716
326000000	-103280.600	-16310.412	-86970.189	-4503.998
327000000	-103285.542	-16347.426	-86938.116	-4540.508
328000000	-103129.216	-16212.287	-86916.928	-4405.835
329000000	-103403.226	-16425.447	-86977.779	-4618.513
330000000	-103447.701	-16496.569	-86951.132	-4688.870
331000000	-103240.061	-16299.226	-86940.834	-4492.558
332000000	-103312.559	-16354.046	-86958.513	-4546.900
333000000	-103286.038	-16374.169	-86911.869	-4567.246
334000000	-103147.138	-16277.254	-86869.883	-4470.164
335000000	-103228.952	-16285.857	-86943.095	-4478.886
336000000	-103043.026	-16153.327	-86889.699	-4346.605
337000000	-103162.480	-16189.950	-86972.530	-4383.169
338000000	-103169.208	-16243.837	-86925.371	-4437.411
339000000	-103303.936	-16325.232	-86978.704	-4518.123
340000000	-103084.615	-16179.325	-86905.290	-4372.872
341000000	-103068.893	-16037.188	-87031.705	-4231.056
342000000	-103074.755	-16055.808	-87018.947	-4248.933
343000000	-103195.803	-16167.384	-87028.419	-4360.668
344000000	-103260.892	-16253.821	-87007.071	-4447.017
345000000	-103225.661	-16265.524	-86960.136	-4458.447
346000000	-103140.496	-16234.851	-86905.645	-4427.765
347000000	-103151.448	-16174.141	-86977.307	-4367.652
348000000	-103050.572	-16119.009	-86931.564	-4312.439
349000000	-103122.364	-16165.963	-86956.400	-4359.194
350000000	-103065.110	-16077.122	-86987.987	-4270.704
351000000	-103205.400	-16278.897	-86926.503	-4472.649
352000000	-103090.767	-16120.635	-86970.131	-4313.762
353000000	-103079.108	-16126.334	-86952.774	-4319.977
354000000	-103138.177	-16187.788	-86950.389	-4381.200
355000000	-103213.072	-16255.963	-86957.109	-4449.144
356000000	-103161.386	-16196.964	-86964.423	-4390.311
357000000	-103236.198	-16233.995	-87002.203	-4427.431
358000000	-103047.258	-16104.019	-86943.239	-4297.786
359000000	-103011.992	-16032.115	-86979.877	-4225.539
360000000	-103123.586	-16167.555	-86956.032	-4361.272
361000000	-103152.264	-16220.211	-86932.053	-4413.687
362000000	-103148.951	-16218.732	-86930.219	-4411.708
363000000	-103269.175	-16262.830	-87006.345	-4456.063
364000000	-103147.439	-16222.009	-86925.429	-4415.438
365000000	-103165.377	-16227.004	-86938.373	-4420.821
366000000	-103163.351	-16303.772	-86859.579	-4497.098
367000000	-103170.523	-16256.615	-86913.908	-4449.747
368000000	-103157.040	-16186.714	-86970.326	-4380.158
369000000	-103077.927	-16121.263	-86956.664	-4314.991
370000000	-103151.897	-16250.642	-86901.254	-4444.084
371000000	-103087.878	-16120.357	-86967.521	-4313.812
372000000	-103172.623	-16265.882	-86906.741	-4459.545
373000000	-103300.294	-16365.160	-86935.135	-4558.986
374000000	-103263.229	-16323.845	-86939.384	-4516.595
375000000	-103204.395	-16253.859	-86950.536	-4447.589
376000000	-103235.116	-16274.522	-86960.594	-4467.035
377000000	-103275.593	-16284.772	-86990.821	-4477.223
378000000	-103223.362	-16300.278	-86923.084	-4493.309
379000000	-102903.954	-15991.913	-86912.041	-4186.090
380000000	-103069.165	-16142.389	-86926.777	-4335.981
381000000	-103160.992	-16276.677	-86884.315	-4469.755
382000000	-103188.228	-16284.852	-86903.376	-4478.023
383000000	-103191.227	-16215.794	-86975.432	-4409.087
384000000	-103056.290	-16133.557	-86922.733	-4327.381
385000000	-103025.318	-16122.420	-86902.898	-4316.791
386000000	-103242.150	-16331.022	-86911.128	-4525.093
387000000	-103176.813	-16307.439	-86869.374	-4501.006
388000000	-103200.652	-16232.254	-86968.397	-4426.618
389000000	-103245.345	-16321.948	-86923.397	-4515.755
390000000	-103261.980	-16283.482	-86978.498	-4477.143
391000000	-103405.878	-16406.264	-86999.614	-4599.389
392000000	-103166.912	-16216.718	-86950.194	-4410.589
393000000	-103104.673	-16213.328	-86891.345	-4406.984
394000000	-103097.450	-16178.460	-86918.990	-4373.428
395000000	-103155.518	-16214.758	-86940.760	-4407.953
396000000	-103090.280	-16139.019	-86951.261	-4333.265
397000000	-103206.979	-16275.389	-86931.590	-4469.681
398000000	-103148.839	-16180.846	-86967.993	-4375.282
399000000	-103238.355	-16294.347	-86944.008	-4486.809
400000000	-103370.969	-16337.727	-87033.241	-4530.825
401000000	-103194.838	-16249.743	-86945.095	-4442.624
402000000	-103271.248	-16358.767	-86912.481	-4551.293
403000000	-103224.682	-16224.410	-87000.272	-4418.319
404000000	-103317.406	-16343.557	-86973.849	-4536.235
405000000	-103128.005	-16177.020	-86950.986	-4370.684
406000000	-103225.737	-16288.902	-86936.835	-4482.658
407000000	-103340.204	-16404.770	-86935.433	-4597.698
408000000	-103321.994	-16395.385	-86926.609	-4588.540
409000000	-103311.165	-16387.612	-86923.553	-4580.498
410000000	-103259.189	-16318.894	-86940.295	-4512.067
411000000	-103149.793	-16134.350	-87015.443	-4327.415
412000000	-103161.758	-16210.538	-86951.219	-4403.413
413000000	-103033.256	-16070.191	-86963.064	-4263.836
414000000	-103117.404	-16113.321	-87004.084	-4306.738
415000000	-103134.881	-16214.766	-86920.115	-4407.713
416000000	-103099.558	-16129.611	-86969.947	-4323.063
417000000	-103035.062	-16098.605	-86936.457	-4291.851
418000000	-103130.702	-16183.840	-86946.861	-4377.023
419000000	-103275.083	-16254.033	-87021.049	-4447.200
420000000	-102995.137	-16037.695	-86957.443	-4230.838
421000000	-103159.193	-16182.360	-86976.833	-4375.736
422000000	-102989.828	-16004.936	-86984.893	-4199.040
423000000	-103007.952	-16104.334	-86903.617	-4298.431
424000000	-103131.877	-16169.896	-86961.981	-4363.827
425000000	-103179.399	-16187.922	-86991.477	-4381.702
426000000	-103230.333	-16247.185	-86983.148	-4440.181
427000000	-103146.221	-16212.943	-86933.278	-4406.474
428000000	-103317.706	-16314.010	-87003.696	-4506.761
429000000	-103127.709	-16159.231	-86968.479	-4353.375
430000000	-103027.775	-16056.160	-86971.615	-4249.853
431000000	-103215.935	-16267.178	-86948.758	-4459.956
432000000	-103128.731	-16176.181	-86952.551	-4369.672
433000000	-103228.376	-16276.046	-86952.330	-4468.991
434000000	-103045.851	-16111.886	-86933.965	-4305.057
435000000	-103029.842	-16063.630	-86966.212	-4257.285
436000000	-103289.335	-16296.908	-86992.427	-4489.986
437000000	-103190.096	-16255.890	-86934.206	-4449.377
438000000	-103041.512	-16130.916	-86910.596	-4324.864
439000000	-103201.207	-16241.433	-86959.774	-4435.218
440000000	-103237.248	-16263.888	-86973.361	-4456.484
441000000	-103088.408	-16130.859	-86957.549	-4325.008
442000000	-103151.990	-16199.232	-86952.758	-4393.246
443000000	-103367.709	-16426.797	-86940.912	-4620.131
444000000	-103114.062	-16189.227	-86924.835	-4383.297
445000000	-103233.494	-16244.536	-86988.958	-4437.921
446000000	-103195.659	-16176.509	-87019.150	-4370.597
447000000	-103171.804	-16227.295	-86944.509	-4421.109
448000000	-103280.303	-16303.747	-86976.557	-4496.719
449000000	-103389.294	-16405.105	-86984.189	-4597.655
450000000	-103047.666	-16131.675	-86915.990	-4324.867
451000000	-103030.241	-16099.248	-86930.992	-4292.337
452000000	-103263.085	-16294.382	-86968.704	-4487.896
453000000	-103268.393	-16290.938	-86977.454	-4484.270
454000000	-103201.026	-16241.388	-86959.639	-4434.038
455000000	-103274.223	-16264.246	-87009.978	-4457.147
456000000	-103217.397	-16291.795	-86925.601	-4485.130
457000000	-103175.829	-16253.341	-86922.488	-4446.919
458000000	-103080.998	-16159.650	-86921.348	-4353.453
459000000	-103160.694	-16144.619	-87016.075	-4337.558
460000000	-103072.723	-16108.823	-86963.900	-4302.525
461000000	-103094.712	-16142.078	-86952.634	-4335.470
462000000	-103178.946	-16225.951	-86952.995	-4419.010
463000000	-103210.706	-16251.320	-86959.386	-4445.366
464000000	-103194.635	-16218.255	-86976.380	-4412.140
465000000	-103278.764	-16342.677	-86936.088	-4535.864
466000000	-103231.710	-16257.884	-86973.826	-4451.079
467000000	-103254.667	-16296.843	-86957.824	-4490.698
468000000	-103290.638	-16326.703	-86963.935	-4519.150
469000000	-103111.666	-16122.412	-86989.254	-4315.873
470000000	-103124.721	-16164.838	-86959.883	-4358.354
471000000	-103138.421	-16199.947	-86938.474	-4392.445
472000000	-103187.818	-16202.774	-86985.043	-4395.733
473000000	-103250.075	-16252.024	-86998.051	-4445.656
474000000	-103110.620	-16196.575	-86914.045	-4390.279
475000000	-103282.028	-16392.813	-86889.216	-4585.265
476000000	-103237.496	-16261.017	-86976.478	-4454.599
477000000	-103117.388	-16187.226	-86930.161	-4380.481
478000000	-103196.391	-16238.709	-86957.682	-4431.645
479000000	-103263.425	-16277.678	-86985.747	-4471.368
480000000	-103273.502	-16322.929	-86950.572	-4516.273
481000000	-103294.895	-16351.542	-86943.353	-4544.285
482000000	-103170.574	-16228.492	-86942.081	-4422.184
483000000	-103200.221	-16244.624	-86955.597	-4438.345
484000000	-103180.353	-16162.175	-87018.178	-4355.945
485000000	-102990.395	-16082.739	-86907.656	-4276.081
486000000	-103146.853	-16145.216	-87001.637	-4338.646
487000000	-103192.581	-16197.970	-86994.612	-4391.451
488000000	-103137.525	-16167.401	-86970.124	-4361.317
489000000	-103038.136	-16056.259	-86981.878	-4249.938
490000000	-103000.465	-16093.381	-86907.084	-4286.622
491000000	-103122.558	-16170.031	-86952.527	-4363.796
492000000	-103182.962	-16172.409	-87010.553	-4365.787
493000000	-103242.204	-16289.128	-86953.076	-4482.135
494000000	-103077.473	-16118.571	-86958.902	-4312.012
495000000	-103083.771	-16141.063	-86942.708	-4334.819
496000000	-103123.251	-16176.957	-86946.294	-4369.884
497000000	-103068.284	-16142.047	-86926.236	-4336.727
498000000	-103224.560	-16307.765	-86916.795	-4500.521
499000000	-103168.688	-16178.297	-86990.391	-4371.790
500000000	-103140.771	-16152.608	-86988.163	-4346.508
501000000	-103192.950	-16230.969	-86961.981	-4423.689
502000000	-103132.401	-16140.950	-86991.451	-4334.188
503000000	-103287.609	-16337.183	-86950.426	-4530.214
504000000	-103133.330	-16153.152	-86980.178	-4347.484
505000000	-103158.622	-16223.274	-86935.348	-4416.992
506000000	-103168.445	-16275.557	-86892.889	-4468.410
507000000	-103190.477	-16277.527	-86912.950	-4471.242
508000000	-103193.943	-16213.285	-86980.657	-4406.449
509000000	-103125.930	-16163.847	-86962.084	-4357.034
510000000	-103208.770	-16236.959	-86971.812	-4430.423
511000000	-103267.370	-16299.538	-86967.833	-4492.572
512000000	-103220.284	-16259.253	-86961.031	-4452.950
513000000	-103289.537	-16382.900	-86906.637	-4575.064
514000000	-103443.505	-16516.922	-86926.583	-4709.549
515000000	-103227.855	-16312.040	-86915.815	-4505.874
516000000	-103409.972	-16427.176	-86982.797	-4620.283
517000000	-103330.760	-16412.400	-86918.359	-4605.094
518000000	-103254.219	-16280.024	-86974.196	-4473.876
519000000	-103209.974	-16319.724	-86890.250	-4512.677
520000000	-103235.476	-16279.471	-86956.006	-4472.570
521000000	-103128.175	-16224.322	-86903.854	-4418.003
522000000	-103189.534	-16201.847	-86987.686	-4395.600
523000000	-103209.099	-16250.033	-86959.066	-4443.609
524000000	-103129.431	-16201.539	-86927.892	-4394.661
525000000	-103096.295	-16149.604	-86946.691	-4343.144
526000000	-103130.486	-16194.089	-86936.398	-4387.279
527000000	-103062.219	-16160.846	-86901.372	-4354.751
528000000	-103090.738	-16139.827	-86950.911	-4333.963
529000000	-102944.418	-16010.453	-86933.965	-4203.677
530000000	-103016.219	-16099.183	-86917.037	-4292.700
531000000	-103158.596	-16177.154	-86981.442	-4370.257
532000000	-103008.287	-16070.320	-86937.968	-4264.612
533000000	-103056.268	-16119.321	-86936.947	-4313.202
534000000	-103070.059	-16153.956	-86916.103	-4347.308
535000000	-103013.998	-16106.023	-86907.975	-4300.048
536000000	-103315.578	-16362.520	-86953.057	-4555.746
537000000	-103179.494	-16226.558	-86952.936	-4420.710
538000000	-103161.978	-16216.017	-86945.960	-4409.707
539000000	-103182.935	-16230.205	-86952.730	-4424.012
540000000	-103268.350	-16293.013	-86975.337	-4486.452
541000000	-103337.289	-16329.688	-87007.601	-4523.361
542000000	-103106.838	-16177.347	-86929.491	-4370.921
543000000	-103097.234	-16105.020	-86992.215	-4298.548
544000000	-103123.762	-16201.965	-86921.797	-4395.866
545000000	-103161.228	-16218.094	-86943.134	-4411.341
546000000	-103226.910	-16240.769	-86986.141	-4434.368
547000000	-103299.585	-16317.552	-86982.034	-4510.570
548000000	-103187.645	-16212.853	-86974.792	-4407.192
549000000	-103146.341	-16165.245	-86981.096	-4358.628
550000000	-103106.675	-16128.126	-86978.549	-4321.750
551000000	-103016.573	-16063.877	-86952.696	-4257.580
552000000	-103263.408	-16245.860	-87017.548	-4438.972
553000000	-103145.215	-16120.338	-87024.877	-4313.268
554000000	-103070.284	-16101.922	-86968.362	-4295.880
555000000	-103033.424	-16146.017	-86887.407	-4339.578
556000000	-103113.078	-16141.729	-86971.349	-4335.461
557000000	-103210.941	-16216.508	-86994.433	-4409.798
558000000	-103142.882	-16137.472	-87005.410	-4330.983
559000000	-103118.702	-16196.365	-86922.337	-4389.495
560000000	-103282.538	-16294.523	-86988.015	-4487.587
561000000	-103298.712	-16355.681	-86943.030	-4548.700
562000000	-103129.809	-16165.817	-86963.992	-4359.497
563000000	-103065.049	-16126.403	-86938.645	-4320.321
564000000	-103107.593	-16151.233	-86956.360	-4344.981
565000000	-103204.571	-16269.213	-86935.358	-4463.384
566000000	-103203.432	-16226.224	-86977.208	-4420.001
567000000	-103043.464	-16157.993	-86885.471	-4351.599
568000000	-103196.573	-16272.866	-86923.706	-4466.236
569000000	-103243.817	-16240.817	-87003.000	-4433.186
570000000	-103232.100	-16293.491	-86938.609	-4487.087
571000000	-103299.894	-16324.760	-86975.134	-4518.846
572000000	-103084.467	-16138.118	-86946.349	-4332.575
573000000	-103360.511	-16396.984	-86963.527	-4590.244
574000000	-103210.300	-16275.226	-86935.074	-4468.610
575000000	-103174.753	-16245.278	-86929.475	-4437.796
576000000	-103095.817	-16149.047	-86946.770	-4342.507
577000000	-103222.599	-16290.668	-86931.931	-4483.606
578000000	-103074.143	-16173.988	-86900.155	-4367.867
579000000	-103197.650	-16225.396	-86972.254	-4418.776
580000000	-103281.792	-16310.225	-86971.567	-4503.420
581000000	-103264.564	-16302.921	-86961.643	-4496.124
582000000	-103221.091	-16296.874	-86924.218	-4490.589
583000000	-103224.360	-16307.392	-86916.968	-4501.356
584000000	-103157.849	-16191.847	-86966.002	-4385.820
585000000	-103349.449	-16359.109	-86990.340	-4552.309
586000000	-103169.688	-16223.381	-86946.308	-4417.351
587000000	-103128.176	-16167.657	-86960.519	-4361.610
588000000	-103235.966	-16241.027	-86994.940	-4434.756
589000000	-103294.133	-16320.455	-86973.678	-4513.260
590000000	-103093.977	-16124.468	-86969.509	-4318.299
591000000	-103194.122	-16215.080	-86979.042	-4408.312
592000000	-103271.312	-16279.589	-86991.723	-4473.404
593000000	-103132.347	-16202.446	-86929.901	-4395.814
594000000	-103052.246	-16151.837	-86900.409	-4345.917
595000000	-103235.397	-16277.283	-86958.114	-4470.808
596000000	-103108.524	-16167.664	-86940.859	-4360.939
597000000	-103119.478	-16167.159	-86952.319	-4360.579
598000000	-103139.579	-16167.213	-86972.366	-4360.393
599000000	-103095.108	-16135.527	-86959.581	-4328.994
600000000	-103150.376	-16200.243	-86950.132	-4393.494
601000000	-103314.595	-16345.807	-86968.788	-4538.028
602000000	-103153.995	-16201.642	-86952.353	-4394.480
603000000	-103257.778	-16296.647	-86961.130	-4489.424
604000000	-103173.804	-16225.998	-86947.806	-4420.206
605000000	-103231.871	-16267.286	-86964.585	-4460.744
606000000	-103203.726	-16259.880	-86943.846	-4452.848
607000000	-103021.856	-16110.712	-86911.144	-4304.801
608000000	-103209.371	-16226.370	-86983.001	-4419.345
609000000	-103142.118	-16196.725	-86945.393	-4390.413
610000000	-103199.687	-16254.263	-86945.424	-4447.326
611000000	-103250.673	-16268.311	-86982.362	-4462.405
612000000	-103253.659	-16283.822	-86969.837	-4477.022
613000000	-103350.012	-16362.279	-86987.733	-4554.919
614000000	-103191.415	-16247.932	-86943.483	-4441.292
615000000	-103192.061	-16249.527	-86942.534	-4442.554
616000000	-103129.741	-16177.463	-86952.279	-4371.103
617000000	-103032.233	-16096.893	-86935.339	-4290.010
618000000	-103241.705	-16284.778	-86956.927	-4476.917
619000000	-103098.945	-16159.810	-86939.135	-4352.951
620000000	-103134.458	-16192.835	-86941.624	-4386.080
621000000	-103027.222	-16101.072	-86926.150	-4294.678
622000000	-103094.590	-16156.829	-86937.761	-4349.836
623000000	-103069.893	-16080.324	-86989.570	-4274.077
624000000	-103216.181	-16205.523	-87010.658	-4398.482
625000000	-103253.821	-16249.181	-87004.639	-4442.396
626000000	-103256.397	-16314.664	-86941.733	-4507.845
627000000	-103129.846	-16233.782	-86896.064	-4427.312
628000000	-103181.910	-16252.602	-86929.308	-4446.158
629000000	-103123.313	-16145.443	-86977.870	-4338.756
630000000	-103133.135	-16211.642	-86921.492	-4405.228
631000000	-103269.991	-16354.079	-86915.912	-4546.259
632000000	-103385.418	-16421.612	-86963.805	-4615.086
633000000	-103296.174	-16354.163	-86942.011	-4547.305
634000000	-103227.273	-16263.969	-86963.304	-4457.305
635000000	-103183.098	-16213.184	-86969.915	-4407.200
636000000	-103159.446	-16240.122	-86919.325	-4433.528
637000000	-103186.220	-16220.040	-86966.181	-4413.512
638000000	-103033.288	-16069.037	-86964.251	-4262.674
639000000	-103077.143	-16171.369	-86905.773	-4364.704
640000000	-103121.706	-16181.366	-86940.340	-4375.350
641000000	-103013.177	-16101.180	-86911.996	-4295.543
642000000	-103052.449	-16111.889	-86940.560	-4305.859
643000000	-103041.105	-15981.406	-87059.700	-4175.448
644000000	-103090.656	-16073.596	-87017.060	-4267.859
645000000	-103152.477	-16151.237	-87001.240	-4344.262
646000000	-103181.207	-16249.399	-86931.807	-4443.006
647000000	-103040.130	-16113.668	-86926.462	-4307.314
648000000	-103236.358	-16281.771	-86954.587	-4474.915
649000000	-103190.817	-16245.932	-86944.885	-4438.762
650000000	-103202.226	-16193.676	-87008.550	-4386.355
651000000	-103118.360	-16198.306	-86920.053	-4391.899
652000000	-103228.860	-16322.424	-86906.436	-4515.522
653000000	-103264.449	-16347.964	-86916.485	-4540.981
654000000	-103145.093	-16137.829	-87007.264	-4331.338
655000000	-103237.553	-16272.479	-86965.073	-4465.821
656000000	-103091.083	-16149.995	-86941.088	-4343.389
657000000	-103306.434	-16337.127	-86969.307	-4530.369
658000000	-103147.672	-16243.083	-86904.589	-4436.400
659000000	-103058.871	-16121.862	-86937.009	-4316.170
660000000	-103142.588	-16169.324	-86973.264	-4362.855
661000000	-103158.748	-16186.657	-86972.091	-4380.548
662000000	-103164.994	-16173.028	-86991.966	-4366.033
663000000	-103067.505	-16127.551	-86939.954	-4321.331
664000000	-103111.961	-16201.665	-86910.296	-4395.112
665000000	-103304.504	-16353.539	-86950.965	-4547.203
666000000	-103239.340	-16251.115	-86988.225	-4444.773
667000000	-103282.524	-16313.021	-86969.502	-4506.225
668000000	-103323.123	-16357.282	-86965.841	-4550.666
669000000	-103203.394	-16274.852	-86928.542	-4468.325
670000000	-103239.106	-16320.208	-86918.898	-4513.039
671000000	-103134.578	-16253.657	-86880.922	-4447.016
672000000	-103158.577	-16234.420	-86924.157	-4427.985
673000000	-103070.696	-16113.537	-86957.159	-4307.595
674000000	-103233.211	-16271.625	-86961.586	-4464.603
675000000	-103050.213	-16168.422	-86881.791	-4361.754
676000000	-102998.825	-16072.494	-86926.332	-4266.060
677000000	-103091.312	-16100.920	-86990.392	-4294.546
678000000	-103048.935	-16109.666	-86939.269	-4303.149
679000000	-102998.444	-16125.947	-86872.497	-4319.087
680000000	-103167.542	-16261.936	-86905.606	-4455.282
681000000	-103117.739	-16177.634	-86940.105	-4370.645
682000000	-103225.504	-16237.929	-86987.575	-4430.169
683000000	-103017.991	-16129.238	-86888.754	-4322.822
684000000	-103162.608	-16211.464	-86951.144	-4404.130
685000000	-103220.297	-16272.600	-86947.696	-4466.105
686000000	-102983.033	-16064.098	-86918.935	-4257.636
687000000	-103137.129	-16230.038	-86907.092	-4423.271
688000000	-103148.234	-16200.904	-86947.330	-4394.298
689000000	-103132.872	-16204.256	-86928.616	-4398.030
690000000	-103034.681	-16143.492	-86891.190	-4337.411
691000000	-103165.722	-16192.267	-86973.455	-4386.149
692000000	-103083.425	-16141.765	-86941.660	-4336.191
693000000	-103202.551	-16302.932	-86899.619	-4495.949
694000000	-103112.704	-16194.073	-86918.631	-4387.146
695000000	-103115.007	-16159.073	-86955.934	-4352.428
696000000	-103133.284	-16157.507	-86975.777	-4350.908
697000000	-103195.616	-16239.609	-86956.007	-4433.013
698000000	-103123.139	-16144.782	-86978.357	-4338.545
699000000	-103141.774	-16186.517	-86955.257	-4379.771
700000000	-103259.250	-16249.462	-87009.788	-4441.961
701000000	-103185.222	-16221.331	-86963.891	-4414.345
702000000	-103131.078	-16165.031	-86966.047	-4358.327
703000000	-103259.726	-16279.932	-86979.793	-4473.252
704000000	-103213.334	-16219.085	-86994.249	-4412.039
705000000	-103086.538	-16104.520	-86982.018	-4297.784
706000000	-103129.575	-16120.743	-87008.832	-4314.293
707000000	-103113.780	-16123.475	-86990.305	-4316.540
708000000	-103020.718	-16057.432	-86963.285	-4250.920
709000000	-103152.901	-16208.320	-86944.581	-4401.607
710000000	-102960.248	-16038.835	-86921.413	-4232.641
711000000	-103125.916	-16203.465	-86922.452	-4396.886
712000000	-103298.922	-16359.699	-86939.224	-4552.865
713000000	-103196.635	-16280.491	-86916.144	-4473.831
714000000	-103193.880	-16286.778	-86907.101	-4479.895
715000000	-103217.185	-16331.898	-86885.287	-4524.610
716000000	-103244.589	-16274.463	-86970.127	-4467.586
717000000	-103215.075	-16321.056	-86894.019	-4514.518
718000000	-103117.437	-16191.250	-86926.188	-4384.569
719000000	-103057.588	-16098.634	-86958.954	-4292.588
720000000	-103104.259	-16197.941	-86906.318	-4390.563
721000000	-103097.606	-16127.592	-86970.014	-4321.198
722000000	-103164.444	-16150.564	-87013.880	-4343.990
723000000	-103147.457	-16223.218	-86924.239	-4416.210
724000000	-103320.791	-16350.552	-86970.239	-4543.378
725000000	-103198.149	-16214.026	-86984.123	-4407.691
726000000	-103163.356	-16208.308	-86955.048	-4402.234
727000000	-103233.298	-16255.925	-86977.372	-4448.747
728000000	-103001.512	-16056.671	-86944.842	-4250.942
729000000	-103077.529	-16162.760	-86914.770	-4356.031
730000000	-103186.054	-16213.829	-86972.224	-4406.536
731000000	-103015.440	-16082.635	-86932.805	-4276.741
732000000	-103073.921	-16149.628	-86924.294	-4342.880
733000000	-103100.676	-16159.994	-86940.682	-4353.236
734000000	-103060.308	-16135.747	-86924.561	-4329.180
735000000	-102989.361	-16109.172	-86880.189	-4302.760
736000000	-103005.195	-16091.114	-86914.081	-4284.807
737000000	-103120.792	-16164.693	-86956.100	-4358.375
738000000	-103136.535	-16191.629	-86944.906	-4385.229
739000000	-103018.687	-16077.873	-86940.814	-4272.238
740000000	-103302.570	-16363.643	-86938.927	-4555.789
741000000	-103186.158	-16266.956	-86919.203	-4461.262
742000000	-103309.039	-16407.540	-86901.499	-4600.538
743000000	-103384.714	-16413.194	-86971.521	-4605.769
744000000	-103335.494	-16399.889	-86935.605	-4593.043
745000000	-103148.868	-16192.409	-86956.459	-4385.675
746000000	-103073.422	-16156.087	-86917.335	-4350.209
747000000	-103201.974	-16253.587	-86948.388	-4447.412
748000000	-103149.828	-16208.449	-86941.378	-4402.037
749000000	-103182.987	-16294.168	-86888.820	-4488.177
750000000	-103160.083	-16211.536	-86948.547	-4405.284
751000000	-103265.427	-16321.178	-86944.249	-4514.468
752000000	-103203.254	-16278.970	-86924.284	-4472.490
753000000	-103208.978	-16296.268	-86912.709	-4489.077
754000000	-103139.041	-16220.428	-86918.613	-4413.230
755000000	-103161.758	-16275.482	-86886.276	-4468.476
756000000	-103291.416	-16352.189	-86939.227	-4545.437
757000000	-103221.948	-16286.883	-86935.066	-4479.736
758000000	-103126.144	-16204.710	-86921.435	-4398.358
759000000	-103261.783	-16286.906	-86974.877	-4480.168
760000000	-103174.012	-16191.590	-86982.421	-4384.862
761000000	-103139.974	-16213.675	-86926.299	-4406.503
762000000	-103059.067	-16089.490	-86969.576	-4283.543
763000000	-103077.914	-16164.650	-86913.263	-4358.142
764000000	-103097.614	-16113.999	-86983.615	-4307.839
765000000	-103023.681	-16083.352	-86940.329	-4277.222
766000000	-103136.684	-16271.792	-86864.892	-4465.777
767000000	-103202.083	-16296.312	-86905.771	-4490.061
768000000	-103188.385	-16283.789	-86904.596	-4477.669
769000000	-103193.020	-16232.822	-86960.199	-4425.861
770000000	-103271.453	-16280.776	-86990.677	-4473.993
771000000	-103129.910	-16201.904	-86928.005	-4396.102
772000000	-103043.075	-16145.998	-86897.077	-4339.157
773000000	-103023.936	-16101.807	-86922.128	-4295.015
774000000	-103047.856	-16064.879	-86982.977	-4259.305
775000000	-103110.278	-16135.332	-86974.946	-4328.869
776000000	-103236.121	-16268.228	-86967.893	-4461.039
777000000	-103344.039	-16397.099	-86946.940	-4590.270
778000000	-103221.118	-16316.191	-86904.926	-4509.860
779000000	-103049.947	-16146.067	-86903.881	-4340.176
780000000	-103031.784	-16110.161	-86921.624	-4303.650
781000000	-103114.787	-16225.675	-86889.112	-4419.018
782000000	-103309.846	-16309.249	-87000.598	-4502.222
783000000	-103281.302	-16306.591	-86974.711	-4498.989
784000000	-103129.870	-16195.447	-86934.424	-4388.447
785000000	-103328.978	-16333.827	-86995.151	-4527.040
786000000	-103252.271	-16273.368	-86978.903	-4466.307
787000000	-103198.270	-16247.909	-86950.360	-4441.624
788000000	-103207.182	-16249.441	-86957.741	-4442.812
789000000	-103026.573	-16089.320	-86937.252	-4284.155
790000000	-103143.939	-16186.401	-86957.538	-4380.224
791000000	-103099.810	-16124.498	-86975.312	-4318.164
792000000	-103311.241	-16307.359	-87003.882	-4500.712
793000000	-103066.386	-16073.200	-86993.186	-4266.982
794000000	-103106.693	-16158.422	-86948.271	-4351.768
795000000	-103328.346	-16323.986	-87004.360	-4517.346
796000000	-103052.646	-16113.492	-86939.154	-4307.403
797000000	-102979.469	-16052.639	-86926.830	-4246.426
798000000	-103247.385	-16291.513	-86955.872	-4484.465
799000000	-103274.027	-16299.965	-86974.062	-4492.418
800000000	-103310.990	-16331.918	-86979.072	-4524.917
