state	posterior	prior	likelihood	skygrid
1000000	-103122.463	-16207.649	-86914.813	-4402.031
2000000	-103213.702	-16226.829	-86986.873	-4420.376
3000000	-103122.095	-16133.761	-86988.334	-4328.241
4000000	-103239.403	-16280.932	-86958.471	-4474.050
5000000	-103133.948	-16184.504	-86949.443	-4378.070
6000000	-103100.606	-16112.938	-86987.668	-4306.369
7000000	-103226.700	-16298.355	-86928.344	-4491.363
8000000	-103198.894	-16236.391	-86962.502	-4430.238
9000000	-103357.504	-16372.548	-86984.956	-4565.363
10000000	-103177.489	-16266.603	-86910.885	-4459.883
11000000	-103311.174	-16346.400	-86964.774	-4539.287
12000000	-103095.932	-16118.560	-86977.372	-4311.590
13000000	-103140.654	-16186.163	-86954.491	-4379.381
14000000	-103159.842	-16218.122	-86941.720	-4411.418
15000000	-103118.712	-16144.329	-86974.383	-4337.573
16000000	-103301.395	-16321.449	-86979.946	-4514.639
17000000	-103344.698	-16365.376	-86979.322	-4558.282
18000000	-103137.512	-16240.393	-86897.119	-4433.668
19000000	-103193.458	-16218.876	-86974.582	-4412.471
20000000	-103041.275	-16092.349	-86948.926	-4286.310
21000000	-103198.563	-16269.009	-86929.554	-4461.701
22000000	-103223.525	-16275.369	-86948.156	-4468.610
23000000	-103216.043	-16224.932	-86991.112	-4417.436
24000000	-103193.698	-16212.713	-86980.985	-4406.046
25000000	-103265.634	-16313.589	-86952.045	-4506.629
26000000	-103284.780	-16325.862	-86958.918	-4519.731
27000000	-103264.322	-16301.561	-86962.761	-4494.383
28000000	-103215.142	-16240.888	-86974.254	-4434.142
29000000	-103286.933	-16341.390	-86945.543	-4534.611
30000000	-103212.128	-16228.348	-86983.779	-4421.826
31000000	-103203.748	-16259.123	-86944.625	-4452.199
32000000	-103267.926	-16268.033	-86999.892	-4461.383
33000000	-103293.655	-16311.260	-86982.395	-4504.846
34000000	-103143.694	-16161.753	-86981.941	-4356.224
35000000	-103167.818	-16213.383	-86954.435	-4407.008
36000000	-103221.894	-16233.791	-86988.103	-4427.324
37000000	-103263.091	-16282.563	-86980.528	-4475.873
38000000	-103119.086	-16183.546	-86935.539	-4377.414
39000000	-103179.054	-16181.670	-86997.384	-4375.714
40000000	-103170.993	-16190.917	-86980.077	-4384.336
41000000	-103279.781	-16320.847	-86958.934	-4514.384
42000000	-103183.676	-16211.681	-86971.995	-4405.233
43000000	-103208.685	-16228.350	-86980.335	-4421.223
44000000	-103254.595	-16248.960	-87005.635	-4441.739
45000000	-103194.902	-16296.381	-86898.521	-4489.083
46000000	-103320.656	-16302.589	-87018.067	-4495.450
47000000	-103186.903	-16252.610	-86934.293	-4445.913
48000000	-103238.841	-16252.785	-86986.056	-4445.705
49000000	-103229.408	-16241.393	-86988.015	-4434.935
50000000	-103201.070	-16225.911	-86975.158	-4419.289
51000000	-103094.007	-16111.441	-86982.566	-4304.841
52000000	-103251.152	-16233.425	-87017.726	-4427.394
53000000	-103062.639	-16105.592	-86957.048	-4299.665
54000000	-103106.863	-16169.834	-86937.029	-4363.258
55000000	-103120.079	-16201.983	-86918.096	-4395.703
56000000	-103115.448	-16170.800	-86944.647	-4364.148
57000000	-103215.594	-16264.196	-86951.398	-4457.410
58000000	-103207.011	-16182.135	-87024.876	-4375.816
59000000	-103282.793	-16316.865	-86965.928	-4509.570
60000000	-103227.171	-16244.635	-86982.535	-4439.118
61000000	-103220.112	-16253.717	-86966.394	-4447.117
62000000	-103389.301	-16452.911	-86936.390	-4644.808
63000000	-103392.610	-16434.184	-86958.426	-4626.862
64000000	-103270.581	-16323.561	-86947.020	-4516.579
65000000	-103111.402	-16156.336	-86955.066	-4351.204
66000000	-103313.971	-16317.517	-86996.454	-4511.057
67000000	-103236.129	-16252.940	-86983.189	-4446.327
68000000	-103253.452	-16274.481	-86978.971	-4467.542
69000000	-103242.226	-16251.856	-86990.370	-4445.120
70000000	-103259.716	-16327.305	-86932.412	-4520.620
71000000	-103188.754	-16226.347	-86962.407	-4419.834
72000000	-103210.727	-16230.408	-86980.318	-4423.652
73000000	-103126.092	-16206.199	-86919.893	-4400.288
74000000	-103319.067	-16322.046	-86997.020	-4515.154
75000000	-103278.168	-16321.389	-86956.778	-4514.764
76000000	-103425.566	-16441.622	-86983.943	-4634.058
77000000	-103271.643	-16296.429	-86975.214	-4489.908
78000000	-103365.632	-16441.076	-86924.556	-4634.670
79000000	-103101.942	-16151.618	-86950.324	-4345.299
80000000	-103133.732	-16187.497	-86946.235	-4380.608
81000000	-103220.519	-16280.709	-86939.810	-4474.170
82000000	-103265.399	-16312.025	-86953.374	-4505.665
83000000	-103245.170	-16326.928	-86918.242	-4519.679
84000000	-103154.904	-16213.399	-86941.504	-4407.412
85000000	-103148.076	-16136.954	-87011.123	-4330.761
86000000	-103306.848	-16281.000	-87025.849	-4474.624
87000000	-103141.674	-16179.091	-86962.583	-4373.153
88000000	-103260.156	-16266.785	-86993.371	-4460.258
89000000	-103131.927	-16191.543	-86940.385	-4384.870
90000000	-103000.589	-16039.503	-86961.086	-4233.647
91000000	-103280.650	-16305.261	-86975.389	-4498.524
92000000	-103067.853	-16127.238	-86940.615	-4320.202
93000000	-103179.222	-16224.305	-86954.916	-4417.721
94000000	-103078.823	-16066.654	-87012.169	-4260.973
95000000	-102986.653	-16042.425	-86944.228	-4236.356
96000000	-103058.963	-16074.712	-86984.251	-4268.732
97000000	-103021.279	-16060.584	-86960.695	-4254.317
98000000	-102943.125	-15995.694	-86947.431	-4189.621
99000000	-103061.897	-16105.718	-86956.180	-4299.432
100000000	-103146.309	-16182.862	-86963.448	-4376.090
101000000	-103116.549	-16144.886	-86971.662	-4338.165
102000000	-103101.486	-16190.403	-86911.084	-4383.370
103000000	-103035.775	-16123.611	-86912.164	-4317.367
104000000	-102985.569	-16060.537	-86925.031	-4253.687
105000000	-103041.474	-16035.063	-87006.411	-4228.224
106000000	-103134.603	-16179.933	-86954.670	-4373.102
107000000	-103181.942	-16184.908	-86997.035	-4378.160
108000000	-103144.144	-16172.867	-86971.277	-4366.300
109000000	-103138.277	-16151.306	-86986.971	-4344.284
110000000	-103098.907	-16183.909	-86914.999	-4377.570
111000000	-103298.979	-16319.876	-86979.103	-4512.883
112000000	-103236.491	-16250.124	-86986.366	-4443.662
113000000	-103123.897	-16171.749	-86952.148	-4364.545
114000000	-103139.182	-16120.715	-87018.467	-4314.737
115000000	-103173.681	-16259.179	-86914.503	-4452.335
116000000	-103181.086	-16170.993	-87010.092	-4364.149
117000000	-103197.197	-16225.222	-86971.975	-4418.046
118000000	-103259.124	-16336.693	-86922.431	-4529.537
119000000	-103067.062	-16134.302	-86932.760	-4327.441
120000000	-103041.360	-16145.142	-86896.218	-4338.546
121000000	-103161.166	-16139.668	-87021.498	-4333.312
122000000	-103192.778	-16222.413	-86970.365	-4415.516
123000000	-103064.969	-16125.962	-86939.007	-4319.782
124000000	-103330.925	-16380.228	-86950.697	-4572.738
125000000	-103275.027	-16236.537	-87038.490	-4429.668
126000000	-103314.755	-16352.142	-86962.613	-4544.969
127000000	-103258.883	-16297.204	-86961.679	-4490.002
128000000	-103285.644	-16260.263	-87025.382	-4453.719
129000000	-103307.731	-16317.613	-86990.118	-4510.810
130000000	-103291.704	-16300.819	-86990.885	-4493.403
131000000	-103266.942	-16314.115	-86952.827	-4507.647
132000000	-103245.523	-16290.138	-86955.385	-4483.810
133000000	-103173.955	-16221.856	-86952.099	-4415.298
134000000	-103192.589	-16192.169	-87000.421	-4385.987
135000000	-103078.889	-16147.966	-86930.923	-4341.584
136000000	-103089.882	-16159.704	-86930.178	-4352.909
137000000	-103256.076	-16275.410	-86980.667	-4468.436
138000000	-103312.774	-16309.568	-87003.206	-4503.275
139000000	-103307.251	-16292.248	-87015.003	-4485.248
140000000	-103081.236	-16137.100	-86944.136	-4330.420
141000000	-103205.475	-16228.975	-86976.500	-4422.625
142000000	-103222.076	-16232.180	-86989.896	-4425.293
143000000	-103275.087	-16294.286	-86980.801	-4487.620
144000000	-103172.349	-16095.145	-87077.204	-4288.597
145000000	-102975.297	-16020.328	-86954.969	-4213.435
146000000	-103135.859	-16141.911	-86993.947	-4335.344
147000000	-103121.067	-16156.132	-86964.935	-4349.293
148000000	-103215.127	-16260.487	-86954.639	-4453.464
149000000	-103244.297	-16217.555	-87026.742	-4410.663
150000000	-102975.227	-16025.112	-86950.115	-4219.742
151000000	-103063.514	-16129.592	-86933.922	-4322.688
152000000	-103130.742	-16137.705	-86993.036	-4330.822
153000000	-103079.833	-16128.489	-86951.344	-4322.059
154000000	-103132.006	-16181.908	-86950.098	-4374.742
155000000	-103131.017	-16135.587	-86995.429	-4329.503
156000000	-103186.836	-16196.264	-86990.572	-4390.035
157000000	-103069.320	-16089.559	-86979.761	-4283.809
158000000	-103031.401	-16077.555	-86953.846	-4270.916
159000000	-103225.734	-16209.543	-87016.191	-4402.933
160000000	-103250.952	-16280.871	-86970.081	-4474.506
161000000	-103220.459	-16262.587	-86957.873	-4456.209
162000000	-103337.950	-16284.198	-87053.752	-4477.825
163000000	-103228.188	-16264.370	-86963.817	-4457.646
164000000	-103211.159	-16297.463	-86913.696	-4491.030
165000000	-103267.580	-16312.714	-86954.866	-4506.369
166000000	-103056.217	-16138.182	-86918.035	-4331.511
167000000	-103190.441	-16235.222	-86955.219	-4427.828
168000000	-103096.799	-16105.356	-86991.443	-4298.697
169000000	-103117.119	-16136.829	-86980.291	-4330.273
170000000	-103219.329	-16282.353	-86936.976	-4476.410
171000000	-102987.723	-16086.677	-86901.046	-4280.563
172000000	-103126.249	-16161.994	-86964.255	-4356.218
173000000	-103306.285	-16285.697	-87020.588	-4479.258
174000000	-103258.303	-16233.141	-87025.162	-4426.998
175000000	-103240.588	-16273.414	-86967.174	-4466.022
176000000	-103294.298	-16310.152	-86984.146	-4504.229
177000000	-103129.719	-16193.546	-86936.174	-4386.921
178000000	-103168.941	-16166.852	-87002.089	-4360.343
179000000	-103277.122	-16356.017	-86921.105	-4548.856
180000000	-103340.057	-16327.703	-87012.355	-4520.774
181000000	-103157.939	-16259.111	-86898.828	-4452.894
182000000	-103300.185	-16341.170	-86959.015	-4534.380
183000000	-103302.721	-16328.302	-86974.419	-4521.834
184000000	-103436.766	-16485.621	-86951.145	-4678.768
185000000	-103221.375	-16279.281	-86942.094	-4473.174
186000000	-103233.572	-16280.931	-86952.641	-4474.260
187000000	-103082.464	-16116.699	-86965.765	-4310.262
188000000	-103328.043	-16327.715	-87000.328	-4520.512
189000000	-103096.655	-16181.886	-86914.770	-4375.678
190000000	-103294.680	-16367.554	-86927.125	-4560.601
191000000	-103155.067	-16223.448	-86931.619	-4416.985
192000000	-103118.313	-16210.690	-86907.623	-4403.705
193000000	-103184.316	-16285.472	-86898.844	-4478.619
194000000	-103209.832	-16276.531	-86933.300	-4469.868
195000000	-103193.298	-16286.060	-86907.238	-4479.274
196000000	-103099.763	-16192.096	-86907.667	-4386.401
197000000	-103145.024	-16172.861	-86972.163	-4366.222
198000000	-103178.356	-16164.159	-87014.197	-4357.928
199000000	-103138.259	-16174.606	-86963.652	-4368.392
200000000	-103081.236	-16144.415	-86936.821	-4337.742
