state	pscore
1000000	1496
2000000	1495
3000000	1496
4000000	1495
5000000	1495
6000000	1498
7000000	1498
8000000	1497
9000000	1496
10000000	1497
11000000	1498
12000000	1496
13000000	1497
14000000	1495
15000000	1495
16000000	1495
17000000	1496
18000000	1498
19000000	1497
20000000	1496
21000000	1496
22000000	1494
23000000	1495
24000000	1494
25000000	1496
26000000	1496
27000000	1496
28000000	1496
29000000	1495
30000000	1493
31000000	1495
32000000	1495
33000000	1497
34000000	1496
35000000	1495
36000000	1496
37000000	1495
38000000	1496
39000000	1495
40000000	1496
41000000	1495
42000000	1495
43000000	1495
44000000	1495
45000000	1496
46000000	1495
47000000	1496
48000000	1495
49000000	1497
50000000	1495
51000000	1495
52000000	1495
53000000	1498
54000000	1495
55000000	1494
56000000	1497
57000000	1497
58000000	1496
59000000	1494
60000000	1499
61000000	1496
62000000	1497
63000000	1494
64000000	1496
65000000	1493
66000000	1497
67000000	1495
68000000	1496
69000000	1496
70000000	1497
71000000	1495
72000000	1501
73000000	1496
74000000	1494
75000000	1495
76000000	1494
77000000	1495
78000000	1494
79000000	1498
80000000	1495
81000000	1494
82000000	1496
83000000	1495
84000000	1495
85000000	1496
86000000	1495
87000000	1494
88000000	1496
89000000	1495
90000000	1495
91000000	1494
92000000	1495
93000000	1494
94000000	1495
95000000	1496
96000000	1500
97000000	1494
98000000	1496
99000000	1496
100000000	1496
101000000	1498
102000000	1495
103000000	1500
104000000	1497
105000000	1496
106000000	1493
107000000	1497
108000000	1496
109000000	1496
110000000	1495
111000000	1497
112000000	1495
113000000	1496
114000000	1496
115000000	1494
116000000	1497
117000000	1495
118000000	1494
119000000	1494
120000000	1494
121000000	1498
122000000	1495
123000000	1495
124000000	1495
125000000	1496
126000000	1494
127000000	1495
128000000	1496
129000000	1499
130000000	1494
131000000	1493
132000000	1494
133000000	1496
134000000	1495
135000000	1494
136000000	1496
137000000	1496
138000000	1495
139000000	1497
140000000	1495
141000000	1496
142000000	1496
143000000	1496
144000000	1496
145000000	1495
146000000	1497
147000000	1494
148000000	1499
149000000	1495
150000000	1494
151000000	1496
152000000	1495
153000000	1495
154000000	1496
155000000	1497
156000000	1495
157000000	1496
158000000	1495
159000000	1496
160000000	1494
161000000	1495
162000000	1496
163000000	1496
164000000	1501
165000000	1495
166000000	1495
167000000	1495
168000000	1497
169000000	1494
170000000	1500
171000000	1495
172000000	1494
173000000	1496
174000000	1501
175000000	1494
176000000	1499
177000000	1496
178000000	1494
179000000	1496
180000000	1494
181000000	1496
182000000	1498
183000000	1495
184000000	1495
185000000	1495
186000000	1494
187000000	1495
188000000	1494
189000000	1495
190000000	1495
191000000	1495
192000000	1495
193000000	1497
194000000	1497
195000000	1494
196000000	1497
197000000	1497
198000000	1498
199000000	1498
200000000	1496
201000000	1495
202000000	1496
203000000	1496
204000000	1498
205000000	1498
206000000	1495
207000000	1496
208000000	1499
209000000	1498
210000000	1497
211000000	1496
212000000	1499
213000000	1498
214000000	1495
215000000	1497
216000000	1498
217000000	1496
218000000	1497
219000000	1497
220000000	1495
221000000	1497
222000000	1498
223000000	1496
224000000	1498
225000000	1497
226000000	1496
227000000	1496
228000000	1495
229000000	1498
230000000	1495
231000000	1497
232000000	1497
233000000	1495
234000000	1494
235000000	1495
236000000	1495
237000000	1496
238000000	1494
239000000	1496
240000000	1496
241000000	1495
242000000	1495
243000000	1500
244000000	1495
245000000	1495
246000000	1498
247000000	1495
248000000	1496
249000000	1497
250000000	1494
251000000	1497
252000000	1497
253000000	1496
254000000	1495
255000000	1496
256000000	1496
257000000	1496
258000000	1496
259000000	1496
260000000	1496
261000000	1498
262000000	1497
263000000	1497
264000000	1497
265000000	1498
266000000	1495
267000000	1497
268000000	1496
269000000	1499
270000000	1496
271000000	1495
272000000	1494
273000000	1496
274000000	1496
275000000	1496
276000000	1498
277000000	1495
278000000	1496
279000000	1498
280000000	1496
281000000	1496
282000000	1495
283000000	1496
284000000	1497
285000000	1497
286000000	1496
287000000	1496
288000000	1498
289000000	1495
290000000	1498
291000000	1497
292000000	1496
293000000	1497
294000000	1497
295000000	1496
296000000	1495
297000000	1497
298000000	1496
299000000	1497
300000000	1495
301000000	1497
302000000	1497
303000000	1497
304000000	1496
305000000	1495
306000000	1496
307000000	1502
308000000	1499
309000000	1496
310000000	1498
311000000	1497
312000000	1495
313000000	1495
314000000	1496
315000000	1498
316000000	1495
317000000	1497
318000000	1496
319000000	1494
320000000	1496
321000000	1494
322000000	1495
323000000	1496
324000000	1496
325000000	1495
326000000	1496
327000000	1495
328000000	1494
329000000	1498
330000000	1497
331000000	1495
332000000	1496
333000000	1494
334000000	1494
335000000	1496
336000000	1494
337000000	1495
338000000	1495
339000000	1496
340000000	1493
341000000	1497
342000000	1494
343000000	1497
344000000	1495
345000000	1496
346000000	1497
347000000	1494
348000000	1495
349000000	1497
350000000	1500
351000000	1495
352000000	1495
353000000	1494
354000000	1498
355000000	1496
356000000	1497
357000000	1496
358000000	1496
359000000	1494
360000000	1496
361000000	1494
362000000	1496
363000000	1497
364000000	1496
365000000	1495
366000000	1496
367000000	1497
368000000	1496
369000000	1496
370000000	1495
371000000	1495
372000000	1494
373000000	1494
374000000	1496
375000000	1494
376000000	1495
377000000	1496
378000000	1498
379000000	1496
380000000	1495
381000000	1498
382000000	1497
383000000	1495
384000000	1496
385000000	1495
386000000	1496
387000000	1495
388000000	1495
389000000	1495
390000000	1495
391000000	1496
392000000	1496
393000000	1495
394000000	1495
395000000	1496
396000000	1495
397000000	1495
398000000	1494
399000000	1494
400000000	1494
401000000	1499
402000000	1495
403000000	1495
404000000	1495
405000000	1494
406000000	1494
407000000	1497
408000000	1495
409000000	1495
410000000	1496
411000000	1495
412000000	1500
413000000	1495
414000000	1495
415000000	1495
416000000	1495
417000000	1494
418000000	1497
419000000	1495
420000000	1495
421000000	1495
422000000	1495
423000000	1494
424000000	1495
425000000	1495
426000000	1494
427000000	1497
428000000	1496
429000000	1494
430000000	1495
431000000	1497
432000000	1495
433000000	1493
434000000	1497
435000000	1496
436000000	1494
437000000	1494
438000000	1495
439000000	1496
440000000	1495
441000000	1498
442000000	1495
443000000	1496
444000000	1496
445000000	1496
446000000	1496
447000000	1499
448000000	1496
449000000	1497
450000000	1497
451000000	1496
452000000	1496
453000000	1499
454000000	1497
455000000	1501
456000000	1495
457000000	1497
458000000	1497
459000000	1496
460000000	1497
461000000	1498
462000000	1494
463000000	1498
464000000	1497
465000000	1497
466000000	1497
467000000	1498
468000000	1497
469000000	1496
470000000	1495
471000000	1498
472000000	1498
473000000	1495
474000000	1498
475000000	1498
476000000	1498
477000000	1497
478000000	1496
479000000	1496
480000000	1495
481000000	1498
482000000	1495
483000000	1495
484000000	1496
485000000	1498
486000000	1498
487000000	1496
488000000	1498
489000000	1497
490000000	1495
491000000	1495
492000000	1497
493000000	1495
494000000	1495
495000000	1496
496000000	1497
497000000	1496
498000000	1495
499000000	1495
500000000	1496
501000000	1494
502000000	1495
503000000	1495
504000000	1494
505000000	1495
506000000	1494
507000000	1497
508000000	1495
509000000	1496
510000000	1496
511000000	1498
512000000	1495
513000000	1497
514000000	1495
515000000	1494
516000000	1496
517000000	1496
518000000	1494
519000000	1494
520000000	1494
521000000	1494
522000000	1494
523000000	1497
524000000	1496
525000000	1495
526000000	1496
527000000	1496
528000000	1494
529000000	1495
530000000	1495
531000000	1494
532000000	1496
533000000	1495
534000000	1495
535000000	1495
536000000	1494
537000000	1494
538000000	1494
539000000	1494
540000000	1495
541000000	1497
542000000	1496
543000000	1496
544000000	1495
545000000	1495
546000000	1494
547000000	1495
548000000	1500
549000000	1494
550000000	1495
551000000	1495
552000000	1495
553000000	1495
554000000	1495
555000000	1496
556000000	1497
557000000	1496
558000000	1493
559000000	1496
560000000	1497
561000000	1497
562000000	1496
563000000	1493
564000000	1494
565000000	1496
566000000	1494
567000000	1494
568000000	1495
569000000	1496
570000000	1494
571000000	1496
572000000	1498
573000000	1496
574000000	1496
575000000	1496
576000000	1495
577000000	1495
578000000	1496
579000000	1494
580000000	1495
581000000	1496
582000000	1494
583000000	1495
584000000	1497
585000000	1497
586000000	1497
587000000	1494
588000000	1495
589000000	1494
590000000	1495
591000000	1496
592000000	1494
593000000	1495
594000000	1497
595000000	1495
596000000	1497
597000000	1494
598000000	1495
599000000	1495
600000000	1495
601000000	1498
602000000	1494
603000000	1497
604000000	1494
605000000	1495
606000000	1497
607000000	1494
608000000	1495
609000000	1496
610000000	1496
611000000	1495
612000000	1496
613000000	1494
614000000	1495
615000000	1495
616000000	1498
617000000	1495
618000000	1494
619000000	1494
620000000	1493
621000000	1495
622000000	1496
623000000	1496
624000000	1496
625000000	1494
626000000	1495
627000000	1496
628000000	1495
629000000	1496
630000000	1496
631000000	1494
632000000	1494
633000000	1497
634000000	1494
635000000	1495
636000000	1498
637000000	1495
638000000	1495
639000000	1495
640000000	1498
641000000	1495
642000000	1494
643000000	1494
644000000	1494
645000000	1495
646000000	1498
647000000	1497
648000000	1497
649000000	1496
650000000	1497
651000000	1495
652000000	1495
653000000	1496
654000000	1496
655000000	1496
656000000	1494
657000000	1494
658000000	1495
659000000	1495
660000000	1495
661000000	1495
662000000	1496
663000000	1494
664000000	1498
665000000	1495
666000000	1496
667000000	1494
668000000	1495
669000000	1496
670000000	1495
671000000	1494
672000000	1497
673000000	1494
674000000	1496
675000000	1494
676000000	1498
677000000	1495
678000000	1497
679000000	1495
680000000	1495
681000000	1499
682000000	1495
683000000	1495
684000000	1499
685000000	1497
686000000	1495
687000000	1496
688000000	1495
689000000	1497
690000000	1496
691000000	1494
692000000	1497
693000000	1496
694000000	1495
695000000	1498
696000000	1495
697000000	1497
698000000	1496
699000000	1495
700000000	1497
701000000	1495
702000000	1494
703000000	1493
704000000	1497
705000000	1495
706000000	1495
707000000	1495
708000000	1496
709000000	1496
710000000	1500
711000000	1496
712000000	1496
713000000	1495
714000000	1496
715000000	1494
716000000	1496
717000000	1496
718000000	1498
719000000	1495
720000000	1497
721000000	1494
722000000	1494
723000000	1496
724000000	1496
725000000	1495
726000000	1496
727000000	1495
728000000	1496
729000000	1498
730000000	1497
731000000	1494
732000000	1496
733000000	1494
734000000	1494
735000000	1496
736000000	1495
737000000	1493
738000000	1497
739000000	1497
740000000	1496
741000000	1495
742000000	1495
743000000	1493
744000000	1495
745000000	1495
746000000	1499
747000000	1494
748000000	1495
749000000	1495
750000000	1494
751000000	1494
752000000	1494
753000000	1497
754000000	1496
755000000	1496
756000000	1494
757000000	1495
758000000	1495
759000000	1494
760000000	1494
761000000	1495
762000000	1498
763000000	1496
764000000	1496
765000000	1496
766000000	1497
767000000	1494
768000000	1496
769000000	1496
770000000	1497
771000000	1496
772000000	1497
773000000	1494
774000000	1493
775000000	1494
776000000	1494
777000000	1497
778000000	1497
779000000	1496
780000000	1495
781000000	1495
782000000	1495
783000000	1497
784000000	1495
785000000	1497
786000000	1494
787000000	1497
788000000	1495
789000000	1498
790000000	1496
791000000	1497
792000000	1495
793000000	1495
794000000	1498
795000000	1497
796000000	1495
797000000	1498
798000000	1496
799000000	1494
800000000	1495
