state	kappa	alpha	frequencies1	frequencies2	frequencies3	frequencies4	clock.rate	skygrid.precision	rootHeight	treeLength
1000000	6.3987	0.1818	0.3042	0.2176	0.2071	0.2711	5.4141E-4	32.380	19.866	192.339
2000000	7.0020	9.8933E-2	0.3092	0.2196	0.1990	0.2723	5.4783E-4	72.558	21.585	193.869
3000000	6.9503	0.1848	0.3111	0.2182	0.1939	0.2768	5.485E-4	25.488	20.906	190.936
4000000	6.7798	0.1463	0.3095	0.2237	0.1963	0.2705	5.0219E-4	427.810	20.625	196.745
5000000	6.9687	0.1244	0.3069	0.2288	0.2014	0.2629	5.5278E-4	21.160	20.705	192.560
6000000	6.8844	0.1523	0.3083	0.2269	0.1926	0.2721	5.0792E-4	103.601	23.227	203.640
7000000	6.5926	0.1102	0.3057	0.2223	0.1972	0.2748	4.708E-4	1254.337	23.558	214.199
8000000	7.5701	0.1297	0.3124	0.2261	0.2007	0.2608	5.4436E-4	6.949	21.709	200.880
9000000	7.1130	0.1113	0.3069	0.2191	0.1994	0.2746	5.1855E-4	1235.092	21.934	199.726
10000000	7.0508	0.1879	0.3095	0.2271	0.1973	0.2661	5.477E-4	67.337	21.364	194.267
11000000	6.5677	0.1465	0.3105	0.2209	0.1998	0.2689	5.573E-4	14.123	20.624	196.076
12000000	6.3903	0.1342	0.3123	0.2221	0.1965	0.2691	5.2916E-4	1.941	21.625	194.670
13000000	7.2161	0.1457	0.3064	0.2163	0.2030	0.2742	5.3593E-4	11.281	23.268	204.940
14000000	6.6168	0.1270	0.3143	0.2174	0.1961	0.2722	5.6819E-4	10.301	20.722	190.677
15000000	6.3337	0.1597	0.3003	0.2211	0.2074	0.2713	4.7315E-4	81.811	22.935	211.538
16000000	6.8608	0.1291	0.3050	0.2273	0.1959	0.2718	5.1873E-4	23.713	21.647	195.258
17000000	6.6046	7.7942E-2	0.3096	0.2176	0.2019	0.2709	5.2741E-4	2.806	21.900	196.161
18000000	6.3703	0.1348	0.3109	0.2243	0.1943	0.2705	5.3335E-4	129.148	21.249	202.744
19000000	7.6155	0.1179	0.3095	0.2219	0.1991	0.2694	5.1949E-4	29.619	22.942	207.225
20000000	6.4735	3.7706E-2	0.3078	0.2249	0.2018	0.2655	5.2664E-4	12.432	21.470	195.697
21000000	7.0139	0.1046	0.3098	0.2245	0.2002	0.2655	5.5349E-4	21.122	18.927	185.169
22000000	7.1515	0.1423	0.3087	0.2156	0.1972	0.2785	5.63E-4	48.661	22.086	195.270
23000000	7.7659	0.1394	0.3082	0.2205	0.2017	0.2696	5.4245E-4	21.822	19.877	186.425
24000000	6.1327	0.1642	0.3093	0.2206	0.2010	0.2692	5.3828E-4	174.215	21.566	192.664
25000000	6.3282	0.1367	0.3112	0.2199	0.2017	0.2672	5.2508E-4	20.293	23.047	206.025
26000000	7.4850	0.1659	0.3111	0.2251	0.1987	0.2652	5.2347E-4	64.964	23.504	201.312
27000000	6.7675	0.1297	0.3063	0.2220	0.2039	0.2678	5.5987E-4	180.850	22.425	198.136
28000000	6.4158	0.1385	0.3116	0.2223	0.2001	0.2660	5.1852E-4	85.671	23.797	206.097
29000000	6.9405	0.1039	0.3141	0.2206	0.1977	0.2676	5.7035E-4	28.290	19.927	181.219
30000000	6.6303	0.1564	0.3108	0.2176	0.2035	0.2681	5.2598E-4	236.216	22.374	198.878
31000000	7.0113	0.1128	0.3009	0.2236	0.2050	0.2705	5.132E-4	130.961	21.869	202.919
32000000	6.7604	0.1591	0.3137	0.2166	0.2040	0.2657	5.2477E-4	7.159	21.565	197.872
33000000	6.6226	0.1425	0.3107	0.2254	0.1954	0.2685	5.5067E-4	34.069	22.066	192.246
34000000	6.6346	0.2118	0.3079	0.2186	0.2013	0.2722	4.8662E-4	15.173	22.684	209.704
35000000	6.8585	0.1441	0.3128	0.2231	0.2001	0.2639	5.4419E-4	14.167	22.174	192.004
36000000	6.6919	0.1012	0.3063	0.2238	0.2026	0.2673	4.9331E-4	8.459	22.480	210.701
37000000	6.8908	0.1505	0.3057	0.2160	0.2022	0.2761	5.206E-4	589.763	22.922	202.418
38000000	6.4736	0.1562	0.3126	0.2214	0.2002	0.2658	5.3515E-4	2.942	20.974	200.061
39000000	6.8987	0.1255	0.3130	0.2201	0.1996	0.2673	5.5916E-4	21.782	21.902	192.037
40000000	6.6148	4.3518E-2	0.3058	0.2221	0.1979	0.2743	5.1528E-4	71.802	21.255	190.187
41000000	7.3287	0.1566	0.3033	0.2217	0.1948	0.2802	5.5336E-4	311.035	20.950	188.857
42000000	6.1014	0.1729	0.3064	0.2215	0.2023	0.2697	5.8537E-4	162.708	19.406	182.796
43000000	6.9545	0.1967	0.3097	0.2223	0.2020	0.2659	5.4692E-4	12.701	22.237	197.123
44000000	6.5809	0.1475	0.3079	0.2227	0.1984	0.2711	5.1745E-4	34.353	21.389	195.407
45000000	5.8265	0.1637	0.3054	0.2189	0.2083	0.2675	5.1585E-4	3.534	21.874	194.717
46000000	6.3996	0.1284	0.3106	0.2173	0.2013	0.2708	5.4713E-4	28.199	22.294	192.210
47000000	6.7913	0.1339	0.3093	0.2201	0.2008	0.2697	5.1978E-4	7.670	22.626	204.250
48000000	6.2627	0.1181	0.3086	0.2232	0.2011	0.2671	5.0123E-4	13.123	23.157	198.848
49000000	6.2145	0.1705	0.3015	0.2225	0.2079	0.2680	5.1848E-4	42.837	22.567	202.694
50000000	6.4936	0.1249	0.3116	0.2180	0.2007	0.2697	5.5326E-4	12.807	20.096	188.164
51000000	6.5230	0.1509	0.3063	0.2178	0.2043	0.2716	5.7189E-4	41.379	20.437	190.696
52000000	6.4845	0.1283	0.3062	0.2200	0.2030	0.2708	5.5129E-4	17.744	21.764	200.957
53000000	6.6432	0.1049	0.3113	0.2131	0.2042	0.2715	5.2324E-4	7.451	22.209	199.277
54000000	7.3337	0.1105	0.3112	0.2189	0.2013	0.2687	5.3372E-4	104.699	21.268	195.499
55000000	7.3519	0.1056	0.3120	0.2263	0.1973	0.2644	5.1764E-4	71.706	21.631	203.659
56000000	6.9695	0.1600	0.2997	0.2233	0.2077	0.2693	5.3554E-4	39.904	21.082	195.935
57000000	6.2557	0.1378	0.3084	0.2161	0.2036	0.2719	5.3711E-4	48.138	20.972	191.261
58000000	7.4915	0.1417	0.3128	0.2201	0.2041	0.2630	5.179E-4	10.867	20.286	195.355
59000000	6.0260	0.1111	0.3115	0.2248	0.1972	0.2665	4.7997E-4	16.662	23.204	214.339
60000000	6.1818	0.1481	0.3099	0.2184	0.1996	0.2720	5.6785E-4	20.862	21.274	193.128
61000000	6.8379	0.1350	0.3061	0.2231	0.2013	0.2695	5.5954E-4	172.106	20.671	192.179
62000000	7.2108	0.1504	0.3088	0.2148	0.2095	0.2669	5.143E-4	14.031	21.294	197.556
63000000	6.4188	0.1188	0.3052	0.2161	0.2020	0.2767	5.0732E-4	10.134	21.811	204.668
64000000	6.5924	0.1248	0.3085	0.2210	0.2046	0.2658	4.9228E-4	4.933	22.219	211.589
65000000	6.5958	0.1031	0.3052	0.2196	0.2030	0.2721	5.2052E-4	30.161	23.755	202.266
66000000	6.6243	0.1711	0.3057	0.2296	0.2023	0.2624	5.7545E-4	9.751	20.215	184.837
67000000	6.9882	0.1041	0.3128	0.2160	0.1975	0.2737	5.571E-4	169.236	21.268	189.832
68000000	6.1392	0.1352	0.3128	0.2207	0.1983	0.2683	5.4352E-4	12.375	20.499	191.219
69000000	7.3854	0.1711	0.3172	0.2142	0.1991	0.2695	5.2504E-4	2.078	21.371	193.846
70000000	6.5631	0.1409	0.3154	0.2154	0.2019	0.2673	5.3881E-4	8.282	22.080	201.151
71000000	6.7538	0.1654	0.3018	0.2230	0.2010	0.2742	5.7449E-4	20.608	19.890	187.996
72000000	6.7789	0.1457	0.3069	0.2197	0.2025	0.2709	5.4122E-4	57.576	20.506	187.987
73000000	6.5940	0.1847	0.3055	0.2214	0.2037	0.2694	5.7668E-4	13.599	18.851	181.796
74000000	6.0166	0.1699	0.3082	0.2223	0.1975	0.2720	5.3246E-4	38.628	22.068	199.286
75000000	6.0134	0.1350	0.3062	0.2227	0.2025	0.2686	5.0627E-4	83.938	23.325	208.197
76000000	6.0552	0.1351	0.3075	0.2196	0.2047	0.2682	5.0445E-4	5.168	22.817	207.463
77000000	6.3969	0.1435	0.3173	0.2166	0.1995	0.2665	4.9308E-4	12.562	21.347	200.408
78000000	6.6005	0.1701	0.3082	0.2275	0.1995	0.2648	4.8958E-4	103.869	23.640	209.020
79000000	6.6393	0.1019	0.3094	0.2194	0.1988	0.2725	4.8538E-4	41.317	25.343	209.283
80000000	6.8512	0.1016	0.3113	0.2178	0.1966	0.2743	5.0608E-4	3.244	22.832	204.427
81000000	6.6753	0.1904	0.3007	0.2204	0.2060	0.2729	5.558E-4	74.532	20.206	186.398
82000000	6.3911	0.1620	0.3092	0.2240	0.2009	0.2659	5.2436E-4	14.510	23.307	203.374
83000000	7.1145	0.1027	0.3031	0.2201	0.2063	0.2706	5.3219E-4	29.685	22.361	197.238
84000000	6.1423	0.1404	0.3151	0.2147	0.1987	0.2715	5.3699E-4	9.798	21.414	195.986
85000000	6.3468	0.1464	0.3054	0.2224	0.2015	0.2707	5.1867E-4	58.883	21.756	195.035
86000000	6.8994	0.1576	0.3067	0.2199	0.2041	0.2693	5.1851E-4	155.384	23.189	195.384
87000000	6.8990	0.1472	0.3121	0.2223	0.1914	0.2742	5.4685E-4	131.067	21.473	190.246
88000000	6.7760	0.1403	0.3131	0.2179	0.2009	0.2681	5.815E-4	11.108	20.524	185.553
89000000	6.4486	0.1951	0.3086	0.2248	0.2033	0.2633	5.5733E-4	13.139	21.139	188.439
90000000	6.2720	0.1775	0.3154	0.2222	0.1974	0.2650	5.6379E-4	13.445	20.664	188.088
91000000	6.4072	0.1210	0.3090	0.2224	0.2010	0.2677	6.0252E-4	9.379	20.288	177.219
92000000	6.2585	0.1660	0.3106	0.2203	0.2017	0.2675	4.8785E-4	158.779	22.831	207.587
93000000	6.6677	0.1211	0.3031	0.2219	0.1992	0.2758	5.2746E-4	34.214	23.739	202.079
94000000	6.6507	0.1273	0.3107	0.2232	0.2011	0.2651	5.4888E-4	16.357	22.761	196.320
95000000	7.3969	0.1730	0.3100	0.2204	0.2024	0.2672	4.9763E-4	48.348	21.197	200.895
96000000	6.9018	0.1353	0.3032	0.2218	0.2076	0.2674	4.8078E-4	4.177	22.954	200.474
97000000	6.6495	0.1172	0.3059	0.2228	0.1988	0.2725	5.4934E-4	5.896	22.834	198.111
98000000	6.5165	0.1938	0.3090	0.2214	0.2012	0.2685	5.0265E-4	11.106	23.276	206.693
99000000	6.1499	6.6989E-2	0.3128	0.2132	0.1999	0.2741	5.2517E-4	513.231	20.366	193.443
100000000	6.4208	0.1683	0.3152	0.2196	0.2009	0.2644	5.0329E-4	51.986	23.197	201.719
101000000	6.3103	0.1713	0.3055	0.2239	0.1963	0.2743	5.3867E-4	9.451	22.016	192.036
102000000	6.5015	0.1711	0.3073	0.2193	0.1956	0.2778	5.7803E-4	24.718	20.077	185.060
103000000	6.5424	0.1471	0.3105	0.2164	0.2018	0.2713	5.3316E-4	15.664	22.568	201.778
104000000	7.0036	0.1328	0.3147	0.2197	0.1955	0.2701	5.3045E-4	17.038	21.407	190.428
105000000	6.2764	0.1284	0.3068	0.2240	0.1974	0.2717	5.4859E-4	14.784	21.052	188.791
106000000	6.6948	0.1529	0.3093	0.2236	0.2011	0.2660	5.2005E-4	6.609	20.870	193.783
107000000	6.8815	0.1391	0.3150	0.2218	0.2010	0.2622	4.9816E-4	7.926	22.639	204.391
108000000	6.0962	0.1344	0.3090	0.2205	0.2054	0.2651	5.08E-4	15.820	21.418	200.936
109000000	7.0125	0.1142	0.3064	0.2177	0.2066	0.2693	5.4881E-4	10.759	20.587	193.888
110000000	6.9548	0.1362	0.3059	0.2231	0.2033	0.2678	5.2128E-4	2.524	19.603	188.742
111000000	7.0564	0.1591	0.3108	0.2235	0.1910	0.2746	5.7258E-4	1.704	20.928	191.708
112000000	7.1239	0.1379	0.3053	0.2248	0.2035	0.2664	5.2652E-4	11.329	20.677	201.818
113000000	8.4306	8.3305E-2	0.3117	0.2183	0.2004	0.2696	4.8754E-4	16.978	24.963	213.304
114000000	6.9202	0.1636	0.3058	0.2196	0.2041	0.2704	5.3684E-4	38.853	20.789	195.945
115000000	6.2906	0.1508	0.3117	0.2201	0.1983	0.2698	5.6724E-4	21.446	18.939	183.609
116000000	7.7810	0.1661	0.3094	0.2218	0.2020	0.2667	5.5834E-4	19.205	19.814	185.252
117000000	6.4190	0.1036	0.3141	0.2160	0.1994	0.2704	5.4246E-4	7.583	20.625	189.896
118000000	6.7373	0.1445	0.2985	0.2248	0.2006	0.2760	4.8897E-4	11.323	24.606	207.814
119000000	6.8910	0.1621	0.3128	0.2244	0.1996	0.2632	5.3709E-4	70.358	21.505	192.129
120000000	6.9358	0.1314	0.3090	0.2224	0.1985	0.2701	5.8544E-4	13.613	18.416	175.448
121000000	6.7197	0.1189	0.3103	0.2132	0.2025	0.2740	5.2492E-4	24.341	21.452	192.404
122000000	6.4981	0.1774	0.2999	0.2262	0.1995	0.2744	5.69E-4	78.435	21.963	189.951
123000000	6.5605	0.1082	0.3151	0.2162	0.2007	0.2680	5.3476E-4	67.096	23.353	201.274
124000000	6.7668	0.1662	0.3003	0.2215	0.2021	0.2760	5.7268E-4	15.101	19.741	183.832
125000000	6.6624	9.3819E-2	0.3126	0.2179	0.2022	0.2673	5.0735E-4	19.539	24.428	205.722
126000000	6.8341	0.1451	0.3095	0.2215	0.1939	0.2750	4.7719E-4	15.040	22.484	209.541
127000000	7.3487	0.1664	0.3097	0.2210	0.2004	0.2689	5.4583E-4	84.531	22.292	197.304
128000000	6.9630	0.1196	0.3088	0.2184	0.1988	0.2740	5.4483E-4	4.255	21.048	196.478
129000000	7.0020	0.1735	0.3101	0.2206	0.2014	0.2679	5.3912E-4	8.472	20.578	192.029
130000000	6.6776	0.1652	0.3093	0.2271	0.1992	0.2644	5.6271E-4	45.571	18.988	182.521
131000000	6.8529	0.1497	0.3071	0.2175	0.2022	0.2732	5.0755E-4	34.110	21.123	204.072
132000000	6.3801	0.1411	0.3076	0.2255	0.1969	0.2700	5.2054E-4	18.853	21.600	199.224
133000000	6.8234	0.1849	0.3052	0.2192	0.2019	0.2738	5.2738E-4	77.347	23.140	195.977
134000000	6.7621	0.1848	0.3034	0.2232	0.2069	0.2665	5.3515E-4	14.886	21.798	190.886
135000000	7.0212	0.1437	0.3054	0.2191	0.2051	0.2704	5.5006E-4	22.325	20.338	185.730
136000000	6.7757	0.1231	0.3115	0.2199	0.2009	0.2677	5.456E-4	45.020	19.896	188.024
137000000	6.8994	0.1554	0.3108	0.2209	0.1975	0.2708	5.2444E-4	29.519	22.809	198.735
138000000	6.3959	4.1691E-2	0.3108	0.2249	0.1973	0.2670	5.4821E-4	34.525	19.479	188.693
139000000	7.1860	0.1013	0.3079	0.2190	0.2011	0.2720	5.3536E-4	25.405	21.755	194.317
140000000	6.2830	0.1374	0.3092	0.2224	0.1988	0.2696	5.4706E-4	21.762	19.192	189.087
141000000	6.2965	0.1615	0.3118	0.2247	0.1994	0.2641	4.853E-4	37.957	23.447	205.150
142000000	6.5144	0.1479	0.3052	0.2216	0.2047	0.2685	5.5744E-4	2.811	18.417	183.922
143000000	7.2012	0.1317	0.3075	0.2220	0.1985	0.2720	5.3387E-4	73.804	21.968	195.569
144000000	7.0901	0.1133	0.3096	0.2211	0.1984	0.2709	5.5306E-4	53.275	19.409	182.983
145000000	6.9251	0.1428	0.3063	0.2181	0.1996	0.2759	5.1644E-4	10.309	21.835	203.585
146000000	6.5532	8.7543E-2	0.3103	0.2180	0.2070	0.2647	5.242E-4	22.231	21.864	200.702
147000000	6.1186	0.1360	0.3095	0.2217	0.2012	0.2676	5.5857E-4	33.785	19.963	189.659
148000000	6.6589	0.1033	0.3082	0.2175	0.1971	0.2772	5.387E-4	38.902	20.825	194.873
149000000	6.7783	0.1478	0.3063	0.2198	0.2046	0.2692	5.5166E-4	8.457	21.614	190.422
150000000	6.7667	0.1493	0.3153	0.2182	0.1960	0.2704	5.4477E-4	79.425	22.692	193.712
151000000	6.9472	0.1156	0.3034	0.2248	0.2012	0.2706	5.2556E-4	31.778	22.301	197.535
152000000	7.2087	0.1472	0.3084	0.2216	0.1928	0.2772	5.3356E-4	27.334	20.603	190.813
153000000	6.3500	0.1547	0.3078	0.2214	0.2022	0.2687	5.7264E-4	450.253	20.802	191.078
154000000	7.3218	6.674E-2	0.3038	0.2207	0.2030	0.2725	5.4415E-4	61.717	21.640	189.053
155000000	7.1369	0.1304	0.3033	0.2171	0.2027	0.2769	5.252E-4	29.504	22.007	194.472
156000000	6.6811	0.1431	0.3077	0.2236	0.2001	0.2687	5.2616E-4	14.281	21.510	194.938
157000000	6.7615	0.1354	0.3028	0.2224	0.1998	0.2751	5.5989E-4	13.905	20.916	181.531
158000000	6.2149	0.1488	0.3101	0.2196	0.1999	0.2704	5.4024E-4	30.329	23.295	204.397
159000000	6.6064	0.1609	0.3040	0.2230	0.2044	0.2686	5.6005E-4	20.727	19.850	190.328
160000000	6.2799	0.1316	0.3076	0.2172	0.2006	0.2746	5.638E-4	5.715	20.123	190.366
161000000	6.4689	0.1554	0.3082	0.2187	0.2032	0.2699	5.2126E-4	103.733	24.380	204.075
162000000	6.7562	0.1610	0.3119	0.2195	0.1971	0.2715	5.5637E-4	24.487	21.129	190.277
163000000	7.2125	0.1570	0.3073	0.2225	0.1981	0.2720	5.4022E-4	4.539	21.263	191.649
164000000	6.8749	0.1283	0.3033	0.2232	0.2093	0.2643	4.9982E-4	40.085	22.797	209.099
165000000	7.8309	0.1485	0.3074	0.2187	0.2031	0.2708	5.1989E-4	72.473	21.495	200.626
166000000	6.8570	5.9946E-2	0.3087	0.2237	0.2014	0.2662	5.3098E-4	8.968	20.563	188.019
167000000	6.8577	0.1302	0.3051	0.2197	0.2034	0.2717	5.1899E-4	5.498	20.315	196.321
168000000	6.9510	0.1661	0.3086	0.2188	0.1993	0.2732	5.4625E-4	42.141	20.676	193.175
169000000	6.2247	0.1389	0.3065	0.2252	0.1998	0.2685	5.6686E-4	26.178	20.769	184.625
170000000	7.0471	0.1085	0.3100	0.2199	0.1998	0.2703	5.4682E-4	10.515	22.429	194.509
171000000	6.6245	0.1678	0.3102	0.2165	0.2041	0.2692	5.3547E-4	22.448	22.041	192.930
172000000	7.6469	0.1463	0.3071	0.2202	0.2013	0.2713	5.6912E-4	18.071	20.899	187.006
173000000	6.7010	0.1650	0.3048	0.2184	0.1990	0.2778	5.8094E-4	51.495	20.470	185.449
174000000	6.1451	0.1414	0.3079	0.2204	0.1990	0.2727	5.4341E-4	621.820	21.295	195.073
175000000	6.4783	0.1735	0.3069	0.2198	0.2067	0.2665	5.3883E-4	48.222	19.857	189.202
176000000	7.0907	0.1425	0.3143	0.2130	0.2004	0.2723	5.2299E-4	272.795	25.477	214.394
177000000	6.9957	0.1466	0.3084	0.2212	0.1993	0.2711	5.0315E-4	162.724	22.113	202.961
178000000	6.4091	0.1489	0.3124	0.2182	0.1997	0.2697	5.5535E-4	9.313	20.131	180.662
179000000	6.3745	0.1343	0.3031	0.2225	0.2044	0.2699	5.1345E-4	19.741	23.831	206.451
180000000	6.0933	0.1299	0.3087	0.2188	0.2032	0.2693	5.3534E-4	319.853	20.323	196.667
181000000	6.2266	0.1706	0.3043	0.2224	0.2024	0.2709	5.624E-4	3.318	23.021	200.142
182000000	6.6057	0.1204	0.3030	0.2250	0.1998	0.2723	5.3801E-4	203.722	20.489	192.881
183000000	6.4861	0.1406	0.3047	0.2229	0.1999	0.2724	5.2092E-4	99.868	22.799	207.521
184000000	6.9520	9.9987E-2	0.3052	0.2229	0.2005	0.2713	5.2569E-4	15.206	21.329	203.364
185000000	7.2027	0.1411	0.3094	0.2194	0.1979	0.2733	5.648E-4	41.753	19.846	192.180
186000000	6.4970	0.1481	0.3093	0.2237	0.2009	0.2661	4.8306E-4	10.373	24.089	213.606
187000000	6.7073	0.1279	0.3058	0.2199	0.2053	0.2691	5.2434E-4	9.476	21.580	205.915
188000000	6.5075	0.1237	0.3071	0.2244	0.1996	0.2689	5.8257E-4	31.110	21.229	188.070
189000000	6.8677	0.1378	0.3063	0.2230	0.2019	0.2689	5.189E-4	470.262	20.167	200.975
190000000	6.7243	0.1660	0.3105	0.2167	0.2023	0.2706	5.4106E-4	61.418	20.981	191.231
191000000	7.6305	0.1117	0.3120	0.2172	0.2029	0.2679	5.444E-4	24.298	21.954	198.896
192000000	7.0035	0.1362	0.3116	0.2227	0.1946	0.2711	4.9514E-4	141.841	22.336	201.561
193000000	6.2865	0.1020	0.3068	0.2204	0.2003	0.2725	5.0662E-4	123.833	22.052	197.955
194000000	5.9917	0.1015	0.3049	0.2173	0.2045	0.2733	5.545E-4	26.969	21.542	194.874
195000000	6.9262	0.1135	0.3140	0.2205	0.2045	0.2610	5.1102E-4	15.112	24.089	204.644
196000000	7.3247	0.1450	0.3113	0.2253	0.2001	0.2633	5.1157E-4	75.274	22.945	204.918
197000000	6.7269	0.1089	0.3096	0.2174	0.2024	0.2705	5.2372E-4	30.745	19.875	191.905
198000000	7.3266	0.1256	0.3063	0.2167	0.2008	0.2762	5.5185E-4	46.186	21.853	196.681
199000000	6.6077	0.1513	0.3109	0.2177	0.2006	0.2708	5.597E-4	290.391	20.682	183.051
200000000	7.4616	0.1468	0.3036	0.2256	0.1987	0.2721	5.3068E-4	116.901	22.478	201.934
201000000	6.6185	0.1468	0.3048	0.2187	0.2029	0.2735	5.3438E-4	17.259	21.304	192.006
202000000	7.3293	0.1232	0.3102	0.2184	0.2068	0.2646	5.554E-4	115.119	20.529	183.626
203000000	6.9917	0.1490	0.3091	0.2163	0.2034	0.2713	5.3928E-4	7.221	20.005	190.178
204000000	6.7581	0.1593	0.3047	0.2222	0.2053	0.2678	5.153E-4	9.495	21.575	199.446
205000000	7.3950	0.1712	0.3084	0.2198	0.1980	0.2738	5.0088E-4	83.502	21.797	207.938
206000000	6.6195	0.1617	0.3097	0.2190	0.1999	0.2714	5.5419E-4	19.982	21.224	192.914
207000000	6.3874	0.1560	0.3077	0.2205	0.2054	0.2664	5.4113E-4	14.404	21.661	197.036
208000000	6.3629	0.1523	0.3111	0.2167	0.2053	0.2668	5.1106E-4	49.701	22.887	199.321
209000000	6.4189	0.1926	0.3065	0.2193	0.2014	0.2728	5.3765E-4	184.469	22.508	204.089
210000000	6.1479	0.1322	0.3104	0.2152	0.2041	0.2703	5.6039E-4	118.496	21.410	192.986
211000000	6.2477	0.1276	0.3103	0.2199	0.2018	0.2680	5.6633E-4	63.139	20.141	185.435
212000000	6.8154	0.1462	0.3103	0.2247	0.1959	0.2691	5.059E-4	13.923	22.201	197.482
213000000	6.6455	0.1548	0.3129	0.2133	0.2039	0.2699	5.3539E-4	830.705	20.838	196.315
214000000	6.8546	0.1358	0.3113	0.2205	0.1999	0.2683	5.4579E-4	936.356	22.057	197.673
215000000	7.1584	1.3791E-2	0.3072	0.2199	0.1997	0.2732	5.1439E-4	124.755	22.691	206.247
216000000	7.0133	0.1391	0.3066	0.2258	0.1985	0.2692	5.2133E-4	43.609	21.294	196.179
217000000	6.9343	0.1806	0.3058	0.2168	0.2017	0.2757	5.1541E-4	8.665	22.075	195.614
218000000	6.7667	0.1349	0.3115	0.2230	0.1979	0.2676	5.3239E-4	205.969	22.297	196.586
219000000	6.6260	0.1102	0.3066	0.2169	0.2023	0.2743	5.5338E-4	13.485	20.484	181.460
220000000	6.2970	0.1402	0.3159	0.2211	0.1960	0.2671	5.4249E-4	220.665	22.442	195.531
221000000	6.7948	0.1267	0.3071	0.2220	0.2001	0.2708	5.5001E-4	63.129	20.520	190.687
222000000	6.7030	0.1590	0.3130	0.2242	0.2003	0.2624	5.4077E-4	21.507	21.062	194.243
223000000	6.0503	0.1216	0.3167	0.2202	0.1948	0.2684	4.9637E-4	8.456	23.967	206.881
224000000	7.1293	0.1715	0.3066	0.2188	0.2025	0.2721	5.405E-4	18.914	21.501	195.014
225000000	6.5347	0.1443	0.3099	0.2188	0.2010	0.2703	5.2584E-4	14.793	21.190	198.743
226000000	7.1323	0.1212	0.3075	0.2228	0.1995	0.2702	5.4539E-4	33.858	20.355	187.000
227000000	6.9604	0.1754	0.3106	0.2183	0.2073	0.2638	5.477E-4	115.797	21.293	188.184
228000000	7.2224	0.1627	0.3078	0.2202	0.2040	0.2680	5.5717E-4	763.756	20.128	188.903
229000000	6.4555	0.1310	0.3088	0.2152	0.2058	0.2702	5.5819E-4	14.300	20.724	186.893
230000000	6.5035	0.1613	0.3030	0.2210	0.2040	0.2720	5.7662E-4	70.954	19.613	182.168
231000000	6.3630	0.1336	0.3018	0.2174	0.2071	0.2738	5.4063E-4	16.710	20.819	192.843
232000000	6.4351	0.1803	0.3079	0.2279	0.1999	0.2643	5.5212E-4	2259.464	19.932	193.744
233000000	6.8967	0.1605	0.3075	0.2173	0.2023	0.2729	5.4165E-4	16.444	23.608	198.448
234000000	7.4153	0.1977	0.3107	0.2177	0.2009	0.2707	5.2396E-4	47.578	21.786	204.112
235000000	5.9942	0.1639	0.3037	0.2204	0.2009	0.2750	5.697E-4	102.621	21.172	187.160
236000000	6.8157	0.2151	0.3109	0.2178	0.1988	0.2725	5.6843E-4	40.927	20.841	182.542
237000000	6.7805	0.1287	0.3078	0.2151	0.2015	0.2756	5.649E-4	70.658	19.092	187.087
238000000	7.0611	0.1619	0.3107	0.2208	0.2027	0.2659	5.2921E-4	46.916	19.526	188.813
239000000	6.8667	0.1728	0.3055	0.2196	0.2027	0.2722	5.2895E-4	611.416	22.982	200.276
240000000	6.1544	9.7302E-2	0.3051	0.2235	0.2007	0.2707	4.8643E-4	7.883	23.485	214.491
241000000	6.6173	0.1550	0.3065	0.2219	0.2017	0.2699	5.438E-4	12.700	21.621	192.385
242000000	6.0830	0.1113	0.3147	0.2209	0.1944	0.2700	5.0473E-4	86.084	22.328	195.552
243000000	6.7392	0.1639	0.3084	0.2229	0.1977	0.2709	5.5116E-4	45.210	19.938	189.379
244000000	6.4584	0.1157	0.3045	0.2258	0.1995	0.2702	5.0972E-4	160.864	21.968	197.890
245000000	6.7822	0.1201	0.3031	0.2200	0.2012	0.2756	5.1207E-4	34.610	22.394	200.705
246000000	7.0396	0.1940	0.3054	0.2225	0.2013	0.2709	5.7032E-4	15.722	20.495	192.353
247000000	6.7965	0.1812	0.3069	0.2229	0.1952	0.2750	5.2812E-4	52.798	23.579	202.826
248000000	6.7363	0.1184	0.3107	0.2158	0.2043	0.2691	5.5636E-4	70.105	20.062	183.954
249000000	6.9130	0.1236	0.3070	0.2143	0.2022	0.2765	5.092E-4	2.129	21.569	202.872
250000000	6.6905	0.1324	0.3070	0.2270	0.1965	0.2694	5.5639E-4	18.448	19.825	185.078
251000000	6.5074	0.1255	0.3095	0.2165	0.2005	0.2735	5.3519E-4	14.777	21.177	199.543
252000000	6.8793	0.1423	0.3059	0.2218	0.2051	0.2672	5.7389E-4	21.481	21.244	186.106
253000000	6.0452	0.1300	0.3115	0.2214	0.1987	0.2683	4.9447E-4	202.456	23.981	204.416
254000000	6.1588	0.1262	0.3071	0.2206	0.2026	0.2696	5.4096E-4	55.830	21.823	199.122
255000000	6.4643	8.9973E-2	0.3046	0.2218	0.2031	0.2704	5.1456E-4	1349.336	21.217	195.920
256000000	6.9903	0.1724	0.3085	0.2193	0.2034	0.2688	4.892E-4	48.725	22.817	205.137
257000000	7.8222	0.1962	0.2986	0.2212	0.2073	0.2729	5.698E-4	16.913	21.074	192.299
258000000	7.0461	0.1648	0.3051	0.2207	0.2033	0.2709	5.2902E-4	15.823	21.953	197.468
259000000	6.9124	0.1519	0.3080	0.2252	0.1967	0.2701	5.3791E-4	6.539	21.335	189.645
260000000	7.1279	0.1609	0.3026	0.2246	0.2034	0.2693	5.4374E-4	17.382	20.427	193.086
261000000	7.1379	8.1108E-2	0.3103	0.2151	0.2050	0.2696	5.2696E-4	25.425	21.327	195.508
262000000	6.7663	0.1332	0.2973	0.2239	0.2041	0.2747	5.5084E-4	16.320	21.069	192.914
263000000	6.3331	0.1026	0.3165	0.2200	0.1999	0.2636	5.2029E-4	33.448	22.404	195.644
264000000	6.4492	6.5203E-2	0.3133	0.2149	0.2038	0.2681	5.5569E-4	6.296	21.554	199.567
265000000	7.4979	0.1059	0.3102	0.2211	0.2011	0.2676	5.2173E-4	12.400	20.796	196.744
266000000	6.2613	0.1212	0.3029	0.2173	0.2018	0.2780	5.5664E-4	7.299	21.342	185.769
267000000	7.1271	0.1467	0.3031	0.2244	0.2033	0.2693	5.2831E-4	91.725	21.379	198.845
268000000	6.3297	0.1198	0.3095	0.2230	0.1975	0.2700	5.3713E-4	39.655	21.102	201.739
269000000	7.3458	0.1840	0.3070	0.2219	0.1999	0.2712	5.4819E-4	23.231	19.914	186.058
270000000	6.6920	0.1186	0.3139	0.2184	0.1989	0.2688	5.6821E-4	266.331	21.944	192.525
271000000	6.1058	0.1634	0.3058	0.2241	0.2019	0.2682	5.3697E-4	12.068	20.862	182.957
272000000	6.8879	9.0583E-2	0.3072	0.2217	0.2021	0.2689	5.0318E-4	45.841	21.094	193.608
273000000	6.3511	0.1447	0.3138	0.2198	0.2010	0.2654	5.0065E-4	695.450	21.960	206.347
274000000	6.8691	1.4744E-2	0.3118	0.2155	0.2008	0.2719	5.6795E-4	10.660	20.823	188.434
275000000	6.6015	0.1374	0.3105	0.2218	0.2000	0.2677	5.3714E-4	7.534	21.775	200.143
276000000	7.2573	8.0639E-2	0.3053	0.2207	0.1981	0.2759	5.3847E-4	179.239	20.963	189.800
277000000	6.5529	0.1780	0.3105	0.2189	0.1984	0.2721	4.7733E-4	26.367	23.630	216.666
278000000	6.4237	0.1467	0.3047	0.2218	0.2043	0.2692	5.0199E-4	105.021	20.645	195.791
279000000	7.1359	0.1758	0.3071	0.2233	0.2003	0.2693	5.347E-4	16.270	21.046	193.544
280000000	6.6878	0.1780	0.3052	0.2229	0.2001	0.2718	5.8019E-4	18.609	19.494	185.638
281000000	6.3164	0.1298	0.3114	0.2153	0.2057	0.2677	5.5414E-4	115.055	20.401	184.813
282000000	6.7642	0.1169	0.3065	0.2248	0.1997	0.2690	5.3477E-4	2.478	20.583	192.584
283000000	6.5026	2.0824E-2	0.3119	0.2156	0.2030	0.2694	5.1858E-4	17.889	23.577	209.478
284000000	7.3997	0.1228	0.3023	0.2239	0.2017	0.2721	5.1297E-4	4.505	21.476	195.800
285000000	6.7877	0.1404	0.3014	0.2230	0.2003	0.2753	5.1955E-4	288.570	21.573	197.369
286000000	6.9768	0.1409	0.3094	0.2212	0.1953	0.2741	5.0135E-4	30.418	21.017	204.298
287000000	6.1828	0.1015	0.3126	0.2187	0.1972	0.2715	5.4028E-4	123.238	21.001	198.720
288000000	7.2306	0.1730	0.3085	0.2185	0.2055	0.2675	5.8899E-4	2.944	19.860	182.083
289000000	6.9959	0.1567	0.3056	0.2189	0.1996	0.2759	5.5556E-4	30.739	20.622	196.465
290000000	6.6292	0.1395	0.3096	0.2241	0.1986	0.2678	5.2105E-4	13.465	21.808	195.946
291000000	6.2588	0.1104	0.3068	0.2192	0.2030	0.2710	5.3815E-4	5.968	22.141	195.753
292000000	6.3297	0.1625	0.3073	0.2229	0.2000	0.2699	5.1694E-4	26.145	22.863	202.921
293000000	7.3006	0.1674	0.3061	0.2205	0.2000	0.2735	5.1219E-4	16.672	22.083	202.338
294000000	7.4120	0.1234	0.3094	0.2246	0.1995	0.2665	5.3818E-4	44.788	22.707	197.603
295000000	6.1790	0.1299	0.3025	0.2271	0.2018	0.2685	5.2883E-4	10.899	20.172	195.856
296000000	6.6336	0.1490	0.3109	0.2218	0.1966	0.2707	5.4631E-4	287.378	20.236	190.642
297000000	6.7079	0.1656	0.3039	0.2186	0.2083	0.2692	5.6123E-4	21.908	21.172	190.758
298000000	7.0432	0.1514	0.3105	0.2213	0.1978	0.2703	5.3808E-4	7.232	21.499	192.615
299000000	6.9225	0.1474	0.3098	0.2164	0.2031	0.2707	4.9953E-4	19.592	22.899	206.999
300000000	6.9774	0.1866	0.3046	0.2196	0.2022	0.2736	4.7119E-4	15.974	22.494	208.338
301000000	6.9725	0.1820	0.3019	0.2212	0.2046	0.2724	5.1267E-4	75.133	22.520	202.361
302000000	6.5075	0.1347	0.3118	0.2258	0.1980	0.2644	5.441E-4	137.317	22.373	203.766
303000000	5.6804	0.1204	0.3107	0.2185	0.2023	0.2685	5.6691E-4	68.231	22.668	196.872
304000000	6.4387	0.1344	0.3140	0.2201	0.1957	0.2702	5.738E-4	7.284	19.830	189.699
305000000	6.3019	0.1207	0.3045	0.2225	0.2030	0.2700	5.1757E-4	9.461	21.143	199.696
306000000	6.2407	0.1221	0.3027	0.2213	0.2054	0.2705	5.0097E-4	13.649	23.612	205.123
307000000	6.4495	0.1723	0.3094	0.2206	0.2005	0.2696	5.1666E-4	86.838	22.450	197.538
308000000	6.9971	0.1380	0.3084	0.2254	0.2021	0.2642	5.3549E-4	2.337	21.742	195.596
309000000	7.0336	0.1609	0.3110	0.2216	0.1988	0.2686	5.4073E-4	4.882	19.408	191.446
310000000	6.3090	0.1751	0.3077	0.2202	0.2042	0.2679	5.4967E-4	414.586	20.430	195.587
311000000	7.1636	0.1116	0.3075	0.2266	0.1979	0.2680	5.0995E-4	4.636	22.626	205.066
312000000	6.4504	0.1005	0.3025	0.2221	0.2082	0.2672	5.5844E-4	38.353	20.464	193.141
313000000	6.6901	0.1491	0.3039	0.2185	0.2034	0.2741	5.4214E-4	398.628	22.044	190.020
314000000	6.5862	0.1091	0.3082	0.2228	0.1995	0.2695	5.7613E-4	343.959	19.998	181.316
315000000	7.0802	0.1114	0.3084	0.2182	0.2020	0.2714	5.4714E-4	27.551	21.123	191.305
316000000	6.5415	0.1264	0.3060	0.2237	0.1989	0.2714	5.5213E-4	6.314	22.079	192.842
317000000	6.8085	0.1914	0.3057	0.2208	0.2014	0.2720	5.4712E-4	3.357	20.715	196.947
318000000	7.4409	0.1920	0.3100	0.2207	0.2027	0.2666	5.6146E-4	2.520	19.671	185.724
319000000	6.9727	0.1415	0.3084	0.2222	0.2014	0.2680	5.5371E-4	25.685	20.852	191.322
320000000	6.5118	0.1637	0.3088	0.2178	0.1995	0.2739	5.5709E-4	19.709	20.355	191.579
321000000	6.6833	0.1220	0.3084	0.2202	0.2008	0.2705	5.391E-4	15.520	22.810	198.246
322000000	6.5951	0.1643	0.3106	0.2190	0.1997	0.2707	5.4283E-4	12.268	22.187	201.692
323000000	7.0012	0.1669	0.3145	0.2197	0.1959	0.2699	5.7509E-4	19.881	20.290	188.391
324000000	6.9803	0.1701	0.3118	0.2215	0.2004	0.2663	4.9495E-4	65.726	24.448	211.999
325000000	6.5577	0.1679	0.3101	0.2167	0.2025	0.2708	5.046E-4	7.381	21.418	195.070
326000000	5.9688	0.1580	0.3135	0.2209	0.1989	0.2667	4.9949E-4	94.924	22.400	200.224
327000000	7.2691	0.1443	0.3047	0.2156	0.2052	0.2746	4.9734E-4	208.838	21.580	205.419
328000000	6.6737	0.1151	0.3093	0.2217	0.1966	0.2724	5.3832E-4	47.749	23.472	202.488
329000000	7.0068	0.1652	0.3101	0.2214	0.2013	0.2672	5.228E-4	14.053	21.071	191.340
330000000	7.2046	0.1003	0.3103	0.2180	0.1993	0.2724	5.3426E-4	203.405	21.812	194.985
331000000	6.6642	0.1555	0.3083	0.2223	0.2032	0.2662	5.7327E-4	37.385	20.947	191.680
332000000	6.4899	0.1088	0.3054	0.2205	0.2020	0.2720	5.6664E-4	4.465	21.523	186.296
333000000	6.3122	0.1135	0.3069	0.2204	0.2035	0.2692	5.6301E-4	204.610	21.198	192.624
334000000	6.5790	0.1752	0.3050	0.2254	0.1978	0.2718	5.358E-4	4.076	21.282	192.591
335000000	6.5623	0.1001	0.3092	0.2217	0.1981	0.2711	5.5924E-4	79.585	22.535	197.884
336000000	6.5722	0.1375	0.3101	0.2198	0.2027	0.2674	5.0293E-4	10.339	22.097	211.544
337000000	7.0888	0.1824	0.3079	0.2230	0.1991	0.2700	5.5557E-4	4.296	20.328	187.386
338000000	6.2389	9.1808E-2	0.3099	0.2184	0.1977	0.2741	5.3916E-4	39.546	20.481	191.706
339000000	6.9998	0.1007	0.3137	0.2184	0.2023	0.2656	5.5413E-4	3.492	20.089	187.191
340000000	6.9309	0.1554	0.3136	0.2163	0.1982	0.2719	4.9022E-4	14.657	21.496	200.780
341000000	7.1888	0.1755	0.3125	0.2173	0.1994	0.2708	5.0396E-4	102.339	21.880	208.118
342000000	7.2027	5.9439E-2	0.3097	0.2182	0.2020	0.2701	5.2792E-4	20.946	23.469	204.755
343000000	6.5033	0.1299	0.3088	0.2161	0.1983	0.2768	5.5963E-4	25.403	20.415	188.817
344000000	6.5933	0.1354	0.3051	0.2199	0.2074	0.2676	5.4783E-4	8.540	22.095	192.839
345000000	6.4829	0.1264	0.3101	0.2161	0.2035	0.2703	5.6756E-4	9.137	21.133	188.855
346000000	6.5929	0.1025	0.3110	0.2190	0.1939	0.2761	5.044E-4	45.144	23.329	207.475
347000000	6.2151	0.1164	0.3048	0.2179	0.2043	0.2730	5.5009E-4	10.267	19.569	184.245
348000000	6.4555	0.2110	0.3058	0.2207	0.2039	0.2696	5.3143E-4	85.453	22.588	198.349
349000000	6.3192	0.1140	0.3100	0.2252	0.1984	0.2664	5.5119E-4	246.375	18.675	189.268
350000000	6.7912	0.1909	0.3119	0.2205	0.2040	0.2636	5.9631E-4	148.170	22.869	194.262
351000000	6.2607	3.5221E-2	0.3058	0.2234	0.2003	0.2705	5.343E-4	1.957	19.096	185.261
352000000	6.9018	0.1776	0.3098	0.2237	0.2011	0.2653	5.4462E-4	99.250	19.579	197.711
353000000	6.4432	0.1374	0.3101	0.2199	0.2004	0.2696	5.0408E-4	40.179	20.650	195.102
354000000	7.3132	3.9125E-2	0.3102	0.2170	0.2015	0.2713	5.2165E-4	15.679	22.044	198.721
355000000	6.9007	0.1850	0.3019	0.2241	0.2046	0.2694	5.3252E-4	8.441	20.592	184.605
356000000	6.5302	0.1298	0.3065	0.2187	0.2055	0.2693	5.2954E-4	5.199	21.433	193.228
357000000	6.8261	0.1828	0.3078	0.2142	0.1991	0.2789	5.1855E-4	99.696	22.157	203.530
358000000	6.5028	9.9451E-2	0.3064	0.2208	0.1967	0.2760	5.2236E-4	327.198	20.768	201.957
359000000	6.4991	0.1253	0.3117	0.2213	0.2007	0.2663	5.1297E-4	6.831	22.848	209.757
360000000	7.5622	0.1097	0.3036	0.2196	0.2026	0.2742	5.4112E-4	416.703	19.467	194.491
361000000	5.7085	0.1619	0.3017	0.2198	0.2035	0.2750	4.9884E-4	4.570	25.127	203.532
362000000	7.6755	0.1480	0.3038	0.2223	0.2025	0.2715	5.4203E-4	5.252	21.364	189.581
363000000	6.8718	0.1063	0.3052	0.2246	0.2044	0.2657	5.5334E-4	117.989	20.837	192.571
364000000	7.3645	0.1188	0.2992	0.2248	0.2052	0.2708	5.2243E-4	847.495	22.450	199.747
365000000	6.4051	9.9902E-2	0.3101	0.2247	0.2025	0.2627	5.0036E-4	6.229	22.143	202.605
366000000	6.7876	0.1018	0.3048	0.2213	0.2024	0.2715	5.1011E-4	330.750	21.805	203.162
367000000	6.7571	0.1423	0.3002	0.2256	0.1981	0.2761	5.2818E-4	122.639	23.204	195.915
368000000	7.4479	0.1287	0.3090	0.2144	0.2014	0.2752	5.3293E-4	19.279	22.517	190.670
369000000	6.0756	0.1601	0.3078	0.2180	0.1999	0.2743	5.4508E-4	20.216	20.131	194.338
370000000	6.8005	0.1580	0.3121	0.2209	0.2023	0.2647	5.2698E-4	41.227	20.978	204.812
371000000	6.8523	0.1895	0.3131	0.2167	0.2028	0.2674	5.0954E-4	30.829	21.313	204.049
372000000	6.8961	0.1263	0.3031	0.2219	0.2015	0.2736	5.4925E-4	6.977	21.452	195.142
373000000	7.5047	0.1093	0.3069	0.2217	0.2049	0.2665	5.6173E-4	4.916	20.164	192.059
374000000	6.6414	0.1577	0.3102	0.2197	0.1996	0.2705	5.6146E-4	63.926	21.523	188.583
375000000	7.4626	0.1644	0.3059	0.2179	0.1991	0.2770	5.0897E-4	110.007	22.814	211.369
376000000	6.8711	0.1315	0.3007	0.2276	0.2045	0.2672	5.0094E-4	107.461	21.530	199.995
377000000	6.2605	0.1632	0.3134	0.2199	0.1988	0.2680	5.0727E-4	20.571	20.466	202.205
378000000	6.6658	0.1512	0.3118	0.2186	0.1995	0.2702	5.495E-4	74.864	22.444	196.801
379000000	7.2411	0.1790	0.3084	0.2208	0.1981	0.2727	5.227E-4	21.954	23.415	204.773
380000000	7.4843	0.1380	0.3045	0.2231	0.2055	0.2669	5.3695E-4	34.694	20.723	189.963
381000000	7.3455	0.1441	0.3093	0.2210	0.1987	0.2710	5.2019E-4	922.611	21.575	207.382
382000000	6.2428	9.7851E-2	0.3093	0.2249	0.2022	0.2636	5.4307E-4	30.199	23.050	203.769
383000000	6.8154	0.1361	0.3062	0.2158	0.2043	0.2737	5.3753E-4	41.197	21.183	197.258
384000000	6.5294	0.1271	0.3089	0.2251	0.1993	0.2667	5.2933E-4	17.635	23.424	201.458
385000000	7.2341	0.1027	0.3141	0.2187	0.2007	0.2665	5.76E-4	66.277	19.335	184.342
386000000	7.4119	0.1227	0.3072	0.2189	0.2059	0.2679	5.4011E-4	1104.045	21.656	200.422
387000000	7.2038	0.1194	0.3141	0.2223	0.1997	0.2639	5.2348E-4	11.950	22.517	201.577
388000000	6.7526	0.1319	0.3146	0.2150	0.1973	0.2731	5.2995E-4	13.061	22.469	199.956
389000000	7.2429	0.1501	0.3101	0.2199	0.2039	0.2661	5.452E-4	2.425	21.341	191.846
390000000	7.4288	0.1290	0.3051	0.2239	0.2058	0.2652	4.9803E-4	10.478	22.438	202.762
391000000	7.2865	0.1465	0.3055	0.2191	0.2045	0.2709	5.2423E-4	6.791	20.609	190.564
392000000	6.0506	4.9855E-2	0.3092	0.2168	0.2036	0.2704	4.8903E-4	20.469	22.530	210.042
393000000	6.0563	0.1644	0.3058	0.2282	0.2001	0.2659	5.2634E-4	3.473	20.535	192.652
394000000	6.5683	0.1571	0.3066	0.2261	0.1971	0.2702	5.6421E-4	52.228	21.184	192.297
395000000	6.9638	9.8539E-2	0.3099	0.2234	0.2016	0.2650	5.4295E-4	108.049	20.825	190.688
396000000	6.2340	0.1782	0.3074	0.2156	0.2047	0.2724	5.488E-4	14.246	20.756	192.645
397000000	7.1993	0.1193	0.3073	0.2232	0.1984	0.2711	5.0609E-4	21.122	24.268	211.825
398000000	6.6334	0.1524	0.3069	0.2178	0.2044	0.2709	5.2707E-4	171.870	21.495	199.898
399000000	7.1145	0.1383	0.3081	0.2185	0.2018	0.2716	5.1891E-4	153.697	20.924	196.459
400000000	6.1701	0.1548	0.3076	0.2228	0.1982	0.2714	5.5552E-4	24.170	21.987	188.655
401000000	7.0081	0.1209	0.3129	0.2194	0.1963	0.2714	5.4877E-4	108.077	22.890	193.423
402000000	6.7875	0.1349	0.3168	0.2142	0.1979	0.2711	5.3856E-4	45.586	21.204	195.728
403000000	6.7339	0.1035	0.3128	0.2204	0.2010	0.2659	5.4102E-4	31.296	20.294	192.041
404000000	6.6602	0.1196	0.3045	0.2189	0.2040	0.2725	5.1379E-4	39.967	21.988	199.937
405000000	6.6799	0.1446	0.3055	0.2211	0.2034	0.2700	5.2371E-4	10.169	22.231	202.522
406000000	7.6570	1.5615E-2	0.3072	0.2147	0.2076	0.2706	5.349E-4	10.340	21.153	196.586
407000000	6.5061	0.1210	0.3031	0.2277	0.1972	0.2720	5.365E-4	66.634	22.190	192.457
408000000	6.8688	8.2146E-2	0.3152	0.2154	0.2053	0.2641	5.2928E-4	285.662	21.920	203.759
409000000	6.8511	0.1241	0.3086	0.2215	0.1995	0.2704	4.8342E-4	10.432	23.844	209.378
410000000	6.9708	0.1093	0.3096	0.2225	0.1978	0.2702	5.2226E-4	16.313	20.469	193.374
411000000	6.6769	0.1414	0.3045	0.2211	0.1954	0.2789	5.3288E-4	10.774	19.960	194.358
412000000	6.8707	0.1230	0.3076	0.2155	0.2010	0.2760	5.2344E-4	34.136	24.371	207.065
413000000	6.2932	3.2704E-2	0.3071	0.2203	0.1982	0.2744	5.6545E-4	4.655	21.741	196.050
414000000	7.3015	0.1409	0.3089	0.2172	0.2008	0.2731	5.2024E-4	34.317	21.242	192.345
415000000	6.5330	0.1554	0.3099	0.2216	0.1966	0.2719	5.5286E-4	10.451	21.144	192.209
416000000	6.5132	0.1313	0.3050	0.2244	0.2000	0.2706	5.4291E-4	37.924	21.668	202.380
417000000	6.7331	0.1962	0.3091	0.2209	0.1985	0.2715	5.4903E-4	4.861	20.932	191.307
418000000	6.9007	0.1139	0.3057	0.2199	0.2029	0.2714	5.7967E-4	11.031	20.565	185.560
419000000	6.6776	0.1687	0.3015	0.2186	0.2039	0.2759	5.3513E-4	325.782	21.399	199.239
420000000	6.9969	0.1950	0.3108	0.2176	0.2004	0.2712	4.8023E-4	30.098	23.391	210.696
421000000	6.8522	0.1218	0.3089	0.2176	0.2009	0.2726	5.4232E-4	4.473	21.470	197.902
422000000	6.3799	0.1278	0.3142	0.2169	0.2016	0.2674	5.403E-4	206.350	21.700	193.769
423000000	6.9130	0.1008	0.3098	0.2186	0.2000	0.2716	5.5257E-4	39.166	21.136	187.732
424000000	6.6420	0.1644	0.3111	0.2215	0.1983	0.2691	5.0877E-4	225.424	22.380	201.769
425000000	7.1185	0.1715	0.3044	0.2261	0.2027	0.2668	5.1188E-4	90.150	22.482	200.560
426000000	6.9490	0.1634	0.3063	0.2253	0.1947	0.2737	5.0634E-4	42.313	20.327	203.378
427000000	5.7357	0.1298	0.3016	0.2260	0.2024	0.2700	5.3089E-4	40.324	21.575	195.353
428000000	6.5634	0.1458	0.3071	0.2228	0.2040	0.2661	5.5833E-4	3.184	20.291	190.837
429000000	6.9395	0.1503	0.3019	0.2186	0.2007	0.2788	5.0953E-4	11.391	23.325	202.792
430000000	7.3340	0.1286	0.3082	0.2233	0.2035	0.2649	5.1948E-4	75.757	23.900	201.610
431000000	6.2062	0.1714	0.3075	0.2169	0.2084	0.2672	5.3199E-4	152.716	21.061	189.795
432000000	6.3516	0.1508	0.3077	0.2214	0.1972	0.2736	5.5457E-4	10.738	21.757	191.432
433000000	7.0339	0.1387	0.3053	0.2197	0.2045	0.2705	5.8748E-4	106.866	21.426	193.259
434000000	7.1996	0.1546	0.3124	0.2180	0.2047	0.2649	5.4636E-4	980.761	21.003	183.987
435000000	6.6487	0.1874	0.3108	0.2132	0.2058	0.2702	5.9174E-4	132.191	18.281	176.740
436000000	6.8360	0.1299	0.3076	0.2230	0.1986	0.2708	5.4565E-4	18.871	21.136	198.855
437000000	6.2268	0.1552	0.3052	0.2240	0.1973	0.2735	5.4419E-4	15.835	19.910	189.175
438000000	5.9585	0.1295	0.3011	0.2225	0.2047	0.2717	5.6844E-4	681.885	21.281	193.417
439000000	6.3245	0.1147	0.3059	0.2198	0.2043	0.2700	5.2915E-4	17.094	23.932	196.754
440000000	5.9708	0.1521	0.3041	0.2211	0.2077	0.2671	5.3777E-4	479.394	20.297	192.189
441000000	6.7862	0.1513	0.3060	0.2211	0.1997	0.2732	5.1441E-4	8.493	23.893	208.094
442000000	6.5689	0.1781	0.3112	0.2174	0.2007	0.2707	5.6226E-4	9.007	20.470	186.242
443000000	6.7247	0.1329	0.3065	0.2255	0.1946	0.2734	5.2726E-4	23.760	22.438	199.129
444000000	7.1794	0.1774	0.3092	0.2198	0.2011	0.2699	4.6241E-4	40.235	22.508	209.837
445000000	6.4206	0.1371	0.3076	0.2225	0.2014	0.2684	5.2475E-4	4.074	20.657	193.177
446000000	5.9829	0.1189	0.3038	0.2230	0.1990	0.2742	5.7643E-4	2.147	20.822	183.172
447000000	7.3648	0.1245	0.3078	0.2185	0.2009	0.2728	5.4463E-4	19.168	22.354	195.845
448000000	7.6356	0.1388	0.3107	0.2218	0.1990	0.2685	5.279E-4	270.743	24.306	201.616
449000000	6.8195	0.1175	0.3088	0.2189	0.2024	0.2699	5.8603E-4	69.013	20.646	192.235
450000000	7.0896	0.1496	0.3071	0.2194	0.2004	0.2730	5.3868E-4	302.918	19.549	189.353
451000000	6.8571	0.1289	0.3069	0.2237	0.1992	0.2702	5.0227E-4	35.066	22.697	214.700
452000000	7.0441	0.1942	0.3148	0.2132	0.2047	0.2673	5.2226E-4	13.057	23.477	206.434
453000000	6.6599	0.1178	0.3096	0.2164	0.2055	0.2685	5.5319E-4	91.712	22.472	198.031
454000000	6.3452	0.1046	0.3043	0.2217	0.2061	0.2679	5.3204E-4	14.381	21.786	197.137
455000000	6.9048	0.1330	0.3114	0.2190	0.1963	0.2733	5.2531E-4	20.237	21.043	196.631
456000000	7.2378	0.1624	0.3030	0.2221	0.2046	0.2702	5.2977E-4	29.868	24.061	199.802
457000000	6.4729	0.1348	0.3073	0.2197	0.1997	0.2732	5.3261E-4	5.093	21.184	190.637
458000000	7.3488	0.1259	0.3085	0.2272	0.1966	0.2677	5.4722E-4	43.782	21.059	188.898
459000000	6.5068	8.3012E-2	0.3067	0.2219	0.2017	0.2697	5.4411E-4	32.553	20.335	193.237
460000000	6.6063	0.1577	0.3114	0.2197	0.1994	0.2695	4.987E-4	50.642	23.578	205.627
461000000	6.2432	5.1234E-2	0.3024	0.2204	0.2010	0.2762	5.0449E-4	1196.003	23.698	202.481
462000000	6.2014	0.1616	0.3081	0.2178	0.2035	0.2706	4.8201E-4	16.719	25.535	209.936
463000000	6.5220	0.1476	0.3084	0.2184	0.2004	0.2728	5.3035E-4	131.210	22.064	202.988
464000000	6.8730	0.1096	0.3082	0.2240	0.1999	0.2680	5.3904E-4	8.650	21.359	193.166
465000000	6.7716	0.1151	0.3141	0.2247	0.1994	0.2619	5.2811E-4	17.537	21.661	199.675
466000000	6.4969	0.1559	0.3049	0.2246	0.1994	0.2711	5.0015E-4	14.698	23.711	208.488
467000000	7.4134	0.1703	0.3119	0.2226	0.2028	0.2627	5.4462E-4	16.363	20.303	186.168
468000000	6.6720	0.1220	0.3094	0.2184	0.2042	0.2680	5.3374E-4	19.378	21.786	192.512
469000000	7.2145	0.1458	0.3066	0.2169	0.2024	0.2740	5.8309E-4	4.119	18.281	179.065
470000000	6.3374	0.1029	0.3064	0.2231	0.1996	0.2710	5.0357E-4	289.647	22.578	212.278
471000000	6.9163	0.1740	0.3081	0.2170	0.1958	0.2791	5.451E-4	27.988	20.909	193.152
472000000	7.1309	0.1774	0.3080	0.2174	0.1981	0.2765	5.6504E-4	6.618	20.645	183.551
473000000	7.4059	0.1165	0.3066	0.2194	0.2054	0.2685	5.7035E-4	12.645	20.823	186.650
474000000	6.5497	0.1968	0.3068	0.2233	0.2006	0.2692	5.083E-4	17.752	22.657	201.679
475000000	6.8656	8.9195E-2	0.3007	0.2255	0.2015	0.2723	4.852E-4	119.393	23.062	200.019
476000000	6.3418	0.1144	0.3136	0.2220	0.1962	0.2682	5.0235E-4	12.179	24.830	203.358
477000000	6.5711	0.1091	0.3104	0.2204	0.1992	0.2699	5.0336E-4	9.727	23.199	211.549
478000000	6.6832	0.1537	0.3036	0.2239	0.1986	0.2739	5.1244E-4	29.351	21.555	194.547
479000000	7.0660	0.1810	0.3071	0.2275	0.1972	0.2682	5.5401E-4	17.585	21.280	193.230
480000000	6.2101	0.1050	0.3144	0.2211	0.1944	0.2701	5.1127E-4	8.474	23.936	200.958
481000000	6.7772	0.1248	0.3039	0.2235	0.1990	0.2737	4.8931E-4	303.212	22.781	203.823
482000000	6.9024	0.1449	0.3093	0.2217	0.2017	0.2674	5.138E-4	41.253	20.769	199.405
483000000	6.7053	0.1826	0.3043	0.2223	0.2032	0.2702	5.02E-4	13.297	21.926	202.981
484000000	7.1101	0.1324	0.3075	0.2232	0.1986	0.2707	5.6716E-4	10.092	18.797	184.587
485000000	6.8846	0.1202	0.3087	0.2201	0.2037	0.2675	5.8979E-4	14.407	20.103	180.848
486000000	6.7813	0.1013	0.3059	0.2229	0.1998	0.2714	4.9348E-4	60.115	22.483	204.882
487000000	6.4278	0.1829	0.3109	0.2253	0.1972	0.2666	5.4367E-4	2.574	21.065	199.753
488000000	6.2895	9.5409E-2	0.3077	0.2195	0.2022	0.2706	5.1328E-4	15.884	22.150	199.007
489000000	6.3312	0.1744	0.3107	0.2206	0.1979	0.2707	4.9578E-4	20.410	22.393	203.400
490000000	6.4716	0.1764	0.3055	0.2206	0.2028	0.2712	5.1048E-4	158.988	21.155	196.144
491000000	7.2940	9.4833E-2	0.3161	0.2174	0.2016	0.2649	5.091E-4	97.030	22.485	210.663
492000000	6.2074	0.1708	0.3106	0.2213	0.1957	0.2725	5.1484E-4	11.235	22.897	199.671
493000000	6.4745	0.1647	0.3151	0.2163	0.1996	0.2690	5.304E-4	3.684	21.479	198.163
494000000	7.3598	0.1273	0.3128	0.2196	0.2017	0.2659	5.5753E-4	505.907	20.352	191.965
495000000	7.1650	4.9772E-2	0.3019	0.2243	0.2014	0.2723	4.9021E-4	17.268	24.341	207.347
496000000	6.3406	0.1429	0.3092	0.2195	0.2007	0.2706	5.4881E-4	140.583	20.309	188.735
497000000	6.0549	0.2027	0.3079	0.2201	0.2048	0.2673	5.7285E-4	10.685	20.602	183.519
498000000	6.3279	0.1168	0.3043	0.2227	0.2030	0.2700	5.5495E-4	107.345	21.335	187.781
499000000	6.8751	0.1473	0.3090	0.2214	0.1956	0.2741	5.1081E-4	74.418	22.501	207.859
500000000	6.9713	0.1898	0.3056	0.2201	0.2030	0.2714	5.0689E-4	77.072	23.155	213.203
501000000	7.5077	8.7265E-2	0.3126	0.2180	0.1948	0.2746	5.6304E-4	14.263	21.473	193.903
502000000	7.0748	0.1182	0.3099	0.2208	0.2017	0.2675	5.0551E-4	75.102	21.087	200.608
503000000	7.1874	0.1462	0.3056	0.2260	0.1985	0.2699	5.4351E-4	19.063	22.151	193.188
504000000	6.4509	0.1319	0.3110	0.2206	0.2015	0.2669	5.5283E-4	100.043	20.446	190.838
505000000	6.1507	0.1846	0.3096	0.2226	0.2027	0.2652	5.4709E-4	14.744	20.248	189.272
506000000	6.6047	0.1084	0.3075	0.2274	0.1985	0.2667	5.435E-4	18.916	22.285	197.966
507000000	6.3821	0.1764	0.3067	0.2219	0.1999	0.2715	5.281E-4	36.241	21.058	198.543
508000000	6.2543	0.1372	0.3044	0.2222	0.2025	0.2709	5.1142E-4	66.676	22.614	201.630
509000000	7.1483	3.4328E-2	0.3098	0.2260	0.1965	0.2677	5.7593E-4	34.375	19.430	183.510
510000000	6.7612	0.1022	0.3085	0.2198	0.1983	0.2735	5.7665E-4	59.055	20.802	187.024
511000000	6.7515	0.1158	0.3038	0.2221	0.2063	0.2678	5.0876E-4	49.273	23.277	205.524
512000000	6.8892	0.1432	0.3062	0.2221	0.2003	0.2714	5.7447E-4	12.776	20.328	186.269
513000000	6.8045	0.1202	0.3045	0.2163	0.2040	0.2752	5.4113E-4	53.491	20.966	197.917
514000000	6.4117	0.1666	0.3031	0.2193	0.2076	0.2700	5.6677E-4	11.635	20.799	191.398
515000000	6.0083	0.1258	0.3125	0.2183	0.1981	0.2711	4.914E-4	5.862	22.379	207.785
516000000	6.3262	9.1002E-2	0.3101	0.2179	0.2027	0.2693	5.6201E-4	7.239	20.838	186.063
517000000	6.8236	0.1109	0.3139	0.2202	0.1996	0.2662	5.5541E-4	3.853	20.064	192.530
518000000	6.7282	0.1108	0.3094	0.2201	0.1968	0.2737	5.4182E-4	32.615	22.965	201.754
519000000	7.4664	0.1223	0.3083	0.2188	0.2006	0.2722	5.6419E-4	89.416	20.105	186.329
520000000	6.7152	0.1621	0.3072	0.2216	0.2025	0.2686	5.5819E-4	11.834	19.835	190.191
521000000	7.0482	0.1385	0.3081	0.2200	0.2020	0.2700	5.5075E-4	15.039	20.898	189.062
522000000	6.3874	0.1485	0.3042	0.2189	0.2034	0.2735	5.7652E-4	27.706	22.853	194.146
523000000	6.5627	0.1228	0.3055	0.2244	0.2054	0.2647	4.9974E-4	4.050	22.387	206.869
524000000	7.6727	3.714E-2	0.3026	0.2226	0.2074	0.2674	5.7716E-4	89.242	21.130	193.270
525000000	6.4068	0.1603	0.3106	0.2204	0.2014	0.2677	5.4455E-4	177.713	20.911	191.234
526000000	7.6884	6.3385E-2	0.3107	0.2205	0.2018	0.2670	5.2256E-4	188.802	20.905	195.862
527000000	6.2917	0.1306	0.3024	0.2274	0.1960	0.2743	5.211E-4	38.568	22.126	200.817
528000000	6.6235	0.1277	0.3095	0.2174	0.2035	0.2696	5.1388E-4	224.055	23.956	207.720
529000000	6.5134	9.5643E-2	0.3069	0.2255	0.2023	0.2652	5.2117E-4	63.043	21.548	194.858
530000000	6.7075	0.1311	0.3096	0.2196	0.2000	0.2708	5.661E-4	18.958	20.398	191.067
531000000	6.7357	0.1200	0.3021	0.2231	0.1981	0.2767	5.276E-4	16.370	19.848	194.473
532000000	7.1211	0.1183	0.3017	0.2208	0.2042	0.2733	5.5381E-4	77.862	21.775	190.524
533000000	6.5600	0.1457	0.3051	0.2243	0.1992	0.2714	5.3198E-4	8.594	22.458	197.349
534000000	7.0415	0.1857	0.3022	0.2228	0.2040	0.2710	5.0466E-4	18.988	21.500	201.450
535000000	6.9445	0.1250	0.3070	0.2197	0.1999	0.2735	5.0167E-4	34.189	22.944	205.727
536000000	7.0160	0.1657	0.3055	0.2256	0.1957	0.2732	5.2048E-4	133.889	22.749	199.809
537000000	6.9347	0.1422	0.3058	0.2161	0.2031	0.2749	5.2586E-4	27.644	22.045	196.751
538000000	6.7115	0.1671	0.3113	0.2210	0.1977	0.2700	5.7378E-4	7.164	20.511	189.442
539000000	6.7624	0.1997	0.3118	0.2165	0.2029	0.2688	5.4858E-4	6.872	21.056	194.131
540000000	6.8003	0.1332	0.3010	0.2233	0.2038	0.2719	5.3379E-4	6.892	21.137	202.167
541000000	6.5030	0.1662	0.3025	0.2251	0.2001	0.2723	5.2705E-4	7.661	20.694	196.333
542000000	6.5946	0.1501	0.3066	0.2254	0.1987	0.2694	5.1471E-4	16.864	23.088	205.625
543000000	6.5113	0.1358	0.3141	0.2181	0.2038	0.2640	5.0919E-4	37.770	22.181	200.795
544000000	6.6411	0.1484	0.3070	0.2226	0.1995	0.2710	5.4901E-4	12.495	21.647	196.815
545000000	6.7310	0.1516	0.3086	0.2204	0.1975	0.2734	5.4168E-4	3.664	20.257	185.350
546000000	6.8187	0.1384	0.3029	0.2211	0.2020	0.2739	5.8898E-4	21.221	20.459	184.132
547000000	7.0448	0.1073	0.3104	0.2171	0.2025	0.2700	5.1467E-4	9.780	22.196	202.133
548000000	6.4539	0.1439	0.3062	0.2243	0.2003	0.2692	5.572E-4	486.969	21.115	198.882
549000000	6.5937	0.1648	0.3041	0.2225	0.2009	0.2725	5.4473E-4	18.103	21.619	202.214
550000000	6.5612	0.1392	0.3111	0.2211	0.1993	0.2685	5.4295E-4	3.454	20.835	192.990
551000000	7.2124	9.6147E-2	0.3092	0.2142	0.2032	0.2734	5.4723E-4	30.306	22.124	191.066
552000000	6.6214	0.1586	0.3110	0.2235	0.2004	0.2651	5.1882E-4	183.196	21.363	202.342
553000000	7.2902	0.1596	0.3112	0.2210	0.2060	0.2618	5.1893E-4	55.375	22.560	201.269
554000000	6.3248	0.1437	0.3098	0.2158	0.2053	0.2691	5.0015E-4	56.737	24.605	209.765
555000000	6.7299	6.8138E-2	0.3107	0.2217	0.1946	0.2730	5.7435E-4	112.540	19.694	188.942
556000000	6.9341	0.1864	0.3091	0.2224	0.1964	0.2721	5.4177E-4	73.718	20.389	194.475
557000000	6.6310	9.0479E-2	0.3081	0.2221	0.1980	0.2718	5.0687E-4	48.536	21.959	202.476
558000000	6.3226	0.1408	0.3095	0.2201	0.1973	0.2731	5.1725E-4	15.330	22.528	207.933
559000000	6.4952	0.1222	0.3147	0.2185	0.2006	0.2661	5.4929E-4	755.952	21.210	196.052
560000000	6.8761	0.1185	0.3036	0.2198	0.2028	0.2737	5.7207E-4	10.402	22.005	194.308
561000000	6.3037	0.1738	0.3024	0.2237	0.1999	0.2740	5.0097E-4	14.164	22.058	201.148
562000000	6.4939	9.7513E-2	0.3107	0.2181	0.2009	0.2703	5.5408E-4	18.112	19.113	185.397
563000000	6.4455	0.1247	0.3204	0.2168	0.1979	0.2649	5.7036E-4	588.316	21.957	191.266
564000000	6.9362	0.1889	0.3071	0.2224	0.2011	0.2694	5.5359E-4	57.847	20.101	193.089
565000000	6.0355	3.1576E-2	0.3096	0.2221	0.2004	0.2680	5.1949E-4	108.500	21.374	194.055
566000000	6.4660	0.1327	0.3112	0.2214	0.2031	0.2643	4.9857E-4	10.387	20.877	197.472
567000000	7.4213	0.1689	0.3121	0.2172	0.1996	0.2710	5.4796E-4	18.542	20.987	184.317
568000000	7.1684	0.1366	0.3096	0.2205	0.2015	0.2685	4.971E-4	45.059	25.182	211.656
569000000	6.6869	0.1247	0.3051	0.2238	0.1975	0.2736	5.2855E-4	28.451	21.038	197.719
570000000	6.9872	0.1893	0.3109	0.2215	0.1992	0.2683	5.7305E-4	57.362	21.590	193.178
571000000	7.4945	3.485E-2	0.3062	0.2208	0.2018	0.2712	5.9969E-4	14.765	19.099	181.351
572000000	6.8148	0.1554	0.3100	0.2184	0.2065	0.2651	5.6297E-4	31.396	20.684	186.054
573000000	6.7678	0.1481	0.3094	0.2196	0.2024	0.2686	5.8097E-4	14.902	20.325	181.980
574000000	6.8435	0.1703	0.3076	0.2187	0.2080	0.2658	4.987E-4	9.851	22.910	201.777
575000000	6.3832	0.1576	0.3113	0.2198	0.2041	0.2649	5.1246E-4	54.447	22.783	210.177
576000000	6.7707	0.1137	0.3099	0.2219	0.2047	0.2634	5.2902E-4	1110.188	20.980	195.883
577000000	6.6703	4.8264E-2	0.3112	0.2142	0.2010	0.2737	5.5009E-4	10.950	19.324	181.929
578000000	6.9639	0.1405	0.3082	0.2204	0.2046	0.2668	5.3132E-4	186.802	22.156	197.341
579000000	6.1451	0.1689	0.3113	0.2136	0.2052	0.2699	5.6117E-4	4.569	21.852	199.860
580000000	6.7287	0.1043	0.3137	0.2141	0.2006	0.2716	5.7418E-4	32.010	19.918	184.182
581000000	7.3259	0.2140	0.3086	0.2193	0.1986	0.2735	5.0488E-4	8.866	24.946	210.303
582000000	6.4755	0.1101	0.3099	0.2178	0.2040	0.2683	5.2517E-4	37.090	22.424	204.803
583000000	6.5124	0.1841	0.3110	0.2197	0.2024	0.2669	5.8303E-4	13.514	19.693	179.403
584000000	6.4510	0.1625	0.3124	0.2160	0.2071	0.2645	4.9546E-4	99.948	23.259	205.245
585000000	6.6037	0.1007	0.3038	0.2271	0.2016	0.2675	5.097E-4	182.228	23.755	200.099
586000000	7.0125	0.1569	0.3041	0.2189	0.2057	0.2713	5.2574E-4	6.572	22.117	200.124
587000000	6.7622	9.0974E-2	0.3073	0.2233	0.2001	0.2693	5.1063E-4	7.965	20.738	195.222
588000000	6.7681	6.1988E-2	0.3040	0.2162	0.2007	0.2791	5.5819E-4	464.266	20.570	190.462
589000000	7.1764	0.1092	0.3063	0.2181	0.2013	0.2743	5.4003E-4	10.912	21.372	192.532
590000000	7.2003	0.1546	0.3062	0.2219	0.2002	0.2717	5.1717E-4	14.112	22.894	204.027
591000000	7.2930	0.1870	0.3057	0.2229	0.2056	0.2658	5.4422E-4	47.661	21.015	190.000
592000000	6.6051	0.1386	0.3086	0.2229	0.2045	0.2640	5.2421E-4	71.788	22.245	196.107
593000000	7.2428	0.1361	0.3078	0.2171	0.2062	0.2689	5.395E-4	23.953	22.000	195.902
594000000	8.0613	0.1708	0.3063	0.2188	0.1968	0.2781	6.1379E-4	89.282	19.412	177.498
595000000	7.3196	0.1470	0.3049	0.2226	0.2051	0.2674	5.549E-4	136.962	22.248	195.571
596000000	6.3864	0.1483	0.3089	0.2158	0.2037	0.2716	5.6001E-4	141.791	21.976	188.236
597000000	7.3350	8.6338E-2	0.3083	0.2221	0.1987	0.2709	5.2576E-4	15.104	22.429	198.530
598000000	6.9635	0.1788	0.3039	0.2251	0.1987	0.2723	5.3533E-4	12.026	21.949	195.262
599000000	5.9349	0.1532	0.3088	0.2211	0.2035	0.2666	4.8409E-4	46.365	21.374	204.161
600000000	7.6382	0.1220	0.3090	0.2239	0.1980	0.2690	5.831E-4	3.602	17.790	180.606
601000000	6.7149	9.4178E-2	0.3088	0.2237	0.1957	0.2719	4.7568E-4	34.973	23.045	206.290
602000000	6.9945	0.1461	0.3062	0.2183	0.2005	0.2750	5.3534E-4	6.731	21.435	191.469
603000000	6.4241	0.1733	0.3104	0.2165	0.2029	0.2702	5.1249E-4	209.939	23.208	204.409
604000000	7.0165	0.1410	0.3093	0.2213	0.1974	0.2720	5.2458E-4	331.203	21.193	200.983
605000000	6.5727	0.1008	0.3045	0.2175	0.2005	0.2775	5.2522E-4	5.897	20.528	186.189
606000000	6.4711	7.406E-2	0.3092	0.2157	0.1978	0.2773	5.4502E-4	86.086	21.613	195.919
607000000	6.8045	0.1162	0.3094	0.2212	0.1977	0.2717	5.0701E-4	8.525	22.579	208.012
608000000	7.2923	7.9831E-2	0.3100	0.2171	0.2011	0.2718	5.2845E-4	270.731	20.400	191.736
609000000	6.6908	0.1596	0.3090	0.2196	0.1935	0.2778	5.3181E-4	8.367	22.498	203.781
610000000	7.3654	0.1222	0.3124	0.2217	0.1976	0.2683	5.3243E-4	38.419	20.695	195.153
611000000	6.9786	0.1219	0.3096	0.2190	0.2031	0.2683	5.5273E-4	34.672	21.688	198.344
612000000	6.8388	0.1487	0.3098	0.2214	0.2003	0.2685	5.4536E-4	70.936	23.173	194.903
613000000	7.9676	0.1112	0.3068	0.2259	0.1990	0.2683	5.4919E-4	17.476	19.030	192.290
614000000	6.5232	0.1349	0.3079	0.2215	0.1999	0.2706	5.6534E-4	18.890	20.928	193.993
615000000	6.5078	0.1102	0.3106	0.2198	0.2009	0.2687	5.6861E-4	11.792	21.559	193.888
616000000	6.5436	0.1954	0.3092	0.2181	0.2007	0.2721	5.4402E-4	20.038	22.769	201.385
617000000	6.7869	0.1443	0.3107	0.2186	0.1992	0.2715	5.3728E-4	24.222	22.360	197.281
618000000	6.7218	0.1889	0.3082	0.2164	0.1959	0.2795	5.2213E-4	15.224	22.669	197.439
619000000	6.7608	9.0119E-2	0.3088	0.2230	0.1948	0.2733	5.4053E-4	9.879	20.764	188.659
620000000	7.5393	0.1539	0.3112	0.2189	0.1976	0.2723	5.0968E-4	23.961	23.592	214.827
621000000	6.1517	0.1968	0.3054	0.2232	0.2005	0.2709	5.3128E-4	63.400	21.876	203.375
622000000	6.7099	0.1839	0.3026	0.2263	0.1995	0.2716	4.9738E-4	30.012	22.676	205.540
623000000	6.4426	0.1168	0.3076	0.2188	0.2019	0.2717	4.9914E-4	89.093	22.705	204.818
624000000	6.2066	0.1119	0.3062	0.2212	0.1982	0.2744	5.1507E-4	6.397	22.930	200.041
625000000	6.8606	7.9802E-2	0.3045	0.2250	0.1998	0.2706	5.4082E-4	21.445	20.090	193.523
626000000	6.8718	0.1585	0.3109	0.2217	0.2020	0.2654	5.6477E-4	29.551	19.571	182.744
627000000	6.8214	0.1621	0.3043	0.2211	0.2041	0.2705	5.7545E-4	15.116	19.927	183.370
628000000	6.4839	0.1628	0.3053	0.2157	0.2055	0.2735	5.0914E-4	18.513	21.548	199.172
629000000	6.6516	0.1147	0.2981	0.2199	0.2055	0.2765	5.5573E-4	17.417	20.574	184.229
630000000	6.7131	0.1144	0.3074	0.2203	0.2041	0.2681	5.2104E-4	6.333	21.485	195.999
631000000	6.9162	0.2085	0.3110	0.2201	0.1985	0.2704	5.3244E-4	33.984	21.999	198.547
632000000	6.7658	0.1713	0.3062	0.2224	0.2051	0.2663	5.2095E-4	572.317	22.252	202.932
633000000	6.8057	0.1119	0.3046	0.2212	0.2038	0.2704	5.7474E-4	2.198	20.548	183.804
634000000	6.4758	0.1597	0.3030	0.2227	0.2043	0.2700	5.6744E-4	111.150	20.458	188.009
635000000	6.6781	9.4268E-2	0.3086	0.2249	0.1993	0.2672	5.4954E-4	258.308	20.775	190.461
636000000	7.6214	0.1414	0.3087	0.2236	0.2001	0.2676	5.4995E-4	14.068	20.864	196.198
637000000	6.7526	0.1359	0.3123	0.2180	0.1995	0.2702	5.3527E-4	25.966	20.484	186.219
638000000	7.3553	0.1676	0.3009	0.2250	0.2058	0.2683	5.7068E-4	20.780	20.336	187.067
639000000	6.4893	0.1668	0.3118	0.2245	0.1993	0.2644	5.3334E-4	33.545	21.813	195.133
640000000	6.3395	0.1870	0.3068	0.2187	0.2004	0.2740	5.2055E-4	29.415	21.934	198.458
641000000	6.8112	0.1254	0.3090	0.2218	0.1990	0.2702	4.9455E-4	1.641	23.174	207.848
642000000	6.9827	0.1476	0.3132	0.2250	0.1961	0.2657	5.3893E-4	21.944	20.469	186.979
643000000	6.6678	0.1807	0.3069	0.2174	0.2061	0.2696	5.0322E-4	29.967	21.662	200.314
644000000	6.6276	0.1215	0.3045	0.2199	0.2004	0.2751	5.3643E-4	30.440	20.514	196.809
645000000	6.8694	0.1291	0.3108	0.2205	0.2059	0.2628	5.4114E-4	2458.140	22.668	202.911
646000000	6.6806	0.1001	0.3151	0.2188	0.1956	0.2705	5.245E-4	4.634	21.502	194.203
647000000	6.5151	0.1321	0.3077	0.2162	0.2006	0.2755	4.956E-4	9.405	23.814	210.727
648000000	7.5206	0.1093	0.3111	0.2203	0.1980	0.2706	5.3412E-4	13.970	21.833	190.596
649000000	6.4853	0.1219	0.3060	0.2204	0.1982	0.2754	5.5244E-4	18.134	21.516	189.920
650000000	7.0121	0.2005	0.3103	0.2192	0.2002	0.2703	5.5315E-4	725.774	21.048	190.526
651000000	7.0122	0.1304	0.3106	0.2183	0.2029	0.2682	4.9127E-4	11.822	22.248	208.740
652000000	6.8757	0.1620	0.3044	0.2169	0.2006	0.2781	5.4338E-4	796.974	21.109	193.314
653000000	6.3426	0.1133	0.3081	0.2211	0.2015	0.2693	5.4912E-4	80.746	21.680	188.122
654000000	6.9989	0.1204	0.3080	0.2233	0.2042	0.2645	5.2531E-4	15.444	23.420	201.525
655000000	6.2581	0.1376	0.3072	0.2206	0.2082	0.2640	5.0994E-4	11.151	21.913	197.427
656000000	6.0354	0.1463	0.3031	0.2204	0.2032	0.2734	5.6017E-4	154.859	20.248	193.127
657000000	6.9709	0.1177	0.3115	0.2202	0.2047	0.2636	5.0597E-4	6.080	23.992	210.011
658000000	7.1947	0.1065	0.3109	0.2169	0.2013	0.2709	5.4015E-4	40.483	20.928	190.357
659000000	6.5218	0.1557	0.3078	0.2218	0.2008	0.2696	5.5512E-4	11.990	19.835	185.992
660000000	8.2026	0.1322	0.3061	0.2165	0.2062	0.2712	5.2214E-4	4.433	23.991	206.855
661000000	6.5838	0.1670	0.3084	0.2199	0.2004	0.2714	5.169E-4	108.724	21.368	199.607
662000000	6.7738	0.1389	0.3065	0.2197	0.2043	0.2695	4.8351E-4	3.990	24.203	205.056
663000000	6.8092	2.9537E-2	0.3059	0.2202	0.1995	0.2744	5.7459E-4	1.673	20.038	184.303
664000000	6.7094	0.1516	0.3088	0.2143	0.1986	0.2783	5.2588E-4	18.596	19.270	194.212
665000000	6.3082	0.1315	0.3105	0.2236	0.1965	0.2695	4.8257E-4	191.908	25.224	214.023
666000000	6.9119	0.1742	0.3066	0.2223	0.2032	0.2678	5.5465E-4	72.221	22.243	197.364
667000000	6.5200	0.1391	0.3066	0.2211	0.2019	0.2704	5.4076E-4	22.002	20.677	190.387
668000000	6.7286	4.9821E-2	0.3076	0.2181	0.2051	0.2692	5.59E-4	10.961	21.140	188.071
669000000	6.2376	0.1113	0.3065	0.2175	0.2061	0.2699	5.2576E-4	12.796	23.868	202.120
670000000	6.5336	0.1703	0.3090	0.2189	0.2018	0.2703	5.2214E-4	7.940	21.733	199.701
671000000	6.5075	0.1455	0.3061	0.2216	0.2007	0.2716	5.1321E-4	169.468	21.235	196.995
672000000	6.5272	0.1097	0.3006	0.2150	0.2070	0.2774	5.3438E-4	11.225	21.306	201.578
673000000	6.7089	0.1356	0.3058	0.2223	0.2023	0.2696	5.4868E-4	13.575	19.447	190.490
674000000	6.3001	0.1566	0.3099	0.2192	0.1996	0.2713	5.2085E-4	9.392	22.005	200.987
675000000	6.3698	0.1252	0.3033	0.2220	0.2048	0.2700	5.1199E-4	9.299	20.823	190.145
676000000	6.3487	0.1649	0.3071	0.2205	0.2044	0.2680	5.1716E-4	112.726	21.654	196.642
677000000	6.6203	0.1312	0.3131	0.2200	0.1983	0.2686	5.4349E-4	7.352	22.625	203.915
678000000	6.2908	0.1256	0.3018	0.2255	0.2000	0.2727	5.1047E-4	467.781	23.879	205.681
679000000	6.6436	0.1656	0.3091	0.2224	0.1966	0.2719	5.3944E-4	46.405	22.268	198.748
680000000	6.6644	0.1075	0.3085	0.2209	0.2015	0.2691	5.3846E-4	10.402	21.695	197.047
681000000	6.4177	3.8098E-2	0.3040	0.2167	0.2072	0.2720	5.6579E-4	48.173	20.240	183.446
682000000	6.5429	0.1436	0.3087	0.2202	0.1985	0.2727	5.2149E-4	3.933	21.982	199.697
683000000	6.5382	0.1125	0.3041	0.2239	0.1990	0.2729	5.2258E-4	27.105	20.807	196.120
684000000	7.1297	0.1248	0.3070	0.2171	0.1987	0.2772	5.2789E-4	8.727	21.383	194.898
685000000	6.9460	0.1687	0.3176	0.2138	0.1978	0.2708	5.1868E-4	34.446	20.620	196.618
686000000	7.3091	0.1463	0.3053	0.2263	0.1959	0.2725	5.3897E-4	52.700	21.067	186.240
687000000	6.9171	0.1463	0.3113	0.2248	0.1973	0.2666	5.2028E-4	31.781	21.718	190.370
688000000	6.9231	0.1412	0.3128	0.2193	0.1993	0.2687	5.2481E-4	17.339	20.257	188.913
689000000	6.4061	0.1605	0.3065	0.2243	0.1974	0.2718	5.4924E-4	15.918	21.830	194.258
690000000	6.7817	0.1674	0.3039	0.2207	0.2025	0.2730	5.3066E-4	7.026	20.314	195.462
691000000	6.7160	0.1489	0.3091	0.2236	0.2018	0.2656	5.219E-4	11.439	21.085	193.478
692000000	6.3438	0.1978	0.3082	0.2223	0.2039	0.2656	5.5313E-4	48.025	19.570	187.688
693000000	6.7170	0.1474	0.3050	0.2198	0.2022	0.2730	5.8677E-4	8.905	19.780	181.403
694000000	6.2446	0.1789	0.3074	0.2203	0.1956	0.2766	5.1737E-4	21.611	21.959	201.826
695000000	6.4069	0.1592	0.3126	0.2142	0.1983	0.2749	5.2524E-4	43.043	24.298	204.757
696000000	6.8119	9.176E-2	0.3104	0.2187	0.2020	0.2689	5.1503E-4	41.228	22.678	201.198
697000000	6.4553	0.1153	0.3055	0.2257	0.1978	0.2710	5.4271E-4	4.599	21.369	194.027
698000000	7.0688	0.1511	0.3096	0.2162	0.2043	0.2700	4.9159E-4	113.543	24.090	210.587
699000000	6.7930	0.2222	0.3063	0.2237	0.2011	0.2689	5.5176E-4	91.076	19.367	193.186
700000000	7.2693	0.1350	0.3085	0.2180	0.2028	0.2706	5.445E-4	15.756	20.427	189.089
701000000	6.4217	9.6528E-2	0.3054	0.2185	0.2025	0.2736	5.4307E-4	66.601	23.079	196.553
702000000	6.5398	0.1791	0.3112	0.2242	0.1996	0.2650	5.1587E-4	8.603	21.711	198.987
703000000	6.9230	0.1276	0.3098	0.2234	0.1998	0.2669	4.9907E-4	12.629	23.777	215.819
704000000	6.8964	0.1233	0.3057	0.2222	0.2041	0.2680	5.1948E-4	9.186	22.835	206.828
705000000	7.6493	0.1564	0.3172	0.2182	0.1973	0.2674	5.558E-4	11.938	21.912	195.442
706000000	7.5031	0.1002	0.3129	0.2156	0.2016	0.2700	5.5143E-4	44.326	18.511	188.394
707000000	6.5941	9.1161E-2	0.3055	0.2266	0.2011	0.2668	5.2516E-4	113.805	21.534	197.424
708000000	6.4036	0.1126	0.3074	0.2189	0.2033	0.2704	5.5218E-4	15.096	20.724	190.211
709000000	6.6595	0.1298	0.3063	0.2244	0.2025	0.2668	5.6965E-4	585.551	21.135	188.501
710000000	7.0541	0.1635	0.3117	0.2198	0.1993	0.2692	5.1378E-4	10.081	22.621	203.910
711000000	6.7276	0.1513	0.3038	0.2221	0.2020	0.2721	4.8449E-4	42.453	23.310	215.722
712000000	6.6936	0.1367	0.3008	0.2243	0.2092	0.2658	5.2227E-4	5.762	21.150	201.734
713000000	6.8743	0.1001	0.3096	0.2180	0.2004	0.2721	5.4977E-4	142.058	21.038	190.093
714000000	6.6464	0.1098	0.3118	0.2178	0.2007	0.2697	5.3612E-4	115.919	20.803	198.225
715000000	6.5466	0.1294	0.3077	0.2238	0.2011	0.2674	5.7469E-4	125.980	21.968	186.731
716000000	6.4891	0.1391	0.3023	0.2231	0.2005	0.2741	5.0398E-4	70.455	21.836	198.779
717000000	7.3523	0.1658	0.3044	0.2250	0.2019	0.2686	5.5986E-4	215.005	22.144	196.892
718000000	7.2865	0.1378	0.3059	0.2205	0.2015	0.2722	5.4155E-4	44.200	21.215	188.825
719000000	6.5646	0.1037	0.3156	0.2192	0.1983	0.2670	6.03E-4	22.519	19.485	182.383
720000000	6.8053	2.9702E-3	0.3059	0.2191	0.2071	0.2680	5.8326E-4	2.391	21.431	183.173
721000000	6.4582	0.1697	0.3052	0.2240	0.1986	0.2722	5.1726E-4	141.144	23.407	200.891
722000000	6.1462	0.1029	0.3071	0.2167	0.2030	0.2732	5.4444E-4	3.576	21.124	193.058
723000000	7.1769	0.1463	0.3114	0.2145	0.2033	0.2708	6.1567E-4	523.471	19.547	177.988
724000000	6.3855	0.1689	0.3083	0.2265	0.1997	0.2655	5.4834E-4	45.924	19.367	187.979
725000000	7.1032	6.3623E-2	0.3060	0.2220	0.2028	0.2692	5.0072E-4	20.504	23.155	203.588
726000000	6.2612	0.1463	0.3089	0.2252	0.1984	0.2675	5.7735E-4	10.431	18.413	184.426
727000000	6.9183	0.1296	0.3083	0.2204	0.2001	0.2713	4.9329E-4	23.519	22.809	207.679
728000000	6.5873	0.1018	0.3094	0.2225	0.2024	0.2657	5.3733E-4	3.753	21.618	187.834
729000000	6.6584	9.0594E-2	0.3044	0.2236	0.1992	0.2729	5.3238E-4	5.692	22.136	189.594
730000000	6.7734	0.1670	0.3078	0.2178	0.1985	0.2760	5.4459E-4	7.816	20.255	181.171
731000000	6.4813	0.1119	0.3198	0.2218	0.1916	0.2667	5.1063E-4	13.927	21.678	207.242
732000000	6.8318	0.1072	0.3145	0.2201	0.1993	0.2661	5.4955E-4	9.829	21.309	191.889
733000000	5.8529	0.1411	0.3084	0.2232	0.2017	0.2667	5.7407E-4	122.301	21.252	195.451
734000000	7.1360	0.1340	0.3046	0.2187	0.2003	0.2764	5.8824E-4	21.766	20.598	182.846
735000000	6.6098	0.1484	0.3033	0.2162	0.2044	0.2760	5.3335E-4	5.402	22.090	191.256
736000000	6.9402	0.1579	0.3088	0.2228	0.1972	0.2712	5.5529E-4	7.657	20.931	195.164
737000000	6.1215	0.1702	0.3088	0.2233	0.1997	0.2682	5.8414E-4	34.716	23.032	193.777
738000000	7.0595	0.1415	0.3076	0.2181	0.2042	0.2701	5.3463E-4	5.486	23.642	208.683
739000000	7.0909	1.3513E-2	0.3113	0.2227	0.2016	0.2644	5.1906E-4	83.477	21.616	189.203
740000000	6.7544	0.1488	0.3084	0.2110	0.2075	0.2731	5.2769E-4	15.411	21.408	201.725
741000000	6.4529	0.2008	0.3075	0.2249	0.2031	0.2646	5.1675E-4	881.536	20.848	194.514
742000000	7.0862	0.1363	0.3096	0.2231	0.2027	0.2646	5.5665E-4	228.533	19.574	190.011
743000000	6.6133	0.1279	0.3061	0.2214	0.2022	0.2702	5.4533E-4	13.899	23.560	199.655
744000000	6.8929	0.1939	0.3076	0.2173	0.2021	0.2729	5.5499E-4	5.130	21.111	196.475
745000000	7.9228	3.6897E-2	0.3039	0.2219	0.2023	0.2719	5.4574E-4	2.217	21.753	194.756
746000000	6.6783	0.1189	0.3094	0.2161	0.2006	0.2738	5.7686E-4	188.117	17.790	175.339
747000000	6.3644	0.1456	0.3051	0.2249	0.2001	0.2698	5.0837E-4	18.596	22.164	200.821
748000000	6.6201	0.1214	0.3086	0.2253	0.1938	0.2723	5.6044E-4	25.746	21.534	192.554
749000000	6.5611	0.1586	0.3072	0.2177	0.2039	0.2712	5.408E-4	13.017	20.034	191.579
750000000	8.0399	0.1406	0.3036	0.2252	0.1971	0.2741	5.6398E-4	38.257	20.893	190.819
751000000	6.1757	0.1144	0.3048	0.2239	0.2028	0.2685	5.2578E-4	20.566	22.064	200.727
752000000	7.3222	0.1155	0.3088	0.2249	0.2010	0.2653	5.4526E-4	46.401	20.124	193.040
753000000	6.4215	0.1272	0.3091	0.2182	0.2044	0.2683	5.0281E-4	29.537	22.594	206.030
754000000	6.6256	0.1035	0.3016	0.2256	0.2029	0.2699	5.6827E-4	8.007	21.090	187.956
755000000	6.8812	5.4783E-2	0.3089	0.2226	0.2010	0.2675	5.2613E-4	71.201	21.700	198.379
756000000	6.9487	0.1401	0.3098	0.2184	0.2069	0.2649	5.3026E-4	23.042	21.412	203.765
757000000	6.0876	0.1427	0.3104	0.2184	0.2037	0.2674	5.0436E-4	6.109	22.639	203.756
758000000	6.4402	0.1422	0.3101	0.2194	0.2004	0.2702	5.5223E-4	6.992	22.028	195.109
759000000	7.2121	0.1043	0.3079	0.2227	0.1954	0.2740	5.4551E-4	75.424	21.268	191.479
760000000	7.2924	0.1723	0.3075	0.2248	0.1988	0.2690	5.409E-4	22.743	20.202	185.314
761000000	7.1605	0.1216	0.3085	0.2180	0.2041	0.2694	5.1931E-4	95.492	24.955	207.206
762000000	7.1368	0.1265	0.3064	0.2213	0.2009	0.2714	5.6418E-4	676.076	19.440	182.774
763000000	6.8578	0.1464	0.3138	0.2200	0.1966	0.2696	5.4121E-4	13.653	21.267	198.859
764000000	6.3397	0.1509	0.2989	0.2231	0.2069	0.2711	5.145E-4	5.226	22.639	192.263
765000000	6.0247	0.1654	0.3047	0.2196	0.1998	0.2759	5.4081E-4	82.379	21.228	199.859
766000000	6.7172	0.1064	0.3103	0.2188	0.1987	0.2722	5.241E-4	27.297	23.199	198.485
767000000	6.7162	0.1192	0.3092	0.2163	0.1992	0.2753	5.3385E-4	6.494	22.017	197.378
768000000	6.3189	0.1547	0.3130	0.2199	0.1985	0.2686	5.7663E-4	412.834	19.829	190.802
769000000	5.7380	0.1650	0.3089	0.2219	0.2021	0.2671	5.352E-4	12.677	20.261	193.097
770000000	6.9717	0.1147	0.3113	0.2225	0.1977	0.2685	5.2922E-4	28.528	23.377	208.279
771000000	5.7299	0.1413	0.3012	0.2232	0.2021	0.2735	5.116E-4	21.664	21.303	202.218
772000000	6.4881	4.9565E-3	0.3082	0.2185	0.2010	0.2723	5.08E-4	130.959	23.250	200.876
773000000	7.4101	0.1640	0.3096	0.2224	0.1986	0.2694	5.1472E-4	118.537	21.618	195.007
774000000	6.3007	0.1534	0.3098	0.2204	0.2032	0.2666	5.3682E-4	1.933	20.947	194.629
775000000	6.1169	0.1369	0.3031	0.2245	0.2042	0.2682	5.2889E-4	65.098	19.725	194.236
776000000	6.4598	0.1040	0.3066	0.2287	0.1965	0.2682	5.1199E-4	19.762	23.451	207.188
777000000	6.4106	0.1450	0.3038	0.2220	0.1994	0.2748	5.3662E-4	58.789	19.953	194.543
778000000	7.0615	0.1251	0.3127	0.2161	0.1981	0.2731	5.1255E-4	23.381	22.711	199.367
779000000	7.2062	0.1447	0.3083	0.2178	0.2052	0.2687	5.4208E-4	5.775	20.556	188.319
780000000	6.8192	0.1235	0.3121	0.2157	0.2001	0.2720	5.2556E-4	12.260	23.786	201.524
781000000	6.5034	0.1443	0.3045	0.2259	0.1989	0.2707	5.5105E-4	32.859	20.655	193.643
782000000	6.0295	9.3486E-2	0.3101	0.2183	0.2008	0.2708	5.2249E-4	46.203	22.022	204.147
783000000	6.8110	0.1405	0.3150	0.2194	0.1989	0.2668	5.5969E-4	38.006	21.213	190.474
784000000	6.4802	6.8599E-2	0.3094	0.2212	0.2005	0.2689	5.4811E-4	8.847	20.757	185.701
785000000	6.9247	0.1461	0.3041	0.2234	0.2010	0.2715	5.5675E-4	68.985	21.533	192.547
786000000	7.0741	2.273E-2	0.3078	0.2194	0.2031	0.2698	5.5323E-4	20.686	22.188	194.610
787000000	6.5330	0.1360	0.3108	0.2178	0.2045	0.2669	5.2922E-4	75.837	21.059	198.534
788000000	6.3513	0.1325	0.3028	0.2245	0.1995	0.2732	5.5335E-4	8.643	21.183	196.182
789000000	6.4293	0.1220	0.3075	0.2250	0.2026	0.2650	4.9592E-4	48.860	22.716	208.977
790000000	6.5149	0.1947	0.3084	0.2247	0.1993	0.2677	5.6314E-4	53.672	20.823	187.513
791000000	6.3462	0.1596	0.3055	0.2213	0.2002	0.2730	5.0782E-4	85.476	21.080	197.663
792000000	6.9244	0.1281	0.3032	0.2226	0.2035	0.2706	5.3706E-4	3.463	21.849	195.922
793000000	6.5771	0.1949	0.3163	0.2184	0.1987	0.2666	5.4152E-4	55.590	20.685	183.903
794000000	6.6876	0.1437	0.3131	0.2244	0.1968	0.2657	5.7459E-4	18.825	19.192	183.764
795000000	6.3793	9.0665E-2	0.3056	0.2233	0.2019	0.2692	5.0863E-4	100.943	21.898	201.093
796000000	6.8732	0.1415	0.3058	0.2194	0.2003	0.2746	5.341E-4	69.330	21.844	197.507
797000000	6.9909	0.1107	0.3079	0.2231	0.2017	0.2674	5.18E-4	83.579	22.342	199.955
798000000	6.9018	0.1167	0.3099	0.2211	0.2009	0.2681	5.8755E-4	80.986	20.473	182.260
799000000	6.6969	0.1372	0.3054	0.2206	0.2051	0.2688	4.9797E-4	8.867	23.740	208.250
800000000	6.0904	0.2016	0.3085	0.2189	0.2040	0.2686	5.0486E-4	6.086	23.358	205.192
