state	kappa	alpha	frequencies1	frequencies2	frequencies3	frequencies4	clock.rate	skygrid.precision	rootHeight	treeLength
1000000	6.5794	0.1370	0.3129	0.2212	0.1993	0.2666	5.1163E-4	189.822	22.054	205.388
2000000	6.9566	0.1238	0.3075	0.2198	0.2037	0.2689	5.3944E-4	24.027	21.522	198.452
3000000	6.8516	0.1492	0.3037	0.2244	0.1981	0.2738	5.0706E-4	13.845	21.904	204.888
4000000	6.0550	0.1268	0.3050	0.2222	0.2001	0.2726	5.4264E-4	35.156	20.140	191.528
5000000	7.2350	0.1675	0.3016	0.2251	0.2042	0.2691	5.214E-4	33.220	22.345	202.980
6000000	6.5951	0.1414	0.3105	0.2224	0.1953	0.2717	5.2453E-4	21.344	21.958	194.440
7000000	6.9146	0.1595	0.3074	0.2178	0.2063	0.2686	5.5574E-4	35.879	21.609	197.611
8000000	6.9969	0.1711	0.3061	0.2178	0.2022	0.2739	5.4718E-4	167.492	20.948	195.483
9000000	7.0702	0.1058	0.3043	0.2244	0.1987	0.2726	5.3089E-4	21.844	21.989	200.741
10000000	7.1211	0.1582	0.3073	0.2220	0.1986	0.2722	5.1642E-4	5.603	22.387	202.468
11000000	6.5237	0.2089	0.3105	0.2262	0.1994	0.2638	5.4358E-4	2.303	22.723	190.764
12000000	6.5854	0.1752	0.3051	0.2271	0.1972	0.2706	5.3426E-4	199.472	20.734	196.024
13000000	6.6719	0.1174	0.3080	0.2202	0.2035	0.2683	5.3321E-4	15.813	20.501	189.266
14000000	7.6275	0.1792	0.3091	0.2223	0.2028	0.2658	5.1858E-4	22.934	21.729	196.017
15000000	7.0196	0.1707	0.3050	0.2276	0.2004	0.2669	5.1585E-4	99.660	23.475	205.286
16000000	6.6935	6.6094E-2	0.3112	0.2180	0.1996	0.2712	5.1044E-4	20.040	21.857	198.808
17000000	7.3766	0.1078	0.3030	0.2280	0.2010	0.2680	5.3848E-4	5.174	22.582	200.088
18000000	6.9779	0.1467	0.3030	0.2233	0.2037	0.2699	5.2632E-4	62.199	21.995	192.300
19000000	6.6607	0.1679	0.3042	0.2244	0.1990	0.2723	5.355E-4	34.506	21.570	194.746
20000000	6.7985	0.1909	0.3070	0.2159	0.2044	0.2728	5.2369E-4	1.797	21.009	196.550
21000000	6.9259	0.1044	0.3100	0.2187	0.2046	0.2667	4.9646E-4	53.390	23.018	210.451
22000000	6.9662	0.1657	0.3118	0.2211	0.2030	0.2640	5.289E-4	1664.028	20.998	199.618
23000000	6.1385	0.1205	0.3119	0.2133	0.2018	0.2731	4.8494E-4	134.666	21.729	201.778
24000000	7.2555	0.1956	0.3074	0.2202	0.2011	0.2713	5.7053E-4	24.691	19.897	187.036
25000000	6.4489	0.1314	0.3054	0.2255	0.2018	0.2672	5.3003E-4	18.569	21.779	198.337
26000000	7.1183	6.6671E-2	0.3099	0.2187	0.2043	0.2671	5.2954E-4	17.331	20.645	191.553
27000000	6.2727	0.1252	0.3055	0.2272	0.2029	0.2644	5.1679E-4	11.279	20.900	193.789
28000000	6.6243	0.1377	0.3065	0.2210	0.2002	0.2723	5.1967E-4	9.804	21.218	189.346
29000000	6.0521	0.1286	0.3062	0.2202	0.2033	0.2703	5.2322E-4	18.548	21.578	194.468
30000000	7.0828	7.5608E-2	0.3090	0.2174	0.2036	0.2700	5.3967E-4	14.276	22.254	195.571
31000000	6.1987	0.1378	0.3055	0.2221	0.2012	0.2712	5.1604E-4	397.344	21.012	192.269
32000000	6.5697	0.1333	0.3100	0.2221	0.2017	0.2662	5.3879E-4	8.849	22.301	201.571
33000000	6.4579	0.1356	0.3087	0.2210	0.2026	0.2677	5.2459E-4	19.220	23.202	203.600
34000000	6.5662	0.1871	0.3049	0.2195	0.2083	0.2672	5.451E-4	18.629	21.611	195.326
35000000	6.9369	0.1380	0.3016	0.2239	0.2003	0.2742	5.4669E-4	2.322	20.173	200.544
36000000	6.4618	0.1170	0.3077	0.2253	0.2019	0.2650	5.6777E-4	73.927	20.289	193.555
37000000	7.2039	0.1840	0.3085	0.2204	0.2004	0.2706	5.1677E-4	45.935	23.286	203.065
38000000	7.1668	0.1613	0.3122	0.2159	0.2050	0.2669	5.8018E-4	328.288	19.467	182.879
39000000	6.6310	0.1205	0.3017	0.2205	0.1999	0.2780	5.4403E-4	25.200	20.700	194.160
40000000	6.3996	0.1300	0.3065	0.2183	0.1996	0.2756	5.2658E-4	78.309	24.319	206.231
41000000	6.7719	0.1444	0.3036	0.2276	0.2001	0.2688	5.3106E-4	52.152	21.525	191.928
42000000	6.8676	0.1015	0.3144	0.2150	0.2025	0.2681	5.2733E-4	58.848	21.317	197.812
43000000	6.7322	0.1343	0.3108	0.2172	0.1997	0.2724	4.825E-4	13.075	23.897	212.766
44000000	6.9855	0.1889	0.3123	0.2146	0.2007	0.2724	5.4705E-4	25.746	23.093	202.813
45000000	6.7151	0.1003	0.3073	0.2150	0.2048	0.2730	5.4715E-4	30.714	20.883	191.545
46000000	6.4056	0.1410	0.3050	0.2203	0.1969	0.2779	5.6128E-4	150.796	20.124	190.172
47000000	6.6939	8.5744E-2	0.3112	0.2215	0.2017	0.2657	4.9612E-4	143.076	22.114	212.277
48000000	6.7350	0.1405	0.3119	0.2196	0.2017	0.2668	5.8692E-4	8.910	19.668	182.992
49000000	6.1676	0.1195	0.3089	0.2252	0.2023	0.2635	5.2492E-4	42.386	22.926	201.566
50000000	7.5102	6.4361E-2	0.3087	0.2183	0.1989	0.2741	5.4158E-4	142.631	22.413	198.393
51000000	7.3956	9.2698E-2	0.3046	0.2178	0.2040	0.2736	5.1534E-4	15.453	20.719	191.516
52000000	7.0674	0.1232	0.3095	0.2174	0.2007	0.2724	5.426E-4	99.200	23.749	201.030
53000000	6.9803	0.1436	0.3007	0.2275	0.2029	0.2690	4.936E-4	226.334	23.316	210.496
54000000	6.4674	0.1092	0.3082	0.2169	0.2030	0.2718	5.5003E-4	9.690	21.556	192.938
55000000	6.9343	0.1679	0.3038	0.2207	0.2047	0.2708	5.0744E-4	27.768	23.050	200.855
56000000	6.8853	0.1521	0.2992	0.2281	0.1983	0.2744	5.3117E-4	5.817	20.320	192.565
57000000	6.7217	0.1636	0.3063	0.2183	0.2033	0.2720	5.2522E-4	9.237	22.448	196.981
58000000	6.8713	0.1664	0.3096	0.2199	0.2008	0.2697	5.89E-4	8.143	20.082	188.354
59000000	7.1140	0.1369	0.3068	0.2205	0.2025	0.2702	5.3205E-4	15.221	20.601	194.918
60000000	7.8604	0.1112	0.3079	0.2205	0.2006	0.2710	5.4269E-4	62.953	22.445	197.245
61000000	6.5877	0.1365	0.3048	0.2195	0.1997	0.2760	5.4622E-4	154.844	22.426	201.049
62000000	6.3385	0.2023	0.3042	0.2224	0.2018	0.2716	5.6395E-4	122.388	20.418	189.275
63000000	7.1131	0.1515	0.3116	0.2262	0.1985	0.2637	5.3694E-4	7.384	20.400	200.514
64000000	6.2828	8.819E-2	0.3065	0.2247	0.1990	0.2698	5.1569E-4	223.885	22.924	204.659
65000000	7.2595	0.1295	0.3067	0.2187	0.1995	0.2752	5.1027E-4	85.267	21.424	198.509
66000000	6.8819	0.1021	0.3032	0.2184	0.1971	0.2813	5.1732E-4	461.961	22.694	204.556
67000000	7.1315	0.1403	0.3060	0.2223	0.1986	0.2731	5.3135E-4	40.860	21.747	196.573
68000000	6.5419	0.1284	0.3060	0.2187	0.2033	0.2720	5.2526E-4	6.505	21.324	200.759
69000000	7.2284	0.1358	0.3123	0.2201	0.1990	0.2687	5.6818E-4	7.973	21.038	184.636
70000000	7.0051	0.1365	0.3118	0.2185	0.1974	0.2723	5.4679E-4	8.513	18.806	185.761
71000000	7.1292	0.1390	0.3071	0.2160	0.1990	0.2779	5.1828E-4	35.152	22.053	196.729
72000000	6.4144	0.1518	0.3013	0.2253	0.2068	0.2665	4.7937E-4	21.324	23.611	206.922
73000000	6.6679	0.1407	0.3074	0.2241	0.1985	0.2700	5.8395E-4	39.183	21.488	187.199
74000000	6.6508	0.1271	0.3031	0.2245	0.1970	0.2754	5.4431E-4	15.141	21.838	193.007
75000000	7.2546	0.1384	0.3008	0.2255	0.1975	0.2762	5.3072E-4	15.663	20.800	188.777
76000000	6.6854	0.1687	0.3041	0.2223	0.2070	0.2667	5.1471E-4	9.884	21.390	198.151
77000000	6.4042	2.6234E-2	0.3057	0.2237	0.2018	0.2689	5.5813E-4	195.931	20.250	188.168
78000000	7.6574	0.1596	0.3065	0.2241	0.1997	0.2697	5.8149E-4	2.948	19.695	186.415
79000000	6.6687	0.1152	0.3012	0.2235	0.2034	0.2719	5.7752E-4	8.161	19.049	184.048
80000000	6.7634	0.1156	0.3088	0.2181	0.1997	0.2734	5.2992E-4	1140.574	25.927	202.758
81000000	6.9636	0.1572	0.3169	0.2214	0.1951	0.2665	5.1953E-4	27.120	22.074	197.296
82000000	6.2982	0.1218	0.3014	0.2231	0.2041	0.2715	5.2315E-4	34.355	22.280	197.880
83000000	6.6437	7.3518E-2	0.3071	0.2157	0.2049	0.2722	5.7965E-4	21.161	21.075	192.618
84000000	6.5605	0.1778	0.3060	0.2203	0.2046	0.2692	6.0706E-4	10.879	18.588	177.605
85000000	6.7481	0.1148	0.3080	0.2205	0.1994	0.2721	5.7755E-4	88.771	20.492	181.257
86000000	6.2731	0.1415	0.3046	0.2193	0.2051	0.2709	5.3901E-4	7.257	22.411	199.887
87000000	7.6511	0.1463	0.3047	0.2250	0.1992	0.2710	5.7311E-4	28.104	20.135	188.198
88000000	6.7504	0.1172	0.3009	0.2270	0.2062	0.2659	6.1804E-4	24.071	18.624	177.441
89000000	6.2836	0.1306	0.3099	0.2174	0.2056	0.2671	5.2096E-4	8.014	22.826	199.149
90000000	7.2590	0.1474	0.3052	0.2194	0.2057	0.2696	5.5606E-4	9.078	20.433	194.463
91000000	7.6799	0.1105	0.3045	0.2247	0.2041	0.2668	5.2008E-4	67.033	22.712	201.167
92000000	6.7297	8.1982E-2	0.3080	0.2195	0.1997	0.2728	5.5979E-4	30.757	20.843	193.258
93000000	6.8290	0.1484	0.3037	0.2215	0.2032	0.2716	5.9034E-4	12.637	19.434	179.050
94000000	6.4319	0.1007	0.3113	0.2142	0.2008	0.2736	5.5191E-4	36.082	21.968	193.486
95000000	6.3855	0.1188	0.3048	0.2261	0.2040	0.2651	5.1944E-4	50.636	21.952	202.955
96000000	6.7993	0.1350	0.3095	0.2205	0.2007	0.2693	5.5757E-4	31.770	21.526	191.523
97000000	6.1230	0.1431	0.3009	0.2229	0.2082	0.2680	5.4931E-4	27.280	23.804	195.688
98000000	6.5534	0.1171	0.3066	0.2231	0.1980	0.2723	5.5587E-4	25.963	20.412	191.892
99000000	7.1786	0.1059	0.3144	0.2210	0.1979	0.2667	5.0647E-4	68.889	23.203	205.479
100000000	6.8110	0.1145	0.3098	0.2183	0.2024	0.2695	5.3976E-4	34.540	20.669	192.758
101000000	6.9823	0.1478	0.3144	0.2173	0.1969	0.2714	5.0548E-4	56.467	23.082	204.164
102000000	6.5324	0.1427	0.3045	0.2169	0.2014	0.2771	5.3926E-4	15.386	22.133	198.749
103000000	7.3036	0.1180	0.3045	0.2179	0.2063	0.2713	5.0989E-4	2.456	20.447	194.528
104000000	6.7753	0.1353	0.3036	0.2240	0.2049	0.2674	5.9421E-4	15.810	18.168	179.097
105000000	7.8783	0.1459	0.3043	0.2248	0.1990	0.2719	4.841E-4	9.736	22.979	208.217
106000000	7.6344	0.1325	0.3074	0.2225	0.2001	0.2700	5.2219E-4	52.496	22.590	204.630
107000000	6.8435	0.1735	0.3118	0.2177	0.1980	0.2725	5.0651E-4	52.502	21.485	197.420
108000000	7.0032	0.1788	0.3073	0.2236	0.2037	0.2654	5.24E-4	1693.548	22.474	200.110
109000000	6.6461	0.1343	0.3059	0.2180	0.2015	0.2746	5.1828E-4	103.260	21.321	195.923
110000000	6.3670	0.1444	0.3110	0.2210	0.1993	0.2686	5.1401E-4	173.619	21.666	196.405
111000000	6.9898	0.1104	0.3108	0.2141	0.2033	0.2718	5.1278E-4	198.925	22.538	203.549
112000000	7.6861	9.7431E-2	0.3071	0.2168	0.1968	0.2794	5.4816E-4	32.036	19.897	186.541
113000000	6.3961	0.1428	0.3072	0.2204	0.2062	0.2662	5.0848E-4	44.121	21.774	199.834
114000000	6.6294	0.1765	0.3083	0.2228	0.1991	0.2698	5.4643E-4	67.027	22.748	196.372
115000000	7.1531	0.1589	0.3123	0.2210	0.1954	0.2713	5.0926E-4	33.487	22.468	199.369
116000000	6.6604	0.1271	0.3045	0.2224	0.1969	0.2762	5.179E-4	28.298	22.537	195.101
117000000	6.7238	0.1592	0.3134	0.2181	0.2006	0.2679	5.4967E-4	6.285	21.774	198.176
118000000	7.4281	0.1088	0.3068	0.2183	0.2073	0.2677	5.0084E-4	50.660	22.644	196.432
119000000	6.0587	0.1671	0.3041	0.2205	0.2011	0.2742	5.3813E-4	69.891	20.374	196.324
120000000	6.8549	0.1034	0.3115	0.2247	0.1989	0.2649	5.1855E-4	4.525	22.726	200.579
121000000	7.0580	0.1341	0.3048	0.2158	0.2106	0.2687	5.1704E-4	131.457	20.788	191.908
122000000	7.1241	0.1336	0.3054	0.2182	0.2001	0.2763	5.5192E-4	11.718	20.852	195.208
123000000	6.0922	0.1200	0.3027	0.2224	0.2010	0.2738	5.5746E-4	3.711	20.449	187.802
124000000	6.4145	0.1564	0.3065	0.2216	0.1985	0.2734	5.2078E-4	14.971	21.858	200.189
125000000	6.3410	0.1256	0.3029	0.2176	0.2055	0.2740	5.2727E-4	9.412	21.144	200.524
126000000	7.0705	0.1274	0.3073	0.2211	0.2011	0.2705	4.9627E-4	58.902	23.112	207.236
127000000	6.3165	0.1569	0.3058	0.2227	0.1975	0.2740	5.5546E-4	5.701	18.501	180.838
128000000	6.8638	0.1647	0.3057	0.2198	0.1984	0.2762	5.0337E-4	8.290	23.328	207.191
129000000	6.6725	0.1614	0.3122	0.2169	0.1989	0.2720	4.9851E-4	7.972	21.968	200.591
130000000	6.2367	0.1094	0.3028	0.2193	0.2004	0.2775	5.4225E-4	6.465	21.505	189.919
131000000	6.8522	7.2018E-2	0.3101	0.2217	0.2040	0.2642	4.9384E-4	1262.588	21.412	204.606
132000000	7.5267	0.1853	0.3086	0.2178	0.2044	0.2692	5.1673E-4	50.035	22.253	196.355
133000000	7.8342	0.2000	0.3113	0.2186	0.1964	0.2738	5.3572E-4	942.324	21.968	190.858
134000000	6.5621	0.1594	0.3062	0.2230	0.1980	0.2727	5.6459E-4	123.116	21.187	192.810
135000000	7.3997	0.1867	0.3062	0.2245	0.2042	0.2651	5.4404E-4	183.050	20.606	189.576
136000000	7.1537	0.1096	0.3102	0.2225	0.1984	0.2689	5.0199E-4	7.852	21.878	199.989
137000000	6.4314	8.5372E-2	0.3039	0.2251	0.2035	0.2675	5.4057E-4	16.059	21.822	190.476
138000000	7.4119	0.1126	0.3084	0.2219	0.1986	0.2711	5.2101E-4	107.197	21.090	200.813
139000000	6.5362	0.1429	0.3094	0.2154	0.2046	0.2706	5.2307E-4	16.593	24.050	203.514
140000000	6.8593	0.1497	0.3067	0.2190	0.2007	0.2736	5.2103E-4	933.962	22.009	192.056
141000000	6.7092	0.1415	0.3031	0.2188	0.2031	0.2750	5.3603E-4	50.241	21.420	187.006
142000000	6.8767	0.1744	0.3026	0.2195	0.2032	0.2747	5.4865E-4	13.778	21.327	191.571
143000000	7.0043	0.1448	0.3067	0.2219	0.2037	0.2677	5.4302E-4	7.165	19.864	194.184
144000000	6.8087	9.966E-2	0.3079	0.2208	0.1989	0.2724	5.1149E-4	28.382	21.627	195.311
145000000	6.4512	0.1997	0.3087	0.2217	0.2004	0.2691	5.2755E-4	8.991	21.278	195.149
146000000	6.6046	0.1188	0.3097	0.2190	0.2016	0.2696	5.6049E-4	27.680	20.806	190.993
147000000	6.2072	0.1281	0.3101	0.2207	0.1967	0.2725	5.5925E-4	13.100	20.433	185.477
148000000	6.2500	0.1495	0.3055	0.2203	0.2024	0.2718	5.5425E-4	23.049	22.728	194.864
149000000	6.7807	0.1360	0.3125	0.2191	0.2015	0.2669	5.0511E-4	53.970	22.969	201.003
150000000	5.8855	0.1280	0.3082	0.2188	0.2029	0.2701	5.3265E-4	5.120	21.545	196.636
151000000	7.1119	0.1704	0.3033	0.2150	0.2101	0.2716	5.2268E-4	31.788	22.505	207.878
152000000	6.4906	0.1565	0.3110	0.2224	0.1930	0.2736	6.0257E-4	46.234	18.516	174.774
153000000	7.0165	0.1450	0.3061	0.2232	0.1994	0.2712	5.2828E-4	11.501	20.932	192.851
154000000	6.4170	0.1138	0.3054	0.2179	0.2010	0.2757	5.1303E-4	7.504	22.872	202.143
155000000	6.3588	0.1274	0.3119	0.2193	0.1997	0.2692	5.3977E-4	11.579	19.201	190.747
156000000	6.8983	9.8493E-2	0.3112	0.2220	0.1975	0.2693	4.858E-4	72.102	22.109	210.202
157000000	7.0698	0.1347	0.3054	0.2267	0.2006	0.2673	5.38E-4	1435.193	21.485	194.270
158000000	6.6949	0.1912	0.3087	0.2224	0.2008	0.2681	5.3661E-4	12.131	21.288	209.998
159000000	6.4631	0.1162	0.3072	0.2191	0.2021	0.2715	5.3583E-4	102.436	22.606	200.383
160000000	7.0781	0.1305	0.3067	0.2218	0.2066	0.2649	5.1426E-4	183.696	21.972	206.875
161000000	6.6175	0.2074	0.3049	0.2232	0.2013	0.2706	5.257E-4	15.083	21.819	200.956
162000000	6.6410	5.9287E-2	0.3004	0.2218	0.2071	0.2707	5.3614E-4	25.166	21.311	198.761
163000000	6.6537	0.1698	0.3101	0.2192	0.1999	0.2707	5.4243E-4	36.938	20.889	180.630
164000000	6.8306	0.1171	0.3150	0.2169	0.1986	0.2696	5.2566E-4	34.311	20.506	200.413
165000000	6.4099	0.1577	0.3107	0.2227	0.2005	0.2661	5.5299E-4	37.326	21.178	193.326
166000000	7.0319	0.1607	0.3099	0.2216	0.2002	0.2683	5.3227E-4	16.334	22.748	198.012
167000000	6.2420	0.1939	0.3076	0.2187	0.2018	0.2719	5.5841E-4	21.445	21.085	192.722
168000000	6.7499	0.1176	0.3107	0.2212	0.1967	0.2714	5.1758E-4	21.927	20.324	195.051
169000000	6.9460	0.1548	0.3111	0.2179	0.2012	0.2698	5.4505E-4	88.813	23.038	190.252
170000000	7.6051	0.1343	0.3036	0.2217	0.2022	0.2724	5.4449E-4	8.785	21.348	193.953
171000000	7.1618	0.1196	0.3064	0.2226	0.2033	0.2677	5.2456E-4	8.985	21.315	196.265
172000000	7.1387	0.1272	0.3090	0.2163	0.2015	0.2732	5.3358E-4	17.274	21.505	192.207
173000000	6.6574	0.2262	0.3048	0.2194	0.2030	0.2728	5.4666E-4	62.216	20.839	186.328
174000000	7.0481	0.1388	0.3069	0.2197	0.2032	0.2702	5.2048E-4	252.213	22.011	198.532
175000000	6.9347	0.1635	0.3119	0.2201	0.2000	0.2680	5.2508E-4	14.314	23.707	206.867
176000000	7.5300	0.1329	0.3015	0.2263	0.1924	0.2798	5.304E-4	54.585	21.792	191.781
177000000	6.1823	0.1554	0.3054	0.2287	0.2023	0.2636	5.2023E-4	7.278	22.700	196.048
178000000	6.7429	0.1589	0.3111	0.2253	0.1953	0.2682	5.067E-4	84.634	22.702	199.051
179000000	6.5009	0.1683	0.3123	0.2172	0.2044	0.2661	5.058E-4	3.981	21.008	199.607
180000000	6.3451	0.1351	0.3109	0.2151	0.2083	0.2657	5.8299E-4	14.648	20.227	188.280
181000000	6.6941	0.2288	0.3122	0.2201	0.1983	0.2695	5.1301E-4	9.763	23.028	202.008
182000000	6.7960	0.1787	0.3122	0.2215	0.2009	0.2654	5.7844E-4	27.523	20.484	185.918
183000000	6.6782	0.1495	0.3082	0.2199	0.2032	0.2686	5.4046E-4	297.142	20.867	196.712
184000000	7.3112	0.1406	0.3046	0.2277	0.1985	0.2691	5.0663E-4	18.349	22.432	210.403
185000000	7.6041	0.1277	0.3061	0.2248	0.1996	0.2694	5.4808E-4	90.876	22.262	199.758
186000000	6.7476	0.1596	0.3063	0.2165	0.2065	0.2707	4.9985E-4	39.477	22.283	193.512
187000000	6.5828	0.1209	0.3058	0.2210	0.1979	0.2753	5.1926E-4	42.521	21.519	199.294
188000000	7.6576	4.4676E-2	0.3102	0.2245	0.1956	0.2697	5.814E-4	33.799	19.567	186.365
189000000	6.8983	0.1615	0.3119	0.2240	0.1976	0.2665	5.4683E-4	154.637	20.938	194.422
190000000	6.4879	0.1324	0.3091	0.2265	0.1987	0.2657	5.2412E-4	23.922	22.552	196.080
191000000	6.4413	0.1245	0.3118	0.2216	0.1992	0.2674	5.2716E-4	3.418	20.458	190.578
192000000	6.9038	0.1330	0.3085	0.2196	0.1973	0.2745	5.4706E-4	10.519	22.810	200.957
193000000	6.5405	0.1515	0.3093	0.2219	0.1982	0.2706	5.0123E-4	49.154	23.255	206.877
194000000	6.7129	0.1603	0.3079	0.2194	0.2007	0.2720	5.7272E-4	8.521	19.949	184.650
195000000	7.0163	0.1296	0.2993	0.2230	0.2023	0.2754	5.1003E-4	15.775	24.701	204.743
196000000	6.3698	0.1361	0.3048	0.2201	0.2081	0.2670	5.009E-4	32.548	22.395	206.151
197000000	7.0809	0.1665	0.3044	0.2238	0.1962	0.2756	5.1769E-4	13.899	21.293	199.903
198000000	6.4478	0.1293	0.3076	0.2209	0.2040	0.2676	5.1128E-4	19.201	23.484	205.130
199000000	6.3765	0.1618	0.3069	0.2234	0.1973	0.2723	5.4481E-4	31.981	21.865	195.906
200000000	6.5715	0.1185	0.3067	0.2218	0.2012	0.2703	5.1463E-4	2.824	22.277	201.505
201000000	6.9694	0.1559	0.3114	0.2183	0.2007	0.2696	5.2735E-4	3.895	22.087	200.882
202000000	6.4745	0.2003	0.3071	0.2258	0.2011	0.2660	5.4865E-4	12.737	21.355	190.966
203000000	6.6756	0.1653	0.3078	0.2164	0.2041	0.2716	5.9924E-4	59.695	19.602	179.225
204000000	7.4379	0.2154	0.3083	0.2188	0.1991	0.2739	5.3369E-4	1221.300	21.191	203.369
205000000	6.5978	0.2010	0.3100	0.2153	0.1950	0.2796	5.524E-4	188.409	22.448	201.810
206000000	7.2659	0.1298	0.3033	0.2230	0.1965	0.2772	5.2877E-4	326.010	21.173	201.726
207000000	7.5190	0.1232	0.3037	0.2282	0.1955	0.2726	5.2011E-4	85.228	22.757	205.752
208000000	7.3260	0.1317	0.3042	0.2241	0.2035	0.2682	5.2284E-4	56.319	22.826	202.046
209000000	6.8853	0.1126	0.3107	0.2228	0.2010	0.2655	5.5971E-4	28.795	20.182	188.330
210000000	6.3069	0.1933	0.3093	0.2195	0.2031	0.2680	5.3785E-4	2994.765	21.434	198.023
211000000	7.2528	0.1578	0.3146	0.2161	0.1977	0.2715	5.1911E-4	114.318	22.449	196.664
212000000	6.6148	0.1210	0.3102	0.2202	0.1990	0.2706	5.4358E-4	10.821	21.016	191.038
213000000	6.6744	0.1058	0.3139	0.2148	0.2014	0.2699	5.3055E-4	360.796	22.156	194.960
214000000	6.7402	0.1576	0.3095	0.2198	0.1979	0.2729	4.8563E-4	205.762	21.254	199.162
215000000	6.8127	0.1459	0.3046	0.2257	0.1977	0.2720	5.2243E-4	17.513	20.296	195.029
216000000	6.3842	0.1452	0.3132	0.2189	0.2015	0.2664	5.183E-4	11.581	23.523	204.242
217000000	6.2543	0.1002	0.3071	0.2197	0.2014	0.2719	5.6226E-4	30.972	21.185	187.624
218000000	6.5785	0.1208	0.3084	0.2240	0.1966	0.2709	5.5943E-4	4.797	20.769	191.840
219000000	6.2549	0.1890	0.3123	0.2149	0.2000	0.2728	4.8469E-4	62.816	23.273	207.545
220000000	6.8652	0.1484	0.3036	0.2166	0.2025	0.2774	5.292E-4	11.752	20.115	190.517
221000000	6.5991	0.1681	0.3063	0.2161	0.2041	0.2736	5.1481E-4	15.204	22.885	203.168
222000000	6.4949	0.1225	0.3126	0.2172	0.2043	0.2658	5.5192E-4	5.861	22.497	198.405
223000000	6.8793	0.1544	0.3138	0.2188	0.1978	0.2696	5.3572E-4	10.815	22.065	198.047
224000000	7.0710	0.1253	0.3136	0.2228	0.1989	0.2647	5.3089E-4	675.975	21.564	196.312
225000000	6.9652	9.0727E-2	0.3075	0.2179	0.2018	0.2728	5.0664E-4	9.467	21.505	200.754
226000000	6.4823	0.1342	0.3103	0.2224	0.2053	0.2619	5.5875E-4	88.726	21.792	193.690
227000000	6.7573	0.1170	0.3094	0.2212	0.1998	0.2696	5.1305E-4	11.154	20.540	198.665
228000000	6.2192	0.1282	0.3085	0.2258	0.1966	0.2691	5.5237E-4	6.021	22.384	196.548
229000000	6.1789	0.1180	0.3072	0.2137	0.2064	0.2727	5.3068E-4	36.022	22.825	201.989
230000000	7.4314	0.2185	0.3060	0.2236	0.1970	0.2735	5.4422E-4	31.808	22.375	198.634
231000000	7.3745	0.1224	0.3028	0.2285	0.2007	0.2680	4.86E-4	21.089	20.861	203.441
232000000	6.9464	0.1551	0.3027	0.2273	0.2023	0.2678	5.1279E-4	15.979	21.108	197.246
233000000	6.9219	0.1195	0.3092	0.2184	0.2020	0.2704	5.3338E-4	17.340	22.248	197.599
234000000	7.1821	0.1472	0.3078	0.2202	0.2010	0.2710	5.2928E-4	7.186	22.809	197.372
235000000	7.1209	0.1756	0.3066	0.2172	0.1979	0.2782	5.594E-4	79.332	22.084	194.772
236000000	6.6052	8.9455E-2	0.3000	0.2210	0.2031	0.2759	5.9115E-4	13.283	20.087	191.054
237000000	6.0581	0.1773	0.3132	0.2202	0.1969	0.2696	5.5397E-4	10.361	21.689	189.981
238000000	6.6433	0.1265	0.3101	0.2183	0.1950	0.2767	5.3396E-4	31.606	21.098	191.965
239000000	6.2840	0.1438	0.3065	0.2228	0.2059	0.2649	5.2063E-4	82.795	21.612	196.372
240000000	6.9702	9.1679E-2	0.3081	0.2247	0.2003	0.2669	5.8304E-4	52.716	21.599	198.247
241000000	6.4387	9.6251E-2	0.3061	0.2184	0.1993	0.2762	5.3718E-4	32.276	22.885	195.564
242000000	6.8655	0.1189	0.3110	0.2211	0.2028	0.2651	5.2255E-4	784.039	19.627	183.384
243000000	6.9061	9.8775E-2	0.3083	0.2209	0.2022	0.2686	5.5134E-4	19.018	20.961	189.499
244000000	6.9168	0.1775	0.3119	0.2221	0.2010	0.2650	5.5895E-4	28.950	20.973	186.302
245000000	7.0805	0.1545	0.3143	0.2172	0.1980	0.2704	5.7466E-4	7.247	22.091	192.056
246000000	7.3841	0.1987	0.3025	0.2239	0.2009	0.2727	5.7165E-4	47.220	20.083	190.696
247000000	6.0878	0.1544	0.3056	0.2215	0.2036	0.2693	5.6911E-4	36.420	19.847	191.219
248000000	6.9854	0.1302	0.3096	0.2215	0.1994	0.2695	5.5354E-4	61.170	19.691	186.982
249000000	6.6784	0.1150	0.3133	0.2209	0.1991	0.2667	5.2332E-4	44.191	21.731	192.098
250000000	6.1435	0.1170	0.3079	0.2163	0.2034	0.2723	5.1074E-4	11.382	23.790	206.631
251000000	6.7161	0.1199	0.3094	0.2202	0.1958	0.2745	5.2715E-4	129.996	19.425	194.306
252000000	6.3817	0.1496	0.3065	0.2202	0.2028	0.2705	5.749E-4	6.548	20.340	184.155
253000000	6.9760	0.1551	0.3168	0.2192	0.1954	0.2685	5.4907E-4	14.034	20.056	188.052
254000000	6.9613	0.1222	0.3078	0.2200	0.1984	0.2738	5.569E-4	32.899	20.629	187.723
255000000	6.1871	0.1555	0.3122	0.2196	0.1976	0.2707	5.9025E-4	12.846	20.161	181.596
256000000	7.1503	0.1101	0.3075	0.2233	0.2024	0.2668	5.5851E-4	17.488	21.609	190.480
257000000	6.5413	0.1133	0.3065	0.2200	0.2010	0.2726	5.2057E-4	36.552	22.864	203.218
258000000	6.6380	0.1492	0.3034	0.2241	0.2035	0.2691	4.9567E-4	4.479	23.132	207.786
259000000	5.9662	0.1189	0.3118	0.2235	0.2032	0.2615	5.3743E-4	9.866	22.163	201.312
260000000	7.2883	0.1241	0.3125	0.2140	0.2007	0.2727	5.1896E-4	75.729	20.111	193.583
261000000	7.0714	0.1511	0.3069	0.2185	0.2056	0.2690	5.1397E-4	79.155	22.561	204.279
262000000	6.5343	0.1192	0.3079	0.2203	0.1984	0.2734	5.2205E-4	441.807	22.582	201.967
263000000	5.9636	0.1420	0.3015	0.2233	0.2054	0.2698	5.2932E-4	7.878	22.963	204.257
264000000	6.5441	0.1743	0.3039	0.2169	0.2022	0.2771	5.7388E-4	16.365	19.738	183.455
265000000	6.8221	0.1621	0.3063	0.2211	0.2069	0.2657	5.5278E-4	7.123	21.481	189.931
266000000	6.1627	0.1081	0.2994	0.2209	0.2011	0.2787	5.6926E-4	33.160	19.735	188.832
267000000	5.8375	0.1128	0.3081	0.2180	0.1984	0.2755	5.2597E-4	229.912	22.298	202.776
268000000	7.3938	0.1080	0.3145	0.2197	0.1961	0.2697	5.3965E-4	4.897	20.615	197.895
269000000	6.4078	0.1446	0.3019	0.2280	0.1982	0.2718	5.4258E-4	28.144	23.002	199.735
270000000	6.9708	0.1594	0.3057	0.2220	0.2012	0.2710	5.4233E-4	3706.135	23.860	202.049
271000000	7.9418	0.1078	0.3024	0.2264	0.2014	0.2698	5.146E-4	31.429	24.976	201.571
272000000	7.3015	0.1298	0.3150	0.2207	0.1957	0.2686	5.5513E-4	51.979	19.948	186.049
273000000	6.7872	0.1179	0.3049	0.2230	0.1986	0.2735	5.1513E-4	207.329	21.536	197.259
274000000	7.1073	0.1711	0.3087	0.2200	0.2023	0.2689	5.3299E-4	158.428	23.962	202.760
275000000	6.8815	0.1397	0.3014	0.2236	0.1953	0.2798	5.6297E-4	84.487	19.460	184.149
276000000	7.0662	0.1108	0.3053	0.2199	0.2025	0.2724	5.5199E-4	31.223	19.573	187.698
277000000	6.5467	8.3767E-2	0.3086	0.2157	0.2036	0.2722	5.1421E-4	3.766	22.672	198.502
278000000	7.1352	0.1498	0.3039	0.2232	0.2014	0.2715	5.3345E-4	12.289	21.581	194.087
279000000	7.3579	0.1428	0.3064	0.2201	0.1989	0.2747	5.2021E-4	32.022	23.318	202.080
280000000	6.7710	0.1464	0.3095	0.2219	0.2004	0.2682	5.365E-4	7.023	22.206	199.451
281000000	6.9788	0.1129	0.3109	0.2191	0.2001	0.2700	5.8643E-4	246.071	20.228	180.452
282000000	6.2640	0.1014	0.3089	0.2249	0.1956	0.2706	5.0381E-4	221.823	21.908	199.452
283000000	7.1738	9.2395E-2	0.3071	0.2234	0.2012	0.2684	5.0209E-4	23.020	20.714	190.858
284000000	6.9641	0.1873	0.3109	0.2229	0.1942	0.2721	5.5325E-4	18.822	20.596	193.818
285000000	7.5860	0.1168	0.3115	0.2207	0.2052	0.2626	5.0082E-4	8.593	22.908	200.489
286000000	6.5299	0.1520	0.3109	0.2210	0.2002	0.2679	5.492E-4	165.934	20.016	190.692
287000000	6.5716	0.1257	0.3072	0.2211	0.2005	0.2712	5.0714E-4	3.341	22.688	204.411
288000000	6.8466	0.1499	0.3126	0.2178	0.1968	0.2728	5.3782E-4	4.126	19.990	189.053
289000000	7.5188	0.1286	0.3048	0.2265	0.2025	0.2662	5.4655E-4	20.960	22.319	199.562
290000000	6.5988	0.1807	0.3081	0.2202	0.2016	0.2700	5.5236E-4	17.150	21.498	199.622
291000000	6.7778	0.1629	0.3071	0.2246	0.1996	0.2687	5.4538E-4	290.923	21.005	192.657
292000000	7.4606	0.1101	0.3154	0.2171	0.1980	0.2695	5.2764E-4	73.142	21.571	194.490
293000000	6.9655	8.1993E-2	0.3087	0.2193	0.2028	0.2692	4.9752E-4	22.967	24.165	207.421
294000000	6.9581	0.1487	0.3033	0.2180	0.2039	0.2748	5.6944E-4	115.497	20.883	188.454
295000000	8.0773	0.1506	0.3062	0.2184	0.1993	0.2760	5.8842E-4	104.857	19.822	181.042
296000000	6.9319	0.1204	0.3158	0.2211	0.1951	0.2680	5.6025E-4	20.568	20.481	189.552
297000000	6.2510	0.1954	0.3076	0.2204	0.2012	0.2708	5.2919E-4	21.814	19.932	196.593
298000000	6.8519	0.1187	0.3076	0.2195	0.1989	0.2740	5.3655E-4	33.648	22.718	201.131
299000000	7.3692	0.1232	0.3128	0.2191	0.2014	0.2668	5.3686E-4	14.965	22.955	202.861
300000000	6.7521	0.1360	0.3087	0.2196	0.2037	0.2680	4.9142E-4	48.554	22.589	206.575
301000000	7.3772	0.1726	0.3068	0.2206	0.2028	0.2699	5.478E-4	32.317	21.769	198.978
302000000	6.9855	0.1440	0.3067	0.2233	0.2010	0.2690	5.046E-4	27.389	20.794	194.078
303000000	6.7843	0.1509	0.3092	0.2204	0.2053	0.2652	5.3261E-4	2.163	21.378	197.331
304000000	5.7065	0.1333	0.3017	0.2240	0.2003	0.2740	5.5787E-4	2.222	21.694	196.857
305000000	7.4869	0.1345	0.3035	0.2167	0.2044	0.2755	5.25E-4	31.503	22.242	201.642
306000000	6.9508	0.1559	0.3071	0.2231	0.1989	0.2709	5.3734E-4	14.854	21.895	196.703
307000000	6.8411	0.1240	0.3021	0.2238	0.2029	0.2712	5.0962E-4	8.639	22.926	198.593
308000000	6.7654	0.2282	0.3040	0.2251	0.1987	0.2722	5.0461E-4	11.398	22.546	194.935
309000000	6.3134	0.1255	0.3071	0.2247	0.1999	0.2683	5.5918E-4	14.587	20.606	196.937
310000000	6.7019	0.1244	0.3073	0.2183	0.2060	0.2683	5.3054E-4	13.447	21.133	192.194
311000000	6.6217	8.1642E-2	0.3014	0.2199	0.2078	0.2709	5.6721E-4	71.304	19.922	181.862
312000000	6.8424	0.1379	0.3073	0.2144	0.1993	0.2790	5.1706E-4	28.814	21.612	195.767
313000000	6.8637	0.1701	0.3099	0.2199	0.1999	0.2702	4.8796E-4	838.300	23.641	212.205
314000000	6.8940	0.1236	0.3151	0.2204	0.2000	0.2644	5.3695E-4	71.194	21.870	191.254
315000000	6.3753	0.1000	0.3124	0.2141	0.2000	0.2735	5.6298E-4	4.940	20.611	193.513
316000000	7.1448	0.1861	0.3090	0.2231	0.2019	0.2660	5.2052E-4	19.838	21.790	204.955
317000000	6.7553	0.1643	0.3084	0.2194	0.2031	0.2691	5.6008E-4	13.004	20.686	183.191
318000000	6.3176	0.1078	0.3110	0.2171	0.2009	0.2710	5.2874E-4	50.536	21.307	197.383
319000000	7.1349	0.1422	0.3074	0.2230	0.2012	0.2685	5.4728E-4	167.529	19.216	186.685
320000000	7.6250	0.1473	0.3032	0.2229	0.2039	0.2699	4.9622E-4	11.043	22.492	203.560
321000000	6.7909	8.3384E-2	0.3086	0.2183	0.2015	0.2716	4.9918E-4	19.531	22.716	202.571
322000000	6.7560	0.1320	0.3119	0.2174	0.2072	0.2634	5.1465E-4	35.907	21.475	205.830
323000000	6.5581	0.1049	0.3075	0.2157	0.2011	0.2756	5.1427E-4	1.251	21.872	204.842
324000000	7.1362	6.2266E-3	0.3025	0.2246	0.2019	0.2711	5.0376E-4	86.702	23.040	207.930
325000000	7.2586	9.8843E-2	0.3035	0.2259	0.2010	0.2696	5.3531E-4	17.436	22.262	195.376
326000000	7.0161	0.1226	0.3062	0.2168	0.2002	0.2769	5.3998E-4	212.520	20.787	192.976
327000000	6.6556	0.1538	0.3110	0.2186	0.1985	0.2719	5.4431E-4	227.398	21.530	194.544
328000000	6.6279	0.1519	0.3118	0.2227	0.2022	0.2633	5.1131E-4	100.324	20.660	195.216
329000000	6.5367	0.1142	0.3130	0.2175	0.1954	0.2741	5.3842E-4	689.069	20.431	192.217
330000000	5.9890	0.1063	0.3193	0.2141	0.2008	0.2657	5.1385E-4	64.938	24.353	207.931
331000000	7.2281	0.1395	0.3104	0.2170	0.2013	0.2713	5.0971E-4	8.366	22.039	204.360
332000000	6.2633	0.1381	0.3063	0.2280	0.2001	0.2657	5.4632E-4	15.132	20.554	187.295
333000000	7.4986	9.5388E-2	0.3028	0.2157	0.2066	0.2750	5.4793E-4	19.089	20.045	193.390
334000000	6.1537	0.1280	0.3148	0.2218	0.1956	0.2678	4.7662E-4	8.997	23.229	206.042
335000000	6.9012	0.1793	0.3086	0.2226	0.2005	0.2683	4.7919E-4	19.023	25.438	227.563
336000000	7.7022	0.1062	0.3059	0.2272	0.2011	0.2657	5.3539E-4	53.433	21.113	190.805
337000000	6.2749	9.5395E-2	0.3157	0.2205	0.1997	0.2640	5.8774E-4	33.873	19.254	184.961
338000000	6.4020	0.1391	0.3101	0.2222	0.1994	0.2684	5.3387E-4	354.585	22.313	205.497
339000000	7.2790	0.1659	0.3139	0.2229	0.1945	0.2687	5.0812E-4	463.515	23.674	210.910
340000000	6.5215	0.1603	0.3039	0.2245	0.2001	0.2716	5.3105E-4	7.402	21.243	189.586
341000000	6.8706	0.1347	0.3053	0.2172	0.1995	0.2779	4.9541E-4	60.576	22.401	199.538
342000000	6.6451	0.1370	0.3067	0.2199	0.2016	0.2719	4.8931E-4	66.711	25.356	209.751
343000000	6.6296	0.1257	0.3020	0.2228	0.2056	0.2695	5.7915E-4	5.148	20.412	181.850
344000000	6.6965	0.1316	0.3099	0.2224	0.1959	0.2718	4.9818E-4	58.183	21.966	200.068
345000000	6.8442	0.1728	0.3126	0.2181	0.1979	0.2714	5.2573E-4	258.390	19.290	187.715
346000000	6.6503	0.1092	0.3071	0.2269	0.2026	0.2635	5.1715E-4	25.774	21.922	202.714
347000000	6.6333	0.1634	0.3085	0.2186	0.1983	0.2746	5.4431E-4	31.965	22.097	196.907
348000000	7.1065	0.1112	0.3149	0.2214	0.1970	0.2667	5.4073E-4	7.140	20.701	197.384
349000000	6.4403	0.1520	0.3047	0.2191	0.2048	0.2714	5.1578E-4	89.748	21.185	198.629
350000000	6.7345	2.1388E-2	0.3055	0.2160	0.2035	0.2749	5.4947E-4	9.332	22.435	193.687
351000000	7.4810	0.1238	0.3021	0.2203	0.2048	0.2728	5.1218E-4	72.186	24.124	202.266
352000000	7.1154	9.7218E-2	0.3108	0.2170	0.2048	0.2674	5.0699E-4	273.552	22.114	203.605
353000000	6.9748	0.1628	0.3077	0.2168	0.2056	0.2698	5.6029E-4	21.791	21.029	188.595
354000000	6.2002	0.1165	0.3065	0.2224	0.2012	0.2699	5.0359E-4	74.668	21.142	204.421
355000000	6.8388	0.1418	0.3006	0.2228	0.2055	0.2712	5.0341E-4	5.879	24.138	199.916
356000000	6.9518	0.1668	0.3022	0.2207	0.2035	0.2736	5.2194E-4	390.891	21.056	195.342
357000000	7.4475	0.1221	0.3075	0.2230	0.2014	0.2681	5.2483E-4	116.281	20.559	192.397
358000000	6.7666	0.1174	0.3042	0.2276	0.1981	0.2700	5.8622E-4	152.902	19.041	178.869
359000000	7.4722	0.1620	0.3130	0.2167	0.2014	0.2689	5.0421E-4	30.772	24.041	209.415
360000000	6.8308	0.1768	0.3090	0.2245	0.1995	0.2670	5.4477E-4	10.823	20.611	184.518
361000000	6.7248	0.1317	0.3089	0.2181	0.2059	0.2672	5.5109E-4	90.285	22.017	197.422
362000000	6.8809	0.1260	0.3096	0.2180	0.2028	0.2696	5.6408E-4	29.579	22.200	196.208
363000000	6.8717	0.1695	0.3075	0.2148	0.2025	0.2751	5.826E-4	44.226	21.796	184.024
364000000	6.6421	0.1495	0.3028	0.2225	0.2039	0.2708	5.3349E-4	30.706	22.910	200.637
365000000	6.8407	0.1119	0.3127	0.2208	0.1987	0.2677	5.1258E-4	44.926	22.473	203.655
366000000	6.7330	0.1473	0.3068	0.2192	0.2023	0.2718	5.7891E-4	9.610	22.309	189.739
367000000	7.5083	0.1148	0.3067	0.2263	0.1985	0.2685	5.8442E-4	20.722	21.331	186.470
368000000	6.8039	0.1344	0.3060	0.2225	0.2013	0.2702	5.2673E-4	12.661	23.620	202.672
369000000	7.1974	0.1645	0.3075	0.2173	0.2023	0.2729	5.4789E-4	38.941	20.918	186.824
370000000	6.2373	9.4513E-2	0.3136	0.2186	0.2018	0.2660	5.4498E-4	7.499	20.861	190.468
371000000	6.9649	0.1436	0.3102	0.2206	0.2010	0.2682	4.954E-4	8.789	22.503	206.968
372000000	6.6435	0.1340	0.3089	0.2211	0.1995	0.2704	4.9825E-4	185.970	24.184	208.880
373000000	7.1302	0.1550	0.3101	0.2194	0.1989	0.2716	4.9484E-4	50.900	23.736	214.042
374000000	6.8269	0.1468	0.3083	0.2258	0.2011	0.2649	5.9278E-4	21.502	18.986	181.754
375000000	7.0351	0.1483	0.3021	0.2229	0.2073	0.2676	5.2066E-4	272.247	23.477	206.769
376000000	6.2644	9.7486E-2	0.3092	0.2164	0.2002	0.2742	5.5141E-4	17.105	19.477	185.442
377000000	7.2140	9.0064E-2	0.3120	0.2163	0.1972	0.2745	5.3659E-4	20.285	20.399	184.611
378000000	7.0805	0.1741	0.3097	0.2216	0.1981	0.2706	5.8899E-4	2.714	19.545	180.818
379000000	7.0429	0.1707	0.3066	0.2275	0.2003	0.2655	5.6432E-4	45.761	20.482	194.308
380000000	6.8228	0.1074	0.3069	0.2196	0.2032	0.2702	4.8604E-4	31.900	23.213	206.492
381000000	6.8523	0.1477	0.3083	0.2177	0.2012	0.2727	5.3208E-4	4.454	19.979	182.555
382000000	7.1121	0.1704	0.3047	0.2225	0.2047	0.2681	5.0574E-4	5.289	22.421	198.120
383000000	6.6606	0.1132	0.3100	0.2219	0.2055	0.2626	5.3424E-4	24.603	21.368	194.253
384000000	7.5130	0.2003	0.3057	0.2220	0.2029	0.2694	5.5249E-4	6.019	20.045	188.770
385000000	6.8845	0.1280	0.3136	0.2215	0.2056	0.2594	5.4024E-4	30.826	21.118	196.165
386000000	6.9212	0.1247	0.3148	0.2227	0.1983	0.2642	5.1862E-4	44.133	22.416	203.607
387000000	6.5619	0.1369	0.3034	0.2206	0.2086	0.2674	5.1144E-4	52.472	21.051	194.351
388000000	6.4312	0.1594	0.3062	0.2225	0.2048	0.2665	5.5139E-4	141.296	22.415	196.264
389000000	6.7679	0.1184	0.3047	0.2275	0.1981	0.2697	5.2251E-4	6.610	22.560	193.118
390000000	6.6485	0.1135	0.3061	0.2250	0.2034	0.2655	5.0558E-4	56.209	22.761	201.964
391000000	7.2974	0.1462	0.3076	0.2245	0.1978	0.2701	5.6079E-4	8.776	21.157	194.185
392000000	7.4736	0.1232	0.3137	0.2153	0.2036	0.2673	4.9337E-4	12.262	21.677	203.401
393000000	6.7972	0.1247	0.3090	0.2189	0.2035	0.2685	5.0684E-4	97.136	22.556	206.059
394000000	6.6375	7.9991E-2	0.3049	0.2252	0.2027	0.2672	5.2727E-4	8.030	21.802	198.833
395000000	6.6910	7.838E-2	0.3092	0.2208	0.2002	0.2698	5.1653E-4	4.481	20.186	194.878
396000000	6.3135	0.1676	0.3049	0.2221	0.1995	0.2735	5.6143E-4	67.528	20.008	185.954
397000000	7.3101	0.1535	0.3080	0.2236	0.1996	0.2688	5.3738E-4	22.170	21.712	200.063
398000000	6.5395	0.1574	0.3100	0.2184	0.2009	0.2707	5.0574E-4	14.677	23.860	209.426
399000000	6.6145	0.1912	0.3129	0.2172	0.2002	0.2696	5.791E-4	19.158	21.718	189.888
400000000	6.8772	0.1664	0.3106	0.2158	0.2026	0.2710	5.3374E-4	5.841	21.072	189.626
401000000	6.8090	0.1965	0.3115	0.2191	0.2023	0.2670	5.4716E-4	12.449	21.758	195.146
402000000	6.6074	0.1540	0.3036	0.2237	0.2001	0.2726	5.257E-4	243.551	21.809	199.823
403000000	6.5755	0.1412	0.3098	0.2185	0.2002	0.2715	5.767E-4	10.434	19.507	186.774
404000000	6.3057	0.1114	0.3103	0.2198	0.2020	0.2679	5.308E-4	30.513	21.734	196.180
405000000	7.3964	0.1219	0.3057	0.2234	0.2049	0.2660	5.2567E-4	20.548	20.988	193.674
406000000	6.8209	0.1798	0.3043	0.2279	0.1979	0.2700	5.5419E-4	408.294	22.505	199.493
407000000	6.9981	0.1520	0.3045	0.2205	0.2051	0.2699	5.5725E-4	28.541	20.360	191.027
408000000	7.2746	9.5342E-2	0.3115	0.2249	0.1971	0.2665	5.5466E-4	26.750	21.417	193.256
409000000	6.7217	0.1396	0.3055	0.2214	0.2006	0.2725	5.1133E-4	14.143	23.961	210.352
410000000	6.8450	0.1024	0.3062	0.2264	0.2007	0.2668	5.3509E-4	98.516	20.968	194.074
411000000	6.7093	0.1408	0.3072	0.2196	0.2032	0.2700	5.8497E-4	399.903	18.784	184.061
412000000	5.9020	0.1641	0.3130	0.2163	0.2007	0.2701	5.372E-4	37.442	20.795	196.438
413000000	6.3461	0.1433	0.3053	0.2217	0.2050	0.2680	5.5999E-4	16.460	19.878	184.438
414000000	6.0616	0.1572	0.3018	0.2234	0.2007	0.2741	5.2312E-4	54.264	23.115	197.978
415000000	6.6789	0.1430	0.3083	0.2209	0.2059	0.2650	4.8341E-4	12.444	24.227	211.171
416000000	6.3878	0.1558	0.3087	0.2237	0.1984	0.2691	5.4862E-4	5.173	21.224	198.717
417000000	7.4054	0.1243	0.3078	0.2195	0.2031	0.2696	5.5643E-4	206.091	20.014	194.221
418000000	6.7704	0.1478	0.3134	0.2217	0.1977	0.2672	5.4808E-4	137.767	20.690	187.469
419000000	7.1605	0.1990	0.3075	0.2223	0.2020	0.2682	5.6714E-4	19.338	20.816	185.976
420000000	6.6089	0.1286	0.3095	0.2165	0.2001	0.2739	5.3767E-4	20.488	20.626	192.901
421000000	7.1066	0.1656	0.3073	0.2202	0.1973	0.2753	5.5657E-4	18.924	20.185	191.738
422000000	6.1960	0.1821	0.3091	0.2246	0.2041	0.2622	5.1547E-4	35.065	20.936	203.191
423000000	6.2511	0.1702	0.3145	0.2189	0.2023	0.2643	5.1279E-4	129.998	23.339	207.551
424000000	5.9639	0.1441	0.3082	0.2196	0.2015	0.2707	5.3006E-4	28.915	21.569	194.051
425000000	7.0165	0.1424	0.3062	0.2174	0.2037	0.2728	5.4719E-4	12.344	22.312	193.886
426000000	6.5643	0.1606	0.3093	0.2227	0.2008	0.2671	5.3862E-4	14.309	20.466	188.419
427000000	6.5204	0.1467	0.3036	0.2218	0.2079	0.2667	4.9168E-4	208.820	22.471	214.419
428000000	6.5998	0.1403	0.3061	0.2152	0.2055	0.2731	5.4975E-4	1.259	23.113	197.534
429000000	6.6399	0.1300	0.3060	0.2227	0.2019	0.2693	5.4379E-4	52.022	20.884	191.004
430000000	6.7844	0.1597	0.3076	0.2217	0.2003	0.2705	5.1086E-4	33.247	23.303	200.254
431000000	7.2461	0.1841	0.3028	0.2173	0.2046	0.2754	5.1341E-4	68.026	21.123	195.629
432000000	6.9194	0.1524	0.3105	0.2202	0.2012	0.2681	5.2963E-4	90.256	21.884	202.069
433000000	5.9429	6.147E-2	0.3092	0.2224	0.2021	0.2663	5.296E-4	37.731	22.403	194.549
434000000	6.3624	0.1106	0.3098	0.2177	0.2026	0.2700	5.3295E-4	10.853	22.218	194.718
435000000	6.6307	0.1690	0.2955	0.2276	0.2071	0.2698	5.6482E-4	728.027	21.902	193.419
436000000	6.1510	0.1987	0.3059	0.2237	0.1995	0.2709	5.6924E-4	6.658	21.171	190.737
437000000	6.8448	0.1394	0.3048	0.2160	0.2015	0.2778	5.1366E-4	27.416	23.529	203.051
438000000	7.2359	0.1223	0.3101	0.2185	0.1980	0.2734	5.3742E-4	9.893	20.567	191.038
439000000	6.6474	0.1332	0.3019	0.2269	0.1989	0.2723	5.3181E-4	24.589	22.419	195.969
440000000	7.3629	6.8675E-2	0.3070	0.2214	0.2008	0.2708	5.3341E-4	33.550	20.841	189.727
441000000	6.7994	0.1437	0.3077	0.2218	0.1991	0.2714	5.1809E-4	443.419	21.858	203.810
442000000	6.7389	0.1429	0.3085	0.2204	0.1994	0.2716	5.0874E-4	9.181	23.226	205.369
443000000	6.4012	0.1480	0.3058	0.2223	0.2058	0.2662	5.3514E-4	103.102	22.254	197.844
444000000	7.2419	0.1100	0.3073	0.2231	0.2008	0.2689	5.7522E-4	70.892	18.901	182.073
445000000	6.3536	0.1070	0.3116	0.2204	0.1953	0.2727	5.7574E-4	12.344	20.191	185.998
446000000	6.4540	0.1390	0.3047	0.2276	0.2025	0.2652	5.4671E-4	33.858	20.830	187.419
447000000	6.6170	0.1312	0.3016	0.2205	0.2017	0.2763	5.1955E-4	87.366	21.653	197.123
448000000	7.1486	0.1025	0.3053	0.2170	0.2014	0.2763	5.6379E-4	11.529	20.373	191.102
449000000	6.7244	0.1319	0.3053	0.2194	0.2055	0.2698	5.3248E-4	13.749	21.446	195.085
450000000	7.4017	0.1394	0.3063	0.2247	0.2059	0.2631	5.4381E-4	62.566	20.776	193.220
451000000	7.2184	0.1306	0.3067	0.2189	0.2032	0.2712	5.6258E-4	50.946	21.893	191.940
452000000	6.6506	0.1481	0.3153	0.2146	0.2015	0.2687	5.5114E-4	174.977	21.919	192.810
453000000	6.6855	0.1770	0.3042	0.2150	0.2048	0.2760	5.1621E-4	20.864	22.109	201.530
454000000	6.6076	0.1501	0.3067	0.2178	0.2020	0.2735	5.1784E-4	13.670	22.860	196.334
455000000	7.6574	0.1191	0.3086	0.2212	0.1978	0.2723	5.1307E-4	7.777	24.802	203.038
456000000	6.6344	0.1425	0.3116	0.2180	0.1978	0.2727	5.4809E-4	38.494	21.266	194.001
457000000	6.1406	0.1660	0.3053	0.2186	0.2010	0.2751	5.5136E-4	4.863	20.867	187.690
458000000	7.3900	0.1357	0.3145	0.2173	0.1994	0.2688	5.5654E-4	4.940	20.060	186.937
459000000	6.2247	0.1372	0.3110	0.2227	0.1964	0.2699	5.3914E-4	37.617	20.273	194.729
460000000	6.4695	0.1217	0.3037	0.2190	0.2054	0.2719	5.2023E-4	2.630	21.839	193.308
461000000	6.3475	9.7726E-2	0.3091	0.2233	0.2007	0.2670	5.5042E-4	40.857	20.833	193.106
462000000	7.1241	0.1172	0.3106	0.2197	0.2029	0.2667	5.7372E-4	98.783	19.948	189.062
463000000	6.5780	0.1623	0.3159	0.2203	0.1970	0.2668	5.4253E-4	2.742	21.324	187.705
464000000	6.4279	0.1561	0.3082	0.2187	0.2037	0.2693	5.3098E-4	11.159	22.133	202.530
465000000	6.8409	0.1067	0.3130	0.2213	0.1938	0.2719	4.9189E-4	64.982	23.960	209.535
466000000	6.6341	0.1378	0.3118	0.2213	0.2002	0.2668	5.7964E-4	3.551	18.854	186.779
467000000	6.6432	0.1013	0.3077	0.2155	0.2036	0.2732	5.1679E-4	11.885	20.438	197.633
468000000	6.9334	0.1793	0.3069	0.2246	0.2020	0.2665	5.5321E-4	8.097	20.693	191.316
469000000	6.7561	0.1022	0.3114	0.2231	0.2019	0.2635	5.2193E-4	158.864	20.466	192.811
470000000	6.8294	0.1655	0.3139	0.2233	0.1982	0.2646	4.7606E-4	4.478	23.654	208.116
471000000	6.8608	0.1138	0.3061	0.2252	0.1988	0.2698	5.3969E-4	8.925	20.267	187.410
472000000	6.5352	0.1509	0.3036	0.2240	0.1978	0.2746	5.5083E-4	8.125	20.635	195.002
473000000	7.2563	0.1393	0.3062	0.2175	0.2028	0.2736	5.1444E-4	11.042	23.031	196.806
474000000	7.2055	0.1602	0.3151	0.2178	0.2004	0.2667	5.5956E-4	12.135	18.728	186.219
475000000	6.8687	0.1607	0.3102	0.2231	0.2027	0.2640	5.4643E-4	492.085	22.255	203.171
476000000	5.7562	0.1648	0.3066	0.2238	0.2011	0.2686	5.3731E-4	14.535	22.007	195.674
477000000	7.1214	1.5675E-2	0.3111	0.2185	0.2040	0.2664	5.4706E-4	8.679	21.511	192.976
478000000	6.7092	0.1177	0.3133	0.2198	0.1968	0.2701	5.4209E-4	79.569	20.683	191.775
479000000	6.6724	0.1596	0.3125	0.2176	0.2008	0.2691	5.7535E-4	27.711	20.368	186.431
480000000	7.3348	0.1470	0.3142	0.2194	0.1979	0.2686	5.3789E-4	9.757	20.663	186.384
481000000	6.6674	0.1586	0.3153	0.2190	0.1974	0.2682	5.5116E-4	47.796	19.815	188.669
482000000	6.6672	0.1394	0.3089	0.2248	0.2000	0.2662	5.2457E-4	736.507	21.231	197.296
483000000	7.0708	0.1682	0.3122	0.2192	0.1981	0.2705	5.5272E-4	101.626	20.674	191.860
484000000	7.2388	0.1630	0.3053	0.2217	0.2005	0.2725	5.0779E-4	20.695	21.857	202.949
485000000	6.3697	0.1199	0.3074	0.2191	0.2025	0.2710	5.2657E-4	10.702	21.648	200.563
486000000	6.6671	0.1586	0.3103	0.2207	0.2030	0.2660	5.6303E-4	8.611	21.119	197.302
487000000	6.6613	0.1340	0.3050	0.2194	0.2025	0.2730	5.7444E-4	22.980	19.606	183.560
488000000	7.1447	0.1699	0.3014	0.2312	0.2014	0.2661	5.6504E-4	18.271	20.261	186.509
489000000	6.9334	0.1662	0.3128	0.2180	0.2002	0.2690	5.3249E-4	13.402	23.039	196.910
490000000	7.0717	0.1568	0.3090	0.2193	0.2071	0.2646	5.2934E-4	12.416	20.861	195.802
491000000	6.4714	0.1685	0.3016	0.2187	0.2119	0.2678	5.3725E-4	15.993	20.821	186.943
492000000	6.9665	0.1610	0.3043	0.2212	0.2048	0.2696	5.3627E-4	35.834	20.686	200.061
493000000	6.4047	0.1266	0.3099	0.2217	0.2029	0.2656	5.7025E-4	7.983	20.370	191.925
494000000	6.7757	0.1389	0.3083	0.2282	0.2013	0.2622	4.7748E-4	227.168	25.564	213.157
495000000	6.3125	0.1280	0.3033	0.2214	0.2011	0.2741	5.2744E-4	137.211	21.297	198.108
496000000	6.2360	0.1536	0.3078	0.2235	0.2046	0.2640	5.461E-4	71.919	19.532	189.612
497000000	7.1071	0.1340	0.3044	0.2213	0.2039	0.2704	5.6142E-4	5.045	20.626	191.203
498000000	7.1992	0.1154	0.3089	0.2199	0.2011	0.2702	5.1714E-4	11.843	22.376	202.161
499000000	6.7184	0.1280	0.3098	0.2235	0.1993	0.2674	4.866E-4	6.562	21.789	206.886
500000000	7.0079	0.1268	0.3124	0.2241	0.1985	0.2650	5.483E-4	17.784	21.489	192.909
501000000	6.5807	0.1047	0.3084	0.2182	0.2031	0.2704	5.3931E-4	78.109	21.482	197.832
502000000	6.4110	0.1543	0.3041	0.2186	0.2064	0.2710	5.2571E-4	2.623	21.569	198.954
503000000	6.6421	0.1079	0.3073	0.2226	0.2035	0.2666	5.3733E-4	81.611	21.276	187.027
504000000	6.3517	0.1776	0.3122	0.2220	0.2000	0.2657	5.3536E-4	49.211	20.821	184.517
505000000	7.0138	0.1260	0.3049	0.2150	0.1994	0.2806	5.1395E-4	269.280	23.597	202.685
506000000	6.0742	0.1383	0.3002	0.2223	0.2020	0.2754	5.4864E-4	7.351	19.866	192.283
507000000	6.8265	0.1192	0.3052	0.2189	0.2041	0.2719	5.0418E-4	26.262	23.502	206.164
508000000	6.8877	0.1532	0.3026	0.2199	0.2043	0.2733	5.3783E-4	6.186	19.651	188.785
509000000	6.2094	0.1226	0.3057	0.2244	0.1967	0.2732	5.2156E-4	97.787	20.953	193.992
510000000	6.3219	0.1253	0.3073	0.2234	0.2017	0.2676	5.3763E-4	18.981	21.950	195.071
511000000	7.2460	0.1183	0.3113	0.2176	0.2003	0.2707	5.1913E-4	145.313	21.432	199.384
512000000	6.5275	0.1816	0.3075	0.2222	0.2005	0.2699	5.4922E-4	29.055	22.563	200.045
513000000	6.4410	0.1304	0.3038	0.2234	0.1964	0.2764	5.6094E-4	131.361	21.934	196.695
514000000	6.8568	0.1224	0.3035	0.2245	0.2009	0.2711	5.6291E-4	30.995	22.986	197.008
515000000	6.4389	0.1310	0.3064	0.2176	0.2018	0.2742	5.6526E-4	20.049	20.034	189.673
516000000	7.0365	0.1748	0.3111	0.2198	0.2013	0.2678	5.2059E-4	32.491	19.696	192.547
517000000	6.9018	0.1242	0.3059	0.2216	0.2018	0.2708	5.4736E-4	16.572	21.096	192.549
518000000	6.9651	0.1723	0.3125	0.2156	0.1992	0.2727	4.7833E-4	48.223	23.278	211.552
519000000	6.9278	0.1465	0.3134	0.2163	0.1971	0.2732	5.0581E-4	17.263	22.281	201.277
520000000	6.0691	0.1890	0.3063	0.2228	0.2011	0.2698	6.067E-4	11.173	18.839	180.178
521000000	6.9471	0.1536	0.3101	0.2170	0.2010	0.2719	5.5269E-4	262.425	22.273	196.850
522000000	7.2299	0.1533	0.3068	0.2241	0.1994	0.2698	5.3744E-4	32.704	20.519	192.267
523000000	6.0754	0.1466	0.3082	0.2244	0.1988	0.2686	5.3191E-4	41.584	20.687	192.423
524000000	7.1804	0.1524	0.3039	0.2200	0.2049	0.2712	5.505E-4	29.949	20.568	191.502
525000000	6.6510	0.1336	0.3050	0.2198	0.2038	0.2714	5.3584E-4	7.914	21.203	195.855
526000000	6.6495	0.1259	0.3114	0.2190	0.2029	0.2667	5.1538E-4	66.423	20.166	191.679
527000000	6.7422	6.9229E-2	0.3057	0.2231	0.2019	0.2693	5.4722E-4	22.533	21.285	188.485
528000000	7.3681	0.1791	0.3131	0.2226	0.1980	0.2663	5.8715E-4	9.273	19.196	176.885
529000000	6.0460	0.1251	0.3030	0.2194	0.2088	0.2688	5.6246E-4	79.112	20.134	181.760
530000000	6.7419	0.1282	0.3058	0.2244	0.1963	0.2736	5.4492E-4	29.886	21.464	196.494
531000000	6.5285	0.1455	0.3151	0.2193	0.2016	0.2641	5.3751E-4	17.917	21.294	190.815
532000000	7.2488	0.1222	0.3068	0.2264	0.1986	0.2682	4.7728E-4	264.977	24.260	216.247
533000000	6.2903	8.7076E-2	0.3062	0.2213	0.2001	0.2725	4.8778E-4	7.214	20.841	208.537
534000000	6.9777	0.1277	0.3141	0.2188	0.1994	0.2677	5.4743E-4	4.091	20.052	189.914
535000000	6.1079	8.9077E-2	0.3030	0.2171	0.2041	0.2758	5.4328E-4	14.140	20.450	189.652
536000000	6.1730	0.1449	0.3114	0.2158	0.2028	0.2700	5.437E-4	79.147	20.695	192.490
537000000	7.7321	0.1632	0.3079	0.2220	0.2020	0.2681	5.3136E-4	1404.594	20.708	194.670
538000000	6.8511	1.93E-2	0.3086	0.2201	0.2062	0.2652	5.7862E-4	15.384	21.392	188.437
539000000	7.2530	0.1582	0.3056	0.2224	0.2027	0.2693	4.5927E-4	198.330	25.599	225.920
540000000	6.6141	0.1397	0.3097	0.2211	0.1989	0.2703	5.2264E-4	8.532	21.071	198.463
541000000	6.7302	0.1728	0.3106	0.2225	0.2000	0.2670	4.9073E-4	103.796	21.477	206.360
542000000	6.8394	0.1704	0.3110	0.2258	0.1977	0.2655	5.3605E-4	4.461	21.936	200.905
543000000	7.0406	0.1545	0.3072	0.2218	0.2051	0.2659	5.325E-4	21.952	21.248	202.091
544000000	7.5195	0.1839	0.3054	0.2261	0.2034	0.2651	5.3047E-4	7.423	21.932	204.080
545000000	6.2087	0.1440	0.3085	0.2176	0.2048	0.2691	5.2408E-4	474.215	22.640	197.749
546000000	7.4944	0.1649	0.3105	0.2223	0.1995	0.2677	4.8484E-4	126.922	21.508	199.630
547000000	6.3962	0.2240	0.3145	0.2142	0.1985	0.2728	5.4602E-4	15.992	20.069	190.312
548000000	6.3703	0.1644	0.3079	0.2229	0.2052	0.2640	5.4802E-4	538.998	23.082	203.779
549000000	7.3225	0.1354	0.3034	0.2231	0.2008	0.2727	5.3007E-4	9.183	20.292	194.156
550000000	6.8480	0.1425	0.3099	0.2220	0.1994	0.2688	5.3825E-4	22.033	23.720	206.615
551000000	6.6231	0.1443	0.3051	0.2181	0.2027	0.2741	5.3891E-4	23.954	20.219	193.429
552000000	7.2442	0.1170	0.2976	0.2225	0.2084	0.2716	5.1942E-4	49.690	22.220	203.538
553000000	6.4520	0.1622	0.3106	0.2140	0.2030	0.2724	5.2045E-4	6.742	20.073	192.990
554000000	6.4937	0.1360	0.3118	0.2152	0.1996	0.2734	5.3568E-4	15.132	22.140	201.006
555000000	6.8261	0.1621	0.3076	0.2212	0.2051	0.2662	5.3217E-4	40.644	20.338	189.544
556000000	6.3792	0.1302	0.3019	0.2256	0.2045	0.2680	5.2026E-4	43.909	23.244	202.636
557000000	7.0759	0.1374	0.3102	0.2192	0.1976	0.2731	5.2791E-4	10.149	20.447	191.792
558000000	6.6777	0.1123	0.3086	0.2222	0.1998	0.2694	5.0103E-4	11.068	23.384	208.359
559000000	6.4646	0.1394	0.3062	0.2220	0.2000	0.2718	5.4984E-4	19.829	22.306	191.789
560000000	7.1789	0.1484	0.3144	0.2230	0.1942	0.2684	5.1938E-4	318.988	21.016	194.599
561000000	5.8107	0.1568	0.3047	0.2208	0.2014	0.2731	5.3627E-4	43.308	21.844	197.711
562000000	7.1150	0.1249	0.3031	0.2226	0.2036	0.2706	5.0037E-4	155.803	23.632	210.657
563000000	7.0261	0.1237	0.3072	0.2266	0.2010	0.2652	5.1898E-4	49.759	22.138	198.217
564000000	6.5086	8.47E-3	0.3082	0.2208	0.1992	0.2718	5.3577E-4	60.529	19.249	189.331
565000000	6.2084	0.1360	0.3065	0.2178	0.2049	0.2708	5.4008E-4	19.465	20.445	189.955
566000000	7.4800	0.1491	0.3104	0.2236	0.1966	0.2695	5.3646E-4	16.728	20.482	190.321
567000000	6.3291	0.1156	0.3067	0.2172	0.2051	0.2710	5.6335E-4	13.014	19.871	192.730
568000000	6.8056	0.1287	0.3079	0.2163	0.2015	0.2744	5.5083E-4	9.921	20.539	191.697
569000000	7.2061	0.1156	0.3018	0.2233	0.1981	0.2768	5.7356E-4	8.256	20.818	190.210
570000000	6.6840	0.1625	0.3076	0.2187	0.1990	0.2746	5.2698E-4	6.073	20.638	200.903
571000000	6.6467	0.1565	0.3150	0.2168	0.1965	0.2718	5.4661E-4	19.958	20.563	190.958
572000000	6.4955	0.1251	0.3147	0.2207	0.2003	0.2642	5.6956E-4	21.593	19.499	184.981
573000000	7.0459	0.1159	0.3085	0.2221	0.2038	0.2656	5.3631E-4	306.209	20.981	197.794
574000000	7.2800	0.1801	0.3093	0.2144	0.2045	0.2718	5.5247E-4	15.245	21.670	196.986
575000000	6.9793	0.1042	0.3046	0.2253	0.2005	0.2696	5.1751E-4	5.458	21.553	200.742
576000000	7.0190	0.1619	0.3161	0.2144	0.1973	0.2721	5.2014E-4	65.192	22.127	198.686
577000000	6.8055	0.1308	0.3048	0.2227	0.2048	0.2676	5.317E-4	142.852	23.075	195.420
578000000	6.5904	0.1519	0.3050	0.2212	0.2022	0.2717	4.9851E-4	210.194	22.100	204.606
579000000	7.2165	0.1800	0.3073	0.2228	0.2034	0.2665	5.4092E-4	17.845	18.490	190.647
580000000	7.5391	8.0905E-2	0.3051	0.2207	0.1999	0.2744	5.1108E-4	5.811	21.530	202.674
581000000	6.1979	0.1522	0.3061	0.2215	0.2014	0.2710	5.6642E-4	16.995	20.125	191.518
582000000	6.6578	0.1212	0.3014	0.2234	0.2023	0.2728	4.8995E-4	1.737	21.793	197.421
583000000	6.7315	0.1253	0.3091	0.2190	0.2025	0.2694	5.3411E-4	7.302	19.439	189.294
584000000	6.9153	0.1091	0.3116	0.2198	0.1968	0.2718	5.7713E-4	29.489	20.491	183.418
585000000	6.7459	0.1290	0.3095	0.2233	0.2000	0.2673	5.3277E-4	17.087	20.320	190.313
586000000	6.8168	0.1229	0.3070	0.2244	0.1959	0.2728	5.4968E-4	6.773	22.344	203.478
587000000	6.6568	0.1185	0.3149	0.2193	0.2003	0.2655	4.7642E-4	28.077	23.041	204.360
588000000	6.5160	0.1221	0.3049	0.2238	0.2016	0.2697	5.1953E-4	26.586	21.236	189.298
589000000	7.3960	0.1422	0.2991	0.2266	0.2015	0.2728	4.8546E-4	168.459	23.697	205.646
590000000	6.2372	0.1324	0.3034	0.2266	0.1986	0.2713	5.1278E-4	1.961	23.040	203.772
591000000	6.3314	0.1126	0.3073	0.2210	0.1971	0.2746	4.8028E-4	11.999	24.651	214.356
592000000	5.9904	0.1117	0.3112	0.2201	0.1981	0.2707	5.3807E-4	3.969	22.203	200.672
593000000	6.9888	0.1613	0.3072	0.2244	0.1971	0.2713	5.326E-4	48.104	21.030	195.215
594000000	6.5431	9.594E-2	0.3117	0.2179	0.2022	0.2683	5.1395E-4	16.546	21.881	201.750
595000000	7.2052	0.1522	0.3063	0.2210	0.2020	0.2707	5.3257E-4	7.548	24.367	206.391
596000000	6.2437	0.1419	0.3157	0.2191	0.2005	0.2647	5.3003E-4	166.979	22.809	199.095
597000000	6.4326	0.1368	0.3073	0.2207	0.1996	0.2724	5.543E-4	7.339	21.899	190.492
598000000	6.9805	0.1041	0.3052	0.2172	0.2063	0.2713	5.6586E-4	21.483	21.958	191.840
599000000	6.9523	0.1691	0.3158	0.2189	0.1958	0.2695	4.8297E-4	224.941	23.982	213.111
600000000	7.0683	0.1405	0.3109	0.2222	0.1970	0.2699	5.0637E-4	5.778	21.794	199.771
601000000	6.3821	6.0592E-2	0.3040	0.2298	0.2011	0.2650	5.2294E-4	82.836	19.364	196.459
602000000	7.0321	0.1737	0.3104	0.2231	0.1991	0.2674	5.479E-4	63.140	20.294	194.862
603000000	6.9749	0.1220	0.3084	0.2233	0.2031	0.2652	5.0082E-4	31.402	23.233	208.551
604000000	6.5085	0.1649	0.3009	0.2245	0.2030	0.2715	5.6562E-4	11.050	20.578	189.510
605000000	7.0300	0.1449	0.3044	0.2174	0.2048	0.2734	5.6624E-4	274.774	21.845	191.001
606000000	6.4149	0.1505	0.3071	0.2223	0.2009	0.2696	5.5352E-4	11.928	19.608	189.202
607000000	6.6434	3.1062E-2	0.3071	0.2184	0.2012	0.2733	5.1779E-4	3.104	22.646	199.291
608000000	7.4126	0.1618	0.3024	0.2212	0.2054	0.2710	5.6477E-4	1.072	21.402	194.110
609000000	6.4393	0.1557	0.3011	0.2273	0.1970	0.2746	5.3569E-4	559.125	20.981	195.847
610000000	6.7314	0.1486	0.3074	0.2195	0.2043	0.2688	5.0189E-4	3.744	23.486	208.950
611000000	7.5492	0.1215	0.3020	0.2224	0.2084	0.2671	5.3488E-4	59.439	21.522	194.449
612000000	6.1172	0.1024	0.3125	0.2193	0.2003	0.2679	5.7662E-4	8.243	21.282	184.444
613000000	6.4750	0.1629	0.3024	0.2189	0.2052	0.2735	5.2307E-4	5.482	22.266	200.714
614000000	6.7185	0.1530	0.3081	0.2237	0.2017	0.2665	5.0449E-4	11.719	23.583	207.804
615000000	6.8890	0.1025	0.3007	0.2264	0.2037	0.2693	5.5263E-4	106.037	20.042	188.403
616000000	6.2341	0.1040	0.3120	0.2217	0.2039	0.2624	5.1034E-4	40.759	20.856	195.884
617000000	6.5594	0.1077	0.3065	0.2176	0.2045	0.2714	5.2349E-4	3.270	21.544	195.996
618000000	6.8068	0.1646	0.3122	0.2224	0.2036	0.2618	5.4517E-4	19.562	21.302	188.589
619000000	6.7401	0.1395	0.3104	0.2215	0.2023	0.2659	5.3704E-4	12.222	22.016	201.573
620000000	6.4336	0.1751	0.3095	0.2226	0.2001	0.2678	5.0089E-4	14.634	22.871	204.470
621000000	6.6128	0.1767	0.3048	0.2230	0.2010	0.2712	5.4088E-4	63.499	21.655	195.015
622000000	6.8921	0.1571	0.3058	0.2245	0.1977	0.2721	5.1924E-4	66.038	23.445	204.165
623000000	6.8385	0.1186	0.3119	0.2226	0.1986	0.2669	5.3561E-4	5.003	20.898	197.767
624000000	6.7688	9.7217E-2	0.3091	0.2152	0.2009	0.2748	5.1372E-4	469.326	20.705	195.267
625000000	6.4640	0.1367	0.3022	0.2208	0.2055	0.2714	5.3396E-4	9.388	22.287	201.567
626000000	6.0274	0.1494	0.3078	0.2225	0.1956	0.2741	5.2241E-4	6.883	20.994	190.628
627000000	6.4238	0.1499	0.3066	0.2193	0.2031	0.2709	5.3461E-4	22.413	20.922	187.194
628000000	6.8632	0.1485	0.3064	0.2260	0.1975	0.2701	5.3374E-4	20.387	22.648	204.187
629000000	7.1460	9.1039E-2	0.3135	0.2108	0.2026	0.2730	5.5039E-4	149.360	20.883	193.131
630000000	7.2454	0.1161	0.3128	0.2207	0.1984	0.2680	5.5817E-4	6.780	20.560	187.598
631000000	6.2583	0.1672	0.3127	0.2264	0.1957	0.2652	5.5346E-4	18.565	20.142	187.894
632000000	6.8784	0.1489	0.3105	0.2182	0.2007	0.2706	5.4102E-4	13.466	21.886	202.491
633000000	7.0496	0.1660	0.3091	0.2184	0.2054	0.2671	5.1973E-4	13.271	21.349	199.381
634000000	6.4565	0.1360	0.3040	0.2196	0.2013	0.2751	5.3198E-4	7.684	21.646	192.868
635000000	7.1738	0.1157	0.3130	0.2272	0.1946	0.2652	5.489E-4	32.697	22.829	195.845
636000000	7.1189	0.1338	0.3059	0.2202	0.2016	0.2723	5.4873E-4	15.106	20.501	193.750
637000000	6.4077	0.1384	0.3126	0.2191	0.2037	0.2646	5.3011E-4	284.240	21.275	202.333
638000000	6.5921	0.1496	0.3125	0.2178	0.1997	0.2700	5.7286E-4	34.971	21.648	188.507
639000000	6.9066	0.1428	0.3108	0.2164	0.1958	0.2771	5.4084E-4	4986.885	20.367	194.547
640000000	6.3785	0.1492	0.3104	0.2169	0.2072	0.2655	5.3897E-4	28.320	20.759	192.061
641000000	7.2201	0.1235	0.3077	0.2252	0.2000	0.2671	4.8455E-4	43.728	23.861	212.998
642000000	7.0543	0.1008	0.3037	0.2163	0.2037	0.2764	4.8793E-4	19.221	22.282	195.163
643000000	6.2081	0.1138	0.3058	0.2207	0.2052	0.2684	5.0047E-4	20.613	20.964	199.158
644000000	6.5044	0.1305	0.3069	0.2164	0.2012	0.2755	5.3284E-4	10.224	21.546	202.583
645000000	6.8493	0.1672	0.3055	0.2229	0.1982	0.2734	5.106E-4	24.283	23.036	203.428
646000000	6.5049	0.1666	0.3135	0.2245	0.1969	0.2652	5.1276E-4	9.946	19.597	194.315
647000000	6.9439	0.1091	0.3083	0.2247	0.1985	0.2685	5.7483E-4	40.803	21.789	190.471
648000000	7.4147	0.1258	0.3095	0.2202	0.2008	0.2695	5.016E-4	21.292	23.502	210.015
649000000	6.4210	0.1253	0.3121	0.2181	0.2046	0.2652	4.96E-4	195.597	24.216	206.190
650000000	6.9603	1.4615E-2	0.3130	0.2210	0.2006	0.2654	5.0967E-4	14.416	23.260	202.096
651000000	6.5684	0.1366	0.3084	0.2184	0.2046	0.2686	5.2389E-4	16.558	21.447	197.531
652000000	7.1215	0.1375	0.3048	0.2204	0.1988	0.2759	5.2815E-4	67.084	20.045	190.259
653000000	6.8911	0.1076	0.3149	0.2179	0.2006	0.2666	5.3243E-4	17.614	20.372	192.710
654000000	7.1620	0.1215	0.3074	0.2247	0.1985	0.2695	5.222E-4	13.937	22.996	201.235
655000000	7.0671	0.1580	0.3067	0.2176	0.2016	0.2741	5.4953E-4	66.907	20.972	189.125
656000000	6.5813	0.1554	0.3119	0.2172	0.2020	0.2689	5.0646E-4	51.308	21.682	199.591
657000000	6.6390	0.1263	0.3094	0.2137	0.2055	0.2713	5.2325E-4	82.569	21.242	198.676
658000000	6.6451	0.1748	0.3058	0.2232	0.1997	0.2714	5.4019E-4	59.804	19.996	187.291
659000000	6.8974	0.1470	0.3088	0.2233	0.2018	0.2661	5.1708E-4	9.613	22.242	200.866
660000000	6.7058	0.1349	0.3113	0.2212	0.1962	0.2713	5.3953E-4	76.433	20.703	194.894
661000000	7.0147	0.1922	0.3068	0.2174	0.2011	0.2747	5.6725E-4	36.210	22.611	199.304
662000000	5.7381	0.1456	0.3063	0.2257	0.2021	0.2659	5.6773E-4	7.281	20.081	184.540
663000000	6.7283	0.1563	0.3036	0.2231	0.2051	0.2681	5.7323E-4	11.857	19.162	184.492
664000000	6.6562	0.1616	0.2948	0.2245	0.2099	0.2708	5.3548E-4	32.348	20.964	188.889
665000000	7.1476	0.1641	0.3153	0.2173	0.2020	0.2654	5.6246E-4	12.883	20.396	188.240
666000000	6.5757	0.1392	0.3072	0.2209	0.2040	0.2679	5.2537E-4	72.292	21.463	195.236
667000000	6.4433	0.1005	0.3105	0.2220	0.2017	0.2658	6.1509E-4	2.455	18.819	182.787
668000000	7.1104	0.1396	0.3115	0.2218	0.2012	0.2655	5.0918E-4	41.503	21.707	201.893
669000000	6.6719	0.1459	0.3101	0.2168	0.2091	0.2640	5.329E-4	450.534	22.920	196.593
670000000	6.6051	0.1231	0.3087	0.2205	0.2027	0.2681	5.0392E-4	7.128	21.475	198.253
671000000	6.6339	0.1388	0.3115	0.2230	0.2016	0.2639	5.3879E-4	101.018	22.457	196.863
672000000	6.0609	0.1189	0.3072	0.2232	0.1995	0.2700	5.2042E-4	14.618	21.132	208.384
673000000	6.5648	0.1594	0.3031	0.2209	0.2027	0.2734	5.5961E-4	30.207	21.457	191.022
674000000	6.8839	5.2638E-2	0.3091	0.2259	0.2011	0.2640	5.3295E-4	29.116	21.470	194.840
675000000	7.0507	0.1660	0.3065	0.2211	0.2051	0.2673	5.4621E-4	16.012	22.213	195.539
676000000	6.8137	0.2006	0.3102	0.2195	0.2012	0.2691	5.385E-4	39.491	20.849	188.475
677000000	6.4496	0.1311	0.3110	0.2236	0.1998	0.2656	5.3134E-4	425.602	21.633	197.982
678000000	6.4780	8.9691E-2	0.3153	0.2229	0.1988	0.2631	5.3715E-4	3.877	22.352	202.484
679000000	6.6199	0.1192	0.3104	0.2245	0.2048	0.2603	5.1611E-4	31.691	21.252	197.466
680000000	6.4339	0.1460	0.3111	0.2201	0.2019	0.2668	5.6864E-4	9.199	20.347	185.579
681000000	6.7156	0.1204	0.3099	0.2186	0.2035	0.2680	5.1593E-4	4.457	21.696	200.626
682000000	6.9078	0.1131	0.3126	0.2210	0.1978	0.2686	5.0056E-4	23.704	22.333	205.446
683000000	6.8726	5.9596E-2	0.3066	0.2262	0.2012	0.2660	5.4427E-4	17.681	19.992	183.852
684000000	6.5707	0.1658	0.3020	0.2189	0.2055	0.2736	5.6451E-4	42.282	20.694	187.588
685000000	7.2365	0.1128	0.3044	0.2217	0.2015	0.2723	5.2371E-4	5.470	20.665	198.767
686000000	6.8206	0.1265	0.3127	0.2239	0.1974	0.2660	5.2835E-4	35.773	21.570	199.331
687000000	6.7530	0.1666	0.3064	0.2251	0.2060	0.2625	4.9194E-4	83.503	20.699	203.239
688000000	6.0766	0.1299	0.3085	0.2207	0.2031	0.2677	5.4998E-4	1.626	20.453	191.299
689000000	8.4776	0.1449	0.3085	0.2235	0.2035	0.2645	5.5601E-4	28.524	20.979	186.728
690000000	7.4010	0.1721	0.3071	0.2187	0.2009	0.2733	5.8689E-4	6.009	20.273	186.298
691000000	6.6640	0.1487	0.3094	0.2208	0.1986	0.2712	4.8986E-4	20.904	22.884	204.108
692000000	6.5291	0.1318	0.3115	0.2196	0.1984	0.2705	5.4441E-4	22.456	21.880	200.220
693000000	7.3446	0.1444	0.3040	0.2162	0.2056	0.2741	5.3112E-4	494.512	20.141	198.580
694000000	7.1495	0.1809	0.3091	0.2210	0.1992	0.2707	5.0146E-4	4.245	24.142	204.925
695000000	6.5769	0.1467	0.3096	0.2214	0.1984	0.2707	5.5112E-4	297.309	22.062	193.969
696000000	6.2431	0.1592	0.3082	0.2225	0.2014	0.2678	5.5718E-4	75.135	21.269	188.007
697000000	6.0665	0.1111	0.3068	0.2232	0.2005	0.2695	5.7694E-4	19.154	19.238	187.236
698000000	7.1980	0.1558	0.3096	0.2220	0.1970	0.2715	5.1556E-4	90.109	21.847	197.180
699000000	7.2043	0.1239	0.3031	0.2196	0.1961	0.2813	5.4947E-4	62.847	20.789	191.303
700000000	6.1865	0.1330	0.3140	0.2151	0.2025	0.2685	5.4224E-4	41.421	20.952	191.544
701000000	7.2390	0.1360	0.3086	0.2178	0.2024	0.2711	5.1517E-4	81.968	21.816	196.909
702000000	6.9436	0.1621	0.3075	0.2190	0.2090	0.2645	5.1332E-4	12.427	22.463	206.547
703000000	6.5867	0.1263	0.3098	0.2188	0.2013	0.2702	5.161E-4	24.369	22.603	204.089
704000000	7.7632	0.1908	0.3090	0.2210	0.2016	0.2685	5.0216E-4	19.050	25.097	213.145
705000000	6.9309	0.1381	0.3106	0.2229	0.1982	0.2683	4.9257E-4	167.204	23.938	211.529
706000000	7.1354	0.1185	0.3101	0.2214	0.2008	0.2677	5.2303E-4	223.929	21.585	194.196
707000000	6.5105	0.1154	0.3076	0.2238	0.1991	0.2694	5.6495E-4	5.646	21.656	190.908
708000000	7.6206	0.1466	0.3114	0.2196	0.2013	0.2678	5.5845E-4	86.743	21.190	191.148
709000000	6.4086	0.1647	0.3112	0.2245	0.2000	0.2644	5.6176E-4	4.260	19.357	186.038
710000000	6.7997	0.1483	0.3071	0.2210	0.2030	0.2688	5.1479E-4	4.110	22.771	198.050
711000000	6.4662	0.1274	0.3104	0.2229	0.2024	0.2643	5.1769E-4	5.622	21.835	201.876
712000000	6.8385	0.1221	0.3050	0.2232	0.2057	0.2661	5.2051E-4	107.623	21.173	193.489
713000000	7.1242	0.1828	0.3070	0.2162	0.2001	0.2768	5.3959E-4	6.377	20.778	187.867
714000000	7.0344	0.1259	0.3034	0.2208	0.2050	0.2708	5.4595E-4	30.997	20.732	188.232
715000000	6.4268	0.1098	0.3126	0.2211	0.1950	0.2713	4.8997E-4	26.951	22.686	209.637
716000000	6.4020	0.1164	0.3141	0.2142	0.2049	0.2668	5.3829E-4	46.416	20.322	192.294
717000000	6.5871	0.1130	0.3083	0.2259	0.1975	0.2682	5.2852E-4	168.860	20.597	191.310
718000000	7.6114	0.1630	0.3098	0.2194	0.1985	0.2723	5.8574E-4	13.444	20.755	186.032
719000000	7.0565	0.1348	0.3107	0.2217	0.1993	0.2683	5.521E-4	621.327	22.515	195.686
720000000	6.7551	0.1104	0.3081	0.2237	0.2018	0.2664	5.1479E-4	37.791	22.847	200.993
721000000	7.0018	0.1445	0.3103	0.2222	0.1929	0.2746	5.282E-4	5.319	21.531	190.780
722000000	7.0742	9.6942E-2	0.3118	0.2190	0.1955	0.2738	5.7838E-4	7.719	19.930	181.500
723000000	6.4690	5.9082E-2	0.3070	0.2219	0.2023	0.2689	5.6797E-4	13.075	19.977	182.600
724000000	6.0397	9.0732E-2	0.3105	0.2152	0.2008	0.2736	4.9456E-4	3.886	21.825	201.819
725000000	6.2930	5.7245E-3	0.3065	0.2210	0.2021	0.2704	5.3426E-4	13.925	21.371	194.809
726000000	6.5603	0.1155	0.3086	0.2184	0.2021	0.2709	5.4219E-4	124.930	20.884	194.936
727000000	7.2163	0.1807	0.3022	0.2218	0.2033	0.2728	5.5535E-4	39.900	21.064	187.682
728000000	7.1659	0.1481	0.3093	0.2212	0.2007	0.2688	5.1382E-4	4.631	22.112	195.164
729000000	6.7581	0.1652	0.3064	0.2240	0.1998	0.2698	5.4784E-4	14.580	22.382	196.516
730000000	6.8431	0.1572	0.3067	0.2218	0.2011	0.2704	5.9467E-4	5.807	21.776	190.494
731000000	6.4236	0.1313	0.3134	0.2215	0.1972	0.2680	5.5877E-4	15.896	20.632	188.405
732000000	6.8348	0.1090	0.3097	0.2244	0.2012	0.2647	5.8387E-4	20.889	19.195	184.203
733000000	7.1421	0.1678	0.3078	0.2202	0.2031	0.2690	5.1055E-4	22.102	22.152	206.845
734000000	6.5646	0.1231	0.3046	0.2231	0.2024	0.2700	5.9136E-4	11.114	20.653	184.670
735000000	7.6295	0.1334	0.3046	0.2153	0.2026	0.2775	5.1865E-4	57.954	21.901	203.821
736000000	6.8485	0.1300	0.3087	0.2191	0.1999	0.2723	4.9645E-4	8.664	21.149	201.337
737000000	6.5191	0.1133	0.3001	0.2232	0.2013	0.2754	5.4083E-4	23.786	22.209	195.192
738000000	6.5394	9.9008E-2	0.3148	0.2174	0.1974	0.2704	5.5348E-4	98.102	21.886	188.886
739000000	6.6305	0.1272	0.3137	0.2127	0.1976	0.2760	5.031E-4	8.722	23.514	206.816
740000000	6.7763	0.1221	0.3097	0.2213	0.2009	0.2681	5.8059E-4	63.236	19.831	178.869
741000000	6.9971	0.1301	0.3096	0.2232	0.1972	0.2699	5.4596E-4	6.160	21.816	198.534
742000000	6.8955	0.1363	0.3094	0.2245	0.2040	0.2622	5.3706E-4	127.253	21.382	192.655
743000000	7.5225	0.1332	0.3077	0.2215	0.2016	0.2692	6.0207E-4	22.498	20.056	184.690
744000000	7.4188	0.1488	0.3081	0.2225	0.1951	0.2743	5.1524E-4	1.000	22.745	208.505
745000000	7.6180	0.1621	0.3112	0.2169	0.2025	0.2695	5.7096E-4	41.118	20.236	180.076
746000000	7.5325	0.1407	0.3046	0.2221	0.2025	0.2708	5.1222E-4	22.790	21.339	200.018
747000000	6.8387	0.1095	0.3047	0.2238	0.2032	0.2683	5.3019E-4	27.634	21.299	204.654
748000000	6.9235	0.1602	0.3036	0.2221	0.2056	0.2687	5.586E-4	13.269	20.849	190.254
749000000	6.8531	0.1547	0.3108	0.2208	0.1982	0.2702	5.198E-4	7.606	22.467	198.966
750000000	7.3170	0.1409	0.3079	0.2155	0.2065	0.2702	5.034E-4	9.983	21.051	201.618
751000000	7.2860	0.1430	0.3075	0.2176	0.2088	0.2661	5.4253E-4	38.357	21.374	195.074
752000000	6.7696	0.1372	0.3005	0.2267	0.2025	0.2703	4.8499E-4	5.807	24.747	211.467
753000000	7.2731	0.1522	0.3120	0.2183	0.1999	0.2698	4.8875E-4	54.504	22.977	204.788
754000000	6.2171	9.1123E-2	0.3038	0.2236	0.2024	0.2702	5.6894E-4	9.785	20.009	178.416
755000000	7.0654	0.1023	0.3056	0.2215	0.2049	0.2680	5.0958E-4	24.989	23.870	202.835
756000000	6.6433	0.1235	0.3156	0.2159	0.1927	0.2757	5.279E-4	1772.403	21.971	191.678
757000000	7.1072	9.9983E-2	0.3078	0.2222	0.1976	0.2724	5.4917E-4	1014.373	21.504	197.069
758000000	6.6096	0.1533	0.3095	0.2222	0.2013	0.2670	5.3028E-4	4.692	22.098	195.749
759000000	6.9062	0.1557	0.3082	0.2206	0.1962	0.2750	5.5075E-4	19.166	23.055	199.821
760000000	6.1063	0.1322	0.3020	0.2200	0.1974	0.2806	5.3856E-4	64.389	21.735	192.732
761000000	7.2557	0.1079	0.3113	0.2160	0.2020	0.2707	5.1761E-4	24.474	21.828	199.454
762000000	6.6357	0.1360	0.3036	0.2204	0.2029	0.2731	5.2617E-4	8.125	20.545	198.118
763000000	6.6702	0.1689	0.3149	0.2201	0.1979	0.2671	5.1719E-4	152.865	22.006	195.995
764000000	7.0356	0.1200	0.3072	0.2143	0.2021	0.2764	5.3433E-4	13.108	21.235	199.130
765000000	7.1658	0.1531	0.3049	0.2229	0.2013	0.2709	5.7814E-4	42.254	19.715	187.816
766000000	7.6851	0.1807	0.3111	0.2177	0.1978	0.2734	5.6171E-4	60.686	19.855	188.776
767000000	6.8612	0.1366	0.3051	0.2262	0.2003	0.2684	5.4144E-4	43.119	21.659	188.365
768000000	7.2466	0.1616	0.3109	0.2187	0.2010	0.2695	5.1214E-4	527.039	21.144	205.268
769000000	8.0866	0.1218	0.3048	0.2217	0.2021	0.2715	5.2902E-4	14.367	22.861	206.561
770000000	6.3938	0.1138	0.3074	0.2208	0.2016	0.2702	5.1074E-4	8.646	21.486	192.988
771000000	6.5636	8.135E-2	0.3044	0.2262	0.1976	0.2719	5.3761E-4	1.982	22.264	190.177
772000000	6.5665	0.1068	0.3006	0.2165	0.2061	0.2768	5.1803E-4	26.222	20.509	194.046
773000000	6.5145	0.1571	0.3048	0.2207	0.2036	0.2708	5.3338E-4	10.059	22.275	198.714
774000000	6.9625	0.1294	0.3111	0.2197	0.2043	0.2649	5.3081E-4	47.596	20.732	193.157
775000000	6.8112	0.1256	0.3111	0.2213	0.1978	0.2698	5.1036E-4	5.015	22.440	201.089
776000000	6.5201	0.1420	0.3118	0.2159	0.2037	0.2686	5.1662E-4	26.496	20.868	191.124
777000000	6.9189	3.418E-2	0.3050	0.2215	0.2054	0.2681	5.2882E-4	7.924	25.827	207.569
778000000	6.8017	0.1133	0.3051	0.2205	0.2041	0.2703	5.9128E-4	322.129	18.276	179.110
779000000	7.0316	0.1191	0.3136	0.2222	0.1995	0.2647	5.8127E-4	10.090	18.628	185.146
780000000	6.8469	0.1287	0.3072	0.2183	0.2057	0.2688	4.8532E-4	110.193	22.168	205.894
781000000	6.5790	0.1371	0.3087	0.2200	0.2043	0.2670	5.2417E-4	42.851	20.812	199.635
782000000	7.4545	0.1403	0.3059	0.2130	0.2102	0.2708	5.2621E-4	385.705	23.791	204.538
783000000	6.3155	0.1275	0.3216	0.2144	0.1957	0.2683	4.8876E-4	24.998	23.190	208.948
784000000	6.4692	0.1580	0.3093	0.2192	0.2042	0.2673	5.3034E-4	7.619	21.950	200.183
785000000	6.4018	0.1520	0.3032	0.2213	0.2011	0.2744	5.5147E-4	43.232	21.074	189.974
786000000	6.3782	0.1444	0.3120	0.2234	0.1984	0.2662	5.2031E-4	8.145	20.357	192.658
787000000	7.3759	0.1327	0.3090	0.2160	0.2006	0.2744	4.8964E-4	113.864	22.241	198.869
788000000	7.0824	0.1421	0.3050	0.2139	0.2046	0.2765	5.5721E-4	50.939	19.555	187.605
789000000	7.1222	9.491E-2	0.3097	0.2206	0.1976	0.2721	5.0146E-4	113.132	23.345	213.360
790000000	6.4724	0.1616	0.3131	0.2181	0.1974	0.2713	5.0996E-4	106.980	22.631	201.324
791000000	6.6299	8.3402E-2	0.3015	0.2192	0.1975	0.2818	5.2957E-4	3.497	22.786	202.054
792000000	7.5141	0.1415	0.3103	0.2226	0.1988	0.2683	5.1711E-4	8.064	23.351	199.774
793000000	6.8055	8.3467E-3	0.3038	0.2264	0.1982	0.2716	5.3046E-4	25.814	20.559	189.403
794000000	7.4412	9.6417E-2	0.3069	0.2176	0.1998	0.2758	5.5755E-4	9.165	21.296	193.174
795000000	6.8812	0.1192	0.3114	0.2187	0.2029	0.2670	5.4835E-4	28.683	22.541	191.411
796000000	6.3948	0.1437	0.3060	0.2222	0.2012	0.2707	5.0476E-4	7.534	23.128	204.999
797000000	7.4697	1.5714E-2	0.3068	0.2174	0.2039	0.2719	5.3077E-4	9.440	22.005	197.657
798000000	6.8123	0.1591	0.3010	0.2250	0.2036	0.2704	5.1671E-4	197.944	21.402	208.023
799000000	6.9345	0.1673	0.3115	0.2185	0.1971	0.2728	5.0739E-4	97.928	24.617	218.802
800000000	6.5921	0.1898	0.3095	0.2170	0.2045	0.2691	5.2597E-4	18.150	21.051	193.210
