state	kappa	alpha	frequencies1	frequencies2	frequencies3	frequencies4	clock.rate	skygrid.precision	rootHeight	treeLength
1000000	6.8593	0.1396	0.3067	0.2205	0.2056	0.2671	5.423E-4	26.644	20.670	188.777
2000000	6.8525	0.1627	0.3126	0.2229	0.1966	0.2679	5.3924E-4	194.007	22.076	191.199
3000000	6.2214	0.1641	0.3133	0.2160	0.2000	0.2707	5.307E-4	16.880	22.186	199.134
4000000	6.3294	0.1767	0.3066	0.2192	0.2015	0.2727	5.4169E-4	6.355	21.464	190.328
5000000	7.3983	6.7082E-2	0.3058	0.2192	0.2043	0.2707	5.0678E-4	11.320	22.408	200.238
6000000	7.0643	0.1156	0.3126	0.2169	0.1998	0.2707	5.6707E-4	16.515	20.785	184.083
7000000	6.7377	0.1736	0.3115	0.2137	0.1985	0.2764	5.4032E-4	10.659	21.316	198.171
8000000	6.8201	5.7895E-2	0.3023	0.2270	0.2017	0.2690	4.9542E-4	10.769	23.080	207.677
9000000	6.9276	2.2309E-2	0.3211	0.2171	0.1907	0.2711	5.5096E-4	14.334	21.929	191.624
10000000	6.9977	9.8098E-2	0.3086	0.2218	0.2026	0.2670	4.9872E-4	18.109	24.515	210.864
11000000	6.8816	0.1427	0.3124	0.2206	0.1999	0.2671	4.8443E-4	59.960	23.640	205.500
12000000	6.7556	9.8097E-2	0.3128	0.2221	0.2016	0.2636	5.3781E-4	1394.377	21.302	192.801
13000000	6.5878	0.1808	0.3084	0.2203	0.1988	0.2725	5.6797E-4	14.986	20.907	189.813
14000000	6.9878	0.1261	0.3151	0.2164	0.2013	0.2672	5.2732E-4	89.892	21.610	192.831
15000000	7.9600	0.1545	0.3037	0.2206	0.2002	0.2755	5.4223E-4	260.091	22.822	200.508
16000000	7.2643	0.1294	0.3072	0.2212	0.1965	0.2751	5.2532E-4	4.754	22.729	197.965
17000000	6.5736	0.1183	0.3042	0.2209	0.1992	0.2757	4.8918E-4	317.478	22.095	205.333
18000000	6.6079	2.024E-2	0.3050	0.2195	0.2028	0.2727	5.081E-4	119.402	22.159	202.357
19000000	6.5168	0.1437	0.3045	0.2217	0.1997	0.2742	4.7411E-4	6.761	22.424	206.883
20000000	6.8652	0.1474	0.3034	0.2223	0.1997	0.2747	5.2179E-4	14.615	23.597	202.987
21000000	6.8658	0.1313	0.3069	0.2216	0.2045	0.2670	4.9035E-4	50.281	22.697	201.920
22000000	6.9615	0.1195	0.3138	0.2216	0.2012	0.2634	5.4441E-4	11.173	20.873	195.353
23000000	6.4571	0.1612	0.3041	0.2192	0.2031	0.2736	5.9153E-4	237.695	19.806	187.744
24000000	6.8417	0.1296	0.3083	0.2226	0.1976	0.2715	5.0644E-4	4.548	24.030	212.674
25000000	6.3064	0.1637	0.3094	0.2186	0.2037	0.2684	5.2879E-4	29.890	20.918	203.474
26000000	7.1618	8.6465E-3	0.3051	0.2222	0.2017	0.2710	5.1148E-4	34.913	22.490	206.423
27000000	6.6547	0.1189	0.3118	0.2138	0.2015	0.2730	5.5665E-4	4.778	20.117	185.426
28000000	6.4945	0.1188	0.3110	0.2197	0.2025	0.2668	5.0095E-4	142.285	22.264	201.202
29000000	6.0254	0.1369	0.3019	0.2249	0.2003	0.2730	5.0787E-4	17.309	22.121	201.699
30000000	6.2465	0.1074	0.3037	0.2241	0.1977	0.2746	5.4003E-4	331.555	21.659	194.107
31000000	6.5648	0.2248	0.3085	0.2221	0.1952	0.2742	5.4133E-4	561.619	21.089	192.424
32000000	7.0314	0.1377	0.3107	0.2215	0.2017	0.2662	5.4145E-4	14.144	22.851	201.360
33000000	7.0044	0.1119	0.3097	0.2194	0.2039	0.2670	5.7102E-4	10.036	20.391	183.526
34000000	6.6710	0.1155	0.3033	0.2210	0.2073	0.2684	5.432E-4	293.947	22.055	195.044
35000000	6.8056	0.1510	0.3083	0.2192	0.2001	0.2724	5.2713E-4	460.963	21.981	194.194
36000000	6.5897	8.9949E-2	0.3045	0.2217	0.2035	0.2703	5.2583E-4	12.172	23.169	202.052
37000000	6.1952	0.1842	0.3079	0.2215	0.2038	0.2667	5.1849E-4	235.466	23.743	206.306
38000000	7.0817	0.1716	0.3043	0.2260	0.1989	0.2708	5.7968E-4	109.655	21.197	187.776
39000000	6.3612	0.1443	0.3113	0.2231	0.1994	0.2663	5.0995E-4	14.547	23.437	203.380
40000000	6.8718	0.1311	0.3131	0.2191	0.1997	0.2681	5.1806E-4	26.165	23.031	200.990
41000000	6.6124	0.1241	0.3034	0.2250	0.2020	0.2696	5.2467E-4	4.786	20.798	190.987
42000000	7.1392	0.1152	0.3124	0.2253	0.1978	0.2645	5.3948E-4	119.597	22.228	200.339
43000000	7.8088	0.1647	0.3090	0.2213	0.1983	0.2713	6.1405E-4	16.643	20.871	181.614
44000000	7.0288	0.1765	0.3049	0.2241	0.1988	0.2722	5.098E-4	7.539	22.065	203.119
45000000	6.1177	0.1707	0.3047	0.2241	0.2011	0.2702	5.0672E-4	25.102	23.102	200.225
46000000	6.4638	0.1346	0.3001	0.2211	0.1989	0.2799	5.0883E-4	30.476	23.278	203.021
47000000	6.7343	0.1477	0.3098	0.2176	0.2027	0.2698	5.5161E-4	74.694	20.565	192.162
48000000	6.3812	9.6123E-2	0.2986	0.2251	0.2012	0.2750	4.8656E-4	1005.935	25.053	217.985
49000000	6.6737	6.6448E-2	0.3141	0.2201	0.1983	0.2676	5.639E-4	24.374	20.931	188.554
50000000	7.4457	0.1779	0.3133	0.2158	0.2013	0.2696	4.9737E-4	992.586	22.323	205.626
51000000	6.8982	0.1231	0.3061	0.2259	0.1976	0.2704	5.587E-4	4.879	18.802	189.506
52000000	6.9632	0.1211	0.3134	0.2208	0.1972	0.2685	5.1226E-4	29.481	22.095	200.242
53000000	6.5664	0.1660	0.3069	0.2212	0.2015	0.2704	5.35E-4	13.682	22.582	193.854
54000000	6.8307	0.1757	0.3075	0.2207	0.2010	0.2708	5.3615E-4	20.036	20.972	195.708
55000000	6.8467	0.2049	0.3055	0.2181	0.2015	0.2749	5.2139E-4	40.395	21.926	196.178
56000000	7.7601	0.1292	0.3047	0.2191	0.2088	0.2674	5.0412E-4	2101.814	22.222	206.897
57000000	6.9300	0.1340	0.3075	0.2196	0.2039	0.2691	5.1897E-4	65.760	22.230	198.085
58000000	6.6479	0.1197	0.3071	0.2271	0.1969	0.2689	5.5968E-4	322.893	21.319	188.949
59000000	6.0422	0.1468	0.3097	0.2202	0.2032	0.2669	5.6081E-4	62.718	20.048	189.563
60000000	6.4807	0.1592	0.3068	0.2182	0.1982	0.2768	4.8468E-4	20.417	23.438	208.181
61000000	6.2793	0.1610	0.3050	0.2197	0.2042	0.2711	5.6511E-4	49.242	20.824	189.696
62000000	6.8214	0.1438	0.3147	0.2161	0.1990	0.2701	5.1257E-4	28.440	22.144	209.312
63000000	5.9579	0.1459	0.3103	0.2211	0.2022	0.2664	5.1574E-4	6.479	22.236	207.611
64000000	6.5069	0.1364	0.3102	0.2190	0.2025	0.2684	5.3341E-4	114.901	20.369	192.638
65000000	7.6764	0.1208	0.3135	0.2227	0.1999	0.2640	5.659E-4	6.725	20.567	191.997
66000000	6.4487	0.1976	0.3067	0.2218	0.1991	0.2724	5.8881E-4	5.621	20.401	181.942
67000000	6.7125	0.1367	0.3123	0.2175	0.2000	0.2702	5.3841E-4	872.379	20.643	191.470
68000000	7.1255	0.1789	0.3066	0.2240	0.1994	0.2700	5.4479E-4	5.144	22.658	197.547
69000000	6.0304	9.2075E-2	0.3072	0.2228	0.2026	0.2675	5.242E-4	54.055	22.208	200.818
70000000	7.4223	0.1032	0.3050	0.2239	0.1964	0.2746	5.206E-4	97.346	22.164	200.861
71000000	6.9005	0.1003	0.3048	0.2262	0.1949	0.2741	5.6525E-4	93.811	20.455	191.198
72000000	6.2601	0.1334	0.3049	0.2192	0.2045	0.2714	5.3649E-4	8.307	21.047	198.332
73000000	6.9025	0.1682	0.3025	0.2312	0.1961	0.2702	4.9736E-4	5.372	23.346	213.004
74000000	6.6434	0.1819	0.3074	0.2200	0.2055	0.2672	5.0843E-4	15.099	21.706	203.890
75000000	6.6184	0.1308	0.3057	0.2226	0.2029	0.2687	5.1706E-4	31.878	21.581	200.851
76000000	6.8255	0.1921	0.3095	0.2199	0.2000	0.2706	5.6723E-4	90.018	20.092	191.240
77000000	6.1834	0.1311	0.3086	0.2198	0.1987	0.2730	5.1231E-4	45.299	20.425	194.377
78000000	6.2441	0.1404	0.3141	0.2146	0.2015	0.2698	5.0435E-4	94.444	23.662	206.518
79000000	6.5809	9.9973E-2	0.3090	0.2226	0.2002	0.2683	5.3465E-4	91.887	21.960	195.979
80000000	7.5179	0.1037	0.3045	0.2191	0.2005	0.2759	5.1674E-4	4.289	21.216	193.042
81000000	6.9312	0.1524	0.3084	0.2255	0.2000	0.2661	4.6613E-4	7.176	23.760	218.248
82000000	6.3681	0.1401	0.3067	0.2176	0.2056	0.2701	5.5288E-4	16.760	20.356	187.904
83000000	6.2733	0.1504	0.3029	0.2234	0.2012	0.2724	5.9089E-4	31.010	18.403	178.786
84000000	6.9134	0.1965	0.2990	0.2267	0.2067	0.2676	5.2113E-4	5.392	21.086	197.003
85000000	6.5560	5.8509E-2	0.3049	0.2208	0.2050	0.2693	5.1964E-4	334.322	22.878	197.623
86000000	6.8424	0.1413	0.3118	0.2215	0.2066	0.2600	4.9951E-4	573.018	23.690	211.044
87000000	5.9863	0.1732	0.3036	0.2244	0.2055	0.2665	5.2712E-4	10.283	20.416	192.370
88000000	6.2390	0.1503	0.3131	0.2213	0.2035	0.2622	4.992E-4	236.911	24.181	216.270
89000000	6.2958	0.1220	0.3157	0.2226	0.1967	0.2650	5.0666E-4	47.935	21.380	198.648
90000000	6.3491	0.1069	0.3056	0.2223	0.2020	0.2701	5.4788E-4	29.078	20.739	196.023
91000000	6.8631	0.1464	0.3129	0.2184	0.2002	0.2685	5.061E-4	98.177	21.235	201.933
92000000	6.3101	0.1129	0.3066	0.2211	0.2016	0.2707	5.3291E-4	34.975	20.806	198.139
93000000	6.4472	0.1037	0.3126	0.2161	0.2070	0.2643	5.5136E-4	19.696	20.377	198.463
94000000	7.1629	0.1543	0.3035	0.2242	0.2047	0.2676	5.4315E-4	8.417	22.378	202.158
95000000	6.5902	8.7472E-2	0.3107	0.2288	0.1987	0.2618	5.5201E-4	4230.131	22.360	193.563
96000000	7.1841	0.1767	0.3045	0.2205	0.1991	0.2759	5.1087E-4	13.141	22.551	205.627
97000000	6.1218	0.1188	0.3079	0.2175	0.2027	0.2719	5.6997E-4	10.831	21.596	190.190
98000000	7.6186	0.1066	0.3049	0.2198	0.2031	0.2722	5.175E-4	4.529	21.743	205.274
99000000	7.4113	0.1080	0.3065	0.2201	0.1995	0.2739	5.7374E-4	21.801	21.263	186.240
100000000	6.6996	9.0979E-2	0.3090	0.2178	0.2028	0.2703	5.6768E-4	15.695	20.192	184.784
101000000	6.6576	0.1034	0.3054	0.2223	0.2023	0.2700	5.5787E-4	11.785	20.267	190.460
102000000	6.8970	0.1332	0.3035	0.2190	0.2060	0.2715	5.6029E-4	2.819	19.671	182.138
103000000	6.5581	0.1690	0.3106	0.2177	0.1989	0.2728	5.425E-4	12.388	19.218	182.330
104000000	6.5666	0.1804	0.3074	0.2179	0.2057	0.2690	5.7566E-4	12.010	19.333	178.490
105000000	7.1644	0.1421	0.3104	0.2210	0.2021	0.2665	4.9477E-4	377.329	22.774	213.262
106000000	6.7798	0.1231	0.3123	0.2194	0.2005	0.2678	5.3224E-4	51.984	18.992	184.557
107000000	7.0478	0.1372	0.3058	0.2234	0.1967	0.2740	5.4034E-4	19.323	21.302	185.402
108000000	7.4330	0.1179	0.3086	0.2195	0.2010	0.2709	5.399E-4	10.257	21.725	197.059
109000000	7.2716	0.2172	0.3033	0.2260	0.2026	0.2682	4.9912E-4	442.128	22.281	203.931
110000000	6.8620	0.1497	0.3174	0.2146	0.1998	0.2682	5.0622E-4	88.461	21.173	201.025
111000000	6.9259	0.1680	0.3161	0.2171	0.2024	0.2645	5.4139E-4	27.777	21.532	197.277
112000000	6.8089	0.1023	0.3047	0.2187	0.2023	0.2743	5.5245E-4	238.920	18.920	181.187
113000000	7.2359	0.1137	0.3142	0.2161	0.1974	0.2723	5.4731E-4	69.508	21.890	189.022
114000000	6.2799	0.1175	0.3052	0.2213	0.2059	0.2676	5.0902E-4	36.462	22.857	203.958
115000000	6.5554	0.1909	0.3113	0.2165	0.2009	0.2713	5.5357E-4	26.523	21.722	193.400
116000000	6.5333	0.1049	0.3075	0.2204	0.1996	0.2725	5.2371E-4	9.426	21.735	198.498
117000000	7.1598	0.1505	0.3100	0.2179	0.2004	0.2716	5.368E-4	22.558	20.029	187.005
118000000	6.8926	0.1210	0.3000	0.2196	0.2052	0.2752	5.3247E-4	126.462	21.225	195.410
119000000	6.7866	0.1611	0.3078	0.2223	0.2002	0.2697	5.3668E-4	7.203	20.004	189.550
120000000	7.2342	0.1420	0.3057	0.2188	0.2011	0.2744	5.8486E-4	43.612	19.261	188.099
121000000	7.1014	0.1414	0.3039	0.2281	0.2007	0.2672	5.3959E-4	177.040	20.541	189.776
122000000	6.9848	0.1787	0.3051	0.2241	0.2033	0.2675	5.4751E-4	50.077	22.157	192.720
123000000	7.0978	0.1351	0.3113	0.2211	0.1996	0.2680	5.7276E-4	56.301	20.371	191.698
124000000	6.4009	0.1522	0.3085	0.2224	0.1946	0.2745	5.6529E-4	21.670	20.803	189.541
125000000	6.1940	0.1839	0.3138	0.2223	0.1995	0.2644	5.8369E-4	103.532	20.457	183.989
126000000	5.8744	0.1306	0.3100	0.2227	0.1973	0.2701	5.2088E-4	17.759	22.248	196.377
127000000	6.8525	0.2047	0.3033	0.2222	0.1999	0.2745	5.0245E-4	290.129	22.921	206.944
128000000	6.6193	0.1700	0.3048	0.2162	0.2037	0.2753	5.5841E-4	11.390	19.489	190.675
129000000	6.3027	0.1350	0.3122	0.2128	0.2051	0.2699	5.6907E-4	32.842	19.440	186.470
130000000	5.9186	0.1206	0.3137	0.2150	0.2018	0.2694	5.0403E-4	41.956	21.750	203.185
131000000	6.5086	0.1963	0.3076	0.2213	0.1966	0.2745	5.1492E-4	169.961	21.516	197.414
132000000	6.2227	0.1637	0.3097	0.2236	0.1973	0.2694	5.1707E-4	339.242	23.087	204.637
133000000	6.7687	0.1306	0.3059	0.2262	0.1968	0.2711	5.7517E-4	29.361	20.523	188.521
134000000	6.3750	4.5055E-2	0.3111	0.2192	0.2029	0.2668	5.0223E-4	34.748	22.039	198.680
135000000	6.6842	0.1338	0.3076	0.2240	0.2042	0.2643	5.5686E-4	197.002	21.003	193.549
136000000	7.8724	0.1146	0.3065	0.2209	0.2012	0.2714	5.0129E-4	17.912	22.857	203.089
137000000	6.4504	0.1418	0.3057	0.2190	0.2018	0.2735	4.8921E-4	55.312	23.479	209.518
138000000	6.2435	0.1539	0.3055	0.2207	0.2026	0.2713	5.6013E-4	3.321	20.978	194.815
139000000	6.7013	0.1379	0.3128	0.2239	0.1972	0.2661	5.1312E-4	15.920	22.205	206.914
140000000	6.7111	0.1707	0.3077	0.2170	0.2043	0.2709	5.3292E-4	64.916	21.006	195.164
141000000	6.2907	0.1612	0.3068	0.2236	0.1993	0.2703	5.859E-4	20.518	20.183	188.067
142000000	6.6340	0.1134	0.3088	0.2241	0.2020	0.2650	5.4101E-4	27.238	21.668	198.685
143000000	7.0496	0.1589	0.3111	0.2207	0.2028	0.2654	5.2456E-4	11.456	21.614	197.244
144000000	7.0741	0.1549	0.3134	0.2179	0.2006	0.2681	5.7011E-4	8.754	19.170	180.710
145000000	6.5777	0.1834	0.3092	0.2204	0.1969	0.2735	5.4167E-4	24.380	19.716	188.535
146000000	6.5010	9.1792E-2	0.3107	0.2249	0.1966	0.2678	5.306E-4	137.019	22.280	197.350
147000000	6.8540	0.1384	0.3150	0.2180	0.2002	0.2669	5.438E-4	86.577	20.378	193.490
148000000	6.6918	8.2761E-2	0.3034	0.2227	0.2026	0.2713	5.1018E-4	55.228	23.959	207.826
149000000	7.1292	9.7451E-2	0.3046	0.2202	0.2036	0.2716	5.6018E-4	36.674	20.095	187.679
150000000	6.2731	0.1521	0.3079	0.2209	0.1978	0.2733	5.7014E-4	94.231	20.020	186.462
151000000	6.9298	0.1515	0.3078	0.2194	0.1986	0.2742	5.6279E-4	41.849	20.564	188.983
152000000	6.7435	0.1291	0.3097	0.2222	0.1985	0.2697	5.3642E-4	12.395	22.623	199.447
153000000	7.3056	0.1129	0.3027	0.2247	0.2015	0.2711	5.3377E-4	90.484	20.447	196.878
154000000	7.2658	8.3433E-2	0.3090	0.2294	0.2034	0.2582	5.3617E-4	6.790	21.167	192.730
155000000	6.1372	0.1237	0.3088	0.2232	0.2003	0.2677	5.1703E-4	898.462	20.974	194.055
156000000	7.2248	0.1787	0.3145	0.2174	0.1990	0.2690	5.1583E-4	764.894	21.862	201.202
157000000	7.1088	0.1105	0.3117	0.2229	0.2003	0.2651	5.6414E-4	31.816	21.027	190.495
158000000	6.1899	0.1680	0.3064	0.2220	0.2018	0.2698	5.1738E-4	11.281	21.448	193.800
159000000	6.9527	2.312E-2	0.3063	0.2201	0.1979	0.2756	5.4103E-4	101.339	22.031	195.034
160000000	6.3811	0.1076	0.3084	0.2185	0.2004	0.2727	5.0829E-4	354.910	23.160	202.042
161000000	6.8339	0.1949	0.3146	0.2197	0.1994	0.2663	5.3556E-4	181.439	21.418	188.542
162000000	7.0581	0.1115	0.3063	0.2224	0.1965	0.2748	5.393E-4	11.457	21.421	196.274
163000000	6.8091	0.1078	0.3147	0.2169	0.2018	0.2666	6.0972E-4	56.701	20.662	180.272
164000000	6.5129	0.1162	0.3134	0.2141	0.2033	0.2691	5.1422E-4	75.857	21.634	190.954
165000000	6.5702	0.1317	0.3031	0.2288	0.1981	0.2700	5.3214E-4	193.957	21.073	195.999
166000000	7.4745	0.1209	0.3122	0.2142	0.2034	0.2702	4.9752E-4	9.204	21.431	197.636
167000000	6.8395	0.1347	0.3096	0.2221	0.1971	0.2713	5.6017E-4	49.798	19.193	190.814
168000000	6.5342	0.1456	0.3127	0.2188	0.1978	0.2707	5.3422E-4	16.050	21.417	196.731
169000000	6.4376	0.1512	0.3119	0.2208	0.2012	0.2661	5.1705E-4	3.801	22.700	200.564
170000000	6.7102	0.2031	0.3101	0.2206	0.1987	0.2706	5.4484E-4	13.436	20.808	189.173
171000000	6.8838	0.1391	0.2993	0.2248	0.2016	0.2744	5.5017E-4	18.047	21.421	188.781
172000000	6.7642	0.1387	0.3022	0.2239	0.2011	0.2727	5.1524E-4	50.913	23.290	202.691
173000000	7.5661	0.1801	0.3133	0.2214	0.1962	0.2690	5.6996E-4	27.404	19.730	181.345
174000000	7.6739	9.3164E-2	0.3047	0.2244	0.2006	0.2702	5.6469E-4	146.586	21.595	193.176
175000000	6.6279	0.1400	0.3055	0.2246	0.2000	0.2699	5.5101E-4	2.496	22.104	190.821
176000000	6.5604	0.2259	0.3058	0.2234	0.2000	0.2708	5.3392E-4	21.871	20.972	195.391
177000000	6.5842	0.1133	0.3108	0.2174	0.1980	0.2738	5.283E-4	7.098	21.258	198.644
178000000	7.0623	0.1170	0.3041	0.2174	0.2006	0.2779	4.9938E-4	47.483	21.968	208.922
179000000	6.5630	0.1663	0.3121	0.2233	0.2010	0.2637	5.2574E-4	51.194	22.845	203.249
180000000	6.4214	0.1664	0.3091	0.2218	0.2013	0.2679	5.1355E-4	16.947	20.970	199.985
181000000	7.0001	0.1387	0.3065	0.2275	0.2031	0.2629	4.9325E-4	41.005	22.495	199.976
182000000	6.2674	0.1446	0.3043	0.2223	0.2034	0.2700	5.0024E-4	382.370	22.490	209.366
183000000	6.7375	0.1763	0.3065	0.2205	0.1972	0.2758	5.666E-4	28.257	20.628	185.158
184000000	6.7153	5.4253E-2	0.3096	0.2172	0.2044	0.2688	5.085E-4	250.318	21.535	202.220
185000000	6.7653	0.1496	0.3096	0.2185	0.1984	0.2735	5.3504E-4	125.919	21.443	199.707
186000000	6.1478	0.1100	0.3037	0.2225	0.2025	0.2713	5.1028E-4	2.786	20.733	199.944
187000000	6.5794	0.1167	0.3069	0.2214	0.1990	0.2726	5.7012E-4	20.301	19.660	187.293
188000000	6.9162	0.1219	0.3109	0.2183	0.2031	0.2677	5.5967E-4	40.651	20.894	191.421
189000000	6.4722	1.9316E-2	0.3074	0.2167	0.1982	0.2777	5.4055E-4	13.985	21.235	193.866
190000000	6.7783	0.1484	0.3034	0.2297	0.1975	0.2694	5.3932E-4	68.631	19.675	192.536
191000000	6.7303	0.1549	0.3017	0.2284	0.2006	0.2693	5.3041E-4	45.123	22.616	198.320
192000000	6.6622	0.1861	0.3029	0.2251	0.2011	0.2709	4.9603E-4	89.293	22.618	202.900
193000000	7.1776	0.1159	0.3075	0.2236	0.1979	0.2710	6.0656E-4	201.481	18.772	177.593
194000000	7.1442	9.8052E-2	0.3051	0.2216	0.1994	0.2739	5.2847E-4	8.607	21.607	205.485
195000000	6.7406	9.3684E-2	0.3082	0.2193	0.2016	0.2709	5.065E-4	17.441	21.478	198.459
196000000	7.6110	0.1338	0.3067	0.2257	0.1984	0.2692	4.9723E-4	7.738	23.268	204.781
197000000	6.3724	0.1344	0.3112	0.2181	0.2028	0.2680	6.0587E-4	16.959	18.018	176.921
198000000	7.2855	0.1586	0.3067	0.2223	0.2036	0.2675	5.0918E-4	931.995	22.067	204.054
199000000	7.6759	5.4612E-2	0.3082	0.2190	0.2007	0.2720	5.6116E-4	185.964	19.226	180.042
200000000	6.2527	0.1267	0.3075	0.2206	0.2013	0.2705	5.7011E-4	14.200	21.600	192.330
201000000	6.4738	0.1453	0.3098	0.2221	0.1956	0.2725	5.279E-4	234.229	23.546	200.179
202000000	6.9503	0.1196	0.3087	0.2227	0.2019	0.2666	5.1958E-4	34.976	22.229	196.975
203000000	7.0668	9.391E-2	0.3091	0.2151	0.2037	0.2722	5.0845E-4	187.276	24.236	206.313
204000000	6.8486	0.1540	0.3066	0.2183	0.2061	0.2689	5.7058E-4	34.210	18.709	181.195
205000000	6.8842	0.1322	0.3132	0.2166	0.1979	0.2724	5.6232E-4	8.811	21.964	186.909
206000000	6.5062	0.1746	0.3074	0.2187	0.2012	0.2727	5.713E-4	23.127	21.215	190.625
207000000	6.8537	0.2041	0.3080	0.2254	0.2030	0.2636	5.0707E-4	90.482	20.882	193.690
208000000	6.7896	0.1436	0.3095	0.2200	0.1990	0.2715	5.3068E-4	7.637	20.141	188.658
209000000	6.5870	0.1397	0.3042	0.2244	0.2031	0.2683	5.6368E-4	53.110	20.221	188.633
210000000	6.5154	0.1087	0.3073	0.2250	0.2017	0.2660	4.9696E-4	338.421	23.243	207.786
211000000	6.4284	0.1728	0.3078	0.2205	0.2001	0.2716	5.2714E-4	6.271	20.597	190.097
212000000	6.9533	0.1483	0.3027	0.2190	0.2042	0.2741	4.9234E-4	252.134	23.468	210.753
213000000	7.4580	0.2058	0.3132	0.2192	0.2012	0.2664	5.2116E-4	18.675	22.448	198.806
214000000	7.0508	0.1771	0.3059	0.2216	0.2025	0.2700	5.3555E-4	11.938	22.495	203.880
215000000	6.3810	0.1628	0.3036	0.2194	0.2026	0.2744	5.4858E-4	105.769	20.799	190.590
216000000	7.3150	0.1250	0.3075	0.2202	0.2016	0.2706	5.6689E-4	12.059	20.680	185.814
217000000	7.5353	9.679E-2	0.3070	0.2170	0.1990	0.2770	4.9759E-4	83.053	23.019	205.795
218000000	6.8420	0.1600	0.3045	0.2230	0.1991	0.2734	5.5851E-4	573.302	19.330	187.753
219000000	6.2307	0.1478	0.3129	0.2187	0.2010	0.2675	5.4149E-4	19.177	21.603	194.767
220000000	6.4681	4.5162E-2	0.3045	0.2206	0.2053	0.2696	5.1904E-4	10.059	22.125	194.854
221000000	6.5723	0.1345	0.3036	0.2207	0.1992	0.2765	5.4331E-4	6.695	20.831	192.066
222000000	6.8558	0.1477	0.3117	0.2227	0.2019	0.2637	5.2164E-4	4.540	22.073	191.892
223000000	6.7951	7.7953E-2	0.3055	0.2219	0.2026	0.2699	5.0532E-4	149.761	21.088	197.345
224000000	6.9119	0.1388	0.3075	0.2197	0.1954	0.2774	5.3095E-4	15.974	21.529	189.868
225000000	6.6533	0.1018	0.3167	0.2196	0.2043	0.2594	5.9705E-4	16.791	20.699	182.861
226000000	6.4563	0.1451	0.3040	0.2274	0.2028	0.2658	5.8517E-4	15.628	19.246	180.937
227000000	6.6351	0.1425	0.3056	0.2168	0.2049	0.2727	5.4896E-4	86.216	21.903	192.586
228000000	7.4413	9.2006E-2	0.3111	0.2145	0.2004	0.2740	5.5107E-4	141.686	19.552	188.804
229000000	6.6955	0.1280	0.3093	0.2202	0.2007	0.2698	5.5261E-4	17.770	21.023	188.230
230000000	7.6202	0.1140	0.3065	0.2260	0.2014	0.2661	5.6096E-4	31.469	22.800	192.512
231000000	7.0876	0.1435	0.3054	0.2248	0.1971	0.2727	5.2102E-4	6.485	21.832	199.129
232000000	5.5633	0.1242	0.3027	0.2187	0.2045	0.2741	5.6033E-4	39.605	19.342	185.674
233000000	6.1724	0.1448	0.3093	0.2216	0.2024	0.2667	5.2506E-4	61.299	21.603	198.499
234000000	6.6603	0.1392	0.3104	0.2227	0.2000	0.2668	5.1864E-4	7.066	22.382	199.620
235000000	6.7008	0.1295	0.3057	0.2200	0.1997	0.2746	5.2918E-4	20.033	22.665	203.596
236000000	7.5439	0.1292	0.3078	0.2210	0.2053	0.2660	5.9917E-4	10.770	20.529	188.472
237000000	6.3700	0.1644	0.3090	0.2181	0.2017	0.2712	5.8442E-4	12.112	19.813	184.081
238000000	6.8434	0.1951	0.3049	0.2202	0.1957	0.2791	5.2292E-4	2.202	21.031	198.131
239000000	6.5657	0.1613	0.3136	0.2242	0.1952	0.2670	4.5929E-4	17.342	23.373	216.660
240000000	6.3750	0.1940	0.3013	0.2190	0.2080	0.2716	4.9731E-4	64.947	23.541	203.821
241000000	7.0388	0.1517	0.3088	0.2207	0.2029	0.2676	5.3354E-4	393.104	19.359	190.037
242000000	6.9530	0.1138	0.3115	0.2176	0.1995	0.2714	6.0828E-4	76.539	21.182	187.140
243000000	6.1572	0.1136	0.2994	0.2223	0.1994	0.2789	5.1742E-4	586.428	22.017	205.294
244000000	7.2233	0.1566	0.3073	0.2234	0.2042	0.2651	5.4409E-4	61.351	21.386	194.924
245000000	5.8219	0.1756	0.3056	0.2195	0.2081	0.2668	5.4682E-4	95.860	21.571	188.703
246000000	6.3373	0.1551	0.3132	0.2174	0.2053	0.2641	5.2785E-4	4.894	20.179	197.126
247000000	6.7594	0.1499	0.3135	0.2192	0.1983	0.2690	5.4623E-4	14.546	21.726	199.191
248000000	6.4110	0.1180	0.3051	0.2220	0.2024	0.2705	5.9554E-4	12.966	19.234	178.161
249000000	6.8164	0.1216	0.3129	0.2143	0.2068	0.2660	5.5848E-4	101.798	19.673	183.841
250000000	7.0548	0.2070	0.3058	0.2277	0.1955	0.2709	5.272E-4	6.674	22.618	201.528
251000000	6.8617	0.1640	0.3059	0.2232	0.2017	0.2691	5.6417E-4	11.373	20.682	189.059
252000000	6.7357	0.1523	0.3067	0.2204	0.1994	0.2735	5.4294E-4	9.664	22.049	190.768
253000000	6.5323	0.1708	0.3069	0.2198	0.1966	0.2767	5.7034E-4	9.064	22.520	196.946
254000000	6.1091	0.1356	0.3144	0.2218	0.1942	0.2696	5.0505E-4	494.245	21.348	205.248
255000000	7.3133	0.1875	0.3077	0.2192	0.2008	0.2723	5.3519E-4	30.202	22.189	199.468
256000000	6.6170	0.1026	0.3009	0.2230	0.2037	0.2724	5.1379E-4	20.336	23.160	198.992
257000000	7.0780	0.1314	0.3153	0.2219	0.1971	0.2658	5.5063E-4	168.132	19.844	189.564
258000000	7.1546	0.1629	0.3060	0.2203	0.2036	0.2701	5.5184E-4	24.770	21.922	196.967
259000000	7.1721	0.1398	0.3076	0.2193	0.2058	0.2672	5.5803E-4	60.747	20.395	194.525
260000000	6.9364	0.1462	0.3076	0.2220	0.2001	0.2703	5.4126E-4	12.046	21.928	199.238
261000000	6.9173	0.1704	0.3047	0.2290	0.1996	0.2667	5.8779E-4	40.054	18.878	186.461
262000000	6.2009	0.1363	0.3070	0.2263	0.1999	0.2667	5.3659E-4	754.764	22.190	194.655
263000000	6.7798	9.31E-2	0.3059	0.2268	0.1991	0.2682	5.5879E-4	19.436	21.421	193.224
264000000	7.5685	0.1323	0.3096	0.2168	0.2053	0.2684	5.5785E-4	319.669	22.879	196.455
265000000	6.3326	0.1467	0.3087	0.2250	0.1995	0.2668	5.6654E-4	39.245	21.802	191.204
266000000	7.0328	0.1128	0.3140	0.2213	0.2028	0.2619	5.0548E-4	259.668	22.748	197.249
267000000	6.7197	0.2167	0.3125	0.2242	0.1975	0.2658	5.6434E-4	23.405	19.915	184.716
268000000	7.0648	0.1453	0.3054	0.2221	0.2073	0.2653	5.3647E-4	19.231	21.326	193.547
269000000	6.1792	0.1353	0.3092	0.2188	0.2028	0.2693	5.4682E-4	7.394	21.275	196.237
270000000	7.1462	0.1339	0.3114	0.2178	0.2029	0.2678	5.2413E-4	81.859	22.585	200.759
271000000	5.9373	0.1177	0.3086	0.2219	0.2010	0.2685	5.3259E-4	5.198	22.372	193.752
272000000	7.2872	0.1560	0.3087	0.2249	0.2032	0.2632	5.6499E-4	27.234	20.239	187.950
273000000	6.9324	9.8139E-2	0.3163	0.2210	0.1950	0.2677	5.2271E-4	413.213	22.512	206.021
274000000	7.2427	0.1404	0.3065	0.2223	0.1991	0.2720	5.1942E-4	109.433	21.636	193.049
275000000	6.2437	0.1603	0.3108	0.2239	0.1928	0.2724	5.0014E-4	18.481	25.764	212.837
276000000	6.8119	0.1217	0.3032	0.2255	0.2008	0.2705	5.5371E-4	52.920	19.752	181.225
277000000	6.9167	0.1787	0.3093	0.2226	0.1991	0.2690	5.3072E-4	60.195	20.608	194.027
278000000	6.4185	0.1079	0.3052	0.2184	0.2079	0.2685	4.8572E-4	17.729	22.765	204.211
279000000	6.7588	0.1240	0.3135	0.2195	0.1983	0.2687	5.3935E-4	304.526	22.191	196.551
280000000	6.8631	0.1070	0.3099	0.2165	0.1994	0.2741	5.4219E-4	16.016	21.269	189.182
281000000	6.4930	8.0217E-2	0.3100	0.2204	0.1977	0.2719	4.9089E-4	219.022	23.786	202.608
282000000	6.7582	9.225E-2	0.3117	0.2191	0.1981	0.2711	5.1968E-4	26.926	22.464	191.863
283000000	6.3280	0.1046	0.3099	0.2203	0.1965	0.2734	5.8648E-4	3.057	20.583	187.503
284000000	6.2692	9.1965E-2	0.3073	0.2191	0.2048	0.2688	5.212E-4	38.219	21.671	200.420
285000000	6.6412	0.1254	0.3091	0.2227	0.1981	0.2701	5.0083E-4	12.766	22.904	202.843
286000000	7.2014	0.1389	0.3082	0.2222	0.1916	0.2779	4.9712E-4	83.377	21.795	197.541
287000000	6.9672	0.1585	0.3051	0.2205	0.1992	0.2753	5.2079E-4	21.101	21.958	201.101
288000000	6.5535	0.1220	0.3069	0.2206	0.2039	0.2687	5.0307E-4	71.183	22.068	198.207
289000000	6.3348	0.1616	0.3050	0.2239	0.2026	0.2685	5.1884E-4	21.309	22.070	198.149
290000000	7.6181	5.8675E-2	0.3058	0.2219	0.2007	0.2717	5.436E-4	104.711	21.609	193.001
291000000	6.3322	0.1238	0.3062	0.2211	0.2024	0.2703	5.056E-4	29.278	21.901	197.060
292000000	6.1636	0.1414	0.3033	0.2241	0.1972	0.2754	5.3418E-4	16.054	21.976	197.903
293000000	6.5968	0.1301	0.3011	0.2214	0.2079	0.2696	5.5616E-4	25.726	20.783	190.374
294000000	6.4251	0.1079	0.3070	0.2258	0.2050	0.2621	5.42E-4	6.320	21.288	196.676
295000000	6.7187	0.1449	0.3103	0.2199	0.2033	0.2665	5.4898E-4	17.324	20.081	185.859
296000000	6.5512	0.1541	0.3076	0.2208	0.1988	0.2728	5.0286E-4	74.518	22.660	204.370
297000000	6.7261	0.1777	0.3100	0.2200	0.1993	0.2707	5.1569E-4	47.278	21.268	198.135
298000000	7.3247	0.1830	0.3141	0.2172	0.2005	0.2682	5.3116E-4	12.416	22.920	197.445
299000000	6.5150	0.1275	0.3084	0.2240	0.2010	0.2665	5.6329E-4	72.310	20.055	187.000
300000000	6.9961	0.1124	0.3106	0.2228	0.1952	0.2714	5.3993E-4	29.742	22.135	198.190
301000000	7.0589	0.1190	0.3090	0.2192	0.2069	0.2649	5.6272E-4	1060.182	19.468	187.155
302000000	6.3100	7.0843E-2	0.3110	0.2190	0.2001	0.2699	5.1904E-4	126.020	21.351	200.708
303000000	7.0596	0.1238	0.3074	0.2240	0.1963	0.2722	4.9671E-4	316.383	23.205	212.812
304000000	6.4492	0.1540	0.3110	0.2190	0.2013	0.2687	5.3475E-4	155.039	22.288	193.369
305000000	6.7959	0.2044	0.3086	0.2205	0.2014	0.2695	5.3208E-4	27.954	21.500	202.198
306000000	6.0241	0.1551	0.3077	0.2190	0.2054	0.2679	5.9292E-4	18.041	20.386	184.494
307000000	6.2728	0.1576	0.3061	0.2237	0.2021	0.2681	5.5387E-4	45.138	21.309	198.181
308000000	7.7291	0.1459	0.3108	0.2194	0.1980	0.2718	5.553E-4	52.587	20.735	188.785
309000000	6.5661	0.1354	0.3102	0.2194	0.2005	0.2699	5.6301E-4	15.409	20.138	186.679
310000000	7.0061	6.892E-2	0.3056	0.2160	0.2055	0.2729	5.4623E-4	6.784	21.537	191.225
311000000	6.4095	0.1198	0.3118	0.2184	0.1995	0.2702	5.2718E-4	17.139	20.314	194.016
312000000	6.6973	0.1751	0.3128	0.2231	0.2029	0.2612	5.3383E-4	50.005	21.961	197.944
313000000	6.9622	0.1748	0.3064	0.2147	0.2000	0.2788	5.291E-4	10.498	22.269	203.192
314000000	6.3257	0.1525	0.3041	0.2204	0.2030	0.2724	5.1471E-4	1.433	20.224	196.255
315000000	7.0727	0.1756	0.3102	0.2162	0.2067	0.2669	4.8438E-4	30.363	23.368	213.247
316000000	7.0388	0.1285	0.3119	0.2210	0.1963	0.2708	5.3903E-4	16.052	22.239	193.599
317000000	6.7999	0.1687	0.3108	0.2240	0.1936	0.2716	5.2466E-4	9.409	19.896	199.746
318000000	7.5833	0.1274	0.3063	0.2217	0.2046	0.2673	5.2148E-4	72.810	22.180	198.310
319000000	6.3616	0.1309	0.3071	0.2253	0.1906	0.2770	5.0033E-4	2.777	23.337	205.855
320000000	6.5734	0.1235	0.3083	0.2164	0.2046	0.2707	5.1122E-4	15.281	21.665	204.004
321000000	7.2112	0.1227	0.3092	0.2194	0.1975	0.2740	5.6276E-4	34.772	21.008	192.637
322000000	6.7206	0.1170	0.3105	0.2199	0.1986	0.2710	5.0452E-4	57.743	23.466	206.529
323000000	6.7242	8.8886E-2	0.3096	0.2183	0.2019	0.2701	5.5512E-4	9.201	20.067	187.372
324000000	6.7131	0.1281	0.3071	0.2193	0.2005	0.2731	5.2609E-4	44.238	23.050	200.165
325000000	6.2206	0.1399	0.3045	0.2224	0.2017	0.2714	5.1613E-4	351.487	21.629	197.769
326000000	6.1509	0.1973	0.3054	0.2240	0.2067	0.2639	5.4682E-4	5.987	22.747	198.266
327000000	6.5582	6.8387E-2	0.3046	0.2207	0.2058	0.2689	5.3848E-4	10.436	22.796	192.995
328000000	6.8250	0.1299	0.3050	0.2212	0.2006	0.2733	5.4121E-4	95.130	20.226	191.990
329000000	6.4859	0.1558	0.3076	0.2217	0.2046	0.2662	5.7435E-4	30.997	20.887	185.151
330000000	6.7157	0.1105	0.3089	0.2169	0.2002	0.2740	5.3326E-4	399.193	21.492	193.731
331000000	6.9530	8.4343E-2	0.3066	0.2208	0.2011	0.2715	5.0517E-4	235.578	21.247	196.174
332000000	6.8000	0.1676	0.3068	0.2202	0.2027	0.2703	5.36E-4	8.219	21.452	189.299
333000000	6.7739	0.1625	0.3036	0.2199	0.2010	0.2755	5.7162E-4	162.564	18.608	184.001
334000000	6.9824	0.1089	0.3113	0.2222	0.2018	0.2647	5.0311E-4	80.690	23.159	205.866
335000000	6.8651	8.3702E-2	0.3073	0.2239	0.2012	0.2676	5.166E-4	47.404	22.259	204.823
336000000	7.0310	0.1336	0.3116	0.2236	0.1963	0.2685	5.3001E-4	3.820	23.395	207.561
337000000	6.9222	0.1242	0.3067	0.2241	0.2007	0.2685	4.8871E-4	2.472	21.668	203.418
338000000	7.0050	0.1935	0.3065	0.2252	0.2008	0.2675	5.363E-4	116.877	20.180	194.181
339000000	7.0193	0.1282	0.3070	0.2137	0.2090	0.2702	5.5044E-4	60.180	21.224	193.876
340000000	7.6100	0.1774	0.3100	0.2221	0.2035	0.2644	5.4417E-4	7.038	23.465	199.712
341000000	6.5084	0.1109	0.3062	0.2225	0.2033	0.2679	5.6708E-4	44.821	22.172	190.208
342000000	6.7818	0.1182	0.3071	0.2158	0.2041	0.2730	4.9142E-4	84.898	24.531	209.493
343000000	6.3617	0.1167	0.3028	0.2241	0.2005	0.2726	5.532E-4	6.584	17.547	178.804
344000000	6.9584	0.1537	0.3120	0.2199	0.2003	0.2677	5.5559E-4	17.370	22.001	192.407
345000000	7.5495	0.1345	0.3091	0.2167	0.1979	0.2764	5.1306E-4	14.306	21.085	196.223
346000000	6.2879	0.1561	0.3046	0.2222	0.2029	0.2703	6.1492E-4	5.557	20.561	183.293
347000000	7.1197	0.1852	0.3165	0.2254	0.1948	0.2633	5.7519E-4	12.831	20.370	191.793
348000000	6.9329	0.1819	0.3128	0.2207	0.2024	0.2641	5.6008E-4	10.398	20.570	190.963
349000000	7.2419	0.1314	0.3085	0.2245	0.1999	0.2671	5.319E-4	45.137	22.203	205.665
350000000	7.1785	0.1645	0.3055	0.2223	0.2037	0.2685	5.2163E-4	74.052	22.392	201.222
351000000	7.3482	0.1297	0.3067	0.2247	0.1980	0.2706	5.7202E-4	8.615	21.859	194.624
352000000	6.5665	0.1827	0.3043	0.2257	0.2017	0.2683	5.0295E-4	13.813	21.260	198.178
353000000	6.7004	0.1518	0.3061	0.2191	0.2038	0.2711	5.3199E-4	36.716	19.776	188.234
354000000	7.2520	0.1365	0.3084	0.2211	0.2048	0.2657	5.415E-4	34.991	22.218	194.261
355000000	6.6794	0.1284	0.3139	0.2146	0.2012	0.2703	5.7759E-4	904.872	19.553	184.613
356000000	6.8522	0.1292	0.3102	0.2168	0.2067	0.2663	5.6854E-4	388.700	20.524	186.981
357000000	6.0489	0.1557	0.3043	0.2186	0.2002	0.2769	5.5163E-4	24.174	19.340	189.884
358000000	6.5444	0.1103	0.3067	0.2216	0.2005	0.2712	5.1665E-4	151.070	23.116	202.246
359000000	6.6870	0.1582	0.3113	0.2217	0.1955	0.2716	5.4682E-4	3.532	21.940	196.834
360000000	6.3592	0.1413	0.3083	0.2211	0.2056	0.2650	5.6543E-4	72.795	19.258	191.356
361000000	6.4118	0.1563	0.3062	0.2247	0.1951	0.2740	5.2003E-4	6.631	22.368	198.969
362000000	6.2939	0.1963	0.3074	0.2205	0.2030	0.2691	5.07E-4	4.474	22.338	201.124
363000000	6.4686	0.1288	0.3070	0.2230	0.1966	0.2734	5.2838E-4	37.011	21.258	191.332
364000000	7.3547	0.1688	0.3093	0.2206	0.1998	0.2702	5.2458E-4	58.192	21.298	190.937
365000000	7.0450	0.1380	0.3049	0.2218	0.2009	0.2724	5.1988E-4	4.853	22.678	201.752
366000000	6.3306	0.1629	0.3067	0.2148	0.2043	0.2742	5.7113E-4	307.868	21.646	199.044
367000000	6.7567	0.1575	0.3063	0.2192	0.2076	0.2668	5.4074E-4	10.065	20.957	190.253
368000000	7.2903	0.1362	0.3068	0.2262	0.1930	0.2741	5.4611E-4	8.649	22.934	194.696
369000000	6.4772	9.903E-2	0.3066	0.2280	0.1983	0.2671	5.3425E-4	16.928	20.903	195.782
370000000	6.9831	0.1481	0.3073	0.2200	0.2008	0.2720	5.6013E-4	21.202	21.256	193.416
371000000	6.6035	0.1357	0.3050	0.2233	0.1988	0.2729	5.4205E-4	67.678	20.523	189.179
372000000	6.6608	0.1022	0.3025	0.2258	0.2008	0.2709	5.3826E-4	163.352	20.091	194.607
373000000	6.8977	0.1292	0.3072	0.2219	0.1999	0.2710	5.2112E-4	3.858	21.092	195.867
374000000	7.0751	4.3989E-2	0.3073	0.2229	0.2000	0.2699	5.3223E-4	2.776	20.782	192.764
375000000	6.6368	0.1489	0.3030	0.2235	0.2057	0.2678	5.3242E-4	165.026	21.403	196.048
376000000	7.2800	0.1465	0.3096	0.2221	0.1988	0.2695	5.2301E-4	15.396	20.947	199.517
377000000	6.5328	0.2168	0.3084	0.2208	0.1988	0.2720	5.8365E-4	8.312	20.886	189.907
378000000	6.8497	0.2246	0.3084	0.2223	0.1973	0.2720	5.1994E-4	74.905	22.088	198.019
379000000	6.8609	0.1469	0.3062	0.2226	0.2031	0.2681	5.0391E-4	27.759	21.949	203.116
380000000	6.3534	0.1514	0.3057	0.2207	0.1999	0.2737	5.3675E-4	14.260	21.857	192.467
381000000	6.6144	0.1530	0.3044	0.2219	0.2058	0.2679	5.158E-4	72.544	21.717	197.613
382000000	6.8889	0.1585	0.3117	0.2233	0.1986	0.2664	5.5329E-4	75.187	19.552	180.944
383000000	6.7156	4.5617E-2	0.3100	0.2202	0.2050	0.2648	5.6083E-4	38.194	22.310	198.452
384000000	6.7276	0.1607	0.3094	0.2251	0.1996	0.2659	5.7681E-4	4.828	20.433	182.344
385000000	6.5648	0.1636	0.3047	0.2255	0.2071	0.2627	5.3736E-4	108.912	21.540	193.139
386000000	6.9010	0.1274	0.3070	0.2184	0.2022	0.2724	5.5767E-4	28.363	21.877	189.364
387000000	6.6422	0.1792	0.3092	0.2175	0.2024	0.2709	4.9962E-4	52.883	21.326	200.318
388000000	7.2694	0.1406	0.3164	0.2206	0.1986	0.2644	4.9997E-4	282.807	21.102	196.867
389000000	6.8163	0.1298	0.3083	0.2130	0.2047	0.2739	6.1067E-4	82.815	20.592	177.509
390000000	7.0202	0.1534	0.3082	0.2227	0.2022	0.2669	5.4945E-4	41.200	19.652	188.066
391000000	7.0229	0.1316	0.3054	0.2257	0.2019	0.2670	5.6114E-4	29.563	20.180	184.840
392000000	7.0877	0.1111	0.3085	0.2210	0.2031	0.2673	5.1316E-4	6.904	21.020	194.112
393000000	7.2806	0.1624	0.3094	0.2205	0.1979	0.2722	5.9538E-4	62.143	18.306	174.924
394000000	6.5815	0.1395	0.3039	0.2263	0.2025	0.2673	5.5591E-4	569.974	20.139	188.506
395000000	7.0411	0.1075	0.3124	0.2203	0.1987	0.2685	5.265E-4	25.004	21.295	193.576
396000000	6.9089	0.1102	0.3043	0.2183	0.2051	0.2722	5.3394E-4	17.220	22.016	192.047
397000000	7.3491	0.1381	0.3093	0.2204	0.1992	0.2712	4.9554E-4	8.421	22.723	201.766
398000000	6.6993	0.1258	0.3058	0.2182	0.2038	0.2722	5.2672E-4	46.099	22.599	200.086
399000000	6.4608	0.1447	0.3068	0.2190	0.2021	0.2721	5.0448E-4	7.301	21.937	207.946
400000000	6.8807	0.1564	0.3038	0.2245	0.2030	0.2688	5.3686E-4	47.337	20.282	194.697
401000000	7.4565	0.1613	0.3107	0.2188	0.2078	0.2627	5.6125E-4	81.986	21.886	191.485
402000000	6.9188	0.1325	0.3069	0.2214	0.1990	0.2727	5.778E-4	62.368	20.988	189.152
403000000	7.0456	0.1301	0.3080	0.2183	0.2033	0.2704	5.2394E-4	5.046	22.563	198.178
404000000	6.8455	0.1744	0.3038	0.2165	0.2043	0.2754	5.2647E-4	12.968	22.596	208.280
405000000	6.8089	0.1772	0.3107	0.2195	0.2006	0.2692	4.6183E-4	5.446	23.669	217.283
406000000	7.0591	0.1715	0.3116	0.2174	0.2029	0.2682	4.9661E-4	9.868	23.020	209.611
407000000	7.5442	0.1362	0.3070	0.2252	0.2028	0.2650	5.5615E-4	21.125	20.943	197.071
408000000	6.4804	0.1307	0.3065	0.2250	0.2025	0.2659	4.7392E-4	76.053	23.268	213.151
409000000	7.2660	0.1007	0.3140	0.2187	0.1992	0.2681	5.4079E-4	62.234	21.379	198.670
410000000	6.5729	0.1252	0.3069	0.2229	0.2038	0.2664	4.7597E-4	81.230	24.196	218.139
411000000	7.2032	0.1487	0.3145	0.2247	0.1954	0.2654	5.6667E-4	16.162	21.328	197.779
412000000	6.6953	0.1357	0.3082	0.2187	0.1992	0.2739	5.4884E-4	8.466	21.984	196.910
413000000	6.0182	0.1485	0.3112	0.2233	0.2030	0.2625	5.3506E-4	46.160	22.963	196.606
414000000	5.8731	0.1671	0.3104	0.2217	0.2038	0.2642	5.2566E-4	623.410	22.553	204.088
415000000	6.9093	0.1007	0.3107	0.2215	0.2010	0.2668	5.2277E-4	8.949	23.490	202.531
416000000	7.4440	0.2116	0.3111	0.2215	0.2004	0.2670	5.3772E-4	59.787	21.908	194.892
417000000	7.2093	0.1739	0.3081	0.2187	0.2041	0.2692	5.2005E-4	48.061	21.582	201.525
418000000	5.9106	0.1073	0.3093	0.2231	0.2063	0.2614	5.8306E-4	19.945	19.679	186.400
419000000	7.1506	0.1107	0.3107	0.2238	0.1948	0.2706	5.2095E-4	22.856	21.855	195.764
420000000	6.8156	0.1137	0.3051	0.2232	0.2012	0.2705	5.1719E-4	15.144	21.877	197.517
421000000	6.1432	0.1459	0.2982	0.2255	0.1985	0.2778	5.451E-4	383.867	20.096	186.479
422000000	6.5629	0.1914	0.2997	0.2236	0.2077	0.2690	5.1555E-4	87.198	20.751	202.976
423000000	6.7969	0.1747	0.3120	0.2145	0.2020	0.2715	5.4064E-4	43.365	20.875	201.227
424000000	6.1664	0.1810	0.3102	0.2192	0.2049	0.2658	5.3985E-4	937.270	22.080	192.907
425000000	7.2814	0.1250	0.3042	0.2186	0.2076	0.2695	5.5536E-4	7.846	20.716	194.025
426000000	6.7072	8.9187E-2	0.3036	0.2181	0.2016	0.2767	5.4148E-4	47.403	20.586	187.391
427000000	6.8542	0.1681	0.3098	0.2187	0.1989	0.2726	5.2467E-4	35.422	22.194	201.655
428000000	6.6747	0.1478	0.3086	0.2238	0.1999	0.2676	5.4849E-4	18.143	22.499	193.255
429000000	6.8463	0.1805	0.3047	0.2231	0.2031	0.2691	5.2725E-4	65.090	21.177	193.521
430000000	6.2464	0.1116	0.3088	0.2230	0.2076	0.2606	5.2783E-4	8.584	18.849	185.723
431000000	7.1195	0.1535	0.3084	0.2259	0.1986	0.2671	5.5861E-4	19.668	21.340	187.605
432000000	6.2399	7.3207E-2	0.3087	0.2204	0.2016	0.2693	5.754E-4	35.127	19.753	181.763
433000000	6.5659	0.1052	0.3083	0.2159	0.2013	0.2745	5.3233E-4	51.019	20.435	190.806
434000000	6.8356	9.8944E-2	0.3046	0.2209	0.1999	0.2746	5.578E-4	4.569	21.070	183.694
435000000	7.0674	0.1121	0.3081	0.2211	0.2039	0.2669	5.3889E-4	155.417	21.760	202.718
436000000	7.5291	0.1578	0.3114	0.2196	0.2017	0.2673	5.2858E-4	33.545	21.433	200.863
437000000	6.5649	0.1374	0.3092	0.2197	0.1977	0.2734	5.1097E-4	5.868	21.400	202.697
438000000	6.4291	0.1546	0.3032	0.2238	0.1974	0.2756	5.0044E-4	12.843	21.653	208.474
439000000	6.8076	9.4427E-2	0.3106	0.2197	0.1966	0.2731	5.0641E-4	120.650	23.513	205.164
440000000	7.1754	0.1488	0.3153	0.2217	0.1941	0.2689	5.5776E-4	15.060	21.696	193.794
441000000	7.3692	0.1441	0.3128	0.2180	0.1993	0.2699	5.285E-4	23.263	22.039	197.814
442000000	6.4403	0.1009	0.3116	0.2186	0.2008	0.2690	5.4388E-4	310.345	22.158	199.305
443000000	7.0086	0.1402	0.3082	0.2198	0.2058	0.2662	5.1829E-4	498.377	21.894	196.720
444000000	6.0591	0.1108	0.3069	0.2199	0.2045	0.2688	5.5959E-4	37.405	20.167	180.474
445000000	6.5091	0.1231	0.3099	0.2204	0.1988	0.2708	5.2775E-4	29.527	21.676	198.321
446000000	7.1803	9.5143E-2	0.3062	0.2214	0.2028	0.2695	5.5041E-4	24.826	19.602	189.161
447000000	6.7018	0.1466	0.3027	0.2197	0.2038	0.2738	5.7166E-4	7.552	20.155	187.841
448000000	6.2424	0.1463	0.3054	0.2270	0.1950	0.2727	5.1841E-4	457.888	22.310	201.159
449000000	6.3378	0.1345	0.3116	0.2172	0.2001	0.2710	5.5603E-4	33.465	22.581	194.316
450000000	6.8803	0.1157	0.3126	0.2240	0.1986	0.2648	5.6583E-4	8.092	19.802	191.076
451000000	7.8710	0.1031	0.3132	0.2182	0.1997	0.2689	5.4392E-4	12.418	20.768	190.046
452000000	6.6349	0.1609	0.3146	0.2182	0.1991	0.2681	4.9732E-4	2.636	23.527	205.625
453000000	6.6122	0.1268	0.3107	0.2198	0.2043	0.2652	4.9581E-4	55.831	23.708	205.979
454000000	6.3170	0.1293	0.3104	0.2185	0.2043	0.2667	5.5972E-4	20.005	20.581	189.997
455000000	5.6795	9.8132E-2	0.3124	0.2180	0.2009	0.2688	5.0006E-4	358.942	23.135	210.500
456000000	6.7571	0.1237	0.3156	0.2158	0.2020	0.2665	5.2518E-4	33.245	23.577	208.111
457000000	6.0843	7.1027E-2	0.3039	0.2211	0.2051	0.2699	5.1871E-4	14.949	24.079	207.585
458000000	6.9120	0.1078	0.3023	0.2215	0.2014	0.2748	5.3942E-4	17.388	21.362	197.330
459000000	6.8578	0.1112	0.3087	0.2250	0.1971	0.2692	5.4556E-4	42.992	21.450	192.029
460000000	7.2531	0.1266	0.3035	0.2205	0.1995	0.2765	5.0047E-4	74.310	22.057	204.390
461000000	6.1326	0.1583	0.3067	0.2163	0.2040	0.2730	5.3547E-4	11.925	20.634	195.943
462000000	7.7633	0.1530	0.3078	0.2135	0.2035	0.2751	5.6613E-4	34.713	19.691	183.712
463000000	6.9227	0.1267	0.3063	0.2213	0.2039	0.2685	5.4493E-4	66.818	22.768	192.542
464000000	6.9916	0.1791	0.3032	0.2210	0.2049	0.2709	5.2943E-4	131.865	21.127	197.236
465000000	6.0182	0.1583	0.3043	0.2243	0.2055	0.2659	5.5561E-4	19.128	19.893	187.329
466000000	6.7788	0.1575	0.3180	0.2218	0.1969	0.2633	5.0856E-4	14.008	23.740	204.553
467000000	6.8545	0.1357	0.3113	0.2187	0.1958	0.2742	5.5534E-4	14.971	21.533	194.270
468000000	6.9074	9.9625E-2	0.3012	0.2240	0.2028	0.2720	5.6556E-4	703.284	21.405	191.846
469000000	6.9862	0.1468	0.3079	0.2146	0.2043	0.2731	5.0963E-4	3.906	22.302	206.083
470000000	6.8787	0.1274	0.3045	0.2239	0.2009	0.2707	5.467E-4	184.809	21.578	195.954
471000000	6.5305	0.1037	0.3093	0.2182	0.2023	0.2702	5.4794E-4	29.117	20.545	187.421
472000000	7.5857	6.0876E-2	0.3125	0.2181	0.2070	0.2624	5.5388E-4	184.132	21.620	191.669
473000000	6.4183	0.1293	0.2986	0.2270	0.2046	0.2697	5.064E-4	78.202	23.197	207.234
474000000	6.9361	0.1476	0.3089	0.2210	0.2021	0.2679	5.4593E-4	6.591	20.546	190.477
475000000	6.5497	0.1204	0.3062	0.2190	0.2005	0.2743	5.2992E-4	321.828	22.498	200.012
476000000	6.7520	0.1607	0.3088	0.2107	0.2023	0.2782	5.6622E-4	1397.508	19.257	181.081
477000000	7.3109	0.1168	0.3096	0.2237	0.2034	0.2633	5.8884E-4	38.856	19.944	187.638
478000000	5.8892	0.1766	0.3043	0.2273	0.1990	0.2695	5.3072E-4	15.951	23.416	204.508
479000000	7.0373	0.1429	0.3028	0.2257	0.2021	0.2694	5.452E-4	44.474	21.514	195.278
480000000	7.2959	0.1044	0.3097	0.2209	0.1988	0.2706	5.3133E-4	8.738	22.282	199.755
481000000	6.6434	0.1447	0.3115	0.2195	0.1993	0.2697	5.2334E-4	66.065	22.170	193.770
482000000	7.2921	0.1528	0.3093	0.2233	0.1956	0.2718	5.6068E-4	9.583	20.495	188.971
483000000	6.8155	0.1415	0.3099	0.2152	0.1993	0.2757	5.5905E-4	92.728	20.032	183.488
484000000	7.1125	0.1945	0.3120	0.2162	0.2010	0.2708	5.1594E-4	46.967	20.923	191.860
485000000	6.5232	0.1462	0.3096	0.2189	0.1976	0.2739	5.0096E-4	64.285	20.797	197.220
486000000	6.4901	0.1293	0.3052	0.2182	0.2023	0.2743	6.0016E-4	6.773	19.778	184.856
487000000	7.3308	0.1491	0.3099	0.2212	0.1986	0.2702	5.5045E-4	7.599	20.507	187.741
488000000	6.7337	0.1162	0.3028	0.2279	0.2051	0.2641	5.4791E-4	16.963	22.000	187.477
489000000	6.2733	0.1315	0.3088	0.2188	0.2004	0.2720	5.5033E-4	44.293	22.783	199.577
490000000	6.2312	0.1281	0.3113	0.2214	0.1999	0.2674	5.0289E-4	8.983	21.075	199.606
491000000	6.5595	0.1532	0.3049	0.2199	0.2013	0.2739	5.4066E-4	245.356	19.912	193.363
492000000	7.4853	0.1164	0.3109	0.2141	0.1966	0.2785	4.8902E-4	170.982	25.859	218.372
493000000	7.0833	0.1597	0.3138	0.2185	0.1984	0.2692	4.8088E-4	56.117	25.899	217.205
494000000	7.0442	0.1638	0.3084	0.2235	0.1949	0.2732	4.9537E-4	423.627	25.742	218.442
495000000	6.2176	0.1485	0.3099	0.2239	0.2029	0.2633	5.1813E-4	28.564	21.557	202.459
496000000	7.4859	7.7273E-2	0.3072	0.2199	0.2034	0.2695	5.6173E-4	281.078	21.216	191.860
497000000	7.0225	0.1556	0.3080	0.2226	0.1988	0.2706	5.6479E-4	55.375	20.965	193.646
498000000	6.1093	0.1192	0.3090	0.2212	0.2014	0.2684	5.2429E-4	7.711	21.330	197.634
499000000	6.5702	0.1720	0.3066	0.2182	0.2023	0.2729	5.5544E-4	13.207	22.339	193.655
500000000	6.4118	0.1318	0.3101	0.2229	0.2031	0.2640	5.6229E-4	10.961	20.795	187.008
501000000	6.1032	0.1517	0.3111	0.2170	0.1965	0.2754	5.1706E-4	43.588	23.642	200.534
502000000	6.9416	9.4586E-2	0.3033	0.2242	0.2026	0.2699	5.7814E-4	16.636	21.334	187.763
503000000	6.0679	6.7213E-2	0.3043	0.2226	0.2020	0.2710	5.2043E-4	31.044	21.258	200.529
504000000	6.9213	1.7549E-2	0.3083	0.2218	0.2027	0.2672	5.3421E-4	208.520	22.581	199.431
505000000	6.3621	0.1293	0.3093	0.2219	0.2006	0.2683	5.3187E-4	13.473	23.088	201.378
506000000	6.9228	0.1389	0.3011	0.2267	0.2034	0.2688	5.3721E-4	11.577	21.195	193.609
507000000	6.4033	0.2002	0.3128	0.2190	0.1985	0.2697	5.5217E-4	17.050	20.429	190.619
508000000	7.2153	8.5934E-2	0.3089	0.2195	0.2002	0.2714	5.355E-4	6.886	20.987	193.094
509000000	6.4625	0.1517	0.3093	0.2171	0.2000	0.2736	5.422E-4	636.871	21.402	194.536
510000000	6.5402	0.1493	0.3049	0.2148	0.2076	0.2727	5.137E-4	11.373	21.112	196.545
511000000	6.9540	0.1460	0.3120	0.2197	0.1990	0.2693	5.3213E-4	15.308	22.212	196.380
512000000	7.4493	0.1251	0.3089	0.2185	0.2010	0.2715	5.5709E-4	12.121	20.230	189.429
513000000	7.2330	0.1486	0.3132	0.2248	0.1932	0.2689	5.1684E-4	5.495	21.405	195.907
514000000	6.4927	0.1607	0.3070	0.2168	0.2001	0.2761	4.9311E-4	15.238	22.033	200.349
515000000	6.3988	9.6978E-2	0.3110	0.2260	0.1998	0.2633	5.3522E-4	15.130	21.517	192.763
516000000	7.0662	0.1127	0.3113	0.2191	0.1992	0.2703	5.4272E-4	12.145	22.763	197.301
517000000	6.5667	0.1221	0.3132	0.2174	0.1929	0.2765	5.5019E-4	106.764	19.727	187.088
518000000	6.9770	0.1249	0.3037	0.2187	0.2017	0.2759	5.606E-4	41.836	20.499	184.672
519000000	7.0477	9.7653E-2	0.3118	0.2177	0.1979	0.2726	5.3578E-4	17.525	22.422	195.879
520000000	7.3228	0.1048	0.3072	0.2158	0.2006	0.2764	5.2947E-4	8.730	21.632	194.184
521000000	6.9569	0.1818	0.3159	0.2173	0.1943	0.2725	5.6129E-4	14.325	20.277	191.061
522000000	6.3610	0.1319	0.3111	0.2181	0.1993	0.2715	5.3798E-4	19.552	21.934	192.745
523000000	6.6419	8.9648E-2	0.3123	0.2184	0.2022	0.2671	5.5434E-4	182.794	20.947	191.495
524000000	6.9505	0.1502	0.3083	0.2219	0.2007	0.2691	5.2179E-4	495.252	19.543	188.925
525000000	6.0210	0.1382	0.3056	0.2245	0.2045	0.2654	5.5679E-4	4.309	20.883	191.287
526000000	6.9771	0.1303	0.3068	0.2201	0.2002	0.2729	5.3535E-4	15.054	19.660	192.175
527000000	6.5327	0.1086	0.3093	0.2172	0.2013	0.2722	5.0899E-4	28.785	20.611	194.605
528000000	6.2598	0.1844	0.3044	0.2277	0.2015	0.2664	5.7945E-4	118.089	19.180	181.681
529000000	6.8103	0.1062	0.3120	0.2214	0.1992	0.2673	5.4532E-4	19.426	19.507	191.473
530000000	6.0774	0.1223	0.3084	0.2212	0.2017	0.2686	5.6071E-4	6.115	20.477	192.513
531000000	7.2940	9.4045E-2	0.3070	0.2219	0.2013	0.2698	5.5037E-4	512.548	20.131	189.806
532000000	5.6902	0.1560	0.3055	0.2167	0.2025	0.2753	5.6079E-4	4.078	22.021	198.059
533000000	6.6264	0.1906	0.3154	0.2195	0.1983	0.2668	5.3477E-4	6.039	21.827	200.271
534000000	6.7814	8.1865E-2	0.3026	0.2235	0.1992	0.2747	5.2086E-4	32.497	22.254	197.073
535000000	7.0634	0.1513	0.3115	0.2250	0.2013	0.2622	5.007E-4	38.006	21.828	199.200
536000000	6.1043	0.1643	0.3069	0.2206	0.2054	0.2671	5.4464E-4	150.890	22.289	199.374
537000000	6.9711	0.1153	0.3149	0.2177	0.2020	0.2653	5.6759E-4	20.810	20.432	188.972
538000000	6.9817	0.1339	0.2995	0.2194	0.2047	0.2763	5.1952E-4	42.648	21.091	193.850
539000000	6.2922	0.1239	0.3056	0.2176	0.2074	0.2694	5.5253E-4	40.679	21.578	194.412
540000000	6.7020	0.1361	0.2990	0.2263	0.2016	0.2731	5.2023E-4	23.466	21.634	194.227
541000000	5.9572	0.1136	0.3028	0.2208	0.2059	0.2705	5.1074E-4	3.856	22.913	196.008
542000000	5.9068	0.1182	0.3053	0.2214	0.1986	0.2747	4.9658E-4	11.031	23.650	200.925
543000000	7.0608	0.1745	0.3068	0.2198	0.1984	0.2749	5.5346E-4	10.092	20.413	192.207
544000000	6.8307	0.1409	0.3072	0.2240	0.2035	0.2653	5.2682E-4	162.998	22.921	204.984
545000000	6.8142	0.1867	0.3124	0.2246	0.1992	0.2638	5.61E-4	967.864	21.807	191.310
546000000	7.2831	0.1153	0.2991	0.2240	0.2033	0.2736	5.4068E-4	222.847	20.975	193.736
547000000	6.9392	0.1161	0.3107	0.2194	0.2022	0.2677	5.3361E-4	58.563	20.385	191.051
548000000	7.1557	0.1368	0.3036	0.2255	0.2045	0.2664	5.4027E-4	133.040	19.832	190.876
549000000	6.9161	0.1571	0.3109	0.2185	0.1961	0.2745	5.1421E-4	1026.099	21.731	199.091
550000000	6.0239	0.1555	0.3065	0.2246	0.1993	0.2697	5.9387E-4	843.184	21.590	181.370
551000000	6.8567	0.1977	0.3128	0.2193	0.1966	0.2714	5.0605E-4	8.473	21.698	201.442
552000000	7.5449	0.1473	0.3063	0.2203	0.2030	0.2705	5.239E-4	13.767	21.509	199.585
553000000	6.3522	0.1295	0.3084	0.2254	0.2002	0.2660	5.2686E-4	53.251	22.592	206.881
554000000	6.5886	1.4242E-2	0.3025	0.2259	0.2013	0.2703	5.7821E-4	7.532	21.075	192.499
555000000	6.4891	0.1803	0.3077	0.2224	0.1989	0.2710	5.1947E-4	581.722	22.476	207.624
556000000	7.1046	0.1213	0.3052	0.2219	0.1999	0.2730	5.1151E-4	6.892	22.432	204.442
557000000	6.7564	0.1620	0.3036	0.2265	0.1994	0.2705	5.08E-4	3.928	23.019	197.038
558000000	7.1531	0.1357	0.3051	0.2216	0.2001	0.2732	5.1957E-4	20.961	22.015	200.609
559000000	6.7804	0.1368	0.3046	0.2242	0.2029	0.2682	5.2477E-4	29.789	22.296	199.319
560000000	6.7275	0.1222	0.3109	0.2199	0.1997	0.2695	5.4278E-4	30.351	20.516	186.856
561000000	6.7175	0.1058	0.3028	0.2273	0.2048	0.2652	5.0608E-4	14.692	22.494	203.268
562000000	6.5632	0.1200	0.3007	0.2226	0.2041	0.2726	5.232E-4	174.600	21.145	200.788
563000000	6.8697	0.1401	0.3122	0.2154	0.2011	0.2712	5.3887E-4	8.829	19.983	190.022
564000000	6.6362	0.1486	0.3129	0.2246	0.2007	0.2617	5.0618E-4	19.325	22.475	202.579
565000000	6.5492	0.1299	0.2982	0.2304	0.2003	0.2711	5.6014E-4	39.016	21.123	194.193
566000000	7.2770	0.1399	0.3105	0.2239	0.1953	0.2703	5.3605E-4	170.475	23.308	204.848
567000000	6.5449	0.1478	0.3102	0.2210	0.1985	0.2702	5.3026E-4	54.463	21.061	193.093
568000000	6.3409	0.1646	0.3081	0.2212	0.1969	0.2738	5.2297E-4	24.665	22.866	198.628
569000000	7.7137	0.1359	0.3110	0.2170	0.2013	0.2706	5.1722E-4	73.855	22.036	202.619
570000000	6.6778	0.1769	0.3062	0.2240	0.2005	0.2693	5.2774E-4	62.540	21.598	192.980
571000000	6.6706	0.1482	0.3060	0.2248	0.1987	0.2704	5.2556E-4	42.336	21.852	198.032
572000000	6.8814	0.1479	0.3086	0.2208	0.2012	0.2694	5.2743E-4	63.828	21.251	189.098
573000000	7.0025	0.1455	0.3112	0.2224	0.1915	0.2750	5.2001E-4	50.562	22.388	198.126
574000000	6.9598	0.2267	0.3132	0.2213	0.1996	0.2658	5.559E-4	15.969	21.584	194.880
575000000	7.5794	0.1852	0.3061	0.2173	0.2043	0.2723	5.607E-4	58.830	21.603	190.271
576000000	7.3506	0.1509	0.3086	0.2250	0.1986	0.2679	5.038E-4	693.976	22.574	203.942
577000000	6.8372	0.1299	0.3082	0.2205	0.1991	0.2723	5.2026E-4	97.624	22.536	199.943
578000000	6.1377	0.1635	0.3085	0.2145	0.2039	0.2731	5.3138E-4	24.502	22.138	195.525
579000000	6.9652	0.1588	0.3131	0.2245	0.1917	0.2707	5.3757E-4	6.063	21.405	196.419
580000000	7.2047	0.1331	0.3091	0.2163	0.2049	0.2697	5.4346E-4	2.905	21.444	199.237
581000000	6.4849	0.1701	0.3109	0.2232	0.1956	0.2703	5.2157E-4	9.908	23.005	202.613
582000000	6.7191	0.1350	0.3166	0.2221	0.1907	0.2707	5.2643E-4	44.392	21.324	193.171
583000000	6.5357	0.1859	0.3094	0.2260	0.1948	0.2698	5.2401E-4	812.329	21.614	197.139
584000000	7.0416	0.1609	0.3056	0.2186	0.2059	0.2699	5.0818E-4	89.886	21.284	199.116
585000000	6.9966	0.1302	0.3066	0.2226	0.2026	0.2682	5.5841E-4	70.708	20.874	194.038
586000000	6.6525	0.1118	0.3050	0.2192	0.1991	0.2767	5.9434E-4	32.044	19.476	182.135
587000000	6.6820	0.1281	0.3035	0.2150	0.2016	0.2798	5.1587E-4	12.151	21.981	197.664
588000000	6.4888	0.1472	0.3055	0.2191	0.1996	0.2758	5.694E-4	9.996	21.534	186.431
589000000	7.1288	0.1298	0.3068	0.2206	0.2031	0.2694	5.1894E-4	206.824	23.995	207.795
590000000	6.3553	0.1571	0.3023	0.2232	0.2066	0.2679	5.6123E-4	7.879	23.195	196.175
591000000	6.6870	0.1599	0.3106	0.2231	0.1971	0.2693	5.9307E-4	8.626	17.737	174.890
592000000	6.2043	0.1754	0.3023	0.2220	0.2005	0.2752	5.1736E-4	18.063	21.871	199.331
593000000	6.6418	0.1380	0.3120	0.2195	0.2027	0.2657	5.4983E-4	3.628	20.698	190.020
594000000	6.1374	0.1346	0.3088	0.2210	0.2027	0.2675	5.1585E-4	57.049	21.398	197.007
595000000	6.7088	0.1560	0.3041	0.2253	0.1970	0.2736	5.3849E-4	22.423	21.665	189.020
596000000	6.6120	0.1419	0.3091	0.2206	0.2022	0.2681	5.4082E-4	118.429	21.508	202.885
597000000	7.2039	0.1643	0.3041	0.2136	0.2063	0.2760	5.2516E-4	18.462	20.751	196.253
598000000	7.0910	0.1437	0.3083	0.2181	0.2027	0.2709	5.4646E-4	13.470	20.634	192.112
599000000	6.8075	0.1312	0.3057	0.2179	0.2043	0.2721	5.2162E-4	1.924	21.873	199.971
600000000	6.8169	0.1429	0.3062	0.2211	0.1990	0.2736	5.4623E-4	6.448	20.975	198.415
601000000	7.2862	0.1258	0.3090	0.2202	0.2022	0.2686	5.4378E-4	13.791	21.420	187.840
602000000	6.9100	0.1552	0.3081	0.2219	0.2019	0.2680	5.3836E-4	22.927	21.136	201.093
603000000	7.2079	0.1589	0.3078	0.2215	0.2022	0.2684	5.4851E-4	16.957	19.664	187.377
604000000	6.9688	0.2103	0.3038	0.2230	0.2020	0.2712	5.2574E-4	222.076	20.836	194.500
605000000	7.0885	1.0394E-2	0.3016	0.2238	0.2000	0.2747	4.9738E-4	171.175	22.849	200.152
606000000	6.6487	0.1257	0.3014	0.2252	0.2004	0.2729	5.1715E-4	41.863	23.038	192.900
607000000	6.5123	0.1300	0.3072	0.2191	0.2029	0.2708	4.937E-4	21.074	22.914	211.819
608000000	7.0585	0.1604	0.3075	0.2216	0.2010	0.2699	4.9887E-4	2.869	21.378	200.004
609000000	7.1561	0.1584	0.3021	0.2194	0.2040	0.2744	5.3079E-4	41.967	19.917	186.213
610000000	6.6530	0.1557	0.3115	0.2160	0.2012	0.2713	5.3402E-4	4.162	21.127	193.003
611000000	6.4215	9.9355E-2	0.3064	0.2284	0.1951	0.2701	5.3172E-4	8.672	21.542	194.785
612000000	7.6500	0.1219	0.3060	0.2153	0.2077	0.2710	5.6034E-4	62.178	20.640	195.526
613000000	6.8321	0.1566	0.3134	0.2248	0.1973	0.2645	5.3664E-4	149.216	20.136	188.583
614000000	7.2273	0.1594	0.3083	0.2234	0.2043	0.2641	4.9485E-4	7.186	24.129	211.580
615000000	7.0007	0.1379	0.3140	0.2201	0.2009	0.2651	5.5918E-4	267.141	20.670	192.358
616000000	7.1863	0.1516	0.3058	0.2252	0.2016	0.2673	5.4114E-4	44.614	20.350	185.551
617000000	7.0144	0.1239	0.3090	0.2187	0.2025	0.2698	5.3789E-4	9.332	21.151	199.330
618000000	6.7308	0.1263	0.3116	0.2230	0.1960	0.2694	5.4688E-4	41.903	21.807	197.545
619000000	6.6461	0.1322	0.3069	0.2243	0.1984	0.2704	4.706E-4	21.051	23.258	218.126
620000000	6.7203	0.1564	0.3093	0.2251	0.2003	0.2653	5.0081E-4	20.273	22.769	204.889
621000000	6.7544	0.1301	0.3076	0.2157	0.2035	0.2732	5.8715E-4	6.890	21.048	184.169
622000000	6.6550	0.1853	0.3068	0.2233	0.2013	0.2686	5.3613E-4	162.235	20.321	188.330
623000000	6.7190	0.1302	0.3122	0.2220	0.1973	0.2684	5.4641E-4	50.270	21.118	184.817
624000000	7.0372	0.1216	0.3082	0.2228	0.1994	0.2696	5.5002E-4	15.540	20.063	190.877
625000000	6.0794	0.1198	0.3074	0.2250	0.1977	0.2699	5.2368E-4	16.389	21.987	193.766
626000000	6.7929	0.1472	0.3072	0.2171	0.2058	0.2698	5.1721E-4	201.360	20.686	196.606
627000000	6.0430	0.1209	0.3068	0.2212	0.2018	0.2702	5.867E-4	14.067	20.352	182.362
628000000	7.5051	0.1841	0.3082	0.2185	0.2024	0.2709	5.7293E-4	79.246	20.896	193.691
629000000	6.8527	9.3947E-2	0.3060	0.2198	0.2035	0.2707	5.2749E-4	178.083	21.161	199.511
630000000	6.9960	4.6008E-2	0.3068	0.2167	0.2063	0.2703	4.9659E-4	40.671	22.285	203.164
631000000	6.3099	0.1426	0.3068	0.2176	0.2058	0.2698	5.0417E-4	60.458	21.951	200.850
632000000	7.3587	0.1628	0.3074	0.2222	0.2060	0.2644	5.3711E-4	287.526	20.136	195.942
633000000	6.6315	0.1383	0.3075	0.2225	0.2020	0.2679	5.5418E-4	2.664	22.059	189.979
634000000	5.8468	7.6566E-2	0.3066	0.2228	0.2033	0.2672	5.2186E-4	17.330	23.380	204.926
635000000	6.4445	0.1352	0.3081	0.2213	0.1999	0.2707	5.1387E-4	110.267	22.190	205.173
636000000	6.4774	0.1291	0.3085	0.2206	0.1976	0.2734	5.0337E-4	131.562	20.757	199.489
637000000	6.4802	9.6226E-2	0.3101	0.2248	0.1998	0.2653	5.4417E-4	36.717	22.249	202.283
638000000	6.6634	0.1422	0.3083	0.2194	0.2017	0.2707	4.8997E-4	8.579	24.440	203.589
639000000	6.7119	8.0885E-2	0.3087	0.2210	0.1948	0.2755	5.0325E-4	10.925	23.264	210.531
640000000	6.6512	0.1447	0.3058	0.2180	0.2104	0.2658	5.9316E-4	52.152	20.124	183.228
641000000	6.3995	0.1992	0.3075	0.2151	0.1999	0.2774	5.5706E-4	22.630	20.893	192.080
642000000	6.4836	7.3482E-2	0.3090	0.2194	0.1983	0.2734	5.2356E-4	58.029	22.891	195.677
643000000	6.6306	0.1380	0.3054	0.2174	0.2023	0.2748	5.3346E-4	13.116	21.010	193.617
644000000	6.4964	0.1428	0.3080	0.2252	0.1951	0.2716	5.2286E-4	12.857	23.994	211.253
645000000	7.0057	0.1601	0.3070	0.2167	0.2022	0.2741	5.4606E-4	19.713	21.081	190.762
646000000	6.2910	9.4255E-2	0.3095	0.2222	0.2024	0.2659	5.263E-4	65.165	19.557	187.749
647000000	6.6132	0.1016	0.3089	0.2194	0.2004	0.2713	5.3938E-4	297.187	21.383	184.532
648000000	6.8980	0.1473	0.3081	0.2204	0.2014	0.2700	4.9819E-4	9.606	23.069	202.366
649000000	6.3135	8.6324E-2	0.3090	0.2227	0.1998	0.2685	4.9972E-4	16.192	22.458	198.083
650000000	6.7068	0.1207	0.3111	0.2211	0.1994	0.2684	5.3837E-4	8.956	21.007	198.541
651000000	6.4361	0.1602	0.3084	0.2135	0.2079	0.2702	5.5627E-4	22.253	20.268	192.113
652000000	5.9642	0.1223	0.3054	0.2219	0.2037	0.2690	5.2375E-4	6.180	20.946	194.286
653000000	6.7807	1.9655E-2	0.3080	0.2224	0.1978	0.2718	5.5521E-4	3.237	19.297	189.139
654000000	7.2426	0.1440	0.3043	0.2209	0.2019	0.2730	5.3142E-4	5.358	22.051	201.372
655000000	6.6175	0.1754	0.3083	0.2168	0.2036	0.2713	5.1495E-4	146.240	22.898	206.319
656000000	6.8419	0.1389	0.3068	0.2150	0.2033	0.2749	5.3636E-4	74.414	21.678	201.783
657000000	6.6372	0.1621	0.3115	0.2208	0.1992	0.2685	5.3295E-4	53.951	21.077	198.024
658000000	5.9722	0.1436	0.3046	0.2229	0.2045	0.2680	5.409E-4	81.218	22.863	192.948
659000000	6.9180	0.1461	0.3103	0.2174	0.2035	0.2689	5.0894E-4	376.268	20.969	198.336
660000000	6.1675	0.1579	0.3045	0.2218	0.2026	0.2711	5.3062E-4	3.713	20.151	193.250
661000000	6.1635	0.1379	0.3087	0.2217	0.2012	0.2684	5.0879E-4	15.608	22.529	204.226
662000000	6.0335	0.1165	0.3057	0.2218	0.2013	0.2712	5.6974E-4	11.859	19.845	190.537
663000000	6.9510	0.1428	0.3063	0.2193	0.2056	0.2688	5.512E-4	11.258	20.466	185.455
664000000	6.6801	0.1586	0.3132	0.2120	0.2004	0.2743	5.7157E-4	18.362	22.664	195.947
665000000	7.0031	7.711E-2	0.3121	0.2194	0.2016	0.2669	5.4956E-4	36.983	21.724	191.373
666000000	6.9852	0.1448	0.3037	0.2245	0.2000	0.2718	5.3689E-4	101.143	21.931	196.200
667000000	6.5178	0.1416	0.3105	0.2124	0.2045	0.2727	5.247E-4	4.199	22.967	200.469
668000000	6.9237	0.1219	0.3105	0.2207	0.1992	0.2696	5.0002E-4	33.368	22.220	205.814
669000000	6.8950	9.4671E-2	0.3113	0.2226	0.2027	0.2634	5.3567E-4	57.462	23.542	200.990
670000000	6.8736	0.1210	0.3088	0.2224	0.2019	0.2669	5.3985E-4	7.628	23.804	198.307
671000000	7.6099	8.8453E-2	0.3055	0.2201	0.2033	0.2711	5.0267E-4	56.188	25.220	208.402
672000000	6.6953	0.1548	0.3039	0.2223	0.2047	0.2691	5.825E-4	14.458	19.630	181.614
673000000	6.7516	0.1201	0.3086	0.2167	0.2029	0.2718	4.9596E-4	8.218	23.449	211.152
674000000	6.6018	0.1148	0.3036	0.2232	0.2035	0.2697	5.6197E-4	207.096	20.338	188.354
675000000	6.9568	0.1487	0.3040	0.2192	0.2012	0.2755	4.9557E-4	762.324	20.913	196.902
676000000	6.3520	0.1425	0.3093	0.2237	0.1989	0.2682	5.8308E-4	49.577	18.983	178.590
677000000	6.6315	9.8271E-2	0.3092	0.2232	0.1966	0.2710	5.231E-4	355.618	22.523	205.127
678000000	6.6662	0.1397	0.3053	0.2281	0.1970	0.2696	4.911E-4	68.751	22.803	202.005
679000000	6.9206	0.1293	0.3123	0.2172	0.2016	0.2688	5.243E-4	104.785	21.945	198.476
680000000	6.5785	0.1689	0.3057	0.2226	0.2044	0.2673	5.1414E-4	90.838	20.144	196.555
681000000	7.0838	0.1005	0.2998	0.2211	0.2042	0.2749	4.877E-4	1.136	24.655	210.977
682000000	6.5055	0.1395	0.3052	0.2216	0.2044	0.2688	4.8276E-4	22.127	24.858	214.405
683000000	6.3871	9.7427E-2	0.3068	0.2253	0.1983	0.2696	5.5592E-4	25.018	20.010	191.670
684000000	6.2310	0.1343	0.3065	0.2204	0.2060	0.2671	5.1394E-4	9.190	22.578	196.872
685000000	6.2518	0.1080	0.3124	0.2212	0.2012	0.2652	5.2936E-4	215.284	20.945	198.399
686000000	6.8997	0.1541	0.3119	0.2214	0.2012	0.2655	5.7545E-4	7.034	21.385	187.365
687000000	6.7239	5.7108E-2	0.3085	0.2182	0.2043	0.2690	5.2008E-4	48.456	21.994	200.708
688000000	7.0235	0.1884	0.3078	0.2171	0.2034	0.2717	5.1133E-4	37.064	24.334	208.813
689000000	6.3579	0.1045	0.3093	0.2185	0.2033	0.2689	5.1806E-4	6.779	20.921	190.858
690000000	6.8946	0.1521	0.3109	0.2203	0.2027	0.2661	5.4513E-4	3.412	21.557	200.654
691000000	8.2620	0.1172	0.3060	0.2220	0.2033	0.2687	4.9569E-4	14.888	23.361	213.125
692000000	6.2860	0.1511	0.3108	0.2165	0.2022	0.2705	5.7549E-4	28.732	20.928	192.186
693000000	7.1458	0.1611	0.3157	0.2143	0.2003	0.2697	5.4633E-4	22.776	19.442	185.079
694000000	6.8826	0.1256	0.3087	0.2210	0.2006	0.2697	5.2597E-4	114.670	22.825	200.941
695000000	6.2398	0.1296	0.3149	0.2179	0.1953	0.2719	5.8094E-4	75.792	18.882	178.531
696000000	7.3494	0.1165	0.3086	0.2213	0.2012	0.2688	5.1439E-4	38.707	22.761	201.194
697000000	6.7507	0.1283	0.3044	0.2272	0.2073	0.2611	5.529E-4	15.410	20.464	194.328
698000000	6.9876	0.1247	0.3139	0.2162	0.2015	0.2684	5.1673E-4	142.825	21.670	200.307
699000000	6.8259	0.1630	0.3030	0.2228	0.2052	0.2690	5.3923E-4	9.772	20.396	189.958
700000000	6.4663	0.1923	0.3114	0.2182	0.2038	0.2666	5.4504E-4	371.540	21.635	192.383
701000000	7.0312	0.1509	0.3039	0.2218	0.2027	0.2717	5.7283E-4	819.188	20.636	189.189
702000000	6.8921	0.1606	0.3110	0.2203	0.1974	0.2712	4.7443E-4	521.207	23.522	211.917
703000000	6.5688	0.1327	0.3085	0.2195	0.2040	0.2680	5.2483E-4	18.403	20.010	192.642
704000000	7.1550	0.1781	0.3119	0.2161	0.1966	0.2754	5.8992E-4	214.761	18.472	180.158
705000000	7.2848	0.1414	0.3111	0.2224	0.2057	0.2608	5.2917E-4	19.377	21.180	193.628
706000000	7.2263	9.7876E-2	0.3046	0.2225	0.2010	0.2719	5.6257E-4	23.875	20.209	186.809
707000000	6.3722	0.1438	0.3089	0.2212	0.2018	0.2682	5.3136E-4	19.464	23.045	195.042
708000000	6.4460	4.6403E-2	0.3071	0.2230	0.2025	0.2674	5.4541E-4	9.661	20.894	190.879
709000000	6.6616	0.1838	0.3114	0.2174	0.1976	0.2736	5.5033E-4	3.042	19.927	185.724
710000000	6.5276	0.1388	0.3135	0.2133	0.2050	0.2682	5.6144E-4	19.421	21.360	191.124
711000000	6.6410	0.2161	0.3166	0.2224	0.1973	0.2637	5.8665E-4	5.374	20.936	193.376
712000000	6.5449	0.1232	0.3110	0.2202	0.1995	0.2693	5.274E-4	25.766	19.720	197.558
713000000	6.5452	0.1685	0.3072	0.2194	0.1989	0.2745	5.0057E-4	6.746	21.240	198.766
714000000	7.0439	0.1296	0.3039	0.2193	0.2050	0.2718	5.0462E-4	80.119	23.651	205.628
715000000	6.7184	9.8803E-2	0.3144	0.2187	0.2015	0.2653	4.9224E-4	13.403	21.344	205.976
716000000	7.0519	5.4961E-2	0.3085	0.2180	0.2001	0.2735	5.0525E-4	44.049	21.953	194.999
717000000	7.0333	6.7058E-2	0.3148	0.2212	0.1940	0.2700	5.4438E-4	11.833	21.084	189.490
718000000	6.2764	8.078E-2	0.3068	0.2260	0.2021	0.2650	5.7741E-4	8.458	19.500	186.143
719000000	6.1718	0.1477	0.3089	0.2190	0.2032	0.2689	5.6211E-4	13.073	20.469	187.785
720000000	6.9163	0.1021	0.3086	0.2226	0.2033	0.2655	5.1181E-4	9.840	22.583	197.774
721000000	6.4092	0.1333	0.3080	0.2249	0.2012	0.2660	5.2123E-4	33.004	20.744	194.219
722000000	6.2919	0.1771	0.3110	0.2189	0.2015	0.2687	5.9183E-4	5.282	21.590	187.799
723000000	7.0410	0.1371	0.3113	0.2183	0.2007	0.2697	5.3575E-4	3.983	20.295	195.543
724000000	6.5083	0.1378	0.3057	0.2223	0.2041	0.2679	5.4835E-4	38.758	20.435	188.520
725000000	6.9943	0.1823	0.3076	0.2203	0.2017	0.2703	5.0981E-4	37.058	22.017	199.429
726000000	7.1647	0.1741	0.3102	0.2226	0.1992	0.2679	5.6344E-4	42.068	20.012	190.248
727000000	6.7600	0.1510	0.3044	0.2254	0.2034	0.2668	5.6208E-4	14.631	20.943	187.002
728000000	6.8400	0.1776	0.3033	0.2266	0.1964	0.2737	5.6649E-4	10.092	21.400	187.695
729000000	6.1803	0.1644	0.3082	0.2188	0.1997	0.2733	5.1681E-4	29.788	22.572	199.887
730000000	6.4047	0.1406	0.3101	0.2180	0.1999	0.2719	5.498E-4	330.298	21.218	193.948
731000000	7.1408	0.1625	0.3125	0.2172	0.1993	0.2710	5.0716E-4	118.503	22.173	204.862
732000000	6.2954	0.1204	0.3098	0.2222	0.1965	0.2716	5.735E-4	75.770	19.257	178.941
733000000	6.6903	0.2074	0.3050	0.2161	0.2019	0.2770	5.4774E-4	7.970	19.909	193.648
734000000	7.2899	0.1597	0.3046	0.2223	0.2028	0.2703	5.0884E-4	252.472	22.775	202.227
735000000	6.6936	0.1725	0.3108	0.2188	0.1989	0.2716	5.4885E-4	74.023	21.662	196.096
736000000	7.0964	0.1415	0.3108	0.2231	0.1946	0.2715	5.424E-4	22.200	21.969	196.436
737000000	5.9456	0.1260	0.3126	0.2212	0.2004	0.2658	5.5419E-4	13.743	21.994	195.280
738000000	6.6775	6.6846E-2	0.3055	0.2217	0.1984	0.2744	5.587E-4	11.023	20.419	192.812
739000000	7.1170	5.8033E-2	0.3062	0.2175	0.2000	0.2762	5.1589E-4	181.258	20.690	201.152
740000000	6.9257	9.1547E-2	0.3080	0.2248	0.1972	0.2700	4.9497E-4	8.761	23.333	201.386
741000000	6.3521	9.1499E-2	0.3067	0.2205	0.1983	0.2745	5.0446E-4	17.351	21.189	200.612
742000000	6.7677	0.1898	0.3090	0.2187	0.2002	0.2721	5.7995E-4	361.412	20.498	181.686
743000000	6.8419	0.1232	0.3013	0.2164	0.2060	0.2764	4.909E-4	12.741	22.196	204.831
744000000	6.3027	0.1704	0.3091	0.2250	0.1971	0.2688	4.8611E-4	7.400	23.280	208.599
745000000	6.2165	0.1172	0.3098	0.2187	0.2019	0.2696	5.5874E-4	7.330	21.572	185.347
746000000	6.7365	0.1349	0.3081	0.2199	0.1994	0.2726	5.7763E-4	2.589	18.416	185.448
747000000	6.6389	0.1369	0.3094	0.2190	0.1990	0.2726	4.9575E-4	911.335	24.274	203.158
748000000	6.0516	0.1891	0.3143	0.2172	0.1994	0.2691	5.1052E-4	6.872	20.716	195.355
749000000	6.9826	0.1430	0.3086	0.2242	0.2023	0.2649	5.1367E-4	9.910	20.969	201.175
750000000	6.3209	0.1027	0.3063	0.2190	0.2016	0.2731	4.9398E-4	1.705	22.593	203.883
751000000	6.4061	0.1375	0.3015	0.2271	0.2050	0.2665	5.483E-4	5.524	20.752	190.754
752000000	7.2185	0.1260	0.2968	0.2232	0.2077	0.2724	5.1571E-4	399.868	22.323	202.731
753000000	6.4782	0.1394	0.3085	0.2222	0.2032	0.2661	5.3954E-4	3.625	20.515	188.914
754000000	6.6126	0.1265	0.3049	0.2199	0.2071	0.2681	5.5387E-4	26.627	21.256	191.721
755000000	7.2298	0.1092	0.3107	0.2200	0.2044	0.2649	5.494E-4	22.252	21.217	191.416
756000000	6.0391	0.1382	0.3057	0.2216	0.1976	0.2751	5.1327E-4	45.040	21.526	198.394
757000000	6.5883	0.1402	0.3141	0.2191	0.1958	0.2710	5.3994E-4	24.219	21.536	191.931
758000000	6.9325	0.1171	0.3068	0.2208	0.2024	0.2700	5.3683E-4	28.408	20.090	193.096
759000000	6.7325	0.1068	0.3111	0.2166	0.2073	0.2650	5.1182E-4	9.170	23.416	202.223
760000000	7.5630	0.1207	0.3099	0.2192	0.2027	0.2683	5.0021E-4	137.213	21.395	196.243
761000000	6.4448	0.1500	0.3120	0.2192	0.1984	0.2704	5.6425E-4	172.171	18.928	181.583
762000000	6.5040	0.1313	0.3094	0.2228	0.1990	0.2688	5.3571E-4	97.493	21.360	197.664
763000000	6.5116	0.1330	0.3137	0.2211	0.1979	0.2672	5.19E-4	2385.913	24.309	205.808
764000000	6.9624	0.1635	0.3017	0.2228	0.2051	0.2704	5.425E-4	44.918	20.675	193.823
765000000	6.8690	0.1346	0.3072	0.2206	0.2076	0.2645	5.2955E-4	6.995	20.971	192.208
766000000	6.6416	9.4037E-2	0.2985	0.2256	0.2009	0.2750	5.5213E-4	36.350	19.968	186.146
767000000	7.6197	0.1863	0.3066	0.2241	0.2006	0.2687	5.8648E-4	145.135	20.018	186.282
768000000	7.1899	0.2005	0.3030	0.2235	0.1981	0.2754	5.7675E-4	46.154	20.153	178.900
769000000	6.3671	0.2065	0.3077	0.2219	0.2030	0.2674	5.4334E-4	112.151	22.342	199.918
770000000	6.9037	0.1336	0.3080	0.2186	0.2001	0.2732	5.6677E-4	34.865	19.548	189.974
771000000	6.4035	0.1581	0.3079	0.2185	0.2019	0.2717	5.5208E-4	33.630	23.580	198.614
772000000	6.4987	0.1268	0.3082	0.2230	0.2037	0.2652	5.1818E-4	416.363	21.880	203.111
773000000	6.6006	0.1117	0.3109	0.2193	0.2008	0.2690	5.5793E-4	230.136	18.880	182.508
774000000	7.0423	0.1222	0.3042	0.2218	0.2007	0.2733	5.6507E-4	211.240	20.582	197.216
775000000	7.5649	0.1844	0.3053	0.2214	0.2028	0.2705	5.6807E-4	85.786	21.303	185.367
776000000	6.5840	0.1313	0.3024	0.2255	0.1963	0.2758	5.1152E-4	25.630	24.686	207.771
777000000	6.3996	0.1824	0.3102	0.2235	0.2058	0.2605	5.434E-4	29.556	20.979	190.459
778000000	6.4985	0.1077	0.3087	0.2206	0.2026	0.2681	5.5075E-4	1070.437	21.726	197.775
779000000	6.4805	0.1821	0.3005	0.2242	0.2042	0.2712	5.1603E-4	12.257	22.567	207.416
780000000	6.6709	0.1496	0.3009	0.2199	0.2011	0.2781	5.1962E-4	521.497	21.862	194.684
781000000	6.6556	0.1072	0.3122	0.2234	0.2033	0.2611	5.7975E-4	4.699	20.974	191.389
782000000	6.6322	0.1508	0.3154	0.2158	0.2036	0.2651	5.1643E-4	117.260	22.654	201.335
783000000	7.3551	0.1503	0.3118	0.2150	0.2015	0.2717	5.1892E-4	17.531	23.519	199.786
784000000	7.0277	0.1321	0.3136	0.2175	0.2045	0.2644	5.3125E-4	26.683	21.720	198.056
785000000	6.9935	8.2902E-2	0.3062	0.2128	0.2082	0.2728	5.0258E-4	10.940	23.539	204.008
786000000	7.0679	0.1236	0.3130	0.2172	0.1945	0.2753	5.1511E-4	11.832	22.299	197.693
787000000	6.9339	0.1287	0.3062	0.2232	0.2004	0.2703	5.0778E-4	16.790	21.936	203.392
788000000	6.8375	0.1298	0.3069	0.2197	0.2002	0.2732	5.4952E-4	135.746	19.571	188.531
789000000	7.2078	0.1110	0.3098	0.2183	0.2044	0.2675	4.783E-4	43.210	22.963	211.543
790000000	6.6152	0.2146	0.3052	0.2216	0.2044	0.2687	5.6702E-4	4.948	20.930	190.781
791000000	6.9423	4.752E-3	0.3046	0.2223	0.2024	0.2706	5.6819E-4	18.069	20.140	195.887
792000000	6.2396	0.1446	0.3051	0.2243	0.1965	0.2741	5.6453E-4	654.024	20.453	189.810
793000000	6.0498	0.1903	0.3135	0.2210	0.1955	0.2700	5.7565E-4	15.644	20.138	183.772
794000000	6.2565	0.1183	0.3042	0.2237	0.2081	0.2640	5.36E-4	40.132	19.398	185.020
795000000	7.6314	6.8159E-2	0.3129	0.2233	0.1972	0.2666	5.5636E-4	14.925	23.349	196.396
796000000	6.2762	0.1166	0.3037	0.2211	0.1970	0.2783	5.073E-4	5.270	23.932	208.863
797000000	6.4990	0.1309	0.3111	0.2230	0.2007	0.2652	5.2212E-4	11.752	21.196	199.421
798000000	6.7039	0.1542	0.3103	0.2197	0.2029	0.2672	5.676E-4	5.119	19.603	189.116
799000000	6.7167	0.1256	0.3077	0.2209	0.1982	0.2732	5.1767E-4	12.983	21.930	198.235
800000000	6.5198	0.1635	0.3104	0.2186	0.1963	0.2747	5.9509E-4	20.797	19.411	188.675
