state	posterior	prior	likelihood	skygrid
1000000	-35947.284	-1303.804	-34643.480	-1299.445
2000000	-36012.423	-1352.816	-34659.607	-1348.766
3000000	-35944.723	-1283.670	-34661.052	-1280.182
4000000	-35970.800	-1323.545	-34647.255	-1318.679
5000000	-35964.327	-1286.107	-34678.220	-1280.200
6000000	-35913.111	-1263.915	-34649.197	-1257.580
7000000	-35931.129	-1259.015	-34672.113	-1252.393
8000000	-35926.046	-1265.853	-34660.193	-1260.268
9000000	-35906.291	-1256.169	-34650.123	-1250.393
10000000	-35889.069	-1249.704	-34639.365	-1244.580
11000000	-35963.641	-1331.792	-34631.849	-1326.845
12000000	-35860.813	-1220.884	-34639.929	-1213.257
13000000	-35943.153	-1305.462	-34637.692	-1300.915
14000000	-35948.137	-1293.414	-34654.723	-1287.686
15000000	-35954.159	-1264.613	-34689.546	-1259.502
16000000	-35967.790	-1317.258	-34650.533	-1312.926
17000000	-35929.889	-1262.997	-34666.892	-1257.981
18000000	-35940.392	-1306.847	-34633.545	-1301.750
19000000	-35949.171	-1306.724	-34642.448	-1300.065
20000000	-35830.175	-1203.256	-34626.919	-1192.344
21000000	-35956.703	-1309.770	-34646.933	-1305.375
22000000	-35910.974	-1289.778	-34621.196	-1283.574
23000000	-35940.632	-1249.457	-34691.175	-1244.407
24000000	-35916.025	-1272.501	-34643.524	-1267.739
25000000	-35933.876	-1316.277	-34617.600	-1309.989
26000000	-35980.247	-1330.815	-34649.432	-1326.065
27000000	-35953.372	-1291.815	-34661.557	-1285.457
28000000	-35920.869	-1251.719	-34669.150	-1246.467
29000000	-35900.192	-1240.523	-34659.669	-1233.612
30000000	-35922.606	-1273.583	-34649.023	-1267.787
31000000	-35949.769	-1308.578	-34641.191	-1303.169
32000000	-35961.595	-1270.396	-34691.199	-1264.681
33000000	-35925.284	-1247.820	-34677.464	-1241.990
34000000	-35867.005	-1236.374	-34630.631	-1230.309
35000000	-35809.755	-1172.045	-34637.710	-1162.629
36000000	-35921.818	-1253.762	-34668.056	-1247.858
37000000	-35876.821	-1212.540	-34664.281	-1203.777
38000000	-35926.593	-1280.678	-34645.916	-1275.075
39000000	-35906.174	-1271.780	-34634.394	-1266.699
40000000	-35969.144	-1303.756	-34665.388	-1297.852
41000000	-35975.897	-1331.083	-34644.814	-1327.185
42000000	-35988.649	-1350.791	-34637.858	-1346.315
43000000	-35845.930	-1181.850	-34664.080	-1172.833
44000000	-35960.716	-1290.183	-34670.533	-1285.109
45000000	-35852.460	-1211.611	-34640.849	-1202.555
46000000	-35908.192	-1244.276	-34663.916	-1238.899
47000000	-35866.934	-1240.333	-34626.601	-1232.457
48000000	-35964.431	-1293.623	-34670.808	-1287.427
49000000	-35979.235	-1319.128	-34660.107	-1313.492
50000000	-35982.421	-1319.352	-34663.069	-1315.637
51000000	-35885.707	-1230.669	-34655.038	-1224.346
52000000	-35964.386	-1309.796	-34654.590	-1305.991
53000000	-35967.702	-1295.510	-34672.192	-1291.310
54000000	-35909.346	-1296.046	-34613.300	-1289.788
55000000	-35954.085	-1293.022	-34661.063	-1289.509
56000000	-35931.391	-1287.238	-34644.154	-1281.338
57000000	-35962.356	-1310.931	-34651.426	-1306.272
58000000	-35994.281	-1335.246	-34659.036	-1331.027
59000000	-35909.359	-1267.830	-34641.530	-1262.247
60000000	-35886.994	-1238.116	-34648.878	-1231.201
61000000	-35957.741	-1295.580	-34662.161	-1291.432
62000000	-35938.119	-1287.749	-34650.370	-1283.080
63000000	-35962.849	-1272.634	-34690.215	-1265.719
64000000	-35933.424	-1273.854	-34659.571	-1268.589
65000000	-35911.116	-1264.329	-34646.787	-1259.281
66000000	-35940.771	-1297.729	-34643.042	-1293.797
67000000	-35923.830	-1271.952	-34651.878	-1267.546
68000000	-35899.188	-1246.488	-34652.700	-1238.494
69000000	-35875.938	-1227.483	-34648.455	-1220.473
70000000	-35889.866	-1251.558	-34638.308	-1245.873
71000000	-35959.688	-1302.462	-34657.226	-1298.089
72000000	-35938.515	-1277.902	-34660.612	-1271.857
73000000	-35947.578	-1301.935	-34645.642	-1296.345
74000000	-35967.916	-1321.994	-34645.922	-1318.915
75000000	-35910.970	-1255.905	-34655.065	-1250.421
76000000	-35977.323	-1318.464	-34658.859	-1314.535
77000000	-35887.604	-1243.527	-34644.076	-1237.161
78000000	-35968.258	-1335.251	-34633.007	-1331.659
79000000	-35915.755	-1254.157	-34661.598	-1248.516
80000000	-35943.136	-1295.423	-34647.713	-1290.098
81000000	-35942.263	-1272.430	-34669.833	-1265.890
82000000	-35952.222	-1272.491	-34679.732	-1267.112
83000000	-35940.854	-1273.918	-34666.936	-1268.549
84000000	-35981.111	-1283.317	-34697.795	-1279.453
85000000	-35923.622	-1252.022	-34671.600	-1246.430
86000000	-35947.670	-1267.276	-34680.394	-1258.996
87000000	-35847.629	-1213.619	-34634.009	-1205.045
88000000	-35959.836	-1303.436	-34656.400	-1298.158
89000000	-35924.836	-1252.314	-34672.522	-1245.525
90000000	-35913.292	-1272.324	-34640.968	-1268.970
91000000	-35863.313	-1264.849	-34598.464	-1255.847
92000000	-35934.179	-1276.524	-34657.655	-1269.855
93000000	-35961.852	-1323.367	-34638.485	-1318.081
94000000	-35935.982	-1312.688	-34623.294	-1307.788
95000000	-35878.404	-1230.179	-34648.225	-1224.551
96000000	-35969.812	-1339.904	-34629.908	-1335.542
97000000	-35925.333	-1258.762	-34666.571	-1253.677
98000000	-35904.772	-1245.619	-34659.153	-1239.359
99000000	-35986.004	-1342.033	-34643.971	-1337.743
100000000	-36022.501	-1360.573	-34661.928	-1355.895
101000000	-35924.770	-1277.088	-34647.682	-1270.473
102000000	-35938.799	-1267.938	-34670.861	-1262.120
103000000	-35932.000	-1297.248	-34634.751	-1291.124
104000000	-35886.110	-1234.818	-34651.292	-1226.938
105000000	-35967.327	-1304.228	-34663.099	-1300.384
106000000	-35891.222	-1248.802	-34642.420	-1243.040
107000000	-35886.489	-1219.271	-34667.217	-1211.772
108000000	-35823.597	-1159.644	-34663.953	-1150.177
109000000	-35896.032	-1272.662	-34623.370	-1267.038
110000000	-35953.540	-1281.399	-34672.141	-1274.877
111000000	-35859.119	-1224.506	-34634.613	-1216.281
112000000	-35942.933	-1293.717	-34649.216	-1289.105
113000000	-35894.296	-1224.275	-34670.020	-1220.171
114000000	-35926.279	-1291.499	-34634.780	-1286.126
115000000	-35945.681	-1308.024	-34637.657	-1301.242
116000000	-35893.597	-1246.080	-34647.517	-1239.858
117000000	-35899.942	-1276.934	-34623.008	-1272.769
118000000	-35920.715	-1252.336	-34668.379	-1244.896
119000000	-35915.939	-1257.589	-34658.350	-1250.905
120000000	-36019.711	-1351.822	-34667.889	-1347.440
121000000	-35885.596	-1267.278	-34618.318	-1261.481
122000000	-35880.538	-1206.483	-34674.055	-1198.263
123000000	-35940.418	-1311.352	-34629.065	-1306.639
124000000	-35853.102	-1192.760	-34660.343	-1181.167
125000000	-35899.923	-1249.166	-34650.757	-1242.855
126000000	-35938.638	-1307.994	-34630.644	-1302.822
127000000	-35952.407	-1317.807	-34634.600	-1313.226
128000000	-35985.083	-1332.718	-34652.365	-1327.593
129000000	-35921.654	-1279.420	-34642.235	-1273.234
130000000	-35901.569	-1265.353	-34636.216	-1259.285
131000000	-35835.172	-1186.234	-34648.938	-1179.610
132000000	-35947.040	-1308.291	-34638.749	-1303.354
133000000	-35966.304	-1318.163	-34648.141	-1312.317
134000000	-35883.919	-1232.570	-34651.349	-1226.162
135000000	-35899.431	-1246.534	-34652.896	-1241.637
136000000	-35967.880	-1294.528	-34673.352	-1290.656
137000000	-35968.266	-1334.200	-34634.066	-1329.764
138000000	-35939.731	-1303.753	-34635.978	-1297.396
139000000	-35852.857	-1220.729	-34632.127	-1214.756
140000000	-35970.233	-1315.840	-34654.393	-1310.971
141000000	-36010.802	-1364.648	-34646.154	-1361.053
142000000	-35942.442	-1313.510	-34628.932	-1308.469
143000000	-35860.145	-1237.606	-34622.539	-1230.419
144000000	-35914.953	-1277.908	-34637.044	-1273.131
145000000	-36000.095	-1359.757	-34640.338	-1354.622
146000000	-35884.362	-1216.060	-34668.302	-1209.064
147000000	-35946.894	-1297.171	-34649.723	-1291.333
148000000	-35923.876	-1292.995	-34630.880	-1285.906
149000000	-35928.536	-1270.422	-34658.113	-1265.245
150000000	-35916.569	-1255.093	-34661.475	-1248.956
151000000	-35935.220	-1285.104	-34650.116	-1280.457
152000000	-35885.055	-1245.775	-34639.280	-1236.777
153000000	-35959.522	-1328.152	-34631.370	-1324.003
154000000	-35978.491	-1307.991	-34670.501	-1303.618
155000000	-35907.026	-1244.226	-34662.800	-1235.604
156000000	-35847.710	-1212.905	-34634.805	-1203.936
157000000	-35945.248	-1291.601	-34653.646	-1286.223
158000000	-35926.468	-1282.272	-34644.195	-1274.412
159000000	-35948.697	-1311.129	-34637.568	-1306.794
160000000	-35927.176	-1280.824	-34646.352	-1275.186
161000000	-35959.384	-1298.505	-34660.878	-1294.134
162000000	-35915.450	-1236.730	-34678.721	-1232.048
163000000	-35915.641	-1257.429	-34658.212	-1250.943
164000000	-35952.116	-1305.061	-34647.055	-1300.185
165000000	-35961.896	-1322.174	-34639.721	-1317.673
166000000	-35924.423	-1270.730	-34653.693	-1265.687
167000000	-35894.618	-1201.419	-34693.199	-1196.571
168000000	-35976.964	-1338.181	-34638.783	-1334.112
169000000	-35998.641	-1333.138	-34665.503	-1328.780
170000000	-35909.125	-1260.237	-34648.888	-1256.781
171000000	-35897.180	-1268.759	-34628.420	-1263.353
172000000	-35969.926	-1304.079	-34665.847	-1298.460
173000000	-35943.043	-1278.333	-34664.711	-1272.690
174000000	-35833.275	-1197.764	-34635.511	-1191.108
175000000	-35941.087	-1303.476	-34637.611	-1298.196
176000000	-35909.528	-1276.135	-34633.393	-1269.889
177000000	-35928.763	-1261.624	-34667.139	-1256.129
178000000	-35948.213	-1300.886	-34647.327	-1295.967
179000000	-35923.937	-1267.370	-34656.567	-1262.764
180000000	-35968.405	-1320.160	-34648.246	-1315.766
181000000	-35967.183	-1329.198	-34637.985	-1324.020
182000000	-35971.711	-1342.855	-34628.856	-1338.234
183000000	-35864.442	-1205.174	-34659.268	-1196.627
184000000	-35926.140	-1255.499	-34670.640	-1248.354
185000000	-35873.601	-1221.335	-34652.266	-1215.374
186000000	-35939.978	-1295.844	-34644.134	-1291.292
187000000	-35849.493	-1181.373	-34668.120	-1172.611
188000000	-35961.927	-1308.211	-34653.716	-1303.004
189000000	-35938.590	-1311.948	-34626.642	-1307.360
190000000	-35983.365	-1311.786	-34671.579	-1307.721
191000000	-35970.119	-1303.900	-34666.219	-1298.154
192000000	-35928.763	-1266.698	-34662.065	-1259.487
193000000	-35951.821	-1297.000	-34654.821	-1291.078
194000000	-35951.339	-1301.177	-34650.163	-1297.306
195000000	-35963.132	-1314.300	-34648.832	-1309.517
196000000	-35905.374	-1262.928	-34642.446	-1257.225
197000000	-35925.145	-1280.358	-34644.787	-1274.950
198000000	-35879.556	-1219.830	-34659.725	-1211.940
199000000	-35912.885	-1254.928	-34657.958	-1248.289
200000000	-35972.902	-1328.617	-34644.285	-1324.150
201000000	-35963.951	-1301.801	-34662.149	-1294.052
202000000	-35868.895	-1222.442	-34646.454	-1216.924
203000000	-35849.799	-1188.298	-34661.501	-1177.447
204000000	-35967.888	-1316.940	-34650.948	-1310.267
205000000	-35934.201	-1263.163	-34671.038	-1257.475
206000000	-35892.554	-1244.748	-34647.806	-1238.776
207000000	-35903.390	-1257.915	-34645.475	-1252.285
208000000	-35904.032	-1236.343	-34667.689	-1229.560
209000000	-35956.723	-1288.506	-34668.216	-1281.606
210000000	-35935.047	-1271.382	-34663.664	-1264.492
211000000	-35944.245	-1265.526	-34678.719	-1259.407
212000000	-35905.162	-1231.365	-34673.797	-1226.037
213000000	-35962.625	-1292.922	-34669.703	-1287.944
214000000	-35886.481	-1234.692	-34651.789	-1230.128
215000000	-35938.557	-1296.260	-34642.297	-1291.512
216000000	-35892.417	-1224.408	-34668.009	-1219.512
217000000	-35982.777	-1340.271	-34642.506	-1334.407
218000000	-35957.921	-1310.986	-34646.935	-1305.866
219000000	-36003.046	-1349.147	-34653.899	-1346.724
220000000	-35943.188	-1287.981	-34655.208	-1282.634
221000000	-35976.885	-1297.149	-34679.736	-1291.224
222000000	-36009.343	-1356.524	-34652.819	-1351.172
223000000	-35985.265	-1307.883	-34677.382	-1301.318
224000000	-35953.166	-1307.867	-34645.299	-1301.536
225000000	-35901.330	-1224.290	-34677.040	-1217.867
226000000	-35961.053	-1324.546	-34636.507	-1319.879
227000000	-35957.035	-1321.024	-34636.011	-1316.156
228000000	-35963.192	-1330.315	-34632.877	-1325.684
229000000	-35892.778	-1257.417	-34635.361	-1252.709
230000000	-35935.863	-1287.264	-34648.599	-1282.642
231000000	-35830.049	-1182.699	-34647.350	-1175.674
232000000	-35896.502	-1243.653	-34652.850	-1238.229
233000000	-35966.142	-1312.985	-34653.157	-1308.933
234000000	-35989.081	-1340.931	-34648.149	-1336.745
235000000	-35942.529	-1298.164	-34644.365	-1291.663
236000000	-35889.145	-1231.881	-34657.264	-1226.880
237000000	-35913.928	-1270.728	-34643.200	-1263.555
238000000	-35919.148	-1266.414	-34652.735	-1260.611
239000000	-35921.299	-1271.710	-34649.588	-1266.943
240000000	-35854.872	-1219.297	-34635.575	-1212.391
241000000	-35965.880	-1325.967	-34639.913	-1319.128
242000000	-35887.819	-1239.920	-34647.899	-1233.187
243000000	-35951.720	-1308.109	-34643.611	-1301.759
244000000	-35944.692	-1279.296	-34665.395	-1274.894
245000000	-35900.949	-1279.321	-34621.629	-1275.002
246000000	-35870.329	-1234.765	-34635.563	-1228.284
247000000	-35921.943	-1254.702	-34667.241	-1247.960
248000000	-35905.355	-1237.378	-34667.977	-1230.686
249000000	-35899.095	-1237.968	-34661.127	-1229.175
250000000	-35957.462	-1326.479	-34630.982	-1320.552
251000000	-35867.723	-1241.249	-34626.475	-1233.787
252000000	-35923.837	-1276.393	-34647.444	-1270.475
253000000	-35999.923	-1360.060	-34639.863	-1355.026
254000000	-35970.364	-1307.784	-34662.579	-1303.846
255000000	-35877.152	-1240.814	-34636.338	-1234.101
256000000	-35957.586	-1294.510	-34663.076	-1290.311
257000000	-35918.158	-1293.705	-34624.454	-1286.414
258000000	-35956.134	-1307.688	-34648.446	-1302.683
259000000	-36035.448	-1359.348	-34676.100	-1355.003
260000000	-35925.599	-1292.012	-34633.587	-1285.629
261000000	-35876.914	-1255.668	-34621.246	-1247.789
262000000	-35960.462	-1265.794	-34694.668	-1260.163
263000000	-35799.735	-1182.718	-34617.016	-1170.834
264000000	-35899.734	-1239.564	-34660.170	-1234.154
265000000	-35981.895	-1313.705	-34668.190	-1308.252
266000000	-36019.131	-1375.871	-34643.260	-1370.078
267000000	-35865.097	-1238.021	-34627.076	-1230.352
268000000	-36037.528	-1376.554	-34660.974	-1371.967
269000000	-35906.274	-1251.212	-34655.062	-1245.462
270000000	-35954.238	-1303.378	-34650.860	-1298.273
271000000	-35967.228	-1323.198	-34644.031	-1318.458
272000000	-35897.400	-1259.441	-34637.959	-1252.307
273000000	-35929.741	-1308.300	-34621.441	-1303.242
274000000	-35925.786	-1273.566	-34652.219	-1268.002
275000000	-35877.129	-1242.213	-34634.915	-1234.503
276000000	-35903.744	-1248.151	-34655.593	-1241.171
277000000	-35959.865	-1323.146	-34636.719	-1318.205
278000000	-35862.963	-1219.875	-34643.088	-1212.710
279000000	-35923.984	-1267.583	-34656.401	-1261.763
280000000	-35981.639	-1311.020	-34670.619	-1306.024
281000000	-35897.927	-1239.791	-34658.137	-1234.611
282000000	-35924.495	-1272.692	-34651.803	-1266.596
283000000	-35940.517	-1287.670	-34652.847	-1282.223
284000000	-35882.204	-1246.591	-34635.613	-1240.657
285000000	-35963.787	-1304.435	-34659.352	-1300.399
286000000	-36022.070	-1370.387	-34651.683	-1366.332
287000000	-35925.323	-1258.413	-34666.910	-1251.002
288000000	-35960.301	-1299.314	-34660.988	-1293.349
289000000	-35879.361	-1236.620	-34642.741	-1230.371
290000000	-35913.989	-1267.329	-34646.660	-1261.175
291000000	-35945.237	-1288.981	-34656.256	-1284.590
292000000	-35835.971	-1209.845	-34626.126	-1200.750
293000000	-35856.076	-1195.203	-34660.873	-1186.062
294000000	-35892.956	-1255.417	-34637.539	-1246.782
295000000	-35942.360	-1308.074	-34634.286	-1303.224
296000000	-35935.510	-1302.873	-34632.637	-1296.465
297000000	-35938.623	-1298.752	-34639.870	-1291.448
298000000	-35953.650	-1283.445	-34670.205	-1277.349
299000000	-35931.552	-1281.236	-34650.316	-1276.311
300000000	-35955.638	-1273.115	-34682.523	-1268.982
301000000	-35967.857	-1300.731	-34667.125	-1296.833
302000000	-35970.293	-1293.138	-34677.155	-1288.956
303000000	-35871.602	-1216.703	-34654.898	-1208.482
304000000	-35929.539	-1269.107	-34660.432	-1264.298
305000000	-35937.124	-1285.863	-34651.261	-1280.341
306000000	-35893.017	-1238.631	-34654.385	-1232.230
307000000	-35949.400	-1299.365	-34650.035	-1293.315
308000000	-35933.129	-1284.726	-34648.404	-1278.672
309000000	-35990.368	-1340.928	-34649.440	-1336.055
310000000	-35916.390	-1259.295	-34657.096	-1253.949
311000000	-35953.016	-1297.973	-34655.043	-1292.850
312000000	-35928.024	-1256.241	-34671.783	-1250.927
313000000	-35874.094	-1212.338	-34661.755	-1205.816
314000000	-35878.045	-1262.913	-34615.132	-1257.236
315000000	-35928.059	-1283.648	-34644.411	-1278.082
316000000	-35919.065	-1247.750	-34671.315	-1239.990
317000000	-35910.986	-1250.315	-34660.671	-1244.447
318000000	-35919.816	-1264.637	-34655.179	-1260.037
319000000	-35915.874	-1267.604	-34648.270	-1262.759
320000000	-35845.527	-1204.829	-34640.698	-1196.181
321000000	-35926.563	-1279.332	-34647.231	-1273.254
322000000	-35935.448	-1284.206	-34651.241	-1279.770
323000000	-35903.093	-1254.274	-34648.818	-1246.984
324000000	-35973.696	-1310.669	-34663.027	-1306.092
325000000	-35898.980	-1246.424	-34652.556	-1239.708
326000000	-35914.069	-1256.944	-34657.125	-1251.525
327000000	-35894.847	-1239.784	-34655.063	-1234.791
328000000	-35933.411	-1285.890	-34647.521	-1279.832
329000000	-35977.555	-1296.370	-34681.185	-1292.842
330000000	-35957.423	-1311.228	-34646.195	-1305.826
331000000	-35951.919	-1268.266	-34683.653	-1263.670
332000000	-35870.859	-1225.505	-34645.354	-1218.070
333000000	-35918.207	-1276.416	-34641.791	-1271.631
334000000	-35991.428	-1323.186	-34668.242	-1317.585
335000000	-35892.471	-1242.086	-34650.385	-1234.110
336000000	-35978.778	-1312.202	-34666.576	-1305.232
337000000	-35914.225	-1262.017	-34652.208	-1256.149
338000000	-35943.278	-1271.379	-34671.899	-1266.964
339000000	-35931.529	-1272.039	-34659.490	-1265.708
340000000	-35971.282	-1322.789	-34648.492	-1318.400
341000000	-35911.491	-1252.654	-34658.837	-1247.668
342000000	-35883.821	-1240.405	-34643.416	-1232.894
343000000	-35926.964	-1274.361	-34652.602	-1269.341
344000000	-35873.751	-1239.640	-34634.111	-1233.617
345000000	-35897.078	-1275.135	-34621.943	-1269.663
346000000	-35912.623	-1252.374	-34660.249	-1244.717
347000000	-35926.426	-1278.604	-34647.822	-1271.517
348000000	-35971.907	-1339.895	-34632.013	-1334.260
349000000	-35931.674	-1279.463	-34652.210	-1273.773
350000000	-35881.635	-1258.862	-34622.773	-1253.778
351000000	-35993.687	-1335.229	-34658.458	-1330.719
352000000	-35898.784	-1234.609	-34664.175	-1226.868
353000000	-35926.103	-1303.792	-34622.311	-1298.840
354000000	-35966.878	-1342.009	-34624.869	-1337.343
355000000	-35949.946	-1295.088	-34654.858	-1290.657
356000000	-35940.439	-1281.299	-34659.140	-1276.968
357000000	-35940.767	-1309.604	-34631.162	-1305.265
358000000	-35904.669	-1239.465	-34665.204	-1232.322
359000000	-35893.010	-1230.847	-34662.163	-1225.229
360000000	-35926.684	-1292.611	-34634.073	-1286.367
361000000	-35847.452	-1184.399	-34663.052	-1174.995
362000000	-35944.411	-1271.175	-34673.236	-1265.197
363000000	-35884.548	-1230.212	-34654.335	-1224.706
364000000	-35977.547	-1339.796	-34637.751	-1335.560
365000000	-35875.162	-1224.851	-34650.311	-1218.986
366000000	-36053.226	-1362.609	-34690.617	-1359.448
367000000	-35962.923	-1298.590	-34664.332	-1293.197
368000000	-35951.945	-1302.905	-34649.039	-1299.194
369000000	-35973.812	-1328.426	-34645.385	-1323.498
370000000	-35963.448	-1330.451	-34632.996	-1325.842
371000000	-35965.745	-1319.765	-34645.980	-1316.033
372000000	-35938.665	-1277.175	-34661.490	-1270.532
373000000	-36008.197	-1348.555	-34659.642	-1343.635
374000000	-35901.532	-1242.141	-34659.391	-1235.849
375000000	-35960.783	-1324.683	-34636.100	-1318.731
376000000	-35941.967	-1281.979	-34659.988	-1277.086
377000000	-35957.383	-1313.691	-34643.691	-1308.868
378000000	-35940.932	-1276.034	-34664.897	-1270.181
379000000	-35916.545	-1263.493	-34653.052	-1258.804
380000000	-35891.368	-1243.153	-34648.215	-1235.504
381000000	-35935.823	-1297.811	-34638.012	-1292.078
382000000	-35919.870	-1278.990	-34640.880	-1274.181
383000000	-35972.195	-1306.776	-34665.419	-1302.898
384000000	-35956.942	-1313.176	-34643.765	-1306.677
385000000	-35933.522	-1289.389	-34644.133	-1282.997
386000000	-35973.600	-1316.166	-34657.434	-1312.198
387000000	-35942.504	-1307.006	-34635.498	-1302.576
388000000	-35980.634	-1312.522	-34668.112	-1308.075
389000000	-35933.496	-1295.305	-34638.191	-1290.046
390000000	-35946.341	-1286.433	-34659.908	-1281.432
391000000	-35894.980	-1280.962	-34614.017	-1275.323
392000000	-35850.564	-1210.026	-34640.538	-1204.012
393000000	-35941.585	-1290.326	-34651.259	-1285.953
394000000	-36008.027	-1342.213	-34665.814	-1339.898
395000000	-36000.738	-1357.464	-34643.274	-1352.395
396000000	-35858.593	-1220.796	-34637.797	-1212.805
397000000	-35937.231	-1295.267	-34641.964	-1289.915
398000000	-35970.671	-1330.254	-34640.417	-1325.860
399000000	-35896.264	-1256.935	-34639.329	-1250.353
400000000	-35893.108	-1240.465	-34652.643	-1235.105
401000000	-35908.651	-1283.397	-34625.254	-1278.564
402000000	-35889.705	-1259.022	-34630.683	-1252.800
403000000	-35948.998	-1310.799	-34638.199	-1305.117
404000000	-35896.666	-1241.992	-34654.674	-1235.388
405000000	-35974.229	-1331.598	-34642.632	-1328.165
406000000	-35971.174	-1337.734	-34633.440	-1333.190
407000000	-35885.581	-1234.924	-34650.658	-1227.578
408000000	-35932.906	-1269.851	-34663.055	-1265.339
409000000	-35977.087	-1328.505	-34648.582	-1323.721
410000000	-35948.281	-1296.327	-34651.953	-1289.739
411000000	-35926.380	-1267.850	-34658.530	-1263.033
412000000	-35833.672	-1165.980	-34667.691	-1160.206
413000000	-35930.705	-1265.676	-34665.029	-1260.092
414000000	-35858.595	-1217.482	-34641.112	-1211.555
415000000	-36010.122	-1350.831	-34659.291	-1345.811
416000000	-35946.352	-1281.703	-34664.649	-1276.542
417000000	-35911.193	-1263.532	-34647.661	-1256.323
418000000	-35934.885	-1308.984	-34625.901	-1304.125
419000000	-35926.377	-1257.046	-34669.332	-1252.407
420000000	-35942.974	-1285.064	-34657.910	-1281.059
421000000	-35889.972	-1260.936	-34629.036	-1253.449
422000000	-35895.695	-1268.676	-34627.019	-1262.463
423000000	-35949.640	-1289.984	-34659.656	-1283.578
424000000	-35950.142	-1328.317	-34621.826	-1322.826
425000000	-35949.269	-1319.491	-34629.779	-1314.221
426000000	-35886.934	-1211.712	-34675.221	-1203.656
427000000	-35896.903	-1256.014	-34640.889	-1250.626
428000000	-35907.243	-1248.395	-34658.847	-1242.570
429000000	-35934.224	-1274.051	-34660.173	-1269.544
430000000	-35882.594	-1239.313	-34643.281	-1228.945
431000000	-35852.664	-1217.412	-34635.252	-1209.496
432000000	-35932.362	-1251.911	-34680.450	-1246.567
433000000	-35976.246	-1329.202	-34647.044	-1322.858
434000000	-35954.712	-1294.120	-34660.592	-1288.232
435000000	-35859.275	-1233.072	-34626.204	-1224.750
436000000	-35897.751	-1227.783	-34669.969	-1221.472
437000000	-35894.670	-1240.819	-34653.851	-1233.577
438000000	-35909.363	-1236.328	-34673.035	-1231.113
439000000	-35933.016	-1294.374	-34638.642	-1290.435
440000000	-35910.796	-1240.642	-34670.154	-1235.261
441000000	-35949.871	-1299.835	-34650.036	-1294.599
442000000	-35977.628	-1305.348	-34672.280	-1300.438
443000000	-35907.994	-1243.864	-34664.130	-1237.530
444000000	-35980.732	-1306.882	-34673.850	-1303.137
445000000	-35951.747	-1329.920	-34621.827	-1324.690
446000000	-35937.451	-1268.470	-34668.981	-1263.191
447000000	-35821.947	-1178.540	-34643.407	-1168.572
448000000	-35971.305	-1328.939	-34642.365	-1323.986
449000000	-35926.899	-1278.964	-34647.935	-1274.024
450000000	-35944.057	-1295.563	-34648.494	-1290.544
451000000	-35912.396	-1276.635	-34635.761	-1267.744
452000000	-35881.941	-1239.371	-34642.571	-1232.334
453000000	-35990.974	-1339.030	-34651.944	-1333.180
454000000	-35933.880	-1269.119	-34664.761	-1262.882
455000000	-35907.098	-1256.944	-34650.153	-1251.666
456000000	-35931.067	-1257.838	-34673.229	-1253.257
457000000	-35899.717	-1263.509	-34636.208	-1257.982
458000000	-35916.442	-1271.799	-34644.643	-1264.880
459000000	-35967.583	-1318.422	-34649.161	-1314.002
460000000	-35890.313	-1237.151	-34653.161	-1231.660
461000000	-35934.237	-1280.862	-34653.375	-1276.321
462000000	-35965.985	-1296.449	-34669.536	-1291.983
463000000	-35987.383	-1326.226	-34661.157	-1322.554
464000000	-35880.868	-1244.909	-34635.959	-1239.654
465000000	-35933.436	-1273.062	-34660.374	-1267.188
466000000	-35992.399	-1334.001	-34658.397	-1329.423
467000000	-35941.626	-1306.901	-34634.726	-1302.724
468000000	-35926.089	-1278.049	-34648.040	-1272.243
469000000	-35921.663	-1285.792	-34635.872	-1281.941
470000000	-35936.335	-1279.465	-34656.869	-1274.965
471000000	-35963.807	-1325.108	-34638.699	-1319.714
472000000	-35986.024	-1334.780	-34651.244	-1331.143
473000000	-35888.102	-1250.129	-34637.973	-1243.242
474000000	-35888.805	-1220.936	-34667.869	-1213.972
475000000	-35918.352	-1265.124	-34653.227	-1256.146
476000000	-35939.087	-1293.838	-34645.249	-1287.602
477000000	-35917.478	-1266.049	-34651.429	-1260.489
478000000	-35879.329	-1228.025	-34651.304	-1219.156
479000000	-35951.624	-1285.898	-34665.727	-1281.625
480000000	-35967.930	-1321.105	-34646.825	-1315.788
481000000	-35964.259	-1272.950	-34691.309	-1268.049
482000000	-35950.365	-1300.346	-34650.019	-1295.904
483000000	-35974.050	-1313.756	-34660.294	-1309.851
484000000	-35956.661	-1320.504	-34636.157	-1315.886
485000000	-35921.639	-1289.062	-34632.576	-1282.175
486000000	-35962.860	-1320.670	-34642.189	-1315.798
487000000	-35978.645	-1339.450	-34639.195	-1334.112
488000000	-35956.866	-1289.795	-34667.071	-1284.511
489000000	-35882.179	-1246.267	-34635.912	-1237.380
490000000	-35972.395	-1328.483	-34643.912	-1323.384
491000000	-35959.216	-1283.765	-34675.452	-1279.740
492000000	-35922.833	-1244.296	-34678.537	-1239.089
493000000	-35919.636	-1266.948	-34652.689	-1260.899
494000000	-35894.451	-1224.572	-34669.880	-1218.068
495000000	-35859.814	-1236.809	-34623.006	-1230.408
496000000	-35850.136	-1232.469	-34617.667	-1224.698
497000000	-35876.109	-1208.548	-34667.560	-1201.535
498000000	-35985.342	-1358.763	-34626.579	-1355.237
499000000	-35972.864	-1313.259	-34659.605	-1308.433
500000000	-35860.845	-1208.371	-34652.473	-1200.431
501000000	-35915.442	-1239.240	-34676.202	-1232.987
502000000	-35920.267	-1284.860	-34635.407	-1281.509
503000000	-35920.456	-1271.788	-34648.668	-1267.104
504000000	-35943.950	-1316.965	-34626.984	-1311.975
505000000	-35929.022	-1291.360	-34637.662	-1285.671
506000000	-35941.682	-1280.976	-34660.707	-1275.412
507000000	-35925.486	-1292.615	-34632.872	-1286.208
508000000	-35921.730	-1287.822	-34633.908	-1280.738
509000000	-35975.542	-1301.202	-34674.340	-1297.043
510000000	-35971.149	-1304.575	-34666.573	-1300.541
511000000	-36003.721	-1337.907	-34665.814	-1331.999
512000000	-35894.630	-1247.681	-34646.949	-1241.174
513000000	-35901.878	-1271.565	-34630.313	-1265.939
514000000	-35969.183	-1309.265	-34659.918	-1304.562
515000000	-35863.529	-1209.948	-34653.582	-1202.442
516000000	-35946.648	-1272.386	-34674.262	-1267.822
517000000	-35944.258	-1296.796	-34647.463	-1292.915
518000000	-35969.732	-1304.669	-34665.063	-1300.204
519000000	-35917.462	-1270.675	-34646.787	-1263.345
520000000	-35940.035	-1315.933	-34624.102	-1311.876
521000000	-35971.934	-1299.871	-34672.063	-1294.275
522000000	-35960.836	-1285.781	-34675.055	-1280.457
523000000	-35933.602	-1273.778	-34659.824	-1269.500
524000000	-35861.868	-1209.399	-34652.470	-1203.531
525000000	-35961.184	-1312.455	-34648.729	-1306.766
526000000	-35945.978	-1305.611	-34640.368	-1301.219
527000000	-35856.263	-1234.692	-34621.571	-1228.133
528000000	-35883.995	-1222.650	-34661.345	-1214.691
529000000	-35985.274	-1331.814	-34653.460	-1327.037
530000000	-35963.298	-1300.767	-34662.530	-1294.730
531000000	-35911.858	-1272.497	-34639.361	-1265.988
532000000	-35951.395	-1304.231	-34647.164	-1297.783
533000000	-35898.564	-1233.737	-34664.827	-1227.249
534000000	-35931.307	-1306.039	-34625.268	-1301.271
535000000	-36000.472	-1310.854	-34689.618	-1305.610
536000000	-35932.900	-1269.817	-34663.084	-1264.741
537000000	-35894.408	-1251.065	-34643.344	-1244.519
538000000	-35869.105	-1232.824	-34636.280	-1223.900
539000000	-35818.944	-1163.180	-34655.765	-1155.349
540000000	-35915.760	-1278.707	-34637.053	-1273.064
541000000	-35957.526	-1289.079	-34668.447	-1284.909
542000000	-35947.401	-1306.656	-34640.745	-1301.625
543000000	-35957.855	-1308.911	-34648.943	-1303.066
544000000	-35956.789	-1311.542	-34645.246	-1307.237
545000000	-35969.538	-1309.855	-34659.683	-1305.636
546000000	-35960.582	-1274.320	-34686.262	-1270.509
547000000	-35947.495	-1283.432	-34664.063	-1279.685
548000000	-35992.884	-1302.832	-34690.051	-1297.318
549000000	-35899.625	-1260.600	-34639.025	-1253.504
550000000	-35972.132	-1311.524	-34660.609	-1306.300
551000000	-35977.744	-1309.293	-34668.451	-1304.255
552000000	-35919.527	-1268.395	-34651.133	-1263.479
553000000	-35949.136	-1294.067	-34655.070	-1289.373
554000000	-35913.767	-1272.954	-34640.813	-1266.496
555000000	-35952.747	-1275.683	-34677.064	-1272.394
556000000	-35852.786	-1198.609	-34654.177	-1192.198
557000000	-35905.747	-1271.781	-34633.966	-1266.943
558000000	-35904.351	-1234.174	-34670.177	-1227.703
559000000	-35910.932	-1265.576	-34645.355	-1259.268
560000000	-35924.274	-1280.443	-34643.831	-1273.394
561000000	-35983.110	-1345.132	-34637.978	-1339.983
562000000	-35923.982	-1281.229	-34642.753	-1275.383
563000000	-35903.435	-1248.728	-34654.707	-1242.590
564000000	-35916.027	-1278.607	-34637.421	-1273.076
565000000	-35938.718	-1297.244	-34641.474	-1291.559
566000000	-35957.089	-1299.864	-34657.225	-1294.999
567000000	-35912.007	-1266.328	-34645.679	-1258.950
568000000	-35932.222	-1303.165	-34629.057	-1295.243
569000000	-35886.597	-1241.811	-34644.786	-1233.709
570000000	-35933.113	-1290.212	-34642.901	-1284.097
571000000	-35928.602	-1280.426	-34648.175	-1275.180
572000000	-35932.434	-1276.499	-34655.935	-1272.523
573000000	-35970.533	-1310.451	-34660.081	-1304.514
574000000	-35942.182	-1306.482	-34635.700	-1299.835
575000000	-35897.611	-1248.022	-34649.589	-1242.725
576000000	-35868.857	-1225.672	-34643.185	-1219.776
577000000	-35879.426	-1218.541	-34660.885	-1211.758
578000000	-35921.503	-1256.702	-34664.801	-1250.448
579000000	-35922.226	-1259.909	-34662.318	-1253.020
580000000	-35932.211	-1254.809	-34677.402	-1248.782
581000000	-35863.308	-1210.083	-34653.225	-1204.550
582000000	-35890.565	-1226.620	-34663.946	-1218.427
583000000	-35957.047	-1287.910	-34669.137	-1282.138
584000000	-35946.231	-1284.918	-34661.313	-1278.889
585000000	-35940.196	-1279.586	-34660.610	-1275.288
586000000	-35983.348	-1329.709	-34653.639	-1322.555
587000000	-35958.167	-1321.997	-34636.170	-1317.797
588000000	-35930.513	-1266.267	-34664.246	-1259.670
589000000	-35921.616	-1270.545	-34651.070	-1264.233
590000000	-35876.493	-1225.554	-34650.939	-1218.974
591000000	-35995.274	-1353.550	-34641.724	-1349.504
592000000	-35932.755	-1309.019	-34623.736	-1304.819
593000000	-35899.141	-1261.109	-34638.032	-1254.711
594000000	-35915.224	-1277.646	-34637.578	-1272.771
595000000	-35929.504	-1270.224	-34659.279	-1265.574
596000000	-35831.848	-1179.213	-34652.634	-1171.991
597000000	-35916.169	-1258.937	-34657.233	-1253.609
598000000	-35972.021	-1317.269	-34654.752	-1312.539
599000000	-35919.756	-1255.798	-34663.958	-1248.972
600000000	-35952.056	-1286.369	-34665.687	-1281.040
601000000	-35932.271	-1282.535	-34649.735	-1277.309
602000000	-35961.534	-1300.461	-34661.073	-1294.835
603000000	-35954.408	-1296.321	-34658.087	-1290.779
604000000	-35953.669	-1304.239	-34649.430	-1298.253
605000000	-35922.541	-1278.282	-34644.259	-1273.171
606000000	-35964.935	-1331.215	-34633.720	-1325.728
607000000	-35980.824	-1322.342	-34658.482	-1318.359
608000000	-35901.293	-1261.328	-34639.965	-1255.098
609000000	-35935.819	-1299.494	-34636.325	-1293.888
610000000	-35918.800	-1279.592	-34639.208	-1271.792
611000000	-35969.661	-1349.363	-34620.298	-1344.551
612000000	-35891.696	-1210.172	-34681.524	-1202.973
613000000	-35897.353	-1220.451	-34676.902	-1215.378
614000000	-35959.226	-1326.765	-34632.461	-1322.664
615000000	-35801.706	-1174.323	-34627.383	-1162.389
616000000	-35837.077	-1190.524	-34646.553	-1183.960
617000000	-35878.224	-1206.833	-34671.392	-1197.336
618000000	-35937.880	-1290.892	-34646.988	-1284.796
619000000	-35913.183	-1278.678	-34634.505	-1270.985
620000000	-35917.872	-1256.895	-34660.978	-1250.717
621000000	-35889.138	-1228.477	-34660.661	-1221.979
622000000	-35854.213	-1196.670	-34657.543	-1190.044
623000000	-35898.391	-1231.222	-34667.169	-1225.021
624000000	-35938.027	-1260.159	-34677.868	-1254.193
625000000	-35923.153	-1298.186	-34624.966	-1291.721
626000000	-35888.132	-1256.750	-34631.382	-1250.409
627000000	-35908.535	-1283.446	-34625.089	-1275.967
628000000	-35902.161	-1264.596	-34637.566	-1258.099
629000000	-35937.897	-1313.656	-34624.241	-1308.784
630000000	-35945.343	-1295.160	-34650.183	-1290.446
631000000	-35969.163	-1311.387	-34657.777	-1307.069
632000000	-35965.069	-1307.028	-34658.042	-1300.531
633000000	-36007.578	-1360.106	-34647.473	-1354.848
634000000	-35932.290	-1264.214	-34668.076	-1260.282
635000000	-35972.865	-1317.368	-34655.497	-1311.822
636000000	-35942.460	-1279.780	-34662.680	-1274.269
637000000	-35896.695	-1242.124	-34654.571	-1234.971
638000000	-35983.181	-1309.871	-34673.310	-1305.705
639000000	-35913.231	-1260.653	-34652.578	-1255.175
640000000	-35886.677	-1224.272	-34662.405	-1216.987
641000000	-35896.922	-1242.244	-34654.678	-1238.103
642000000	-35956.960	-1297.905	-34659.054	-1294.187
643000000	-35915.400	-1287.525	-34627.875	-1279.628
644000000	-35902.516	-1261.288	-34641.228	-1256.588
645000000	-35944.032	-1287.623	-34656.410	-1282.536
646000000	-35905.231	-1272.977	-34632.254	-1266.841
647000000	-35970.016	-1290.168	-34679.849	-1285.154
648000000	-35986.593	-1337.965	-34648.628	-1332.870
649000000	-35948.763	-1285.998	-34662.765	-1279.173
650000000	-35951.969	-1304.684	-34647.286	-1300.548
651000000	-35869.384	-1223.624	-34645.760	-1215.864
652000000	-35942.749	-1240.874	-34701.874	-1236.054
653000000	-35844.653	-1214.114	-34630.539	-1206.023
654000000	-35988.828	-1321.280	-34667.549	-1315.462
655000000	-35938.251	-1294.143	-34644.108	-1288.876
656000000	-35851.357	-1206.377	-34644.980	-1198.739
657000000	-35949.453	-1286.478	-34662.975	-1282.004
658000000	-35851.511	-1216.787	-34634.724	-1210.479
659000000	-35871.896	-1227.052	-34644.845	-1220.135
660000000	-35932.578	-1299.309	-34633.269	-1294.427
661000000	-35887.139	-1240.917	-34646.222	-1235.521
662000000	-35921.995	-1274.603	-34647.393	-1269.310
663000000	-35851.846	-1205.324	-34646.522	-1197.849
664000000	-35882.753	-1231.825	-34650.928	-1224.157
665000000	-35932.381	-1284.977	-34647.403	-1277.790
666000000	-35847.090	-1186.499	-34660.591	-1175.843
667000000	-35954.087	-1283.899	-34670.187	-1277.953
668000000	-36054.773	-1405.584	-34649.188	-1401.781
669000000	-35997.467	-1346.713	-34650.755	-1341.545
670000000	-35907.939	-1262.009	-34645.931	-1254.698
671000000	-35934.901	-1291.306	-34643.596	-1284.617
672000000	-35890.292	-1221.581	-34668.711	-1215.791
673000000	-35942.339	-1304.332	-34638.007	-1297.943
674000000	-35948.051	-1310.018	-34638.032	-1305.241
675000000	-35943.350	-1270.866	-34672.484	-1264.904
676000000	-35908.459	-1265.900	-34642.560	-1259.330
677000000	-35901.767	-1244.158	-34657.609	-1240.155
678000000	-35886.724	-1254.909	-34631.815	-1247.210
679000000	-35879.978	-1229.059	-34650.919	-1223.044
680000000	-35945.276	-1292.402	-34652.875	-1288.465
681000000	-35984.397	-1340.717	-34643.679	-1334.014
682000000	-35933.643	-1285.470	-34648.174	-1279.227
683000000	-35938.150	-1302.757	-34635.393	-1296.780
684000000	-35842.302	-1185.239	-34657.064	-1177.908
685000000	-35924.514	-1231.594	-34692.920	-1226.493
686000000	-35864.845	-1227.404	-34637.440	-1220.649
687000000	-35921.123	-1268.556	-34652.567	-1263.485
688000000	-36027.797	-1346.753	-34681.044	-1343.876
689000000	-35986.964	-1327.287	-34659.676	-1321.306
690000000	-35927.502	-1269.348	-34658.154	-1261.853
691000000	-35935.244	-1277.201	-34658.043	-1271.558
692000000	-35943.115	-1316.451	-34626.664	-1309.477
693000000	-35907.038	-1246.875	-34660.163	-1240.866
694000000	-35937.394	-1278.071	-34659.323	-1272.237
695000000	-35847.820	-1174.132	-34673.689	-1165.900
696000000	-35919.115	-1294.385	-34624.730	-1288.656
697000000	-35944.573	-1277.188	-34667.385	-1272.246
698000000	-35909.413	-1259.207	-34650.206	-1252.129
699000000	-35987.280	-1332.148	-34655.132	-1328.958
700000000	-36016.785	-1361.035	-34655.750	-1357.638
701000000	-35973.738	-1312.795	-34660.943	-1308.061
702000000	-35940.468	-1266.748	-34673.719	-1261.584
703000000	-35863.328	-1209.280	-34654.048	-1201.396
704000000	-35922.824	-1258.985	-34663.839	-1253.113
705000000	-35904.629	-1266.690	-34637.939	-1261.048
706000000	-35925.952	-1262.973	-34662.979	-1256.455
707000000	-35955.218	-1308.897	-34646.321	-1304.402
708000000	-35953.534	-1287.115	-34666.419	-1282.697
709000000	-35977.225	-1339.353	-34637.872	-1333.951
710000000	-35918.797	-1262.827	-34655.970	-1257.371
711000000	-35946.490	-1291.218	-34655.272	-1284.511
712000000	-35912.791	-1251.970	-34660.821	-1245.434
713000000	-35871.996	-1201.541	-34670.455	-1193.999
714000000	-35983.043	-1323.694	-34659.349	-1320.917
715000000	-35884.507	-1242.056	-34642.451	-1233.794
716000000	-35925.269	-1257.229	-34668.040	-1253.778
717000000	-35937.332	-1266.859	-34670.473	-1261.598
718000000	-35956.564	-1298.808	-34657.756	-1293.903
719000000	-35937.442	-1288.478	-34648.965	-1283.367
720000000	-35936.251	-1287.875	-34648.376	-1282.697
721000000	-35936.551	-1283.620	-34652.930	-1280.221
722000000	-35910.419	-1258.037	-34652.383	-1250.286
723000000	-35837.219	-1172.790	-34664.428	-1165.659
724000000	-35927.876	-1303.361	-34624.515	-1297.770
725000000	-35887.611	-1244.817	-34642.794	-1239.589
726000000	-35983.150	-1299.967	-34683.183	-1294.347
727000000	-35939.444	-1292.310	-34647.134	-1287.504
728000000	-35929.897	-1272.081	-34657.815	-1268.128
729000000	-35972.471	-1326.290	-34646.181	-1321.718
730000000	-35967.352	-1292.164	-34675.188	-1287.778
731000000	-35924.835	-1292.958	-34631.877	-1288.286
732000000	-35868.873	-1214.909	-34653.964	-1205.627
733000000	-35893.370	-1245.221	-34648.149	-1239.691
734000000	-35973.382	-1312.102	-34661.280	-1308.630
735000000	-35991.839	-1318.488	-34673.350	-1314.302
736000000	-35955.894	-1299.827	-34656.068	-1294.390
737000000	-35965.122	-1288.474	-34676.648	-1283.244
738000000	-35879.839	-1247.710	-34632.129	-1241.035
739000000	-35951.110	-1317.196	-34633.914	-1312.331
740000000	-35948.787	-1306.593	-34642.194	-1302.383
741000000	-35979.298	-1314.526	-34664.772	-1309.877
742000000	-35981.038	-1320.033	-34661.005	-1315.979
743000000	-35935.099	-1290.634	-34644.465	-1284.830
744000000	-35968.869	-1316.522	-34652.347	-1313.788
745000000	-35880.209	-1242.086	-34638.123	-1234.708
746000000	-35960.981	-1291.875	-34669.107	-1287.287
747000000	-35891.257	-1240.475	-34650.783	-1233.103
748000000	-35972.306	-1314.262	-34658.044	-1310.073
749000000	-35906.813	-1244.393	-34662.420	-1239.194
750000000	-35959.805	-1324.724	-34635.081	-1318.998
751000000	-35970.840	-1307.985	-34662.855	-1303.295
752000000	-35901.313	-1271.107	-34630.206	-1266.311
753000000	-35860.804	-1231.356	-34629.448	-1221.491
754000000	-35954.513	-1277.064	-34677.448	-1271.815
755000000	-35845.484	-1220.358	-34625.126	-1214.940
756000000	-35908.345	-1273.038	-34635.307	-1267.826
757000000	-35855.542	-1217.910	-34637.632	-1211.166
758000000	-35939.966	-1278.764	-34661.201	-1273.207
759000000	-35935.556	-1279.304	-34656.252	-1274.506
760000000	-35958.505	-1302.176	-34656.329	-1295.727
761000000	-35910.382	-1257.226	-34653.156	-1250.357
762000000	-35945.389	-1292.285	-34653.104	-1287.469
763000000	-35916.264	-1275.958	-34640.306	-1270.399
764000000	-35914.429	-1272.240	-34642.189	-1264.858
765000000	-35935.379	-1276.600	-34658.778	-1269.990
766000000	-35935.918	-1293.578	-34642.340	-1288.698
767000000	-35945.879	-1277.973	-34667.906	-1273.272
768000000	-35866.751	-1241.204	-34625.547	-1234.558
769000000	-35924.560	-1259.288	-34665.271	-1254.523
770000000	-35866.377	-1236.309	-34630.068	-1229.701
771000000	-35923.662	-1267.922	-34655.741	-1263.563
772000000	-35939.966	-1287.429	-34652.537	-1283.266
773000000	-35851.542	-1213.618	-34637.925	-1204.012
774000000	-35878.851	-1251.670	-34627.182	-1245.229
775000000	-35923.846	-1276.707	-34647.139	-1271.711
776000000	-35979.160	-1342.239	-34636.921	-1337.574
777000000	-35936.442	-1276.511	-34659.930	-1270.690
778000000	-35936.314	-1303.506	-34632.808	-1297.933
779000000	-35965.387	-1302.184	-34663.203	-1297.916
780000000	-35959.029	-1297.185	-34661.843	-1291.001
781000000	-35927.627	-1289.378	-34638.249	-1282.632
782000000	-35872.675	-1251.911	-34620.764	-1244.769
783000000	-35873.150	-1255.088	-34618.062	-1249.818
784000000	-36002.426	-1338.739	-34663.687	-1334.551
785000000	-35877.345	-1246.721	-34630.624	-1240.260
786000000	-35975.748	-1284.936	-34690.812	-1279.669
787000000	-35904.820	-1246.412	-34658.408	-1239.478
788000000	-35895.096	-1232.121	-34662.975	-1226.837
789000000	-35902.379	-1244.481	-34657.897	-1237.178
790000000	-35885.790	-1217.669	-34668.120	-1210.578
791000000	-35868.949	-1204.029	-34664.920	-1196.561
792000000	-35964.031	-1298.121	-34665.910	-1293.749
793000000	-35933.243	-1252.396	-34680.847	-1246.079
794000000	-35821.825	-1163.031	-34658.793	-1151.157
795000000	-35871.081	-1242.233	-34628.848	-1237.997
796000000	-35904.938	-1280.779	-34624.159	-1274.743
797000000	-35940.632	-1298.040	-34642.592	-1294.451
798000000	-35914.280	-1273.070	-34641.210	-1267.755
799000000	-35928.489	-1250.839	-34677.649	-1244.208
800000000	-35862.235	-1217.971	-34644.264	-1210.265
