state	posterior	prior	likelihood	skygrid
1000000	-35987.093	-1327.229	-34659.864	-1323.018
2000000	-35945.023	-1283.477	-34661.546	-1278.356
3000000	-35910.925	-1240.179	-34670.746	-1234.762
4000000	-35840.403	-1196.168	-34644.235	-1189.732
5000000	-35941.456	-1269.762	-34671.694	-1263.250
6000000	-35897.950	-1244.268	-34653.682	-1237.653
7000000	-35948.566	-1301.555	-34647.010	-1296.487
8000000	-35896.717	-1246.131	-34650.586	-1239.364
9000000	-35899.589	-1248.471	-34651.118	-1240.675
10000000	-35866.308	-1212.973	-34653.335	-1206.215
11000000	-35923.132	-1270.107	-34653.025	-1263.929
12000000	-35950.575	-1313.850	-34636.725	-1307.396
13000000	-35920.686	-1271.692	-34648.994	-1266.812
14000000	-35980.874	-1320.035	-34660.839	-1315.312
15000000	-35909.505	-1277.493	-34632.011	-1268.968
16000000	-35895.579	-1257.218	-34638.361	-1251.285
17000000	-35895.038	-1242.422	-34652.615	-1235.202
18000000	-35907.842	-1262.721	-34645.121	-1256.599
19000000	-35939.023	-1278.735	-34660.289	-1273.046
20000000	-35975.987	-1314.888	-34661.100	-1309.487
21000000	-35856.492	-1199.675	-34656.816	-1192.476
22000000	-35929.873	-1287.029	-34642.844	-1283.324
23000000	-35991.593	-1311.648	-34679.945	-1306.249
24000000	-35916.775	-1292.598	-34624.177	-1286.880
25000000	-35864.627	-1214.988	-34649.639	-1208.472
26000000	-35943.126	-1298.885	-34644.241	-1294.020
27000000	-35946.637	-1290.807	-34655.829	-1285.383
28000000	-35890.944	-1244.784	-34646.160	-1236.511
29000000	-35930.765	-1267.022	-34663.744	-1260.913
30000000	-35984.441	-1312.620	-34671.821	-1308.989
31000000	-35873.060	-1234.710	-34638.350	-1228.913
32000000	-35931.444	-1254.907	-34676.537	-1247.990
33000000	-35992.642	-1340.289	-34652.353	-1335.474
34000000	-35937.080	-1291.039	-34646.041	-1286.086
35000000	-35980.163	-1314.030	-34666.134	-1309.511
36000000	-35896.337	-1248.325	-34648.012	-1242.464
37000000	-35923.380	-1262.424	-34660.956	-1255.905
38000000	-35838.697	-1199.519	-34639.179	-1188.004
39000000	-35887.283	-1221.761	-34665.523	-1215.159
40000000	-35914.380	-1269.946	-34644.433	-1266.204
41000000	-35920.635	-1264.856	-34655.779	-1257.912
42000000	-35973.525	-1331.242	-34642.283	-1326.983
43000000	-35921.456	-1263.949	-34657.508	-1257.342
44000000	-35919.275	-1270.468	-34648.807	-1263.950
45000000	-35940.155	-1276.704	-34663.451	-1271.668
46000000	-35840.329	-1182.458	-34657.870	-1175.602
47000000	-35907.202	-1266.899	-34640.302	-1260.631
48000000	-36022.725	-1406.616	-34616.109	-1402.305
49000000	-35915.155	-1270.062	-34645.093	-1263.305
50000000	-35926.879	-1287.120	-34639.758	-1281.954
51000000	-35943.527	-1292.298	-34651.229	-1287.206
52000000	-35846.137	-1196.461	-34649.676	-1190.306
53000000	-35898.966	-1255.818	-34643.148	-1248.626
54000000	-36019.667	-1353.883	-34665.784	-1349.586
55000000	-35994.328	-1337.133	-34657.196	-1331.461
56000000	-35966.736	-1315.599	-34651.137	-1311.843
57000000	-35840.713	-1221.086	-34619.626	-1212.995
58000000	-35903.858	-1228.138	-34675.720	-1220.766
59000000	-35922.954	-1261.927	-34661.027	-1257.907
60000000	-35838.156	-1221.071	-34617.086	-1214.244
61000000	-35881.038	-1238.638	-34642.400	-1232.254
62000000	-35972.023	-1336.881	-34635.141	-1333.649
63000000	-35941.122	-1296.015	-34645.107	-1290.910
64000000	-36015.435	-1352.243	-34663.192	-1348.433
65000000	-35869.534	-1192.498	-34677.036	-1184.322
66000000	-35894.117	-1253.090	-34641.027	-1246.063
67000000	-35963.904	-1302.063	-34661.841	-1296.389
68000000	-35950.745	-1330.606	-34620.138	-1325.235
69000000	-35858.440	-1206.744	-34651.697	-1199.956
70000000	-35937.944	-1277.988	-34659.956	-1271.320
71000000	-35924.631	-1274.201	-34650.430	-1268.680
72000000	-35939.595	-1296.085	-34643.510	-1290.270
73000000	-35934.087	-1262.022	-34672.065	-1256.478
74000000	-35988.231	-1342.988	-34645.243	-1338.467
75000000	-35922.977	-1246.739	-34676.238	-1240.613
76000000	-35901.456	-1254.734	-34646.723	-1249.337
77000000	-35956.899	-1317.790	-34639.108	-1313.511
78000000	-35843.394	-1200.854	-34642.540	-1192.266
79000000	-35893.408	-1258.477	-34634.931	-1251.911
80000000	-35889.574	-1249.480	-34640.095	-1242.555
81000000	-35886.590	-1228.753	-34657.837	-1221.534
82000000	-35914.832	-1267.112	-34647.720	-1262.943
83000000	-35883.617	-1206.106	-34677.511	-1197.639
84000000	-35920.607	-1265.922	-34654.685	-1258.912
85000000	-35972.976	-1324.530	-34648.446	-1321.244
86000000	-35880.821	-1213.542	-34667.279	-1205.961
87000000	-35987.261	-1327.327	-34659.934	-1322.145
88000000	-36013.352	-1331.060	-34682.292	-1325.564
89000000	-35963.518	-1311.909	-34651.609	-1307.749
90000000	-35947.012	-1294.842	-34652.169	-1287.278
91000000	-35907.091	-1257.212	-34649.879	-1251.706
92000000	-36014.855	-1341.480	-34673.375	-1337.746
93000000	-35954.996	-1305.002	-34649.994	-1299.788
94000000	-35947.310	-1312.467	-34634.843	-1308.016
95000000	-35886.813	-1243.344	-34643.469	-1236.580
96000000	-35917.984	-1253.857	-34664.127	-1248.069
97000000	-35949.345	-1296.515	-34652.830	-1292.335
98000000	-35903.160	-1237.725	-34665.435	-1231.004
99000000	-35946.395	-1271.224	-34675.171	-1266.190
100000000	-35956.505	-1308.450	-34648.055	-1303.535
101000000	-35922.110	-1269.847	-34652.263	-1263.959
102000000	-35934.300	-1252.438	-34681.862	-1245.146
103000000	-35939.858	-1269.413	-34670.444	-1263.862
104000000	-35960.283	-1294.699	-34665.583	-1287.822
105000000	-35933.316	-1279.356	-34653.959	-1275.709
106000000	-35957.698	-1306.203	-34651.495	-1301.764
107000000	-35899.196	-1233.346	-34665.850	-1226.534
108000000	-35992.464	-1353.445	-34639.019	-1348.786
109000000	-35965.820	-1312.802	-34653.018	-1308.741
110000000	-35954.518	-1305.302	-34649.216	-1300.605
111000000	-35922.034	-1298.796	-34623.238	-1292.244
112000000	-35879.247	-1233.749	-34645.498	-1227.823
113000000	-35956.080	-1299.506	-34656.575	-1296.300
114000000	-35950.384	-1303.395	-34646.988	-1298.292
115000000	-35874.735	-1238.947	-34635.788	-1233.366
116000000	-35930.534	-1260.340	-34670.194	-1255.827
117000000	-35848.871	-1216.086	-34632.784	-1208.430
118000000	-35909.546	-1271.960	-34637.586	-1264.905
119000000	-35906.343	-1268.120	-34638.223	-1262.212
120000000	-35928.560	-1279.371	-34649.189	-1273.846
121000000	-35926.898	-1252.965	-34673.934	-1248.081
122000000	-35868.135	-1225.991	-34642.144	-1219.839
123000000	-35943.692	-1281.808	-34661.885	-1275.961
124000000	-36026.080	-1349.057	-34677.023	-1345.581
125000000	-35963.654	-1343.183	-34620.471	-1338.452
126000000	-35942.116	-1264.577	-34677.539	-1258.502
127000000	-35946.322	-1283.444	-34662.878	-1276.293
128000000	-35904.815	-1269.422	-34635.393	-1263.007
129000000	-35971.480	-1294.501	-34676.979	-1289.630
130000000	-35853.908	-1210.796	-34643.112	-1204.344
131000000	-35930.323	-1276.148	-34654.175	-1270.466
132000000	-35969.939	-1308.627	-34661.312	-1303.259
133000000	-35884.954	-1227.232	-34657.722	-1220.084
134000000	-35974.411	-1336.023	-34638.388	-1330.998
135000000	-35830.511	-1158.792	-34671.720	-1147.772
136000000	-35883.958	-1230.665	-34653.293	-1225.229
137000000	-35941.596	-1300.704	-34640.892	-1294.740
138000000	-35856.964	-1203.740	-34653.225	-1195.417
139000000	-35939.090	-1286.746	-34652.344	-1281.179
140000000	-35919.507	-1249.789	-34669.719	-1243.537
141000000	-35940.815	-1288.330	-34652.485	-1282.102
142000000	-35837.866	-1170.294	-34667.572	-1162.443
143000000	-35885.355	-1238.776	-34646.579	-1232.816
144000000	-35894.962	-1250.749	-34644.212	-1241.493
145000000	-35919.357	-1275.407	-34643.949	-1269.840
146000000	-35940.245	-1282.006	-34658.239	-1277.996
147000000	-35956.793	-1293.767	-34663.027	-1288.792
148000000	-35944.882	-1284.259	-34660.623	-1279.150
149000000	-35913.427	-1259.886	-34653.541	-1255.488
150000000	-35899.213	-1267.020	-34632.194	-1261.494
151000000	-35941.491	-1287.644	-34653.847	-1282.211
152000000	-35998.804	-1371.357	-34627.447	-1367.849
153000000	-36001.775	-1363.734	-34638.040	-1358.427
154000000	-35834.445	-1171.336	-34663.109	-1161.916
155000000	-35963.146	-1319.939	-34643.207	-1315.751
156000000	-35909.485	-1262.216	-34647.268	-1255.939
157000000	-35909.730	-1269.994	-34639.735	-1264.461
158000000	-35921.827	-1267.561	-34654.265	-1261.921
159000000	-35962.805	-1291.261	-34671.545	-1286.840
160000000	-35907.250	-1251.510	-34655.739	-1246.099
161000000	-35936.691	-1292.494	-34644.197	-1285.632
162000000	-35947.404	-1321.257	-34626.147	-1316.423
163000000	-35956.178	-1282.332	-34673.845	-1277.273
164000000	-35965.250	-1307.591	-34657.659	-1302.786
165000000	-35896.883	-1249.084	-34647.799	-1241.114
166000000	-35930.220	-1268.888	-34661.332	-1263.844
167000000	-35911.533	-1259.497	-34652.036	-1254.120
168000000	-35899.048	-1246.084	-34652.964	-1240.178
169000000	-35940.435	-1285.461	-34654.974	-1280.151
170000000	-35911.034	-1253.586	-34657.447	-1246.739
171000000	-35973.284	-1298.145	-34675.139	-1293.815
172000000	-35970.187	-1330.546	-34639.640	-1326.554
173000000	-35936.014	-1302.815	-34633.199	-1298.068
174000000	-35890.299	-1242.788	-34647.511	-1237.035
175000000	-35864.574	-1206.053	-34658.520	-1200.324
176000000	-35925.943	-1254.875	-34671.068	-1249.046
177000000	-35924.634	-1303.574	-34621.060	-1298.368
178000000	-35932.594	-1291.907	-34640.687	-1287.406
179000000	-35797.765	-1155.432	-34642.333	-1143.479
180000000	-35942.255	-1259.212	-34683.043	-1254.782
181000000	-35911.868	-1243.594	-34668.275	-1238.060
182000000	-35959.753	-1304.855	-34654.897	-1300.639
183000000	-35938.799	-1291.849	-34646.950	-1285.999
184000000	-35951.468	-1301.721	-34649.746	-1295.486
185000000	-35962.427	-1319.148	-34643.279	-1314.749
186000000	-35888.521	-1237.853	-34650.668	-1230.856
187000000	-35929.738	-1292.608	-34637.129	-1288.002
188000000	-35913.080	-1244.369	-34668.711	-1238.511
189000000	-36007.224	-1373.590	-34633.633	-1369.159
190000000	-35859.268	-1213.965	-34645.304	-1204.407
191000000	-35900.100	-1259.457	-34640.644	-1254.201
192000000	-35959.183	-1300.191	-34658.992	-1296.312
193000000	-35878.746	-1225.500	-34653.246	-1218.119
194000000	-35880.269	-1249.960	-34630.309	-1244.097
195000000	-35971.889	-1323.526	-34648.363	-1318.151
196000000	-36007.121	-1367.606	-34639.515	-1363.451
197000000	-35912.748	-1264.118	-34648.630	-1259.310
198000000	-35929.004	-1296.502	-34632.503	-1290.027
199000000	-35980.424	-1321.986	-34658.438	-1317.199
200000000	-35860.953	-1215.894	-34645.059	-1209.025
