state	posterior	prior	likelihood	skygrid
1000000	-35932.209	-1263.445	-34668.764	-1257.794
2000000	-35858.779	-1215.585	-34643.194	-1207.747
3000000	-35973.338	-1309.575	-34663.762	-1304.528
4000000	-35927.407	-1282.394	-34645.014	-1278.251
5000000	-35946.782	-1304.316	-34642.466	-1299.622
6000000	-35898.208	-1220.112	-34678.096	-1214.913
7000000	-35947.941	-1298.626	-34649.315	-1293.888
8000000	-35968.534	-1324.632	-34643.902	-1320.167
9000000	-35941.883	-1257.482	-34684.400	-1252.678
10000000	-35961.743	-1312.147	-34649.596	-1307.036
11000000	-35937.219	-1285.384	-34651.834	-1278.980
12000000	-35851.002	-1196.973	-34654.028	-1186.122
13000000	-35906.847	-1249.444	-34657.403	-1244.335
14000000	-35885.924	-1241.022	-34644.902	-1234.116
15000000	-35834.706	-1221.929	-34612.776	-1213.519
16000000	-35975.226	-1316.894	-34658.332	-1312.954
17000000	-35889.351	-1244.961	-34644.390	-1236.749
18000000	-35931.249	-1274.384	-34656.865	-1267.507
19000000	-36022.685	-1370.130	-34652.555	-1366.059
20000000	-35963.273	-1301.026	-34662.247	-1296.022
21000000	-35895.903	-1269.629	-34626.274	-1263.423
22000000	-35919.695	-1275.065	-34644.630	-1270.325
23000000	-35858.858	-1191.620	-34667.238	-1183.569
24000000	-35958.132	-1350.182	-34607.950	-1346.432
25000000	-35963.591	-1322.396	-34641.196	-1316.755
26000000	-35962.316	-1326.016	-34636.300	-1320.351
27000000	-35909.228	-1272.696	-34636.531	-1268.851
28000000	-35917.461	-1275.799	-34641.662	-1268.560
29000000	-35948.645	-1305.980	-34642.665	-1301.042
30000000	-35856.524	-1217.860	-34638.664	-1209.610
31000000	-35855.783	-1205.849	-34649.934	-1196.525
32000000	-35968.397	-1308.732	-34659.665	-1303.717
33000000	-35919.705	-1256.693	-34663.011	-1252.014
34000000	-35876.636	-1229.282	-34647.355	-1221.069
35000000	-35856.745	-1206.206	-34650.539	-1197.291
36000000	-35948.016	-1307.457	-34640.559	-1302.811
37000000	-35931.652	-1270.948	-34660.705	-1263.043
38000000	-35871.499	-1227.454	-34644.044	-1220.150
39000000	-35952.484	-1309.729	-34642.755	-1304.871
40000000	-35954.167	-1291.810	-34662.357	-1286.244
41000000	-35964.918	-1294.015	-34670.904	-1290.214
42000000	-35892.977	-1250.476	-34642.502	-1243.243
43000000	-35909.065	-1244.439	-34664.626	-1238.916
44000000	-35984.099	-1341.534	-34642.565	-1337.117
45000000	-35947.083	-1301.510	-34645.574	-1296.100
46000000	-35946.735	-1291.937	-34654.798	-1286.319
47000000	-35913.127	-1248.614	-34664.512	-1241.895
48000000	-35873.913	-1250.938	-34622.975	-1241.004
49000000	-35906.073	-1241.440	-34664.634	-1236.046
50000000	-35863.755	-1223.324	-34640.431	-1212.970
51000000	-35939.652	-1296.719	-34642.933	-1292.793
52000000	-35936.965	-1294.532	-34642.434	-1288.848
53000000	-35942.571	-1250.337	-34692.234	-1245.400
54000000	-35956.991	-1292.356	-34664.634	-1286.952
55000000	-35917.480	-1259.925	-34657.556	-1253.756
56000000	-35873.117	-1222.235	-34650.882	-1210.045
57000000	-35916.906	-1269.902	-34647.003	-1263.350
58000000	-35858.066	-1196.818	-34661.249	-1188.449
59000000	-35886.801	-1250.054	-34636.747	-1243.676
60000000	-35987.956	-1329.059	-34658.898	-1323.837
61000000	-35921.168	-1248.353	-34672.815	-1242.138
62000000	-35985.215	-1344.967	-34640.248	-1339.325
63000000	-35981.579	-1355.088	-34626.491	-1351.143
64000000	-35917.280	-1265.919	-34651.361	-1258.828
65000000	-35939.465	-1299.543	-34639.923	-1295.122
66000000	-35918.988	-1256.356	-34662.632	-1252.197
67000000	-35852.767	-1204.428	-34648.338	-1194.496
68000000	-35953.963	-1310.781	-34643.182	-1306.671
69000000	-35977.667	-1311.683	-34665.984	-1305.638
70000000	-35956.477	-1257.567	-34698.910	-1250.545
71000000	-35848.745	-1215.237	-34633.508	-1208.310
72000000	-35957.681	-1304.502	-34653.179	-1300.215
73000000	-36016.589	-1388.365	-34628.224	-1384.368
74000000	-36010.869	-1350.684	-34660.185	-1345.647
75000000	-35940.207	-1305.853	-34634.355	-1300.145
76000000	-35895.240	-1261.186	-34634.054	-1254.136
77000000	-35920.543	-1296.486	-34624.056	-1290.512
78000000	-35890.122	-1266.553	-34623.569	-1259.795
79000000	-35901.901	-1237.065	-34664.837	-1230.280
80000000	-35975.318	-1298.140	-34677.178	-1294.297
81000000	-36005.392	-1372.629	-34632.763	-1368.415
82000000	-35958.298	-1285.160	-34673.138	-1280.085
83000000	-35883.028	-1231.707	-34651.322	-1225.945
84000000	-35958.249	-1321.061	-34637.188	-1316.942
85000000	-35854.752	-1206.988	-34647.764	-1198.780
86000000	-35931.335	-1257.173	-34674.163	-1248.004
87000000	-35922.948	-1291.360	-34631.588	-1286.845
88000000	-35946.161	-1311.387	-34634.774	-1303.573
89000000	-35943.827	-1279.807	-34664.019	-1273.779
90000000	-35934.707	-1311.047	-34623.660	-1305.502
91000000	-35970.616	-1310.479	-34660.137	-1303.508
92000000	-35906.428	-1286.212	-34620.216	-1280.495
93000000	-35959.081	-1301.494	-34657.587	-1296.331
94000000	-35932.625	-1267.333	-34665.292	-1262.778
95000000	-35808.758	-1154.964	-34653.794	-1140.214
96000000	-35986.912	-1350.013	-34636.899	-1345.003
97000000	-35910.638	-1255.159	-34655.479	-1250.615
98000000	-35987.472	-1336.292	-34651.180	-1332.390
99000000	-35895.405	-1231.108	-34664.297	-1225.561
100000000	-35939.953	-1270.247	-34669.706	-1265.234
101000000	-35930.789	-1266.699	-34664.089	-1261.984
102000000	-35987.972	-1307.549	-34680.423	-1304.136
103000000	-35891.763	-1249.838	-34641.925	-1244.965
104000000	-35938.677	-1245.983	-34692.694	-1241.072
105000000	-35943.595	-1300.131	-34643.464	-1291.510
106000000	-35873.344	-1245.217	-34628.127	-1238.927
107000000	-35898.261	-1242.612	-34655.649	-1237.246
108000000	-35981.999	-1314.649	-34667.349	-1309.902
109000000	-35875.878	-1236.457	-34639.421	-1227.416
110000000	-35938.223	-1306.616	-34631.607	-1299.750
111000000	-35919.033	-1275.662	-34643.371	-1269.915
112000000	-35816.524	-1177.433	-34639.091	-1169.437
113000000	-35883.490	-1207.375	-34676.115	-1200.685
114000000	-35949.733	-1306.864	-34642.869	-1301.141
115000000	-35878.063	-1248.779	-34629.285	-1243.099
116000000	-35918.657	-1295.587	-34623.070	-1291.179
117000000	-35926.604	-1253.464	-34673.139	-1247.896
118000000	-35881.816	-1219.264	-34662.552	-1212.011
119000000	-35941.349	-1296.882	-34644.467	-1292.539
120000000	-35892.687	-1248.217	-34644.469	-1241.920
121000000	-35913.972	-1244.755	-34669.216	-1237.008
122000000	-35900.843	-1260.394	-34640.449	-1253.985
123000000	-35890.096	-1260.720	-34629.376	-1254.219
124000000	-35927.638	-1254.350	-34673.288	-1248.971
125000000	-35859.271	-1196.569	-34662.702	-1189.501
126000000	-35959.218	-1296.554	-34662.664	-1291.614
127000000	-35868.578	-1226.078	-34642.500	-1217.732
128000000	-35954.346	-1290.365	-34663.981	-1285.561
129000000	-35948.553	-1249.279	-34699.273	-1243.521
130000000	-35964.421	-1307.020	-34657.401	-1301.240
131000000	-35898.268	-1271.292	-34626.976	-1263.665
132000000	-35894.775	-1257.532	-34637.242	-1249.192
133000000	-35939.272	-1285.938	-34653.334	-1280.191
134000000	-35914.917	-1264.386	-34650.531	-1258.832
135000000	-35875.798	-1223.446	-34652.352	-1215.672
136000000	-35951.073	-1306.431	-34644.642	-1301.087
137000000	-35946.662	-1301.126	-34645.537	-1294.912
138000000	-35989.386	-1339.153	-34650.233	-1335.717
139000000	-36035.513	-1377.949	-34657.564	-1372.933
140000000	-35923.556	-1268.527	-34655.030	-1261.944
141000000	-35945.655	-1288.999	-34656.656	-1283.659
142000000	-35933.712	-1277.925	-34655.787	-1272.378
143000000	-35946.121	-1293.757	-34652.364	-1288.919
144000000	-35936.110	-1253.585	-34682.525	-1248.936
145000000	-35911.827	-1263.618	-34648.210	-1258.037
146000000	-35912.475	-1251.332	-34661.143	-1244.146
147000000	-35938.390	-1281.610	-34656.780	-1274.734
148000000	-35917.654	-1277.410	-34640.244	-1271.231
149000000	-35911.360	-1241.510	-34669.850	-1235.531
150000000	-35851.746	-1213.264	-34638.482	-1206.363
151000000	-35886.242	-1244.359	-34641.884	-1238.179
152000000	-35906.974	-1276.168	-34630.806	-1271.372
153000000	-35916.443	-1278.317	-34638.126	-1271.359
154000000	-35961.363	-1295.281	-34666.082	-1291.051
155000000	-35861.643	-1220.461	-34641.182	-1210.668
156000000	-35857.268	-1209.454	-34647.814	-1199.605
157000000	-35894.262	-1257.629	-34636.633	-1251.776
158000000	-35931.280	-1286.759	-34644.521	-1282.124
159000000	-35880.608	-1226.626	-34653.982	-1219.792
160000000	-35922.370	-1244.024	-34678.346	-1235.702
161000000	-35839.410	-1199.639	-34639.771	-1191.819
162000000	-35978.491	-1307.840	-34670.651	-1303.077
163000000	-35866.963	-1214.289	-34652.675	-1207.839
164000000	-35903.990	-1235.538	-34668.452	-1228.957
165000000	-35870.646	-1232.768	-34637.878	-1225.077
166000000	-35940.116	-1294.342	-34645.774	-1289.739
167000000	-35910.642	-1268.138	-34642.504	-1261.838
168000000	-35933.544	-1279.331	-34654.213	-1274.287
169000000	-35958.468	-1330.673	-34627.795	-1327.120
170000000	-35925.066	-1249.357	-34675.710	-1244.309
171000000	-35907.834	-1270.792	-34637.043	-1265.525
172000000	-35881.789	-1270.494	-34611.295	-1264.255
173000000	-35870.231	-1210.528	-34659.703	-1204.562
174000000	-35884.768	-1246.715	-34638.052	-1239.136
175000000	-35986.331	-1317.881	-34668.451	-1314.668
176000000	-35934.514	-1288.495	-34646.019	-1282.967
177000000	-35981.510	-1329.986	-34651.524	-1325.830
178000000	-35932.244	-1286.527	-34645.717	-1280.366
179000000	-35898.035	-1248.615	-34649.419	-1242.352
180000000	-35943.828	-1294.905	-34648.923	-1289.822
181000000	-35947.075	-1272.654	-34674.421	-1266.607
182000000	-35950.191	-1288.297	-34661.894	-1279.850
183000000	-35881.774	-1227.908	-34653.866	-1222.118
184000000	-35939.993	-1273.058	-34666.935	-1265.216
185000000	-35904.938	-1246.501	-34658.437	-1239.231
186000000	-36007.406	-1359.148	-34648.258	-1356.066
187000000	-35946.867	-1270.295	-34676.572	-1265.000
188000000	-35893.690	-1252.652	-34641.038	-1246.574
189000000	-35938.226	-1284.477	-34653.748	-1279.828
190000000	-35902.595	-1264.727	-34637.868	-1258.102
191000000	-35900.721	-1259.058	-34641.663	-1252.895
192000000	-35901.420	-1229.630	-34671.790	-1222.744
193000000	-35856.457	-1172.833	-34683.624	-1164.868
194000000	-36003.196	-1361.351	-34641.845	-1356.914
195000000	-35964.142	-1305.834	-34658.309	-1300.796
196000000	-35987.068	-1335.478	-34651.590	-1331.009
197000000	-35880.749	-1226.632	-34654.117	-1221.476
198000000	-35888.661	-1218.950	-34669.711	-1208.777
199000000	-35832.170	-1197.731	-34634.439	-1189.928
200000000	-35915.228	-1254.806	-34660.423	-1249.944
201000000	-35856.029	-1218.356	-34637.674	-1210.445
202000000	-35921.770	-1273.390	-34648.380	-1267.521
203000000	-35905.260	-1268.766	-34636.493	-1261.125
204000000	-35898.495	-1247.740	-34650.755	-1241.759
205000000	-35920.239	-1252.483	-34667.756	-1247.939
206000000	-35918.113	-1272.690	-34645.423	-1267.170
207000000	-35869.187	-1227.863	-34641.323	-1220.850
208000000	-35935.419	-1294.445	-34640.974	-1290.083
209000000	-35862.627	-1249.963	-34612.665	-1243.636
210000000	-35874.338	-1252.930	-34621.408	-1244.662
211000000	-35937.801	-1280.279	-34657.522	-1276.149
212000000	-35954.799	-1300.193	-34654.606	-1292.135
213000000	-35936.718	-1282.889	-34653.829	-1277.377
214000000	-35939.293	-1321.276	-34618.017	-1316.361
215000000	-35886.505	-1219.210	-34667.295	-1212.167
216000000	-35906.759	-1252.141	-34654.618	-1247.189
217000000	-35916.920	-1268.103	-34648.817	-1261.279
218000000	-35868.502	-1204.174	-34664.329	-1194.854
219000000	-35918.148	-1252.485	-34665.663	-1247.317
220000000	-35945.065	-1280.504	-34664.561	-1276.163
221000000	-35948.515	-1274.107	-34674.408	-1269.939
222000000	-35957.306	-1271.287	-34686.019	-1267.441
223000000	-35921.725	-1259.322	-34662.403	-1252.022
224000000	-35930.487	-1275.827	-34654.660	-1270.703
225000000	-35904.396	-1233.209	-34671.186	-1228.083
226000000	-35868.382	-1230.115	-34638.267	-1225.030
227000000	-35886.439	-1245.498	-34640.941	-1238.662
228000000	-35880.104	-1237.993	-34642.111	-1230.511
229000000	-35925.288	-1252.664	-34672.624	-1247.476
230000000	-35945.571	-1273.518	-34672.053	-1267.563
231000000	-35952.065	-1299.227	-34652.837	-1294.994
232000000	-35895.221	-1233.652	-34661.570	-1227.916
233000000	-35911.068	-1274.175	-34636.893	-1267.850
234000000	-35964.627	-1313.782	-34650.845	-1309.573
235000000	-35962.467	-1319.662	-34642.805	-1314.405
236000000	-35933.781	-1271.680	-34662.101	-1266.755
237000000	-35933.831	-1272.285	-34661.546	-1267.448
238000000	-35966.030	-1336.649	-34629.382	-1333.447
239000000	-36005.041	-1349.294	-34655.747	-1344.262
240000000	-35926.105	-1285.806	-34640.299	-1279.316
241000000	-35845.518	-1214.496	-34631.022	-1205.737
242000000	-35859.721	-1184.992	-34674.730	-1178.193
243000000	-35893.354	-1245.186	-34648.168	-1236.169
244000000	-35924.116	-1257.004	-34667.112	-1250.378
245000000	-35849.979	-1220.286	-34629.693	-1213.463
246000000	-35968.412	-1342.400	-34626.012	-1338.591
247000000	-35935.784	-1304.124	-34631.660	-1299.110
248000000	-35878.473	-1225.344	-34653.129	-1220.496
249000000	-35895.446	-1235.764	-34659.682	-1228.717
250000000	-35969.747	-1307.346	-34662.401	-1302.961
251000000	-35937.176	-1277.447	-34659.729	-1272.589
252000000	-35961.997	-1291.653	-34670.344	-1287.039
253000000	-35932.574	-1301.426	-34631.148	-1296.871
254000000	-35885.987	-1249.385	-34636.601	-1240.614
255000000	-35926.504	-1290.236	-34636.268	-1284.287
256000000	-35952.739	-1286.174	-34666.565	-1280.984
257000000	-35885.819	-1206.297	-34679.521	-1198.623
258000000	-35958.902	-1301.092	-34657.810	-1295.408
259000000	-35911.015	-1276.396	-34634.619	-1269.810
260000000	-35948.499	-1310.395	-34638.104	-1305.544
261000000	-35922.134	-1238.656	-34683.478	-1232.456
262000000	-35834.495	-1195.474	-34639.022	-1185.937
263000000	-35935.656	-1270.225	-34665.432	-1264.999
264000000	-35922.025	-1258.817	-34663.208	-1250.244
265000000	-35907.528	-1260.605	-34646.923	-1254.645
266000000	-35872.026	-1225.774	-34646.252	-1217.689
267000000	-35923.001	-1248.220	-34674.781	-1242.548
268000000	-35950.097	-1305.004	-34645.093	-1299.644
269000000	-36005.332	-1334.517	-34670.815	-1330.348
270000000	-35915.739	-1264.128	-34651.611	-1257.291
271000000	-35955.458	-1294.492	-34660.965	-1290.784
272000000	-35881.175	-1231.759	-34649.416	-1225.929
273000000	-35904.666	-1264.692	-34639.974	-1256.039
274000000	-35894.270	-1223.719	-34670.550	-1216.520
275000000	-35937.967	-1307.705	-34630.262	-1302.629
276000000	-35889.656	-1220.895	-34668.761	-1214.551
277000000	-35922.309	-1270.880	-34651.429	-1264.314
278000000	-35994.634	-1327.809	-34666.825	-1322.839
279000000	-35867.428	-1234.886	-34632.542	-1226.598
280000000	-35917.026	-1259.378	-34657.647	-1254.312
281000000	-35867.592	-1232.553	-34635.039	-1224.899
282000000	-35876.935	-1235.813	-34641.122	-1230.302
283000000	-35941.039	-1278.491	-34662.547	-1275.173
284000000	-35954.973	-1313.464	-34641.509	-1307.725
285000000	-35983.371	-1311.085	-34672.286	-1306.340
286000000	-35899.555	-1247.161	-34652.393	-1240.308
287000000	-35938.367	-1284.248	-34654.119	-1278.823
288000000	-35944.358	-1267.566	-34676.792	-1261.061
289000000	-35917.286	-1266.014	-34651.272	-1260.718
290000000	-35902.633	-1236.336	-34666.297	-1229.239
291000000	-35913.935	-1277.771	-34636.163	-1272.240
292000000	-35959.759	-1312.143	-34647.616	-1307.200
293000000	-35882.239	-1252.920	-34629.319	-1247.374
294000000	-35932.428	-1293.777	-34638.651	-1289.767
295000000	-35892.047	-1241.892	-34650.155	-1236.689
296000000	-35943.628	-1285.141	-34658.486	-1278.536
297000000	-35932.198	-1286.000	-34646.198	-1279.760
298000000	-35936.117	-1282.503	-34653.614	-1277.467
299000000	-35902.957	-1247.339	-34655.617	-1240.724
300000000	-35929.117	-1268.791	-34660.326	-1263.072
301000000	-35845.014	-1180.762	-34664.252	-1170.367
302000000	-35913.263	-1247.416	-34665.847	-1240.432
303000000	-35938.538	-1292.794	-34645.744	-1284.467
304000000	-35901.214	-1236.070	-34665.145	-1228.617
305000000	-35967.071	-1310.837	-34656.235	-1305.061
306000000	-35942.515	-1263.845	-34678.670	-1258.699
307000000	-35940.219	-1291.429	-34648.791	-1285.343
308000000	-35884.079	-1224.996	-34659.084	-1218.418
309000000	-35903.742	-1257.986	-34645.756	-1252.943
310000000	-35972.794	-1279.277	-34693.517	-1275.121
311000000	-35921.894	-1271.878	-34650.015	-1266.852
312000000	-35913.106	-1278.563	-34634.543	-1272.255
313000000	-35943.108	-1306.934	-34636.174	-1302.180
314000000	-36014.015	-1363.472	-34650.542	-1360.915
315000000	-35959.795	-1347.234	-34612.560	-1341.445
316000000	-35883.799	-1240.146	-34643.653	-1235.006
317000000	-36025.569	-1343.477	-34682.091	-1338.882
318000000	-35890.773	-1248.199	-34642.575	-1241.402
319000000	-36025.720	-1389.356	-34636.364	-1386.207
320000000	-35979.332	-1347.998	-34631.334	-1343.079
321000000	-35884.162	-1240.279	-34643.883	-1234.294
322000000	-35916.321	-1277.446	-34638.875	-1271.148
323000000	-35953.438	-1296.492	-34656.947	-1292.036
324000000	-35906.799	-1250.747	-34656.052	-1244.671
325000000	-35898.385	-1230.114	-34668.271	-1221.762
326000000	-35934.652	-1283.135	-34651.517	-1279.066
327000000	-35926.783	-1282.874	-34643.909	-1278.403
328000000	-35903.899	-1266.986	-34636.914	-1260.031
329000000	-35877.101	-1214.498	-34662.603	-1208.705
330000000	-35879.328	-1214.858	-34664.471	-1206.242
331000000	-35905.314	-1248.291	-34657.023	-1240.401
332000000	-35911.388	-1261.796	-34649.592	-1257.305
333000000	-35861.881	-1199.032	-34662.849	-1191.371
334000000	-35931.724	-1294.938	-34636.786	-1288.239
335000000	-35954.727	-1288.567	-34666.160	-1282.492
336000000	-36000.847	-1362.690	-34638.157	-1359.026
337000000	-35988.197	-1335.141	-34653.057	-1331.998
338000000	-35929.905	-1260.153	-34669.752	-1252.811
339000000	-35927.666	-1260.274	-34667.392	-1253.763
340000000	-35994.773	-1345.160	-34649.614	-1340.634
341000000	-35913.016	-1236.098	-34676.917	-1230.026
342000000	-35955.879	-1292.165	-34663.715	-1285.460
343000000	-35911.245	-1260.944	-34650.302	-1256.840
344000000	-35980.737	-1318.906	-34661.831	-1313.633
345000000	-35993.765	-1321.804	-34671.962	-1316.690
346000000	-35918.323	-1270.848	-34647.474	-1266.800
347000000	-35945.207	-1284.081	-34661.126	-1278.994
348000000	-35946.016	-1294.303	-34651.714	-1289.492
349000000	-35960.815	-1315.623	-34645.191	-1309.402
350000000	-35947.060	-1284.234	-34662.826	-1277.440
351000000	-35945.556	-1284.020	-34661.536	-1279.404
352000000	-35959.396	-1295.393	-34664.002	-1290.459
353000000	-35909.640	-1269.499	-34640.141	-1263.541
354000000	-35949.966	-1284.561	-34665.405	-1278.559
355000000	-35809.937	-1160.883	-34649.054	-1150.850
356000000	-35880.237	-1215.449	-34664.788	-1206.749
357000000	-35894.506	-1244.026	-34650.480	-1238.630
358000000	-35894.388	-1260.122	-34634.266	-1252.803
359000000	-35953.628	-1308.488	-34645.140	-1304.894
360000000	-35917.719	-1267.228	-34650.491	-1260.623
361000000	-35968.349	-1310.902	-34657.447	-1306.780
362000000	-35993.813	-1340.191	-34653.621	-1336.432
363000000	-35904.028	-1247.006	-34657.022	-1241.152
364000000	-35920.738	-1241.405	-34679.333	-1234.796
365000000	-35953.644	-1310.875	-34642.769	-1306.960
366000000	-35895.938	-1236.303	-34659.634	-1227.995
367000000	-35936.342	-1269.369	-34666.973	-1264.701
368000000	-35932.036	-1272.485	-34659.551	-1267.893
369000000	-35915.734	-1288.945	-34626.789	-1283.952
370000000	-35933.408	-1274.006	-34659.402	-1268.533
371000000	-35889.348	-1242.045	-34647.303	-1235.491
372000000	-35865.638	-1232.935	-34632.703	-1225.473
373000000	-35939.306	-1308.539	-34630.767	-1304.892
374000000	-35975.879	-1316.257	-34659.622	-1313.050
375000000	-35897.310	-1229.279	-34668.031	-1221.728
376000000	-35994.156	-1343.480	-34650.675	-1338.323
377000000	-35930.211	-1278.179	-34652.032	-1273.590
378000000	-35919.186	-1258.756	-34660.430	-1251.901
379000000	-35927.362	-1295.976	-34631.386	-1290.341
380000000	-35895.827	-1270.513	-34625.314	-1265.610
381000000	-35917.646	-1249.087	-34668.558	-1242.469
382000000	-35853.980	-1203.222	-34650.757	-1196.413
383000000	-35908.074	-1272.858	-34635.216	-1267.056
384000000	-35915.899	-1265.607	-34650.292	-1261.622
385000000	-35912.844	-1253.354	-34659.490	-1246.251
386000000	-35910.615	-1253.266	-34657.348	-1247.551
387000000	-35919.804	-1275.633	-34644.171	-1269.316
388000000	-35861.725	-1205.126	-34656.599	-1196.829
389000000	-35835.008	-1176.680	-34658.328	-1169.774
390000000	-35929.829	-1258.401	-34671.429	-1252.226
391000000	-35883.659	-1238.953	-34644.706	-1233.145
392000000	-35976.395	-1302.412	-34673.984	-1298.178
393000000	-35829.837	-1163.124	-34666.713	-1156.363
394000000	-35824.045	-1193.054	-34630.991	-1183.850
395000000	-35926.395	-1282.959	-34643.436	-1277.423
396000000	-35938.550	-1254.546	-34684.004	-1249.404
397000000	-35976.988	-1327.922	-34649.067	-1323.412
398000000	-35894.921	-1259.921	-34635.001	-1253.809
399000000	-35995.847	-1369.960	-34625.887	-1365.788
400000000	-35908.962	-1262.966	-34645.996	-1256.700
401000000	-35888.906	-1218.616	-34670.290	-1211.593
402000000	-35898.470	-1253.390	-34645.080	-1246.817
403000000	-35954.510	-1295.839	-34658.671	-1291.888
404000000	-36015.363	-1365.782	-34649.581	-1360.855
405000000	-36016.416	-1385.009	-34631.407	-1381.055
406000000	-35984.501	-1336.200	-34648.300	-1331.544
407000000	-35937.619	-1290.890	-34646.729	-1285.330
408000000	-35957.499	-1319.110	-34638.388	-1312.599
409000000	-35893.243	-1266.290	-34626.953	-1259.763
410000000	-35975.327	-1328.594	-34646.733	-1322.007
411000000	-35940.522	-1304.698	-34635.825	-1299.451
412000000	-35927.449	-1281.437	-34646.013	-1277.005
413000000	-35901.144	-1270.441	-34630.703	-1264.431
414000000	-35869.608	-1245.029	-34624.579	-1235.866
415000000	-35919.071	-1283.272	-34635.798	-1278.845
416000000	-35908.220	-1252.787	-34655.433	-1246.037
417000000	-35940.892	-1301.780	-34639.112	-1295.421
418000000	-35910.810	-1272.880	-34637.930	-1267.771
419000000	-35923.075	-1284.838	-34638.238	-1279.374
420000000	-35974.587	-1320.153	-34654.434	-1315.187
421000000	-35853.866	-1203.188	-34650.678	-1194.666
422000000	-35921.773	-1289.398	-34632.374	-1282.528
423000000	-35951.593	-1286.380	-34665.213	-1280.197
424000000	-35827.507	-1179.190	-34648.317	-1169.166
425000000	-35967.475	-1317.830	-34649.645	-1313.349
426000000	-35859.096	-1225.438	-34633.658	-1219.325
427000000	-35955.834	-1280.325	-34675.509	-1274.372
428000000	-35908.390	-1256.176	-34652.214	-1250.947
429000000	-35892.022	-1252.320	-34639.702	-1245.687
430000000	-35932.762	-1294.897	-34637.865	-1290.608
431000000	-35919.753	-1263.419	-34656.334	-1257.971
432000000	-35849.575	-1218.814	-34630.761	-1213.108
433000000	-35913.331	-1257.769	-34655.562	-1251.598
434000000	-35881.615	-1236.963	-34644.651	-1233.155
435000000	-35891.352	-1265.376	-34625.976	-1257.874
436000000	-35936.881	-1302.559	-34634.322	-1296.523
437000000	-35981.334	-1347.721	-34633.613	-1343.740
438000000	-35993.119	-1343.384	-34649.735	-1338.635
439000000	-35924.811	-1279.050	-34645.761	-1271.973
440000000	-35928.380	-1278.162	-34650.218	-1272.995
441000000	-35922.906	-1293.606	-34629.300	-1288.004
442000000	-35914.778	-1244.473	-34670.305	-1236.282
443000000	-35892.478	-1231.963	-34660.515	-1222.923
444000000	-35905.084	-1234.480	-34670.604	-1228.693
445000000	-35933.302	-1309.652	-34623.650	-1304.047
446000000	-35921.947	-1262.770	-34659.177	-1257.199
447000000	-35914.973	-1264.896	-34650.077	-1260.513
448000000	-35885.593	-1242.889	-34642.704	-1234.152
449000000	-35950.697	-1276.161	-34674.537	-1270.406
450000000	-35975.985	-1308.366	-34667.618	-1303.947
451000000	-35934.797	-1277.007	-34657.790	-1271.982
452000000	-35971.387	-1320.597	-34650.789	-1317.378
453000000	-35929.056	-1266.583	-34662.473	-1260.337
454000000	-35917.070	-1263.497	-34653.573	-1258.272
455000000	-35897.875	-1259.492	-34638.383	-1251.375
456000000	-35961.546	-1330.583	-34630.963	-1324.818
457000000	-35982.593	-1317.313	-34665.279	-1312.640
458000000	-35944.154	-1278.327	-34665.827	-1273.184
459000000	-35889.995	-1231.666	-34658.329	-1225.581
460000000	-35951.914	-1295.818	-34656.096	-1289.111
461000000	-35978.704	-1310.398	-34668.306	-1305.724
462000000	-35863.056	-1219.813	-34643.243	-1213.624
463000000	-35875.902	-1202.425	-34673.477	-1195.832
464000000	-35906.227	-1250.315	-34655.912	-1242.884
465000000	-35914.844	-1263.432	-34651.412	-1258.268
466000000	-35972.031	-1317.302	-34654.729	-1312.360
467000000	-35900.220	-1277.769	-34622.452	-1272.711
468000000	-35832.630	-1186.899	-34645.731	-1177.351
469000000	-35992.561	-1365.797	-34626.764	-1362.116
470000000	-35891.508	-1248.123	-34643.385	-1240.409
471000000	-35886.797	-1234.875	-34651.922	-1229.273
472000000	-35885.497	-1228.613	-34656.884	-1220.861
473000000	-35938.810	-1299.343	-34639.467	-1292.768
474000000	-35949.490	-1295.241	-34654.250	-1290.971
475000000	-35900.428	-1249.039	-34651.389	-1240.752
476000000	-35828.463	-1162.302	-34666.161	-1151.265
477000000	-35894.297	-1245.456	-34648.840	-1239.307
478000000	-35962.685	-1312.483	-34650.202	-1307.561
479000000	-35914.734	-1277.155	-34637.579	-1270.938
480000000	-35965.064	-1310.999	-34654.065	-1306.486
481000000	-35882.137	-1228.643	-34653.494	-1222.118
482000000	-35914.003	-1275.667	-34638.336	-1270.910
483000000	-35875.051	-1210.824	-34664.227	-1203.838
484000000	-35938.251	-1277.557	-34660.693	-1271.188
485000000	-35926.003	-1267.045	-34658.958	-1260.608
486000000	-35905.650	-1266.938	-34638.712	-1262.713
487000000	-35917.201	-1274.512	-34642.689	-1269.996
488000000	-35899.190	-1233.433	-34665.757	-1228.310
489000000	-35893.273	-1256.809	-34636.465	-1250.802
490000000	-35945.936	-1317.420	-34628.516	-1313.114
491000000	-35877.350	-1232.360	-34644.990	-1224.327
492000000	-35966.396	-1312.292	-34654.104	-1304.665
493000000	-35970.908	-1308.201	-34662.707	-1301.813
494000000	-35940.368	-1293.222	-34647.146	-1284.432
495000000	-35979.261	-1319.601	-34659.660	-1314.070
496000000	-35870.867	-1200.677	-34670.190	-1192.386
497000000	-35916.555	-1286.749	-34629.806	-1280.255
498000000	-35975.460	-1331.217	-34644.242	-1327.084
499000000	-35913.492	-1259.249	-34654.243	-1254.311
500000000	-35925.424	-1267.293	-34658.131	-1262.641
501000000	-35921.537	-1269.612	-34651.925	-1263.662
502000000	-35878.752	-1236.302	-34642.450	-1231.162
503000000	-35936.978	-1287.616	-34649.362	-1282.192
504000000	-35905.168	-1239.574	-34665.594	-1231.946
505000000	-35941.054	-1289.168	-34651.885	-1284.388
506000000	-35902.311	-1273.502	-34628.809	-1268.701
507000000	-35916.500	-1256.487	-34660.013	-1251.271
508000000	-35949.206	-1290.848	-34658.358	-1286.611
509000000	-35846.450	-1201.924	-34644.526	-1192.574
510000000	-35968.627	-1296.899	-34671.728	-1292.219
511000000	-35958.870	-1287.327	-34671.543	-1282.234
512000000	-35924.590	-1279.475	-34645.115	-1274.506
513000000	-35985.567	-1295.270	-34690.296	-1291.158
514000000	-35940.185	-1285.417	-34654.768	-1280.461
515000000	-35971.819	-1295.439	-34676.380	-1290.576
516000000	-35937.951	-1291.781	-34646.171	-1286.952
517000000	-35871.696	-1231.322	-34640.373	-1224.296
518000000	-35885.281	-1217.306	-34667.975	-1211.163
519000000	-35939.764	-1288.281	-34651.483	-1283.120
520000000	-35932.280	-1300.389	-34631.890	-1295.861
521000000	-35924.194	-1286.751	-34637.443	-1281.609
522000000	-35896.611	-1249.206	-34647.405	-1244.018
523000000	-35896.782	-1227.308	-34669.475	-1219.720
524000000	-35876.077	-1233.878	-34642.200	-1224.820
525000000	-35954.595	-1302.646	-34651.950	-1299.031
526000000	-35947.394	-1296.142	-34651.252	-1291.079
527000000	-35943.523	-1266.260	-34677.263	-1260.719
528000000	-35851.844	-1208.343	-34643.501	-1201.112
529000000	-35961.516	-1289.997	-34671.519	-1284.750
530000000	-35934.048	-1300.484	-34633.565	-1296.534
531000000	-35856.148	-1211.360	-34644.788	-1202.254
532000000	-35975.072	-1321.154	-34653.917	-1317.654
533000000	-35989.031	-1335.568	-34653.463	-1331.405
534000000	-35905.128	-1250.038	-34655.090	-1244.358
535000000	-35937.820	-1303.467	-34634.353	-1297.449
536000000	-35911.530	-1271.165	-34640.364	-1263.809
537000000	-35894.037	-1256.379	-34637.658	-1250.977
538000000	-35910.333	-1251.992	-34658.341	-1245.875
539000000	-35924.240	-1259.488	-34664.752	-1253.567
540000000	-35912.485	-1265.728	-34646.757	-1260.287
541000000	-35951.595	-1302.623	-34648.972	-1299.247
542000000	-35942.947	-1285.156	-34657.791	-1280.753
543000000	-35955.996	-1274.694	-34681.302	-1269.908
544000000	-35916.121	-1256.460	-34659.660	-1248.918
545000000	-35824.096	-1173.381	-34650.715	-1163.101
546000000	-35869.242	-1237.884	-34631.359	-1229.879
547000000	-35895.834	-1257.608	-34638.226	-1251.181
548000000	-35873.124	-1241.126	-34631.999	-1233.706
549000000	-35835.027	-1191.586	-34643.440	-1181.294
550000000	-35773.856	-1125.447	-34648.409	-1115.627
551000000	-35979.339	-1361.649	-34617.690	-1357.113
552000000	-35983.817	-1334.692	-34649.124	-1329.587
553000000	-35965.874	-1302.821	-34663.053	-1296.646
554000000	-35949.078	-1289.916	-34659.162	-1285.829
555000000	-35887.412	-1243.225	-34644.187	-1234.009
556000000	-35983.254	-1341.859	-34641.395	-1337.626
557000000	-35971.419	-1338.827	-34632.592	-1335.147
558000000	-35918.336	-1307.264	-34611.072	-1301.849
559000000	-35941.921	-1289.686	-34652.235	-1283.986
560000000	-35897.057	-1248.430	-34648.627	-1242.706
561000000	-35987.104	-1323.830	-34663.274	-1318.958
562000000	-35920.130	-1272.020	-34648.110	-1264.498
563000000	-35939.049	-1287.751	-34651.299	-1283.224
564000000	-35987.697	-1294.475	-34693.223	-1289.256
565000000	-35931.636	-1261.432	-34670.204	-1255.471
566000000	-35880.565	-1247.992	-34632.572	-1240.287
567000000	-35914.949	-1257.276	-34657.674	-1250.963
568000000	-35933.302	-1277.592	-34655.710	-1272.136
569000000	-35992.100	-1309.196	-34682.904	-1302.352
570000000	-35874.609	-1254.423	-34620.186	-1247.877
571000000	-35931.181	-1280.616	-34650.565	-1274.552
572000000	-35884.292	-1232.592	-34651.700	-1226.027
573000000	-35940.141	-1281.504	-34658.637	-1275.189
574000000	-35981.369	-1310.939	-34670.430	-1305.611
575000000	-35878.573	-1239.462	-34639.112	-1232.717
576000000	-35885.178	-1219.488	-34665.690	-1209.854
577000000	-35923.224	-1260.771	-34662.453	-1253.825
578000000	-35936.213	-1267.765	-34668.448	-1262.351
579000000	-35982.359	-1325.822	-34656.537	-1321.629
580000000	-35982.267	-1354.449	-34627.818	-1350.989
581000000	-35943.536	-1298.341	-34645.195	-1293.775
582000000	-35930.801	-1253.381	-34677.420	-1247.271
583000000	-35877.918	-1228.578	-34649.340	-1218.749
584000000	-35925.725	-1250.853	-34674.872	-1243.900
585000000	-35938.191	-1257.646	-34680.545	-1250.956
586000000	-35898.820	-1233.206	-34665.614	-1227.400
587000000	-35955.586	-1313.532	-34642.054	-1308.793
588000000	-35908.181	-1242.888	-34665.292	-1238.272
589000000	-35924.823	-1288.340	-34636.482	-1280.484
590000000	-35943.254	-1288.801	-34654.453	-1284.465
591000000	-35901.009	-1230.596	-34670.413	-1226.006
592000000	-35927.509	-1286.505	-34641.005	-1281.386
593000000	-35904.759	-1280.003	-34624.756	-1276.415
594000000	-35931.323	-1296.147	-34635.176	-1289.935
595000000	-35913.812	-1270.419	-34643.394	-1264.951
596000000	-35937.500	-1285.322	-34652.178	-1278.173
597000000	-35958.291	-1297.984	-34660.308	-1292.614
598000000	-35946.066	-1296.145	-34649.920	-1291.130
599000000	-36004.922	-1349.831	-34655.091	-1346.906
600000000	-35981.796	-1327.242	-34654.554	-1323.048
601000000	-35881.635	-1220.962	-34660.673	-1215.908
602000000	-35932.843	-1306.237	-34626.606	-1300.726
603000000	-35898.056	-1264.952	-34633.104	-1259.634
604000000	-35888.778	-1260.306	-34628.473	-1252.205
605000000	-35902.877	-1241.708	-34661.169	-1234.336
606000000	-35899.028	-1238.351	-34660.677	-1232.348
607000000	-35966.273	-1334.292	-34631.981	-1329.085
608000000	-35974.442	-1331.782	-34642.660	-1328.367
609000000	-35921.732	-1241.171	-34680.561	-1234.953
610000000	-35934.710	-1299.718	-34634.992	-1295.978
611000000	-35910.870	-1259.872	-34650.998	-1255.569
612000000	-35937.386	-1265.561	-34671.825	-1258.880
613000000	-35872.101	-1212.885	-34659.216	-1205.368
614000000	-35979.609	-1354.764	-34624.845	-1350.419
615000000	-35860.056	-1212.595	-34647.461	-1204.360
616000000	-35888.693	-1229.115	-34659.578	-1222.827
617000000	-35942.651	-1310.092	-34632.559	-1305.529
618000000	-35903.868	-1245.821	-34658.047	-1239.772
619000000	-36004.275	-1356.162	-34648.113	-1350.960
620000000	-35949.532	-1294.418	-34655.114	-1289.126
621000000	-35910.230	-1267.333	-34642.897	-1263.038
622000000	-35893.837	-1215.605	-34678.233	-1207.976
623000000	-35918.127	-1218.840	-34699.287	-1212.570
624000000	-35943.873	-1307.926	-34635.947	-1302.816
625000000	-35942.510	-1290.320	-34652.191	-1285.423
626000000	-35884.348	-1238.121	-34646.227	-1230.320
627000000	-35917.260	-1235.309	-34681.951	-1230.481
628000000	-35883.582	-1244.461	-34639.121	-1237.411
629000000	-35931.236	-1267.236	-34664.000	-1259.668
630000000	-35941.922	-1306.395	-34635.527	-1300.545
631000000	-35933.100	-1257.814	-34675.286	-1251.504
632000000	-35878.187	-1235.152	-34643.035	-1226.725
633000000	-35909.790	-1272.620	-34637.169	-1269.340
634000000	-35942.685	-1304.809	-34637.877	-1300.025
635000000	-35939.510	-1299.364	-34640.146	-1292.383
636000000	-35956.646	-1281.748	-34674.898	-1274.575
637000000	-35972.658	-1298.386	-34674.273	-1292.606
638000000	-35972.434	-1303.382	-34669.052	-1299.013
639000000	-35971.416	-1322.280	-34649.136	-1317.776
640000000	-35875.807	-1202.786	-34673.021	-1196.411
641000000	-35907.508	-1259.738	-34647.770	-1254.234
642000000	-35875.072	-1247.570	-34627.502	-1241.367
643000000	-35946.819	-1299.846	-34646.974	-1294.993
644000000	-35977.838	-1340.669	-34637.169	-1335.905
645000000	-35904.681	-1269.168	-34635.512	-1263.751
646000000	-35904.985	-1221.772	-34683.212	-1215.431
647000000	-35844.006	-1171.792	-34672.215	-1163.589
648000000	-35961.000	-1306.015	-34654.985	-1301.454
649000000	-35930.932	-1295.597	-34635.335	-1290.759
650000000	-35959.051	-1305.992	-34653.058	-1301.546
651000000	-35935.404	-1294.611	-34640.792	-1289.195
652000000	-35950.487	-1308.877	-34641.610	-1304.990
653000000	-35946.553	-1292.269	-34654.284	-1288.992
654000000	-35965.124	-1322.527	-34642.597	-1318.441
655000000	-35918.691	-1270.675	-34648.016	-1263.255
656000000	-35962.712	-1321.639	-34641.073	-1314.953
657000000	-35921.886	-1292.847	-34629.039	-1286.501
658000000	-35864.695	-1216.698	-34647.997	-1210.096
659000000	-35897.120	-1249.783	-34647.337	-1241.168
660000000	-35957.123	-1314.823	-34642.300	-1311.316
661000000	-35980.064	-1334.347	-34645.717	-1329.481
662000000	-35946.328	-1295.053	-34651.275	-1290.444
663000000	-35885.376	-1228.215	-34657.161	-1223.396
664000000	-35902.789	-1236.145	-34666.644	-1230.861
665000000	-35885.132	-1237.111	-34648.021	-1231.211
666000000	-35869.920	-1210.710	-34659.210	-1203.634
667000000	-35955.332	-1325.524	-34629.808	-1321.862
668000000	-35965.393	-1313.957	-34651.435	-1308.179
669000000	-35922.436	-1255.889	-34666.548	-1249.553
670000000	-35948.573	-1301.965	-34646.608	-1297.639
671000000	-35910.299	-1266.573	-34643.726	-1260.166
672000000	-35914.859	-1262.345	-34652.515	-1257.266
673000000	-35966.983	-1345.776	-34621.207	-1341.482
674000000	-35861.142	-1212.802	-34648.340	-1205.010
675000000	-35862.276	-1220.125	-34642.151	-1210.418
676000000	-35897.193	-1223.399	-34673.794	-1217.154
677000000	-35894.497	-1250.639	-34643.858	-1242.261
678000000	-35906.164	-1271.980	-34634.184	-1265.472
679000000	-35896.162	-1254.709	-34641.453	-1247.659
680000000	-35902.506	-1259.057	-34643.449	-1252.172
681000000	-36054.101	-1390.032	-34664.069	-1387.693
682000000	-35986.507	-1337.041	-34649.466	-1331.784
683000000	-35913.823	-1276.158	-34637.666	-1270.759
684000000	-35962.756	-1294.778	-34667.979	-1290.417
685000000	-35874.151	-1246.548	-34627.603	-1238.864
686000000	-35931.899	-1272.403	-34659.496	-1268.025
687000000	-35933.154	-1288.278	-34644.876	-1282.254
688000000	-35953.278	-1294.870	-34658.408	-1288.819
689000000	-35947.625	-1287.939	-34659.686	-1283.896
690000000	-35997.900	-1339.355	-34658.545	-1335.769
691000000	-35966.101	-1341.779	-34624.322	-1336.561
692000000	-35919.086	-1271.965	-34647.121	-1266.321
693000000	-35905.404	-1253.925	-34651.479	-1248.313
694000000	-35925.285	-1285.873	-34639.411	-1278.742
695000000	-35872.515	-1196.108	-34676.407	-1189.468
696000000	-35900.096	-1276.948	-34623.147	-1270.904
697000000	-35981.615	-1304.768	-34676.847	-1299.723
698000000	-35876.697	-1240.412	-34636.284	-1233.021
699000000	-35927.249	-1274.035	-34653.213	-1269.370
700000000	-35875.953	-1193.133	-34682.820	-1184.497
701000000	-35826.305	-1175.560	-34650.745	-1165.600
702000000	-35892.710	-1259.757	-34632.954	-1250.717
703000000	-35948.018	-1302.059	-34645.959	-1296.896
704000000	-35861.398	-1178.823	-34682.575	-1170.685
705000000	-35922.419	-1279.270	-34643.149	-1273.869
706000000	-35885.924	-1246.361	-34639.563	-1240.796
707000000	-35920.364	-1281.204	-34639.160	-1276.006
708000000	-35918.595	-1273.758	-34644.837	-1269.423
709000000	-35966.959	-1280.896	-34686.063	-1277.379
710000000	-35954.878	-1266.381	-34688.497	-1261.117
711000000	-35998.783	-1325.089	-34673.694	-1320.918
712000000	-35929.793	-1301.583	-34628.210	-1296.108
713000000	-35967.718	-1301.487	-34666.231	-1297.313
714000000	-35925.002	-1279.308	-34645.694	-1272.559
715000000	-36002.478	-1346.631	-34655.847	-1341.887
716000000	-35904.421	-1242.157	-34662.263	-1236.167
717000000	-35935.067	-1279.792	-34655.275	-1275.071
718000000	-35921.347	-1296.173	-34625.174	-1291.899
719000000	-35908.412	-1239.738	-34668.674	-1234.937
720000000	-35961.272	-1303.734	-34657.539	-1299.210
721000000	-35916.099	-1269.544	-34646.554	-1263.828
722000000	-35892.595	-1250.604	-34641.992	-1246.596
723000000	-35983.606	-1324.202	-34659.404	-1320.457
724000000	-35877.093	-1240.495	-34636.598	-1234.537
725000000	-35933.558	-1290.050	-34643.508	-1284.001
726000000	-35899.268	-1263.780	-34635.489	-1257.498
727000000	-35871.034	-1225.797	-34645.237	-1220.732
728000000	-35950.942	-1271.934	-34679.008	-1267.169
729000000	-35944.569	-1288.565	-34656.004	-1282.964
730000000	-35850.508	-1216.167	-34634.340	-1207.806
731000000	-35934.862	-1287.992	-34646.870	-1280.721
732000000	-35859.761	-1192.783	-34666.978	-1186.157
733000000	-35924.685	-1298.287	-34626.398	-1293.768
734000000	-35910.824	-1267.684	-34643.139	-1259.489
735000000	-35924.452	-1254.383	-34670.069	-1247.644
736000000	-35921.468	-1301.820	-34619.648	-1296.314
737000000	-35921.629	-1266.060	-34655.568	-1261.332
738000000	-35936.797	-1289.208	-34647.589	-1284.633
739000000	-35979.996	-1292.852	-34687.144	-1285.291
740000000	-35985.566	-1315.047	-34670.520	-1310.686
741000000	-35955.984	-1322.737	-34633.248	-1317.808
742000000	-35856.047	-1177.135	-34678.912	-1168.410
743000000	-35962.559	-1324.259	-34638.300	-1319.489
744000000	-36015.900	-1347.046	-34668.854	-1342.871
745000000	-35879.916	-1239.124	-34640.792	-1234.955
746000000	-35958.835	-1292.793	-34666.042	-1289.488
747000000	-35877.506	-1214.441	-34663.065	-1204.517
748000000	-35976.415	-1345.946	-34630.468	-1341.814
749000000	-35993.708	-1332.871	-34660.837	-1328.247
750000000	-36001.224	-1373.883	-34627.341	-1371.292
751000000	-35975.870	-1294.706	-34681.165	-1290.757
752000000	-35888.815	-1249.901	-34638.914	-1241.175
753000000	-35952.777	-1322.218	-34630.558	-1318.677
754000000	-35917.211	-1266.227	-34650.984	-1260.655
755000000	-35901.471	-1226.250	-34675.221	-1220.757
756000000	-35949.164	-1283.439	-34665.725	-1277.499
757000000	-35908.691	-1249.822	-34658.869	-1244.341
758000000	-35951.387	-1290.742	-34660.645	-1285.068
759000000	-35947.095	-1292.315	-34654.780	-1287.905
760000000	-35883.975	-1241.809	-34642.166	-1234.354
761000000	-35835.564	-1189.202	-34646.362	-1181.579
762000000	-35901.111	-1244.664	-34656.447	-1237.773
763000000	-35846.610	-1194.519	-34652.092	-1182.174
764000000	-35916.234	-1259.135	-34657.099	-1252.883
765000000	-35923.645	-1280.003	-34643.641	-1275.738
766000000	-35882.225	-1220.873	-34661.352	-1215.028
767000000	-35862.247	-1224.410	-34637.837	-1216.630
768000000	-35875.074	-1208.729	-34666.345	-1202.254
769000000	-35886.096	-1243.482	-34642.614	-1236.314
770000000	-35945.445	-1258.004	-34687.441	-1252.054
771000000	-35921.122	-1266.503	-34654.619	-1260.693
772000000	-35875.624	-1230.026	-34645.597	-1221.407
773000000	-35835.691	-1195.158	-34640.533	-1187.236
774000000	-35881.997	-1238.799	-34643.199	-1230.880
775000000	-35888.130	-1230.868	-34657.263	-1223.706
776000000	-35961.737	-1290.797	-34670.939	-1285.341
777000000	-35919.414	-1263.589	-34655.825	-1257.858
778000000	-35856.149	-1197.751	-34658.398	-1187.524
779000000	-35986.218	-1325.709	-34660.509	-1320.920
780000000	-35880.360	-1231.686	-34648.674	-1222.631
781000000	-35954.377	-1302.294	-34652.083	-1298.476
782000000	-35915.101	-1254.653	-34660.448	-1247.517
783000000	-35941.073	-1298.436	-34642.637	-1293.128
784000000	-35961.300	-1275.346	-34685.955	-1269.701
785000000	-35992.472	-1326.001	-34666.472	-1321.414
786000000	-35946.298	-1300.286	-34646.013	-1295.494
787000000	-35997.964	-1351.908	-34646.057	-1346.802
788000000	-35883.569	-1236.204	-34647.364	-1228.834
789000000	-35988.344	-1344.001	-34644.343	-1337.950
790000000	-35967.841	-1278.698	-34689.143	-1274.635
791000000	-35964.393	-1285.864	-34678.528	-1280.847
792000000	-35847.614	-1194.326	-34653.288	-1184.966
793000000	-35940.689	-1271.293	-34669.396	-1266.232
794000000	-35896.476	-1241.204	-34655.272	-1235.316
795000000	-35958.775	-1275.812	-34682.963	-1270.721
796000000	-35987.475	-1318.769	-34668.706	-1315.023
797000000	-35980.250	-1330.440	-34649.810	-1325.769
798000000	-35948.573	-1299.199	-34649.373	-1295.198
799000000	-35938.504	-1294.910	-34643.594	-1290.100
800000000	-35898.846	-1273.295	-34625.551	-1267.873
