state	posterior	prior	likelihood	skygrid
1000000	-35929.072	-1256.327	-34672.745	-1248.691
2000000	-35901.019	-1271.139	-34629.881	-1265.626
3000000	-35988.030	-1329.813	-34658.217	-1324.885
4000000	-35901.475	-1269.346	-34632.129	-1263.634
5000000	-35926.995	-1287.344	-34639.651	-1281.377
6000000	-35941.839	-1279.513	-34662.325	-1274.180
7000000	-35911.854	-1275.193	-34636.661	-1269.186
8000000	-35879.911	-1249.370	-34630.542	-1241.655
9000000	-35962.740	-1298.499	-34664.240	-1293.108
10000000	-35990.302	-1321.615	-34668.686	-1317.503
11000000	-35960.845	-1296.106	-34664.738	-1292.869
12000000	-35879.870	-1226.829	-34653.040	-1219.012
13000000	-35914.991	-1256.578	-34658.413	-1251.559
14000000	-35928.739	-1274.724	-34654.015	-1269.017
15000000	-35939.224	-1300.321	-34638.903	-1293.243
16000000	-35918.877	-1272.983	-34645.894	-1267.866
17000000	-35984.222	-1316.777	-34667.446	-1312.758
18000000	-35864.285	-1231.793	-34632.492	-1225.243
19000000	-35889.900	-1273.870	-34616.030	-1267.963
20000000	-35982.662	-1332.178	-34650.485	-1329.194
21000000	-35966.188	-1321.427	-34644.761	-1315.206
22000000	-35851.853	-1194.537	-34657.317	-1183.079
23000000	-35925.994	-1266.309	-34659.685	-1259.236
24000000	-35912.080	-1246.519	-34665.561	-1240.710
25000000	-35934.462	-1314.467	-34619.995	-1309.332
26000000	-35915.517	-1273.777	-34641.740	-1268.672
27000000	-35952.145	-1299.683	-34652.462	-1295.115
28000000	-35899.060	-1246.199	-34652.861	-1241.650
29000000	-35938.645	-1278.061	-34660.584	-1273.030
30000000	-35957.623	-1300.411	-34657.212	-1295.489
31000000	-35837.773	-1200.783	-34636.990	-1192.261
32000000	-35945.325	-1336.485	-34608.839	-1332.064
33000000	-35940.627	-1289.898	-34650.729	-1284.734
34000000	-35933.680	-1278.088	-34655.591	-1272.787
35000000	-35967.330	-1334.753	-34632.577	-1331.569
36000000	-35945.791	-1282.857	-34662.934	-1276.261
37000000	-35938.388	-1285.636	-34652.752	-1279.312
38000000	-35839.519	-1186.351	-34653.168	-1177.722
39000000	-35943.701	-1294.561	-34649.139	-1289.069
40000000	-35916.555	-1277.541	-34639.014	-1270.942
41000000	-35889.420	-1252.127	-34637.293	-1245.810
42000000	-35911.441	-1237.063	-34674.378	-1230.699
43000000	-35958.333	-1337.830	-34620.502	-1333.062
44000000	-35942.523	-1285.920	-34656.603	-1280.199
45000000	-35919.454	-1275.844	-34643.610	-1270.160
46000000	-35890.643	-1219.923	-34670.719	-1212.504
47000000	-35965.791	-1322.552	-34643.240	-1315.352
48000000	-35955.652	-1283.704	-34671.947	-1279.133
49000000	-35953.032	-1289.151	-34663.881	-1283.272
50000000	-35918.117	-1264.835	-34653.282	-1257.416
51000000	-35918.301	-1271.031	-34647.270	-1265.944
52000000	-35890.406	-1245.544	-34644.862	-1238.517
53000000	-35897.186	-1249.299	-34647.887	-1241.375
54000000	-35956.908	-1314.056	-34642.852	-1309.586
55000000	-35952.916	-1309.831	-34643.085	-1304.128
56000000	-35952.367	-1297.193	-34655.174	-1293.073
57000000	-35958.981	-1294.666	-34664.314	-1290.112
58000000	-35943.515	-1278.664	-34664.851	-1274.109
59000000	-35941.369	-1305.076	-34636.293	-1299.967
60000000	-35930.019	-1279.322	-34650.697	-1272.627
61000000	-35922.884	-1260.740	-34662.143	-1253.294
62000000	-35880.968	-1223.757	-34657.211	-1216.463
63000000	-35972.784	-1348.660	-34624.124	-1344.258
64000000	-35941.957	-1293.491	-34648.466	-1285.819
65000000	-35922.601	-1290.131	-34632.471	-1283.245
66000000	-35895.914	-1250.751	-34645.162	-1241.945
67000000	-35911.163	-1272.874	-34638.289	-1266.747
68000000	-36013.898	-1350.197	-34663.700	-1346.116
69000000	-35923.913	-1272.828	-34651.084	-1268.288
70000000	-35974.152	-1296.783	-34677.369	-1292.251
71000000	-35921.110	-1270.251	-34650.859	-1264.298
72000000	-35945.037	-1277.073	-34667.964	-1271.842
73000000	-35940.354	-1241.023	-34699.332	-1234.968
74000000	-35901.186	-1276.859	-34624.327	-1271.865
75000000	-35935.442	-1273.571	-34661.871	-1268.388
76000000	-35959.027	-1318.956	-34640.071	-1314.346
77000000	-35898.451	-1232.651	-34665.801	-1225.153
78000000	-35963.918	-1311.684	-34652.233	-1307.990
79000000	-35961.561	-1269.871	-34691.690	-1265.466
80000000	-35846.529	-1179.402	-34667.128	-1168.997
81000000	-35962.178	-1299.911	-34662.267	-1294.226
82000000	-35948.812	-1263.704	-34685.108	-1258.001
83000000	-35909.022	-1265.296	-34643.726	-1260.031
84000000	-35876.550	-1230.499	-34646.051	-1225.660
85000000	-35833.774	-1175.523	-34658.251	-1168.629
86000000	-35974.565	-1313.494	-34661.071	-1309.324
87000000	-35908.256	-1249.028	-34659.228	-1243.097
88000000	-35883.523	-1223.008	-34660.516	-1217.428
89000000	-35948.698	-1312.783	-34635.914	-1308.552
90000000	-35935.341	-1293.173	-34642.167	-1288.506
91000000	-35896.157	-1258.359	-34637.798	-1251.670
92000000	-35890.902	-1254.652	-34636.249	-1248.990
93000000	-35875.132	-1227.624	-34647.509	-1222.649
94000000	-35922.164	-1281.483	-34640.681	-1275.698
95000000	-35927.397	-1297.980	-34629.417	-1291.873
96000000	-35914.251	-1265.868	-34648.383	-1260.048
97000000	-35897.592	-1254.480	-34643.112	-1248.981
98000000	-35939.661	-1265.577	-34674.084	-1260.061
99000000	-35975.408	-1293.036	-34682.372	-1286.463
100000000	-35899.805	-1261.761	-34638.045	-1255.915
101000000	-35937.635	-1268.130	-34669.505	-1261.728
102000000	-35935.738	-1280.233	-34655.505	-1275.236
103000000	-35964.075	-1311.829	-34652.246	-1308.575
104000000	-35935.716	-1264.791	-34670.925	-1259.625
105000000	-35974.111	-1324.124	-34649.987	-1319.364
106000000	-35927.311	-1304.375	-34622.936	-1297.916
107000000	-35905.175	-1264.785	-34640.390	-1258.425
108000000	-35820.657	-1176.678	-34643.979	-1165.145
109000000	-35895.071	-1241.774	-34653.297	-1234.796
110000000	-35888.338	-1247.006	-34641.332	-1239.491
111000000	-35899.069	-1247.563	-34651.506	-1239.823
112000000	-35906.087	-1255.305	-34650.782	-1249.352
113000000	-35907.790	-1280.481	-34627.309	-1274.474
114000000	-35915.443	-1241.013	-34674.429	-1234.392
115000000	-35917.127	-1278.065	-34639.062	-1272.133
116000000	-35934.232	-1254.801	-34679.432	-1249.201
117000000	-36009.244	-1317.524	-34691.720	-1313.340
118000000	-35910.631	-1241.361	-34669.270	-1235.041
119000000	-35911.478	-1284.718	-34626.760	-1278.219
120000000	-35984.364	-1286.907	-34697.456	-1283.175
121000000	-35881.707	-1231.605	-34650.102	-1224.255
122000000	-35956.009	-1295.096	-34660.913	-1290.235
123000000	-35927.959	-1287.546	-34640.413	-1284.092
124000000	-35959.668	-1318.734	-34640.934	-1313.791
125000000	-35974.736	-1310.424	-34664.312	-1306.022
126000000	-35942.334	-1301.900	-34640.435	-1295.490
127000000	-35916.309	-1262.240	-34654.069	-1258.214
128000000	-35990.027	-1340.010	-34650.018	-1335.574
129000000	-35994.313	-1328.207	-34666.106	-1323.855
130000000	-35908.476	-1266.959	-34641.518	-1262.954
131000000	-35882.773	-1233.761	-34649.013	-1223.245
132000000	-35916.822	-1246.339	-34670.482	-1239.838
133000000	-35816.732	-1175.625	-34641.107	-1165.170
134000000	-35883.371	-1231.237	-34652.134	-1223.975
135000000	-35868.043	-1213.095	-34654.948	-1205.146
136000000	-35979.634	-1328.012	-34651.622	-1323.663
137000000	-35919.610	-1262.015	-34657.595	-1257.096
138000000	-35925.406	-1276.124	-34649.282	-1268.980
139000000	-35963.366	-1319.558	-34643.808	-1314.512
140000000	-35821.291	-1149.487	-34671.804	-1139.386
141000000	-35855.862	-1198.244	-34657.618	-1191.970
142000000	-35907.927	-1277.572	-34630.355	-1272.518
143000000	-35972.828	-1314.082	-34658.746	-1309.729
144000000	-35908.780	-1266.945	-34641.835	-1261.370
145000000	-35944.831	-1311.696	-34633.135	-1307.154
146000000	-35924.537	-1273.161	-34651.375	-1267.557
147000000	-35908.887	-1252.407	-34656.480	-1247.632
148000000	-35901.776	-1276.552	-34625.224	-1271.175
149000000	-35895.492	-1266.881	-34628.611	-1260.591
150000000	-35968.579	-1316.374	-34652.205	-1312.679
151000000	-35956.675	-1316.892	-34639.783	-1311.001
152000000	-35865.204	-1199.805	-34665.398	-1193.544
153000000	-35937.464	-1303.642	-34633.822	-1298.823
154000000	-35939.320	-1296.250	-34643.070	-1292.101
155000000	-35964.869	-1291.781	-34673.088	-1287.128
156000000	-35996.416	-1335.556	-34660.860	-1329.048
157000000	-35823.583	-1177.367	-34646.216	-1166.303
158000000	-36024.731	-1373.635	-34651.096	-1368.769
159000000	-35885.263	-1263.763	-34621.500	-1256.863
160000000	-35954.308	-1299.538	-34654.770	-1291.838
161000000	-35969.773	-1310.742	-34659.031	-1305.636
162000000	-35932.316	-1296.562	-34635.754	-1291.209
163000000	-35905.718	-1220.715	-34685.004	-1214.697
164000000	-35944.590	-1309.244	-34635.345	-1303.427
165000000	-35898.752	-1254.994	-34643.758	-1249.063
166000000	-35931.993	-1297.396	-34634.597	-1292.192
167000000	-35891.075	-1253.733	-34637.342	-1248.333
168000000	-35965.272	-1302.250	-34663.021	-1296.909
169000000	-35857.264	-1201.239	-34656.025	-1194.272
170000000	-35938.729	-1299.807	-34638.922	-1295.134
171000000	-35948.271	-1291.937	-34656.334	-1287.396
172000000	-35927.924	-1277.991	-34649.932	-1272.761
173000000	-35893.221	-1224.277	-34668.944	-1217.608
174000000	-35896.715	-1251.923	-34644.793	-1243.804
175000000	-35981.373	-1301.419	-34679.954	-1296.392
176000000	-35892.118	-1242.196	-34649.922	-1235.683
177000000	-35924.291	-1264.085	-34660.206	-1259.921
178000000	-35894.054	-1255.300	-34638.754	-1248.487
179000000	-36001.213	-1357.574	-34643.639	-1353.936
180000000	-35940.918	-1278.784	-34662.134	-1273.829
181000000	-35954.236	-1315.502	-34638.734	-1310.791
182000000	-35885.602	-1231.400	-34654.202	-1225.608
183000000	-35881.627	-1247.068	-34634.559	-1238.778
184000000	-35975.789	-1339.717	-34636.072	-1334.426
185000000	-35896.445	-1259.126	-34637.319	-1252.057
186000000	-35889.841	-1240.920	-34648.921	-1234.908
187000000	-35922.822	-1267.225	-34655.597	-1261.242
188000000	-35909.067	-1248.203	-34660.865	-1242.271
189000000	-35883.990	-1250.855	-34633.135	-1243.273
190000000	-35902.096	-1258.392	-34643.704	-1252.990
191000000	-35913.260	-1274.852	-34638.408	-1271.426
192000000	-35943.533	-1313.306	-34630.226	-1308.622
193000000	-35938.146	-1296.447	-34641.699	-1290.297
194000000	-35927.653	-1268.633	-34659.020	-1264.091
195000000	-35955.393	-1297.281	-34658.111	-1292.218
196000000	-35967.040	-1296.611	-34670.429	-1290.960
197000000	-35971.130	-1315.417	-34655.713	-1310.375
198000000	-35954.925	-1305.840	-34649.084	-1300.711
199000000	-35923.626	-1278.201	-34645.425	-1272.444
200000000	-35964.708	-1336.282	-34628.426	-1333.064
201000000	-36004.261	-1373.994	-34630.266	-1370.271
202000000	-35953.244	-1299.736	-34653.507	-1294.804
203000000	-35836.792	-1200.407	-34636.385	-1193.828
204000000	-35873.523	-1233.182	-34640.341	-1222.272
205000000	-35885.310	-1230.477	-34654.833	-1222.663
206000000	-35921.938	-1269.171	-34652.767	-1260.687
207000000	-35944.075	-1311.481	-34632.594	-1304.553
208000000	-35931.766	-1286.992	-34644.774	-1280.523
209000000	-35920.682	-1256.932	-34663.750	-1251.230
210000000	-35848.917	-1202.494	-34646.424	-1189.205
211000000	-35866.172	-1240.390	-34625.783	-1233.113
212000000	-35975.880	-1303.280	-34672.600	-1298.644
213000000	-35885.043	-1231.610	-34653.433	-1223.159
214000000	-35908.144	-1246.243	-34661.901	-1238.450
215000000	-35962.123	-1315.260	-34646.863	-1310.072
216000000	-35946.083	-1304.985	-34641.098	-1300.341
217000000	-35924.215	-1250.411	-34673.803	-1244.805
218000000	-35957.241	-1288.664	-34668.577	-1284.839
219000000	-35948.223	-1294.326	-34653.897	-1287.933
220000000	-35947.246	-1272.799	-34674.447	-1267.981
221000000	-35964.344	-1307.421	-34656.923	-1302.407
222000000	-35947.741	-1307.849	-34639.892	-1303.861
223000000	-35959.805	-1304.732	-34655.073	-1299.990
224000000	-35854.271	-1203.014	-34651.258	-1193.491
225000000	-35956.556	-1315.925	-34640.632	-1311.463
226000000	-35884.672	-1233.729	-34650.943	-1226.906
227000000	-35949.238	-1296.284	-34652.953	-1291.642
228000000	-35958.118	-1295.387	-34662.731	-1291.423
229000000	-35925.905	-1293.295	-34632.610	-1287.579
230000000	-35922.291	-1293.603	-34628.688	-1287.501
231000000	-35979.122	-1336.834	-34642.289	-1331.435
232000000	-35933.221	-1291.630	-34641.591	-1286.501
233000000	-35971.503	-1307.022	-34664.481	-1301.863
234000000	-35931.809	-1296.255	-34635.555	-1291.875
235000000	-35898.452	-1220.479	-34677.973	-1213.547
236000000	-35925.000	-1285.368	-34639.632	-1280.538
237000000	-35919.506	-1257.738	-34661.768	-1253.155
238000000	-35923.845	-1264.815	-34659.030	-1259.082
239000000	-35888.240	-1247.170	-34641.070	-1240.499
240000000	-35950.877	-1291.088	-34659.789	-1284.774
241000000	-35882.225	-1227.366	-34654.859	-1221.724
242000000	-35821.519	-1140.826	-34680.693	-1131.090
243000000	-35898.830	-1255.419	-34643.411	-1250.175
244000000	-35895.406	-1266.779	-34628.627	-1260.931
245000000	-35939.239	-1281.889	-34657.350	-1277.449
246000000	-35885.826	-1246.040	-34639.786	-1239.531
247000000	-35915.215	-1256.645	-34658.571	-1250.804
248000000	-35890.742	-1252.741	-34638.001	-1246.199
249000000	-35916.377	-1261.364	-34655.013	-1255.310
250000000	-35961.095	-1315.051	-34646.043	-1310.554
251000000	-35897.897	-1247.216	-34650.681	-1239.980
252000000	-35893.474	-1237.099	-34656.375	-1232.918
253000000	-35917.603	-1265.186	-34652.418	-1260.121
254000000	-35914.775	-1263.279	-34651.496	-1257.404
255000000	-35898.854	-1233.057	-34665.797	-1228.211
256000000	-35910.210	-1246.912	-34663.298	-1241.669
257000000	-35972.906	-1313.073	-34659.833	-1307.278
258000000	-35980.462	-1351.138	-34629.324	-1347.416
259000000	-35950.614	-1315.866	-34634.748	-1311.513
260000000	-35879.162	-1237.183	-34641.979	-1230.409
261000000	-35929.963	-1281.199	-34648.764	-1274.400
262000000	-35872.962	-1230.433	-34642.529	-1221.728
263000000	-35996.741	-1321.092	-34675.648	-1316.935
264000000	-35911.442	-1243.278	-34668.164	-1238.084
265000000	-35901.015	-1264.293	-34636.722	-1259.935
266000000	-35917.128	-1266.900	-34650.228	-1261.225
267000000	-35912.185	-1248.810	-34663.375	-1241.152
268000000	-35969.118	-1328.421	-34640.697	-1324.448
269000000	-35943.104	-1280.776	-34662.328	-1275.188
270000000	-35826.013	-1191.274	-34634.739	-1176.975
271000000	-35937.861	-1286.655	-34651.206	-1280.715
272000000	-35890.336	-1256.124	-34634.212	-1249.679
273000000	-35900.060	-1257.980	-34642.080	-1250.208
274000000	-35937.582	-1271.493	-34666.088	-1263.848
275000000	-35863.758	-1218.273	-34645.486	-1211.373
276000000	-35884.618	-1234.535	-34650.083	-1228.718
277000000	-35942.871	-1331.640	-34611.231	-1328.204
278000000	-35939.297	-1293.028	-34646.269	-1288.102
279000000	-35932.153	-1274.290	-34657.863	-1268.382
280000000	-35955.929	-1314.439	-34641.490	-1310.175
281000000	-35842.978	-1185.116	-34657.862	-1176.985
282000000	-35918.086	-1271.697	-34646.390	-1264.018
283000000	-35927.739	-1282.869	-34644.869	-1277.441
284000000	-35952.891	-1300.935	-34651.956	-1295.518
285000000	-35941.321	-1309.892	-34631.429	-1305.344
286000000	-35853.291	-1224.166	-34629.125	-1216.598
287000000	-36001.698	-1367.916	-34633.782	-1364.530
288000000	-35949.651	-1298.250	-34651.401	-1294.473
289000000	-35949.077	-1313.917	-34635.160	-1308.402
290000000	-35955.319	-1297.591	-34657.728	-1292.380
291000000	-35899.412	-1248.168	-34651.245	-1239.841
292000000	-35913.957	-1242.573	-34671.384	-1235.818
293000000	-35991.924	-1338.978	-34652.946	-1333.659
294000000	-35882.615	-1242.536	-34640.079	-1235.260
295000000	-35897.396	-1225.252	-34672.144	-1217.797
296000000	-35931.639	-1277.550	-34654.089	-1272.167
297000000	-35954.586	-1320.548	-34634.038	-1315.167
298000000	-35943.027	-1309.622	-34633.404	-1303.806
299000000	-36024.097	-1352.927	-34671.170	-1347.816
300000000	-35960.751	-1317.748	-34643.003	-1311.603
301000000	-35942.115	-1289.523	-34652.593	-1283.504
302000000	-35925.494	-1273.958	-34651.536	-1268.295
303000000	-35967.557	-1311.385	-34656.172	-1308.290
304000000	-35961.877	-1306.213	-34655.663	-1303.363
305000000	-35947.036	-1309.408	-34637.628	-1303.499
306000000	-35940.601	-1308.454	-34632.147	-1303.366
307000000	-35928.647	-1294.412	-34634.235	-1289.998
308000000	-35891.675	-1251.616	-34640.060	-1246.729
309000000	-35939.723	-1288.566	-34651.157	-1283.685
310000000	-35927.367	-1293.765	-34633.602	-1288.898
311000000	-35885.234	-1198.488	-34686.746	-1191.939
312000000	-35909.929	-1255.974	-34653.954	-1250.294
313000000	-35917.690	-1239.554	-34678.135	-1229.695
314000000	-35885.941	-1233.520	-34652.421	-1226.877
315000000	-35980.001	-1315.982	-34664.019	-1312.217
316000000	-35975.980	-1323.641	-34652.339	-1318.191
317000000	-35881.858	-1247.287	-34634.571	-1242.310
318000000	-35932.846	-1300.564	-34632.282	-1294.475
319000000	-35887.267	-1240.989	-34646.278	-1233.282
320000000	-35975.189	-1322.186	-34653.003	-1317.327
321000000	-35958.725	-1314.877	-34643.848	-1309.750
322000000	-35971.376	-1329.125	-34642.251	-1323.272
323000000	-36011.002	-1352.149	-34658.853	-1349.784
324000000	-35983.528	-1334.510	-34649.018	-1327.906
325000000	-35937.721	-1275.256	-34662.465	-1270.050
326000000	-35906.607	-1253.951	-34652.656	-1246.049
327000000	-35864.482	-1233.215	-34631.266	-1225.251
328000000	-35913.581	-1237.775	-34675.806	-1230.804
329000000	-35871.262	-1207.490	-34663.771	-1198.066
330000000	-35951.193	-1283.425	-34667.768	-1277.193
331000000	-35948.912	-1315.619	-34633.293	-1311.129
332000000	-35892.012	-1240.369	-34651.643	-1235.433
333000000	-35940.942	-1281.676	-34659.266	-1276.313
334000000	-35958.640	-1329.983	-34628.657	-1325.739
335000000	-36060.406	-1385.869	-34674.537	-1380.622
336000000	-35920.888	-1259.394	-34661.494	-1252.911
337000000	-35902.888	-1239.423	-34663.465	-1233.696
338000000	-35907.346	-1256.855	-34650.491	-1248.443
339000000	-35893.073	-1269.378	-34623.695	-1260.372
340000000	-35931.829	-1270.964	-34660.865	-1266.664
341000000	-35897.178	-1259.169	-34638.008	-1252.748
342000000	-35944.993	-1306.690	-34638.302	-1300.242
343000000	-35951.076	-1273.449	-34677.628	-1269.489
344000000	-35924.803	-1270.178	-34654.625	-1263.844
345000000	-35868.417	-1209.844	-34658.573	-1201.645
346000000	-35923.484	-1277.256	-34646.227	-1271.806
347000000	-35927.844	-1275.539	-34652.305	-1269.721
348000000	-35992.120	-1328.088	-34664.032	-1323.791
349000000	-35931.459	-1278.444	-34653.015	-1271.642
350000000	-35950.298	-1272.821	-34677.478	-1268.503
351000000	-35890.588	-1263.217	-34627.372	-1256.477
352000000	-35905.602	-1241.605	-34663.997	-1233.478
353000000	-35937.419	-1266.763	-34670.657	-1261.224
354000000	-35941.618	-1300.491	-34641.127	-1294.043
355000000	-35927.421	-1285.973	-34641.448	-1281.921
356000000	-35867.624	-1217.899	-34649.725	-1209.161
357000000	-35885.641	-1236.800	-34648.841	-1229.517
358000000	-35841.321	-1194.224	-34647.097	-1186.699
359000000	-35951.063	-1309.499	-34641.564	-1303.602
360000000	-35919.046	-1255.261	-34663.785	-1250.446
361000000	-35938.197	-1253.016	-34685.180	-1246.138
362000000	-35940.558	-1259.566	-34680.992	-1253.821
363000000	-35857.830	-1195.517	-34662.313	-1189.226
364000000	-35921.393	-1259.564	-34661.829	-1253.833
365000000	-35901.547	-1287.053	-34614.495	-1280.986
366000000	-35931.003	-1271.595	-34659.409	-1266.956
367000000	-35880.089	-1245.539	-34634.550	-1239.998
368000000	-35951.694	-1310.044	-34641.649	-1305.220
369000000	-35883.983	-1230.537	-34653.445	-1224.358
370000000	-35954.372	-1288.936	-34665.436	-1284.810
371000000	-35984.383	-1357.275	-34627.108	-1352.809
372000000	-35940.741	-1274.927	-34665.813	-1267.329
373000000	-35963.668	-1316.762	-34646.906	-1310.452
374000000	-35908.506	-1264.550	-34643.956	-1259.043
375000000	-35874.920	-1235.896	-34639.024	-1227.681
376000000	-35882.976	-1256.078	-34626.898	-1251.088
377000000	-35890.903	-1218.275	-34672.629	-1212.918
378000000	-35888.095	-1247.579	-34640.517	-1244.047
379000000	-35924.755	-1275.259	-34649.496	-1268.932
380000000	-35958.537	-1305.893	-34652.643	-1300.232
381000000	-35900.256	-1250.032	-34650.225	-1246.173
382000000	-35939.052	-1275.717	-34663.335	-1271.644
383000000	-35931.611	-1278.013	-34653.598	-1272.564
384000000	-35899.141	-1283.132	-34616.009	-1278.708
385000000	-35910.775	-1284.944	-34625.831	-1279.178
386000000	-35920.820	-1290.461	-34630.359	-1284.361
387000000	-35929.414	-1259.543	-34669.871	-1253.311
388000000	-35890.708	-1252.799	-34637.908	-1245.434
389000000	-35931.281	-1278.476	-34652.804	-1274.333
390000000	-35912.716	-1275.791	-34636.925	-1269.536
391000000	-35907.228	-1278.196	-34629.032	-1273.551
392000000	-35986.799	-1335.340	-34651.459	-1330.459
393000000	-35971.607	-1298.824	-34672.784	-1291.930
394000000	-35982.733	-1325.166	-34657.567	-1320.941
395000000	-35976.175	-1356.534	-34619.641	-1352.890
396000000	-35878.836	-1218.652	-34660.184	-1212.078
397000000	-35967.143	-1317.648	-34649.496	-1312.083
398000000	-35989.137	-1335.521	-34653.616	-1330.600
399000000	-35915.538	-1250.942	-34664.596	-1245.545
400000000	-35944.163	-1277.303	-34666.860	-1273.143
401000000	-35909.342	-1270.338	-34639.004	-1265.368
402000000	-35894.581	-1251.777	-34642.804	-1243.770
403000000	-35952.461	-1296.927	-34655.534	-1292.251
404000000	-35883.701	-1275.125	-34608.577	-1269.551
405000000	-35905.764	-1266.065	-34639.699	-1260.623
406000000	-35869.739	-1199.229	-34670.510	-1190.407
407000000	-35933.760	-1273.289	-34660.471	-1267.499
408000000	-35926.094	-1283.444	-34642.650	-1277.779
409000000	-35963.358	-1324.463	-34638.895	-1319.568
410000000	-35904.269	-1244.883	-34659.386	-1237.951
411000000	-35864.972	-1219.335	-34645.637	-1210.582
412000000	-35923.319	-1282.443	-34640.876	-1276.646
413000000	-35918.275	-1242.206	-34676.069	-1237.132
414000000	-35917.424	-1256.206	-34661.218	-1250.015
415000000	-36001.657	-1348.379	-34653.278	-1343.652
416000000	-35978.715	-1330.370	-34648.345	-1326.470
417000000	-35930.637	-1259.492	-34671.145	-1251.521
418000000	-35865.654	-1215.141	-34650.513	-1207.733
419000000	-35895.995	-1242.807	-34653.188	-1237.263
420000000	-35905.271	-1263.292	-34641.980	-1258.004
421000000	-35928.086	-1283.770	-34644.316	-1278.351
422000000	-35945.751	-1284.954	-34660.797	-1279.153
423000000	-35935.147	-1292.940	-34642.207	-1285.757
424000000	-35905.297	-1257.343	-34647.954	-1251.841
425000000	-35923.688	-1271.612	-34652.077	-1266.707
426000000	-35910.378	-1238.795	-34671.583	-1233.809
427000000	-35928.502	-1278.233	-34650.269	-1270.518
428000000	-35951.975	-1304.968	-34647.007	-1302.461
429000000	-35891.136	-1240.661	-34650.474	-1234.390
430000000	-35953.138	-1274.511	-34678.627	-1268.669
431000000	-35893.600	-1243.584	-34650.016	-1236.825
432000000	-35901.513	-1281.036	-34620.477	-1274.104
433000000	-35925.294	-1254.188	-34671.106	-1248.583
434000000	-35934.180	-1277.800	-34656.380	-1273.261
435000000	-35818.233	-1172.171	-34646.062	-1162.494
436000000	-35951.895	-1297.195	-34654.700	-1292.976
437000000	-35962.051	-1299.420	-34662.631	-1293.806
438000000	-35952.867	-1286.976	-34665.891	-1282.291
439000000	-35947.818	-1287.476	-34660.342	-1281.997
440000000	-35919.523	-1269.136	-34650.386	-1263.288
441000000	-35898.814	-1257.724	-34641.089	-1248.911
442000000	-35955.400	-1315.513	-34639.887	-1311.037
443000000	-35891.195	-1238.545	-34652.651	-1231.584
444000000	-35860.192	-1226.167	-34634.026	-1219.416
445000000	-35881.719	-1255.338	-34626.380	-1250.614
446000000	-35936.737	-1253.021	-34683.717	-1247.212
447000000	-35869.642	-1236.548	-34633.094	-1229.766
448000000	-35941.184	-1284.431	-34656.752	-1279.622
449000000	-35959.047	-1289.413	-34669.634	-1284.507
450000000	-35929.303	-1276.995	-34652.308	-1270.341
451000000	-35921.582	-1267.576	-34654.006	-1261.174
452000000	-35879.398	-1216.854	-34662.544	-1209.205
453000000	-35953.572	-1282.354	-34671.218	-1276.975
454000000	-35949.564	-1274.141	-34675.423	-1269.251
455000000	-35951.425	-1279.641	-34671.784	-1275.163
456000000	-35913.693	-1289.609	-34624.085	-1283.630
457000000	-35962.999	-1299.772	-34663.227	-1295.949
458000000	-35906.401	-1255.623	-34650.778	-1251.545
459000000	-35970.362	-1277.121	-34693.241	-1271.287
460000000	-35966.122	-1311.953	-34654.168	-1308.802
461000000	-35937.044	-1302.147	-34634.897	-1296.260
462000000	-35866.687	-1196.237	-34670.450	-1189.156
463000000	-35963.922	-1295.928	-34667.994	-1292.591
464000000	-35942.774	-1325.120	-34617.654	-1320.464
465000000	-35930.900	-1270.353	-34660.547	-1263.943
466000000	-35961.366	-1291.005	-34670.361	-1287.402
467000000	-35984.908	-1317.471	-34667.437	-1312.816
468000000	-35942.401	-1278.095	-34664.307	-1273.549
469000000	-35903.117	-1232.068	-34671.049	-1224.632
470000000	-36006.780	-1361.568	-34645.212	-1357.793
471000000	-35927.429	-1265.531	-34661.898	-1261.042
472000000	-35960.972	-1321.986	-34638.986	-1317.598
473000000	-35945.045	-1278.419	-34666.626	-1273.622
474000000	-35951.307	-1280.498	-34670.809	-1275.503
475000000	-35875.482	-1230.908	-34644.573	-1221.859
476000000	-35938.604	-1300.223	-34638.381	-1295.428
477000000	-35979.218	-1301.066	-34678.152	-1296.745
478000000	-35874.523	-1208.381	-34666.142	-1201.669
479000000	-35848.924	-1225.565	-34623.358	-1219.837
480000000	-35906.352	-1260.084	-34646.268	-1255.331
481000000	-35892.739	-1262.437	-34630.302	-1256.179
482000000	-35876.974	-1213.842	-34663.132	-1204.248
483000000	-35870.493	-1227.404	-34643.089	-1220.230
484000000	-35944.416	-1299.220	-34645.195	-1293.763
485000000	-35968.641	-1328.971	-34639.670	-1324.445
486000000	-36004.627	-1346.157	-34658.470	-1341.654
487000000	-35878.617	-1227.618	-34650.999	-1222.131
488000000	-35930.039	-1274.914	-34655.125	-1269.493
489000000	-35941.809	-1286.004	-34655.805	-1281.010
490000000	-35919.132	-1286.393	-34632.739	-1281.465
491000000	-35920.785	-1251.238	-34669.547	-1246.144
492000000	-35950.373	-1315.294	-34635.079	-1309.300
493000000	-35929.936	-1285.305	-34644.631	-1280.987
494000000	-35924.037	-1275.215	-34648.822	-1267.369
495000000	-35910.958	-1256.678	-34654.280	-1249.469
496000000	-35918.064	-1256.634	-34661.431	-1250.064
497000000	-35911.867	-1284.408	-34627.458	-1280.380
498000000	-35977.437	-1318.235	-34659.202	-1313.435
499000000	-36007.275	-1355.468	-34651.807	-1351.395
500000000	-35870.772	-1237.447	-34633.326	-1232.202
501000000	-35924.284	-1274.629	-34649.655	-1268.010
502000000	-36008.886	-1354.045	-34654.841	-1350.850
503000000	-35852.496	-1195.949	-34656.546	-1189.241
504000000	-35906.067	-1235.646	-34670.421	-1229.403
505000000	-35878.065	-1253.518	-34624.547	-1245.366
506000000	-35939.103	-1294.788	-34644.315	-1290.635
507000000	-35954.711	-1328.539	-34626.171	-1323.031
508000000	-35954.178	-1295.260	-34658.918	-1291.060
509000000	-35883.271	-1249.128	-34634.143	-1242.331
510000000	-35950.640	-1298.933	-34651.708	-1293.803
511000000	-35914.780	-1244.864	-34669.915	-1237.403
512000000	-35958.238	-1305.878	-34652.360	-1300.148
513000000	-35918.710	-1252.939	-34665.771	-1245.702
514000000	-35893.320	-1250.813	-34642.507	-1245.036
515000000	-35966.769	-1277.951	-34688.818	-1272.685
516000000	-35981.373	-1295.697	-34685.676	-1289.764
517000000	-35950.778	-1280.255	-34670.523	-1275.112
518000000	-35947.296	-1294.051	-34653.245	-1287.817
519000000	-35958.383	-1316.475	-34641.907	-1311.305
520000000	-35897.662	-1247.366	-34650.296	-1242.604
521000000	-35854.877	-1227.860	-34627.017	-1219.645
522000000	-35955.396	-1290.507	-34664.889	-1284.546
523000000	-35933.654	-1281.825	-34651.829	-1275.909
524000000	-35933.774	-1292.465	-34641.309	-1286.592
525000000	-35961.967	-1322.852	-34639.114	-1318.516
526000000	-35914.380	-1267.610	-34646.770	-1261.120
527000000	-35912.436	-1245.288	-34667.147	-1239.971
528000000	-35907.329	-1238.010	-34669.319	-1233.162
529000000	-35911.588	-1225.188	-34686.400	-1218.586
530000000	-35934.228	-1263.294	-34670.934	-1257.588
531000000	-35911.792	-1262.659	-34649.133	-1257.489
532000000	-35944.370	-1309.974	-34634.396	-1301.867
533000000	-36053.441	-1384.296	-34669.144	-1380.314
534000000	-35965.604	-1313.130	-34652.474	-1309.367
535000000	-35945.055	-1275.472	-34669.583	-1270.748
536000000	-35921.969	-1256.642	-34665.327	-1250.011
537000000	-35859.896	-1201.648	-34658.247	-1190.440
538000000	-35946.559	-1265.003	-34681.556	-1260.115
539000000	-35981.818	-1338.506	-34643.312	-1330.723
540000000	-35989.416	-1310.845	-34678.571	-1306.450
541000000	-35974.396	-1305.878	-34668.518	-1298.851
542000000	-35980.379	-1348.440	-34631.940	-1344.572
543000000	-35948.868	-1304.717	-34644.151	-1299.231
544000000	-36009.774	-1342.384	-34667.390	-1337.835
545000000	-35891.088	-1201.837	-34689.252	-1193.048
546000000	-35902.978	-1283.578	-34619.400	-1276.163
547000000	-35954.022	-1295.788	-34658.235	-1290.597
548000000	-35861.746	-1209.209	-34652.536	-1200.132
549000000	-35939.732	-1275.219	-34664.513	-1270.578
550000000	-35975.072	-1318.667	-34656.405	-1313.247
551000000	-35924.891	-1279.485	-34645.406	-1274.002
552000000	-35914.755	-1276.458	-34638.298	-1270.174
553000000	-35964.304	-1302.254	-34662.050	-1298.081
554000000	-35923.161	-1285.496	-34637.665	-1280.548
555000000	-35934.288	-1257.000	-34677.288	-1250.889
556000000	-35921.612	-1267.909	-34653.703	-1261.927
557000000	-35942.116	-1292.814	-34649.302	-1288.121
558000000	-35978.437	-1327.011	-34651.425	-1322.438
559000000	-35903.681	-1254.320	-34649.361	-1249.063
560000000	-35878.302	-1226.046	-34652.256	-1217.570
561000000	-35912.124	-1279.352	-34632.772	-1273.445
562000000	-35949.049	-1288.103	-34660.946	-1280.622
563000000	-35896.817	-1245.823	-34650.994	-1239.564
564000000	-35903.003	-1242.586	-34660.417	-1236.435
565000000	-35923.491	-1266.977	-34656.514	-1261.815
566000000	-35911.348	-1249.386	-34661.962	-1244.061
567000000	-35940.068	-1281.016	-34659.052	-1276.254
568000000	-35913.720	-1279.070	-34634.651	-1274.453
569000000	-35964.281	-1298.690	-34665.592	-1294.165
570000000	-35973.147	-1338.371	-34634.776	-1334.256
571000000	-35912.691	-1278.663	-34634.028	-1273.323
572000000	-35937.224	-1276.641	-34660.583	-1271.283
573000000	-35893.874	-1264.934	-34628.941	-1256.594
574000000	-35949.217	-1283.326	-34665.891	-1278.073
575000000	-36001.026	-1357.834	-34643.192	-1353.884
576000000	-35919.924	-1261.029	-34658.895	-1254.410
577000000	-35848.451	-1191.008	-34657.443	-1183.619
578000000	-35905.052	-1271.816	-34633.236	-1264.040
579000000	-35972.129	-1331.526	-34640.603	-1326.127
580000000	-35992.774	-1344.668	-34648.106	-1340.588
581000000	-35909.094	-1273.723	-34635.371	-1268.644
582000000	-36010.340	-1349.975	-34660.365	-1347.240
583000000	-35955.816	-1306.420	-34649.396	-1302.151
584000000	-35925.341	-1235.415	-34689.927	-1229.659
585000000	-35938.628	-1276.704	-34661.924	-1271.568
586000000	-36010.300	-1351.377	-34658.924	-1347.178
587000000	-35942.902	-1313.425	-34629.477	-1307.920
588000000	-35906.478	-1251.839	-34654.639	-1246.334
589000000	-35912.192	-1272.594	-34639.598	-1264.933
590000000	-35966.660	-1332.790	-34633.870	-1329.997
591000000	-36003.440	-1366.176	-34637.264	-1361.640
592000000	-35961.959	-1312.949	-34649.010	-1309.518
593000000	-35908.483	-1264.549	-34643.933	-1258.238
594000000	-35988.607	-1333.964	-34654.643	-1329.019
595000000	-35989.114	-1327.170	-34661.944	-1322.740
596000000	-35902.114	-1240.769	-34661.345	-1233.321
597000000	-35966.428	-1277.318	-34689.109	-1273.072
598000000	-35922.409	-1253.868	-34668.541	-1248.461
599000000	-35930.117	-1299.732	-34630.385	-1291.790
600000000	-35973.482	-1320.024	-34653.459	-1315.935
601000000	-35936.502	-1256.583	-34679.919	-1250.052
602000000	-35927.303	-1264.205	-34663.098	-1257.554
603000000	-35978.441	-1328.001	-34650.440	-1322.277
604000000	-35915.099	-1271.067	-34644.032	-1266.320
605000000	-35867.925	-1205.597	-34662.327	-1197.296
606000000	-35891.359	-1274.358	-34617.001	-1269.597
607000000	-36012.552	-1346.686	-34665.867	-1343.523
608000000	-35972.508	-1322.033	-34650.475	-1319.434
609000000	-35874.200	-1219.276	-34654.924	-1210.141
610000000	-36037.995	-1391.717	-34646.278	-1388.148
611000000	-35894.934	-1240.199	-34654.735	-1233.614
612000000	-35896.151	-1249.840	-34646.311	-1245.585
613000000	-35972.229	-1328.048	-34644.181	-1324.089
614000000	-35958.888	-1306.576	-34652.312	-1301.848
615000000	-35904.250	-1230.174	-34674.076	-1223.120
616000000	-35918.395	-1268.478	-34649.917	-1262.660
617000000	-35959.158	-1311.000	-34648.158	-1307.639
618000000	-35928.544	-1248.560	-34679.983	-1243.184
619000000	-35960.774	-1332.845	-34627.928	-1328.047
620000000	-35942.806	-1279.127	-34663.679	-1274.196
621000000	-35909.614	-1263.848	-34645.767	-1257.291
622000000	-35928.407	-1294.498	-34633.909	-1287.916
623000000	-35972.446	-1338.112	-34634.334	-1334.226
624000000	-35862.940	-1230.113	-34632.827	-1221.306
625000000	-35963.851	-1325.869	-34637.982	-1321.412
626000000	-35947.746	-1295.222	-34652.524	-1291.151
627000000	-35902.309	-1250.881	-34651.427	-1245.495
628000000	-35970.793	-1336.209	-34634.584	-1330.854
629000000	-35914.150	-1237.985	-34676.165	-1230.521
630000000	-35955.352	-1277.819	-34677.533	-1273.494
631000000	-35912.131	-1265.998	-34646.133	-1260.791
632000000	-35943.025	-1305.576	-34637.449	-1300.627
633000000	-35954.300	-1295.056	-34659.244	-1290.065
634000000	-35944.462	-1290.878	-34653.584	-1286.611
635000000	-35947.201	-1266.034	-34681.167	-1260.156
636000000	-35919.592	-1263.470	-34656.122	-1258.353
637000000	-35916.951	-1275.671	-34641.281	-1267.548
638000000	-35881.386	-1208.535	-34672.851	-1202.613
639000000	-35826.788	-1152.492	-34674.296	-1136.650
640000000	-35892.388	-1256.235	-34636.153	-1250.627
641000000	-35956.956	-1296.579	-34660.377	-1290.481
642000000	-35933.304	-1273.112	-34660.192	-1267.904
643000000	-35921.732	-1280.491	-34641.241	-1275.380
644000000	-35969.732	-1322.488	-34647.244	-1317.951
645000000	-35945.167	-1301.954	-34643.213	-1296.411
646000000	-35992.368	-1342.170	-34650.198	-1337.595
647000000	-35861.276	-1243.695	-34617.581	-1237.614
648000000	-35969.401	-1337.465	-34631.936	-1332.034
649000000	-35924.296	-1272.449	-34651.847	-1264.859
650000000	-35970.784	-1313.430	-34657.354	-1308.696
651000000	-35917.334	-1289.625	-34627.709	-1284.573
652000000	-35909.433	-1256.902	-34652.530	-1250.252
653000000	-35920.531	-1260.345	-34660.186	-1255.192
654000000	-35977.686	-1310.371	-34667.315	-1305.395
655000000	-35867.904	-1223.847	-34644.057	-1217.144
656000000	-35924.986	-1280.540	-34644.447	-1274.307
657000000	-35907.153	-1264.263	-34642.890	-1257.547
658000000	-35934.293	-1267.252	-34667.041	-1260.739
659000000	-35967.185	-1301.436	-34665.749	-1296.851
660000000	-35895.738	-1271.006	-34624.732	-1264.314
661000000	-35958.521	-1296.999	-34661.522	-1290.885
662000000	-35892.599	-1235.141	-34657.458	-1231.031
663000000	-35933.261	-1274.926	-34658.335	-1270.054
664000000	-35900.201	-1235.189	-34665.011	-1229.351
665000000	-35927.800	-1271.027	-34656.773	-1265.978
666000000	-35908.822	-1276.336	-34632.486	-1269.743
667000000	-35973.430	-1308.136	-34665.294	-1304.979
668000000	-35947.227	-1291.952	-34655.275	-1285.851
669000000	-35866.335	-1192.485	-34673.850	-1183.643
670000000	-35950.611	-1315.242	-34635.369	-1311.084
671000000	-35892.669	-1238.029	-34654.640	-1231.047
672000000	-36018.191	-1358.899	-34659.293	-1354.157
673000000	-35922.527	-1265.287	-34657.240	-1259.523
674000000	-35898.994	-1269.543	-34629.451	-1263.992
675000000	-35922.765	-1275.563	-34647.202	-1270.344
676000000	-35925.307	-1248.593	-34676.714	-1242.429
677000000	-35894.386	-1234.717	-34659.669	-1226.045
678000000	-35967.390	-1321.175	-34646.215	-1317.695
679000000	-35913.913	-1290.491	-34623.423	-1284.806
680000000	-35929.581	-1269.260	-34660.321	-1264.741
681000000	-35976.691	-1319.734	-34656.957	-1316.018
682000000	-35963.687	-1316.671	-34647.016	-1311.264
683000000	-35898.130	-1250.794	-34647.337	-1245.706
684000000	-35885.287	-1250.275	-34635.012	-1244.136
685000000	-36002.691	-1341.174	-34661.517	-1337.135
686000000	-35930.967	-1295.912	-34635.055	-1290.030
687000000	-35948.934	-1301.444	-34647.490	-1294.654
688000000	-35979.921	-1319.524	-34660.397	-1316.897
689000000	-35893.097	-1249.469	-34643.628	-1243.366
690000000	-35929.047	-1287.334	-34641.713	-1282.951
691000000	-35962.249	-1311.515	-34650.734	-1306.232
692000000	-35929.745	-1288.921	-34640.824	-1283.560
693000000	-35909.941	-1243.171	-34666.770	-1234.047
694000000	-35985.142	-1333.644	-34651.498	-1329.782
695000000	-35846.939	-1207.082	-34639.856	-1198.805
696000000	-35880.601	-1235.241	-34645.361	-1228.595
697000000	-35929.484	-1282.880	-34646.604	-1277.773
698000000	-35870.485	-1243.131	-34627.354	-1236.137
699000000	-35892.062	-1237.838	-34654.225	-1231.243
700000000	-35898.902	-1243.176	-34655.726	-1237.249
701000000	-35965.448	-1287.540	-34677.908	-1280.679
702000000	-36001.565	-1359.671	-34641.894	-1354.801
703000000	-35957.704	-1320.775	-34636.929	-1315.367
704000000	-35968.996	-1320.403	-34648.593	-1314.885
705000000	-35931.585	-1269.512	-34662.073	-1261.976
706000000	-35874.983	-1228.568	-34646.415	-1220.605
707000000	-35936.244	-1289.197	-34647.047	-1285.228
708000000	-35888.885	-1217.571	-34671.313	-1210.483
709000000	-35944.137	-1283.138	-34660.999	-1279.370
710000000	-35961.435	-1304.538	-34656.897	-1300.824
711000000	-36002.985	-1331.522	-34671.462	-1327.619
712000000	-35914.606	-1239.778	-34674.828	-1232.726
713000000	-35944.856	-1277.458	-34667.398	-1273.110
714000000	-35906.179	-1247.232	-34658.947	-1241.407
715000000	-35964.755	-1314.305	-34650.450	-1308.907
716000000	-35931.823	-1280.171	-34651.652	-1274.113
717000000	-35861.426	-1219.354	-34642.071	-1211.854
718000000	-35892.355	-1246.719	-34645.636	-1241.496
719000000	-35846.857	-1195.287	-34651.570	-1185.863
720000000	-35936.481	-1284.138	-34652.344	-1278.266
721000000	-35959.873	-1308.559	-34651.314	-1304.517
722000000	-35888.183	-1248.131	-34640.052	-1243.718
723000000	-35899.195	-1227.020	-34672.175	-1222.306
724000000	-35968.612	-1313.768	-34654.844	-1310.440
725000000	-35946.675	-1302.964	-34643.712	-1298.398
726000000	-35943.762	-1270.450	-34673.312	-1263.289
727000000	-35898.389	-1228.006	-34670.384	-1221.758
728000000	-35962.657	-1302.169	-34660.487	-1298.247
729000000	-35958.327	-1297.789	-34660.537	-1292.735
730000000	-35941.650	-1283.747	-34657.903	-1279.555
731000000	-35897.348	-1278.934	-34618.415	-1273.910
732000000	-35911.777	-1274.525	-34637.252	-1269.136
733000000	-35938.202	-1317.220	-34620.981	-1311.712
734000000	-35903.077	-1262.819	-34640.257	-1258.099
735000000	-35961.173	-1317.834	-34643.338	-1311.272
736000000	-35978.233	-1317.297	-34660.936	-1312.887
737000000	-35922.944	-1267.456	-34655.488	-1262.069
738000000	-35871.991	-1218.415	-34653.576	-1211.536
739000000	-35999.907	-1336.061	-34663.846	-1331.703
740000000	-35856.212	-1202.082	-34654.129	-1195.523
741000000	-36009.769	-1334.822	-34674.947	-1330.658
742000000	-35903.208	-1240.251	-34662.957	-1232.949
743000000	-35905.948	-1260.729	-34645.220	-1255.042
744000000	-36055.137	-1412.216	-34642.921	-1409.795
745000000	-35881.866	-1209.605	-34672.261	-1203.241
746000000	-35950.591	-1305.680	-34644.911	-1300.092
747000000	-35968.782	-1328.337	-34640.444	-1322.760
748000000	-35918.578	-1259.538	-34659.040	-1254.526
749000000	-35936.885	-1299.029	-34637.856	-1294.667
750000000	-35980.294	-1331.739	-34648.555	-1327.050
751000000	-35923.608	-1274.271	-34649.337	-1268.153
752000000	-35965.030	-1328.964	-34636.066	-1324.994
753000000	-35916.969	-1276.317	-34640.653	-1269.898
754000000	-35911.291	-1252.244	-34659.047	-1247.810
755000000	-35944.602	-1310.240	-34634.361	-1304.749
756000000	-35813.320	-1158.158	-34655.161	-1146.673
757000000	-35854.696	-1217.432	-34637.264	-1207.189
758000000	-35971.035	-1305.378	-34665.657	-1301.543
759000000	-35943.072	-1280.721	-34662.351	-1275.377
760000000	-35863.694	-1211.585	-34652.110	-1205.223
761000000	-35929.797	-1290.204	-34639.593	-1284.663
762000000	-35980.226	-1325.914	-34654.312	-1321.565
763000000	-35919.057	-1255.406	-34663.650	-1247.913
764000000	-35966.471	-1302.104	-34664.367	-1297.204
765000000	-35907.127	-1274.446	-34632.680	-1268.181
766000000	-35888.995	-1275.521	-34613.474	-1268.725
767000000	-35870.938	-1216.534	-34654.403	-1210.392
768000000	-35881.059	-1268.928	-34612.131	-1259.730
769000000	-35972.169	-1294.180	-34677.989	-1288.974
770000000	-35979.204	-1286.430	-34692.774	-1282.128
771000000	-35930.114	-1286.984	-34643.130	-1284.148
772000000	-35932.126	-1279.029	-34653.097	-1273.567
773000000	-35953.789	-1308.106	-34645.683	-1303.522
774000000	-35917.946	-1264.196	-34653.750	-1257.963
775000000	-35955.581	-1309.583	-34645.998	-1305.723
776000000	-35936.706	-1270.768	-34665.938	-1265.233
777000000	-35982.993	-1314.964	-34668.029	-1310.793
778000000	-35818.527	-1164.096	-34654.431	-1155.653
779000000	-35922.578	-1270.375	-34652.203	-1265.662
780000000	-35924.370	-1280.724	-34643.646	-1273.698
781000000	-35949.958	-1288.866	-34661.092	-1282.838
782000000	-35893.055	-1248.810	-34644.245	-1240.044
783000000	-35985.954	-1327.374	-34658.580	-1322.045
784000000	-35962.331	-1337.329	-34625.002	-1333.040
785000000	-35911.499	-1251.837	-34659.662	-1245.762
786000000	-35982.047	-1308.796	-34673.251	-1304.486
787000000	-35898.961	-1254.099	-34644.862	-1246.888
788000000	-35920.041	-1259.000	-34661.041	-1252.603
789000000	-35937.580	-1306.669	-34630.911	-1299.612
790000000	-35899.884	-1248.963	-34650.921	-1241.953
791000000	-35991.421	-1334.204	-34657.217	-1330.813
792000000	-35996.575	-1312.056	-34684.520	-1307.517
793000000	-35911.167	-1259.712	-34651.455	-1254.383
794000000	-35947.300	-1286.207	-34661.093	-1281.586
795000000	-35901.068	-1254.610	-34646.458	-1248.918
796000000	-35963.071	-1339.392	-34623.679	-1335.200
797000000	-35971.783	-1317.036	-34654.747	-1312.580
798000000	-35923.801	-1306.666	-34617.136	-1298.880
799000000	-35957.181	-1316.702	-34640.479	-1309.705
800000000	-35960.242	-1301.893	-34658.349	-1296.624
