state	pscore
1000000	392
2000000	392
3000000	392
4000000	393
5000000	392
6000000	393
7000000	392
8000000	392
9000000	393
10000000	393
11000000	392
12000000	392
13000000	392
14000000	392
15000000	392
16000000	392
17000000	392
18000000	392
19000000	392
20000000	393
21000000	392
22000000	392
23000000	392
24000000	392
25000000	392
26000000	392
27000000	392
28000000	393
29000000	393
30000000	393
31000000	393
32000000	392
33000000	393
34000000	392
35000000	392
36000000	392
37000000	392
38000000	393
39000000	393
40000000	392
41000000	393
42000000	392
43000000	392
44000000	392
45000000	392
46000000	392
47000000	392
48000000	393
49000000	393
50000000	392
51000000	392
52000000	392
53000000	392
54000000	392
55000000	392
56000000	392
57000000	392
58000000	392
59000000	393
60000000	392
61000000	393
62000000	392
63000000	392
64000000	392
65000000	392
66000000	392
67000000	392
68000000	394
69000000	392
70000000	392
71000000	392
72000000	392
73000000	393
74000000	392
75000000	392
76000000	392
77000000	392
78000000	392
79000000	392
80000000	392
81000000	392
82000000	393
83000000	392
84000000	392
85000000	392
86000000	392
87000000	393
88000000	392
89000000	392
90000000	392
91000000	392
92000000	392
93000000	392
94000000	393
95000000	392
96000000	392
97000000	392
98000000	392
99000000	393
100000000	392
101000000	392
102000000	392
103000000	392
104000000	392
105000000	392
106000000	392
107000000	392
108000000	392
109000000	392
110000000	392
111000000	393
112000000	392
113000000	392
114000000	392
115000000	392
116000000	392
117000000	392
118000000	393
119000000	393
120000000	392
121000000	392
122000000	392
123000000	392
124000000	392
125000000	392
126000000	392
127000000	392
128000000	392
129000000	392
130000000	392
131000000	392
132000000	392
133000000	392
134000000	392
135000000	392
136000000	392
137000000	392
138000000	392
139000000	393
140000000	392
141000000	393
142000000	393
143000000	392
144000000	392
145000000	392
146000000	392
147000000	392
148000000	392
149000000	394
150000000	393
151000000	392
152000000	392
153000000	392
154000000	393
155000000	392
156000000	392
157000000	392
158000000	392
159000000	393
160000000	392
161000000	392
162000000	393
163000000	392
164000000	392
165000000	393
166000000	392
167000000	392
168000000	392
169000000	392
170000000	392
171000000	392
172000000	392
173000000	392
174000000	392
175000000	392
176000000	392
177000000	392
178000000	392
179000000	394
180000000	392
181000000	392
182000000	392
183000000	392
184000000	393
185000000	392
186000000	392
187000000	392
188000000	392
189000000	392
190000000	392
191000000	392
192000000	392
193000000	392
194000000	392
195000000	392
196000000	392
197000000	393
198000000	392
199000000	394
200000000	392
201000000	393
202000000	392
203000000	392
204000000	392
205000000	392
206000000	392
207000000	392
208000000	392
209000000	392
210000000	393
211000000	394
212000000	392
213000000	392
214000000	393
215000000	392
216000000	392
217000000	392
218000000	393
219000000	392
220000000	392
221000000	392
222000000	392
223000000	392
224000000	392
225000000	393
226000000	392
227000000	392
228000000	392
229000000	392
230000000	392
231000000	392
232000000	392
233000000	392
234000000	392
235000000	392
236000000	392
237000000	392
238000000	392
239000000	392
240000000	392
241000000	392
242000000	392
243000000	392
244000000	392
245000000	392
246000000	393
247000000	392
248000000	392
249000000	392
250000000	392
251000000	392
252000000	392
253000000	392
254000000	393
255000000	392
256000000	392
257000000	393
258000000	392
259000000	392
260000000	392
261000000	392
262000000	392
263000000	392
264000000	392
265000000	392
266000000	392
267000000	392
268000000	393
269000000	392
270000000	394
271000000	393
272000000	392
273000000	392
274000000	393
275000000	392
276000000	392
277000000	392
278000000	392
279000000	394
280000000	392
281000000	392
282000000	393
283000000	392
284000000	392
285000000	392
286000000	393
287000000	392
288000000	392
289000000	392
290000000	394
291000000	392
292000000	392
293000000	392
294000000	392
295000000	392
296000000	392
297000000	392
298000000	393
299000000	392
300000000	392
301000000	392
302000000	393
303000000	392
304000000	393
305000000	392
306000000	392
307000000	392
308000000	392
309000000	393
310000000	392
311000000	392
312000000	392
313000000	392
314000000	392
315000000	392
316000000	392
317000000	392
318000000	392
319000000	392
320000000	392
321000000	392
322000000	392
323000000	392
324000000	392
325000000	392
326000000	393
327000000	392
328000000	392
329000000	392
330000000	392
331000000	392
332000000	393
333000000	392
334000000	392
335000000	392
336000000	392
337000000	392
338000000	392
339000000	392
340000000	392
341000000	392
342000000	392
343000000	392
344000000	392
345000000	392
346000000	392
347000000	392
348000000	392
349000000	393
350000000	393
351000000	392
352000000	392
353000000	392
354000000	392
355000000	392
356000000	392
357000000	392
358000000	392
359000000	392
360000000	392
361000000	392
362000000	392
363000000	392
364000000	393
365000000	392
366000000	392
367000000	392
368000000	392
369000000	393
370000000	394
371000000	392
372000000	393
373000000	392
374000000	392
375000000	392
376000000	392
377000000	392
378000000	393
379000000	392
380000000	392
381000000	392
382000000	394
383000000	392
384000000	392
385000000	392
386000000	392
387000000	392
388000000	392
389000000	392
390000000	392
391000000	392
392000000	392
393000000	392
394000000	392
395000000	392
396000000	393
397000000	392
398000000	392
399000000	392
400000000	392
401000000	393
402000000	392
403000000	392
404000000	392
405000000	392
406000000	392
407000000	392
408000000	393
409000000	392
410000000	392
411000000	393
412000000	392
413000000	392
414000000	392
415000000	392
416000000	392
417000000	392
418000000	392
419000000	392
420000000	392
421000000	392
422000000	393
423000000	393
424000000	393
425000000	393
426000000	392
427000000	392
428000000	392
429000000	392
430000000	392
431000000	393
432000000	392
433000000	392
434000000	392
435000000	392
436000000	392
437000000	392
438000000	392
439000000	392
440000000	393
441000000	392
442000000	393
443000000	392
444000000	392
445000000	392
446000000	392
447000000	392
448000000	392
449000000	392
450000000	392
451000000	392
452000000	392
453000000	392
454000000	392
455000000	392
456000000	392
457000000	392
458000000	392
459000000	392
460000000	392
461000000	392
462000000	392
463000000	392
464000000	392
465000000	393
466000000	392
467000000	392
468000000	392
469000000	393
470000000	392
471000000	392
472000000	392
473000000	392
474000000	392
475000000	392
476000000	393
477000000	392
478000000	392
479000000	392
480000000	393
481000000	392
482000000	392
483000000	392
484000000	392
485000000	392
486000000	392
487000000	392
488000000	392
489000000	392
490000000	392
491000000	392
492000000	392
493000000	392
494000000	393
495000000	392
496000000	392
497000000	392
498000000	392
499000000	392
500000000	392
501000000	392
502000000	392
503000000	393
504000000	392
505000000	392
506000000	392
507000000	392
508000000	392
509000000	392
510000000	394
511000000	392
512000000	393
513000000	392
514000000	392
515000000	392
516000000	392
517000000	392
518000000	392
519000000	392
520000000	393
521000000	392
522000000	392
523000000	392
524000000	392
525000000	392
526000000	392
527000000	392
528000000	392
529000000	393
530000000	393
531000000	392
532000000	392
533000000	392
534000000	393
535000000	392
536000000	392
537000000	393
538000000	392
539000000	392
540000000	392
541000000	392
542000000	392
543000000	393
544000000	392
545000000	393
546000000	392
547000000	392
548000000	392
549000000	392
550000000	393
551000000	392
552000000	392
553000000	393
554000000	392
555000000	392
556000000	392
557000000	392
558000000	392
559000000	392
560000000	392
561000000	392
562000000	392
563000000	392
564000000	392
565000000	392
566000000	392
567000000	392
568000000	393
569000000	393
570000000	392
571000000	392
572000000	392
573000000	392
574000000	392
575000000	392
576000000	393
577000000	392
578000000	392
579000000	392
580000000	393
581000000	392
582000000	392
583000000	392
584000000	392
585000000	392
586000000	392
587000000	392
588000000	392
589000000	392
590000000	393
591000000	392
592000000	393
593000000	392
594000000	392
595000000	392
596000000	392
597000000	392
598000000	394
599000000	392
600000000	392
601000000	392
602000000	392
603000000	392
604000000	392
605000000	392
606000000	392
607000000	392
608000000	392
609000000	392
610000000	392
611000000	392
612000000	392
613000000	392
614000000	392
615000000	392
616000000	392
617000000	392
618000000	393
619000000	392
620000000	393
621000000	392
622000000	392
623000000	392
624000000	392
625000000	392
626000000	392
627000000	392
628000000	392
629000000	393
630000000	392
631000000	393
632000000	392
633000000	392
634000000	392
635000000	392
636000000	392
637000000	392
638000000	392
639000000	392
640000000	392
641000000	392
642000000	392
643000000	392
644000000	392
645000000	392
646000000	392
647000000	393
648000000	393
649000000	392
650000000	392
651000000	392
652000000	392
653000000	392
654000000	392
655000000	392
656000000	392
657000000	392
658000000	392
659000000	392
660000000	392
661000000	392
662000000	392
663000000	393
664000000	392
665000000	393
666000000	392
667000000	392
668000000	392
669000000	392
670000000	392
671000000	392
672000000	393
673000000	392
674000000	392
675000000	392
676000000	392
677000000	392
678000000	392
679000000	392
680000000	392
681000000	392
682000000	392
683000000	392
684000000	392
685000000	393
686000000	392
687000000	392
688000000	393
689000000	392
690000000	392
691000000	393
692000000	392
693000000	392
694000000	392
695000000	393
696000000	393
697000000	392
698000000	392
699000000	392
700000000	392
701000000	392
702000000	393
703000000	392
704000000	392
705000000	392
706000000	392
707000000	393
708000000	392
709000000	392
710000000	392
711000000	392
712000000	392
713000000	392
714000000	392
715000000	392
716000000	392
717000000	393
718000000	392
719000000	392
720000000	392
721000000	392
722000000	392
723000000	392
724000000	392
725000000	392
726000000	392
727000000	392
728000000	392
729000000	392
730000000	392
731000000	392
732000000	392
733000000	393
734000000	392
735000000	392
736000000	392
737000000	392
738000000	392
739000000	392
740000000	392
741000000	392
742000000	392
743000000	392
744000000	392
745000000	393
746000000	393
747000000	392
748000000	392
749000000	392
750000000	392
751000000	393
752000000	392
753000000	392
754000000	392
755000000	392
756000000	392
757000000	392
758000000	392
759000000	392
760000000	392
761000000	392
762000000	393
763000000	392
764000000	392
765000000	392
766000000	392
767000000	392
768000000	393
769000000	392
770000000	392
771000000	392
772000000	392
773000000	392
774000000	392
775000000	392
776000000	392
777000000	392
778000000	392
779000000	392
780000000	393
781000000	393
782000000	392
783000000	393
784000000	392
785000000	392
786000000	392
787000000	392
788000000	392
789000000	392
790000000	392
791000000	392
792000000	392
793000000	392
794000000	392
795000000	392
796000000	392
797000000	392
798000000	392
799000000	392
800000000	392
