state	posterior	prior	likelihood	skygrid
1000000	-31390.107	-4042.881	-27347.225	-255.770
2000000	-31417.579	-4042.691	-27374.889	-257.778
3000000	-31352.617	-3999.169	-27353.448	-217.605
4000000	-31378.631	-4022.461	-27356.170	-238.584
5000000	-31386.438	-4030.702	-27355.737	-243.805
6000000	-31350.710	-3993.561	-27357.149	-210.255
7000000	-31418.042	-4060.115	-27357.926	-276.631
8000000	-31387.851	-4048.335	-27339.516	-263.410
9000000	-31399.761	-4055.160	-27344.601	-270.664
10000000	-31368.227	-4000.829	-27367.398	-215.587
11000000	-31479.453	-4086.285	-27393.169	-300.254
12000000	-31372.385	-3977.010	-27395.375	-191.956
13000000	-31388.928	-4030.973	-27357.955	-247.099
14000000	-31313.841	-3981.111	-27332.730	-194.860
15000000	-31448.330	-4071.550	-27376.780	-288.319
16000000	-31378.396	-4038.534	-27339.862	-254.282
17000000	-31382.793	-4025.227	-27357.566	-239.175
18000000	-31396.073	-4036.961	-27359.112	-253.528
19000000	-31375.335	-4034.102	-27341.233	-247.923
20000000	-31363.873	-4029.993	-27333.880	-246.830
21000000	-31369.419	-4032.524	-27336.895	-246.952
22000000	-31400.166	-4031.025	-27369.141	-247.078
23000000	-31381.935	-4028.503	-27353.432	-245.119
24000000	-31375.790	-4022.933	-27352.857	-237.306
25000000	-31409.116	-4061.431	-27347.685	-278.702
26000000	-31406.918	-4059.388	-27347.530	-274.715
27000000	-31365.511	-4007.598	-27357.914	-220.538
28000000	-31313.760	-3992.103	-27321.657	-207.001
29000000	-31407.348	-4050.946	-27356.402	-266.540
30000000	-31338.773	-4015.887	-27322.887	-231.754
31000000	-31433.220	-4071.703	-27361.517	-287.295
32000000	-31357.782	-4021.042	-27336.740	-236.423
33000000	-31364.342	-4022.937	-27341.405	-238.104
34000000	-31396.769	-4012.102	-27384.668	-227.135
35000000	-31384.490	-4027.580	-27356.910	-242.910
36000000	-31321.256	-3977.009	-27344.247	-193.121
37000000	-31409.616	-4036.742	-27372.874	-252.024
38000000	-31325.100	-3985.090	-27340.010	-201.658
39000000	-31415.118	-4055.510	-27359.607	-269.533
40000000	-31407.547	-4035.670	-27371.877	-251.971
41000000	-31403.079	-4030.817	-27372.262	-244.576
42000000	-31364.484	-4029.463	-27335.022	-242.843
43000000	-31382.596	-4013.995	-27368.601	-228.529
44000000	-31330.706	-3984.099	-27346.607	-198.145
45000000	-31379.648	-4036.670	-27342.978	-249.840
46000000	-31371.387	-4018.631	-27352.756	-236.331
47000000	-31421.231	-4065.805	-27355.426	-282.058
48000000	-31329.627	-3978.656	-27350.971	-194.539
49000000	-31378.635	-4027.811	-27350.824	-243.645
50000000	-31369.846	-4023.431	-27346.415	-238.698
51000000	-31361.889	-3999.890	-27361.999	-216.385
52000000	-31417.819	-4047.687	-27370.132	-265.591
53000000	-31457.895	-4082.630	-27375.265	-297.024
54000000	-31385.785	-4046.294	-27339.491	-261.489
55000000	-31413.277	-4053.754	-27359.522	-268.261
56000000	-31425.530	-4069.693	-27355.837	-283.181
57000000	-31401.266	-4027.888	-27373.378	-240.970
58000000	-31443.819	-4073.156	-27370.663	-290.023
59000000	-31394.820	-4018.948	-27375.872	-236.294
60000000	-31445.588	-4085.016	-27360.572	-300.780
61000000	-31359.957	-4015.104	-27344.853	-229.603
62000000	-31391.404	-4023.492	-27367.912	-238.698
63000000	-31367.619	-4008.177	-27359.442	-223.583
64000000	-31367.813	-4024.607	-27343.206	-241.841
65000000	-31468.267	-4101.981	-27366.287	-318.370
66000000	-31418.986	-4047.986	-27371.000	-265.290
67000000	-31425.286	-4034.643	-27390.643	-252.156
68000000	-31350.629	-3996.100	-27354.530	-214.068
69000000	-31341.309	-3976.901	-27364.409	-193.935
70000000	-31405.305	-4041.840	-27363.465	-258.115
71000000	-31388.135	-4038.452	-27349.684	-253.186
72000000	-31423.923	-4041.647	-27382.277	-256.881
73000000	-31453.355	-4081.132	-27372.223	-296.913
74000000	-31430.227	-4058.607	-27371.620	-273.281
75000000	-31454.661	-4094.303	-27360.358	-309.710
76000000	-31376.694	-4009.033	-27367.661	-223.950
77000000	-31413.947	-4071.546	-27342.401	-286.819
78000000	-31432.592	-4073.118	-27359.474	-289.959
79000000	-31384.710	-4047.393	-27337.317	-262.143
80000000	-31432.483	-4072.144	-27360.340	-285.423
81000000	-31428.645	-4054.962	-27373.683	-269.448
82000000	-31419.836	-4036.132	-27383.704	-251.876
83000000	-31401.792	-4028.329	-27373.463	-241.291
84000000	-31375.218	-4030.739	-27344.479	-245.390
85000000	-31430.868	-4055.838	-27375.030	-271.901
86000000	-31405.292	-4038.922	-27366.369	-253.967
87000000	-31433.102	-4058.250	-27374.852	-273.988
88000000	-31437.769	-4086.018	-27351.752	-300.844
89000000	-31401.201	-4035.909	-27365.292	-250.569
90000000	-31401.843	-4033.924	-27367.919	-250.215
91000000	-31391.483	-4039.935	-27351.548	-255.335
92000000	-31389.068	-4055.362	-27333.706	-271.589
93000000	-31398.436	-4038.319	-27360.117	-254.250
94000000	-31401.288	-4047.389	-27353.899	-263.917
95000000	-31364.808	-4016.141	-27348.668	-231.406
96000000	-31411.982	-4049.455	-27362.527	-264.040
97000000	-31400.737	-4034.896	-27365.842	-251.332
98000000	-31372.905	-4014.965	-27357.940	-232.090
99000000	-31417.623	-4041.146	-27376.476	-253.220
100000000	-31404.617	-4021.895	-27382.722	-236.277
101000000	-31371.432	-4003.868	-27367.564	-219.227
102000000	-31454.744	-4107.462	-27347.282	-322.406
103000000	-31388.111	-4041.068	-27347.043	-256.548
104000000	-31390.544	-4045.576	-27344.968	-260.462
105000000	-31401.949	-4051.290	-27350.659	-266.414
106000000	-31425.129	-4069.867	-27355.262	-287.361
107000000	-31401.765	-4063.226	-27338.539	-280.731
108000000	-31372.474	-4034.888	-27337.586	-250.301
109000000	-31408.568	-4028.855	-27379.713	-245.590
110000000	-31382.840	-4029.458	-27353.382	-241.498
111000000	-31384.586	-4028.582	-27356.004	-243.906
112000000	-31406.200	-4059.435	-27346.764	-276.158
113000000	-31423.771	-4071.998	-27351.773	-288.104
114000000	-31427.029	-4050.343	-27376.687	-266.243
115000000	-31376.454	-4021.034	-27355.421	-236.529
116000000	-31424.021	-4085.027	-27338.994	-299.864
117000000	-31375.824	-4031.227	-27344.597	-246.978
118000000	-31352.125	-4001.138	-27350.987	-217.247
119000000	-31371.066	-4018.269	-27352.797	-233.637
120000000	-31378.414	-4019.425	-27358.989	-234.991
121000000	-31354.689	-4025.657	-27329.032	-241.883
122000000	-31374.221	-4036.197	-27338.024	-252.732
123000000	-31387.242	-4057.983	-27329.259	-273.576
124000000	-31395.425	-4041.128	-27354.297	-257.130
125000000	-31395.006	-4036.473	-27358.533	-249.348
126000000	-31376.853	-4034.274	-27342.579	-249.349
127000000	-31394.122	-4039.269	-27354.853	-253.346
128000000	-31367.356	-4017.429	-27349.927	-232.482
129000000	-31355.746	-4016.351	-27339.396	-233.344
130000000	-31384.133	-4053.654	-27330.480	-269.842
131000000	-31371.054	-4009.562	-27361.492	-225.463
132000000	-31363.806	-4019.898	-27343.908	-233.971
133000000	-31369.007	-4037.970	-27331.037	-254.584
134000000	-31425.824	-4082.886	-27342.938	-299.473
135000000	-31425.200	-4062.225	-27362.975	-278.171
136000000	-31414.780	-4059.139	-27355.640	-274.604
137000000	-31335.735	-3994.233	-27341.502	-208.790
138000000	-31416.404	-4062.633	-27353.771	-278.642
139000000	-31429.901	-4077.988	-27351.913	-294.145
140000000	-31423.778	-4074.108	-27349.670	-291.176
141000000	-31412.952	-4042.065	-27370.887	-257.561
142000000	-31424.295	-4082.890	-27341.405	-296.901
143000000	-31408.596	-4074.539	-27334.056	-290.468
144000000	-31383.074	-4041.037	-27342.036	-257.546
145000000	-31429.452	-4078.461	-27350.990	-294.124
146000000	-31393.625	-4023.956	-27369.670	-239.546
147000000	-31426.469	-4042.417	-27384.053	-258.655
148000000	-31399.044	-4048.615	-27350.430	-264.410
149000000	-31408.778	-4061.756	-27347.022	-276.107
150000000	-31415.200	-4052.987	-27362.214	-266.055
151000000	-31354.355	-4013.007	-27341.348	-229.313
152000000	-31403.901	-4037.626	-27366.275	-249.622
153000000	-31418.521	-4078.795	-27339.726	-293.143
154000000	-31399.555	-4039.931	-27359.625	-254.798
155000000	-31409.369	-4056.440	-27352.929	-271.112
156000000	-31361.095	-4011.997	-27349.098	-227.233
157000000	-31339.070	-3992.803	-27346.267	-207.214
158000000	-31392.781	-4044.584	-27348.196	-260.496
159000000	-31375.750	-4025.977	-27349.773	-241.520
160000000	-31368.790	-4023.391	-27345.399	-238.588
161000000	-31402.371	-4035.242	-27367.130	-248.849
162000000	-31355.781	-3997.947	-27357.834	-212.351
163000000	-31388.059	-4027.598	-27360.461	-244.250
164000000	-31368.632	-4028.619	-27340.013	-243.725
165000000	-31406.313	-4074.068	-27332.245	-290.481
166000000	-31395.615	-4044.288	-27351.328	-259.838
167000000	-31332.586	-3987.768	-27344.817	-202.076
168000000	-31395.104	-4044.418	-27350.686	-259.526
169000000	-31351.202	-3998.019	-27353.183	-212.455
170000000	-31315.115	-3976.121	-27338.994	-191.104
171000000	-31420.584	-4015.393	-27405.191	-232.827
172000000	-31397.058	-4045.927	-27351.131	-259.741
173000000	-31367.406	-4022.366	-27345.041	-237.850
174000000	-31419.227	-4060.835	-27358.392	-275.733
175000000	-31401.938	-4033.455	-27368.482	-249.913
176000000	-31388.595	-4024.218	-27364.376	-241.736
177000000	-31397.223	-4052.499	-27344.724	-265.855
178000000	-31417.021	-4055.607	-27361.414	-272.758
179000000	-31410.860	-4066.651	-27344.209	-277.639
180000000	-31336.621	-4007.483	-27329.138	-223.405
181000000	-31406.474	-4028.877	-27377.597	-245.582
182000000	-31376.244	-4020.669	-27355.575	-236.905
183000000	-31443.973	-4072.148	-27371.825	-287.545
184000000	-31383.279	-4020.727	-27362.552	-238.173
185000000	-31369.371	-4027.490	-27341.881	-243.865
186000000	-31407.221	-4046.180	-27361.041	-262.314
187000000	-31431.650	-4060.203	-27371.447	-274.104
188000000	-31380.429	-4037.751	-27342.678	-251.998
189000000	-31406.977	-4033.621	-27373.356	-248.955
190000000	-31356.920	-4015.706	-27341.214	-231.747
191000000	-31418.886	-4056.192	-27362.694	-272.921
192000000	-31337.409	-3976.241	-27361.168	-192.943
193000000	-31429.386	-4053.000	-27376.386	-268.805
194000000	-31351.224	-4032.362	-27318.862	-246.954
195000000	-31385.424	-4046.044	-27339.380	-262.283
196000000	-31315.730	-3951.699	-27364.031	-168.581
197000000	-31383.100	-4029.449	-27353.651	-244.958
198000000	-31367.738	-4009.259	-27358.478	-225.975
199000000	-31388.695	-4029.772	-27358.923	-245.713
200000000	-31356.634	-3989.068	-27367.566	-203.868
201000000	-31420.903	-4052.114	-27368.789	-267.519
202000000	-31363.367	-4001.191	-27362.176	-216.447
203000000	-31408.952	-4062.685	-27346.266	-278.638
204000000	-31383.750	-4036.634	-27347.115	-250.359
205000000	-31446.155	-4081.033	-27365.122	-294.756
206000000	-31418.145	-4079.436	-27338.708	-296.857
207000000	-31379.733	-3997.349	-27382.384	-211.654
208000000	-31431.247	-4060.270	-27370.976	-275.606
209000000	-31379.482	-4035.593	-27343.889	-251.005
210000000	-31432.476	-4062.000	-27370.476	-276.804
211000000	-31397.683	-4058.202	-27339.481	-272.594
212000000	-31415.960	-4058.968	-27356.992	-274.891
213000000	-31358.375	-4029.131	-27329.244	-244.609
214000000	-31347.113	-4024.370	-27322.744	-239.298
215000000	-31365.408	-4014.429	-27350.979	-229.316
216000000	-31415.626	-4071.498	-27344.128	-285.243
217000000	-31439.552	-4065.049	-27374.502	-281.102
218000000	-31374.781	-4007.779	-27367.001	-224.036
219000000	-31347.565	-3995.871	-27351.694	-209.973
220000000	-31366.651	-4002.329	-27364.322	-218.702
221000000	-31374.771	-4019.432	-27355.340	-234.758
222000000	-31367.749	-4050.617	-27317.132	-265.219
223000000	-31411.320	-4052.265	-27359.055	-264.001
224000000	-31390.142	-4024.885	-27365.257	-240.600
225000000	-31435.459	-4088.395	-27347.064	-303.798
226000000	-31331.683	-4006.998	-27324.685	-223.371
227000000	-31306.806	-3959.560	-27347.246	-175.422
228000000	-31388.708	-4038.994	-27349.714	-253.849
229000000	-31360.431	-4021.286	-27339.145	-237.743
230000000	-31393.528	-4036.154	-27357.374	-252.565
231000000	-31374.988	-4022.503	-27352.485	-236.239
232000000	-31396.675	-4046.218	-27350.458	-260.655
233000000	-31401.820	-4021.324	-27380.496	-236.756
234000000	-31416.035	-4054.838	-27361.197	-269.947
235000000	-31410.382	-4036.394	-27373.988	-251.135
236000000	-31346.036	-4015.972	-27330.064	-229.720
237000000	-31411.131	-4045.855	-27365.276	-261.322
238000000	-31381.167	-4032.124	-27349.043	-248.388
239000000	-31402.326	-4051.845	-27350.481	-267.752
240000000	-31354.208	-4020.854	-27333.354	-235.179
241000000	-31364.414	-4010.032	-27354.382	-224.805
242000000	-31421.434	-4071.211	-27350.224	-286.494
243000000	-31411.915	-4055.727	-27356.188	-271.899
244000000	-31373.023	-4019.270	-27353.753	-234.966
245000000	-31432.159	-4068.328	-27363.831	-282.371
246000000	-31392.689	-4044.273	-27348.415	-257.525
247000000	-31428.063	-4066.775	-27361.288	-281.604
248000000	-31380.153	-4021.667	-27358.486	-235.533
249000000	-31399.603	-4037.315	-27362.289	-253.199
250000000	-31411.935	-4059.206	-27352.729	-272.327
251000000	-31352.815	-3992.100	-27360.715	-208.618
252000000	-31424.113	-4071.027	-27353.086	-288.431
253000000	-31397.994	-4042.221	-27355.773	-257.210
254000000	-31414.872	-4050.735	-27364.137	-266.210
255000000	-31440.303	-4071.891	-27368.413	-287.702
256000000	-31372.707	-4007.827	-27364.880	-222.867
257000000	-31354.604	-4014.734	-27339.870	-231.437
258000000	-31381.804	-4033.963	-27347.841	-248.794
259000000	-31390.867	-4024.298	-27366.569	-239.854
260000000	-31391.802	-4003.501	-27388.301	-219.812
261000000	-31401.574	-4012.163	-27389.411	-227.208
262000000	-31402.143	-4042.088	-27360.055	-254.675
263000000	-31394.303	-4025.945	-27368.357	-243.382
264000000	-31386.939	-4051.409	-27335.529	-268.967
265000000	-31406.908	-4048.150	-27358.757	-263.209
266000000	-31401.615	-4031.102	-27370.513	-246.984
267000000	-31431.693	-4077.285	-27354.408	-294.554
268000000	-31396.035	-4020.346	-27375.689	-236.326
269000000	-31423.000	-4060.246	-27362.754	-273.538
270000000	-31417.529	-4084.789	-27332.740	-301.338
271000000	-31434.927	-4066.036	-27368.892	-282.022
272000000	-31416.240	-4048.982	-27367.258	-265.632
273000000	-31444.245	-4082.939	-27361.306	-299.056
274000000	-31386.559	-4048.267	-27338.292	-263.923
275000000	-31383.772	-4038.482	-27345.289	-255.867
276000000	-31406.849	-4051.868	-27354.981	-267.915
277000000	-31360.101	-4015.843	-27344.258	-232.445
278000000	-31388.523	-4025.607	-27362.916	-241.941
279000000	-31389.082	-4022.153	-27366.929	-236.983
280000000	-31399.306	-4031.849	-27367.457	-247.175
281000000	-31372.152	-3997.519	-27374.634	-213.709
282000000	-31417.365	-4054.745	-27362.620	-272.042
283000000	-31413.653	-4033.267	-27380.387	-248.130
284000000	-31397.129	-4043.446	-27353.683	-259.580
285000000	-31402.676	-4039.034	-27363.642	-251.848
286000000	-31433.166	-4038.575	-27394.591	-253.587
287000000	-31422.021	-4034.755	-27387.266	-249.705
288000000	-31411.116	-4040.509	-27370.606	-257.595
289000000	-31371.906	-4015.224	-27356.681	-230.827
290000000	-31407.032	-4044.267	-27362.765	-261.684
291000000	-31412.709	-4041.497	-27371.212	-256.085
292000000	-31451.101	-4067.424	-27383.677	-283.699
293000000	-31358.192	-4018.196	-27339.996	-233.806
294000000	-31351.805	-3992.433	-27359.372	-207.195
295000000	-31365.460	-4015.422	-27350.038	-231.039
296000000	-31373.445	-4001.728	-27371.717	-217.174
297000000	-31409.501	-4058.474	-27351.026	-274.365
298000000	-31416.755	-4053.660	-27363.095	-267.512
299000000	-31416.414	-4062.844	-27353.570	-275.438
300000000	-31402.040	-4029.290	-27372.750	-246.146
301000000	-31403.089	-4058.760	-27344.329	-274.746
302000000	-31435.673	-4067.076	-27368.596	-282.769
303000000	-31367.627	-4002.738	-27364.889	-216.692
304000000	-31383.314	-4034.562	-27348.751	-251.004
305000000	-31385.923	-4044.565	-27341.359	-260.479
306000000	-31414.452	-4052.487	-27361.965	-268.543
307000000	-31364.395	-4007.386	-27357.009	-223.213
308000000	-31429.684	-4057.775	-27371.909	-272.954
309000000	-31434.907	-4068.346	-27366.561	-284.114
310000000	-31391.200	-4051.231	-27339.969	-266.870
311000000	-31384.818	-4034.208	-27350.611	-248.348
312000000	-31363.824	-3997.181	-27366.643	-210.148
313000000	-31394.629	-4032.467	-27362.162	-248.544
314000000	-31399.294	-4055.819	-27343.475	-270.639
315000000	-31398.155	-4042.859	-27355.295	-258.157
316000000	-31393.338	-4035.134	-27358.205	-250.375
317000000	-31409.570	-4040.311	-27369.259	-254.964
318000000	-31383.629	-4031.058	-27352.571	-244.834
319000000	-31382.378	-4021.537	-27360.841	-234.382
320000000	-31395.845	-4046.635	-27349.210	-262.654
321000000	-31388.008	-4015.592	-27372.416	-232.113
322000000	-31401.617	-4022.806	-27378.811	-230.297
323000000	-31396.485	-4041.775	-27354.709	-257.445
324000000	-31436.943	-4057.925	-27379.018	-272.474
325000000	-31402.744	-4043.650	-27359.094	-261.813
326000000	-31397.877	-4058.347	-27339.529	-269.965
327000000	-31416.993	-4028.518	-27388.474	-246.164
328000000	-31405.491	-4041.638	-27363.853	-257.728
329000000	-31338.657	-4005.277	-27333.381	-222.418
330000000	-31368.409	-4018.029	-27350.380	-235.738
331000000	-31434.070	-4066.091	-27367.979	-280.062
332000000	-31336.092	-4000.311	-27335.781	-215.299
333000000	-31369.919	-4013.768	-27356.151	-227.265
334000000	-31407.107	-4054.314	-27352.793	-269.854
335000000	-31361.023	-4019.198	-27341.825	-234.189
336000000	-31409.259	-4062.187	-27347.072	-277.507
337000000	-31436.838	-4101.121	-27335.718	-316.194
338000000	-31391.747	-4067.062	-27324.685	-283.233
339000000	-31405.196	-4037.767	-27367.429	-252.010
340000000	-31372.652	-4012.652	-27360.001	-228.905
341000000	-31443.185	-4082.516	-27360.670	-298.121
342000000	-31399.900	-4040.947	-27358.953	-256.180
343000000	-31392.917	-4048.924	-27343.993	-264.968
344000000	-31345.439	-3976.564	-27368.876	-193.227
345000000	-31421.372	-4039.942	-27381.430	-256.319
346000000	-31384.915	-4043.647	-27341.267	-259.605
347000000	-31383.725	-4029.718	-27354.007	-245.077
348000000	-31406.668	-4041.394	-27365.274	-257.955
349000000	-31420.851	-4056.973	-27363.878	-271.990
350000000	-31418.518	-4069.127	-27349.391	-283.687
351000000	-31370.929	-4012.315	-27358.614	-229.921
352000000	-31374.944	-4020.183	-27354.761	-235.263
353000000	-31389.416	-4029.493	-27359.924	-246.377
354000000	-31398.173	-4020.910	-27377.263	-237.800
355000000	-31393.356	-4031.533	-27361.824	-246.872
356000000	-31403.783	-4023.295	-27380.488	-239.780
357000000	-31406.809	-4047.210	-27359.599	-261.833
358000000	-31418.923	-4023.032	-27395.892	-236.486
359000000	-31386.551	-4031.414	-27355.136	-248.808
360000000	-31377.989	-4024.769	-27353.220	-242.611
361000000	-31415.203	-4041.310	-27373.893	-255.745
362000000	-31410.103	-4052.759	-27357.345	-268.993
363000000	-31436.794	-4084.011	-27352.782	-301.244
364000000	-31435.791	-4075.567	-27360.224	-293.168
365000000	-31371.128	-4023.343	-27347.786	-238.090
366000000	-31401.200	-4044.154	-27357.047	-259.507
367000000	-31457.449	-4069.086	-27388.364	-285.101
368000000	-31408.487	-4052.174	-27356.313	-266.229
369000000	-31411.179	-4045.025	-27366.154	-259.973
370000000	-31424.591	-4067.643	-27356.947	-283.025
371000000	-31422.284	-4074.922	-27347.362	-292.931
372000000	-31363.997	-4019.302	-27344.695	-234.007
373000000	-31387.089	-4052.200	-27334.890	-269.019
374000000	-31391.845	-4048.951	-27342.893	-264.874
375000000	-31366.319	-4019.111	-27347.208	-231.727
376000000	-31412.982	-4065.643	-27347.339	-282.261
377000000	-31363.576	-3997.930	-27365.646	-214.780
378000000	-31379.493	-4011.960	-27367.533	-228.240
379000000	-31380.398	-4040.495	-27339.903	-256.275
380000000	-31337.840	-4008.604	-27329.236	-226.861
381000000	-31384.484	-4027.134	-27357.350	-243.342
382000000	-31373.339	-4020.143	-27353.197	-235.943
383000000	-31372.974	-4024.718	-27348.256	-242.050
384000000	-31358.794	-4018.178	-27340.616	-234.304
385000000	-31348.414	-4000.267	-27348.146	-217.054
386000000	-31362.417	-4013.580	-27348.836	-228.444
387000000	-31423.905	-4070.581	-27353.324	-286.658
388000000	-31391.604	-4056.271	-27335.334	-270.491
389000000	-31373.953	-4012.941	-27361.012	-227.661
390000000	-31356.527	-4000.992	-27355.534	-217.173
391000000	-31418.841	-4063.932	-27354.909	-280.464
392000000	-31460.104	-4087.418	-27372.686	-302.685
393000000	-31382.340	-4020.207	-27362.132	-232.861
394000000	-31443.037	-4070.380	-27372.656	-285.353
395000000	-31421.822	-4084.484	-27337.338	-299.520
396000000	-31379.095	-4030.799	-27348.296	-243.498
397000000	-31438.391	-4078.362	-27360.029	-293.080
398000000	-31386.627	-4042.648	-27343.980	-258.998
399000000	-31438.194	-4075.585	-27362.609	-287.445
400000000	-31391.923	-4029.374	-27362.549	-245.036
401000000	-31324.239	-3989.442	-27334.797	-205.755
402000000	-31378.912	-4008.889	-27370.023	-224.727
403000000	-31405.547	-4065.662	-27339.885	-281.367
404000000	-31342.497	-3999.872	-27342.625	-216.522
405000000	-31399.715	-4060.546	-27339.169	-276.506
406000000	-31402.240	-4034.191	-27368.049	-250.459
407000000	-31341.755	-4009.979	-27331.776	-224.400
408000000	-31429.324	-4063.962	-27365.362	-278.800
409000000	-31374.464	-4016.800	-27357.665	-231.047
410000000	-31394.182	-4064.075	-27330.108	-277.822
411000000	-31349.842	-4004.359	-27345.482	-219.234
412000000	-31393.091	-4027.336	-27365.755	-243.047
413000000	-31399.123	-4043.250	-27355.873	-257.732
414000000	-31357.414	-4021.333	-27336.081	-236.953
415000000	-31437.450	-4075.981	-27361.469	-291.695
416000000	-31388.559	-4029.324	-27359.235	-243.800
417000000	-31357.917	-4026.520	-27331.397	-242.983
418000000	-31354.402	-4003.541	-27350.861	-218.442
419000000	-31482.921	-4115.052	-27367.869	-329.997
420000000	-31383.112	-4020.415	-27362.697	-231.814
421000000	-31353.526	-4001.923	-27351.603	-217.860
422000000	-31377.865	-4028.125	-27349.741	-242.613
423000000	-31422.605	-4070.412	-27352.193	-286.278
424000000	-31372.910	-4030.446	-27342.464	-247.551
425000000	-31394.309	-4042.387	-27351.922	-259.761
426000000	-31361.053	-4003.362	-27357.691	-219.180
427000000	-31462.568	-4109.500	-27353.069	-326.365
428000000	-31387.750	-4028.666	-27359.084	-245.272
429000000	-31429.860	-4062.880	-27366.980	-278.599
430000000	-31446.100	-4083.373	-27362.726	-301.135
431000000	-31377.520	-4033.313	-27344.206	-247.903
432000000	-31391.157	-4029.023	-27362.134	-244.494
433000000	-31361.366	-4014.073	-27347.293	-230.684
434000000	-31398.379	-4048.208	-27350.171	-264.164
435000000	-31412.623	-4060.464	-27352.159	-275.520
436000000	-31356.876	-4000.123	-27356.753	-215.881
437000000	-31413.487	-4044.931	-27368.556	-259.922
438000000	-31433.261	-4054.879	-27378.382	-271.817
439000000	-31363.058	-4027.141	-27335.917	-245.040
440000000	-31384.905	-4025.291	-27359.615	-242.844
441000000	-31396.465	-4032.454	-27364.011	-246.978
442000000	-31355.759	-3996.050	-27359.708	-210.904
443000000	-31417.927	-4050.800	-27367.126	-266.377
444000000	-31368.716	-4021.307	-27347.409	-236.304
445000000	-31385.237	-4022.380	-27362.857	-237.692
446000000	-31352.256	-4004.685	-27347.571	-221.477
447000000	-31374.460	-4014.874	-27359.586	-230.515
448000000	-31430.100	-4057.607	-27372.493	-274.538
449000000	-31395.056	-4030.097	-27364.959	-245.758
450000000	-31410.753	-4045.792	-27364.961	-260.987
451000000	-31395.779	-4066.513	-27329.266	-282.599
452000000	-31380.128	-4034.057	-27346.072	-250.316
453000000	-31357.407	-4020.882	-27336.525	-237.674
454000000	-31375.105	-4019.571	-27355.534	-235.378
455000000	-31355.392	-4021.253	-27334.139	-236.491
456000000	-31415.141	-4039.039	-27376.102	-253.382
457000000	-31387.395	-4036.721	-27350.675	-252.456
458000000	-31352.888	-3995.042	-27357.846	-211.446
459000000	-31386.326	-3990.887	-27395.439	-208.214
460000000	-31371.275	-4015.996	-27355.279	-231.489
461000000	-31413.261	-4027.851	-27385.410	-243.053
462000000	-31397.987	-4046.347	-27351.640	-260.487
463000000	-31345.978	-4015.301	-27330.677	-230.568
464000000	-31377.867	-4042.522	-27335.346	-256.846
465000000	-31445.888	-4080.172	-27365.716	-295.640
466000000	-31413.003	-4051.240	-27361.763	-266.879
467000000	-31366.039	-4025.904	-27340.135	-242.340
468000000	-31404.196	-4064.762	-27339.434	-279.266
469000000	-31415.514	-4054.416	-27361.097	-266.135
470000000	-31390.993	-4034.265	-27356.727	-249.174
471000000	-31284.933	-3950.779	-27334.154	-167.614
472000000	-31468.504	-4095.807	-27372.697	-311.696
473000000	-31394.461	-4037.995	-27356.465	-252.733
474000000	-31383.812	-4031.516	-27352.297	-246.346
475000000	-31433.117	-4056.347	-27376.771	-272.745
476000000	-31385.731	-4025.347	-27360.384	-242.172
477000000	-31351.731	-4003.239	-27348.492	-221.548
478000000	-31456.560	-4104.262	-27352.298	-320.520
479000000	-31373.439	-4026.665	-27346.774	-244.895
480000000	-31354.607	-4010.126	-27344.481	-226.164
481000000	-31402.103	-4051.992	-27350.111	-266.948
482000000	-31410.889	-4046.483	-27364.406	-259.013
483000000	-31382.368	-4010.203	-27372.165	-225.103
484000000	-31393.690	-4031.266	-27362.424	-244.059
485000000	-31382.292	-4024.826	-27357.466	-241.795
486000000	-31361.064	-4003.007	-27358.056	-217.632
487000000	-31315.813	-3959.131	-27356.681	-176.365
488000000	-31397.415	-4033.743	-27363.672	-248.367
489000000	-31354.025	-4002.745	-27351.279	-217.044
490000000	-31419.077	-4073.528	-27345.549	-289.478
491000000	-31408.480	-4048.932	-27359.548	-264.746
492000000	-31468.663	-4091.532	-27377.131	-307.362
493000000	-31361.036	-4042.602	-27318.434	-258.540
494000000	-31424.483	-4038.624	-27385.859	-254.322
495000000	-31340.572	-3988.843	-27351.730	-204.141
496000000	-31407.454	-4055.259	-27352.194	-269.656
497000000	-31367.277	-4041.366	-27325.911	-256.428
498000000	-31380.609	-4024.251	-27356.358	-241.124
499000000	-31407.493	-4048.185	-27359.309	-264.290
500000000	-31413.623	-4049.727	-27363.897	-264.289
501000000	-31361.752	-4003.817	-27357.934	-220.784
502000000	-31362.891	-4018.971	-27343.921	-234.834
503000000	-31368.092	-4008.717	-27359.375	-224.524
504000000	-31394.960	-4045.697	-27349.264	-263.025
505000000	-31456.587	-4105.717	-27350.870	-322.329
506000000	-31419.966	-4055.057	-27364.910	-271.503
507000000	-31353.365	-4037.920	-27315.445	-253.471
508000000	-31380.219	-4035.296	-27344.923	-250.809
509000000	-31438.323	-4072.490	-27365.832	-288.023
510000000	-31385.467	-4051.692	-27333.775	-269.463
511000000	-31382.578	-4023.343	-27359.236	-239.467
512000000	-31387.157	-4026.328	-27360.829	-240.602
513000000	-31404.155	-4039.799	-27364.356	-256.274
514000000	-31384.709	-4040.929	-27343.780	-256.207
515000000	-31371.165	-4016.980	-27354.186	-230.562
516000000	-31391.907	-4039.568	-27352.339	-255.414
517000000	-31420.709	-4045.492	-27375.217	-260.403
518000000	-31429.831	-4046.234	-27383.596	-260.873
519000000	-31348.157	-3997.795	-27350.362	-212.188
520000000	-31393.395	-4037.575	-27355.820	-251.961
521000000	-31409.132	-4040.473	-27368.659	-257.522
522000000	-31376.478	-4022.831	-27353.647	-237.986
523000000	-31403.650	-4056.179	-27347.471	-271.791
524000000	-31412.395	-4043.104	-27369.291	-258.526
525000000	-31389.533	-4058.437	-27331.096	-274.686
526000000	-31339.368	-3971.394	-27367.974	-186.872
527000000	-31362.113	-4028.644	-27333.470	-244.239
528000000	-31371.596	-4011.346	-27360.251	-227.209
529000000	-31329.000	-3961.302	-27367.698	-177.607
530000000	-31353.926	-3987.017	-27366.908	-200.217
531000000	-31423.966	-4055.999	-27367.967	-270.477
532000000	-31416.735	-4058.884	-27357.851	-274.180
533000000	-31424.978	-4077.045	-27347.933	-292.986
534000000	-31374.084	-4008.870	-27365.214	-225.902
535000000	-31375.622	-4018.279	-27357.343	-233.523
536000000	-31450.507	-4075.576	-27374.931	-290.282
537000000	-31376.158	-4006.009	-27370.149	-220.187
538000000	-31389.948	-4004.692	-27385.256	-218.028
539000000	-31368.056	-4020.042	-27348.013	-237.121
540000000	-31385.678	-4008.207	-27377.470	-221.665
541000000	-31433.329	-4053.711	-27379.618	-269.250
542000000	-31378.604	-4030.881	-27347.724	-247.408
543000000	-31390.053	-4040.824	-27349.229	-255.744
544000000	-31368.721	-4016.530	-27352.191	-231.314
545000000	-31390.457	-4029.429	-27361.028	-246.038
546000000	-31504.540	-4126.774	-27377.766	-343.789
547000000	-31410.774	-4062.472	-27348.302	-278.720
548000000	-31392.676	-4039.526	-27353.150	-254.786
549000000	-31403.365	-4054.984	-27348.381	-270.173
550000000	-31373.030	-4032.205	-27340.825	-247.054
551000000	-31458.823	-4102.483	-27356.340	-317.757
552000000	-31394.699	-4021.613	-27373.086	-237.745
553000000	-31408.574	-4063.691	-27344.883	-279.330
554000000	-31406.607	-4044.953	-27361.654	-259.321
555000000	-31343.286	-4004.476	-27338.810	-220.471
556000000	-31322.004	-3976.785	-27345.219	-191.566
557000000	-31412.082	-4077.515	-27334.567	-291.435
558000000	-31409.399	-4052.799	-27356.600	-263.266
559000000	-31394.576	-4075.684	-27318.892	-291.770
560000000	-31434.613	-4052.853	-27381.760	-269.369
561000000	-31398.929	-4021.880	-27377.048	-236.769
562000000	-31351.159	-4018.948	-27332.211	-235.829
563000000	-31410.892	-4056.471	-27354.421	-273.091
564000000	-31411.269	-4052.415	-27358.854	-265.734
565000000	-31385.988	-4029.097	-27356.891	-245.107
566000000	-31461.064	-4084.542	-27376.521	-301.524
567000000	-31383.691	-4035.624	-27348.066	-252.774
568000000	-31327.809	-3995.246	-27332.562	-211.555
569000000	-31335.675	-4008.340	-27327.335	-224.593
570000000	-31375.829	-4032.254	-27343.575	-247.899
571000000	-31447.704	-4075.549	-27372.155	-292.524
572000000	-31366.620	-4023.186	-27343.433	-238.821
573000000	-31372.700	-4024.899	-27347.801	-237.796
574000000	-31389.454	-4042.794	-27346.660	-259.069
575000000	-31350.393	-4012.702	-27337.691	-227.623
576000000	-31399.947	-4048.291	-27351.656	-263.447
577000000	-31387.283	-4048.878	-27338.405	-263.539
578000000	-31362.728	-4017.003	-27345.725	-232.347
579000000	-31408.574	-4063.390	-27345.184	-279.147
580000000	-31366.181	-4001.862	-27364.319	-213.531
581000000	-31386.650	-4044.899	-27341.751	-260.729
582000000	-31363.898	-4005.999	-27357.898	-223.005
583000000	-31447.385	-4084.705	-27362.680	-299.483
584000000	-31327.898	-3976.978	-27350.920	-194.821
585000000	-31413.045	-4054.375	-27358.670	-271.112
586000000	-31389.017	-4033.585	-27355.431	-246.673
587000000	-31447.023	-4078.076	-27368.947	-294.792
588000000	-31388.479	-4014.067	-27374.411	-225.847
589000000	-31384.897	-4029.390	-27355.507	-243.819
590000000	-31395.962	-4042.811	-27353.151	-258.715
591000000	-31440.647	-4065.518	-27375.129	-280.334
592000000	-31349.351	-4000.235	-27349.116	-215.726
593000000	-31342.638	-4018.847	-27323.791	-231.481
594000000	-31403.988	-4053.703	-27350.285	-268.717
595000000	-31383.696	-4037.884	-27345.813	-252.307
596000000	-31405.201	-4061.913	-27343.288	-278.210
597000000	-31319.428	-3978.150	-27341.278	-193.982
598000000	-31326.143	-3960.930	-27365.213	-178.273
599000000	-31317.768	-3963.198	-27354.570	-177.797
600000000	-31404.460	-4083.365	-27321.095	-296.732
601000000	-31418.474	-4036.974	-27381.500	-253.392
602000000	-31403.279	-4037.158	-27366.121	-253.800
603000000	-31415.775	-4040.330	-27375.445	-257.577
604000000	-31390.961	-4021.373	-27369.588	-236.622
605000000	-31418.038	-4071.425	-27346.613	-285.170
606000000	-31433.338	-4070.561	-27362.777	-288.138
607000000	-31346.167	-3984.075	-27362.092	-199.825
608000000	-31318.029	-3988.224	-27329.804	-202.171
609000000	-31377.609	-4025.512	-27352.097	-241.282
610000000	-31364.848	-4005.297	-27359.551	-220.198
611000000	-31377.146	-4050.710	-27326.436	-267.123
612000000	-31397.654	-4034.816	-27362.838	-249.929
613000000	-31376.579	-4034.434	-27342.146	-251.221
614000000	-31387.950	-4025.190	-27362.761	-239.491
615000000	-31430.280	-4084.820	-27345.460	-301.019
616000000	-31393.337	-4024.154	-27369.183	-240.647
617000000	-31346.960	-4003.505	-27343.455	-217.762
618000000	-31319.861	-3973.495	-27346.366	-189.533
619000000	-31447.695	-4077.583	-27370.112	-293.008
620000000	-31369.759	-4029.796	-27339.963	-245.463
621000000	-31430.594	-4093.429	-27337.165	-308.172
622000000	-31417.044	-4053.721	-27363.323	-269.060
623000000	-31440.499	-4097.041	-27343.458	-311.889
624000000	-31359.834	-4003.558	-27356.276	-219.543
625000000	-31381.152	-4049.009	-27332.143	-265.383
626000000	-31408.289	-4032.665	-27375.624	-246.453
627000000	-31382.360	-4016.039	-27366.322	-231.097
628000000	-31371.429	-4032.531	-27338.898	-247.885
629000000	-31350.982	-3997.451	-27353.531	-213.978
630000000	-31396.711	-4045.556	-27351.155	-258.347
631000000	-31396.233	-4051.128	-27345.106	-268.145
632000000	-31413.591	-4031.274	-27382.317	-246.385
633000000	-31433.220	-4065.917	-27367.303	-281.198
634000000	-31421.340	-4061.195	-27360.145	-279.035
635000000	-31460.349	-4085.865	-27374.484	-302.021
636000000	-31413.033	-4038.160	-27374.873	-254.026
637000000	-31391.473	-4036.555	-27354.918	-251.212
638000000	-31366.274	-4019.517	-27346.757	-233.284
639000000	-31411.864	-4032.410	-27379.455	-247.528
640000000	-31375.234	-4022.823	-27352.412	-239.815
641000000	-31401.509	-4056.629	-27344.880	-273.562
642000000	-31410.911	-4066.269	-27344.642	-281.831
643000000	-31419.989	-4050.410	-27369.579	-265.377
644000000	-31384.677	-4028.918	-27355.759	-245.092
645000000	-31361.420	-4023.187	-27338.232	-236.972
646000000	-31412.478	-4073.120	-27339.358	-288.193
647000000	-31422.788	-4057.030	-27365.758	-272.720
648000000	-31398.036	-4050.017	-27348.019	-266.445
649000000	-31361.373	-4027.508	-27333.865	-241.152
650000000	-31384.232	-4032.237	-27351.995	-249.972
651000000	-31402.808	-4059.384	-27343.424	-275.843
652000000	-31386.912	-4024.621	-27362.291	-242.258
653000000	-31307.032	-3957.891	-27349.140	-174.423
654000000	-31458.926	-4082.049	-27376.877	-297.114
655000000	-31384.911	-4040.930	-27343.981	-257.270
656000000	-31411.210	-4064.340	-27346.870	-279.303
657000000	-31387.362	-4030.672	-27356.690	-247.182
658000000	-31373.952	-4019.586	-27354.366	-235.344
659000000	-31377.281	-4041.077	-27336.204	-258.136
660000000	-31441.748	-4074.265	-27367.482	-288.985
661000000	-31400.899	-4039.953	-27360.945	-255.650
662000000	-31371.143	-4026.762	-27344.381	-243.723
663000000	-31384.418	-4030.654	-27353.764	-246.150
664000000	-31377.967	-4015.454	-27362.513	-231.555
665000000	-31398.315	-4033.273	-27365.042	-246.188
666000000	-31395.472	-4038.682	-27356.790	-253.855
667000000	-31390.634	-4042.275	-27348.359	-254.881
668000000	-31301.869	-3954.220	-27347.650	-170.598
669000000	-31436.834	-4058.650	-27378.184	-275.102
670000000	-31405.006	-4041.095	-27363.911	-256.708
671000000	-31399.795	-4032.772	-27367.023	-247.508
672000000	-31413.809	-4064.392	-27349.417	-279.965
673000000	-31349.942	-4002.950	-27346.992	-219.122
674000000	-31384.289	-4042.883	-27341.406	-259.156
675000000	-31396.159	-4052.791	-27343.369	-267.562
676000000	-31349.519	-3995.130	-27354.389	-208.975
677000000	-31370.420	-4035.318	-27335.103	-251.846
678000000	-31448.341	-4089.729	-27358.612	-307.366
679000000	-31423.597	-4073.333	-27350.264	-289.822
680000000	-31385.536	-4037.012	-27348.524	-252.288
681000000	-31357.154	-4008.352	-27348.802	-221.419
682000000	-31393.921	-4047.210	-27346.710	-262.105
683000000	-31402.430	-4059.807	-27342.623	-274.879
684000000	-31409.013	-4061.053	-27347.959	-276.329
685000000	-31422.470	-4039.751	-27382.719	-254.049
686000000	-31397.932	-4037.034	-27360.898	-254.202
687000000	-31388.464	-4037.462	-27351.001	-253.236
688000000	-31450.363	-4094.124	-27356.240	-308.951
689000000	-31350.608	-4000.953	-27349.655	-216.593
690000000	-31386.536	-4041.934	-27344.602	-258.890
691000000	-31378.654	-4002.321	-27376.334	-218.739
692000000	-31458.019	-4094.251	-27363.768	-310.939
693000000	-31482.069	-4124.883	-27357.186	-339.237
694000000	-31361.662	-4005.351	-27356.312	-218.001
695000000	-31383.178	-4035.251	-27347.927	-250.738
696000000	-31385.330	-4031.149	-27354.180	-246.996
697000000	-31382.689	-4023.548	-27359.142	-239.621
698000000	-31403.346	-4061.126	-27342.221	-276.471
699000000	-31379.397	-4051.312	-27328.085	-267.836
700000000	-31460.399	-4097.671	-27362.728	-312.416
701000000	-31409.141	-4042.073	-27367.067	-258.422
702000000	-31434.739	-4073.267	-27361.473	-289.662
703000000	-31406.717	-4036.693	-27370.024	-251.132
704000000	-31394.422	-4046.615	-27347.807	-261.351
705000000	-31385.692	-4028.756	-27356.936	-246.215
706000000	-31418.383	-4059.392	-27358.991	-274.691
707000000	-31372.001	-4020.938	-27351.063	-234.767
708000000	-31360.106	-4000.773	-27359.333	-217.773
709000000	-31377.411	-4016.630	-27360.781	-232.437
710000000	-31354.278	-4014.655	-27339.624	-230.888
711000000	-31378.903	-4006.198	-27372.705	-220.297
712000000	-31396.982	-4050.211	-27346.771	-264.980
713000000	-31369.230	-4027.323	-27341.907	-244.376
714000000	-31464.462	-4096.619	-27367.842	-311.995
715000000	-31448.365	-4075.069	-27373.296	-292.280
716000000	-31347.697	-3991.600	-27356.096	-206.987
717000000	-31405.919	-4039.810	-27366.108	-254.264
718000000	-31407.866	-4049.550	-27358.317	-265.253
719000000	-31367.994	-4021.744	-27346.250	-235.272
720000000	-31326.468	-4007.586	-27318.882	-224.512
721000000	-31379.492	-4036.378	-27343.114	-251.982
722000000	-31417.513	-4063.627	-27353.886	-277.228
723000000	-31382.649	-4024.375	-27358.274	-239.625
724000000	-31376.139	-4033.002	-27343.137	-247.778
725000000	-31363.165	-4025.310	-27337.856	-240.395
726000000	-31383.526	-4044.515	-27339.010	-261.064
727000000	-31391.340	-4039.024	-27352.316	-252.569
728000000	-31355.223	-3985.480	-27369.743	-199.844
729000000	-31303.727	-3975.156	-27328.571	-190.731
730000000	-31446.166	-4077.078	-27369.088	-292.198
731000000	-31395.363	-4043.617	-27351.746	-257.736
732000000	-31393.842	-4017.749	-27376.093	-232.538
733000000	-31469.594	-4110.863	-27358.731	-326.394
734000000	-31371.048	-4019.983	-27351.065	-237.417
735000000	-31424.196	-4056.677	-27367.519	-273.101
736000000	-31454.284	-4089.792	-27364.492	-304.171
737000000	-31393.882	-4048.203	-27345.679	-263.263
738000000	-31400.154	-4069.393	-27330.761	-285.023
739000000	-31400.632	-4034.297	-27366.335	-249.979
740000000	-31347.802	-3996.380	-27351.421	-211.110
741000000	-31401.041	-4026.120	-27374.922	-241.063
742000000	-31414.814	-4051.297	-27363.516	-267.111
743000000	-31393.069	-4039.636	-27353.432	-254.238
744000000	-31414.378	-4042.577	-27371.801	-256.914
745000000	-31393.743	-4035.797	-27357.946	-252.639
746000000	-31387.677	-4045.118	-27342.558	-263.491
747000000	-31370.524	-4041.790	-27328.734	-258.016
748000000	-31448.569	-4068.202	-27380.367	-279.023
749000000	-31395.435	-4036.783	-27358.651	-253.215
750000000	-31345.131	-3995.459	-27349.672	-211.350
751000000	-31400.600	-4042.488	-27358.111	-258.195
752000000	-31372.166	-4010.948	-27361.218	-225.441
753000000	-31374.952	-4038.725	-27336.227	-253.257
754000000	-31395.513	-4047.471	-27348.043	-263.632
755000000	-31412.684	-4051.726	-27360.958	-268.181
756000000	-31420.838	-4074.120	-27346.717	-289.143
757000000	-31352.067	-4022.157	-27329.911	-236.836
758000000	-31443.226	-4061.562	-27381.664	-277.710
759000000	-31364.600	-4038.681	-27325.920	-254.060
760000000	-31309.472	-3971.204	-27338.267	-184.062
761000000	-31381.986	-3999.173	-27382.812	-215.096
762000000	-31419.771	-4055.674	-27364.097	-271.137
763000000	-31338.951	-3965.682	-27373.268	-178.828
764000000	-31349.091	-4009.857	-27339.235	-226.309
765000000	-31430.454	-4079.306	-27351.149	-293.672
766000000	-31378.653	-4031.944	-27346.709	-247.991
767000000	-31341.778	-3960.877	-27380.901	-177.898
768000000	-31418.586	-4067.474	-27351.112	-282.806
769000000	-31396.687	-4045.408	-27351.279	-261.068
770000000	-31403.199	-4020.959	-27382.240	-236.507
771000000	-31387.102	-4028.596	-27358.506	-242.198
772000000	-31386.684	-4042.518	-27344.166	-259.841
773000000	-31412.933	-4053.708	-27359.225	-270.347
774000000	-31345.594	-4011.575	-27334.019	-228.632
775000000	-31384.308	-4034.103	-27350.205	-250.908
776000000	-31395.716	-4033.879	-27361.837	-248.540
777000000	-31381.502	-4026.417	-27355.085	-242.300
778000000	-31391.930	-4039.678	-27352.252	-254.918
779000000	-31351.653	-4002.128	-27349.525	-219.220
780000000	-31379.014	-4029.336	-27349.677	-246.741
781000000	-31373.347	-4012.315	-27361.032	-225.848
782000000	-31401.921	-4037.314	-27364.607	-253.311
783000000	-31348.720	-4010.687	-27338.034	-228.410
784000000	-31364.067	-4032.180	-27331.887	-248.092
785000000	-31384.001	-4036.535	-27347.466	-252.683
786000000	-31334.240	-3990.058	-27344.183	-208.001
787000000	-31357.510	-4008.049	-27349.461	-223.919
788000000	-31438.743	-4086.439	-27352.303	-302.154
789000000	-31395.140	-4036.953	-27358.186	-252.679
790000000	-31432.131	-4076.143	-27355.988	-292.337
791000000	-31405.006	-4069.100	-27335.906	-283.590
792000000	-31364.367	-4020.292	-27344.075	-232.634
793000000	-31395.627	-4033.449	-27362.177	-250.303
794000000	-31408.992	-4053.850	-27355.142	-269.079
795000000	-31399.680	-4026.562	-27373.119	-241.801
796000000	-31446.693	-4068.280	-27378.413	-285.935
797000000	-31444.848	-4091.053	-27353.795	-305.213
798000000	-31373.725	-4023.595	-27350.130	-238.957
799000000	-31410.335	-4048.990	-27361.345	-263.156
800000000	-31364.771	-4013.312	-27351.459	-227.883
