state	posterior	prior	likelihood	skygrid
1000000	-31416.497	-4042.994	-27373.503	-259.692
2000000	-31404.119	-4053.210	-27350.909	-268.234
3000000	-31387.882	-4005.819	-27382.063	-221.760
4000000	-31435.273	-4050.464	-27384.810	-267.755
5000000	-31379.458	-4039.685	-27339.774	-254.076
6000000	-31383.200	-4015.354	-27367.846	-232.687
7000000	-31337.028	-4002.092	-27334.936	-218.666
8000000	-31385.984	-4035.933	-27350.052	-252.227
9000000	-31417.442	-4039.002	-27378.440	-255.779
10000000	-31322.717	-3971.282	-27351.435	-185.545
11000000	-31370.923	-4031.196	-27339.726	-247.195
12000000	-31357.121	-4001.603	-27355.518	-217.421
13000000	-31405.457	-4066.373	-27339.085	-280.922
14000000	-31373.660	-4028.951	-27344.709	-242.661
15000000	-31435.213	-4061.088	-27374.125	-275.681
16000000	-31424.796	-4086.362	-27338.434	-302.361
17000000	-31419.698	-4063.944	-27355.755	-279.295
18000000	-31335.493	-3995.045	-27340.448	-211.538
19000000	-31381.769	-4020.856	-27360.913	-237.844
20000000	-31374.174	-4025.547	-27348.627	-243.293
21000000	-31426.613	-4079.047	-27347.566	-294.973
22000000	-31437.497	-4065.149	-27372.348	-280.667
23000000	-31369.965	-4033.730	-27336.236	-249.666
24000000	-31354.857	-4019.349	-27335.509	-234.976
25000000	-31395.581	-4044.713	-27350.868	-261.072
26000000	-31419.325	-4054.782	-27364.543	-269.472
27000000	-31439.043	-4089.601	-27349.443	-307.244
28000000	-31341.315	-4013.581	-27327.734	-229.867
29000000	-31404.738	-4024.755	-27379.983	-239.714
30000000	-31357.400	-4003.098	-27354.302	-220.832
31000000	-31373.067	-3993.717	-27379.350	-206.648
32000000	-31333.631	-3986.402	-27347.228	-201.088
33000000	-31395.302	-4027.981	-27367.321	-244.292
34000000	-31389.675	-4046.175	-27343.500	-262.819
35000000	-31376.001	-4025.910	-27350.091	-241.742
36000000	-31408.985	-4042.183	-27366.802	-258.487
37000000	-31377.909	-4014.979	-27362.930	-230.654
38000000	-31331.861	-3990.733	-27341.128	-208.342
39000000	-31379.714	-4024.447	-27355.267	-238.479
40000000	-31448.431	-4085.691	-27362.740	-301.157
41000000	-31387.377	-4047.479	-27339.898	-261.787
42000000	-31391.246	-4047.414	-27343.833	-262.692
43000000	-31355.683	-3991.764	-27363.919	-206.348
44000000	-31404.747	-4067.786	-27336.961	-283.932
45000000	-31320.709	-3979.436	-27341.273	-196.575
46000000	-31381.223	-4046.664	-27334.559	-262.622
47000000	-31428.886	-4057.654	-27371.231	-272.361
48000000	-31371.340	-4045.156	-27326.184	-261.506
49000000	-31377.834	-4017.814	-27360.019	-234.655
50000000	-31347.663	-3997.372	-27350.291	-213.736
51000000	-31395.112	-4039.678	-27355.434	-255.769
52000000	-31376.312	-4021.412	-27354.900	-237.758
53000000	-31389.438	-4022.858	-27366.580	-239.748
54000000	-31360.864	-3996.579	-27364.285	-211.606
55000000	-31339.908	-4006.620	-27333.289	-220.459
56000000	-31376.181	-4028.872	-27347.309	-245.760
57000000	-31424.336	-4046.387	-27377.949	-262.382
58000000	-31428.420	-4032.707	-27395.714	-248.028
59000000	-31430.353	-4053.599	-27376.754	-268.973
60000000	-31395.805	-4045.254	-27350.551	-262.011
61000000	-31423.826	-4069.947	-27353.879	-285.711
62000000	-31363.179	-4024.339	-27338.840	-239.286
63000000	-31389.871	-4049.843	-27340.028	-266.844
64000000	-31389.347	-4024.734	-27364.613	-239.788
65000000	-31426.543	-4053.454	-27373.090	-269.890
66000000	-31362.087	-3989.420	-27372.667	-203.994
67000000	-31378.772	-4012.565	-27366.207	-227.113
68000000	-31401.055	-4040.852	-27360.203	-253.249
69000000	-31402.596	-4040.697	-27361.900	-257.921
70000000	-31391.177	-4037.565	-27353.612	-251.612
71000000	-31369.414	-3998.305	-27371.109	-214.143
72000000	-31358.891	-4011.365	-27347.526	-229.033
73000000	-31388.777	-4020.833	-27367.945	-235.984
74000000	-31417.781	-4092.680	-27325.101	-306.042
75000000	-31393.072	-4023.626	-27369.446	-237.821
76000000	-31417.536	-4059.969	-27357.568	-273.994
77000000	-31377.839	-4025.367	-27352.471	-241.948
78000000	-31360.407	-3997.604	-27362.803	-215.208
79000000	-31365.057	-3994.879	-27370.178	-207.538
80000000	-31448.078	-4077.920	-27370.158	-294.706
81000000	-31349.496	-4022.380	-27327.116	-237.782
82000000	-31363.295	-4009.368	-27353.927	-225.556
83000000	-31407.438	-4049.658	-27357.780	-262.645
84000000	-31325.095	-3989.968	-27335.127	-204.792
85000000	-31381.347	-3992.121	-27389.226	-208.403
86000000	-31427.308	-4046.611	-27380.697	-262.620
87000000	-31395.025	-4067.734	-27327.291	-284.540
88000000	-31386.510	-4026.125	-27360.385	-242.216
89000000	-31435.890	-4075.694	-27360.196	-291.562
90000000	-31397.403	-4029.757	-27367.647	-244.075
91000000	-31359.416	-4011.635	-27347.782	-226.617
92000000	-31362.985	-3999.699	-27363.286	-214.958
93000000	-31414.196	-4054.641	-27359.555	-270.425
94000000	-31440.407	-4070.165	-27370.242	-285.251
95000000	-31366.239	-3999.908	-27366.332	-214.837
96000000	-31389.406	-4054.405	-27335.000	-269.940
97000000	-31367.120	-4013.906	-27353.214	-229.017
98000000	-31378.223	-4032.047	-27346.176	-244.215
99000000	-31339.449	-3994.069	-27345.380	-210.452
100000000	-31444.367	-4063.423	-27380.945	-279.575
101000000	-31354.163	-3985.338	-27368.825	-202.211
102000000	-31329.928	-3989.143	-27340.785	-203.733
103000000	-31394.190	-4050.165	-27344.025	-265.956
104000000	-31427.476	-4060.657	-27366.819	-274.585
105000000	-31416.913	-4046.593	-27370.321	-262.306
106000000	-31429.681	-4057.201	-27372.479	-273.305
107000000	-31389.930	-4037.832	-27352.098	-254.332
108000000	-31428.900	-4072.795	-27356.105	-288.315
109000000	-31414.926	-4053.714	-27361.212	-267.474
110000000	-31410.617	-4066.757	-27343.860	-281.937
111000000	-31429.006	-4051.975	-27377.031	-266.893
112000000	-31406.020	-4026.574	-27379.445	-243.243
113000000	-31436.501	-4055.026	-27381.475	-270.628
114000000	-31375.108	-4019.926	-27355.182	-230.901
115000000	-31427.658	-4037.732	-27389.925	-252.394
116000000	-31403.339	-4034.015	-27369.324	-247.839
117000000	-31335.120	-3977.768	-27357.352	-192.911
118000000	-31387.388	-4040.244	-27347.144	-257.316
119000000	-31368.792	-4005.623	-27363.169	-218.936
120000000	-31409.257	-4038.418	-27370.840	-252.849
121000000	-31417.603	-4069.260	-27348.343	-285.355
122000000	-31410.241	-4048.149	-27362.092	-264.598
123000000	-31406.064	-4043.712	-27362.352	-258.803
124000000	-31355.840	-4005.593	-27350.247	-222.741
125000000	-31386.317	-4029.521	-27356.796	-245.911
126000000	-31408.582	-4049.671	-27358.910	-266.699
127000000	-31379.859	-3999.742	-27380.117	-213.869
128000000	-31396.671	-4038.700	-27357.971	-255.974
129000000	-31414.784	-4075.330	-27339.454	-291.282
130000000	-31373.273	-4033.073	-27340.200	-249.885
131000000	-31363.085	-4025.945	-27337.141	-241.044
132000000	-31415.535	-4055.196	-27360.339	-272.738
133000000	-31387.478	-4035.746	-27351.732	-251.766
134000000	-31387.464	-4040.670	-27346.794	-258.175
135000000	-31396.976	-4059.148	-27337.828	-275.752
136000000	-31386.083	-4026.215	-27359.869	-243.134
137000000	-31395.498	-4047.249	-27348.249	-261.938
138000000	-31402.505	-4045.892	-27356.613	-261.607
139000000	-31359.881	-4005.365	-27354.516	-220.649
140000000	-31341.651	-4020.897	-27320.755	-236.426
141000000	-31359.598	-4015.598	-27344.000	-232.674
142000000	-31435.667	-4075.598	-27360.069	-291.914
143000000	-31373.218	-4011.653	-27361.565	-224.989
144000000	-31378.438	-4035.530	-27342.908	-248.768
145000000	-31369.633	-4013.181	-27356.452	-228.893
146000000	-31380.004	-4029.635	-27350.369	-244.339
147000000	-31384.368	-4025.398	-27358.969	-243.163
148000000	-31437.322	-4076.878	-27360.444	-290.379
149000000	-31337.424	-3997.798	-27339.625	-214.416
150000000	-31381.467	-4015.596	-27365.871	-225.167
151000000	-31395.886	-4023.960	-27371.926	-242.347
152000000	-31397.430	-4041.905	-27355.525	-257.357
153000000	-31358.924	-3994.770	-27364.154	-208.809
154000000	-31408.679	-4062.014	-27346.665	-278.352
155000000	-31401.087	-4061.763	-27339.323	-278.950
156000000	-31321.126	-3977.831	-27343.295	-193.837
157000000	-31380.146	-4005.075	-27375.071	-219.897
158000000	-31355.832	-4017.365	-27338.467	-231.583
159000000	-31464.785	-4115.644	-27349.142	-330.123
160000000	-31424.482	-4055.593	-27368.889	-271.139
161000000	-31402.573	-4048.850	-27353.723	-262.567
162000000	-31417.045	-4029.788	-27387.257	-245.289
163000000	-31455.391	-4086.999	-27368.392	-303.213
164000000	-31342.684	-3989.767	-27352.918	-205.631
165000000	-31456.952	-4093.864	-27363.089	-310.316
166000000	-31353.162	-3983.439	-27369.723	-195.890
167000000	-31417.440	-4067.083	-27350.357	-284.192
168000000	-31366.119	-3998.138	-27367.981	-214.825
169000000	-31392.496	-4040.320	-27352.176	-254.153
170000000	-31380.735	-4005.913	-27374.822	-223.729
171000000	-31376.060	-4022.824	-27353.235	-238.076
172000000	-31388.903	-4029.796	-27359.106	-246.193
173000000	-31394.389	-4044.429	-27349.960	-259.214
174000000	-31402.418	-4026.023	-27376.395	-241.559
175000000	-31356.950	-4010.423	-27346.527	-225.170
176000000	-31397.050	-4034.026	-27363.024	-249.301
177000000	-31379.135	-4011.094	-27368.041	-227.658
178000000	-31357.725	-3997.964	-27359.762	-215.750
179000000	-31364.347	-4014.300	-27350.047	-229.419
180000000	-31384.429	-4032.761	-27351.668	-247.636
181000000	-31358.631	-4010.913	-27347.718	-227.654
182000000	-31430.094	-4075.815	-27354.279	-291.128
183000000	-31370.473	-4036.101	-27334.371	-252.401
184000000	-31379.566	-4034.579	-27344.987	-250.584
185000000	-31399.214	-4040.083	-27359.131	-255.116
186000000	-31434.046	-4063.714	-27370.332	-279.717
187000000	-31428.863	-4045.697	-27383.166	-261.209
188000000	-31335.423	-3993.619	-27341.804	-207.805
189000000	-31342.627	-3996.948	-27345.679	-211.999
190000000	-31401.830	-4074.951	-27326.880	-288.592
191000000	-31386.460	-4034.405	-27352.055	-249.029
192000000	-31419.085	-4073.785	-27345.300	-290.616
193000000	-31363.886	-4022.464	-27341.422	-238.290
194000000	-31439.781	-4073.082	-27366.699	-289.784
195000000	-31416.667	-4065.597	-27351.070	-278.026
196000000	-31364.333	-4031.178	-27333.156	-246.896
197000000	-31377.045	-4016.619	-27360.425	-230.620
198000000	-31389.181	-4040.532	-27348.649	-257.808
199000000	-31361.265	-4011.198	-27350.068	-227.489
200000000	-31378.610	-4023.534	-27355.077	-238.704
201000000	-31369.877	-4006.940	-27362.936	-222.641
202000000	-31386.640	-4037.480	-27349.161	-252.648
203000000	-31365.411	-3992.514	-27372.897	-208.191
204000000	-31361.692	-4014.606	-27347.086	-230.452
205000000	-31383.050	-4037.455	-27345.595	-252.897
206000000	-31363.982	-4021.398	-27342.584	-238.277
207000000	-31376.666	-4024.444	-27352.221	-239.136
208000000	-31463.582	-4094.623	-27368.959	-311.216
209000000	-31357.240	-4010.607	-27346.634	-228.172
210000000	-31415.703	-4050.413	-27365.290	-265.279
211000000	-31351.714	-3987.494	-27364.220	-201.888
212000000	-31417.674	-4042.309	-27375.365	-255.691
213000000	-31424.612	-4056.601	-27368.011	-271.014
214000000	-31398.286	-4047.771	-27350.515	-263.679
215000000	-31388.279	-4052.059	-27336.221	-269.317
216000000	-31426.658	-4050.947	-27375.711	-266.373
217000000	-31421.256	-4051.088	-27370.168	-266.521
218000000	-31405.918	-4040.911	-27365.007	-254.911
219000000	-31433.060	-4077.021	-27356.039	-292.464
220000000	-31396.535	-4041.105	-27355.429	-257.833
221000000	-31377.352	-4037.286	-27340.066	-252.314
222000000	-31395.214	-4037.365	-27357.849	-252.767
223000000	-31430.033	-4070.388	-27359.645	-287.369
224000000	-31392.583	-4037.045	-27355.538	-253.147
225000000	-31375.844	-4021.924	-27353.920	-238.223
226000000	-31461.420	-4084.706	-27376.714	-301.064
227000000	-31368.532	-4002.649	-27365.883	-217.658
228000000	-31420.390	-4057.019	-27363.371	-269.075
229000000	-31396.042	-4048.535	-27347.507	-264.737
230000000	-31385.391	-4038.948	-27346.443	-255.493
231000000	-31412.735	-4053.296	-27359.440	-270.124
232000000	-31389.976	-4028.715	-27361.261	-243.756
233000000	-31396.132	-4027.732	-27368.400	-244.439
234000000	-31367.703	-4017.587	-27350.116	-232.000
235000000	-31389.758	-4017.320	-27372.438	-232.948
236000000	-31300.569	-3941.120	-27359.449	-158.651
237000000	-31337.596	-3988.387	-27349.210	-204.168
238000000	-31386.823	-4038.086	-27348.737	-254.025
239000000	-31379.586	-4040.204	-27339.382	-253.978
240000000	-31380.903	-4028.109	-27352.794	-243.965
241000000	-31376.862	-4041.567	-27335.295	-256.793
242000000	-31402.631	-4034.393	-27368.238	-248.312
243000000	-31351.764	-3982.739	-27369.025	-196.694
244000000	-31345.423	-3973.923	-27371.500	-190.501
245000000	-31376.887	-4027.825	-27349.062	-243.323
246000000	-31374.242	-4028.495	-27345.747	-244.324
247000000	-31409.561	-4065.166	-27344.396	-281.006
248000000	-31386.926	-4032.013	-27354.912	-247.660
249000000	-31373.927	-4009.980	-27363.946	-227.024
250000000	-31435.788	-4081.962	-27353.826	-298.166
251000000	-31404.551	-4057.247	-27347.304	-273.892
252000000	-31430.011	-4069.145	-27360.866	-283.793
253000000	-31415.017	-4049.736	-27365.281	-261.970
254000000	-31402.673	-4034.867	-27367.806	-249.603
255000000	-31404.367	-4033.032	-27371.334	-249.075
256000000	-31355.099	-4003.145	-27351.953	-216.714
257000000	-31362.791	-4002.433	-27360.358	-218.322
258000000	-31395.046	-4014.163	-27380.883	-231.997
259000000	-31432.012	-4049.945	-27382.067	-265.307
260000000	-31408.031	-4058.496	-27349.535	-276.107
261000000	-31387.185	-4035.276	-27351.909	-250.037
262000000	-31359.016	-4020.683	-27338.333	-235.998
263000000	-31400.604	-4061.644	-27338.960	-278.002
264000000	-31353.456	-4001.973	-27351.483	-218.554
265000000	-31396.576	-4018.671	-27377.905	-234.551
266000000	-31386.662	-4050.168	-27336.495	-266.241
267000000	-31388.131	-4034.246	-27353.885	-249.274
268000000	-31380.235	-4007.929	-27372.306	-225.635
269000000	-31355.862	-4011.856	-27344.007	-226.976
270000000	-31409.347	-4022.422	-27386.924	-235.950
271000000	-31410.233	-4035.653	-27374.580	-252.630
272000000	-31433.449	-4040.361	-27393.089	-255.241
273000000	-31410.386	-4062.727	-27347.660	-279.751
274000000	-31376.616	-4033.934	-27342.682	-250.117
275000000	-31360.898	-4015.338	-27345.560	-232.066
276000000	-31415.461	-4053.154	-27362.308	-269.323
277000000	-31426.795	-4067.923	-27358.871	-281.388
278000000	-31391.715	-4039.128	-27352.587	-254.971
279000000	-31375.238	-4024.077	-27351.161	-241.474
280000000	-31378.146	-4033.266	-27344.880	-249.843
281000000	-31343.891	-4000.423	-27343.468	-215.871
282000000	-31357.730	-4019.360	-27338.370	-236.911
283000000	-31392.572	-4040.551	-27352.021	-255.441
284000000	-31421.552	-4064.224	-27357.328	-280.136
285000000	-31378.481	-3990.758	-27387.723	-207.127
286000000	-31361.481	-4038.933	-27322.548	-255.837
287000000	-31393.851	-4036.257	-27357.593	-249.690
288000000	-31368.975	-4015.989	-27352.985	-231.384
289000000	-31378.267	-3996.759	-27381.508	-213.249
290000000	-31406.915	-4053.343	-27353.572	-268.722
291000000	-31433.325	-4062.958	-27370.367	-279.028
292000000	-31343.566	-3992.149	-27351.417	-207.318
293000000	-31355.417	-4004.946	-27350.471	-218.198
294000000	-31387.459	-4020.757	-27366.702	-235.540
295000000	-31405.691	-4064.773	-27340.918	-280.896
296000000	-31404.239	-4033.345	-27370.894	-247.521
297000000	-31436.651	-4053.230	-27383.422	-269.959
298000000	-31371.212	-4014.333	-27356.880	-232.202
299000000	-31391.136	-4054.800	-27336.336	-269.680
300000000	-31403.657	-4060.113	-27343.544	-274.403
301000000	-31398.407	-4026.420	-27371.987	-242.156
302000000	-31365.577	-4008.198	-27357.378	-220.739
303000000	-31410.766	-4044.068	-27366.699	-259.226
304000000	-31389.046	-4039.557	-27349.490	-254.939
305000000	-31438.512	-4071.205	-27367.307	-287.164
306000000	-31394.625	-4002.009	-27392.616	-218.921
307000000	-31430.725	-4056.514	-27374.210	-273.125
308000000	-31361.493	-4035.160	-27326.333	-249.439
309000000	-31354.688	-4011.492	-27343.196	-227.623
310000000	-31376.930	-4035.089	-27341.840	-250.964
311000000	-31377.359	-4027.871	-27349.488	-243.185
312000000	-31374.654	-3998.943	-27375.711	-213.673
313000000	-31357.961	-4027.367	-27330.594	-243.979
314000000	-31377.835	-4027.219	-27350.616	-242.467
315000000	-31403.556	-4073.231	-27330.325	-289.489
316000000	-31342.625	-4000.747	-27341.878	-216.920
317000000	-31419.442	-4052.880	-27366.562	-267.451
318000000	-31387.566	-4010.598	-27376.967	-228.217
319000000	-31396.469	-4049.073	-27347.396	-264.210
320000000	-31361.839	-4007.559	-27354.280	-223.250
321000000	-31411.254	-4041.919	-27369.335	-258.009
322000000	-31338.093	-3995.522	-27342.572	-212.039
323000000	-31400.663	-4064.929	-27335.733	-280.890
324000000	-31425.702	-4040.889	-27384.813	-257.674
325000000	-31386.032	-4020.719	-27365.313	-235.751
326000000	-31349.317	-3994.713	-27354.604	-211.554
327000000	-31370.646	-4002.292	-27368.354	-216.502
328000000	-31350.296	-3999.713	-27350.582	-215.841
329000000	-31389.975	-4031.099	-27358.876	-247.019
330000000	-31393.112	-4031.572	-27361.540	-244.306
331000000	-31400.702	-4043.807	-27356.895	-259.099
332000000	-31420.700	-4068.213	-27352.487	-285.365
333000000	-31380.370	-4028.032	-27352.338	-243.932
334000000	-31384.732	-4038.322	-27346.410	-255.070
335000000	-31426.832	-4087.524	-27339.308	-303.586
336000000	-31418.352	-4060.154	-27358.198	-275.215
337000000	-31390.233	-4023.915	-27366.318	-237.411
338000000	-31384.454	-4016.117	-27368.337	-232.346
339000000	-31375.108	-4036.896	-27338.213	-251.020
340000000	-31433.296	-4087.305	-27345.991	-303.204
341000000	-31393.599	-4038.926	-27354.673	-254.360
342000000	-31416.002	-4050.156	-27365.846	-262.791
343000000	-31397.837	-4019.129	-27378.707	-234.568
344000000	-31382.584	-4026.667	-27355.918	-242.996
345000000	-31416.959	-4042.551	-27374.408	-255.981
346000000	-31366.355	-4022.973	-27343.382	-238.746
347000000	-31399.260	-4044.320	-27354.940	-259.550
348000000	-31370.260	-4012.601	-27357.659	-228.932
349000000	-31389.138	-4023.861	-27365.276	-238.388
350000000	-31355.803	-4014.254	-27341.549	-224.950
351000000	-31407.377	-4059.744	-27347.632	-276.005
352000000	-31401.765	-4046.129	-27355.636	-260.901
353000000	-31384.642	-4043.383	-27341.259	-258.798
354000000	-31409.954	-4043.657	-27366.297	-260.556
355000000	-31367.738	-4017.097	-27350.641	-231.677
356000000	-31364.231	-4025.307	-27338.924	-242.508
357000000	-31394.707	-4048.509	-27346.198	-262.352
358000000	-31426.397	-4076.169	-27350.228	-292.295
359000000	-31398.545	-4038.823	-27359.722	-250.528
360000000	-31344.112	-3994.253	-27349.859	-209.840
361000000	-31362.584	-4009.879	-27352.705	-225.483
362000000	-31388.674	-4045.656	-27343.018	-260.947
363000000	-31358.486	-4038.240	-27320.246	-255.759
364000000	-31434.955	-4072.027	-27362.928	-287.396
365000000	-31334.058	-3979.861	-27354.197	-195.619
366000000	-31412.350	-4061.436	-27350.914	-275.623
367000000	-31403.551	-4042.754	-27360.797	-258.591
368000000	-31402.988	-4052.723	-27350.265	-265.660
369000000	-31422.329	-4049.120	-27373.209	-264.755
370000000	-31467.195	-4092.516	-27374.678	-308.703
371000000	-31368.160	-4006.737	-27361.424	-223.852
372000000	-31411.578	-4043.306	-27368.272	-259.849
373000000	-31337.045	-3988.023	-27349.022	-204.259
374000000	-31352.705	-3995.878	-27356.827	-212.274
375000000	-31404.954	-4054.483	-27350.471	-269.881
376000000	-31363.993	-4019.091	-27344.902	-235.122
377000000	-31376.255	-4034.014	-27342.241	-248.824
378000000	-31390.147	-4023.313	-27366.834	-241.542
379000000	-31386.375	-4037.551	-27348.824	-254.659
380000000	-31357.816	-4040.161	-27317.655	-256.279
381000000	-31343.408	-4006.585	-27336.822	-220.110
382000000	-31398.732	-4042.973	-27355.759	-258.891
383000000	-31379.154	-4027.835	-27351.319	-246.068
384000000	-31383.349	-4030.120	-27353.230	-245.245
385000000	-31401.349	-4040.788	-27360.561	-253.583
386000000	-31453.960	-4065.678	-27388.282	-279.043
387000000	-31395.014	-4041.118	-27353.897	-255.798
388000000	-31380.396	-4020.543	-27359.853	-235.775
389000000	-31373.831	-4015.319	-27358.512	-230.038
390000000	-31367.691	-4032.501	-27335.189	-247.964
391000000	-31396.299	-4033.154	-27363.145	-247.994
392000000	-31450.334	-4069.073	-27381.261	-283.432
393000000	-31409.892	-4061.367	-27348.525	-276.072
394000000	-31414.234	-4045.410	-27368.823	-261.085
395000000	-31434.753	-4062.152	-27372.601	-276.753
396000000	-31436.205	-4087.820	-27348.384	-305.253
397000000	-31438.046	-4063.448	-27374.598	-278.281
398000000	-31386.775	-4014.121	-27372.654	-229.198
399000000	-31398.225	-4006.332	-27391.894	-222.972
400000000	-31382.184	-4032.333	-27349.851	-248.328
401000000	-31421.612	-4057.456	-27364.157	-271.968
402000000	-31333.385	-3995.632	-27337.753	-211.614
403000000	-31392.921	-4053.241	-27339.680	-268.445
404000000	-31376.076	-4051.442	-27324.634	-265.866
405000000	-31400.868	-4042.866	-27358.003	-259.638
406000000	-31342.650	-3994.773	-27347.876	-209.499
407000000	-31370.340	-4010.244	-27360.096	-226.882
408000000	-31387.529	-4018.280	-27369.249	-232.920
409000000	-31389.674	-4016.002	-27373.672	-229.688
410000000	-31337.470	-4006.376	-27331.093	-221.937
411000000	-31432.877	-4069.694	-27363.183	-280.956
412000000	-31412.557	-4052.351	-27360.206	-270.080
413000000	-31393.344	-4018.284	-27375.059	-236.056
414000000	-31386.420	-4028.932	-27357.488	-245.617
415000000	-31349.708	-3995.244	-27354.464	-209.882
416000000	-31371.107	-4021.983	-27349.123	-241.116
417000000	-31409.659	-4046.042	-27363.618	-260.359
418000000	-31382.631	-4030.932	-27351.699	-247.272
419000000	-31369.539	-4010.585	-27358.954	-226.384
420000000	-31374.623	-4001.116	-27373.507	-216.808
421000000	-31391.871	-4048.776	-27343.096	-262.613
422000000	-31372.642	-4012.284	-27360.358	-228.589
423000000	-31377.192	-4030.608	-27346.585	-247.296
424000000	-31438.166	-4064.908	-27373.258	-276.992
425000000	-31429.231	-4057.068	-27372.163	-271.159
426000000	-31414.162	-4058.364	-27355.799	-272.458
427000000	-31398.374	-4042.261	-27356.113	-257.899
428000000	-31381.541	-4033.772	-27347.769	-247.619
429000000	-31425.177	-4078.062	-27347.115	-294.095
430000000	-31390.658	-4026.664	-27363.994	-242.789
431000000	-31347.894	-4023.271	-27324.624	-241.125
432000000	-31371.474	-4039.861	-27331.613	-257.240
433000000	-31379.211	-4015.000	-27364.211	-231.268
434000000	-31447.383	-4099.777	-27347.606	-316.259
435000000	-31374.914	-4030.739	-27344.175	-245.450
436000000	-31416.034	-4067.277	-27348.757	-282.603
437000000	-31478.488	-4103.506	-27374.982	-319.136
438000000	-31372.415	-4037.385	-27335.030	-253.346
439000000	-31423.780	-4091.232	-27332.549	-308.108
440000000	-31383.239	-4000.650	-27382.589	-217.017
441000000	-31426.562	-4066.504	-27360.058	-281.004
442000000	-31434.524	-4060.966	-27373.558	-275.826
443000000	-31387.319	-4041.256	-27346.063	-255.213
444000000	-31430.049	-4080.837	-27349.211	-294.990
445000000	-31406.294	-4043.815	-27362.478	-261.680
446000000	-31383.713	-4032.092	-27351.621	-248.943
447000000	-31339.214	-3959.662	-27379.552	-177.457
448000000	-31352.316	-4026.893	-27325.423	-240.189
449000000	-31394.211	-4008.387	-27385.825	-223.098
450000000	-31322.958	-3978.285	-27344.673	-192.249
451000000	-31395.779	-4046.066	-27349.713	-261.839
452000000	-31379.478	-4010.150	-27369.328	-225.953
453000000	-31430.924	-4070.205	-27360.720	-285.945
454000000	-31369.234	-4041.740	-27327.494	-256.963
455000000	-31416.709	-4065.251	-27351.458	-277.299
456000000	-31454.972	-4093.472	-27361.500	-309.214
457000000	-31406.030	-4043.066	-27362.963	-257.669
458000000	-31357.102	-3982.858	-27374.244	-199.110
459000000	-31405.747	-4046.919	-27358.828	-262.212
460000000	-31387.165	-4039.303	-27347.862	-255.452
461000000	-31405.411	-4040.658	-27364.753	-257.055
462000000	-31402.424	-4040.794	-27361.630	-257.838
463000000	-31403.612	-4055.953	-27347.659	-271.519
464000000	-31358.736	-4005.990	-27352.746	-224.219
465000000	-31396.454	-4042.792	-27353.662	-258.567
466000000	-31383.969	-4027.367	-27356.602	-244.016
467000000	-31451.700	-4079.321	-27372.379	-295.900
468000000	-31384.430	-4032.140	-27352.290	-248.197
469000000	-31465.191	-4112.599	-27352.592	-327.644
470000000	-31374.712	-4011.897	-27362.815	-226.967
471000000	-31411.608	-4051.385	-27360.223	-266.168
472000000	-31383.063	-4017.861	-27365.202	-234.322
473000000	-31390.542	-4036.151	-27354.390	-251.862
474000000	-31361.959	-3999.756	-27362.203	-214.657
475000000	-31407.663	-4054.395	-27353.267	-272.860
476000000	-31412.583	-4047.755	-27364.828	-263.525
477000000	-31332.719	-4001.123	-27331.596	-215.606
478000000	-31398.270	-4028.756	-27369.514	-243.209
479000000	-31350.368	-4012.135	-27338.234	-228.436
480000000	-31311.261	-3980.377	-27330.884	-197.088
481000000	-31428.515	-4072.634	-27355.881	-287.002
482000000	-31370.024	-4044.696	-27325.329	-261.113
483000000	-31351.889	-4032.436	-27319.452	-247.113
484000000	-31374.570	-4043.931	-27330.638	-260.266
485000000	-31396.058	-4039.729	-27356.329	-256.960
486000000	-31391.200	-4045.660	-27345.540	-260.772
487000000	-31421.803	-4078.137	-27343.666	-292.369
488000000	-31416.546	-4035.301	-27381.245	-251.592
489000000	-31416.692	-4047.690	-27369.002	-265.068
490000000	-31375.698	-4016.539	-27359.159	-232.347
491000000	-31419.574	-4092.979	-27326.596	-308.810
492000000	-31366.389	-3997.550	-27368.838	-211.024
493000000	-31454.089	-4078.197	-27375.892	-293.259
494000000	-31378.837	-4036.515	-27342.322	-251.839
495000000	-31371.673	-4022.787	-27348.886	-237.574
496000000	-31382.915	-4022.520	-27360.395	-239.575
497000000	-31385.289	-4011.109	-27374.180	-224.950
498000000	-31357.011	-4023.978	-27333.032	-237.629
499000000	-31415.026	-4053.206	-27361.820	-268.788
500000000	-31366.233	-4038.122	-27328.111	-253.288
501000000	-31395.377	-4042.053	-27353.324	-257.217
502000000	-31407.972	-4048.225	-27359.747	-264.668
503000000	-31413.911	-4033.469	-27380.442	-248.386
504000000	-31404.517	-4071.230	-27333.287	-285.690
505000000	-31380.564	-4022.404	-27358.160	-238.417
506000000	-31397.866	-4020.725	-27377.141	-237.474
507000000	-31360.950	-4005.832	-27355.118	-221.138
508000000	-31436.937	-4077.799	-27359.138	-292.328
509000000	-31384.650	-4040.127	-27344.523	-257.068
510000000	-31361.005	-4021.121	-27339.883	-237.499
511000000	-31431.634	-4051.827	-27379.807	-265.824
512000000	-31352.101	-3992.007	-27360.094	-208.094
513000000	-31454.139	-4103.351	-27350.789	-319.457
514000000	-31367.114	-4006.486	-27360.628	-220.864
515000000	-31382.157	-4021.651	-27360.507	-238.798
516000000	-31423.475	-4066.214	-27357.261	-280.726
517000000	-31369.050	-3978.082	-27390.968	-194.014
518000000	-31421.597	-4076.705	-27344.892	-292.086
519000000	-31393.106	-4020.807	-27372.299	-238.669
520000000	-31426.020	-4073.855	-27352.165	-287.257
521000000	-31382.447	-4017.593	-27364.855	-230.122
522000000	-31363.957	-4001.786	-27362.171	-216.757
523000000	-31400.152	-4051.933	-27348.219	-267.772
524000000	-31405.473	-4050.409	-27355.064	-264.767
525000000	-31397.998	-4017.571	-27380.427	-231.435
526000000	-31437.888	-4059.381	-27378.507	-270.083
527000000	-31394.778	-4032.161	-27362.617	-248.895
528000000	-31430.703	-4058.613	-27372.090	-273.954
529000000	-31355.282	-3998.736	-27356.546	-213.261
530000000	-31367.923	-3997.185	-27370.738	-215.360
531000000	-31380.980	-4017.489	-27363.490	-231.963
532000000	-31372.511	-4022.537	-27349.974	-236.787
533000000	-31398.021	-4068.048	-27329.973	-282.712
534000000	-31429.001	-4066.203	-27362.798	-281.362
535000000	-31396.746	-4047.275	-27349.471	-263.272
536000000	-31390.807	-4028.713	-27362.093	-244.871
537000000	-31403.141	-4024.700	-27378.441	-237.061
538000000	-31398.035	-4046.689	-27351.346	-263.181
539000000	-31404.153	-4036.690	-27367.463	-250.703
540000000	-31394.034	-4027.482	-27366.553	-243.175
541000000	-31367.636	-4017.399	-27350.237	-233.508
542000000	-31394.031	-4038.138	-27355.893	-252.551
543000000	-31412.679	-4080.059	-27332.620	-295.695
544000000	-31349.843	-4012.427	-27337.416	-230.601
545000000	-31373.985	-4010.883	-27363.102	-224.008
546000000	-31358.953	-4007.644	-27351.309	-223.316
547000000	-31340.470	-4004.384	-27336.087	-220.278
548000000	-31390.354	-4030.338	-27360.015	-246.191
549000000	-31382.824	-4048.598	-27334.226	-264.256
550000000	-31394.850	-4034.767	-27360.083	-250.912
551000000	-31387.338	-4053.416	-27333.922	-268.817
552000000	-31378.540	-4020.827	-27357.713	-234.708
553000000	-31429.063	-4067.253	-27361.810	-281.606
554000000	-31349.507	-4013.642	-27335.865	-227.332
555000000	-31409.545	-4046.817	-27362.728	-261.897
556000000	-31374.282	-4019.794	-27354.488	-235.868
557000000	-31380.357	-4017.466	-27362.891	-234.829
558000000	-31392.039	-4028.572	-27363.467	-242.538
559000000	-31324.823	-3980.970	-27343.853	-197.989
560000000	-31315.639	-3964.618	-27351.020	-177.392
561000000	-31378.439	-4005.680	-27372.759	-217.133
562000000	-31397.548	-4037.416	-27360.132	-252.934
563000000	-31398.402	-4037.859	-27360.543	-251.568
564000000	-31389.677	-4039.107	-27350.570	-254.035
565000000	-31431.830	-4046.736	-27385.093	-261.454
566000000	-31450.837	-4111.441	-27339.396	-326.927
567000000	-31346.107	-4006.829	-27339.277	-223.637
568000000	-31440.173	-4071.846	-27368.326	-289.219
569000000	-31431.268	-4072.435	-27358.833	-285.871
570000000	-31413.885	-4051.238	-27362.647	-265.544
571000000	-31379.578	-4023.153	-27356.424	-237.913
572000000	-31414.419	-4065.111	-27349.308	-280.192
573000000	-31361.952	-4019.205	-27342.747	-236.526
574000000	-31357.040	-4010.156	-27346.883	-224.617
575000000	-31412.574	-4063.263	-27349.311	-278.882
576000000	-31376.551	-4016.813	-27359.738	-229.824
577000000	-31392.029	-4025.727	-27366.302	-240.004
578000000	-31392.657	-4026.304	-27366.353	-241.195
579000000	-31396.655	-4036.388	-27360.268	-251.342
580000000	-31386.376	-4016.189	-27370.187	-231.462
581000000	-31432.857	-4071.798	-27361.058	-286.561
582000000	-31423.649	-4061.061	-27362.588	-276.835
583000000	-31371.016	-4023.497	-27347.520	-238.728
584000000	-31399.761	-4051.542	-27348.218	-266.538
585000000	-31420.222	-4089.498	-27330.724	-304.562
586000000	-31382.062	-4021.943	-27360.119	-238.948
587000000	-31406.310	-4052.334	-27353.976	-267.438
588000000	-31334.884	-4002.366	-27332.518	-218.434
589000000	-31372.881	-4044.954	-27327.928	-260.918
590000000	-31399.643	-4037.262	-27362.382	-251.838
591000000	-31341.626	-3998.024	-27343.602	-213.959
592000000	-31345.858	-3991.763	-27354.096	-209.277
593000000	-31416.210	-4049.666	-27366.544	-264.972
594000000	-31422.270	-4023.184	-27399.086	-238.056
595000000	-31390.547	-4037.094	-27353.453	-251.132
596000000	-31406.759	-4041.209	-27365.551	-258.128
597000000	-31439.673	-4065.206	-27374.467	-280.005
598000000	-31364.516	-4021.238	-27343.278	-233.406
599000000	-31411.888	-4042.449	-27369.438	-260.395
600000000	-31404.031	-4023.828	-27380.203	-240.954
601000000	-31437.707	-4075.391	-27362.317	-289.454
602000000	-31385.742	-4041.932	-27343.810	-257.347
603000000	-31352.120	-4006.094	-27346.026	-220.634
604000000	-31385.789	-4019.688	-27366.101	-235.666
605000000	-31343.234	-3985.018	-27358.216	-198.237
606000000	-31420.819	-4062.316	-27358.503	-277.732
607000000	-31392.103	-4040.965	-27351.138	-255.247
608000000	-31360.931	-3996.452	-27364.480	-213.461
609000000	-31375.388	-4016.151	-27359.237	-232.155
610000000	-31394.208	-4035.926	-27358.282	-252.790
611000000	-31392.157	-4022.857	-27369.300	-237.525
612000000	-31347.430	-3993.382	-27354.048	-211.570
613000000	-31406.788	-4055.463	-27351.325	-269.775
614000000	-31373.406	-3993.473	-27379.933	-206.817
615000000	-31329.886	-3979.499	-27350.388	-195.671
616000000	-31365.554	-4017.033	-27348.522	-232.592
617000000	-31434.888	-4080.023	-27354.865	-295.284
618000000	-31402.858	-4048.349	-27354.509	-261.413
619000000	-31373.934	-4044.246	-27329.689	-257.995
620000000	-31353.795	-4008.963	-27344.832	-223.293
621000000	-31341.376	-3995.783	-27345.593	-211.868
622000000	-31395.031	-4057.690	-27337.341	-273.671
623000000	-31385.466	-4035.352	-27350.114	-251.382
624000000	-31400.101	-4056.073	-27344.028	-271.335
625000000	-31424.585	-4071.739	-27352.846	-286.203
626000000	-31347.844	-4008.233	-27339.611	-221.998
627000000	-31341.217	-3991.589	-27349.629	-207.050
628000000	-31364.766	-4017.113	-27347.653	-231.795
629000000	-31357.806	-4027.428	-27330.379	-243.340
630000000	-31380.075	-4008.471	-27371.603	-225.836
631000000	-31405.305	-4058.149	-27347.156	-272.023
632000000	-31369.280	-4039.639	-27329.641	-253.570
633000000	-31411.827	-4040.791	-27371.036	-255.741
634000000	-31366.426	-4003.523	-27362.903	-219.192
635000000	-31399.340	-4050.361	-27348.979	-263.749
636000000	-31354.163	-4033.850	-27320.313	-249.736
637000000	-31365.112	-4009.484	-27355.628	-225.654
638000000	-31421.550	-4049.556	-27371.994	-265.954
639000000	-31376.563	-4032.529	-27344.034	-247.012
640000000	-31378.399	-4023.843	-27354.556	-240.912
641000000	-31389.805	-4058.992	-27330.813	-274.914
642000000	-31421.488	-4069.928	-27351.560	-286.276
643000000	-31357.250	-3996.465	-27360.785	-212.385
644000000	-31397.015	-4054.439	-27342.576	-269.747
645000000	-31427.897	-4064.461	-27363.436	-280.630
646000000	-31391.945	-4029.694	-27362.251	-243.881
647000000	-31432.428	-4070.429	-27361.999	-286.231
648000000	-31403.173	-4067.526	-27335.647	-283.870
649000000	-31441.299	-4083.777	-27357.521	-296.173
650000000	-31389.725	-4038.152	-27351.573	-254.019
651000000	-31407.090	-4047.658	-27359.432	-262.803
652000000	-31354.077	-3989.331	-27364.746	-207.078
653000000	-31370.953	-4028.187	-27342.767	-243.090
654000000	-31393.896	-4028.892	-27365.005	-244.084
655000000	-31363.742	-4043.513	-27320.228	-258.811
656000000	-31413.052	-4075.477	-27337.575	-291.429
657000000	-31354.795	-4020.650	-27334.145	-236.497
658000000	-31420.160	-4038.395	-27381.765	-253.963
659000000	-31419.961	-4050.958	-27369.003	-265.912
660000000	-31344.158	-3999.306	-27344.852	-216.334
661000000	-31419.366	-4031.126	-27388.239	-248.675
662000000	-31402.717	-4033.812	-27368.905	-248.799
663000000	-31357.160	-3992.840	-27364.320	-207.452
664000000	-31426.455	-4074.127	-27352.328	-290.275
665000000	-31358.153	-4009.121	-27349.032	-225.189
666000000	-31308.589	-3976.565	-27332.024	-192.436
667000000	-31378.938	-4042.728	-27336.210	-256.148
668000000	-31370.783	-4020.040	-27350.743	-235.594
669000000	-31349.021	-4008.701	-27340.320	-223.570
670000000	-31433.917	-4076.472	-27357.445	-290.615
671000000	-31423.094	-4064.957	-27358.137	-279.945
672000000	-31393.340	-4036.587	-27356.753	-251.775
673000000	-31347.626	-3999.013	-27348.613	-215.024
674000000	-31413.400	-4067.974	-27345.427	-283.584
675000000	-31315.744	-4005.067	-27310.677	-220.599
676000000	-31387.679	-4027.272	-27360.407	-243.748
677000000	-31420.225	-4049.295	-27370.930	-265.341
678000000	-31430.999	-4081.908	-27349.091	-297.126
679000000	-31380.793	-4011.131	-27369.661	-227.002
680000000	-31394.417	-4025.350	-27369.067	-241.409
681000000	-31409.507	-4041.264	-27368.243	-257.929
682000000	-31381.042	-4033.619	-27347.423	-250.787
683000000	-31371.129	-4028.136	-27342.993	-241.576
684000000	-31425.219	-4049.941	-27375.278	-264.426
685000000	-31364.005	-4010.672	-27353.333	-226.140
686000000	-31428.618	-4055.975	-27372.643	-269.222
687000000	-31364.403	-4020.497	-27343.906	-234.747
688000000	-31447.035	-4085.565	-27361.470	-302.815
689000000	-31366.915	-4026.933	-27339.982	-243.565
690000000	-31394.293	-4044.973	-27349.320	-261.881
691000000	-31362.847	-4022.278	-27340.568	-236.842
692000000	-31407.033	-4052.984	-27354.049	-268.400
693000000	-31404.183	-4048.510	-27355.673	-264.006
694000000	-31386.115	-4034.117	-27351.998	-247.589
695000000	-31402.230	-4036.730	-27365.500	-253.520
696000000	-31415.654	-4062.991	-27352.663	-279.707
697000000	-31366.243	-4021.706	-27344.537	-237.306
698000000	-31409.620	-4053.894	-27355.726	-269.163
699000000	-31422.735	-4034.008	-27388.727	-248.209
700000000	-31491.482	-4117.492	-27373.990	-326.028
701000000	-31466.233	-4090.800	-27375.433	-306.898
702000000	-31371.554	-4038.067	-27333.487	-252.344
703000000	-31385.793	-4038.174	-27347.619	-253.524
704000000	-31373.091	-4013.848	-27359.243	-229.164
705000000	-31409.045	-4054.799	-27354.246	-269.427
706000000	-31386.556	-4039.948	-27346.608	-255.024
707000000	-31385.384	-4038.667	-27346.717	-252.950
708000000	-31389.903	-4038.830	-27351.072	-255.919
709000000	-31385.249	-4046.418	-27338.832	-260.942
710000000	-31381.709	-4009.182	-27372.527	-226.256
711000000	-31398.999	-4039.279	-27359.720	-255.614
712000000	-31366.095	-4030.240	-27335.854	-246.618
713000000	-31368.734	-4020.164	-27348.570	-236.547
714000000	-31413.050	-4066.479	-27346.571	-282.900
715000000	-31371.746	-4029.411	-27342.334	-243.587
716000000	-31382.183	-4043.364	-27338.820	-259.914
717000000	-31341.098	-3986.273	-27354.824	-202.611
718000000	-31390.701	-4042.859	-27347.842	-255.268
719000000	-31414.757	-4052.826	-27361.931	-267.352
720000000	-31416.400	-4053.607	-27362.792	-263.629
721000000	-31346.416	-3999.720	-27346.696	-214.916
722000000	-31381.659	-4030.044	-27351.616	-245.142
723000000	-31389.794	-4017.918	-27371.876	-232.564
724000000	-31362.530	-4016.937	-27345.592	-232.806
725000000	-31362.255	-4013.839	-27348.416	-231.430
726000000	-31428.656	-4073.190	-27355.466	-289.285
727000000	-31383.634	-4021.286	-27362.348	-235.802
728000000	-31358.714	-4014.848	-27343.866	-229.396
729000000	-31341.039	-3996.742	-27344.296	-211.871
730000000	-31331.150	-3991.783	-27339.366	-206.467
731000000	-31367.890	-4021.077	-27346.813	-233.147
732000000	-31344.772	-4001.492	-27343.280	-217.225
733000000	-31392.979	-4044.169	-27348.811	-261.517
734000000	-31356.316	-4023.181	-27333.134	-238.181
735000000	-31449.530	-4079.739	-27369.791	-296.749
736000000	-31389.811	-4044.792	-27345.019	-261.938
737000000	-31363.873	-4020.498	-27343.375	-236.025
738000000	-31372.181	-4028.090	-27344.091	-242.745
739000000	-31388.315	-4028.259	-27360.056	-244.011
740000000	-31404.149	-4033.899	-27370.250	-249.709
741000000	-31333.197	-3982.937	-27350.260	-198.788
742000000	-31377.876	-4021.083	-27356.794	-235.326
743000000	-31392.910	-4025.968	-27366.942	-241.598
744000000	-31365.563	-3995.886	-27369.677	-213.651
745000000	-31432.487	-4048.664	-27383.823	-263.602
746000000	-31395.531	-4050.824	-27344.707	-266.362
747000000	-31385.217	-4026.638	-27358.579	-241.956
748000000	-31376.986	-4021.537	-27355.449	-234.617
749000000	-31394.726	-4039.378	-27355.348	-256.587
750000000	-31370.127	-4011.635	-27358.492	-226.173
751000000	-31405.430	-4047.797	-27357.632	-261.580
752000000	-31374.011	-4027.436	-27346.575	-239.113
753000000	-31382.813	-4004.580	-27378.233	-221.333
754000000	-31359.134	-4022.567	-27336.567	-236.740
755000000	-31342.197	-4009.956	-27332.241	-225.547
756000000	-31437.921	-4053.860	-27384.061	-270.107
757000000	-31402.770	-4053.379	-27349.391	-269.682
758000000	-31364.992	-4013.283	-27351.709	-230.909
759000000	-31368.150	-4046.577	-27321.573	-262.846
760000000	-31357.284	-4000.729	-27356.555	-216.577
761000000	-31457.306	-4097.525	-27359.782	-308.517
762000000	-31411.060	-4063.541	-27347.519	-278.509
763000000	-31406.895	-4058.393	-27348.502	-274.303
764000000	-31393.673	-4039.815	-27353.858	-254.465
765000000	-31416.775	-4037.721	-27379.053	-254.627
766000000	-31436.024	-4071.283	-27364.741	-286.093
767000000	-31411.933	-4052.510	-27359.422	-270.312
768000000	-31412.810	-4076.878	-27335.932	-292.192
769000000	-31354.455	-3984.943	-27369.512	-199.392
770000000	-31447.965	-4083.711	-27364.254	-299.143
771000000	-31391.211	-4033.782	-27357.429	-251.755
772000000	-31370.718	-4031.591	-27339.127	-247.077
773000000	-31386.220	-4026.907	-27359.313	-242.182
774000000	-31392.806	-4016.575	-27376.231	-228.152
775000000	-31343.042	-4023.373	-27319.668	-237.842
776000000	-31367.792	-4003.635	-27364.157	-219.876
777000000	-31390.347	-4034.525	-27355.822	-250.570
778000000	-31382.327	-4045.489	-27336.838	-261.828
779000000	-31412.099	-4052.754	-27359.345	-269.064
780000000	-31424.151	-4060.533	-27363.618	-273.075
781000000	-31394.937	-4052.429	-27342.508	-269.098
782000000	-31427.486	-4060.134	-27367.352	-274.617
783000000	-31397.774	-4060.393	-27337.381	-276.197
784000000	-31418.487	-4049.802	-27368.685	-266.183
785000000	-31376.557	-4017.730	-27358.827	-235.053
786000000	-31409.036	-4056.552	-27352.484	-273.291
787000000	-31348.661	-4009.374	-27339.287	-224.986
788000000	-31409.324	-4030.151	-27379.174	-246.099
789000000	-31324.970	-4004.719	-27320.250	-221.269
790000000	-31334.416	-3997.713	-27336.703	-215.535
791000000	-31398.252	-4049.992	-27348.260	-266.742
792000000	-31400.609	-4021.761	-27378.848	-235.453
793000000	-31395.176	-4035.471	-27359.704	-251.235
794000000	-31389.847	-4045.805	-27344.042	-259.853
795000000	-31335.031	-3991.680	-27343.351	-207.656
796000000	-31422.666	-4058.711	-27363.955	-275.767
797000000	-31393.836	-4027.946	-27365.890	-243.882
798000000	-31403.400	-4031.635	-27371.765	-245.740
799000000	-31374.964	-4012.960	-27362.004	-227.111
800000000	-31465.519	-4065.379	-27400.139	-281.321
