state	posterior	prior	likelihood	skygrid
1000000	-31404.787	-4030.812	-27373.975	-246.142
2000000	-31426.588	-4073.518	-27353.070	-290.489
3000000	-31401.542	-4034.305	-27367.237	-250.505
4000000	-31351.791	-4006.908	-27344.884	-223.002
5000000	-31448.787	-4074.898	-27373.889	-291.268
6000000	-31381.069	-4030.885	-27350.184	-247.083
7000000	-31451.485	-4076.577	-27374.907	-293.347
8000000	-31364.505	-4040.652	-27323.853	-254.222
9000000	-31305.416	-3952.633	-27352.783	-167.587
10000000	-31402.461	-4016.249	-27386.213	-232.771
11000000	-31389.083	-4033.439	-27355.645	-247.194
12000000	-31372.623	-4012.173	-27360.451	-226.900
13000000	-31396.390	-4046.034	-27350.356	-260.647
14000000	-31371.194	-4030.367	-27340.827	-247.149
15000000	-31417.768	-4041.562	-27376.205	-258.106
16000000	-31363.028	-4017.464	-27345.565	-232.690
17000000	-31350.181	-4007.590	-27342.591	-224.853
18000000	-31394.102	-4018.772	-27375.330	-233.947
19000000	-31380.955	-4039.878	-27341.077	-255.526
20000000	-31373.765	-4014.934	-27358.830	-229.221
21000000	-31360.280	-4014.408	-27345.872	-230.039
22000000	-31416.776	-4052.048	-27364.728	-264.082
23000000	-31385.162	-4034.232	-27350.931	-251.838
24000000	-31430.140	-4057.655	-27372.485	-273.297
25000000	-31455.757	-4096.784	-27358.973	-310.766
26000000	-31359.919	-3999.235	-27360.684	-214.752
27000000	-31387.139	-4039.843	-27347.296	-256.888
28000000	-31421.476	-4052.420	-27369.056	-267.800
29000000	-31429.678	-4053.920	-27375.758	-270.001
30000000	-31352.890	-4016.807	-27336.082	-231.728
31000000	-31385.280	-4039.960	-27345.320	-254.568
32000000	-31347.280	-4000.164	-27347.116	-210.389
33000000	-31360.701	-3989.900	-27370.801	-204.881
34000000	-31378.853	-3997.956	-27380.897	-214.070
35000000	-31409.598	-4044.547	-27365.051	-259.118
36000000	-31437.986	-4068.775	-27369.210	-283.319
37000000	-31402.540	-4031.926	-27370.613	-248.203
38000000	-31358.257	-4018.600	-27339.657	-233.349
39000000	-31381.582	-4022.292	-27359.291	-238.152
40000000	-31421.235	-4054.816	-27366.420	-268.965
41000000	-31371.447	-4008.719	-27362.728	-223.920
42000000	-31435.275	-4077.612	-27357.663	-294.613
43000000	-31389.869	-4042.546	-27347.324	-256.027
44000000	-31396.526	-4024.607	-27371.919	-241.343
45000000	-31434.321	-4065.225	-27369.096	-280.867
46000000	-31403.967	-4045.476	-27358.491	-260.093
47000000	-31420.965	-4065.835	-27355.130	-283.087
48000000	-31388.783	-4036.267	-27352.516	-252.273
49000000	-31379.718	-4023.953	-27355.765	-235.827
50000000	-31370.433	-4013.794	-27356.639	-228.238
51000000	-31379.080	-4024.595	-27354.485	-240.136
52000000	-31403.944	-4042.914	-27361.031	-257.098
53000000	-31410.810	-4026.173	-27384.637	-242.622
54000000	-31436.873	-4069.203	-27367.669	-285.757
55000000	-31374.058	-4032.992	-27341.066	-245.418
56000000	-31399.053	-4035.791	-27363.262	-252.850
57000000	-31388.992	-4041.667	-27347.325	-257.145
58000000	-31345.247	-4010.944	-27334.304	-226.213
59000000	-31384.535	-4027.622	-27356.912	-242.105
60000000	-31408.933	-4050.389	-27358.545	-264.779
61000000	-31428.324	-4059.919	-27368.405	-274.129
62000000	-31383.315	-4036.796	-27346.519	-251.609
63000000	-31401.010	-4039.222	-27361.788	-253.968
64000000	-31381.701	-4032.000	-27349.701	-247.783
65000000	-31398.273	-4049.282	-27348.991	-264.941
66000000	-31384.702	-4030.149	-27354.553	-245.755
67000000	-31401.339	-4045.907	-27355.431	-262.600
68000000	-31391.647	-4047.714	-27343.933	-263.635
69000000	-31389.264	-4039.690	-27349.574	-256.432
70000000	-31349.217	-4006.890	-27342.327	-222.623
71000000	-31335.816	-4003.718	-27332.099	-219.053
72000000	-31436.560	-4048.826	-27387.733	-264.515
73000000	-31361.058	-4013.432	-27347.626	-226.090
74000000	-31391.555	-4051.675	-27339.880	-267.329
75000000	-31411.223	-4050.577	-27360.646	-267.403
76000000	-31352.376	-4003.838	-27348.538	-219.548
77000000	-31373.813	-4021.840	-27351.974	-236.545
78000000	-31394.167	-4050.906	-27343.261	-265.435
79000000	-31347.741	-3989.283	-27358.458	-206.141
80000000	-31418.637	-4059.607	-27359.029	-274.409
81000000	-31402.710	-4026.376	-27376.334	-240.220
82000000	-31380.153	-3998.733	-27381.420	-212.531
83000000	-31383.348	-4051.664	-27331.684	-264.266
84000000	-31416.724	-4062.257	-27354.466	-278.005
85000000	-31422.530	-4074.470	-27348.060	-289.310
86000000	-31394.370	-4015.747	-27378.622	-232.047
87000000	-31423.190	-4043.038	-27380.151	-256.859
88000000	-31434.495	-4071.453	-27363.042	-288.056
89000000	-31400.207	-4033.772	-27366.435	-248.406
90000000	-31419.372	-4063.062	-27356.310	-279.245
91000000	-31394.443	-4029.405	-27365.038	-245.429
92000000	-31393.959	-4032.105	-27361.854	-248.775
93000000	-31376.759	-4027.999	-27348.760	-242.054
94000000	-31417.108	-4054.660	-27362.449	-268.365
95000000	-31383.860	-4033.387	-27350.473	-249.684
96000000	-31435.969	-4052.106	-27383.862	-266.347
97000000	-31428.181	-4057.544	-27370.637	-272.918
98000000	-31382.118	-4030.057	-27352.061	-246.482
99000000	-31342.934	-3995.714	-27347.220	-209.589
100000000	-31446.354	-4063.102	-27383.252	-277.967
101000000	-31399.907	-4048.253	-27351.653	-263.269
102000000	-31392.471	-4047.131	-27345.340	-263.425
103000000	-31392.164	-4045.713	-27346.451	-260.701
104000000	-31389.790	-4050.197	-27339.594	-266.296
105000000	-31345.715	-4005.246	-27340.469	-213.002
106000000	-31374.051	-4020.742	-27353.309	-236.581
107000000	-31389.459	-4036.942	-27352.517	-253.246
108000000	-31375.838	-4010.988	-27364.851	-226.689
109000000	-31373.626	-4022.180	-27351.446	-239.605
110000000	-31364.105	-4007.965	-27356.139	-224.477
111000000	-31385.625	-4018.460	-27367.165	-232.850
112000000	-31398.706	-4045.282	-27353.424	-259.258
113000000	-31416.319	-4063.658	-27352.661	-278.771
114000000	-31420.865	-4044.284	-27376.581	-261.604
115000000	-31453.948	-4088.604	-27365.345	-304.347
116000000	-31397.610	-4035.854	-27361.756	-253.209
117000000	-31327.572	-3996.289	-27331.283	-208.526
118000000	-31374.871	-4030.465	-27344.405	-245.802
119000000	-31378.031	-4025.560	-27352.471	-240.400
120000000	-31401.496	-4044.411	-27357.085	-259.564
121000000	-31385.185	-4029.757	-27355.428	-243.913
122000000	-31429.536	-4073.572	-27355.963	-287.831
123000000	-31345.443	-4003.385	-27342.058	-218.693
124000000	-31322.729	-3987.720	-27335.009	-203.941
125000000	-31371.229	-4000.306	-27370.923	-214.319
126000000	-31420.858	-4049.806	-27371.053	-265.375
127000000	-31372.334	-4027.966	-27344.367	-244.501
128000000	-31430.901	-4058.077	-27372.824	-273.975
129000000	-31396.326	-4026.624	-27369.702	-241.138
130000000	-31350.617	-3977.773	-27372.845	-194.303
131000000	-31402.738	-4034.494	-27368.244	-250.455
132000000	-31401.524	-4043.793	-27357.731	-258.206
133000000	-31339.141	-3982.437	-27356.704	-197.025
134000000	-31408.298	-4037.276	-27371.023	-253.731
135000000	-31398.228	-4025.263	-27372.965	-239.936
136000000	-31359.260	-4009.003	-27350.256	-225.847
137000000	-31398.430	-4024.397	-27374.033	-239.350
138000000	-31422.689	-4083.874	-27338.814	-298.757
139000000	-31396.980	-4057.965	-27339.015	-272.734
140000000	-31372.402	-4004.610	-27367.792	-221.784
141000000	-31343.811	-3989.295	-27354.515	-205.390
142000000	-31351.714	-4026.130	-27325.584	-241.437
143000000	-31360.292	-3999.186	-27361.107	-213.220
144000000	-31419.074	-4085.281	-27333.793	-299.395
145000000	-31399.577	-4021.112	-27378.465	-235.510
146000000	-31439.635	-4066.997	-27372.638	-282.936
147000000	-31445.471	-4073.597	-27371.875	-287.159
148000000	-31380.541	-4032.522	-27348.019	-247.160
149000000	-31406.067	-4054.714	-27351.353	-269.876
150000000	-31430.504	-4054.226	-27376.278	-267.878
151000000	-31391.376	-4024.143	-27367.233	-240.042
152000000	-31362.988	-3992.485	-27370.503	-209.500
153000000	-31389.904	-4057.910	-27331.994	-273.983
154000000	-31414.317	-4040.383	-27373.934	-256.672
155000000	-31424.424	-4065.763	-27358.661	-281.837
156000000	-31362.077	-4017.492	-27344.585	-231.974
157000000	-31411.655	-4038.773	-27372.882	-253.166
158000000	-31417.768	-4069.156	-27348.612	-287.892
159000000	-31354.411	-4000.475	-27353.935	-217.550
160000000	-31348.901	-3986.343	-27362.558	-203.179
161000000	-31426.928	-4053.274	-27373.654	-268.296
162000000	-31395.021	-4019.118	-27375.902	-236.134
163000000	-31452.379	-4070.024	-27382.355	-286.606
164000000	-31363.568	-4015.638	-27347.930	-229.514
165000000	-31393.428	-4051.727	-27341.701	-269.071
166000000	-31403.714	-4036.682	-27367.032	-251.752
167000000	-31353.345	-4017.525	-27335.821	-227.509
168000000	-31353.997	-4032.061	-27321.936	-248.879
169000000	-31407.266	-4071.759	-27335.507	-286.612
170000000	-31365.833	-4033.550	-27332.283	-249.779
171000000	-31450.849	-4086.462	-27364.387	-300.591
172000000	-31389.681	-4045.294	-27344.387	-261.309
173000000	-31415.143	-4084.792	-27330.350	-298.866
174000000	-31367.373	-3989.249	-27378.124	-203.385
175000000	-31412.372	-4052.057	-27360.314	-267.331
176000000	-31372.759	-4018.421	-27354.338	-236.264
177000000	-31375.021	-4018.379	-27356.642	-234.188
178000000	-31349.301	-3996.541	-27352.761	-211.964
179000000	-31420.065	-4075.291	-27344.775	-288.543
180000000	-31404.722	-4052.284	-27352.438	-267.607
181000000	-31325.473	-3987.012	-27338.462	-204.424
182000000	-31340.014	-3970.211	-27369.803	-185.019
183000000	-31406.262	-4078.106	-27328.156	-293.129
184000000	-31426.024	-4055.150	-27370.874	-269.976
185000000	-31398.275	-4027.002	-27371.274	-242.451
186000000	-31427.999	-4083.029	-27344.970	-298.121
187000000	-31368.779	-4017.482	-27351.296	-231.497
188000000	-31387.346	-4057.602	-27329.744	-273.310
189000000	-31391.328	-4010.226	-27381.102	-225.251
190000000	-31398.252	-4057.301	-27340.951	-273.943
191000000	-31373.691	-4010.049	-27363.642	-226.438
192000000	-31372.311	-4025.046	-27347.265	-240.078
193000000	-31389.080	-4050.070	-27339.010	-266.454
194000000	-31422.494	-4056.971	-27365.524	-270.860
195000000	-31375.748	-4019.919	-27355.829	-233.522
196000000	-31389.447	-4027.727	-27361.720	-243.501
197000000	-31415.724	-4052.474	-27363.250	-267.173
198000000	-31431.394	-4070.491	-27360.903	-286.589
199000000	-31379.588	-4033.332	-27346.256	-248.693
200000000	-31363.265	-4016.953	-27346.312	-232.894
201000000	-31409.856	-4027.905	-27381.951	-245.145
202000000	-31321.539	-3965.095	-27356.444	-181.796
203000000	-31356.541	-3995.872	-27360.670	-212.991
204000000	-31353.074	-4001.303	-27351.771	-215.954
205000000	-31375.520	-4028.052	-27347.468	-244.688
206000000	-31394.070	-4034.897	-27359.173	-250.350
207000000	-31411.250	-4069.023	-27342.227	-282.343
208000000	-31357.560	-4021.529	-27336.031	-238.340
209000000	-31391.326	-4033.086	-27358.240	-249.333
210000000	-31359.904	-3996.342	-27363.561	-212.516
211000000	-31375.807	-4009.754	-27366.052	-226.834
212000000	-31397.081	-4038.210	-27358.870	-254.980
213000000	-31353.421	-4003.299	-27350.121	-219.072
214000000	-31443.383	-4063.310	-27380.074	-276.670
215000000	-31397.852	-4037.304	-27360.549	-253.200
216000000	-31407.951	-4054.218	-27353.733	-268.971
217000000	-31406.397	-4049.265	-27357.131	-266.493
218000000	-31411.129	-4065.816	-27345.313	-280.579
219000000	-31418.925	-4065.257	-27353.668	-280.699
220000000	-31397.531	-4053.874	-27343.657	-269.134
221000000	-31375.968	-4034.168	-27341.799	-250.233
222000000	-31390.314	-4029.677	-27360.638	-245.802
223000000	-31401.869	-4058.858	-27343.011	-274.541
224000000	-31347.535	-3994.813	-27352.722	-210.378
225000000	-31367.712	-4026.296	-27341.416	-243.318
226000000	-31386.236	-4012.116	-27374.120	-228.494
227000000	-31391.464	-4043.136	-27348.328	-258.291
228000000	-31385.872	-4057.423	-27328.450	-273.398
229000000	-31430.359	-4081.019	-27349.339	-298.163
230000000	-31369.505	-4013.413	-27356.092	-227.069
231000000	-31423.671	-4066.283	-27357.388	-282.270
232000000	-31388.745	-4055.519	-27333.227	-269.860
233000000	-31451.188	-4073.432	-27377.756	-290.720
234000000	-31408.199	-4055.936	-27352.263	-271.943
235000000	-31424.409	-4071.579	-27352.830	-283.005
236000000	-31358.032	-4034.829	-27323.203	-251.240
237000000	-31442.430	-4083.863	-27358.567	-300.627
238000000	-31346.565	-4009.190	-27337.376	-225.863
239000000	-31412.282	-4051.578	-27360.703	-267.939
240000000	-31356.998	-4013.478	-27343.520	-227.550
241000000	-31364.857	-4026.169	-27338.688	-239.061
242000000	-31383.506	-4026.531	-27356.974	-240.859
243000000	-31414.671	-4083.607	-27331.064	-298.517
244000000	-31438.691	-4083.835	-27354.856	-298.492
245000000	-31361.309	-4011.192	-27350.117	-226.305
246000000	-31372.196	-4033.291	-27338.905	-249.901
247000000	-31438.683	-4068.767	-27369.917	-283.644
248000000	-31359.562	-3999.458	-27360.103	-212.093
249000000	-31430.839	-4054.266	-27376.572	-270.184
250000000	-31354.605	-4009.293	-27345.312	-225.154
251000000	-31437.325	-4068.724	-27368.600	-282.964
252000000	-31414.959	-4055.104	-27359.855	-270.134
253000000	-31369.410	-4007.148	-27362.262	-223.179
254000000	-31398.528	-4036.165	-27362.363	-252.747
255000000	-31427.017	-4043.322	-27383.696	-260.349
256000000	-31417.868	-4050.143	-27367.725	-264.849
257000000	-31351.281	-3995.624	-27355.657	-210.256
258000000	-31445.813	-4058.997	-27386.816	-273.205
259000000	-31385.626	-4035.476	-27350.150	-249.849
260000000	-31410.403	-4073.062	-27337.341	-287.572
261000000	-31389.369	-4040.236	-27349.134	-256.645
262000000	-31361.074	-4037.777	-27323.296	-253.457
263000000	-31409.130	-4083.148	-27325.982	-298.234
264000000	-31393.357	-4040.918	-27352.440	-255.394
265000000	-31352.696	-3999.772	-27352.924	-215.297
266000000	-31373.296	-4022.429	-27350.867	-239.282
267000000	-31413.617	-4068.269	-27345.348	-282.312
268000000	-31423.210	-4037.121	-27386.090	-253.129
269000000	-31326.155	-3995.552	-27330.603	-209.912
270000000	-31349.492	-4022.474	-27327.018	-236.404
271000000	-31425.318	-4047.847	-27377.471	-263.922
272000000	-31387.343	-4028.826	-27358.517	-244.037
273000000	-31373.288	-4016.583	-27356.705	-227.342
274000000	-31420.960	-4070.768	-27350.192	-287.015
275000000	-31396.562	-4028.819	-27367.742	-244.513
276000000	-31370.417	-4015.544	-27354.873	-233.059
277000000	-31388.195	-4042.064	-27346.131	-256.483
278000000	-31399.477	-4020.547	-27378.930	-235.119
279000000	-31380.006	-4021.633	-27358.373	-238.499
280000000	-31406.801	-4041.198	-27365.603	-253.668
281000000	-31381.903	-4040.936	-27340.967	-256.745
282000000	-31337.667	-4000.273	-27337.394	-214.727
283000000	-31388.543	-4028.323	-27360.220	-244.529
284000000	-31445.042	-4068.188	-27376.854	-283.910
285000000	-31394.336	-4034.294	-27360.043	-250.638
286000000	-31368.419	-4021.823	-27346.597	-236.746
287000000	-31439.772	-4069.132	-27370.640	-281.032
288000000	-31415.229	-4038.566	-27376.663	-254.472
289000000	-31370.711	-4008.501	-27362.210	-225.315
290000000	-31387.864	-4008.118	-27379.746	-223.613
291000000	-31417.535	-4070.892	-27346.643	-287.155
292000000	-31426.991	-4058.036	-27368.955	-274.137
293000000	-31351.469	-4013.159	-27338.310	-229.246
294000000	-31384.465	-4017.671	-27366.795	-232.022
295000000	-31354.418	-4006.603	-27347.815	-221.951
296000000	-31404.198	-4045.493	-27358.706	-259.691
297000000	-31443.054	-4067.134	-27375.920	-281.585
298000000	-31468.389	-4097.143	-27371.246	-312.778
299000000	-31400.275	-4033.274	-27367.001	-249.117
300000000	-31377.885	-4025.942	-27351.942	-241.626
301000000	-31380.638	-4024.422	-27356.215	-240.129
302000000	-31396.852	-4036.402	-27360.449	-250.416
303000000	-31395.343	-4031.293	-27364.050	-247.797
304000000	-31399.739	-4042.802	-27356.937	-260.295
305000000	-31385.634	-4011.007	-27374.627	-226.040
306000000	-31400.301	-4025.033	-27375.268	-241.160
307000000	-31414.486	-4055.165	-27359.321	-272.619
308000000	-31440.001	-4076.683	-27363.318	-291.502
309000000	-31353.467	-3995.266	-27358.201	-211.849
310000000	-31419.694	-4058.705	-27360.989	-272.614
311000000	-31360.033	-4007.342	-27352.691	-219.242
312000000	-31359.589	-4031.973	-27327.616	-249.336
313000000	-31402.901	-4032.324	-27370.577	-247.890
314000000	-31335.414	-3987.280	-27348.134	-203.345
315000000	-31370.739	-4028.269	-27342.469	-245.668
316000000	-31383.689	-4019.879	-27363.809	-235.661
317000000	-31424.185	-4057.287	-27366.899	-271.398
318000000	-31371.062	-4009.029	-27362.033	-226.645
319000000	-31382.556	-4019.923	-27362.634	-234.624
320000000	-31379.982	-4020.970	-27359.012	-233.520
321000000	-31383.984	-4011.660	-27372.324	-226.050
322000000	-31395.072	-4023.457	-27371.615	-239.638
323000000	-31324.025	-4004.723	-27319.302	-221.758
324000000	-31364.305	-4008.712	-27355.593	-222.543
325000000	-31430.408	-4060.865	-27369.543	-278.451
326000000	-31384.262	-4024.297	-27359.964	-240.916
327000000	-31368.722	-4022.138	-27346.583	-239.252
328000000	-31413.161	-4076.347	-27336.813	-292.433
329000000	-31430.376	-4050.888	-27379.488	-267.766
330000000	-31397.433	-4044.114	-27353.319	-260.726
331000000	-31356.565	-4025.869	-27330.696	-241.617
332000000	-31453.894	-4067.715	-27386.178	-283.592
333000000	-31433.758	-4079.032	-27354.726	-292.097
334000000	-31361.112	-4018.243	-27342.869	-233.658
335000000	-31420.303	-4078.660	-27341.644	-295.681
336000000	-31417.526	-4054.563	-27362.963	-271.701
337000000	-31439.942	-4070.675	-27369.267	-284.691
338000000	-31387.700	-4025.792	-27361.909	-240.809
339000000	-31402.002	-4035.153	-27366.849	-248.122
340000000	-31382.242	-4025.145	-27357.097	-242.122
341000000	-31342.743	-3981.028	-27361.715	-197.848
342000000	-31454.682	-4089.462	-27365.220	-304.467
343000000	-31389.298	-4033.334	-27355.964	-245.352
344000000	-31359.016	-4020.391	-27338.624	-232.394
345000000	-31377.217	-4033.961	-27343.256	-249.077
346000000	-31375.582	-4016.244	-27359.338	-231.215
347000000	-31394.132	-4038.673	-27355.460	-255.617
348000000	-31424.148	-4080.763	-27343.385	-294.959
349000000	-31398.147	-4032.828	-27365.320	-247.099
350000000	-31348.558	-4003.974	-27344.584	-218.258
351000000	-31342.751	-3997.771	-27344.980	-215.196
352000000	-31359.251	-3998.226	-27361.025	-215.689
353000000	-31392.458	-4042.335	-27350.124	-257.915
354000000	-31409.280	-4029.947	-27379.333	-246.232
355000000	-31440.535	-4070.019	-27370.516	-287.108
356000000	-31441.388	-4083.983	-27357.405	-297.383
357000000	-31386.560	-4044.516	-27342.043	-259.955
358000000	-31394.740	-4031.293	-27363.446	-247.255
359000000	-31450.686	-4087.926	-27362.760	-303.652
360000000	-31392.876	-4042.561	-27350.315	-257.925
361000000	-31349.974	-4004.995	-27344.979	-220.555
362000000	-31401.810	-4043.498	-27358.312	-258.508
363000000	-31397.082	-4029.327	-27367.755	-242.474
364000000	-31413.875	-4061.870	-27352.005	-278.305
365000000	-31357.358	-4010.133	-27347.225	-225.825
366000000	-31388.009	-4021.236	-27366.773	-237.030
367000000	-31392.540	-4021.819	-27370.722	-238.552
368000000	-31371.512	-4023.149	-27348.362	-239.905
369000000	-31383.959	-4037.191	-27346.768	-252.842
370000000	-31383.103	-4014.813	-27368.290	-229.511
371000000	-31433.114	-4077.204	-27355.910	-292.413
372000000	-31376.547	-3994.916	-27381.632	-210.724
373000000	-31366.631	-4015.341	-27351.291	-232.384
374000000	-31384.622	-4018.809	-27365.812	-235.882
375000000	-31412.991	-4038.932	-27374.059	-251.391
376000000	-31443.211	-4098.973	-27344.238	-316.157
377000000	-31433.491	-4060.310	-27373.181	-274.787
378000000	-31383.463	-4011.028	-27372.434	-227.064
379000000	-31366.798	-4026.705	-27340.093	-242.856
380000000	-31365.045	-4004.090	-27360.955	-217.481
381000000	-31349.724	-3981.741	-27367.983	-197.686
382000000	-31408.546	-4037.585	-27370.961	-254.269
383000000	-31427.071	-4046.558	-27380.513	-262.437
384000000	-31369.472	-3994.342	-27375.130	-211.284
385000000	-31396.820	-4060.931	-27335.889	-276.670
386000000	-31384.285	-4042.501	-27341.785	-258.134
387000000	-31344.922	-3997.907	-27347.015	-213.677
388000000	-31431.211	-4081.063	-27350.149	-292.676
389000000	-31383.525	-4046.033	-27337.492	-261.375
390000000	-31379.555	-4028.519	-27351.036	-245.384
391000000	-31415.465	-4044.129	-27371.336	-259.599
392000000	-31362.695	-4026.698	-27335.996	-241.596
393000000	-31458.817	-4068.301	-27390.516	-285.106
394000000	-31435.749	-4056.042	-27379.707	-269.874
395000000	-31388.151	-4029.921	-27358.229	-245.504
396000000	-31390.318	-4041.655	-27348.664	-257.121
397000000	-31353.482	-4004.549	-27348.933	-218.125
398000000	-31340.131	-4002.825	-27337.306	-217.970
399000000	-31429.525	-4062.553	-27366.972	-274.979
400000000	-31416.791	-4062.063	-27354.727	-274.564
401000000	-31403.130	-4043.835	-27359.295	-258.768
402000000	-31337.134	-3998.847	-27338.287	-214.261
403000000	-31358.097	-4003.270	-27354.827	-217.754
404000000	-31403.358	-4029.710	-27373.647	-245.756
405000000	-31393.944	-4031.457	-27362.487	-247.741
406000000	-31315.956	-3964.075	-27351.881	-181.018
407000000	-31374.378	-4035.444	-27338.934	-250.766
408000000	-31396.457	-4044.802	-27351.655	-256.990
409000000	-31409.278	-4028.843	-27380.434	-244.916
410000000	-31343.059	-3983.652	-27359.407	-199.155
411000000	-31380.949	-4011.308	-27369.641	-225.101
412000000	-31441.179	-4055.723	-27385.455	-272.022
413000000	-31406.530	-4045.403	-27361.127	-260.602
414000000	-31414.135	-4044.912	-27369.223	-260.200
415000000	-31439.912	-4069.887	-27370.024	-284.752
416000000	-31381.699	-4016.341	-27365.358	-232.757
417000000	-31425.916	-4071.872	-27354.044	-287.085
418000000	-31409.923	-4033.576	-27376.347	-248.876
419000000	-31391.759	-4033.141	-27358.618	-247.676
420000000	-31360.468	-4015.965	-27344.503	-232.598
421000000	-31402.764	-4049.558	-27353.205	-264.922
422000000	-31411.616	-4060.318	-27351.298	-274.414
423000000	-31389.341	-4047.767	-27341.574	-261.462
424000000	-31389.502	-4043.693	-27345.809	-258.580
425000000	-31381.520	-4026.006	-27355.514	-241.674
426000000	-31348.685	-4020.547	-27328.138	-235.279
427000000	-31351.181	-3999.362	-27351.818	-215.041
428000000	-31387.794	-4038.914	-27348.880	-253.851
429000000	-31327.406	-3993.458	-27333.948	-208.960
430000000	-31405.961	-4042.449	-27363.512	-255.683
431000000	-31463.945	-4092.116	-27371.829	-307.969
432000000	-31382.563	-4041.674	-27340.889	-257.761
433000000	-31391.311	-4039.024	-27352.287	-253.665
434000000	-31386.966	-4027.474	-27359.492	-244.591
435000000	-31381.138	-4016.811	-27364.327	-233.437
436000000	-31388.426	-4028.857	-27359.569	-243.726
437000000	-31347.367	-4013.843	-27333.524	-229.126
438000000	-31402.614	-4046.328	-27356.286	-262.801
439000000	-31395.240	-4038.870	-27356.370	-255.289
440000000	-31401.756	-4047.233	-27354.524	-262.380
441000000	-31404.788	-4044.542	-27360.246	-260.194
442000000	-31419.786	-4061.740	-27358.045	-277.655
443000000	-31409.896	-4066.214	-27343.683	-282.229
444000000	-31394.141	-4010.604	-27383.537	-226.944
445000000	-31371.301	-4019.425	-27351.876	-233.537
446000000	-31358.912	-3999.203	-27359.709	-215.855
447000000	-31417.062	-4057.560	-27359.502	-272.876
448000000	-31301.317	-3965.024	-27336.293	-182.702
449000000	-31364.231	-4029.229	-27335.002	-244.982
450000000	-31379.907	-4038.766	-27341.141	-248.484
451000000	-31340.003	-3996.984	-27343.019	-210.536
452000000	-31428.088	-4071.840	-27356.248	-286.753
453000000	-31395.493	-4051.394	-27344.100	-266.633
454000000	-31341.288	-4012.450	-27328.838	-227.704
455000000	-31392.599	-4047.870	-27344.728	-260.719
456000000	-31392.255	-4035.079	-27357.176	-252.090
457000000	-31365.757	-3993.978	-27371.779	-211.667
458000000	-31408.441	-4039.896	-27368.545	-255.411
459000000	-31380.776	-4030.846	-27349.930	-245.189
460000000	-31391.477	-4041.860	-27349.617	-257.656
461000000	-31433.355	-4074.780	-27358.575	-291.196
462000000	-31359.621	-4010.078	-27349.543	-223.960
463000000	-31369.938	-4018.178	-27351.760	-233.844
464000000	-31423.837	-4054.744	-27369.093	-269.361
465000000	-31357.884	-4030.788	-27327.097	-247.292
466000000	-31357.015	-4018.432	-27338.583	-229.941
467000000	-31390.659	-4037.515	-27353.144	-253.637
468000000	-31460.039	-4085.329	-27374.709	-295.682
469000000	-31406.071	-4057.970	-27348.100	-273.829
470000000	-31427.595	-4058.340	-27369.255	-272.978
471000000	-31370.648	-4025.156	-27345.492	-238.828
472000000	-31369.353	-4022.471	-27346.882	-237.085
473000000	-31331.712	-4003.571	-27328.141	-218.623
474000000	-31388.570	-4040.430	-27348.140	-253.454
475000000	-31322.285	-3970.850	-27351.435	-187.880
476000000	-31389.107	-4028.660	-27360.448	-242.437
477000000	-31408.673	-4084.690	-27323.983	-301.690
478000000	-31332.368	-3988.104	-27344.264	-203.109
479000000	-31382.122	-4018.322	-27363.799	-233.259
480000000	-31356.866	-4003.869	-27352.997	-219.340
481000000	-31434.150	-4058.288	-27375.862	-273.880
482000000	-31437.841	-4056.258	-27381.583	-271.074
483000000	-31400.822	-4034.806	-27366.017	-248.627
484000000	-31392.899	-4047.511	-27345.389	-261.154
485000000	-31341.197	-3996.442	-27344.754	-213.765
486000000	-31377.273	-4014.457	-27362.816	-226.728
487000000	-31380.255	-4007.887	-27372.369	-225.294
488000000	-31368.319	-4033.398	-27334.920	-248.306
489000000	-31398.511	-4034.982	-27363.529	-249.777
490000000	-31411.656	-4065.265	-27346.392	-279.595
491000000	-31391.388	-4023.596	-27367.791	-239.170
492000000	-31377.456	-4008.472	-27368.984	-222.559
493000000	-31409.953	-4052.662	-27357.292	-268.083
494000000	-31397.079	-4031.423	-27365.656	-247.511
495000000	-31388.531	-4025.420	-27363.111	-243.429
496000000	-31372.374	-4021.294	-27351.080	-233.232
497000000	-31426.587	-4085.874	-27340.713	-301.301
498000000	-31362.504	-4012.043	-27350.461	-227.635
499000000	-31415.202	-4055.869	-27359.333	-270.242
500000000	-31357.323	-4007.489	-27349.834	-224.327
501000000	-31395.091	-4015.633	-27379.458	-230.259
502000000	-31436.059	-4048.842	-27387.217	-262.655
503000000	-31390.708	-4030.450	-27360.258	-245.090
504000000	-31378.989	-4030.883	-27348.106	-246.793
505000000	-31394.270	-4034.637	-27359.633	-251.373
506000000	-31309.682	-3943.662	-27366.020	-159.342
507000000	-31410.157	-4051.199	-27358.958	-266.010
508000000	-31426.851	-4042.580	-27384.271	-258.791
509000000	-31390.448	-4024.790	-27365.658	-241.171
510000000	-31384.343	-4047.927	-27336.416	-263.395
511000000	-31425.727	-4044.212	-27381.515	-260.976
512000000	-31384.688	-4027.544	-27357.144	-238.260
513000000	-31351.198	-3989.026	-27362.172	-203.405
514000000	-31386.472	-4004.573	-27381.899	-220.168
515000000	-31349.109	-3993.547	-27355.563	-211.403
516000000	-31356.242	-3993.266	-27362.976	-207.690
517000000	-31405.800	-4048.050	-27357.749	-262.056
518000000	-31391.396	-4032.809	-27358.587	-248.139
519000000	-31362.262	-4000.073	-27362.188	-216.090
520000000	-31334.471	-3970.637	-27363.834	-185.080
521000000	-31437.403	-4096.358	-27341.045	-312.461
522000000	-31382.008	-4021.827	-27360.182	-237.934
523000000	-31370.858	-4025.461	-27345.397	-241.744
524000000	-31406.854	-4037.004	-27369.850	-253.207
525000000	-31364.129	-4032.746	-27331.383	-247.171
526000000	-31431.011	-4057.848	-27373.163	-273.633
527000000	-31386.058	-4011.155	-27374.903	-227.540
528000000	-31390.247	-4040.922	-27349.325	-257.020
529000000	-31432.048	-4067.666	-27364.382	-281.244
530000000	-31370.592	-4007.470	-27363.122	-223.699
531000000	-31378.991	-4039.577	-27339.415	-252.780
532000000	-31385.766	-4002.747	-27383.019	-216.930
533000000	-31446.414	-4059.452	-27386.961	-273.450
534000000	-31444.607	-4073.353	-27371.255	-289.589
535000000	-31416.543	-4050.754	-27365.789	-265.100
536000000	-31432.808	-4076.859	-27355.949	-292.107
537000000	-31395.761	-4018.696	-27377.065	-235.985
538000000	-31391.815	-4029.676	-27362.139	-246.642
539000000	-31406.257	-4051.755	-27354.502	-267.965
540000000	-31407.698	-4050.765	-27356.933	-265.133
541000000	-31385.151	-4016.195	-27368.956	-230.872
542000000	-31423.299	-4084.248	-27339.050	-297.482
543000000	-31324.764	-3993.964	-27330.799	-210.556
544000000	-31392.024	-4035.256	-27356.769	-251.659
545000000	-31478.701	-4122.597	-27356.104	-336.543
546000000	-31389.510	-4028.611	-27360.899	-243.688
547000000	-31410.014	-4056.585	-27353.429	-272.600
548000000	-31356.746	-4016.364	-27340.381	-232.368
549000000	-31361.092	-4012.235	-27348.857	-227.169
550000000	-31387.894	-4030.788	-27357.106	-248.520
551000000	-31367.381	-4016.703	-27350.678	-231.659
552000000	-31341.006	-3976.177	-27364.829	-192.347
553000000	-31407.001	-4062.789	-27344.213	-279.155
554000000	-31396.145	-4034.007	-27362.138	-250.651
555000000	-31425.472	-4074.090	-27351.381	-291.496
556000000	-31401.519	-4050.147	-27351.371	-266.082
557000000	-31382.903	-4037.317	-27345.586	-252.988
558000000	-31426.278	-4068.417	-27357.861	-285.623
559000000	-31447.070	-4068.867	-27378.203	-285.370
560000000	-31310.071	-3989.612	-27320.458	-205.746
561000000	-31427.981	-4046.927	-27381.053	-263.616
562000000	-31408.358	-4014.610	-27393.747	-230.384
563000000	-31351.497	-4000.105	-27351.392	-215.394
564000000	-31413.467	-4049.092	-27364.374	-263.404
565000000	-31398.992	-4055.394	-27343.598	-272.545
566000000	-31369.697	-4017.259	-27352.438	-231.365
567000000	-31375.768	-4020.152	-27355.617	-237.416
568000000	-31398.877	-4049.583	-27349.294	-264.308
569000000	-31343.856	-3997.953	-27345.903	-211.717
570000000	-31385.279	-4024.531	-27360.747	-239.169
571000000	-31402.113	-4034.673	-27367.440	-250.656
572000000	-31356.507	-4020.314	-27336.192	-236.110
573000000	-31430.084	-4054.393	-27375.691	-270.292
574000000	-31389.675	-4031.303	-27358.372	-245.951
575000000	-31395.653	-4050.304	-27345.349	-265.942
576000000	-31447.066	-4051.778	-27395.288	-267.265
577000000	-31397.215	-4051.080	-27346.135	-266.792
578000000	-31399.942	-4062.057	-27337.885	-279.066
579000000	-31366.124	-4018.219	-27347.905	-233.666
580000000	-31420.137	-4063.609	-27356.528	-278.771
581000000	-31385.542	-4040.392	-27345.150	-256.210
582000000	-31347.919	-4021.235	-27326.684	-238.031
583000000	-31366.372	-4008.116	-27358.257	-222.924
584000000	-31381.824	-4036.648	-27345.176	-252.724
585000000	-31391.116	-4040.941	-27350.175	-258.139
586000000	-31338.718	-4008.449	-27330.270	-226.037
587000000	-31360.574	-4016.913	-27343.661	-230.857
588000000	-31385.369	-4021.568	-27363.801	-236.885
589000000	-31415.562	-4064.541	-27351.022	-280.294
590000000	-31338.138	-4012.501	-27325.637	-226.599
591000000	-31416.277	-4073.910	-27342.367	-289.487
592000000	-31335.750	-4011.508	-27324.241	-226.289
593000000	-31350.149	-3996.421	-27353.728	-211.328
594000000	-31364.386	-4004.839	-27359.547	-219.679
595000000	-31356.000	-4020.704	-27335.297	-236.696
596000000	-31377.343	-4025.831	-27351.512	-242.331
597000000	-31377.077	-4031.026	-27346.051	-247.685
598000000	-31433.097	-4060.638	-27372.459	-274.746
599000000	-31374.733	-4036.815	-27337.918	-253.399
600000000	-31394.453	-4029.240	-27365.213	-246.402
601000000	-31371.167	-4029.949	-27341.218	-247.878
602000000	-31395.217	-4053.320	-27341.897	-267.379
603000000	-31376.671	-4039.160	-27337.511	-256.086
604000000	-31377.817	-4023.686	-27354.131	-238.104
605000000	-31381.150	-4020.263	-27360.886	-238.009
606000000	-31391.669	-4010.256	-27381.413	-226.129
607000000	-31407.755	-4037.224	-27370.531	-254.555
608000000	-31355.391	-3995.384	-27360.007	-208.182
609000000	-31393.578	-4032.826	-27360.752	-247.699
610000000	-31434.882	-4072.659	-27362.224	-287.815
611000000	-31430.199	-4054.445	-27375.754	-270.636
612000000	-31370.203	-4037.153	-27333.049	-253.074
613000000	-31404.484	-4034.373	-27370.110	-249.460
614000000	-31356.217	-4007.949	-27348.268	-223.019
615000000	-31363.451	-4022.272	-27341.179	-238.851
616000000	-31332.448	-3981.146	-27351.302	-195.797
617000000	-31431.607	-4068.781	-27362.826	-282.049
618000000	-31465.515	-4110.386	-27355.129	-322.033
619000000	-31467.357	-4115.754	-27351.603	-330.629
620000000	-31329.363	-3978.092	-27351.271	-190.877
621000000	-31368.589	-4032.930	-27335.660	-247.867
622000000	-31362.967	-4009.162	-27353.805	-223.551
623000000	-31359.636	-4011.884	-27347.752	-226.540
624000000	-31380.043	-4027.351	-27352.692	-243.058
625000000	-31428.977	-4072.376	-27356.601	-284.185
626000000	-31408.525	-4077.502	-27331.023	-293.443
627000000	-31328.689	-3988.094	-27340.595	-201.128
628000000	-31431.799	-4068.994	-27362.805	-286.224
629000000	-31407.984	-4049.268	-27358.716	-265.306
630000000	-31414.038	-4058.049	-27355.989	-273.049
631000000	-31402.408	-4022.683	-27379.725	-239.009
632000000	-31419.369	-4067.917	-27351.452	-283.317
633000000	-31372.306	-4015.537	-27356.769	-230.226
634000000	-31407.030	-4045.032	-27361.998	-257.032
635000000	-31373.850	-4010.040	-27363.811	-224.432
636000000	-31360.121	-3995.260	-27364.861	-210.563
637000000	-31353.002	-4005.262	-27347.739	-219.702
638000000	-31382.838	-4042.484	-27340.354	-257.160
639000000	-31372.244	-4043.035	-27329.209	-258.621
640000000	-31445.947	-4086.915	-27359.032	-302.241
641000000	-31420.352	-4061.411	-27358.941	-278.471
642000000	-31394.477	-4029.865	-27364.612	-247.003
643000000	-31387.898	-4054.772	-27333.126	-271.639
644000000	-31449.012	-4091.567	-27357.445	-305.939
645000000	-31302.633	-3972.839	-27329.794	-187.526
646000000	-31391.869	-4030.255	-27361.614	-245.110
647000000	-31412.495	-4065.062	-27347.433	-281.112
648000000	-31348.381	-3995.753	-27352.628	-212.382
649000000	-31400.306	-4060.402	-27339.903	-274.642
650000000	-31393.014	-4025.681	-27367.333	-241.770
651000000	-31357.459	-3999.887	-27357.572	-214.903
652000000	-31380.302	-4022.045	-27358.257	-236.581
653000000	-31376.795	-4042.414	-27334.381	-258.400
654000000	-31377.063	-4003.976	-27373.087	-220.062
655000000	-31401.971	-4053.956	-27348.014	-269.426
656000000	-31373.535	-4029.118	-27344.417	-245.470
657000000	-31339.358	-4009.318	-27330.039	-225.277
658000000	-31392.179	-4019.819	-27372.360	-235.179
659000000	-31396.089	-4033.780	-27362.309	-250.532
660000000	-31404.299	-4035.025	-27369.274	-250.088
661000000	-31362.260	-4018.817	-27343.443	-234.145
662000000	-31349.836	-4009.279	-27340.556	-225.141
663000000	-31363.666	-4028.247	-27335.419	-242.823
664000000	-31470.973	-4102.363	-27368.611	-318.377
665000000	-31396.941	-4043.972	-27352.969	-260.775
666000000	-31345.782	-4010.523	-27335.259	-225.873
667000000	-31405.517	-4053.976	-27351.541	-270.922
668000000	-31395.914	-4051.154	-27344.760	-263.828
669000000	-31411.367	-4062.179	-27349.188	-278.794
670000000	-31438.249	-4079.802	-27358.447	-295.455
671000000	-31450.791	-4080.391	-27370.400	-294.309
672000000	-31415.413	-4041.328	-27374.085	-257.530
673000000	-31403.888	-4022.034	-27381.855	-237.387
674000000	-31353.222	-4029.858	-27323.364	-247.531
675000000	-31379.980	-4006.705	-27373.275	-222.300
676000000	-31421.210	-4077.970	-27343.240	-293.267
677000000	-31350.850	-4005.538	-27345.311	-221.101
678000000	-31461.183	-4083.359	-27377.824	-300.348
679000000	-31358.955	-3981.004	-27377.951	-194.767
680000000	-31365.160	-4029.470	-27335.691	-243.796
681000000	-31361.049	-4022.598	-27338.452	-237.988
682000000	-31385.338	-3997.309	-27388.029	-212.076
683000000	-31414.547	-4064.913	-27349.634	-281.167
684000000	-31404.423	-4049.967	-27354.457	-261.671
685000000	-31393.051	-4055.155	-27337.896	-269.917
686000000	-31355.061	-4022.411	-27332.650	-238.743
687000000	-31402.133	-4050.045	-27352.088	-266.431
688000000	-31413.698	-4043.277	-27370.421	-259.803
689000000	-31398.411	-4015.790	-27382.621	-233.195
690000000	-31373.612	-4018.542	-27355.070	-234.819
691000000	-31467.197	-4069.472	-27397.725	-283.893
692000000	-31394.486	-4036.946	-27357.540	-251.198
693000000	-31373.024	-4026.780	-27346.244	-241.889
694000000	-31407.599	-4052.740	-27354.859	-268.374
695000000	-31420.033	-4056.290	-27363.743	-270.873
696000000	-31401.411	-4042.890	-27358.521	-258.335
697000000	-31364.837	-4000.944	-27363.892	-218.034
698000000	-31424.847	-4065.052	-27359.795	-281.541
699000000	-31414.223	-4034.805	-27379.418	-250.651
700000000	-31397.642	-4046.528	-27351.114	-263.532
701000000	-31454.879	-4110.340	-27344.539	-327.039
702000000	-31442.108	-4057.081	-27385.027	-271.094
703000000	-31367.153	-4018.349	-27348.804	-232.605
704000000	-31382.685	-4021.691	-27360.995	-236.481
705000000	-31436.722	-4049.075	-27387.647	-266.765
706000000	-31428.573	-4051.809	-27376.764	-264.880
707000000	-31401.968	-4021.880	-27380.088	-238.049
708000000	-31393.883	-4030.224	-27363.659	-244.575
709000000	-31342.386	-4007.733	-27334.654	-224.282
710000000	-31387.414	-4035.555	-27351.859	-250.677
711000000	-31403.026	-4045.172	-27357.854	-261.199
712000000	-31448.303	-4090.328	-27357.975	-302.499
713000000	-31378.189	-4017.406	-27360.783	-233.731
714000000	-31420.931	-4052.924	-27368.006	-268.178
715000000	-31370.159	-4024.284	-27345.875	-242.122
716000000	-31473.919	-4089.490	-27384.429	-306.492
717000000	-31371.358	-3996.327	-27375.031	-211.713
718000000	-31373.858	-4037.379	-27336.479	-252.311
719000000	-31394.030	-4012.010	-27382.019	-225.582
720000000	-31383.542	-4027.268	-27356.274	-241.682
721000000	-31355.448	-4029.426	-27326.022	-245.891
722000000	-31378.170	-4041.343	-27336.826	-258.218
723000000	-31418.370	-4073.582	-27344.788	-291.080
724000000	-31383.282	-4047.069	-27336.213	-261.946
725000000	-31376.319	-4018.488	-27357.831	-232.197
726000000	-31381.113	-4016.233	-27364.880	-229.495
727000000	-31425.663	-4068.119	-27357.544	-282.783
728000000	-31364.169	-4006.661	-27357.508	-221.458
729000000	-31410.547	-4059.539	-27351.007	-274.545
730000000	-31366.631	-4013.398	-27353.233	-228.546
731000000	-31396.987	-4037.411	-27359.576	-254.944
732000000	-31425.417	-4073.227	-27352.190	-289.142
733000000	-31426.746	-4058.740	-27368.007	-274.329
734000000	-31421.967	-4074.512	-27347.455	-289.421
735000000	-31385.706	-4047.216	-27338.490	-262.091
736000000	-31430.008	-4063.318	-27366.690	-279.048
737000000	-31387.484	-4025.595	-27361.889	-241.572
738000000	-31400.904	-4041.675	-27359.229	-257.751
739000000	-31355.710	-4012.458	-27343.252	-228.856
740000000	-31407.566	-4050.976	-27356.590	-267.456
741000000	-31334.448	-3985.954	-27348.495	-200.759
742000000	-31367.493	-4027.086	-27340.407	-240.209
743000000	-31472.091	-4101.508	-27370.583	-317.870
744000000	-31357.251	-4009.058	-27348.193	-223.375
745000000	-31343.278	-4001.003	-27342.275	-217.269
746000000	-31355.588	-4042.461	-27313.127	-255.317
747000000	-31384.558	-4028.394	-27356.163	-242.983
748000000	-31386.098	-4042.500	-27343.598	-259.012
749000000	-31418.430	-4058.501	-27359.929	-273.142
750000000	-31419.697	-4036.084	-27383.614	-251.580
751000000	-31363.557	-4022.854	-27340.704	-239.889
752000000	-31422.326	-4035.643	-27386.682	-250.473
753000000	-31450.822	-4084.300	-27366.522	-299.156
754000000	-31394.957	-4021.377	-27373.580	-236.423
755000000	-31395.085	-4049.023	-27346.062	-264.523
756000000	-31421.361	-4057.813	-27363.548	-270.787
757000000	-31347.849	-4001.448	-27346.401	-214.180
758000000	-31386.979	-4020.290	-27366.689	-234.347
759000000	-31354.483	-3980.516	-27373.967	-194.801
760000000	-31405.821	-4047.537	-27358.284	-260.999
761000000	-31390.590	-4021.733	-27368.857	-237.208
762000000	-31410.465	-4066.576	-27343.889	-282.241
763000000	-31435.025	-4062.135	-27372.890	-277.656
764000000	-31380.555	-4017.797	-27362.757	-234.175
765000000	-31391.695	-4022.905	-27368.789	-238.875
766000000	-31312.035	-3965.709	-27346.326	-182.541
767000000	-31411.559	-4047.852	-27363.706	-265.530
768000000	-31365.279	-4023.647	-27341.632	-241.236
769000000	-31423.669	-4065.561	-27358.108	-282.666
770000000	-31454.985	-4090.602	-27364.383	-305.783
771000000	-31390.921	-4016.897	-27374.024	-233.296
772000000	-31350.482	-3993.885	-27356.597	-211.496
773000000	-31405.564	-4035.711	-27369.853	-250.633
774000000	-31366.676	-4018.271	-27348.405	-233.400
775000000	-31416.598	-4031.033	-27385.565	-246.088
776000000	-31365.565	-4007.472	-27358.093	-220.353
777000000	-31449.190	-4062.284	-27386.906	-276.788
778000000	-31416.689	-4061.405	-27355.284	-277.945
779000000	-31428.155	-4079.603	-27348.552	-293.762
780000000	-31470.447	-4104.044	-27366.402	-321.093
781000000	-31424.235	-4072.444	-27351.791	-287.416
782000000	-31407.008	-4051.082	-27355.927	-265.058
783000000	-31445.764	-4074.385	-27371.379	-291.017
784000000	-31375.985	-4019.137	-27356.848	-234.482
785000000	-31455.252	-4082.953	-27372.299	-296.422
786000000	-31392.148	-4036.989	-27355.159	-253.656
787000000	-31455.755	-4078.857	-27376.898	-295.177
788000000	-31371.243	-4040.299	-27330.943	-255.064
789000000	-31389.576	-4014.932	-27374.644	-231.945
790000000	-31348.122	-3981.117	-27367.005	-196.969
791000000	-31419.070	-4041.938	-27377.131	-256.144
792000000	-31367.538	-3999.575	-27367.963	-214.616
793000000	-31327.164	-3975.429	-27351.736	-190.117
794000000	-31395.677	-4036.280	-27359.397	-251.703
795000000	-31442.094	-4063.762	-27378.332	-274.682
796000000	-31395.245	-4036.487	-27358.758	-254.384
797000000	-31424.753	-4039.871	-27384.881	-256.880
798000000	-31382.053	-4030.974	-27351.079	-248.204
799000000	-31394.216	-4039.653	-27354.563	-255.443
800000000	-31417.410	-4067.995	-27349.415	-283.113
