state	posterior	prior	likelihood	skygrid
1000000	-31411.481	-4046.703	-27364.778	-261.735
2000000	-31394.220	-4033.385	-27360.835	-248.429
3000000	-31400.908	-4049.926	-27350.981	-264.891
4000000	-31372.556	-4021.754	-27350.803	-239.184
5000000	-31384.229	-4044.698	-27339.531	-259.300
6000000	-31460.996	-4065.663	-27395.333	-281.344
7000000	-31423.693	-4074.100	-27349.592	-289.772
8000000	-31367.860	-4005.062	-27362.798	-219.486
9000000	-31350.076	-4007.125	-27342.950	-221.294
10000000	-31358.895	-4012.536	-27346.359	-228.040
11000000	-31392.665	-4052.020	-27340.645	-266.933
12000000	-31358.532	-4002.930	-27355.603	-217.937
13000000	-31425.257	-4055.865	-27369.392	-271.327
14000000	-31376.222	-4043.320	-27332.901	-258.352
15000000	-31440.403	-4054.961	-27385.442	-271.266
16000000	-31397.607	-4016.985	-27380.622	-233.057
17000000	-31416.039	-4044.769	-27371.270	-261.062
18000000	-31380.796	-4025.884	-27354.912	-242.593
19000000	-31409.822	-4060.103	-27349.719	-275.060
20000000	-31384.397	-4025.512	-27358.885	-241.485
21000000	-31406.004	-4039.398	-27366.606	-254.974
22000000	-31408.395	-4088.643	-27319.752	-303.491
23000000	-31372.467	-4023.558	-27348.909	-238.251
24000000	-31351.291	-4003.141	-27348.150	-217.771
25000000	-31389.658	-4029.522	-27360.136	-243.310
26000000	-31405.647	-4054.805	-27350.843	-270.560
27000000	-31438.645	-4041.061	-27397.584	-257.174
28000000	-31376.513	-4049.052	-27327.461	-264.916
29000000	-31367.530	-4022.906	-27344.623	-239.116
30000000	-31354.149	-4005.092	-27349.057	-221.449
31000000	-31383.283	-3996.287	-27386.996	-208.671
32000000	-31353.036	-4012.721	-27340.315	-228.602
33000000	-31363.479	-4017.700	-27345.779	-232.875
34000000	-31341.175	-3995.006	-27346.169	-210.796
35000000	-31354.824	-4003.146	-27351.678	-218.020
36000000	-31419.662	-4065.374	-27354.289	-280.618
37000000	-31398.702	-4011.433	-27387.269	-225.577
38000000	-31373.169	-4036.971	-27336.198	-252.987
39000000	-31384.243	-4024.509	-27359.734	-238.250
40000000	-31383.999	-4048.491	-27335.508	-264.959
41000000	-31360.881	-3996.862	-27364.019	-211.624
42000000	-31378.787	-4026.601	-27352.186	-242.203
43000000	-31418.224	-4067.610	-27350.614	-282.296
44000000	-31374.117	-4008.901	-27365.216	-224.854
45000000	-31383.177	-4037.710	-27345.468	-253.991
46000000	-31400.854	-4037.829	-27363.025	-252.948
47000000	-31399.208	-4034.454	-27364.755	-248.564
48000000	-31405.742	-4043.309	-27362.433	-258.968
49000000	-31444.435	-4095.955	-27348.479	-312.348
50000000	-31366.048	-4031.090	-27334.957	-248.149
51000000	-31428.620	-4067.202	-27361.418	-282.320
52000000	-31373.625	-4012.602	-27361.022	-230.393
53000000	-31359.464	-4031.093	-27328.371	-249.093
54000000	-31430.834	-4053.303	-27377.531	-269.594
55000000	-31396.037	-4042.862	-27353.175	-257.739
56000000	-31398.090	-4054.213	-27343.878	-269.373
57000000	-31394.240	-4032.449	-27361.791	-246.581
58000000	-31318.080	-3975.124	-27342.956	-192.057
59000000	-31360.259	-4038.506	-27321.753	-253.344
60000000	-31452.955	-4090.863	-27362.092	-305.644
61000000	-31437.107	-4086.845	-27350.262	-300.776
62000000	-31384.816	-4025.314	-27359.501	-239.586
63000000	-31425.102	-4079.853	-27345.249	-295.733
64000000	-31370.268	-4014.009	-27356.259	-230.857
65000000	-31419.450	-4051.987	-27367.463	-268.051
66000000	-31404.983	-4055.542	-27349.441	-271.206
67000000	-31444.060	-4068.547	-27375.513	-285.097
68000000	-31439.497	-4078.172	-27361.325	-295.812
69000000	-31394.280	-4022.676	-27371.604	-240.625
70000000	-31401.536	-4057.480	-27344.056	-272.488
71000000	-31387.132	-4018.070	-27369.063	-234.353
72000000	-31423.753	-4075.223	-27348.530	-289.199
73000000	-31411.495	-4074.251	-27337.244	-287.796
74000000	-31399.334	-4042.819	-27356.515	-258.260
75000000	-31412.021	-4037.843	-27374.177	-253.235
76000000	-31431.020	-4063.599	-27367.421	-279.042
77000000	-31397.454	-4063.003	-27334.450	-279.688
78000000	-31341.940	-3982.180	-27359.759	-198.392
79000000	-31343.136	-4008.169	-27334.967	-226.195
80000000	-31383.447	-4026.693	-27356.754	-243.518
81000000	-31416.021	-4062.960	-27353.061	-279.393
82000000	-31404.826	-4060.387	-27344.439	-275.096
83000000	-31362.205	-4025.179	-27337.026	-241.445
84000000	-31438.579	-4079.804	-27358.775	-292.440
85000000	-31402.999	-4057.263	-27345.736	-273.347
86000000	-31358.369	-4003.798	-27354.571	-221.157
87000000	-31456.891	-4095.238	-27361.653	-310.767
88000000	-31424.879	-4063.624	-27361.255	-277.978
89000000	-31357.158	-4026.242	-27330.916	-243.089
90000000	-31397.279	-4057.337	-27339.942	-275.039
91000000	-31364.659	-4003.719	-27360.940	-216.680
92000000	-31395.945	-4037.444	-27358.501	-251.277
93000000	-31397.712	-4051.690	-27346.022	-267.175
94000000	-31432.305	-4086.000	-27346.306	-301.227
95000000	-31440.547	-4057.330	-27383.216	-272.619
96000000	-31398.046	-4027.139	-27370.907	-236.982
97000000	-31397.543	-4059.064	-27338.478	-271.432
98000000	-31370.529	-4027.111	-27343.418	-241.643
99000000	-31388.723	-4021.618	-27367.105	-239.037
100000000	-31381.933	-4029.641	-27352.292	-246.861
101000000	-31349.206	-4006.019	-27343.187	-220.860
102000000	-31396.928	-4035.155	-27361.773	-250.303
103000000	-31342.278	-3982.649	-27359.629	-198.594
104000000	-31404.581	-4049.648	-27354.933	-264.907
105000000	-31381.099	-4032.543	-27348.556	-247.458
106000000	-31403.604	-4051.102	-27352.502	-266.438
107000000	-31358.408	-4003.728	-27354.680	-220.652
108000000	-31426.150	-4071.519	-27354.632	-284.616
109000000	-31437.838	-4036.425	-27401.413	-253.040
110000000	-31374.848	-4030.450	-27344.398	-245.238
111000000	-31410.709	-4069.397	-27341.313	-281.845
112000000	-31396.097	-4025.268	-27370.829	-240.903
113000000	-31325.632	-3999.109	-27326.523	-216.984
114000000	-31423.160	-4078.088	-27345.071	-292.690
115000000	-31371.120	-4023.116	-27348.004	-239.286
116000000	-31440.391	-4057.947	-27382.445	-274.110
117000000	-31430.228	-4056.091	-27374.137	-271.961
118000000	-31407.350	-4031.979	-27375.371	-247.071
119000000	-31417.631	-4050.911	-27366.720	-267.267
120000000	-31391.802	-4016.296	-27375.506	-230.137
121000000	-31373.959	-4031.244	-27342.714	-247.771
122000000	-31376.087	-4030.112	-27345.975	-244.419
123000000	-31374.195	-4034.305	-27339.890	-250.567
124000000	-31372.195	-4046.173	-27326.022	-263.180
125000000	-31406.683	-4061.485	-27345.198	-279.718
126000000	-31368.104	-4024.558	-27343.545	-240.839
127000000	-31410.823	-4054.403	-27356.420	-271.982
128000000	-31419.821	-4068.713	-27351.108	-284.853
129000000	-31346.037	-4027.507	-27318.530	-244.073
130000000	-31433.245	-4075.193	-27358.052	-291.870
131000000	-31410.589	-4053.258	-27357.331	-268.635
132000000	-31414.409	-4052.465	-27361.945	-269.269
133000000	-31357.231	-4030.842	-27326.389	-243.412
134000000	-31387.727	-4026.884	-27360.844	-242.207
135000000	-31374.631	-4044.187	-27330.443	-260.438
136000000	-31430.710	-4070.196	-27360.514	-287.847
137000000	-31366.764	-4005.267	-27361.497	-221.108
138000000	-31401.438	-4036.248	-27365.190	-249.873
139000000	-31386.314	-4035.425	-27350.889	-251.836
140000000	-31344.122	-4004.836	-27339.285	-220.816
141000000	-31378.131	-4044.216	-27333.914	-261.802
142000000	-31366.827	-4025.835	-27340.993	-240.509
143000000	-31360.131	-4017.359	-27342.772	-233.597
144000000	-31406.909	-4061.217	-27345.692	-275.125
145000000	-31444.901	-4068.468	-27376.434	-283.182
146000000	-31394.468	-4057.363	-27337.105	-273.144
147000000	-31396.211	-4044.065	-27352.145	-258.148
148000000	-31323.744	-3987.930	-27335.814	-204.794
149000000	-31404.936	-4037.096	-27367.840	-250.984
150000000	-31360.309	-4018.584	-27341.725	-234.627
151000000	-31412.519	-4045.310	-27367.209	-261.066
152000000	-31390.256	-4021.505	-27368.752	-234.635
153000000	-31405.307	-4049.119	-27356.188	-264.080
154000000	-31371.241	-4029.062	-27342.180	-245.686
155000000	-31408.676	-4038.456	-27370.220	-251.972
156000000	-31404.096	-4052.869	-27351.227	-269.489
157000000	-31378.752	-4043.201	-27335.551	-259.208
158000000	-31428.357	-4074.271	-27354.086	-288.258
159000000	-31337.438	-3974.422	-27363.016	-189.049
160000000	-31381.581	-4015.987	-27365.594	-231.557
161000000	-31342.913	-3999.669	-27343.244	-214.565
162000000	-31428.638	-4069.927	-27358.711	-287.251
163000000	-31332.895	-4000.745	-27332.151	-216.609
164000000	-31379.280	-4023.399	-27355.881	-236.321
165000000	-31400.052	-4052.022	-27348.030	-268.450
166000000	-31395.139	-4038.493	-27356.645	-255.668
167000000	-31443.348	-4083.343	-27360.005	-298.021
168000000	-31350.713	-4000.491	-27350.222	-214.144
169000000	-31403.448	-4035.215	-27368.233	-252.694
170000000	-31393.163	-4035.265	-27357.898	-251.052
171000000	-31419.047	-4068.965	-27350.082	-287.366
172000000	-31333.709	-3987.596	-27346.113	-203.040
173000000	-31422.807	-4063.668	-27359.139	-278.797
174000000	-31343.034	-3997.363	-27345.671	-212.971
175000000	-31441.335	-4091.258	-27350.076	-308.262
176000000	-31389.374	-4027.454	-27361.921	-243.191
177000000	-31415.961	-4070.537	-27345.425	-284.877
178000000	-31380.430	-4010.685	-27369.745	-227.271
179000000	-31423.076	-4063.247	-27359.829	-279.105
180000000	-31408.843	-4083.751	-27325.091	-296.190
181000000	-31385.618	-4042.972	-27342.646	-259.436
182000000	-31373.249	-4026.108	-27347.141	-242.326
183000000	-31448.059	-4082.816	-27365.243	-298.379
184000000	-31328.423	-3988.838	-27339.585	-202.754
185000000	-31415.345	-4056.656	-27358.690	-271.493
186000000	-31404.105	-4036.095	-27368.010	-252.302
187000000	-31393.062	-4007.762	-27385.300	-222.958
188000000	-31417.492	-4057.760	-27359.732	-275.066
189000000	-31405.114	-4039.107	-27366.007	-256.873
190000000	-31411.749	-4041.525	-27370.224	-258.198
191000000	-31354.788	-3992.017	-27362.771	-207.589
192000000	-31416.295	-4061.981	-27354.314	-278.170
193000000	-31348.762	-4012.568	-27336.194	-229.463
194000000	-31391.151	-4022.850	-27368.301	-238.597
195000000	-31432.713	-4063.359	-27369.354	-279.271
196000000	-31369.537	-4022.256	-27347.281	-238.390
197000000	-31410.164	-4045.300	-27364.865	-260.368
198000000	-31427.489	-4045.713	-27381.775	-261.402
199000000	-31343.566	-3982.575	-27360.991	-197.210
200000000	-31394.410	-4034.819	-27359.591	-249.146
201000000	-31355.786	-4001.950	-27353.836	-218.552
202000000	-31485.535	-4107.320	-27378.215	-324.800
203000000	-31391.607	-4046.694	-27344.913	-263.208
204000000	-31441.800	-4090.505	-27351.295	-306.649
205000000	-31373.436	-4012.860	-27360.575	-229.452
206000000	-31362.524	-4017.528	-27344.996	-233.161
207000000	-31363.387	-4029.031	-27334.356	-245.087
208000000	-31421.975	-4032.081	-27389.894	-247.393
209000000	-31395.651	-4048.674	-27346.978	-263.266
210000000	-31375.216	-4032.084	-27343.132	-247.381
211000000	-31366.170	-4012.533	-27353.637	-220.633
212000000	-31418.924	-4061.797	-27357.127	-276.964
213000000	-31420.944	-4069.390	-27351.554	-284.083
214000000	-31404.514	-4051.248	-27353.266	-265.184
215000000	-31357.973	-4026.945	-27331.028	-241.442
216000000	-31461.019	-4115.606	-27345.413	-330.438
217000000	-31394.125	-4028.688	-27365.438	-244.382
218000000	-31418.733	-4061.497	-27357.237	-276.481
219000000	-31419.615	-4061.236	-27358.378	-276.982
220000000	-31367.316	-4010.322	-27356.994	-226.237
221000000	-31445.524	-4091.981	-27353.543	-308.444
222000000	-31384.274	-4029.110	-27355.164	-244.820
223000000	-31375.819	-4016.523	-27359.296	-229.347
224000000	-31395.659	-4021.003	-27374.656	-235.839
225000000	-31396.913	-4046.821	-27350.092	-262.359
226000000	-31340.721	-3986.389	-27354.332	-198.926
227000000	-31378.664	-4024.006	-27354.659	-240.336
228000000	-31415.770	-4055.328	-27360.441	-268.327
229000000	-31390.868	-4023.463	-27367.406	-237.951
230000000	-31350.734	-4001.041	-27349.692	-216.864
231000000	-31370.441	-4015.548	-27354.893	-232.048
232000000	-31352.746	-4009.721	-27343.025	-226.317
233000000	-31362.074	-4011.947	-27350.127	-228.085
234000000	-31462.174	-4076.125	-27386.048	-291.071
235000000	-31450.207	-4080.169	-27370.038	-295.650
236000000	-31394.332	-4043.262	-27351.070	-258.679
237000000	-31329.407	-3988.115	-27341.292	-202.580
238000000	-31426.510	-4044.505	-27382.005	-260.277
239000000	-31343.365	-4011.950	-27331.415	-226.078
240000000	-31332.711	-3981.587	-27351.124	-199.077
241000000	-31358.070	-4024.450	-27333.620	-240.222
242000000	-31402.081	-4045.772	-27356.309	-260.133
243000000	-31372.290	-4001.469	-27370.821	-216.180
244000000	-31347.457	-3996.008	-27351.449	-212.519
245000000	-31400.135	-4032.510	-27367.625	-249.586
246000000	-31367.920	-4017.788	-27350.132	-232.816
247000000	-31428.039	-4073.926	-27354.114	-290.089
248000000	-31437.062	-4091.710	-27345.352	-308.002
249000000	-31362.078	-4018.361	-27343.717	-235.041
250000000	-31382.064	-4023.023	-27359.041	-240.120
251000000	-31359.037	-3998.735	-27360.302	-214.967
252000000	-31359.884	-4024.794	-27335.090	-237.222
253000000	-31382.651	-4015.249	-27367.402	-228.022
254000000	-31440.562	-4084.880	-27355.681	-297.034
255000000	-31372.468	-4023.170	-27349.298	-238.709
256000000	-31408.710	-4052.775	-27355.934	-269.885
257000000	-31434.466	-4059.152	-27375.314	-272.860
258000000	-31413.415	-4051.806	-27361.609	-269.638
259000000	-31396.840	-4035.823	-27361.017	-249.634
260000000	-31377.218	-4040.225	-27336.992	-255.526
261000000	-31393.831	-4022.546	-27371.285	-239.146
262000000	-31387.899	-4042.789	-27345.111	-256.995
263000000	-31380.575	-4020.752	-27359.823	-236.394
264000000	-31344.514	-3991.167	-27353.348	-207.865
265000000	-31378.263	-4020.784	-27357.479	-232.252
266000000	-31415.126	-4057.094	-27358.032	-272.086
267000000	-31397.725	-4053.678	-27344.047	-268.813
268000000	-31397.992	-4025.673	-27372.318	-240.929
269000000	-31348.630	-3996.417	-27352.214	-213.247
270000000	-31422.771	-4054.163	-27368.608	-268.873
271000000	-31443.832	-4075.205	-27368.627	-286.165
272000000	-31370.756	-4029.622	-27341.134	-245.624
273000000	-31361.725	-4027.203	-27334.522	-243.777
274000000	-31395.649	-4022.070	-27373.579	-238.572
275000000	-31351.863	-4014.490	-27337.373	-228.473
276000000	-31403.248	-4015.174	-27388.074	-231.625
277000000	-31337.103	-3988.560	-27348.543	-203.011
278000000	-31401.758	-4051.165	-27350.593	-266.039
279000000	-31365.726	-4012.751	-27352.975	-228.809
280000000	-31396.381	-4053.083	-27343.298	-270.629
281000000	-31384.623	-4044.622	-27340.001	-258.968
282000000	-31357.676	-3990.088	-27367.588	-205.093
283000000	-31337.028	-4018.325	-27318.703	-235.215
284000000	-31375.574	-4035.449	-27340.125	-251.633
285000000	-31373.128	-4028.099	-27345.029	-244.523
286000000	-31424.299	-4063.894	-27360.405	-278.477
287000000	-31441.817	-4072.199	-27369.618	-288.916
288000000	-31439.938	-4064.212	-27375.726	-280.870
289000000	-31394.545	-4036.979	-27357.565	-252.961
290000000	-31393.832	-4013.258	-27380.574	-228.376
291000000	-31410.278	-4045.712	-27364.566	-260.618
292000000	-31428.562	-4082.656	-27345.906	-299.152
293000000	-31369.411	-4036.869	-27332.542	-255.116
294000000	-31352.222	-3990.308	-27361.914	-205.854
295000000	-31406.247	-4067.171	-27339.077	-282.704
296000000	-31374.748	-4038.249	-27336.498	-253.972
297000000	-31377.382	-4052.124	-27325.258	-268.583
298000000	-31394.992	-4042.000	-27352.992	-257.787
299000000	-31374.132	-4020.632	-27353.500	-238.399
300000000	-31370.549	-3996.319	-27374.230	-211.803
301000000	-31349.639	-3981.931	-27367.708	-198.429
302000000	-31364.873	-4022.168	-27342.705	-237.783
303000000	-31385.201	-4040.743	-27344.458	-257.921
304000000	-31461.212	-4095.778	-27365.434	-312.517
305000000	-31389.665	-4039.805	-27349.860	-255.182
306000000	-31433.374	-4065.736	-27367.638	-281.135
307000000	-31397.383	-4039.606	-27357.777	-255.783
308000000	-31366.635	-4001.515	-27365.120	-216.836
309000000	-31423.250	-4051.623	-27371.627	-266.072
310000000	-31431.223	-4054.591	-27376.632	-271.137
311000000	-31398.794	-4049.147	-27349.647	-263.914
312000000	-31395.895	-4012.183	-27383.712	-228.044
313000000	-31406.868	-4052.368	-27354.501	-266.589
314000000	-31375.643	-4031.965	-27343.678	-246.901
315000000	-31412.833	-4051.051	-27361.782	-266.324
316000000	-31383.089	-4030.941	-27352.148	-247.622
317000000	-31379.791	-4016.373	-27363.418	-233.213
318000000	-31369.749	-4023.844	-27345.904	-238.679
319000000	-31417.106	-4044.148	-27372.958	-259.715
320000000	-31446.212	-4083.894	-27362.318	-299.124
321000000	-31385.235	-4032.551	-27352.684	-248.745
322000000	-31433.881	-4077.447	-27356.434	-292.426
323000000	-31374.093	-4024.922	-27349.171	-238.687
324000000	-31404.174	-4047.288	-27356.887	-262.329
325000000	-31354.799	-4004.821	-27349.978	-218.569
326000000	-31382.939	-4033.840	-27349.099	-250.368
327000000	-31389.875	-4036.450	-27353.425	-252.921
328000000	-31415.930	-4056.662	-27359.268	-272.473
329000000	-31390.739	-4028.119	-27362.621	-244.705
330000000	-31382.219	-4042.382	-27339.838	-258.695
331000000	-31395.263	-4049.876	-27345.386	-265.534
332000000	-31411.005	-4050.932	-27360.073	-267.212
333000000	-31416.142	-4050.364	-27365.778	-267.565
334000000	-31395.544	-4038.634	-27356.910	-255.030
335000000	-31370.491	-4026.996	-27343.495	-242.032
336000000	-31419.492	-4050.058	-27369.434	-263.060
337000000	-31355.128	-4018.132	-27336.996	-234.199
338000000	-31391.992	-4015.907	-27376.086	-232.584
339000000	-31405.011	-4024.187	-27380.824	-240.976
340000000	-31448.926	-4076.730	-27372.195	-292.430
341000000	-31410.354	-4040.700	-27369.653	-255.528
342000000	-31402.623	-4063.694	-27338.929	-280.476
343000000	-31395.172	-4052.195	-27342.977	-267.002
344000000	-31425.573	-4068.375	-27357.198	-282.652
345000000	-31392.112	-4041.713	-27350.399	-253.333
346000000	-31403.402	-4041.206	-27362.196	-257.004
347000000	-31371.113	-4012.638	-27358.475	-229.879
348000000	-31367.583	-4031.222	-27336.360	-248.559
349000000	-31426.817	-4074.538	-27352.279	-290.278
350000000	-31410.280	-4058.433	-27351.847	-275.159
351000000	-31438.064	-4078.459	-27359.605	-294.701
352000000	-31401.524	-4050.403	-27351.121	-264.704
353000000	-31422.947	-4054.301	-27368.646	-266.438
354000000	-31381.954	-4039.193	-27342.761	-255.164
355000000	-31373.026	-4018.357	-27354.669	-233.842
356000000	-31367.583	-4019.836	-27347.747	-234.985
357000000	-31375.520	-4028.436	-27347.084	-243.934
358000000	-31387.198	-4031.654	-27355.544	-248.074
359000000	-31378.192	-4025.878	-27352.314	-239.193
360000000	-31431.060	-4076.012	-27355.048	-291.044
361000000	-31398.502	-4021.613	-27376.888	-237.674
362000000	-31358.115	-4000.501	-27357.614	-215.854
363000000	-31390.905	-4009.975	-27380.930	-225.214
364000000	-31333.332	-3984.253	-27349.080	-199.240
365000000	-31379.159	-4024.866	-27354.293	-239.769
366000000	-31378.492	-4032.060	-27346.432	-249.690
367000000	-31395.602	-4036.871	-27358.731	-252.392
368000000	-31409.798	-4040.107	-27369.690	-254.877
369000000	-31323.457	-3995.384	-27328.072	-212.075
370000000	-31414.073	-4050.037	-27364.036	-265.175
371000000	-31407.626	-4018.835	-27388.791	-234.502
372000000	-31387.847	-4015.546	-27372.300	-229.449
373000000	-31336.159	-4000.051	-27336.109	-215.853
374000000	-31410.207	-4080.562	-27329.645	-296.256
375000000	-31274.135	-3942.099	-27332.035	-158.013
376000000	-31412.842	-4076.336	-27336.506	-293.618
377000000	-31369.002	-4020.675	-27348.326	-237.001
378000000	-31402.672	-4033.598	-27369.074	-250.522
379000000	-31409.618	-4042.575	-27367.043	-258.463
380000000	-31370.875	-4003.935	-27366.941	-219.564
381000000	-31421.071	-4061.348	-27359.723	-277.175
382000000	-31388.317	-4044.223	-27344.094	-261.634
383000000	-31436.689	-4058.841	-27377.848	-272.424
384000000	-31382.065	-4046.641	-27335.424	-261.977
385000000	-31371.276	-4017.717	-27353.559	-232.137
386000000	-31378.598	-4007.933	-27370.664	-225.120
387000000	-31394.346	-4031.281	-27363.065	-248.371
388000000	-31367.685	-4038.905	-27328.780	-254.387
389000000	-31393.721	-4041.109	-27352.612	-255.780
390000000	-31421.356	-4076.206	-27345.151	-289.975
391000000	-31361.479	-4004.552	-27356.927	-219.256
392000000	-31406.744	-4057.353	-27349.392	-272.876
393000000	-31351.244	-3999.058	-27352.186	-214.752
394000000	-31412.845	-4068.853	-27343.992	-285.227
395000000	-31406.669	-4033.225	-27373.444	-249.110
396000000	-31410.682	-4024.573	-27386.109	-238.533
397000000	-31401.649	-4042.131	-27359.518	-258.786
398000000	-31368.886	-4035.988	-27332.898	-253.187
399000000	-31402.286	-4029.410	-27372.876	-244.526
400000000	-31359.400	-4008.249	-27351.152	-225.802
401000000	-31398.237	-4028.204	-27370.032	-244.570
402000000	-31391.920	-4024.498	-27367.422	-241.607
403000000	-31393.595	-4049.126	-27344.468	-264.533
404000000	-31375.759	-4028.548	-27347.211	-243.032
405000000	-31452.494	-4069.516	-27382.978	-283.081
406000000	-31356.068	-4017.100	-27338.969	-233.288
407000000	-31371.676	-4030.054	-27341.621	-247.351
408000000	-31435.930	-4088.565	-27347.365	-303.198
409000000	-31406.667	-4036.627	-27370.040	-253.832
410000000	-31415.994	-4057.499	-27358.495	-272.192
411000000	-31432.900	-4083.656	-27349.244	-298.106
412000000	-31397.765	-4036.953	-27360.813	-253.264
413000000	-31397.960	-4033.081	-27364.879	-248.573
414000000	-31381.753	-4023.477	-27358.276	-237.677
415000000	-31409.283	-4057.229	-27352.054	-272.628
416000000	-31391.000	-4025.660	-27365.340	-242.049
417000000	-31410.702	-4034.774	-27375.928	-250.726
418000000	-31368.658	-4023.208	-27345.451	-239.173
419000000	-31390.187	-4036.884	-27353.303	-253.342
420000000	-31407.391	-4058.992	-27348.398	-275.255
421000000	-31417.213	-4047.677	-27369.535	-263.992
422000000	-31362.824	-4019.699	-27343.124	-235.365
423000000	-31369.586	-4007.174	-27362.412	-223.791
424000000	-31402.791	-4056.871	-27345.920	-272.472
425000000	-31365.023	-4012.438	-27352.584	-227.230
426000000	-31391.496	-4047.998	-27343.498	-262.616
427000000	-31384.839	-4051.939	-27332.901	-266.437
428000000	-31349.543	-3993.781	-27355.762	-209.269
429000000	-31431.310	-4045.981	-27385.329	-260.419
430000000	-31362.101	-4011.311	-27350.790	-226.137
431000000	-31387.507	-4042.947	-27344.560	-258.108
432000000	-31389.085	-4014.606	-27374.479	-229.285
433000000	-31404.752	-4050.081	-27354.671	-265.410
434000000	-31347.112	-4012.178	-27334.934	-225.992
435000000	-31353.771	-3999.715	-27354.056	-214.891
436000000	-31399.041	-4038.773	-27360.267	-254.382
437000000	-31387.984	-4041.079	-27346.905	-255.691
438000000	-31423.726	-4069.949	-27353.777	-282.913
439000000	-31378.096	-4017.549	-27360.547	-231.745
440000000	-31404.909	-4041.723	-27363.186	-254.718
441000000	-31359.995	-3996.627	-27363.368	-211.203
442000000	-31386.481	-4007.232	-27379.249	-222.606
443000000	-31438.689	-4071.397	-27367.292	-287.107
444000000	-31411.166	-4051.137	-27360.029	-267.519
445000000	-31397.902	-4055.554	-27342.348	-267.192
446000000	-31405.835	-4048.858	-27356.978	-266.051
447000000	-31338.294	-3977.639	-27360.655	-192.288
448000000	-31369.125	-4025.558	-27343.567	-238.075
449000000	-31366.228	-3987.463	-27378.764	-205.598
450000000	-31395.891	-4049.734	-27346.156	-264.884
451000000	-31331.675	-3991.792	-27339.883	-208.689
452000000	-31375.623	-3980.031	-27395.591	-194.047
453000000	-31441.079	-4097.045	-27344.033	-313.363
454000000	-31368.199	-4011.358	-27356.840	-226.395
455000000	-31399.076	-4020.390	-27378.686	-235.531
456000000	-31385.412	-4039.685	-27345.727	-254.429
457000000	-31378.217	-4016.259	-27361.957	-232.154
458000000	-31365.473	-4007.251	-27358.222	-222.123
459000000	-31388.297	-4065.955	-27322.342	-280.636
460000000	-31383.000	-4039.425	-27343.575	-257.264
461000000	-31430.304	-4051.280	-27379.023	-265.831
462000000	-31399.593	-4052.462	-27347.131	-268.080
463000000	-31366.067	-4008.331	-27357.737	-221.983
464000000	-31390.206	-4036.654	-27353.552	-253.001
465000000	-31376.677	-4040.590	-27336.087	-255.445
466000000	-31365.983	-4021.620	-27344.362	-239.545
467000000	-31371.919	-4003.108	-27368.811	-217.866
468000000	-31441.358	-4079.447	-27361.911	-294.697
469000000	-31404.940	-4044.231	-27360.709	-258.859
470000000	-31418.830	-4050.175	-27368.655	-264.292
471000000	-31391.650	-4030.440	-27361.209	-245.162
472000000	-31360.572	-3999.782	-27360.790	-217.588
473000000	-31328.269	-3983.656	-27344.613	-199.942
474000000	-31386.921	-4019.591	-27367.329	-237.323
475000000	-31400.356	-4050.398	-27349.958	-266.844
476000000	-31360.256	-4008.415	-27351.842	-224.176
477000000	-31424.811	-4063.772	-27361.038	-277.396
478000000	-31373.823	-4028.927	-27344.896	-244.693
479000000	-31361.159	-4019.341	-27341.817	-231.754
480000000	-31398.943	-4034.019	-27364.924	-249.487
481000000	-31353.479	-4000.734	-27352.745	-216.833
482000000	-31347.649	-4027.734	-27319.915	-243.639
483000000	-31404.562	-4026.640	-27377.922	-243.723
484000000	-31440.585	-4051.817	-27388.768	-266.278
485000000	-31408.850	-4062.648	-27346.202	-278.102
486000000	-31426.096	-4050.309	-27375.787	-266.842
487000000	-31373.154	-4041.433	-27331.722	-257.218
488000000	-31370.347	-4023.341	-27347.006	-239.224
489000000	-31382.115	-4039.773	-27342.343	-254.967
490000000	-31412.273	-4056.387	-27355.887	-272.095
491000000	-31368.138	-4001.645	-27366.493	-216.049
492000000	-31375.746	-4027.489	-27348.258	-242.400
493000000	-31389.114	-4041.338	-27347.776	-256.695
494000000	-31374.660	-4046.512	-27328.148	-262.124
495000000	-31412.888	-4047.452	-27365.435	-261.529
496000000	-31446.308	-4095.867	-27350.441	-311.647
497000000	-31396.205	-4035.647	-27360.558	-250.912
498000000	-31430.346	-4045.427	-27384.919	-261.424
499000000	-31389.715	-4028.816	-27360.899	-245.505
500000000	-31408.605	-4050.794	-27357.811	-265.993
501000000	-31379.969	-4028.625	-27351.344	-242.838
502000000	-31379.147	-4026.101	-27353.046	-242.487
503000000	-31368.292	-4007.537	-27360.755	-223.946
504000000	-31387.039	-4036.156	-27350.883	-251.753
505000000	-31342.432	-4011.999	-27330.432	-229.001
506000000	-31353.113	-4011.083	-27342.030	-227.457
507000000	-31368.779	-4017.681	-27351.098	-235.059
508000000	-31439.562	-4087.181	-27352.381	-302.063
509000000	-31390.139	-4032.037	-27358.102	-244.820
510000000	-31370.584	-4015.349	-27355.235	-231.851
511000000	-31425.476	-4079.002	-27346.474	-293.157
512000000	-31385.025	-4041.935	-27343.090	-257.454
513000000	-31355.148	-3970.552	-27384.596	-187.823
514000000	-31421.920	-4075.151	-27346.768	-288.192
515000000	-31364.613	-3999.489	-27365.124	-215.927
516000000	-31356.139	-4029.058	-27327.081	-245.747
517000000	-31429.119	-4064.961	-27364.157	-278.732
518000000	-31393.425	-4030.348	-27363.077	-247.101
519000000	-31334.909	-3984.319	-27350.589	-200.439
520000000	-31340.229	-3981.874	-27358.355	-195.116
521000000	-31397.660	-4043.437	-27354.224	-260.221
522000000	-31408.896	-4058.195	-27350.702	-274.894
523000000	-31340.975	-3991.375	-27349.600	-206.010
524000000	-31408.666	-4045.117	-27363.550	-261.615
525000000	-31384.848	-4025.651	-27359.197	-242.091
526000000	-31395.552	-4054.929	-27340.623	-272.482
527000000	-31376.961	-4035.264	-27341.697	-250.360
528000000	-31432.554	-4050.686	-27381.869	-264.765
529000000	-31398.170	-4040.251	-27357.920	-257.407
530000000	-31380.182	-4027.527	-27352.656	-243.468
531000000	-31403.541	-4049.958	-27353.583	-264.632
532000000	-31380.453	-4030.884	-27349.569	-246.334
533000000	-31395.776	-4030.937	-27364.839	-246.586
534000000	-31446.182	-4077.219	-27368.963	-292.613
535000000	-31401.185	-4033.971	-27367.214	-248.495
536000000	-31350.595	-4002.453	-27348.142	-220.429
537000000	-31406.907	-4080.962	-27325.944	-297.773
538000000	-31414.704	-4049.427	-27365.278	-263.340
539000000	-31396.242	-4038.712	-27357.530	-254.402
540000000	-31408.879	-4042.442	-27366.436	-256.551
541000000	-31421.350	-4050.148	-27371.202	-265.648
542000000	-31395.579	-4021.955	-27373.625	-236.576
543000000	-31373.475	-4007.353	-27366.123	-222.863
544000000	-31389.343	-4027.753	-27361.590	-242.708
545000000	-31349.210	-4014.264	-27334.946	-228.896
546000000	-31402.937	-4048.005	-27354.932	-262.977
547000000	-31398.907	-4050.363	-27348.544	-264.014
548000000	-31366.346	-4017.097	-27349.248	-232.790
549000000	-31394.367	-4060.301	-27334.065	-276.181
550000000	-31358.729	-4016.469	-27342.260	-232.785
551000000	-31394.209	-4046.951	-27347.257	-262.263
552000000	-31359.773	-4014.252	-27345.521	-227.954
553000000	-31401.742	-4042.854	-27358.888	-258.156
554000000	-31374.203	-4003.846	-27370.357	-219.280
555000000	-31355.945	-4012.872	-27343.073	-228.750
556000000	-31410.272	-4070.277	-27339.995	-286.384
557000000	-31386.262	-4004.967	-27381.295	-219.693
558000000	-31404.705	-4055.232	-27349.473	-268.420
559000000	-31416.823	-4051.340	-27365.483	-265.214
560000000	-31427.267	-4083.923	-27343.344	-299.413
561000000	-31423.143	-4051.180	-27371.963	-266.954
562000000	-31435.360	-4055.684	-27379.677	-269.157
563000000	-31406.087	-4053.376	-27352.712	-267.428
564000000	-31418.796	-4036.199	-27382.597	-254.004
565000000	-31392.948	-4020.766	-27372.182	-234.650
566000000	-31345.407	-3993.722	-27351.685	-208.134
567000000	-31377.249	-4038.768	-27338.480	-254.691
568000000	-31410.582	-4050.986	-27359.596	-266.781
569000000	-31394.594	-4039.630	-27354.963	-254.985
570000000	-31420.977	-4039.262	-27381.714	-254.715
571000000	-31353.134	-4019.436	-27333.698	-234.175
572000000	-31344.520	-3995.108	-27349.412	-210.353
573000000	-31421.012	-4026.271	-27394.741	-239.520
574000000	-31351.173	-4009.165	-27342.008	-226.161
575000000	-31429.142	-4055.996	-27373.146	-269.634
576000000	-31366.394	-4010.749	-27355.645	-225.855
577000000	-31368.281	-4006.796	-27361.486	-220.131
578000000	-31390.104	-4030.615	-27359.490	-245.822
579000000	-31386.155	-4034.920	-27351.235	-249.997
580000000	-31333.927	-3991.774	-27342.153	-205.219
581000000	-31396.458	-4044.622	-27351.837	-259.257
582000000	-31372.473	-4024.751	-27347.722	-238.172
583000000	-31429.572	-4054.862	-27374.710	-269.517
584000000	-31430.817	-4075.520	-27355.298	-289.108
585000000	-31413.628	-4068.075	-27345.553	-282.717
586000000	-31395.021	-4055.958	-27339.063	-272.046
587000000	-31355.810	-4008.074	-27347.736	-222.026
588000000	-31398.086	-4036.081	-27362.005	-250.937
589000000	-31387.927	-4003.272	-27384.655	-218.539
590000000	-31379.312	-4019.023	-27360.290	-235.596
591000000	-31387.322	-4031.497	-27355.825	-247.376
592000000	-31411.775	-4075.230	-27336.545	-289.941
593000000	-31418.463	-4051.895	-27366.568	-267.449
594000000	-31381.710	-4027.417	-27354.293	-240.718
595000000	-31384.282	-4032.340	-27351.943	-249.651
596000000	-31385.258	-4030.398	-27354.859	-244.244
597000000	-31354.560	-3989.147	-27365.413	-205.587
598000000	-31430.122	-4064.005	-27366.118	-278.870
599000000	-31411.855	-4058.721	-27353.134	-272.072
600000000	-31388.233	-4023.367	-27364.866	-238.180
601000000	-31375.918	-4026.553	-27349.365	-240.081
602000000	-31422.320	-4063.120	-27359.200	-278.250
603000000	-31360.395	-3995.348	-27365.047	-209.857
604000000	-31436.161	-4075.790	-27360.371	-290.518
605000000	-31440.319	-4060.907	-27379.413	-272.808
606000000	-31458.004	-4091.132	-27366.872	-307.242
607000000	-31314.206	-3948.755	-27365.451	-164.821
608000000	-31418.438	-4026.027	-27392.412	-241.619
609000000	-31428.241	-4058.597	-27369.644	-274.118
610000000	-31383.099	-4032.301	-27350.798	-247.812
611000000	-31390.744	-4040.695	-27350.049	-255.522
612000000	-31336.385	-3986.080	-27350.306	-199.294
613000000	-31369.139	-4024.677	-27344.462	-238.032
614000000	-31441.252	-4060.869	-27380.383	-274.443
615000000	-31365.328	-4017.945	-27347.383	-233.550
616000000	-31383.473	-4062.247	-27321.226	-277.688
617000000	-31366.399	-4015.437	-27350.961	-229.568
618000000	-31386.568	-4024.406	-27362.162	-240.904
619000000	-31364.152	-4016.999	-27347.152	-233.992
620000000	-31403.720	-4029.228	-27374.491	-245.720
621000000	-31459.150	-4061.811	-27397.339	-277.898
622000000	-31301.073	-3967.235	-27333.838	-182.712
623000000	-31397.521	-4058.374	-27339.147	-274.630
624000000	-31358.300	-4009.906	-27348.394	-223.766
625000000	-31398.067	-4045.409	-27352.657	-261.903
626000000	-31439.119	-4070.477	-27368.641	-285.659
627000000	-31413.141	-4058.392	-27354.749	-273.737
628000000	-31415.245	-4058.663	-27356.583	-272.626
629000000	-31428.257	-4058.375	-27369.883	-275.125
630000000	-31392.934	-4049.390	-27343.544	-265.309
631000000	-31410.102	-4056.912	-27353.189	-274.437
632000000	-31381.515	-4030.439	-27351.076	-246.393
633000000	-31322.968	-3981.287	-27341.681	-197.120
634000000	-31415.574	-4068.513	-27347.061	-282.080
635000000	-31404.356	-4042.259	-27362.097	-258.405
636000000	-31432.585	-4083.450	-27349.135	-295.343
637000000	-31356.072	-3982.863	-27373.208	-199.957
638000000	-31359.876	-4015.069	-27344.807	-231.041
639000000	-31397.870	-4014.303	-27383.567	-230.194
640000000	-31407.516	-4045.850	-27361.666	-262.438
641000000	-31363.282	-4007.789	-27355.493	-222.332
642000000	-31409.471	-4057.159	-27352.313	-273.996
643000000	-31436.818	-4082.490	-27354.328	-295.810
644000000	-31382.912	-4030.746	-27352.166	-246.726
645000000	-31417.781	-4050.851	-27366.930	-266.647
646000000	-31408.511	-4039.312	-27369.199	-255.508
647000000	-31424.327	-4054.927	-27369.400	-269.883
648000000	-31395.348	-4054.174	-27341.175	-268.182
649000000	-31383.347	-4041.626	-27341.722	-257.752
650000000	-31307.759	-3979.207	-27328.552	-196.979
651000000	-31415.945	-4069.920	-27346.025	-284.425
652000000	-31400.639	-4035.627	-27365.012	-253.159
653000000	-31429.455	-4071.797	-27357.658	-288.630
654000000	-31401.299	-4040.180	-27361.119	-256.344
655000000	-31417.534	-4064.100	-27353.434	-279.565
656000000	-31415.361	-4042.238	-27373.124	-257.072
657000000	-31412.234	-4054.050	-27358.184	-268.495
658000000	-31394.621	-4040.374	-27354.248	-257.226
659000000	-31398.506	-4031.525	-27366.982	-240.505
660000000	-31446.622	-4065.706	-27380.916	-280.294
661000000	-31362.100	-4019.747	-27342.353	-234.073
662000000	-31390.525	-4027.973	-27362.551	-244.807
663000000	-31346.053	-3994.236	-27351.817	-211.697
664000000	-31355.277	-4004.060	-27351.217	-218.422
665000000	-31406.044	-4048.207	-27357.836	-264.669
666000000	-31400.578	-4041.204	-27359.374	-257.767
667000000	-31407.577	-4032.251	-27375.326	-245.168
668000000	-31422.204	-4078.839	-27343.365	-293.788
669000000	-31349.223	-3991.314	-27357.909	-208.903
670000000	-31403.698	-4042.044	-27361.654	-257.821
671000000	-31397.376	-4032.632	-27364.744	-248.242
672000000	-31402.169	-4057.020	-27345.149	-272.282
673000000	-31367.448	-4014.194	-27353.254	-227.561
674000000	-31414.322	-4078.503	-27335.820	-291.324
675000000	-31353.387	-4019.892	-27333.496	-235.732
676000000	-31350.622	-3998.768	-27351.854	-214.190
677000000	-31465.870	-4092.121	-27373.750	-306.579
678000000	-31376.123	-4003.974	-27372.149	-218.179
679000000	-31366.561	-4029.068	-27337.493	-241.766
680000000	-31378.609	-4018.816	-27359.793	-233.712
681000000	-31333.939	-3989.455	-27344.484	-204.757
682000000	-31408.653	-4060.934	-27347.719	-277.401
683000000	-31389.299	-4042.015	-27347.284	-257.899
684000000	-31310.031	-3986.826	-27323.205	-199.603
685000000	-31418.618	-4046.087	-27372.531	-260.053
686000000	-31386.898	-4037.701	-27349.197	-254.441
687000000	-31390.007	-4026.975	-27363.032	-241.921
688000000	-31365.733	-3998.018	-27367.716	-210.426
689000000	-31443.742	-4079.836	-27363.906	-295.839
690000000	-31395.720	-4028.684	-27367.035	-244.663
691000000	-31355.723	-4008.702	-27347.021	-224.717
692000000	-31408.144	-4040.178	-27367.966	-256.333
693000000	-31407.226	-4047.114	-27360.112	-262.491
694000000	-31415.255	-4055.058	-27360.198	-269.426
695000000	-31405.315	-4055.879	-27349.436	-271.206
696000000	-31410.347	-4062.447	-27347.901	-277.195
697000000	-31333.222	-3991.097	-27342.125	-205.602
698000000	-31372.212	-4009.529	-27362.683	-223.427
699000000	-31399.423	-4060.340	-27339.083	-275.851
700000000	-31412.249	-4051.493	-27360.756	-264.604
701000000	-31381.978	-4031.006	-27350.972	-247.095
702000000	-31420.357	-4062.324	-27358.033	-277.491
703000000	-31413.075	-4049.087	-27363.988	-264.608
704000000	-31379.074	-4005.792	-27373.281	-220.519
705000000	-31434.382	-4069.323	-27365.059	-285.470
706000000	-31373.964	-4047.466	-27326.498	-262.297
707000000	-31362.701	-4017.020	-27345.681	-232.474
708000000	-31406.048	-4056.165	-27349.882	-269.397
709000000	-31394.381	-4014.098	-27380.283	-231.076
710000000	-31381.689	-4023.051	-27358.637	-236.522
711000000	-31381.584	-4017.067	-27364.517	-231.997
712000000	-31401.245	-4056.557	-27344.688	-273.236
713000000	-31425.871	-4055.387	-27370.484	-271.474
714000000	-31396.162	-4042.418	-27353.743	-259.048
715000000	-31395.801	-4040.081	-27355.720	-256.555
716000000	-31417.875	-4055.561	-27362.315	-269.938
717000000	-31391.047	-4051.923	-27339.125	-267.558
718000000	-31395.577	-4036.051	-27359.526	-253.361
719000000	-31314.989	-3976.891	-27338.098	-191.738
720000000	-31390.139	-4039.801	-27350.338	-254.610
721000000	-31439.286	-4073.578	-27365.708	-290.892
722000000	-31411.087	-4057.687	-27353.401	-274.915
723000000	-31323.924	-3984.208	-27339.716	-198.524
724000000	-31465.907	-4119.227	-27346.680	-332.826
725000000	-31388.558	-4040.788	-27347.770	-255.994
726000000	-31392.588	-4024.793	-27367.795	-240.041
727000000	-31411.933	-4051.325	-27360.607	-265.941
728000000	-31379.529	-4025.837	-27353.692	-243.173
729000000	-31394.643	-4052.600	-27342.043	-267.521
730000000	-31360.348	-4017.884	-27342.464	-233.621
731000000	-31385.957	-4023.604	-27362.353	-238.778
732000000	-31346.344	-4025.329	-27321.015	-239.507
733000000	-31342.353	-3990.419	-27351.933	-207.457
734000000	-31367.292	-4021.644	-27345.648	-237.162
735000000	-31411.577	-4045.861	-27365.716	-261.686
736000000	-31434.090	-4083.596	-27350.495	-298.130
737000000	-31372.859	-4036.617	-27336.242	-253.585
738000000	-31403.957	-4039.677	-27364.280	-256.562
739000000	-31396.471	-4031.152	-27365.319	-247.194
740000000	-31374.862	-4041.279	-27333.583	-255.044
741000000	-31399.874	-4034.731	-27365.143	-250.666
742000000	-31387.658	-4044.750	-27342.908	-259.123
743000000	-31374.172	-4024.388	-27349.784	-242.668
744000000	-31395.897	-4040.529	-27355.368	-256.919
745000000	-31365.333	-4019.029	-27346.304	-234.520
746000000	-31440.178	-4086.469	-27353.709	-302.175
747000000	-31370.415	-4012.142	-27358.273	-228.435
748000000	-31383.168	-4011.108	-27372.061	-224.910
749000000	-31390.801	-4042.404	-27348.398	-258.406
750000000	-31401.779	-4058.554	-27343.225	-273.827
751000000	-31348.625	-4011.247	-27337.378	-227.008
752000000	-31447.984	-4074.309	-27373.675	-287.838
753000000	-31377.601	-4013.065	-27364.536	-230.534
754000000	-31371.309	-4012.578	-27358.731	-228.145
755000000	-31417.222	-4064.235	-27352.986	-279.779
756000000	-31355.742	-4003.656	-27352.086	-220.621
757000000	-31414.741	-4049.288	-27365.453	-262.930
758000000	-31430.576	-4059.003	-27371.574	-276.422
759000000	-31404.262	-4046.991	-27357.271	-262.971
760000000	-31419.785	-4071.705	-27348.080	-285.142
761000000	-31432.764	-4087.530	-27345.234	-304.137
762000000	-31354.880	-4004.674	-27350.207	-219.608
763000000	-31416.590	-4051.254	-27365.336	-268.750
764000000	-31388.120	-4035.081	-27353.039	-252.192
765000000	-31402.637	-4043.369	-27359.268	-259.028
766000000	-31424.736	-4039.609	-27385.127	-255.935
767000000	-31386.909	-4008.864	-27378.045	-225.364
768000000	-31317.506	-3975.105	-27342.401	-190.608
769000000	-31434.124	-4075.043	-27359.080	-289.280
770000000	-31398.149	-4042.847	-27355.302	-257.242
771000000	-31416.363	-4065.313	-27351.050	-282.126
772000000	-31401.923	-4033.056	-27368.866	-248.756
773000000	-31466.429	-4110.775	-27355.654	-327.070
774000000	-31377.500	-4031.308	-27346.192	-247.482
775000000	-31384.588	-4023.970	-27360.618	-239.655
776000000	-31398.156	-4068.265	-27329.892	-283.790
777000000	-31414.496	-4051.006	-27363.490	-266.994
778000000	-31373.251	-3999.029	-27374.222	-214.547
779000000	-31393.551	-4042.641	-27350.911	-257.379
780000000	-31369.953	-4035.777	-27334.175	-252.178
781000000	-31385.463	-4048.533	-27336.931	-263.245
782000000	-31411.421	-4050.689	-27360.732	-267.527
783000000	-31399.515	-4038.790	-27360.725	-254.258
784000000	-31384.037	-4022.437	-27361.600	-236.579
785000000	-31358.351	-4032.142	-27326.208	-247.677
786000000	-31377.734	-4030.603	-27347.131	-246.570
787000000	-31476.234	-4100.560	-27375.674	-314.780
788000000	-31390.489	-4039.104	-27351.385	-254.560
789000000	-31415.591	-4077.847	-27337.744	-294.157
790000000	-31395.500	-4035.879	-27359.621	-251.663
791000000	-31365.229	-4018.390	-27346.839	-233.025
792000000	-31341.784	-4002.888	-27338.896	-219.478
793000000	-31401.895	-4000.907	-27400.988	-215.558
794000000	-31404.742	-4063.592	-27341.149	-279.718
795000000	-31428.222	-4074.029	-27354.193	-289.114
796000000	-31348.625	-4003.692	-27344.934	-217.209
797000000	-31435.595	-4069.457	-27366.138	-285.168
798000000	-31401.818	-4044.535	-27357.283	-259.721
799000000	-31424.893	-4053.382	-27371.511	-269.206
800000000	-31362.641	-4006.407	-27356.234	-224.745
