state	cp12.kappa	cp3.kappa	cp12.frequencies1	cp12.frequencies2	cp12.frequencies3	cp12.frequencies4	cp3.frequencies1	cp3.frequencies2	cp3.frequencies3	cp3.frequencies4	cp12.mu	cp3.mu	clock.rate	constant.popSize	rootHeight	treeLength
1000000	6.466	9.504	0.3981	0.1611	0.2190	0.2218	0.3582	0.1907	0.1689	0.2822	0.6360	1.7280	4.4097E-3	16.942	12.421	716.213
2000000	6.213	8.509	0.3982	0.1814	0.2081	0.2122	0.3670	0.1884	0.1793	0.2654	0.6254	1.7491	4.4791E-3	15.776	12.534	716.542
3000000	6.936	8.789	0.3974	0.1718	0.2163	0.2146	0.3404	0.1966	0.1811	0.2819	0.6165	1.7671	4.7009E-3	15.254	12.564	688.897
4000000	6.155	8.398	0.4150	0.1594	0.1967	0.2290	0.3403	0.1929	0.1859	0.2809	0.6097	1.7806	4.4231E-3	15.625	12.733	705.066
5000000	6.598	9.041	0.3987	0.1627	0.2111	0.2275	0.3444	0.1896	0.1818	0.2842	0.6070	1.7859	4.4538E-3	15.644	12.613	706.512
6000000	6.410	8.682	0.4026	0.1793	0.2042	0.2138	0.3558	0.2020	0.1778	0.2644	0.6193	1.7615	4.3806E-3	16.320	13.097	719.158
7000000	6.330	8.986	0.4098	0.1544	0.2086	0.2273	0.3639	0.1958	0.1765	0.2638	0.6426	1.7149	4.2946E-3	16.539	12.024	708.131
8000000	6.910	9.035	0.3782	0.1711	0.2206	0.2301	0.3382	0.2014	0.1802	0.2801	0.6060	1.7880	4.4825E-3	16.521	12.335	726.579
9000000	5.884	9.718	0.3995	0.1698	0.2092	0.2215	0.3481	0.2017	0.1708	0.2795	0.6024	1.7951	4.5863E-3	15.419	12.258	706.277
10000000	6.341	7.723	0.3863	0.1671	0.2093	0.2372	0.3355	0.2067	0.1829	0.2749	0.6172	1.7656	4.4319E-3	16.108	12.507	719.780
11000000	6.333	8.362	0.3976	0.1608	0.2218	0.2198	0.3521	0.2092	0.1760	0.2627	0.6169	1.7663	4.526E-3	16.715	12.159	716.047
12000000	6.267	9.486	0.4042	0.1675	0.2108	0.2175	0.3535	0.1984	0.1851	0.2630	0.6060	1.7880	4.418E-3	17.014	12.541	725.439
13000000	6.425	8.657	0.4046	0.1648	0.2134	0.2171	0.3612	0.1905	0.1784	0.2699	0.6221	1.7559	4.408E-3	17.001	12.290	722.853
14000000	6.707	8.901	0.3896	0.1821	0.2026	0.2256	0.3429	0.2003	0.1849	0.2719	0.6121	1.7757	4.4643E-3	16.216	12.571	714.373
15000000	6.660	9.401	0.3914	0.1668	0.2103	0.2314	0.3719	0.1818	0.1800	0.2663	0.6025	1.7950	4.3826E-3	15.943	12.575	722.993
16000000	6.180	9.341	0.3930	0.1655	0.2333	0.2081	0.3657	0.1857	0.1702	0.2784	0.6478	1.7044	4.3994E-3	16.553	12.402	721.193
17000000	6.768	9.539	0.3926	0.1607	0.2155	0.2312	0.3528	0.1991	0.1777	0.2704	0.6247	1.7506	4.3908E-3	16.783	12.170	727.906
18000000	6.309	8.059	0.3934	0.1741	0.2195	0.2131	0.3532	0.2030	0.1707	0.2731	0.6162	1.7675	4.568E-3	15.713	12.501	708.836
19000000	6.005	8.651	0.3819	0.1778	0.2202	0.2201	0.3518	0.1852	0.1880	0.2750	0.6107	1.7787	4.4303E-3	16.759	12.963	725.669
20000000	6.978	9.957	0.3831	0.1765	0.2204	0.2199	0.3492	0.1963	0.1754	0.2791	0.6297	1.7407	4.4209E-3	17.034	12.306	724.343
21000000	6.512	8.667	0.3866	0.1686	0.2085	0.2363	0.3370	0.1971	0.1869	0.2790	0.6310	1.7381	4.5783E-3	15.770	12.339	705.737
22000000	5.764	9.026	0.3923	0.1621	0.2167	0.2289	0.3648	0.1857	0.1762	0.2733	0.6214	1.7572	4.4892E-3	15.956	12.413	701.993
23000000	6.383	8.559	0.4008	0.1845	0.2108	0.2039	0.3533	0.1900	0.1904	0.2662	0.6291	1.7419	4.4312E-3	16.099	12.476	719.664
24000000	6.307	9.087	0.3931	0.1534	0.2250	0.2285	0.3599	0.1870	0.1756	0.2775	0.6296	1.7409	4.4914E-3	15.871	12.479	711.278
25000000	6.432	9.031	0.3819	0.1579	0.2222	0.2381	0.3649	0.1824	0.1790	0.2738	0.6102	1.7795	4.4373E-3	15.687	13.010	708.313
26000000	6.132	8.316	0.3845	0.1733	0.2189	0.2232	0.3565	0.1901	0.1718	0.2817	0.5977	1.8046	4.367E-3	16.901	12.544	733.228
27000000	6.265	8.192	0.3978	0.1658	0.2128	0.2236	0.3506	0.1819	0.1895	0.2780	0.6216	1.7569	4.3723E-3	16.848	12.634	734.346
28000000	7.103	8.615	0.3948	0.1622	0.2165	0.2266	0.3524	0.1932	0.1741	0.2803	0.6258	1.7485	4.485E-3	15.445	12.617	706.551
29000000	5.649	8.988	0.4054	0.1628	0.2100	0.2218	0.3657	0.1937	0.1754	0.2651	0.6227	1.7545	4.3494E-3	16.808	12.377	723.375
30000000	5.993	9.541	0.3946	0.1803	0.2023	0.2228	0.3530	0.1914	0.1776	0.2780	0.6268	1.7465	4.187E-3	17.076	12.848	747.846
31000000	6.514	8.395	0.3980	0.1654	0.2177	0.2190	0.3591	0.1842	0.1730	0.2837	0.6142	1.7717	4.3063E-3	17.235	12.319	731.429
32000000	6.367	8.903	0.4018	0.1628	0.2173	0.2181	0.3626	0.1890	0.1767	0.2717	0.6175	1.7649	4.4029E-3	16.186	12.613	711.315
33000000	6.175	9.329	0.3841	0.1637	0.2111	0.2411	0.3466	0.2024	0.1777	0.2733	0.5997	1.8006	4.2289E-3	17.095	12.770	728.263
34000000	6.545	9.011	0.3782	0.1673	0.2244	0.2302	0.3456	0.1888	0.1817	0.2839	0.6282	1.7436	4.287E-3	16.991	12.287	737.287
35000000	5.952	9.285	0.3863	0.1742	0.2187	0.2208	0.3428	0.1959	0.1850	0.2763	0.6232	1.7536	4.3342E-3	16.435	12.713	731.014
36000000	6.238	9.378	0.3900	0.1763	0.2189	0.2148	0.3622	0.1884	0.1876	0.2618	0.6114	1.7771	4.3135E-3	16.486	12.535	731.950
37000000	6.455	8.535	0.3990	0.1770	0.2147	0.2093	0.3658	0.1969	0.1788	0.2586	0.6089	1.7822	4.426E-3	17.197	12.191	724.142
38000000	6.126	8.586	0.4062	0.1616	0.2265	0.2057	0.3562	0.1857	0.1831	0.2750	0.6073	1.7854	4.5961E-3	17.111	12.652	731.579
39000000	6.674	8.519	0.3804	0.1632	0.2166	0.2398	0.3493	0.1825	0.1811	0.2871	0.6059	1.7881	4.4206E-3	16.636	12.888	719.260
40000000	6.367	8.564	0.3773	0.1787	0.2121	0.2319	0.3766	0.1881	0.1698	0.2656	0.6197	1.7605	4.3656E-3	16.055	12.047	719.457
41000000	6.136	8.764	0.4087	0.1684	0.2044	0.2185	0.3520	0.1822	0.1909	0.2750	0.6343	1.7313	4.2395E-3	16.711	12.352	729.087
42000000	6.951	8.917	0.3818	0.1692	0.2171	0.2319	0.3666	0.1778	0.1901	0.2655	0.6275	1.7449	4.653E-3	15.221	12.499	693.666
43000000	6.329	8.074	0.3989	0.1793	0.2054	0.2164	0.3534	0.1945	0.1863	0.2658	0.6224	1.7553	4.3436E-3	16.349	12.201	714.853
44000000	6.342	9.235	0.3952	0.1684	0.2171	0.2192	0.3577	0.1942	0.1769	0.2712	0.6315	1.7369	4.3974E-3	16.073	13.064	721.151
45000000	6.128	8.687	0.3994	0.1684	0.2094	0.2228	0.3459	0.1864	0.1941	0.2736	0.6110	1.7780	4.621E-3	15.727	12.486	688.093
46000000	6.751	8.833	0.3995	0.1643	0.2170	0.2193	0.3551	0.1848	0.1669	0.2932	0.6336	1.7328	4.3796E-3	16.133	12.203	728.480
47000000	5.964	9.120	0.3878	0.1771	0.2141	0.2209	0.3451	0.1972	0.1869	0.2709	0.5765	1.8469	4.1459E-3	18.330	13.004	757.511
48000000	6.608	9.354	0.3891	0.1663	0.2131	0.2316	0.3434	0.1844	0.1932	0.2790	0.6329	1.7343	4.3401E-3	16.399	12.280	739.134
49000000	6.388	8.874	0.3905	0.1781	0.2100	0.2215	0.3619	0.1866	0.1830	0.2685	0.6192	1.7616	4.4504E-3	16.901	12.440	727.083
50000000	6.321	8.973	0.3813	0.1697	0.2107	0.2383	0.3446	0.1918	0.1858	0.2777	0.6141	1.7717	4.4313E-3	16.751	12.329	720.810
51000000	5.466	9.026	0.3984	0.1566	0.2281	0.2169	0.3461	0.2013	0.1778	0.2747	0.6229	1.7542	4.5281E-3	15.950	12.367	706.280
52000000	6.260	9.541	0.3942	0.1609	0.2227	0.2221	0.3598	0.1913	0.1841	0.2649	0.6160	1.7680	4.5289E-3	15.771	12.336	711.769
53000000	7.228	9.582	0.3950	0.1826	0.2104	0.2120	0.3589	0.2014	0.1722	0.2675	0.6127	1.7747	4.4377E-3	16.026	12.565	712.610
54000000	6.568	8.887	0.4049	0.1726	0.2097	0.2128	0.3449	0.2012	0.1784	0.2755	0.6023	1.7953	4.5767E-3	15.506	12.489	706.415
55000000	6.957	9.185	0.3905	0.1736	0.2097	0.2261	0.3509	0.2024	0.1810	0.2657	0.6300	1.7399	4.5164E-3	15.403	12.760	704.239
56000000	6.256	9.543	0.3946	0.1674	0.2149	0.2231	0.3546	0.1886	0.1899	0.2669	0.6048	1.7903	4.5709E-3	16.539	12.082	710.427
57000000	6.811	8.403	0.3833	0.1755	0.2103	0.2309	0.3481	0.1960	0.1768	0.2790	0.6026	1.7948	4.335E-3	16.669	12.573	732.995
58000000	6.519	8.768	0.3911	0.1742	0.2085	0.2262	0.3433	0.1993	0.1805	0.2768	0.6144	1.7713	4.3654E-3	17.283	12.250	721.111
59000000	6.299	9.733	0.4030	0.1668	0.2072	0.2230	0.3605	0.1907	0.1751	0.2737	0.6163	1.7674	4.2505E-3	17.246	12.748	740.700
60000000	6.376	8.461	0.4045	0.1657	0.2080	0.2218	0.3562	0.1834	0.1805	0.2799	0.6328	1.7345	4.2183E-3	16.580	13.185	738.939
61000000	6.417	9.193	0.3879	0.1850	0.2094	0.2176	0.3507	0.1983	0.1759	0.2751	0.6250	1.7500	4.4042E-3	17.251	12.477	727.029
62000000	6.279	8.189	0.4065	0.1479	0.2177	0.2279	0.3468	0.1910	0.1853	0.2769	0.6099	1.7802	4.5787E-3	15.362	12.499	706.503
63000000	6.902	9.054	0.4007	0.1692	0.2042	0.2259	0.3511	0.1886	0.1799	0.2804	0.5947	1.8106	4.3416E-3	16.091	12.729	734.299
64000000	6.068	9.271	0.3940	0.1652	0.2157	0.2251	0.3604	0.1808	0.1820	0.2767	0.6130	1.7741	4.335E-3	16.562	12.272	729.637
65000000	6.186	9.042	0.3942	0.1609	0.2103	0.2345	0.3686	0.1847	0.1809	0.2657	0.6030	1.7941	4.3406E-3	16.273	12.490	729.353
66000000	6.782	8.176	0.4008	0.1745	0.2151	0.2096	0.3695	0.1897	0.1721	0.2687	0.6249	1.7502	4.5812E-3	16.001	12.911	713.812
67000000	5.446	8.813	0.3882	0.1611	0.2114	0.2392	0.3561	0.1906	0.1811	0.2721	0.6183	1.7634	4.5855E-3	15.346	11.835	702.817
68000000	6.824	8.650	0.3930	0.1671	0.2203	0.2196	0.3719	0.1748	0.1743	0.2790	0.6285	1.7429	4.2059E-3	16.780	12.285	738.131
69000000	6.202	8.512	0.3843	0.1698	0.2236	0.2223	0.3494	0.1862	0.1782	0.2861	0.6399	1.7202	4.5319E-3	15.332	12.322	707.310
70000000	6.343	9.290	0.4095	0.1724	0.1948	0.2233	0.3487	0.1926	0.1810	0.2778	0.6140	1.7720	4.3416E-3	16.641	12.416	723.998
71000000	6.426	9.151	0.3941	0.1678	0.2154	0.2227	0.3585	0.1866	0.1745	0.2803	0.6300	1.7399	4.447E-3	16.389	12.393	720.869
72000000	6.583	8.868	0.4095	0.1666	0.2100	0.2140	0.3712	0.1845	0.1714	0.2728	0.6375	1.7251	4.2602E-3	16.986	12.645	725.465
73000000	6.056	9.284	0.3967	0.1764	0.2074	0.2195	0.3393	0.1967	0.1730	0.2910	0.6280	1.7441	4.2579E-3	17.151	13.029	736.221
74000000	6.706	8.289	0.4123	0.1664	0.2085	0.2128	0.3457	0.1947	0.1809	0.2786	0.6144	1.7712	4.4959E-3	16.679	12.270	711.234
75000000	6.572	9.699	0.3939	0.1595	0.2207	0.2259	0.3532	0.1887	0.1859	0.2723	0.6236	1.7528	4.4543E-3	16.697	12.887	711.083
76000000	6.520	9.630	0.3991	0.1671	0.2057	0.2282	0.3628	0.1960	0.1754	0.2658	0.6297	1.7406	4.3643E-3	16.687	12.317	725.657
77000000	6.649	9.075	0.3786	0.1708	0.2186	0.2319	0.3571	0.1832	0.1698	0.2899	0.6351	1.7299	4.4016E-3	17.403	12.521	727.942
78000000	6.631	9.932	0.3970	0.1737	0.2125	0.2168	0.3563	0.1934	0.1802	0.2701	0.6137	1.7726	4.5068E-3	15.212	12.313	704.409
79000000	6.554	9.330	0.4099	0.1634	0.2133	0.2135	0.3557	0.1732	0.1870	0.2841	0.6183	1.7634	4.259E-3	16.766	11.806	722.736
80000000	6.102	10.098	0.3901	0.1706	0.2106	0.2287	0.3697	0.1741	0.1768	0.2794	0.6233	1.7534	4.4331E-3	15.454	12.591	709.349
81000000	5.698	9.664	0.3933	0.1711	0.2142	0.2213	0.3566	0.1911	0.1751	0.2773	0.6250	1.7500	4.2591E-3	16.900	13.058	733.831
82000000	6.068	9.341	0.4116	0.1643	0.2093	0.2147	0.3500	0.1892	0.1719	0.2889	0.6186	1.7628	4.6992E-3	15.687	12.487	700.716
83000000	5.844	9.700	0.3913	0.1620	0.2145	0.2321	0.3559	0.1909	0.1708	0.2824	0.6107	1.7787	4.4553E-3	16.346	12.696	729.771
84000000	6.430	8.977	0.3848	0.1726	0.2251	0.2175	0.3585	0.2003	0.1744	0.2668	0.6142	1.7715	4.4428E-3	15.631	12.396	706.717
85000000	6.126	9.761	0.3957	0.1721	0.2003	0.2320	0.3541	0.1906	0.1788	0.2764	0.5933	1.8134	4.5806E-3	15.424	12.142	697.729
86000000	6.951	9.730	0.3837	0.1663	0.2108	0.2392	0.3467	0.1999	0.1740	0.2795	0.6074	1.7851	4.632E-3	15.698	12.330	694.960
87000000	6.817	9.868	0.3932	0.1753	0.2041	0.2274	0.3470	0.1935	0.1759	0.2835	0.6105	1.7790	4.4769E-3	16.506	12.226	716.015
88000000	5.528	9.089	0.3889	0.1758	0.2102	0.2251	0.3616	0.1908	0.1684	0.2791	0.6286	1.7428	4.6711E-3	15.256	12.784	698.038
89000000	6.310	9.340	0.3909	0.1702	0.2151	0.2237	0.3415	0.1876	0.1809	0.2900	0.6209	1.7582	4.2419E-3	18.153	12.749	756.483
90000000	5.840	8.634	0.3593	0.1850	0.2420	0.2137	0.3546	0.2043	0.1804	0.2606	0.6337	1.7326	4.4013E-3	17.658	12.199	724.708
91000000	6.728	9.046	0.4028	0.1655	0.2126	0.2191	0.3558	0.1876	0.1825	0.2740	0.5988	1.8023	4.2566E-3	17.693	12.788	744.435
92000000	5.934	8.161	0.3815	0.1756	0.2098	0.2331	0.3365	0.1842	0.1861	0.2932	0.6289	1.7422	4.395E-3	16.323	12.281	722.244
93000000	7.502	8.792	0.3899	0.1668	0.2046	0.2387	0.3474	0.1911	0.1868	0.2747	0.6149	1.7702	4.5519E-3	15.822	12.711	707.993
94000000	6.360	9.099	0.3909	0.1646	0.2221	0.2224	0.3580	0.1977	0.1825	0.2618	0.6352	1.7295	4.5186E-3	16.033	11.938	703.267
95000000	6.226	9.104	0.3778	0.1769	0.2236	0.2218	0.3501	0.1912	0.1764	0.2823	0.6164	1.7672	4.5105E-3	16.261	11.977	722.895
96000000	6.535	8.816	0.3784	0.1864	0.2235	0.2117	0.3539	0.1943	0.1853	0.2665	0.6204	1.7592	4.4798E-3	15.545	12.695	707.374
97000000	6.374	8.349	0.3878	0.1590	0.2229	0.2303	0.3544	0.1949	0.1900	0.2607	0.6184	1.7633	4.4417E-3	16.374	12.257	726.554
98000000	6.623	8.901	0.4029	0.1629	0.2141	0.2201	0.3445	0.1960	0.1778	0.2818	0.6234	1.7533	4.3823E-3	15.828	12.579	718.556
99000000	6.014	8.549	0.4032	0.1577	0.2127	0.2265	0.3444	0.1949	0.1763	0.2845	0.6154	1.7691	4.6053E-3	15.431	12.692	711.219
100000000	6.180	9.251	0.3853	0.1757	0.2092	0.2298	0.3632	0.1788	0.1775	0.2804	0.6283	1.7434	4.6881E-3	14.645	12.663	689.694
101000000	6.420	8.022	0.3962	0.1594	0.2090	0.2355	0.3507	0.1916	0.1738	0.2839	0.6395	1.7211	4.3859E-3	15.745	12.154	720.830
102000000	6.598	8.897	0.3898	0.1735	0.2102	0.2265	0.3659	0.1831	0.1799	0.2711	0.6225	1.7550	4.6711E-3	14.267	12.379	673.349
103000000	6.206	8.381	0.4009	0.1578	0.2183	0.2230	0.3501	0.1937	0.1771	0.2791	0.5946	1.8109	4.5915E-3	15.737	12.376	693.011
104000000	6.802	8.724	0.3963	0.1591	0.2196	0.2250	0.3551	0.1919	0.1902	0.2627	0.6204	1.7592	4.6636E-3	15.308	12.616	688.849
105000000	6.886	9.465	0.3917	0.1756	0.1975	0.2351	0.3582	0.1962	0.1830	0.2625	0.6046	1.7907	4.5002E-3	14.400	12.432	692.778
106000000	7.164	9.570	0.4010	0.1637	0.2096	0.2257	0.3593	0.1957	0.1805	0.2645	0.6144	1.7711	4.3698E-3	15.752	12.635	715.884
107000000	6.564	9.001	0.3761	0.1799	0.2170	0.2269	0.3478	0.2041	0.1813	0.2668	0.6213	1.7575	4.4278E-3	16.413	12.560	718.008
108000000	6.442	8.565	0.3911	0.1731	0.2100	0.2257	0.3648	0.2001	0.1722	0.2629	0.6147	1.7705	4.5194E-3	15.569	12.435	699.564
109000000	6.558	8.920	0.3848	0.1658	0.2189	0.2305	0.3562	0.1869	0.1827	0.2742	0.6397	1.7206	4.3442E-3	16.280	12.146	720.164
110000000	6.568	9.051	0.4019	0.1732	0.2058	0.2190	0.3388	0.1839	0.1800	0.2973	0.6063	1.7874	4.3241E-3	16.757	12.716	725.781
111000000	6.450	8.284	0.3947	0.1690	0.2125	0.2239	0.3403	0.2031	0.1853	0.2713	0.6157	1.7687	4.4788E-3	15.362	12.360	719.820
112000000	6.369	8.735	0.4039	0.1689	0.2051	0.2221	0.3479	0.1804	0.1833	0.2884	0.6064	1.7872	4.3007E-3	17.699	12.252	735.372
113000000	5.810	8.223	0.4078	0.1710	0.2090	0.2122	0.3611	0.1900	0.1850	0.2639	0.5909	1.8182	4.4649E-3	16.185	12.381	720.113
114000000	6.612	9.121	0.4043	0.1571	0.2176	0.2210	0.3471	0.2065	0.1822	0.2642	0.6221	1.7559	4.5704E-3	16.153	12.612	708.894
115000000	5.864	9.659	0.3924	0.1682	0.2124	0.2269	0.3644	0.1918	0.1759	0.2679	0.6266	1.7467	4.4836E-3	15.716	12.389	708.522
116000000	6.214	8.280	0.4021	0.1735	0.2077	0.2167	0.3698	0.1873	0.1638	0.2791	0.6062	1.7875	4.3796E-3	16.600	12.275	721.577
117000000	6.739	8.844	0.3902	0.1741	0.2082	0.2275	0.3576	0.1851	0.1802	0.2771	0.6199	1.7602	4.5864E-3	15.184	12.658	689.726
118000000	6.521	8.704	0.3871	0.1747	0.2067	0.2314	0.3521	0.1935	0.1783	0.2762	0.5980	1.8041	4.6291E-3	15.806	12.244	696.767
119000000	6.996	9.569	0.3891	0.1610	0.2212	0.2288	0.3488	0.1804	0.1841	0.2866	0.6078	1.7845	4.4017E-3	16.289	12.065	714.921
120000000	6.500	8.770	0.3948	0.1678	0.2164	0.2210	0.3568	0.1944	0.1871	0.2618	0.6240	1.7521	4.6567E-3	15.770	12.224	703.811
121000000	6.021	8.763	0.3974	0.1671	0.2214	0.2141	0.3502	0.1809	0.1805	0.2884	0.6228	1.7545	4.4116E-3	16.395	12.883	714.266
122000000	6.199	8.631	0.3910	0.1703	0.2185	0.2201	0.3654	0.1726	0.1875	0.2745	0.6185	1.7630	4.603E-3	15.820	12.530	702.761
123000000	6.209	8.470	0.3877	0.1674	0.2236	0.2214	0.3358	0.1867	0.1834	0.2941	0.6222	1.7556	4.2577E-3	16.579	12.656	732.579
124000000	6.517	8.359	0.3864	0.1674	0.2188	0.2274	0.3615	0.1818	0.1736	0.2831	0.6164	1.7672	4.3926E-3	16.738	12.715	735.977
125000000	6.036	9.354	0.3906	0.1788	0.2236	0.2069	0.3494	0.1952	0.1813	0.2741	0.6005	1.7989	4.3875E-3	16.255	12.538	721.015
126000000	5.675	9.471	0.3902	0.1647	0.2277	0.2174	0.3518	0.1865	0.1820	0.2797	0.6289	1.7422	4.2393E-3	17.124	12.180	742.957
127000000	6.745	8.886	0.3958	0.1678	0.2047	0.2317	0.3513	0.1944	0.1899	0.2643	0.6160	1.7681	4.4181E-3	17.308	12.485	734.947
128000000	6.663	9.085	0.3903	0.1756	0.2095	0.2245	0.3394	0.2008	0.1772	0.2826	0.6204	1.7592	4.3389E-3	17.190	12.594	740.792
129000000	6.522	9.117	0.3960	0.1674	0.2105	0.2260	0.3508	0.1948	0.1719	0.2824	0.6219	1.7561	4.3723E-3	16.987	12.485	731.860
130000000	6.888	8.543	0.3950	0.1548	0.2175	0.2326	0.3484	0.1871	0.1847	0.2798	0.6113	1.7774	4.1809E-3	17.968	13.006	753.003
131000000	6.190	9.556	0.4056	0.1646	0.2005	0.2294	0.3493	0.2007	0.1797	0.2703	0.6201	1.7598	4.452E-3	15.007	12.602	707.875
132000000	6.696	9.264	0.3956	0.1731	0.2065	0.2248	0.3567	0.1939	0.1772	0.2722	0.6125	1.7749	4.2872E-3	16.535	12.205	728.817
133000000	6.192	8.866	0.4091	0.1741	0.2118	0.2050	0.3569	0.1929	0.1774	0.2728	0.6143	1.7715	4.4078E-3	16.925	12.440	729.835
134000000	6.907	8.311	0.3817	0.1695	0.2130	0.2358	0.3635	0.1910	0.1716	0.2739	0.6206	1.7588	4.2877E-3	16.421	12.344	722.102
135000000	6.573	9.775	0.4052	0.1657	0.2122	0.2169	0.3438	0.1930	0.1841	0.2790	0.6322	1.7357	4.274E-3	16.277	12.262	723.116
136000000	6.380	8.583	0.3942	0.1694	0.2090	0.2275	0.3614	0.1799	0.1738	0.2849	0.6180	1.7640	4.2634E-3	15.522	12.247	716.933
137000000	6.424	9.366	0.4149	0.1546	0.2222	0.2083	0.3602	0.1890	0.1742	0.2766	0.6474	1.7053	4.3776E-3	16.660	12.513	732.043
138000000	6.970	8.654	0.4073	0.1700	0.2057	0.2170	0.3490	0.1906	0.1816	0.2788	0.6166	1.7667	4.439E-3	15.713	12.154	714.579
139000000	5.778	8.879	0.3934	0.1721	0.2165	0.2180	0.3603	0.1825	0.1712	0.2860	0.6327	1.7346	4.4229E-3	16.264	13.030	718.683
140000000	6.692	9.626	0.3867	0.1658	0.2222	0.2253	0.3538	0.1974	0.1726	0.2761	0.6218	1.7564	4.346E-3	16.161	12.275	713.522
141000000	6.567	8.501	0.3848	0.1646	0.2207	0.2299	0.3463	0.1935	0.1792	0.2809	0.6283	1.7433	4.4979E-3	16.145	12.253	708.722
142000000	6.324	8.906	0.3915	0.1679	0.2124	0.2281	0.3568	0.1878	0.1715	0.2840	0.6501	1.6999	4.2168E-3	17.616	12.665	749.387
143000000	6.873	9.305	0.3909	0.1604	0.2097	0.2390	0.3630	0.1840	0.1777	0.2753	0.6191	1.7617	4.5373E-3	16.047	12.390	701.938
144000000	6.215	8.825	0.3950	0.1588	0.2122	0.2339	0.3578	0.1820	0.1743	0.2859	0.6209	1.7582	4.277E-3	17.226	12.415	736.480
145000000	5.998	8.977	0.3958	0.1602	0.2189	0.2251	0.3573	0.1833	0.1779	0.2815	0.6171	1.7658	4.4097E-3	16.733	12.333	716.458
146000000	6.085	8.735	0.4084	0.1610	0.2071	0.2235	0.3552	0.1709	0.1812	0.2928	0.6196	1.7607	4.397E-3	15.817	13.332	710.962
147000000	6.027	9.763	0.3808	0.1732	0.2075	0.2385	0.3601	0.1864	0.1829	0.2706	0.6164	1.7671	4.3573E-3	16.158	12.959	731.895
148000000	6.565	9.092	0.3874	0.1729	0.2191	0.2205	0.3465	0.1910	0.1849	0.2775	0.6370	1.7260	4.5751E-3	15.633	12.391	699.658
149000000	6.228	9.086	0.4037	0.1638	0.2130	0.2196	0.3637	0.1789	0.1818	0.2756	0.6357	1.7286	4.5036E-3	16.051	12.446	718.507
150000000	5.889	9.180	0.4066	0.1599	0.2103	0.2232	0.3605	0.1937	0.1702	0.2756	0.6116	1.7769	4.4341E-3	15.821	12.322	706.623
151000000	6.202	9.160	0.4108	0.1560	0.2092	0.2240	0.3514	0.1829	0.1877	0.2780	0.6096	1.7808	4.5296E-3	16.240	12.713	715.252
152000000	6.465	9.482	0.3842	0.1642	0.2208	0.2308	0.3404	0.1957	0.1870	0.2768	0.6328	1.7344	4.3016E-3	16.762	12.374	728.997
153000000	6.076	8.748	0.3924	0.1694	0.2212	0.2170	0.3306	0.1982	0.1924	0.2787	0.6051	1.7899	4.5713E-3	15.223	12.216	700.047
154000000	6.180	8.940	0.4006	0.1649	0.2150	0.2194	0.3620	0.1939	0.1740	0.2702	0.6053	1.7894	4.3769E-3	16.788	12.682	720.500
155000000	5.985	8.450	0.3940	0.1782	0.2106	0.2171	0.3566	0.1944	0.1694	0.2796	0.6283	1.7433	4.4398E-3	15.596	12.639	709.103
156000000	5.991	8.678	0.3903	0.1723	0.2132	0.2241	0.3451	0.1970	0.1895	0.2684	0.5983	1.8034	4.4743E-3	15.686	12.682	715.405
157000000	7.380	8.604	0.3822	0.1793	0.2179	0.2205	0.3558	0.1903	0.1708	0.2830	0.6247	1.7505	4.4794E-3	15.766	11.881	697.481
158000000	6.641	9.198	0.3879	0.1680	0.2225	0.2216	0.3602	0.1978	0.1843	0.2577	0.6432	1.7135	4.4085E-3	16.593	12.421	718.999
159000000	6.799	8.858	0.3923	0.1530	0.2084	0.2463	0.3467	0.2008	0.1770	0.2755	0.6131	1.7738	4.2958E-3	17.304	12.286	732.263
160000000	6.225	9.147	0.3991	0.1779	0.2066	0.2164	0.3495	0.2003	0.1756	0.2746	0.6299	1.7401	4.582E-3	15.960	12.296	706.090
161000000	6.374	8.441	0.3804	0.1748	0.2121	0.2328	0.3462	0.1841	0.1933	0.2765	0.6155	1.7689	4.5085E-3	16.391	12.560	708.090
162000000	5.961	9.515	0.4032	0.1721	0.2038	0.2208	0.3567	0.1870	0.1827	0.2735	0.6109	1.7782	4.4166E-3	16.299	12.113	715.703
163000000	5.519	9.504	0.3960	0.1655	0.2313	0.2073	0.3680	0.1936	0.1711	0.2673	0.6198	1.7604	4.4029E-3	16.192	12.136	709.625
164000000	6.338	9.101	0.3883	0.1660	0.2223	0.2234	0.3660	0.1891	0.1741	0.2708	0.6291	1.7418	4.5511E-3	15.784	12.722	696.347
165000000	6.750	8.565	0.4016	0.1602	0.2186	0.2196	0.3379	0.1940	0.1765	0.2916	0.6213	1.7575	4.4111E-3	16.137	12.679	727.781
166000000	5.825	8.871	0.3774	0.1703	0.2223	0.2300	0.3500	0.1867	0.1810	0.2823	0.6295	1.7411	4.3233E-3	16.353	12.551	722.255
167000000	6.144	8.670	0.3925	0.1703	0.2115	0.2257	0.3535	0.1927	0.1881	0.2657	0.6045	1.7909	4.4003E-3	16.479	12.716	718.656
168000000	6.360	8.924	0.4001	0.1628	0.2238	0.2133	0.3515	0.1899	0.1794	0.2792	0.6337	1.7326	4.3323E-3	16.216	12.454	718.973
169000000	6.188	9.638	0.3990	0.1679	0.2060	0.2271	0.3520	0.1817	0.1762	0.2901	0.6266	1.7467	4.3915E-3	15.717	12.226	705.726
170000000	6.555	8.550	0.3937	0.1679	0.2110	0.2275	0.3549	0.1840	0.1831	0.2780	0.6088	1.7825	4.5732E-3	15.088	11.989	689.156
171000000	6.002	9.143	0.4086	0.1621	0.2113	0.2179	0.3570	0.1902	0.1765	0.2763	0.6016	1.7967	4.4089E-3	16.486	12.676	723.414
172000000	6.444	7.986	0.3864	0.1600	0.2177	0.2359	0.3459	0.1999	0.1716	0.2827	0.6301	1.7399	4.3911E-3	17.075	12.222	723.254
173000000	6.253	8.439	0.4014	0.1649	0.2097	0.2240	0.3544	0.1967	0.1867	0.2622	0.6241	1.7517	4.577E-3	15.908	12.895	712.786
174000000	6.683	9.325	0.3922	0.1839	0.2044	0.2195	0.3624	0.1888	0.1787	0.2701	0.6158	1.7684	4.4655E-3	16.694	12.411	713.626
175000000	6.331	8.844	0.3968	0.1654	0.2229	0.2149	0.3322	0.2043	0.1986	0.2649	0.6417	1.7166	4.5026E-3	16.362	12.181	714.649
176000000	6.190	8.604	0.3887	0.1626	0.2194	0.2292	0.3603	0.1801	0.1784	0.2812	0.6249	1.7503	4.4918E-3	15.605	12.837	709.408
177000000	6.198	8.121	0.3957	0.1599	0.2181	0.2263	0.3541	0.1917	0.1880	0.2663	0.6362	1.7276	4.4662E-3	15.857	12.773	711.935
178000000	6.293	9.419	0.3979	0.1741	0.2157	0.2123	0.3559	0.1967	0.1721	0.2753	0.6405	1.7189	4.4336E-3	15.300	12.533	703.138
179000000	6.360	8.794	0.4029	0.1595	0.2159	0.2217	0.3562	0.1878	0.1743	0.2817	0.6419	1.7163	4.3137E-3	16.763	12.085	729.600
180000000	6.575	9.116	0.4047	0.1517	0.2083	0.2353	0.3489	0.1784	0.1823	0.2904	0.6366	1.7269	4.2374E-3	16.842	12.955	730.384
181000000	6.295	8.965	0.3853	0.1617	0.2279	0.2251	0.3530	0.1851	0.1880	0.2738	0.6209	1.7582	4.2223E-3	17.278	12.573	738.947
182000000	6.235	8.991	0.4107	0.1593	0.2082	0.2218	0.3565	0.1893	0.1850	0.2692	0.6170	1.7660	4.4729E-3	15.919	12.446	713.078
183000000	6.448	9.158	0.4028	0.1603	0.2136	0.2232	0.3607	0.1847	0.1809	0.2737	0.6161	1.7677	4.1976E-3	17.674	12.564	752.077
184000000	6.146	8.294	0.4034	0.1679	0.2114	0.2173	0.3453	0.1920	0.1860	0.2768	0.6432	1.7137	4.2451E-3	17.110	12.627	741.454
185000000	6.726	8.550	0.4037	0.1592	0.2252	0.2119	0.3645	0.1805	0.1902	0.2648	0.5893	1.8215	4.5074E-3	15.996	12.896	712.329
186000000	6.438	8.546	0.3911	0.1640	0.2143	0.2306	0.3563	0.1928	0.1750	0.2758	0.6057	1.7885	4.4036E-3	16.991	12.755	727.088
187000000	6.446	9.083	0.3976	0.1668	0.2070	0.2286	0.3441	0.1951	0.1890	0.2717	0.6073	1.7855	4.3804E-3	17.045	12.706	722.724
188000000	6.773	9.871	0.4062	0.1715	0.2099	0.2123	0.3554	0.1902	0.1787	0.2757	0.6119	1.7762	4.3891E-3	16.601	12.781	726.890
189000000	6.077	8.785	0.4046	0.1708	0.2126	0.2119	0.3339	0.1894	0.1862	0.2905	0.6151	1.7698	4.4536E-3	16.433	12.456	720.023
190000000	5.627	8.542	0.3964	0.1764	0.2083	0.2189	0.3503	0.1901	0.1803	0.2793	0.6114	1.7772	4.5839E-3	15.637	12.616	695.963
191000000	6.632	9.125	0.3779	0.1694	0.2236	0.2291	0.3484	0.2011	0.1792	0.2712	0.6434	1.7133	4.6154E-3	16.168	12.283	710.445
192000000	6.440	8.718	0.3984	0.1680	0.2136	0.2200	0.3625	0.1951	0.1712	0.2712	0.6310	1.7380	4.3823E-3	16.904	12.335	718.065
193000000	6.461	8.320	0.4044	0.1854	0.2100	0.2002	0.3605	0.1932	0.1696	0.2767	0.6220	1.7560	4.4993E-3	15.018	12.406	694.492
194000000	6.480	8.970	0.4017	0.1687	0.2114	0.2183	0.3542	0.1873	0.1680	0.2905	0.6171	1.7657	4.3228E-3	15.910	12.510	721.055
195000000	6.690	8.383	0.3926	0.1706	0.2178	0.2190	0.3714	0.1859	0.1744	0.2684	0.6251	1.7499	4.774E-3	14.526	12.151	682.054
196000000	5.732	10.514	0.3808	0.1817	0.2137	0.2237	0.3624	0.1935	0.1775	0.2667	0.6287	1.7425	4.4876E-3	16.062	12.337	715.846
197000000	6.299	8.413	0.4063	0.1744	0.2061	0.2132	0.3578	0.1909	0.1802	0.2711	0.6156	1.7689	4.4976E-3	16.408	12.295	713.757
198000000	6.023	9.258	0.4067	0.1624	0.2134	0.2176	0.3553	0.1949	0.1886	0.2612	0.6184	1.7631	4.4718E-3	16.014	12.497	721.234
199000000	6.426	9.123	0.3943	0.1683	0.2086	0.2289	0.3577	0.1934	0.1807	0.2681	0.6150	1.7699	4.2342E-3	16.620	12.895	742.645
200000000	6.075	8.863	0.4009	0.1699	0.2126	0.2166	0.3528	0.1831	0.1964	0.2677	0.6052	1.7895	4.3096E-3	16.863	12.243	722.549
201000000	6.376	8.275	0.3827	0.1689	0.2260	0.2223	0.3622	0.1845	0.1847	0.2686	0.6327	1.7346	4.3683E-3	16.778	12.506	722.658
202000000	6.377	9.742	0.3989	0.1687	0.2129	0.2196	0.3534	0.1966	0.1797	0.2703	0.6008	1.7985	4.391E-3	16.764	12.248	724.815
203000000	6.669	8.650	0.4081	0.1622	0.2051	0.2247	0.3590	0.1831	0.1814	0.2764	0.6010	1.7980	4.5085E-3	15.715	12.488	700.441
204000000	6.023	8.663	0.3970	0.1664	0.2119	0.2247	0.3492	0.1854	0.1810	0.2844	0.6219	1.7562	4.3362E-3	15.918	12.782	711.017
205000000	6.134	9.608	0.3860	0.1684	0.2293	0.2162	0.3586	0.1938	0.1701	0.2774	0.6378	1.7245	4.3465E-3	16.290	12.761	719.465
206000000	6.680	9.026	0.3949	0.1626	0.2183	0.2242	0.3558	0.1921	0.1801	0.2720	0.6325	1.7351	4.5196E-3	15.232	12.021	697.228
207000000	7.152	9.627	0.3952	0.1708	0.2160	0.2181	0.3683	0.1890	0.1725	0.2702	0.6211	1.7578	4.3319E-3	16.475	12.410	721.284
208000000	5.935	8.593	0.4042	0.1714	0.1992	0.2253	0.3543	0.1851	0.1766	0.2839	0.6150	1.7699	4.4497E-3	15.994	13.072	720.344
209000000	6.523	8.581	0.3906	0.1637	0.2106	0.2351	0.3684	0.1880	0.1768	0.2668	0.6322	1.7356	4.5186E-3	15.280	12.553	698.767
210000000	5.936	9.743	0.3925	0.1787	0.2066	0.2222	0.3533	0.1921	0.1841	0.2705	0.6192	1.7616	4.5526E-3	14.720	12.547	685.582
211000000	6.680	9.018	0.3956	0.1746	0.2043	0.2255	0.3502	0.1978	0.1833	0.2686	0.6292	1.7416	4.4742E-3	16.269	12.547	705.707
212000000	5.780	8.619	0.3932	0.1692	0.2241	0.2135	0.3329	0.2026	0.1800	0.2845	0.6150	1.7699	4.5015E-3	16.247	12.668	715.270
213000000	6.528	9.222	0.3873	0.1646	0.2199	0.2283	0.3435	0.1955	0.1828	0.2782	0.6322	1.7357	4.4586E-3	15.713	12.331	710.132
214000000	6.351	8.412	0.4034	0.1730	0.2043	0.2193	0.3577	0.1900	0.1773	0.2750	0.6054	1.7892	4.3653E-3	15.348	12.799	704.992
215000000	5.657	8.411	0.3971	0.1639	0.2103	0.2287	0.3494	0.1884	0.1763	0.2859	0.6377	1.7247	4.2474E-3	15.970	12.422	724.896
216000000	6.668	8.539	0.4042	0.1620	0.2046	0.2292	0.3515	0.1926	0.1700	0.2859	0.6253	1.7494	4.4209E-3	16.990	12.313	721.245
217000000	6.547	8.863	0.3913	0.1711	0.2128	0.2248	0.3582	0.1821	0.1811	0.2787	0.6392	1.7217	4.5721E-3	16.114	12.719	709.706
218000000	6.701	9.505	0.3990	0.1726	0.1977	0.2307	0.3533	0.1875	0.1879	0.2713	0.6098	1.7803	4.4356E-3	15.401	12.408	694.939
219000000	6.296	8.212	0.3974	0.1701	0.2197	0.2128	0.3429	0.1965	0.1810	0.2796	0.6312	1.7375	4.2536E-3	17.255	12.546	743.419
220000000	6.274	9.032	0.3974	0.1703	0.2115	0.2207	0.3630	0.1864	0.1819	0.2687	0.6179	1.7642	4.2203E-3	17.763	13.064	744.583
221000000	6.427	8.796	0.3912	0.1722	0.2119	0.2246	0.3401	0.1951	0.1826	0.2822	0.6348	1.7304	4.3318E-3	15.647	12.682	720.713
222000000	6.376	8.741	0.3928	0.1708	0.2214	0.2150	0.3535	0.1889	0.1824	0.2752	0.6301	1.7399	4.4003E-3	17.225	12.410	733.472
223000000	6.397	9.224	0.4087	0.1765	0.1967	0.2181	0.3540	0.1875	0.1720	0.2864	0.6364	1.7271	4.2252E-3	16.760	12.337	734.341
224000000	6.147	9.467	0.3907	0.1666	0.2165	0.2263	0.3604	0.1882	0.1828	0.2686	0.6192	1.7615	4.6045E-3	15.411	11.804	688.872
225000000	6.448	9.259	0.3935	0.1709	0.2018	0.2338	0.3496	0.1905	0.1873	0.2725	0.6051	1.7899	4.3829E-3	16.156	11.978	713.659
226000000	6.455	9.150	0.4140	0.1673	0.2026	0.2160	0.3505	0.1952	0.1783	0.2760	0.5937	1.8126	4.3184E-3	15.755	13.162	712.529
227000000	6.314	9.542	0.3905	0.1753	0.2055	0.2287	0.3644	0.1869	0.1848	0.2640	0.6218	1.7565	4.51E-3	15.327	12.134	700.259
228000000	6.515	8.848	0.3845	0.1789	0.2031	0.2335	0.3508	0.1877	0.1890	0.2726	0.6109	1.7781	4.3974E-3	16.486	12.485	719.435
229000000	5.758	9.308	0.3954	0.1643	0.2167	0.2235	0.3554	0.1748	0.1877	0.2821	0.6200	1.7600	4.3456E-3	15.609	12.452	713.055
230000000	6.262	8.581	0.3712	0.1785	0.2202	0.2301	0.3565	0.1921	0.1864	0.2650	0.6120	1.7760	4.3198E-3	16.714	12.465	724.672
231000000	6.463	8.341	0.3950	0.1624	0.2125	0.2302	0.3579	0.1812	0.1877	0.2732	0.6309	1.7382	4.4709E-3	16.266	12.198	716.640
232000000	6.451	9.445	0.3771	0.1781	0.2147	0.2301	0.3537	0.1903	0.1708	0.2851	0.6218	1.7564	4.5242E-3	15.273	12.629	697.221
233000000	6.814	10.075	0.3900	0.1746	0.2146	0.2208	0.3540	0.1764	0.1856	0.2840	0.6387	1.7226	4.4632E-3	15.889	12.591	716.351
234000000	6.200	8.900	0.3999	0.1654	0.1980	0.2367	0.3542	0.1991	0.1769	0.2698	0.5952	1.8097	4.3679E-3	16.167	13.148	727.479
235000000	6.594	9.436	0.3839	0.1597	0.2239	0.2326	0.3583	0.1930	0.1726	0.2761	0.6307	1.7387	4.5705E-3	16.114	12.645	708.504
236000000	6.684	9.022	0.3889	0.1774	0.2175	0.2162	0.3387	0.2007	0.1699	0.2907	0.6245	1.7510	4.4286E-3	16.502	12.716	729.467
237000000	6.549	8.577	0.4069	0.1584	0.2138	0.2209	0.3539	0.1823	0.1821	0.2817	0.6218	1.7565	4.4123E-3	16.645	12.595	723.646
238000000	6.390	10.209	0.3950	0.1631	0.2220	0.2199	0.3454	0.2024	0.1790	0.2732	0.6182	1.7636	4.669E-3	15.876	12.291	693.110
239000000	5.660	8.306	0.3965	0.1572	0.2289	0.2173	0.3489	0.1837	0.1801	0.2873	0.6205	1.7590	4.3111E-3	16.504	12.855	736.167
240000000	6.458	9.226	0.4058	0.1624	0.2122	0.2196	0.3554	0.1853	0.1782	0.2811	0.6090	1.7820	4.4024E-3	16.593	12.361	720.435
241000000	6.785	8.966	0.3980	0.1715	0.2148	0.2157	0.3442	0.1881	0.1804	0.2874	0.6090	1.7820	4.3372E-3	15.918	12.319	706.953
242000000	6.752	8.359	0.4101	0.1645	0.2075	0.2179	0.3417	0.2038	0.1891	0.2654	0.6377	1.7245	4.5024E-3	16.711	12.132	713.650
243000000	6.495	9.036	0.3836	0.1781	0.2214	0.2169	0.3639	0.1878	0.1804	0.2679	0.6230	1.7540	4.5737E-3	15.504	11.964	696.671
244000000	6.542	8.810	0.3957	0.1645	0.2143	0.2255	0.3609	0.1842	0.1826	0.2724	0.6206	1.7587	4.4475E-3	15.838	12.403	711.224
245000000	6.764	8.777	0.3814	0.1693	0.2103	0.2389	0.3611	0.1911	0.1854	0.2623	0.6321	1.7358	4.3934E-3	17.286	12.881	722.869
246000000	6.522	8.943	0.3960	0.1698	0.2119	0.2223	0.3448	0.1983	0.1855	0.2714	0.6144	1.7712	4.3986E-3	15.666	12.801	719.515
247000000	6.578	9.318	0.3872	0.1689	0.2168	0.2271	0.3656	0.1948	0.1813	0.2583	0.6184	1.7633	4.3653E-3	16.273	12.271	726.169
248000000	6.591	9.360	0.3987	0.1557	0.2048	0.2408	0.3654	0.1827	0.1816	0.2702	0.6091	1.7818	4.3739E-3	15.993	12.030	709.206
249000000	6.350	9.329	0.3951	0.1744	0.2166	0.2140	0.3495	0.1942	0.1764	0.2799	0.6053	1.7894	4.5816E-3	16.726	12.279	718.761
250000000	6.715	8.149	0.4065	0.1708	0.2082	0.2145	0.3638	0.1834	0.1785	0.2743	0.6426	1.7147	4.521E-3	15.879	12.372	703.004
251000000	6.203	8.701	0.3949	0.1713	0.2106	0.2233	0.3472	0.2001	0.1765	0.2762	0.6250	1.7501	4.4851E-3	16.545	12.247	722.172
252000000	7.039	8.858	0.4091	0.1575	0.2084	0.2250	0.3573	0.1797	0.1897	0.2733	0.5976	1.8049	4.4543E-3	15.710	12.430	701.162
253000000	5.501	9.435	0.3994	0.1648	0.2130	0.2227	0.3505	0.1925	0.1730	0.2839	0.6062	1.7877	4.5632E-3	15.338	12.689	690.926
254000000	6.490	8.981	0.3837	0.1697	0.2186	0.2280	0.3643	0.1915	0.1700	0.2742	0.6132	1.7736	4.4571E-3	15.351	12.513	706.948
255000000	6.257	8.211	0.4012	0.1674	0.2157	0.2157	0.3624	0.1890	0.1746	0.2740	0.6319	1.7362	4.343E-3	16.476	12.251	736.679
256000000	6.678	8.731	0.3828	0.1645	0.2124	0.2403	0.3442	0.1797	0.1943	0.2818	0.6084	1.7832	4.4841E-3	17.292	12.358	723.875
257000000	6.695	9.399	0.3938	0.1700	0.1974	0.2389	0.3457	0.1973	0.1819	0.2751	0.6101	1.7799	4.496E-3	16.095	11.951	697.223
258000000	6.262	8.348	0.3971	0.1681	0.2177	0.2170	0.3551	0.1794	0.1837	0.2818	0.6245	1.7510	4.5479E-3	15.475	12.456	696.797
259000000	7.249	9.043	0.3942	0.1663	0.2158	0.2237	0.3664	0.1819	0.1669	0.2849	0.6443	1.7114	4.5368E-3	15.543	12.135	696.469
260000000	6.321	8.378	0.3942	0.1630	0.2320	0.2108	0.3589	0.2028	0.1765	0.2617	0.6116	1.7768	4.5904E-3	15.369	12.264	692.692
261000000	6.428	8.709	0.3857	0.1651	0.2114	0.2378	0.3618	0.1936	0.1758	0.2688	0.6104	1.7792	4.4585E-3	16.703	12.574	720.813
262000000	6.035	9.177	0.4023	0.1549	0.2142	0.2287	0.3488	0.1914	0.1824	0.2775	0.6098	1.7804	4.363E-3	16.700	12.241	719.394
263000000	6.018	8.982	0.4062	0.1645	0.2251	0.2042	0.3551	0.1804	0.1707	0.2937	0.6283	1.7435	4.4368E-3	15.967	12.678	695.324
264000000	6.174	9.155	0.4025	0.1611	0.2168	0.2196	0.3524	0.1768	0.1831	0.2877	0.6462	1.7077	4.4651E-3	15.374	12.275	700.253
265000000	5.869	8.968	0.3866	0.1678	0.2152	0.2304	0.3579	0.1851	0.1808	0.2761	0.6235	1.7530	4.3602E-3	16.760	12.505	723.511
266000000	6.256	8.509	0.3915	0.1615	0.2265	0.2204	0.3492	0.1889	0.1813	0.2806	0.6480	1.7040	4.6215E-3	15.268	12.384	692.339
267000000	6.287	8.676	0.3932	0.1685	0.2091	0.2291	0.3548	0.1859	0.1767	0.2827	0.6087	1.7827	4.764E-3	14.875	12.231	673.936
268000000	6.080	9.255	0.4060	0.1697	0.2021	0.2222	0.3439	0.1836	0.1915	0.2810	0.6105	1.7791	4.5329E-3	15.197	12.542	695.453
269000000	6.613	9.047	0.4060	0.1713	0.2043	0.2184	0.3552	0.1823	0.1846	0.2778	0.6164	1.7673	4.4677E-3	15.609	12.284	701.226
270000000	5.894	8.314	0.4026	0.1723	0.2098	0.2152	0.3591	0.1903	0.1800	0.2707	0.6309	1.7381	4.3729E-3	16.515	12.162	722.627
271000000	6.002	9.127	0.4141	0.1607	0.2081	0.2172	0.3547	0.1786	0.1767	0.2900	0.6276	1.7448	4.4176E-3	16.276	12.504	722.034
272000000	7.039	9.061	0.3831	0.1742	0.2120	0.2307	0.3446	0.1840	0.1883	0.2832	0.6181	1.7639	4.5931E-3	15.613	12.241	701.288
273000000	6.781	8.756	0.3961	0.1674	0.2282	0.2083	0.3299	0.2008	0.1927	0.2766	0.5957	1.8085	4.4293E-3	16.960	12.227	720.442
274000000	5.839	9.054	0.4079	0.1717	0.1987	0.2217	0.3523	0.1998	0.1798	0.2680	0.6163	1.7673	4.5469E-3	15.101	12.566	704.674
275000000	6.122	8.091	0.3922	0.1798	0.2165	0.2115	0.3579	0.1927	0.1783	0.2711	0.6361	1.7278	4.648E-3	14.101	12.455	689.948
276000000	6.310	8.780	0.4029	0.1656	0.2082	0.2233	0.3621	0.1879	0.1840	0.2660	0.6122	1.7756	4.5994E-3	15.035	12.110	703.345
277000000	6.186	8.621	0.3970	0.1650	0.2167	0.2214	0.3617	0.1844	0.1738	0.2801	0.6172	1.7656	4.3291E-3	16.747	12.408	717.355
278000000	6.409	9.355	0.3959	0.1593	0.2148	0.2300	0.3381	0.1908	0.1856	0.2854	0.6247	1.7506	4.3538E-3	14.981	12.863	708.510
279000000	6.384	9.756	0.4060	0.1594	0.2184	0.2162	0.3521	0.1964	0.1774	0.2741	0.6077	1.7847	4.5054E-3	15.950	12.485	715.609
280000000	6.809	8.863	0.4012	0.1672	0.2109	0.2207	0.3497	0.2018	0.1846	0.2639	0.5984	1.8032	4.4059E-3	16.941	12.383	727.738
281000000	6.169	9.646	0.3944	0.1643	0.2130	0.2282	0.3607	0.1820	0.1852	0.2720	0.6328	1.7345	4.5726E-3	15.512	12.354	701.165
282000000	6.128	8.873	0.4081	0.1637	0.2105	0.2177	0.3694	0.1829	0.1802	0.2676	0.6224	1.7552	4.3794E-3	16.261	12.665	705.533
283000000	5.971	8.237	0.3889	0.1651	0.2242	0.2218	0.3375	0.1928	0.1898	0.2799	0.6149	1.7702	4.2617E-3	17.295	12.647	729.112
284000000	6.861	8.656	0.3819	0.1669	0.2229	0.2284	0.3573	0.1880	0.1774	0.2772	0.6274	1.7451	4.4799E-3	16.551	12.722	719.670
285000000	6.201	8.623	0.3989	0.1672	0.2033	0.2305	0.3600	0.1939	0.1770	0.2692	0.6045	1.7910	4.4E-3	16.622	12.541	720.005
286000000	6.298	8.724	0.3829	0.1745	0.2152	0.2274	0.3451	0.1928	0.1798	0.2823	0.6300	1.7400	4.654E-3	14.305	12.155	673.882
287000000	6.259	8.639	0.4033	0.1590	0.2131	0.2247	0.3532	0.1866	0.1929	0.2674	0.6309	1.7383	4.3413E-3	16.757	12.327	708.958
288000000	6.386	10.171	0.3966	0.1766	0.2142	0.2126	0.3496	0.1875	0.1796	0.2833	0.6138	1.7724	4.3993E-3	15.756	12.594	713.324
289000000	6.615	8.760	0.3932	0.1695	0.2057	0.2315	0.3664	0.1806	0.1775	0.2754	0.6167	1.7666	4.6289E-3	14.754	12.196	690.168
290000000	5.631	9.647	0.4043	0.1616	0.2201	0.2140	0.3582	0.1898	0.1896	0.2623	0.6156	1.7689	4.5375E-3	16.124	12.480	707.091
291000000	5.594	9.233	0.3970	0.1685	0.2172	0.2174	0.3721	0.1806	0.1809	0.2664	0.6175	1.7649	4.424E-3	15.966	12.549	718.120
292000000	6.341	8.587	0.3871	0.1655	0.2127	0.2348	0.3484	0.1932	0.1841	0.2744	0.6215	1.7571	4.4314E-3	15.794	12.773	726.416
293000000	6.389	8.162	0.3741	0.1841	0.2069	0.2349	0.3494	0.1883	0.1870	0.2753	0.6142	1.7716	4.5196E-3	14.922	12.560	692.528
294000000	6.988	9.434	0.3929	0.1644	0.2238	0.2188	0.3535	0.1971	0.1802	0.2691	0.6325	1.7351	4.4712E-3	15.588	12.436	699.686
295000000	6.356	9.379	0.3944	0.1737	0.2114	0.2205	0.3451	0.1909	0.1853	0.2787	0.6163	1.7675	4.4921E-3	16.080	12.282	715.779
296000000	5.964	8.836	0.4130	0.1621	0.2059	0.2190	0.3513	0.1860	0.1723	0.2904	0.6099	1.7801	4.3782E-3	16.430	12.443	724.817
297000000	6.358	9.530	0.4071	0.1709	0.2032	0.2187	0.3585	0.1849	0.1923	0.2642	0.6337	1.7325	4.5456E-3	15.425	12.475	693.587
298000000	6.056	8.999	0.4134	0.1657	0.2176	0.2033	0.3531	0.2021	0.1691	0.2758	0.6090	1.7820	4.4559E-3	16.694	13.102	715.858
299000000	6.665	8.429	0.4030	0.1651	0.2111	0.2208	0.3541	0.1896	0.1794	0.2769	0.6156	1.7688	4.489E-3	16.400	12.700	714.089
300000000	6.554	8.263	0.3833	0.1770	0.2154	0.2243	0.3509	0.1831	0.1843	0.2816	0.6343	1.7315	4.3531E-3	15.758	12.276	712.707
301000000	6.412	8.460	0.4027	0.1695	0.2090	0.2188	0.3319	0.2000	0.1791	0.2889	0.6113	1.7775	4.5386E-3	16.726	12.520	723.518
302000000	6.270	8.266	0.3759	0.1693	0.2232	0.2317	0.3596	0.1843	0.1747	0.2814	0.6057	1.7887	4.4819E-3	15.824	12.258	715.254
303000000	6.052	9.716	0.4106	0.1703	0.2036	0.2155	0.3630	0.1892	0.1695	0.2783	0.6063	1.7874	4.4312E-3	15.979	12.345	709.121
304000000	6.432	8.816	0.3955	0.1679	0.2097	0.2270	0.3651	0.1898	0.1779	0.2672	0.6326	1.7349	4.3858E-3	15.272	12.625	699.791
305000000	6.577	8.921	0.4009	0.1566	0.2154	0.2270	0.3551	0.1991	0.1714	0.2744	0.6168	1.7664	4.3738E-3	16.624	12.555	716.430
306000000	6.077	8.783	0.4030	0.1662	0.2208	0.2100	0.3701	0.1826	0.1859	0.2614	0.6178	1.7643	4.3451E-3	16.537	12.600	731.894
307000000	6.536	8.555	0.4058	0.1556	0.2244	0.2143	0.3569	0.1821	0.1864	0.2746	0.6357	1.7286	4.4162E-3	16.218	12.398	734.601
308000000	6.342	9.364	0.3993	0.1627	0.2248	0.2133	0.3627	0.1889	0.1719	0.2765	0.6326	1.7347	4.2838E-3	17.063	12.682	732.317
309000000	6.014	9.463	0.3957	0.1736	0.2144	0.2163	0.3633	0.2042	0.1722	0.2603	0.6364	1.7273	4.6021E-3	15.677	12.290	701.808
310000000	6.657	8.730	0.3998	0.1766	0.2135	0.2101	0.3517	0.1865	0.1895	0.2724	0.6264	1.7471	4.4894E-3	15.497	12.451	711.516
311000000	6.235	9.326	0.3850	0.1638	0.2136	0.2376	0.3600	0.1756	0.1768	0.2876	0.6265	1.7471	4.5249E-3	15.623	12.547	704.955
312000000	5.607	8.966	0.3989	0.1630	0.2190	0.2191	0.3460	0.1950	0.1829	0.2761	0.6291	1.7419	4.3557E-3	15.825	12.492	712.944
313000000	5.933	9.567	0.3820	0.1651	0.2120	0.2409	0.3541	0.1914	0.1775	0.2770	0.6179	1.7642	4.5078E-3	16.468	12.323	711.919
314000000	6.717	8.702	0.3941	0.1642	0.2070	0.2348	0.3569	0.1864	0.1796	0.2771	0.6202	1.7597	4.4657E-3	15.235	12.635	711.529
315000000	7.339	8.952	0.4003	0.1761	0.1984	0.2252	0.3417	0.1901	0.1785	0.2897	0.6108	1.7784	4.5347E-3	16.627	12.497	720.561
316000000	5.793	9.594	0.4040	0.1660	0.2106	0.2193	0.3606	0.1932	0.1749	0.2714	0.6067	1.7866	4.4515E-3	15.676	12.179	706.150
317000000	6.477	9.416	0.4023	0.1591	0.2203	0.2182	0.3500	0.1870	0.1783	0.2846	0.6328	1.7344	4.3949E-3	15.574	12.481	713.630
318000000	6.027	8.925	0.3876	0.1716	0.2141	0.2266	0.3490	0.1859	0.1863	0.2787	0.6115	1.7770	4.2587E-3	16.403	12.457	731.702
319000000	5.752	8.215	0.3989	0.1718	0.2163	0.2130	0.3616	0.1865	0.1814	0.2706	0.6119	1.7762	4.4103E-3	16.030	12.259	712.689
320000000	6.209	8.022	0.3801	0.1635	0.2216	0.2348	0.3552	0.2037	0.1657	0.2754	0.6436	1.7127	4.2988E-3	17.362	12.252	728.704
321000000	6.628	9.147	0.3954	0.1696	0.1957	0.2392	0.3444	0.1920	0.1670	0.2966	0.6201	1.7598	4.4943E-3	15.590	12.195	707.204
322000000	6.854	8.532	0.4044	0.1620	0.2142	0.2194	0.3634	0.1852	0.1699	0.2815	0.6340	1.7320	4.2204E-3	16.453	12.608	716.733
323000000	7.174	9.267	0.3983	0.1673	0.2194	0.2151	0.3614	0.1854	0.1686	0.2847	0.6214	1.7572	4.2285E-3	17.053	12.568	736.422
324000000	6.011	8.694	0.3920	0.1746	0.2153	0.2181	0.3505	0.1887	0.1908	0.2700	0.6178	1.7645	4.3345E-3	17.019	12.353	728.776
325000000	5.834	8.568	0.3886	0.1706	0.2171	0.2238	0.3492	0.1848	0.1871	0.2790	0.6299	1.7402	4.4388E-3	16.190	12.446	710.581
326000000	6.785	9.181	0.3804	0.1822	0.2154	0.2221	0.3489	0.1910	0.1791	0.2810	0.6057	1.7887	4.3847E-3	16.276	12.125	719.026
327000000	5.947	8.405	0.3879	0.1713	0.2126	0.2283	0.3591	0.1954	0.1831	0.2624	0.6426	1.7147	4.4274E-3	16.396	12.281	720.187
328000000	6.144	8.991	0.3992	0.1636	0.2230	0.2142	0.3641	0.1943	0.1875	0.2540	0.6163	1.7675	4.2108E-3	16.687	13.230	729.445
329000000	6.551	8.945	0.3889	0.1711	0.1998	0.2402	0.3516	0.1888	0.1729	0.2867	0.6384	1.7231	4.3615E-3	16.155	12.324	727.989
330000000	6.875	9.561	0.3852	0.1680	0.2157	0.2310	0.3494	0.1951	0.1853	0.2702	0.6298	1.7405	4.5554E-3	15.242	12.064	690.865
331000000	6.597	9.198	0.3882	0.1618	0.2130	0.2369	0.3593	0.1868	0.1880	0.2659	0.6293	1.7414	4.5254E-3	15.445	12.504	706.646
332000000	5.682	9.517	0.3967	0.1697	0.2161	0.2175	0.3458	0.1960	0.1757	0.2825	0.6176	1.7649	4.4832E-3	15.903	12.779	707.185
333000000	5.852	9.225	0.3882	0.1694	0.2140	0.2284	0.3546	0.1976	0.1768	0.2711	0.6208	1.7585	4.3976E-3	16.280	12.157	730.862
334000000	6.298	9.305	0.4048	0.1580	0.2159	0.2213	0.3487	0.1996	0.1722	0.2795	0.6111	1.7778	4.2752E-3	16.745	13.220	736.623
335000000	6.275	9.080	0.3936	0.1747	0.2041	0.2276	0.3504	0.1811	0.1813	0.2872	0.6332	1.7337	4.4123E-3	15.957	12.189	718.050
336000000	6.355	8.582	0.4028	0.1564	0.2088	0.2319	0.3604	0.1769	0.1816	0.2811	0.6145	1.7710	4.5782E-3	16.195	11.955	709.946
337000000	6.334	9.072	0.4045	0.1596	0.2066	0.2294	0.3591	0.1927	0.1769	0.2713	0.6200	1.7600	4.346E-3	16.676	12.445	718.590
338000000	6.416	9.405	0.3849	0.1769	0.2014	0.2367	0.3537	0.1862	0.1857	0.2745	0.6064	1.7872	4.5431E-3	15.378	12.109	696.630
339000000	6.695	9.520	0.3776	0.1865	0.2127	0.2233	0.3436	0.1942	0.1708	0.2915	0.6095	1.7810	4.4284E-3	15.804	12.369	702.651
340000000	6.156	8.024	0.4097	0.1653	0.2113	0.2137	0.3528	0.1874	0.1845	0.2754	0.6126	1.7748	4.4819E-3	16.015	12.246	706.208
341000000	6.540	8.881	0.3852	0.1694	0.2162	0.2292	0.3457	0.1965	0.1759	0.2818	0.6220	1.7560	4.6244E-3	15.345	12.245	687.264
342000000	6.867	8.761	0.3917	0.1726	0.2096	0.2261	0.3542	0.1900	0.1832	0.2725	0.6372	1.7256	4.4099E-3	15.156	12.556	714.677
343000000	5.902	9.123	0.3866	0.1753	0.2084	0.2298	0.3481	0.1888	0.1900	0.2731	0.6006	1.7988	4.6482E-3	15.189	12.735	701.466
344000000	6.446	8.622	0.4006	0.1657	0.2105	0.2233	0.3550	0.1803	0.1831	0.2816	0.6066	1.7868	4.4661E-3	16.131	12.651	710.974
345000000	6.401	9.497	0.4042	0.1562	0.2097	0.2299	0.3576	0.1923	0.1795	0.2706	0.6228	1.7543	4.5237E-3	15.324	12.227	704.333
346000000	6.308	9.123	0.4103	0.1737	0.2020	0.2141	0.3542	0.1878	0.1831	0.2749	0.6110	1.7780	4.5019E-3	15.187	12.293	703.953
347000000	6.161	8.970	0.3861	0.1692	0.2157	0.2291	0.3666	0.1855	0.1656	0.2823	0.6311	1.7377	4.3451E-3	16.015	12.921	718.989
348000000	5.959	8.656	0.3842	0.1752	0.2177	0.2230	0.3638	0.1967	0.1760	0.2635	0.6092	1.7816	4.5441E-3	15.734	12.450	711.450
349000000	6.015	8.063	0.3957	0.1795	0.2098	0.2150	0.3444	0.1939	0.1790	0.2826	0.5980	1.8040	4.4028E-3	15.383	12.642	712.918
350000000	6.134	9.079	0.3962	0.1724	0.2142	0.2171	0.3529	0.2007	0.1752	0.2712	0.6123	1.7754	4.3243E-3	16.618	12.622	726.990
351000000	6.322	8.240	0.4084	0.1600	0.2145	0.2171	0.3454	0.1965	0.1833	0.2748	0.6155	1.7691	4.4891E-3	16.881	12.439	711.477
352000000	6.672	8.520	0.3921	0.1589	0.2129	0.2361	0.3546	0.1933	0.1819	0.2702	0.6082	1.7836	4.3568E-3	16.562	12.937	724.980
353000000	5.790	9.617	0.3964	0.1591	0.2267	0.2177	0.3528	0.1815	0.1788	0.2869	0.6160	1.7681	4.3339E-3	16.085	12.761	719.187
354000000	6.083	9.946	0.3978	0.1570	0.2274	0.2179	0.3497	0.1986	0.1726	0.2791	0.6293	1.7415	4.4882E-3	15.876	12.354	723.004
355000000	6.302	8.809	0.3970	0.1623	0.2184	0.2223	0.3591	0.1894	0.1777	0.2738	0.6288	1.7424	4.371E-3	16.459	12.332	718.810
356000000	6.175	9.274	0.3958	0.1749	0.2118	0.2174	0.3606	0.1837	0.1817	0.2739	0.6146	1.7708	4.3727E-3	16.297	12.373	715.212
357000000	6.985	8.953	0.3842	0.1760	0.2091	0.2307	0.3552	0.1816	0.1737	0.2895	0.6210	1.7580	4.5161E-3	15.573	12.481	704.610
358000000	6.255	8.793	0.4078	0.1692	0.1995	0.2235	0.3481	0.1896	0.1839	0.2783	0.6330	1.7339	4.4388E-3	16.256	12.462	702.041
359000000	6.649	9.225	0.3923	0.1677	0.2138	0.2262	0.3442	0.1983	0.1768	0.2807	0.6316	1.7368	4.5045E-3	16.333	12.489	712.294
360000000	5.773	9.030	0.4161	0.1570	0.2145	0.2125	0.3397	0.2055	0.1785	0.2763	0.6128	1.7744	4.3534E-3	15.887	12.323	718.357
361000000	6.554	8.592	0.3943	0.1673	0.2156	0.2227	0.3621	0.1900	0.1860	0.2619	0.6246	1.7507	4.2971E-3	17.507	12.590	735.132
362000000	6.579	8.496	0.3821	0.1621	0.2158	0.2399	0.3668	0.1893	0.1718	0.2720	0.6261	1.7477	4.4857E-3	15.941	12.321	713.292
363000000	6.090	8.828	0.3955	0.1686	0.2195	0.2165	0.3535	0.1848	0.1838	0.2779	0.6437	1.7125	4.6251E-3	15.778	12.347	692.004
364000000	6.074	8.952	0.3785	0.1811	0.2157	0.2248	0.3596	0.1838	0.1770	0.2795	0.6070	1.7860	4.4852E-3	16.251	12.875	706.303
365000000	6.139	8.981	0.3790	0.1647	0.2239	0.2324	0.3558	0.1904	0.1818	0.2720	0.6121	1.7759	4.5877E-3	16.312	12.612	708.676
366000000	6.487	8.451	0.3896	0.1761	0.2118	0.2225	0.3507	0.1888	0.1906	0.2699	0.6187	1.7627	4.5514E-3	15.406	12.422	705.208
367000000	6.120	9.150	0.3909	0.1704	0.2130	0.2256	0.3402	0.1923	0.1733	0.2941	0.6087	1.7825	4.6319E-3	15.113	12.688	686.795
368000000	6.436	8.665	0.4007	0.1606	0.2254	0.2134	0.3348	0.2003	0.1838	0.2811	0.6400	1.7200	4.5054E-3	16.012	12.444	710.547
369000000	6.540	8.695	0.3878	0.1804	0.2248	0.2070	0.3608	0.1865	0.1831	0.2697	0.6362	1.7275	4.4651E-3	15.839	12.428	714.529
370000000	6.216	9.073	0.3944	0.1593	0.2108	0.2354	0.3472	0.1938	0.1772	0.2818	0.6220	1.7560	4.4207E-3	16.002	12.350	712.605
371000000	6.195	8.235	0.3959	0.1646	0.2194	0.2200	0.3703	0.1835	0.1786	0.2676	0.6323	1.7355	4.568E-3	15.531	12.825	708.166
372000000	6.758	8.663	0.3914	0.1716	0.2165	0.2205	0.3608	0.1839	0.1736	0.2816	0.6241	1.7518	4.2241E-3	16.113	12.188	723.749
373000000	6.461	9.393	0.3837	0.1705	0.2069	0.2390	0.3534	0.1933	0.1819	0.2714	0.6283	1.7433	4.4144E-3	16.066	12.263	711.740
374000000	6.365	8.412	0.3932	0.1769	0.2145	0.2155	0.3511	0.1893	0.1739	0.2857	0.6173	1.7653	4.3482E-3	16.119	12.511	710.142
375000000	6.064	9.679	0.4102	0.1623	0.2173	0.2102	0.3533	0.1810	0.1810	0.2847	0.6317	1.7366	4.5552E-3	15.362	12.018	686.244
376000000	6.034	8.321	0.3899	0.1700	0.2155	0.2247	0.3598	0.1795	0.1737	0.2870	0.6308	1.7383	4.3233E-3	16.052	12.444	720.071
377000000	6.151	9.151	0.3909	0.1609	0.2149	0.2333	0.3618	0.1859	0.1730	0.2794	0.6194	1.7612	4.4631E-3	16.216	12.547	715.912
378000000	6.760	8.555	0.4017	0.1772	0.2138	0.2073	0.3522	0.1913	0.1787	0.2779	0.6094	1.7812	4.3961E-3	17.340	12.720	724.428
379000000	6.663	9.339	0.3782	0.1728	0.2164	0.2325	0.3411	0.1895	0.1882	0.2812	0.6251	1.7497	4.408E-3	16.407	12.931	725.729
380000000	5.805	8.942	0.3872	0.1773	0.2113	0.2242	0.3661	0.1754	0.1738	0.2847	0.6186	1.7627	4.4873E-3	15.466	12.366	700.832
381000000	6.298	9.151	0.3985	0.1649	0.2221	0.2145	0.3467	0.1894	0.1873	0.2766	0.6287	1.7427	4.652E-3	14.777	12.004	690.105
382000000	6.359	9.041	0.4090	0.1565	0.2147	0.2198	0.3578	0.1833	0.1839	0.2750	0.6153	1.7693	4.369E-3	15.624	12.138	702.589
383000000	6.867	8.872	0.3968	0.1587	0.2303	0.2141	0.3552	0.1981	0.1690	0.2778	0.6265	1.7470	4.6046E-3	15.613	12.436	711.985
384000000	6.623	9.100	0.3999	0.1651	0.2096	0.2255	0.3506	0.1938	0.1920	0.2635	0.6288	1.7423	4.505E-3	15.850	12.229	703.198
385000000	6.549	8.925	0.3929	0.1699	0.2125	0.2247	0.3518	0.2020	0.1701	0.2760	0.6243	1.7514	4.4946E-3	15.892	12.095	710.484
386000000	5.621	8.975	0.3877	0.1748	0.2265	0.2110	0.3371	0.2043	0.1853	0.2733	0.6269	1.7462	4.6567E-3	14.991	12.464	684.923
387000000	6.889	9.445	0.3717	0.1788	0.2215	0.2279	0.3467	0.1866	0.1796	0.2871	0.6260	1.7480	4.5681E-3	15.527	11.897	694.958
388000000	5.554	8.844	0.4060	0.1575	0.2083	0.2281	0.3508	0.1932	0.1791	0.2770	0.6031	1.7939	4.615E-3	14.897	12.174	688.291
389000000	6.165	8.812	0.3969	0.1559	0.2206	0.2266	0.3581	0.1837	0.1632	0.2951	0.6111	1.7779	4.5051E-3	15.949	12.614	697.876
390000000	6.014	9.270	0.4008	0.1679	0.2222	0.2091	0.3495	0.1960	0.1794	0.2752	0.6387	1.7227	4.5041E-3	16.220	13.115	717.041
391000000	6.812	8.566	0.4113	0.1674	0.2122	0.2090	0.3506	0.1940	0.1806	0.2748	0.6197	1.7605	4.5113E-3	15.108	12.100	694.237
392000000	6.542	9.006	0.4028	0.1677	0.2063	0.2232	0.3569	0.1929	0.1760	0.2743	0.5980	1.8040	4.4941E-3	15.358	12.417	704.259
393000000	6.412	9.955	0.3887	0.1733	0.2101	0.2280	0.3593	0.1827	0.1770	0.2810	0.6252	1.7496	4.3093E-3	16.190	12.015	723.719
394000000	5.935	9.031	0.4131	0.1763	0.1976	0.2130	0.3682	0.1912	0.1720	0.2686	0.6396	1.7208	4.2862E-3	17.079	12.883	743.248
395000000	5.829	9.191	0.4014	0.1677	0.2176	0.2133	0.3599	0.1831	0.1792	0.2779	0.5954	1.8093	4.0651E-3	17.483	12.896	752.450
396000000	7.000	8.731	0.4030	0.1642	0.2190	0.2138	0.3537	0.1878	0.1800	0.2785	0.6234	1.7532	4.2116E-3	17.451	12.453	736.086
397000000	6.431	8.617	0.3891	0.1630	0.2171	0.2308	0.3417	0.1929	0.1854	0.2800	0.6075	1.7850	4.31E-3	16.821	12.682	723.147
398000000	6.550	8.794	0.3989	0.1626	0.2123	0.2262	0.3589	0.1904	0.1619	0.2888	0.6237	1.7526	4.2204E-3	16.793	12.441	723.016
399000000	6.452	8.647	0.3996	0.1713	0.2053	0.2239	0.3502	0.1916	0.1723	0.2859	0.6217	1.7566	4.2405E-3	16.557	12.489	733.622
400000000	6.319	8.911	0.3936	0.1507	0.2215	0.2341	0.3460	0.2000	0.1681	0.2859	0.6134	1.7732	4.4073E-3	15.922	13.245	716.257
401000000	6.244	9.136	0.3859	0.1611	0.2128	0.2402	0.3578	0.1914	0.1721	0.2786	0.6118	1.7763	4.4999E-3	15.267	12.036	694.697
402000000	5.813	9.088	0.4022	0.1622	0.2205	0.2151	0.3528	0.1973	0.1777	0.2721	0.6192	1.7615	4.5465E-3	16.017	12.593	700.809
403000000	6.151	8.929	0.3862	0.1730	0.2147	0.2260	0.3513	0.2023	0.1769	0.2695	0.6320	1.7361	4.4907E-3	15.446	12.665	707.675
404000000	6.228	8.564	0.3995	0.1725	0.2101	0.2178	0.3581	0.1855	0.1678	0.2886	0.6083	1.7834	4.2496E-3	16.553	12.492	728.377
405000000	6.274	8.395	0.3806	0.1774	0.2192	0.2227	0.3557	0.1965	0.1761	0.2718	0.6273	1.7454	4.3557E-3	16.145	12.379	724.834
406000000	6.253	9.719	0.3814	0.1752	0.2236	0.2198	0.3401	0.1915	0.1779	0.2904	0.6177	1.7647	4.4538E-3	16.962	12.479	725.732
407000000	6.061	9.585	0.3849	0.1764	0.2119	0.2268	0.3611	0.1835	0.1862	0.2693	0.6122	1.7757	4.3835E-3	16.645	12.492	719.363
408000000	6.335	9.581	0.4004	0.1620	0.2132	0.2244	0.3577	0.1842	0.1861	0.2720	0.6050	1.7899	4.4833E-3	16.616	12.345	715.615
409000000	6.267	9.142	0.3917	0.1663	0.2091	0.2329	0.3712	0.1936	0.1793	0.2559	0.6374	1.7251	4.2973E-3	16.736	12.847	724.791
410000000	6.369	9.028	0.3839	0.1691	0.2171	0.2300	0.3568	0.1925	0.1684	0.2823	0.6165	1.7670	4.4343E-3	16.201	12.453	710.855
411000000	6.460	9.391	0.3710	0.1772	0.2250	0.2268	0.3548	0.1877	0.1724	0.2850	0.6341	1.7318	4.3215E-3	16.974	12.517	733.763
412000000	6.450	9.068	0.3911	0.1767	0.2205	0.2117	0.3535	0.1955	0.1754	0.2756	0.6190	1.7620	4.4742E-3	16.236	12.304	712.940
413000000	6.336	9.327	0.4079	0.1775	0.2103	0.2042	0.3597	0.1934	0.1750	0.2719	0.6197	1.7606	4.5917E-3	15.902	12.287	694.949
414000000	6.036	9.089	0.3868	0.1752	0.2122	0.2258	0.3397	0.1949	0.1666	0.2988	0.6245	1.7511	4.4364E-3	16.156	12.592	718.418
415000000	6.254	9.213	0.3855	0.1701	0.2271	0.2172	0.3501	0.1949	0.1809	0.2741	0.6294	1.7412	4.4043E-3	16.718	12.899	732.859
416000000	5.957	8.943	0.3851	0.1624	0.2133	0.2391	0.3618	0.1793	0.1735	0.2854	0.6240	1.7519	4.5379E-3	15.810	12.275	697.937
417000000	6.330	8.899	0.4087	0.1642	0.2148	0.2122	0.3641	0.1802	0.1859	0.2698	0.5988	1.8023	4.3015E-3	16.567	12.277	721.806
418000000	6.345	8.482	0.4039	0.1655	0.2259	0.2046	0.3503	0.1956	0.1810	0.2731	0.6262	1.7476	4.3565E-3	16.029	12.454	724.727
419000000	6.213	8.197	0.3993	0.1748	0.2060	0.2199	0.3571	0.1835	0.1956	0.2638	0.6276	1.7448	4.3656E-3	17.238	12.533	725.094
420000000	6.170	8.469	0.3896	0.1633	0.2189	0.2282	0.3645	0.1795	0.1845	0.2715	0.6258	1.7483	4.4176E-3	15.758	12.191	708.266
421000000	6.195	9.037	0.4015	0.1710	0.2039	0.2235	0.3540	0.1921	0.1770	0.2770	0.6133	1.7733	4.4051E-3	15.679	13.016	720.932
422000000	6.259	9.958	0.3934	0.1728	0.2172	0.2167	0.3596	0.1895	0.1726	0.2782	0.6297	1.7406	4.5699E-3	15.987	12.396	713.437
423000000	6.137	8.574	0.3930	0.1681	0.2211	0.2177	0.3549	0.1843	0.1785	0.2822	0.6191	1.7618	4.4332E-3	16.152	12.241	713.244
424000000	6.687	9.375	0.3890	0.1678	0.2061	0.2371	0.3672	0.1914	0.1801	0.2613	0.6135	1.7730	4.4121E-3	16.613	12.498	729.467
425000000	6.906	9.281	0.4175	0.1664	0.1928	0.2233	0.3502	0.1895	0.1864	0.2739	0.6106	1.7788	4.3746E-3	15.471	12.273	710.608
426000000	6.530	9.375	0.3946	0.1573	0.2108	0.2373	0.3565	0.1901	0.1810	0.2724	0.6199	1.7603	4.529E-3	15.884	12.337	704.544
427000000	5.904	8.800	0.4096	0.1672	0.2091	0.2142	0.3586	0.1883	0.1774	0.2757	0.6296	1.7409	4.3643E-3	16.333	11.937	723.208
428000000	6.287	8.484	0.4133	0.1558	0.2075	0.2234	0.3590	0.1859	0.1815	0.2736	0.6096	1.7808	4.6028E-3	15.870	12.427	699.216
429000000	6.543	8.600	0.3948	0.1664	0.2086	0.2301	0.3428	0.1944	0.1779	0.2849	0.6064	1.7873	4.3887E-3	16.416	12.926	723.865
430000000	6.327	8.782	0.3828	0.1806	0.2090	0.2276	0.3595	0.1864	0.1739	0.2802	0.6475	1.7050	4.2678E-3	16.551	12.381	728.454
431000000	6.254	9.760	0.3847	0.1650	0.2280	0.2224	0.3492	0.1839	0.1902	0.2766	0.6291	1.7418	4.471E-3	15.549	12.409	713.544
432000000	6.431	8.954	0.3926	0.1647	0.2251	0.2176	0.3400	0.1943	0.1913	0.2745	0.6214	1.7573	4.2874E-3	16.540	12.250	727.245
433000000	6.247	8.828	0.3857	0.1692	0.2090	0.2361	0.3572	0.1834	0.1885	0.2709	0.6254	1.7491	4.3763E-3	15.970	12.842	714.212
434000000	6.802	8.321	0.3914	0.1784	0.2107	0.2194	0.3441	0.1894	0.1858	0.2808	0.6184	1.7632	4.4892E-3	16.126	12.636	714.863
435000000	6.448	8.477	0.3815	0.1690	0.2221	0.2274	0.3611	0.1831	0.1822	0.2735	0.6314	1.7372	4.4522E-3	16.223	12.204	704.076
436000000	6.584	8.655	0.3957	0.1644	0.2213	0.2186	0.3513	0.1916	0.1846	0.2725	0.6269	1.7462	4.5184E-3	16.296	12.479	722.197
437000000	6.197	8.826	0.4014	0.1682	0.2130	0.2174	0.3497	0.1916	0.1868	0.2718	0.6200	1.7600	4.2936E-3	16.179	12.036	718.025
438000000	5.685	9.194	0.4061	0.1609	0.2083	0.2247	0.3509	0.1775	0.1812	0.2904	0.6147	1.7707	4.3397E-3	15.320	12.352	701.835
439000000	6.307	9.269	0.3938	0.1696	0.2029	0.2337	0.3623	0.1952	0.1790	0.2635	0.6308	1.7384	4.522E-3	15.427	12.659	698.959
440000000	6.485	8.412	0.3879	0.1725	0.2157	0.2238	0.3446	0.1993	0.1753	0.2809	0.6216	1.7568	4.422E-3	16.795	12.903	730.911
441000000	6.010	8.027	0.3921	0.1574	0.2230	0.2274	0.3661	0.1793	0.1763	0.2783	0.6424	1.7151	4.4178E-3	16.178	12.205	717.026
442000000	7.431	9.886	0.4004	0.1637	0.2232	0.2127	0.3560	0.1785	0.1799	0.2856	0.6146	1.7708	4.4458E-3	16.384	12.618	723.229
443000000	7.041	9.084	0.4048	0.1685	0.2035	0.2232	0.3626	0.1901	0.1742	0.2731	0.6203	1.7594	4.4133E-3	16.281	12.287	713.667
444000000	6.449	8.633	0.4001	0.1694	0.2247	0.2058	0.3455	0.1848	0.1945	0.2752	0.6334	1.7332	4.6031E-3	15.516	12.640	692.174
445000000	6.284	8.609	0.3820	0.1693	0.2169	0.2317	0.3373	0.1946	0.1890	0.2791	0.5989	1.8023	4.477E-3	17.276	12.767	723.576
446000000	6.214	8.401	0.3817	0.1755	0.2182	0.2246	0.3423	0.1976	0.1788	0.2813	0.6333	1.7335	4.5013E-3	15.004	11.950	696.777
447000000	6.291	8.582	0.4065	0.1545	0.2041	0.2349	0.3441	0.1867	0.1710	0.2982	0.6001	1.7998	4.4592E-3	15.474	12.562	701.307
448000000	6.318	9.465	0.3982	0.1700	0.2145	0.2173	0.3548	0.1928	0.1800	0.2724	0.6265	1.7470	4.4375E-3	16.725	12.559	713.762
449000000	6.195	9.148	0.4021	0.1568	0.2286	0.2125	0.3590	0.1914	0.1717	0.2779	0.6313	1.7373	4.3435E-3	16.282	12.252	718.497
450000000	6.802	8.952	0.4014	0.1892	0.2066	0.2028	0.3671	0.1879	0.1755	0.2695	0.6261	1.7479	4.5056E-3	15.349	12.059	704.949
451000000	6.307	9.610	0.4048	0.1675	0.2140	0.2137	0.3688	0.1747	0.1832	0.2732	0.6195	1.7611	4.2806E-3	17.282	12.969	732.758
452000000	6.377	8.687	0.3869	0.1745	0.2120	0.2265	0.3504	0.1883	0.1748	0.2865	0.6279	1.7442	4.3363E-3	16.168	12.308	726.143
453000000	6.293	9.354	0.4050	0.1654	0.2161	0.2135	0.3403	0.1947	0.1728	0.2922	0.6389	1.7222	4.4489E-3	15.687	12.363	714.399
454000000	6.287	9.199	0.3922	0.1623	0.2174	0.2282	0.3472	0.1937	0.1791	0.2801	0.6196	1.7607	4.4695E-3	16.132	12.379	715.282
455000000	6.451	10.071	0.4036	0.1746	0.2106	0.2112	0.3562	0.1993	0.1765	0.2680	0.6098	1.7805	4.6143E-3	15.252	11.970	694.079
456000000	5.702	9.224	0.4053	0.1618	0.2229	0.2100	0.3581	0.1921	0.1769	0.2729	0.6429	1.7142	4.4733E-3	15.441	12.530	706.209
457000000	6.112	8.850	0.3948	0.1640	0.2075	0.2337	0.3622	0.1802	0.1882	0.2694	0.6032	1.7935	4.4168E-3	15.832	12.570	722.435
458000000	6.051	9.519	0.3940	0.1692	0.2055	0.2313	0.3582	0.1841	0.1815	0.2763	0.6184	1.7632	4.3765E-3	16.349	12.151	708.312
459000000	6.113	8.790	0.4090	0.1669	0.2145	0.2096	0.3408	0.1890	0.1840	0.2862	0.6114	1.7771	4.6365E-3	15.339	12.499	697.836
460000000	6.656	8.939	0.4018	0.1656	0.1996	0.2330	0.3516	0.2015	0.1804	0.2665	0.6146	1.7708	4.5125E-3	15.550	12.421	711.121
461000000	6.394	9.275	0.3872	0.1782	0.2115	0.2230	0.3424	0.2091	0.1713	0.2771	0.6261	1.7479	4.4641E-3	15.293	12.233	698.012
462000000	5.915	9.081	0.4011	0.1627	0.2158	0.2204	0.3730	0.1729	0.1741	0.2800	0.6437	1.7126	4.4076E-3	16.194	13.204	722.664
463000000	5.986	9.291	0.3983	0.1740	0.2180	0.2097	0.3503	0.1842	0.1880	0.2775	0.6051	1.7898	4.59E-3	16.319	12.183	710.539
464000000	6.450	8.703	0.3909	0.1688	0.2233	0.2171	0.3628	0.1832	0.1748	0.2793	0.6228	1.7544	4.5456E-3	16.076	13.058	721.006
465000000	6.981	9.057	0.3894	0.1762	0.2128	0.2216	0.3535	0.1853	0.1751	0.2861	0.6184	1.7632	4.4488E-3	15.904	12.000	707.210
466000000	6.478	9.029	0.3922	0.1708	0.2156	0.2215	0.3586	0.1831	0.1731	0.2852	0.6065	1.7870	4.2832E-3	16.587	12.948	720.547
467000000	6.917	8.808	0.4162	0.1814	0.2082	0.1942	0.3385	0.1919	0.1850	0.2845	0.6051	1.7898	4.2856E-3	16.590	12.346	721.627
468000000	6.045	10.401	0.4016	0.1717	0.2077	0.2190	0.3648	0.1942	0.1663	0.2748	0.6323	1.7355	4.493E-3	15.557	11.999	706.856
469000000	6.496	9.011	0.3799	0.1757	0.2081	0.2363	0.3706	0.1966	0.1686	0.2642	0.6103	1.7794	4.5451E-3	16.383	12.293	701.144
470000000	6.548	9.415	0.3921	0.1680	0.2214	0.2185	0.3459	0.1981	0.1842	0.2717	0.6258	1.7483	4.5399E-3	16.146	12.128	712.547
471000000	6.024	8.780	0.3928	0.1663	0.2282	0.2127	0.3585	0.1903	0.1846	0.2667	0.6184	1.7633	4.4722E-3	16.217	12.301	707.185
472000000	6.244	9.015	0.3950	0.1631	0.2168	0.2251	0.3453	0.1963	0.1860	0.2724	0.6166	1.7668	4.5097E-3	16.543	12.256	710.757
473000000	6.337	8.789	0.4005	0.1565	0.2239	0.2191	0.3702	0.1837	0.1752	0.2710	0.6107	1.7785	4.3575E-3	17.087	12.234	723.843
474000000	6.572	9.787	0.4170	0.1667	0.1988	0.2175	0.3615	0.1814	0.1813	0.2758	0.6106	1.7788	4.4413E-3	16.516	12.470	711.636
475000000	6.276	8.741	0.3875	0.1605	0.2127	0.2392	0.3708	0.1935	0.1743	0.2613	0.6345	1.7309	4.3396E-3	16.896	12.451	728.765
476000000	6.134	9.087	0.3966	0.1785	0.2024	0.2224	0.3299	0.1932	0.1884	0.2886	0.6164	1.7672	4.2373E-3	17.202	12.695	735.453
477000000	6.191	9.422	0.3978	0.1695	0.2136	0.2191	0.3647	0.1897	0.1794	0.2662	0.6121	1.7758	4.3947E-3	16.030	12.246	709.342
478000000	6.434	8.296	0.3923	0.1714	0.2185	0.2179	0.3576	0.1972	0.1719	0.2733	0.6393	1.7213	4.4525E-3	16.021	12.196	710.745
479000000	6.593	9.207	0.4033	0.1701	0.2053	0.2212	0.3503	0.1960	0.1849	0.2687	0.6286	1.7427	4.5945E-3	15.433	12.319	688.226
480000000	7.062	9.310	0.4023	0.1673	0.2088	0.2216	0.3601	0.1949	0.1739	0.2711	0.6187	1.7626	4.5802E-3	16.243	12.424	708.114
481000000	6.147	9.206	0.3919	0.1740	0.2152	0.2190	0.3685	0.1822	0.1817	0.2675	0.6147	1.7705	4.2226E-3	16.945	12.919	731.032
482000000	6.403	8.576	0.3926	0.1885	0.2006	0.2184	0.3415	0.1931	0.1808	0.2846	0.6143	1.7713	4.3228E-3	16.648	12.163	727.223
483000000	5.651	8.403	0.3969	0.1632	0.2172	0.2227	0.3549	0.1897	0.1767	0.2787	0.6140	1.7721	4.3137E-3	16.481	12.242	717.904
484000000	6.126	8.912	0.3910	0.1690	0.2165	0.2236	0.3577	0.1939	0.1761	0.2723	0.6186	1.7628	4.3137E-3	16.141	12.847	726.214
485000000	6.288	8.899	0.3836	0.1640	0.2179	0.2344	0.3510	0.1938	0.1710	0.2842	0.6357	1.7285	4.5194E-3	15.718	12.426	701.981
486000000	6.511	9.194	0.3842	0.1594	0.2251	0.2313	0.3568	0.1900	0.1706	0.2825	0.6321	1.7358	4.4083E-3	15.823	12.630	707.757
487000000	6.277	9.487	0.4015	0.1640	0.2126	0.2219	0.3595	0.1889	0.1856	0.2660	0.6352	1.7296	4.6137E-3	15.306	12.214	693.438
488000000	6.358	9.338	0.3935	0.1590	0.2149	0.2327	0.3682	0.1796	0.1822	0.2700	0.6098	1.7803	4.5503E-3	15.922	12.073	706.196
489000000	6.240	8.682	0.3976	0.1676	0.2092	0.2256	0.3552	0.1753	0.1770	0.2924	0.6030	1.7940	4.4179E-3	15.573	11.913	699.493
490000000	6.243	8.628	0.3868	0.1782	0.2070	0.2280	0.3619	0.1862	0.1785	0.2735	0.6110	1.7779	4.7451E-3	14.692	12.003	675.867
491000000	6.618	8.723	0.3922	0.1692	0.2091	0.2295	0.3414	0.1913	0.1843	0.2830	0.6330	1.7340	4.4119E-3	16.565	12.717	727.252
492000000	6.754	9.011	0.3909	0.1697	0.2113	0.2281	0.3438	0.1880	0.1846	0.2836	0.6217	1.7566	4.4536E-3	16.196	13.254	720.262
493000000	5.712	9.075	0.4059	0.1667	0.2006	0.2268	0.3383	0.2039	0.1856	0.2722	0.6164	1.7673	4.4663E-3	14.929	12.256	691.031
494000000	6.179	9.587	0.3936	0.1575	0.2254	0.2235	0.3749	0.1882	0.1830	0.2540	0.6408	1.7184	4.58E-3	15.735	12.635	707.545
495000000	6.812	9.168	0.3788	0.1731	0.2015	0.2466	0.3534	0.1857	0.1792	0.2817	0.6305	1.7390	4.5345E-3	16.433	12.039	712.932
496000000	6.412	8.934	0.4064	0.1633	0.2096	0.2207	0.3439	0.1998	0.1894	0.2670	0.6191	1.7619	4.4002E-3	15.901	12.482	725.820
497000000	6.080	9.332	0.3837	0.1691	0.2161	0.2311	0.3556	0.2011	0.1746	0.2687	0.6074	1.7851	4.5329E-3	15.827	12.664	712.870
498000000	6.362	8.233	0.3813	0.1641	0.2200	0.2345	0.3604	0.1914	0.1809	0.2673	0.6024	1.7951	4.3995E-3	16.125	12.252	717.789
499000000	5.932	9.064	0.3831	0.1780	0.2065	0.2323	0.3546	0.1773	0.1861	0.2821	0.6069	1.7863	4.3188E-3	17.796	12.417	742.769
500000000	6.289	9.412	0.4115	0.1692	0.1990	0.2204	0.3694	0.1917	0.1786	0.2603	0.6038	1.7924	4.39E-3	16.394	12.087	721.594
501000000	6.249	8.756	0.3958	0.1686	0.2116	0.2240	0.3430	0.1920	0.1936	0.2715	0.6281	1.7438	4.5392E-3	15.667	12.330	706.065
502000000	6.517	8.469	0.3883	0.1601	0.2120	0.2396	0.3541	0.1708	0.1806	0.2945	0.6412	1.7177	4.526E-3	15.692	12.258	710.025
503000000	7.121	8.351	0.3944	0.1657	0.2149	0.2251	0.3541	0.2057	0.1770	0.2631	0.6146	1.7708	4.4943E-3	16.314	12.272	720.419
504000000	6.325	8.957	0.4046	0.1681	0.2079	0.2194	0.3395	0.1873	0.1833	0.2899	0.6191	1.7619	4.4582E-3	16.172	12.343	717.975
505000000	7.038	9.140	0.3845	0.1719	0.2205	0.2231	0.3500	0.1844	0.1817	0.2839	0.6243	1.7514	4.2669E-3	16.104	12.583	718.716
506000000	6.622	8.584	0.3870	0.1775	0.2183	0.2172	0.3610	0.1807	0.1848	0.2736	0.6132	1.7737	4.4237E-3	15.990	12.941	716.194
507000000	6.212	8.774	0.4017	0.1714	0.2117	0.2152	0.3596	0.1908	0.1754	0.2742	0.6236	1.7528	4.4664E-3	16.579	12.447	721.155
508000000	5.845	8.045	0.4188	0.1660	0.2036	0.2116	0.3515	0.1767	0.1885	0.2833	0.6128	1.7743	4.403E-3	15.263	12.480	709.370
509000000	6.354	9.305	0.4110	0.1640	0.2042	0.2208	0.3376	0.2045	0.1761	0.2818	0.6165	1.7670	4.4207E-3	16.827	12.324	725.245
510000000	6.643	8.174	0.3879	0.1712	0.2120	0.2289	0.3486	0.1842	0.1922	0.2750	0.6502	1.6996	4.4479E-3	16.607	12.332	719.994
511000000	6.150	8.209	0.3929	0.1574	0.2196	0.2300	0.3497	0.1903	0.1733	0.2868	0.6375	1.7250	4.2922E-3	17.026	13.010	726.398
512000000	7.130	9.020	0.3867	0.1745	0.2168	0.2219	0.3371	0.1879	0.1835	0.2914	0.6267	1.7467	4.4092E-3	15.259	12.051	700.464
513000000	7.108	8.442	0.3884	0.1725	0.2193	0.2198	0.3408	0.1916	0.1861	0.2814	0.6330	1.7340	4.4264E-3	15.751	12.508	701.911
514000000	6.164	8.549	0.3909	0.1679	0.2139	0.2273	0.3505	0.2001	0.1795	0.2699	0.6157	1.7685	4.632E-3	15.594	12.233	709.746
515000000	6.489	8.823	0.4002	0.1713	0.2213	0.2072	0.3565	0.1830	0.1854	0.2750	0.6415	1.7169	4.4563E-3	16.387	12.319	707.964
516000000	6.972	9.769	0.3787	0.1758	0.2175	0.2280	0.3485	0.1830	0.1951	0.2734	0.6302	1.7395	4.3575E-3	16.747	12.518	735.569
517000000	6.627	8.960	0.3816	0.1852	0.2114	0.2219	0.3551	0.1822	0.1882	0.2745	0.6040	1.7919	4.5224E-3	17.042	12.498	712.704
518000000	6.423	9.214	0.4137	0.1568	0.2131	0.2164	0.3490	0.1877	0.1917	0.2716	0.6163	1.7674	4.5133E-3	16.408	12.265	713.285
519000000	6.210	8.991	0.3913	0.1680	0.2044	0.2362	0.3465	0.1887	0.1848	0.2800	0.6108	1.7783	4.5027E-3	14.999	12.362	698.301
520000000	6.674	8.623	0.4061	0.1608	0.2203	0.2127	0.3523	0.1852	0.1790	0.2834	0.6000	1.7999	4.4244E-3	15.805	12.137	705.518
521000000	6.169	8.716	0.3826	0.1674	0.2277	0.2224	0.3437	0.1904	0.1784	0.2875	0.6417	1.7165	4.3034E-3	16.171	12.075	735.203
522000000	5.834	8.785	0.3902	0.1749	0.2211	0.2138	0.3509	0.1848	0.1806	0.2837	0.6260	1.7480	4.5092E-3	15.785	12.364	709.762
523000000	6.737	9.176	0.4053	0.1608	0.2158	0.2181	0.3638	0.1766	0.1793	0.2803	0.6169	1.7662	4.4075E-3	16.823	12.651	727.776
524000000	6.762	9.480	0.3763	0.1781	0.2206	0.2251	0.3559	0.1949	0.1886	0.2605	0.6089	1.7823	4.3389E-3	16.330	12.753	727.947
525000000	6.723	9.325	0.3882	0.1629	0.2215	0.2274	0.3485	0.1920	0.1815	0.2780	0.6477	1.7045	4.5019E-3	16.307	12.061	707.613
526000000	6.103	8.945	0.3832	0.1684	0.2162	0.2321	0.3592	0.1854	0.1747	0.2807	0.6160	1.7680	4.4493E-3	15.925	13.018	707.211
527000000	6.017	9.476	0.4026	0.1676	0.2190	0.2108	0.3562	0.1761	0.1878	0.2799	0.6317	1.7366	4.3779E-3	16.169	12.146	708.553
528000000	6.098	8.903	0.4039	0.1630	0.2249	0.2082	0.3317	0.1918	0.1830	0.2935	0.6440	1.7119	4.3995E-3	15.420	12.627	718.452
529000000	5.978	8.656	0.3968	0.1673	0.2191	0.2168	0.3541	0.1996	0.1742	0.2722	0.6054	1.7893	4.4856E-3	15.692	12.479	704.985
530000000	6.650	8.220	0.4017	0.1579	0.2157	0.2247	0.3533	0.1874	0.1762	0.2831	0.6364	1.7273	4.3752E-3	16.561	12.505	727.516
531000000	6.344	8.551	0.3875	0.1695	0.2307	0.2123	0.3419	0.1876	0.1896	0.2808	0.6230	1.7540	4.3134E-3	16.644	12.232	741.800
532000000	6.018	8.607	0.4053	0.1641	0.2091	0.2214	0.3566	0.1862	0.1875	0.2696	0.6182	1.7635	4.3578E-3	16.542	12.607	729.043
533000000	6.427	8.529	0.3945	0.1680	0.2228	0.2147	0.3584	0.1889	0.1752	0.2775	0.6233	1.7535	4.2853E-3	16.929	12.639	730.202
534000000	6.339	8.958	0.4014	0.1690	0.2066	0.2231	0.3427	0.1881	0.1840	0.2853	0.6354	1.7292	4.2342E-3	16.378	13.307	724.041
535000000	6.522	8.502	0.4045	0.1621	0.2085	0.2249	0.3609	0.1914	0.1855	0.2623	0.6104	1.7791	4.5433E-3	16.413	12.548	711.361
536000000	6.494	8.822	0.3766	0.1761	0.2183	0.2290	0.3657	0.1817	0.1767	0.2759	0.6201	1.7598	4.3335E-3	16.515	12.697	727.467
537000000	6.559	8.576	0.4108	0.1641	0.2085	0.2166	0.3553	0.1829	0.1859	0.2758	0.6243	1.7515	4.4226E-3	16.402	12.302	734.628
538000000	6.844	7.761	0.3851	0.1698	0.2258	0.2193	0.3474	0.1956	0.1955	0.2616	0.6286	1.7428	4.411E-3	16.466	12.259	721.103
539000000	6.513	9.142	0.3868	0.1752	0.2097	0.2283	0.3526	0.1960	0.1837	0.2677	0.6064	1.7872	4.5133E-3	16.491	12.383	713.288
540000000	6.516	8.982	0.3985	0.1610	0.2202	0.2203	0.3609	0.1935	0.1916	0.2539	0.6236	1.7529	4.6343E-3	15.282	12.273	694.364
541000000	6.320	8.399	0.3949	0.1672	0.2166	0.2213	0.3404	0.1976	0.1839	0.2780	0.5904	1.8192	4.4041E-3	16.017	12.515	716.298
542000000	5.889	9.123	0.4010	0.1677	0.2130	0.2183	0.3544	0.1989	0.1668	0.2800	0.6270	1.7461	4.4616E-3	16.547	12.545	714.264
543000000	6.223	8.931	0.3983	0.1658	0.2166	0.2193	0.3517	0.1897	0.1760	0.2826	0.6037	1.7927	4.488E-3	15.564	12.445	699.393
544000000	6.605	8.559	0.3974	0.1726	0.2040	0.2260	0.3659	0.1910	0.1802	0.2629	0.6010	1.7980	4.3874E-3	16.092	12.955	720.609
545000000	6.436	8.384	0.4167	0.1691	0.1996	0.2146	0.3316	0.1926	0.1916	0.2842	0.6149	1.7701	4.33E-3	16.640	12.474	720.626
546000000	7.222	8.860	0.3954	0.1669	0.2198	0.2180	0.3406	0.1959	0.1812	0.2823	0.6160	1.7681	4.5709E-3	15.213	12.584	702.926
547000000	6.197	8.617	0.3840	0.1702	0.2140	0.2319	0.3493	0.1889	0.1816	0.2802	0.6291	1.7419	4.3828E-3	16.499	12.205	716.021
548000000	6.313	8.946	0.4139	0.1687	0.2132	0.2042	0.3559	0.2030	0.1651	0.2759	0.6286	1.7429	4.4839E-3	15.894	12.239	704.298
549000000	6.697	9.105	0.3932	0.1602	0.2259	0.2208	0.3565	0.1936	0.1837	0.2661	0.6495	1.7010	4.4586E-3	15.199	12.489	705.449
550000000	6.791	8.829	0.3942	0.1676	0.2212	0.2170	0.3475	0.1981	0.1843	0.2701	0.6101	1.7798	4.4981E-3	15.725	12.410	691.042
551000000	6.617	9.413	0.3813	0.1713	0.2221	0.2253	0.3507	0.1955	0.1811	0.2727	0.6254	1.7492	4.5309E-3	16.988	12.539	720.055
552000000	5.764	9.203	0.4066	0.1713	0.2146	0.2076	0.3623	0.1880	0.1772	0.2724	0.6208	1.7585	4.3595E-3	15.585	12.187	706.637
553000000	6.293	9.891	0.3860	0.1721	0.2080	0.2338	0.3299	0.2029	0.1852	0.2820	0.6050	1.7899	4.407E-3	17.192	12.211	729.044
554000000	6.225	7.962	0.4011	0.1774	0.2090	0.2125	0.3509	0.1804	0.1822	0.2865	0.6208	1.7584	4.4552E-3	15.613	12.422	710.219
555000000	6.536	9.105	0.3945	0.1688	0.2180	0.2188	0.3417	0.1888	0.1917	0.2778	0.6098	1.7804	4.5199E-3	16.208	12.334	708.358
556000000	6.473	8.676	0.3968	0.1729	0.2057	0.2247	0.3600	0.1935	0.1755	0.2710	0.5918	1.8165	4.4266E-3	16.350	12.714	718.491
557000000	6.309	8.498	0.3838	0.1823	0.2228	0.2110	0.3528	0.1910	0.1811	0.2752	0.6133	1.7734	4.3546E-3	16.210	13.110	716.574
558000000	6.524	8.314	0.3912	0.1716	0.2224	0.2147	0.3501	0.1909	0.1839	0.2751	0.6309	1.7383	4.4318E-3	16.782	12.253	724.016
559000000	6.092	7.846	0.3782	0.1757	0.2216	0.2245	0.3669	0.1752	0.1722	0.2857	0.6419	1.7163	4.3495E-3	15.836	12.585	716.775
560000000	6.460	9.123	0.3942	0.1714	0.2118	0.2227	0.3428	0.1872	0.1883	0.2817	0.6250	1.7501	4.4826E-3	15.658	12.421	712.690
561000000	6.182	7.988	0.4154	0.1627	0.2003	0.2216	0.3842	0.1844	0.1744	0.2570	0.6209	1.7582	4.3519E-3	17.037	12.371	730.159
562000000	6.299	9.483	0.4017	0.1652	0.2075	0.2257	0.3499	0.1929	0.1798	0.2774	0.6339	1.7322	4.2264E-3	17.025	12.270	744.457
563000000	6.631	8.902	0.4006	0.1703	0.2149	0.2143	0.3354	0.1892	0.1826	0.2929	0.6154	1.7691	4.3167E-3	16.606	12.361	727.713
564000000	6.434	8.590	0.3996	0.1677	0.2037	0.2290	0.3453	0.1894	0.1878	0.2775	0.6113	1.7773	4.37E-3	17.103	12.840	723.987
565000000	7.042	8.421	0.3945	0.1683	0.2152	0.2220	0.3546	0.1890	0.1757	0.2806	0.6293	1.7415	4.3574E-3	16.085	12.676	722.758
566000000	6.442	8.958	0.3956	0.1679	0.2231	0.2134	0.3429	0.1945	0.1790	0.2835	0.6233	1.7534	4.5249E-3	16.164	12.621	711.160
567000000	6.917	9.251	0.3831	0.1763	0.2154	0.2252	0.3439	0.1900	0.1880	0.2781	0.6177	1.7645	4.4549E-3	15.241	12.491	696.911
568000000	6.508	9.107	0.3995	0.1499	0.2159	0.2347	0.3469	0.1900	0.1917	0.2715	0.6155	1.7689	4.4144E-3	16.584	13.049	725.443
569000000	6.056	8.525	0.3998	0.1633	0.2120	0.2249	0.3611	0.1832	0.1750	0.2807	0.6104	1.7793	4.3721E-3	16.412	12.306	715.824
570000000	6.334	8.863	0.3886	0.1557	0.2253	0.2304	0.3459	0.1915	0.1837	0.2789	0.6163	1.7675	4.4299E-3	16.359	12.137	710.569
571000000	5.867	10.000	0.4020	0.1747	0.2093	0.2140	0.3546	0.1924	0.1811	0.2719	0.6102	1.7796	4.3328E-3	15.818	12.425	710.630
572000000	6.028	10.043	0.3968	0.1692	0.2224	0.2116	0.3669	0.1920	0.1792	0.2619	0.6247	1.7505	4.3728E-3	16.285	12.571	732.726
573000000	5.906	9.179	0.3915	0.1660	0.2202	0.2224	0.3532	0.1996	0.1799	0.2673	0.6160	1.7679	4.5356E-3	15.963	12.366	699.366
574000000	6.342	8.694	0.4066	0.1658	0.1972	0.2304	0.3632	0.1961	0.1743	0.2663	0.6160	1.7680	4.5792E-3	14.659	12.300	682.719
575000000	5.976	9.528	0.3919	0.1549	0.2267	0.2265	0.3651	0.1872	0.1683	0.2794	0.6319	1.7363	4.4527E-3	16.511	12.025	714.569
576000000	5.933	9.409	0.3951	0.1748	0.2033	0.2268	0.3637	0.1892	0.1721	0.2750	0.6023	1.7954	4.4568E-3	16.414	12.438	723.649
577000000	6.569	8.479	0.3902	0.1672	0.2108	0.2318	0.3622	0.1775	0.1771	0.2832	0.6320	1.7360	4.4134E-3	15.080	12.704	698.507
578000000	6.966	8.961	0.3892	0.1773	0.2059	0.2275	0.3562	0.1837	0.1814	0.2788	0.6252	1.7495	4.2102E-3	17.130	13.022	741.352
579000000	6.694	8.800	0.3910	0.1646	0.2145	0.2298	0.3584	0.1919	0.1698	0.2800	0.6284	1.7432	4.2614E-3	16.457	12.412	733.091
580000000	6.751	8.693	0.3867	0.1662	0.2121	0.2350	0.3450	0.1873	0.1734	0.2943	0.6255	1.7491	4.4823E-3	16.161	12.520	710.234
581000000	6.654	8.789	0.3807	0.1711	0.2341	0.2140	0.3429	0.1945	0.1772	0.2854	0.6375	1.7250	4.6288E-3	15.143	12.809	694.744
582000000	6.999	8.351	0.4020	0.1667	0.2163	0.2149	0.3592	0.1975	0.1804	0.2629	0.6137	1.7727	4.5719E-3	16.536	12.279	701.931
583000000	6.834	9.204	0.4011	0.1671	0.2170	0.2149	0.3456	0.1899	0.1826	0.2818	0.6207	1.7586	4.4653E-3	15.980	12.122	717.253
584000000	6.736	8.598	0.3975	0.1617	0.2146	0.2262	0.3446	0.1930	0.1896	0.2728	0.6164	1.7673	4.498E-3	15.808	12.325	707.361
585000000	6.514	8.120	0.4097	0.1702	0.2047	0.2154	0.3421	0.1884	0.1866	0.2829	0.6201	1.7598	4.5178E-3	15.762	11.980	700.345
586000000	6.385	9.005	0.3855	0.1642	0.2228	0.2275	0.3667	0.1787	0.1815	0.2731	0.6264	1.7473	4.4791E-3	16.329	12.434	726.669
587000000	6.142	9.365	0.3710	0.1771	0.2202	0.2317	0.3658	0.1708	0.1809	0.2826	0.6119	1.7762	4.5416E-3	15.407	12.207	699.432
588000000	6.138	8.828	0.3953	0.1749	0.2156	0.2142	0.3491	0.1979	0.1833	0.2697	0.6339	1.7322	4.5327E-3	15.141	12.951	696.865
589000000	6.579	9.168	0.3969	0.1706	0.2122	0.2203	0.3389	0.2023	0.1733	0.2856	0.6147	1.7707	4.4756E-3	15.924	12.423	706.420
590000000	5.993	9.557	0.3833	0.1691	0.2127	0.2349	0.3525	0.1943	0.1799	0.2734	0.6288	1.7424	4.572E-3	14.784	12.713	697.173
591000000	6.328	8.832	0.3834	0.1795	0.2160	0.2212	0.3467	0.2005	0.1768	0.2759	0.6324	1.7353	4.4165E-3	15.479	13.357	709.799
592000000	6.229	9.021	0.3882	0.1763	0.2120	0.2236	0.3523	0.1889	0.1805	0.2783	0.6353	1.7294	4.4213E-3	16.746	12.115	719.253
593000000	6.057	9.167	0.3883	0.1821	0.2211	0.2085	0.3538	0.1767	0.1844	0.2851	0.6261	1.7478	4.4727E-3	16.096	12.741	713.121
594000000	6.403	8.737	0.4024	0.1614	0.2102	0.2261	0.3519	0.1921	0.1751	0.2809	0.6401	1.7198	4.4265E-3	15.647	12.229	696.637
595000000	6.290	8.907	0.3934	0.1586	0.2191	0.2289	0.3522	0.2073	0.1722	0.2683	0.6168	1.7665	4.4666E-3	16.697	12.561	718.394
596000000	6.156	8.310	0.3950	0.1754	0.2035	0.2261	0.3616	0.1920	0.1834	0.2631	0.5907	1.8187	4.2399E-3	16.097	12.258	723.081
597000000	6.532	8.491	0.4117	0.1681	0.2117	0.2085	0.3595	0.1829	0.1808	0.2768	0.6246	1.7508	4.3297E-3	17.076	12.491	728.949
598000000	6.899	9.059	0.3970	0.1647	0.2234	0.2150	0.3640	0.1865	0.1783	0.2712	0.6327	1.7345	4.5942E-3	15.974	12.318	700.387
599000000	6.189	8.763	0.3933	0.1736	0.2120	0.2210	0.3641	0.1879	0.1771	0.2709	0.6275	1.7451	4.3026E-3	17.872	12.124	752.285
600000000	6.163	9.336	0.3983	0.1673	0.2149	0.2194	0.3649	0.1886	0.1763	0.2703	0.5948	1.8105	4.5667E-3	15.370	12.756	713.869
601000000	5.949	9.238	0.3944	0.1743	0.2166	0.2147	0.3613	0.1814	0.1772	0.2801	0.6304	1.7392	4.3407E-3	15.707	12.353	717.638
602000000	7.045	9.072	0.4138	0.1715	0.2013	0.2134	0.3602	0.1883	0.1761	0.2754	0.6182	1.7636	4.3781E-3	17.166	12.296	722.517
603000000	6.369	8.672	0.3911	0.1630	0.2124	0.2334	0.3691	0.1870	0.1764	0.2675	0.6260	1.7479	4.4332E-3	15.856	12.621	714.872
604000000	7.403	9.378	0.3973	0.1672	0.2092	0.2263	0.3548	0.1948	0.1766	0.2739	0.6301	1.7398	4.4321E-3	16.016	12.206	707.995
605000000	5.920	9.516	0.4073	0.1811	0.2023	0.2093	0.3548	0.1988	0.1809	0.2655	0.6332	1.7336	4.4583E-3	15.277	12.589	698.762
606000000	6.555	8.803	0.3832	0.1810	0.2126	0.2233	0.3405	0.1942	0.1811	0.2842	0.6113	1.7774	4.5621E-3	16.932	12.518	711.321
607000000	6.534	9.602	0.3994	0.1769	0.1963	0.2274	0.3620	0.1830	0.1726	0.2824	0.5926	1.8148	4.3124E-3	16.666	12.270	727.629
608000000	6.450	8.190	0.3791	0.1724	0.2152	0.2333	0.3542	0.1960	0.1803	0.2695	0.6221	1.7558	4.3231E-3	16.256	12.855	721.259
609000000	6.268	9.839	0.3842	0.1730	0.2183	0.2244	0.3629	0.1867	0.1805	0.2699	0.6285	1.7431	4.2201E-3	16.534	12.885	736.538
610000000	5.918	8.571	0.3971	0.1754	0.2088	0.2187	0.3410	0.2020	0.1806	0.2765	0.6113	1.7774	4.1535E-3	17.035	12.485	743.774
611000000	6.784	8.624	0.3876	0.1649	0.1996	0.2479	0.3519	0.1972	0.1878	0.2631	0.6171	1.7658	4.5268E-3	17.340	12.562	731.785
612000000	6.570	8.882	0.4171	0.1657	0.1955	0.2216	0.3538	0.1859	0.1768	0.2835	0.6071	1.7858	4.3715E-3	15.792	12.077	710.848
613000000	6.142	8.823	0.3987	0.1575	0.2175	0.2264	0.3510	0.1935	0.1868	0.2688	0.6348	1.7305	4.5454E-3	16.301	11.946	708.691
614000000	6.576	8.698	0.3830	0.1757	0.2143	0.2270	0.3541	0.1842	0.1786	0.2830	0.6296	1.7408	4.4895E-3	16.614	12.239	716.289
615000000	6.265	8.665	0.4034	0.1705	0.2128	0.2133	0.3494	0.2038	0.1807	0.2661	0.6355	1.7290	4.3561E-3	17.171	12.564	737.317
616000000	5.846	9.252	0.4072	0.1713	0.2050	0.2165	0.3580	0.1833	0.1864	0.2723	0.6166	1.7667	4.1645E-3	18.039	12.110	749.456
617000000	6.757	9.276	0.3679	0.1884	0.2068	0.2369	0.3655	0.1851	0.1844	0.2651	0.6061	1.7878	4.4063E-3	16.260	12.915	727.998
618000000	6.423	8.833	0.3824	0.1768	0.2112	0.2296	0.3643	0.1777	0.1804	0.2775	0.6198	1.7603	4.2953E-3	16.405	12.786	721.378
619000000	6.578	8.997	0.4011	0.1690	0.2162	0.2137	0.3628	0.1915	0.1734	0.2723	0.6306	1.7388	4.3863E-3	16.926	12.635	727.613
620000000	5.913	8.551	0.3921	0.1658	0.2146	0.2275	0.3536	0.1895	0.1696	0.2872	0.6154	1.7692	4.5628E-3	15.302	12.204	702.698
621000000	6.285	9.059	0.3991	0.1703	0.2059	0.2246	0.3527	0.1940	0.1814	0.2719	0.6249	1.7503	4.45E-3	16.346	12.306	719.593
622000000	6.320	9.078	0.3988	0.1655	0.2161	0.2195	0.3401	0.2078	0.1736	0.2784	0.6060	1.7881	4.3649E-3	15.938	12.716	711.831
623000000	6.885	8.856	0.3861	0.1807	0.2076	0.2256	0.3484	0.1883	0.1878	0.2755	0.6181	1.7637	4.4233E-3	16.919	12.277	720.298
624000000	6.603	8.285	0.3906	0.1794	0.2051	0.2249	0.3632	0.1834	0.1789	0.2745	0.6392	1.7215	4.2856E-3	16.518	13.268	724.389
625000000	6.811	9.331	0.3973	0.1699	0.2113	0.2215	0.3618	0.1934	0.1749	0.2699	0.6047	1.7906	4.3428E-3	16.647	12.631	730.753
626000000	6.732	9.174	0.3947	0.1664	0.2162	0.2226	0.3508	0.1917	0.1717	0.2858	0.6371	1.7259	4.5232E-3	16.633	12.306	715.095
627000000	6.708	8.842	0.3903	0.1738	0.2160	0.2199	0.3554	0.1927	0.1775	0.2744	0.6137	1.7726	4.4942E-3	15.718	12.377	716.029
628000000	6.287	8.718	0.3988	0.1732	0.2221	0.2059	0.3681	0.1957	0.1761	0.2601	0.6054	1.7893	4.5119E-3	15.666	12.016	712.706
629000000	6.317	9.914	0.3911	0.1764	0.2217	0.2108	0.3510	0.1861	0.1828	0.2800	0.6151	1.7697	4.4703E-3	16.440	12.341	707.681
630000000	6.015	8.290	0.4082	0.1579	0.2242	0.2097	0.3403	0.1978	0.1837	0.2782	0.6378	1.7245	4.4682E-3	16.124	12.542	721.928
631000000	6.101	9.094	0.4111	0.1536	0.2182	0.2171	0.3628	0.1976	0.1661	0.2735	0.6434	1.7132	4.3867E-3	15.513	12.471	716.738
632000000	6.259	8.788	0.3951	0.1701	0.2147	0.2201	0.3535	0.1817	0.1827	0.2821	0.6182	1.7637	4.2793E-3	17.314	12.759	737.147
633000000	6.590	8.949	0.4019	0.1626	0.2191	0.2164	0.3566	0.1863	0.1832	0.2738	0.6335	1.7330	4.4264E-3	16.554	12.277	733.487
634000000	6.798	9.036	0.3901	0.1694	0.2125	0.2280	0.3442	0.1962	0.1879	0.2718	0.6085	1.7831	4.3358E-3	15.851	12.495	726.745
635000000	6.481	8.604	0.3820	0.1787	0.2104	0.2289	0.3427	0.1951	0.1697	0.2925	0.6082	1.7835	4.4268E-3	15.854	12.374	702.311
636000000	5.826	8.625	0.4280	0.1663	0.2002	0.2055	0.3596	0.1849	0.1813	0.2742	0.6120	1.7759	4.2652E-3	16.721	13.177	734.489
637000000	6.535	9.191	0.3988	0.1640	0.2269	0.2102	0.3474	0.1831	0.1818	0.2877	0.6293	1.7415	4.4935E-3	16.120	12.431	712.950
638000000	5.921	8.722	0.3878	0.1711	0.2144	0.2267	0.3566	0.1847	0.1745	0.2842	0.6198	1.7605	4.3139E-3	17.259	12.694	722.287
639000000	6.320	8.870	0.4058	0.1583	0.2118	0.2241	0.3523	0.1850	0.1948	0.2679	0.6179	1.7642	4.3442E-3	16.306	12.602	719.033
640000000	5.859	9.319	0.4044	0.1553	0.2319	0.2085	0.3649	0.1835	0.1725	0.2791	0.6344	1.7311	4.3726E-3	16.175	12.663	723.875
641000000	6.112	9.187	0.3847	0.1671	0.2154	0.2328	0.3588	0.1917	0.1816	0.2679	0.6209	1.7581	4.4398E-3	15.809	12.487	717.551
642000000	6.798	8.492	0.4051	0.1698	0.2137	0.2115	0.3419	0.1998	0.1863	0.2720	0.6116	1.7767	4.3282E-3	18.010	12.187	732.344
643000000	6.119	8.643	0.3811	0.1782	0.2315	0.2092	0.3658	0.1771	0.1877	0.2693	0.6143	1.7714	4.6152E-3	15.949	12.283	708.899
644000000	6.441	8.468	0.3951	0.1726	0.2192	0.2132	0.3631	0.1869	0.1757	0.2743	0.6395	1.7210	4.5504E-3	15.062	12.282	695.047
645000000	6.878	8.201	0.3977	0.1653	0.2047	0.2323	0.3542	0.2012	0.1756	0.2689	0.6050	1.7901	4.5842E-3	15.048	12.812	694.631
646000000	6.457	9.106	0.3954	0.1649	0.2123	0.2274	0.3523	0.1931	0.1762	0.2784	0.6134	1.7731	4.315E-3	16.979	12.304	731.506
647000000	6.148	9.711	0.3917	0.1611	0.2185	0.2288	0.3614	0.1794	0.1719	0.2874	0.6408	1.7184	4.3485E-3	15.685	12.752	719.086
648000000	6.484	8.650	0.3864	0.1854	0.2023	0.2259	0.3621	0.1890	0.1667	0.2822	0.6124	1.7751	4.4421E-3	15.409	12.380	694.784
649000000	6.120	8.476	0.3922	0.1661	0.2257	0.2159	0.3519	0.1865	0.1808	0.2808	0.6371	1.7258	4.4515E-3	16.986	12.443	728.356
650000000	5.946	9.151	0.4036	0.1651	0.1980	0.2332	0.3476	0.1970	0.1781	0.2772	0.6150	1.7700	4.4275E-3	16.182	12.358	705.460
651000000	6.736	8.706	0.3939	0.1562	0.2268	0.2232	0.3525	0.1884	0.1829	0.2762	0.6262	1.7476	4.3923E-3	15.829	12.573	714.072
652000000	6.852	9.288	0.3974	0.1665	0.2170	0.2191	0.3758	0.1882	0.1774	0.2587	0.6461	1.7078	4.3645E-3	16.732	12.034	710.275
653000000	6.643	8.314	0.3725	0.1714	0.2204	0.2357	0.3452	0.1886	0.1798	0.2864	0.6092	1.7816	4.4838E-3	15.745	12.211	706.763
654000000	6.048	9.100	0.3835	0.1832	0.2148	0.2185	0.3605	0.1912	0.1768	0.2714	0.6141	1.7718	4.1852E-3	17.245	12.588	745.359
655000000	5.793	8.688	0.3911	0.1700	0.2128	0.2261	0.3450	0.1830	0.1835	0.2886	0.6131	1.7738	4.3501E-3	15.648	12.540	712.224
656000000	6.585	9.046	0.4041	0.1566	0.2188	0.2204	0.3601	0.1891	0.1773	0.2735	0.6213	1.7574	4.3834E-3	16.182	12.834	714.739
657000000	6.921	9.404	0.3927	0.1783	0.2127	0.2163	0.3585	0.1927	0.1851	0.2637	0.6081	1.7837	4.3671E-3	16.876	12.260	720.360
658000000	6.858	8.429	0.3781	0.1784	0.2129	0.2306	0.3463	0.1968	0.1812	0.2756	0.6149	1.7703	4.374E-3	17.483	12.399	735.955
659000000	6.720	8.640	0.3988	0.1617	0.2161	0.2233	0.3592	0.1943	0.1780	0.2685	0.6199	1.7601	4.6068E-3	15.321	12.350	695.068
660000000	6.201	8.706	0.4031	0.1640	0.2162	0.2167	0.3456	0.1970	0.1805	0.2770	0.6304	1.7392	4.5036E-3	16.605	12.413	719.333
661000000	6.916	9.013	0.3943	0.1777	0.2154	0.2127	0.3443	0.1848	0.1887	0.2822	0.6321	1.7358	4.2092E-3	17.871	12.273	742.539
662000000	6.422	9.203	0.3889	0.1627	0.2215	0.2268	0.3582	0.1873	0.1817	0.2727	0.6391	1.7218	4.2168E-3	17.532	12.504	742.777
663000000	6.314	8.848	0.3842	0.1638	0.2251	0.2269	0.3572	0.1863	0.1798	0.2768	0.6183	1.7633	4.3458E-3	16.964	12.414	734.328
664000000	6.528	8.799	0.3930	0.1675	0.2101	0.2294	0.3542	0.2034	0.1725	0.2699	0.6208	1.7585	4.4135E-3	16.276	12.410	718.322
665000000	6.660	9.136	0.3952	0.1626	0.2127	0.2294	0.3571	0.1869	0.1788	0.2772	0.6233	1.7533	4.4726E-3	16.197	12.472	711.463
666000000	6.769	8.535	0.4008	0.1657	0.2107	0.2228	0.3547	0.2007	0.1706	0.2740	0.6175	1.7651	4.5103E-3	15.116	12.471	697.585
667000000	6.461	8.838	0.4012	0.1640	0.2103	0.2245	0.3533	0.2016	0.1784	0.2667	0.6317	1.7366	4.4615E-3	15.578	12.834	710.205
668000000	6.674	9.068	0.3996	0.1653	0.2132	0.2219	0.3621	0.1822	0.1848	0.2709	0.6187	1.7626	4.4141E-3	15.423	12.523	711.412
669000000	6.390	9.124	0.3904	0.1704	0.2072	0.2320	0.3617	0.1854	0.1780	0.2750	0.6314	1.7372	4.4927E-3	15.463	12.624	707.699
670000000	6.369	8.837	0.4034	0.1706	0.2028	0.2232	0.3394	0.1941	0.1779	0.2886	0.6115	1.7769	4.3473E-3	15.702	12.421	711.772
671000000	5.880	8.522	0.3939	0.1644	0.2181	0.2237	0.3370	0.1930	0.1844	0.2856	0.6176	1.7648	4.4426E-3	16.351	12.241	714.906
672000000	6.449	9.166	0.3906	0.1683	0.2145	0.2266	0.3629	0.1882	0.1767	0.2722	0.6206	1.7589	4.2881E-3	16.661	12.370	726.813
673000000	6.461	9.509	0.3926	0.1799	0.2111	0.2164	0.3455	0.1848	0.1845	0.2852	0.6254	1.7492	4.4416E-3	16.143	12.623	711.506
674000000	5.512	9.286	0.3938	0.1740	0.2151	0.2171	0.3518	0.1776	0.1785	0.2921	0.5975	1.8049	4.5097E-3	15.758	12.046	703.321
675000000	6.916	9.003	0.4011	0.1686	0.1981	0.2322	0.3537	0.1779	0.1863	0.2822	0.6382	1.7236	4.4804E-3	15.574	12.609	699.425
676000000	6.752	9.432	0.3989	0.1704	0.2093	0.2214	0.3641	0.1843	0.1774	0.2742	0.6019	1.7963	4.5927E-3	16.104	12.221	699.206
677000000	6.202	7.906	0.4060	0.1553	0.2136	0.2251	0.3504	0.1886	0.1854	0.2756	0.6090	1.7820	4.4937E-3	16.529	12.611	718.279
678000000	5.928	8.477	0.4143	0.1632	0.2054	0.2171	0.3591	0.1809	0.1732	0.2869	0.6205	1.7591	4.2978E-3	17.362	12.443	727.488
679000000	6.379	9.065	0.3928	0.1665	0.2165	0.2241	0.3504	0.1878	0.1849	0.2769	0.6112	1.7775	4.2351E-3	16.818	12.147	730.533
680000000	6.713	9.522	0.4093	0.1650	0.2107	0.2150	0.3555	0.1950	0.1862	0.2633	0.6216	1.7568	4.3216E-3	16.295	12.165	724.499
681000000	6.693	9.293	0.3871	0.1769	0.2069	0.2292	0.3444	0.1882	0.1930	0.2745	0.5824	1.8352	4.4347E-3	16.057	12.341	706.971
682000000	6.175	8.708	0.4003	0.1672	0.1953	0.2373	0.3502	0.2025	0.1758	0.2715	0.6074	1.7852	4.59E-3	16.416	12.564	709.706
683000000	6.516	8.936	0.3776	0.1807	0.2213	0.2204	0.3676	0.1785	0.1882	0.2657	0.6277	1.7445	4.4672E-3	16.910	12.331	713.212
684000000	6.794	8.802	0.3987	0.1578	0.2207	0.2228	0.3382	0.1959	0.1922	0.2737	0.6162	1.7676	4.5158E-3	15.625	12.121	699.037
685000000	6.582	8.380	0.3889	0.1680	0.2173	0.2259	0.3530	0.1964	0.1721	0.2785	0.6385	1.7229	4.5406E-3	15.993	12.045	699.851
686000000	6.421	8.966	0.4036	0.1679	0.2182	0.2103	0.3696	0.1761	0.1792	0.2751	0.6275	1.7449	4.632E-3	15.473	12.652	704.034
687000000	6.618	8.613	0.3764	0.1737	0.2219	0.2281	0.3506	0.1841	0.1811	0.2843	0.6569	1.6862	4.2847E-3	17.235	12.097	729.768
688000000	5.564	8.952	0.4062	0.1625	0.2157	0.2156	0.3557	0.1912	0.1775	0.2756	0.6373	1.7254	4.4003E-3	16.760	12.351	724.964
689000000	6.236	9.005	0.3849	0.1724	0.2154	0.2272	0.3665	0.1871	0.1799	0.2666	0.6231	1.7538	4.4314E-3	16.183	12.436	714.838
690000000	6.515	9.676	0.3848	0.1635	0.2116	0.2401	0.3525	0.1878	0.1844	0.2752	0.6225	1.7550	4.5123E-3	15.718	12.523	712.996
691000000	6.254	9.029	0.4044	0.1637	0.2099	0.2219	0.3550	0.1917	0.1804	0.2729	0.6282	1.7435	4.4238E-3	16.330	12.164	728.607
692000000	6.458	8.442	0.3924	0.1644	0.2325	0.2107	0.3551	0.1854	0.1805	0.2790	0.6137	1.7725	4.5049E-3	15.232	12.067	700.328
693000000	6.918	8.489	0.3934	0.1674	0.2209	0.2183	0.3403	0.1969	0.1837	0.2791	0.6210	1.7580	4.5234E-3	16.016	12.205	709.219
694000000	7.256	9.485	0.3941	0.1657	0.2155	0.2247	0.3396	0.1928	0.1807	0.2869	0.6320	1.7361	4.764E-3	14.986	12.580	685.651
695000000	6.180	9.460	0.3966	0.1607	0.2240	0.2187	0.3640	0.1903	0.1825	0.2632	0.6291	1.7418	4.3611E-3	16.797	12.290	722.276
696000000	6.663	8.681	0.4027	0.1673	0.1971	0.2329	0.3509	0.1950	0.1852	0.2688	0.6093	1.7813	4.4675E-3	16.385	12.705	706.663
697000000	6.616	8.345	0.3911	0.1690	0.2161	0.2238	0.3646	0.1851	0.1776	0.2728	0.6002	1.7995	4.3142E-3	17.048	12.282	732.545
698000000	6.953	8.575	0.4019	0.1745	0.2146	0.2090	0.3634	0.1910	0.1742	0.2714	0.6333	1.7333	4.3926E-3	16.346	12.440	735.466
699000000	6.582	9.271	0.3955	0.1626	0.2103	0.2317	0.3595	0.1862	0.1800	0.2743	0.6196	1.7608	4.4566E-3	15.964	12.383	707.801
700000000	6.001	8.788	0.3832	0.1674	0.2254	0.2240	0.3713	0.1982	0.1688	0.2616	0.6334	1.7332	4.4144E-3	15.680	12.254	707.511
701000000	6.757	9.079	0.4008	0.1585	0.2183	0.2225	0.3464	0.1931	0.1845	0.2760	0.6258	1.7484	4.4656E-3	16.490	12.499	716.104
702000000	6.494	9.635	0.4029	0.1689	0.2077	0.2205	0.3513	0.1847	0.1917	0.2723	0.5933	1.8134	4.4339E-3	16.420	12.587	720.505
703000000	7.119	8.561	0.3980	0.1648	0.2110	0.2262	0.3515	0.1760	0.1737	0.2988	0.6237	1.7527	4.4918E-3	15.828	12.039	699.318
704000000	5.993	9.515	0.3930	0.1707	0.2122	0.2241	0.3466	0.1838	0.1832	0.2864	0.6060	1.7880	4.4118E-3	15.959	12.119	707.054
705000000	6.415	9.186	0.4130	0.1534	0.2146	0.2191	0.3417	0.1884	0.1802	0.2897	0.6058	1.7883	4.5852E-3	15.839	12.435	711.946
706000000	6.683	8.869	0.4004	0.1668	0.2118	0.2210	0.3669	0.1940	0.1666	0.2725	0.6398	1.7204	4.4332E-3	15.160	12.202	707.765
707000000	6.309	9.208	0.3735	0.1808	0.2135	0.2321	0.3545	0.1822	0.1894	0.2739	0.6310	1.7380	4.4226E-3	16.521	12.313	727.546
708000000	5.910	8.313	0.3863	0.1582	0.2319	0.2236	0.3488	0.1916	0.1847	0.2750	0.6261	1.7477	4.3678E-3	15.998	12.642	721.927
709000000	6.732	9.154	0.3870	0.1675	0.2153	0.2302	0.3552	0.1907	0.1742	0.2799	0.6306	1.7388	4.4359E-3	16.306	12.399	712.936
710000000	6.621	9.310	0.3868	0.1689	0.2125	0.2317	0.3503	0.1922	0.1784	0.2791	0.6064	1.7872	4.6018E-3	15.629	12.371	708.529
711000000	6.548	9.213	0.4039	0.1621	0.2151	0.2189	0.3531	0.1954	0.1785	0.2730	0.6197	1.7606	4.5005E-3	15.607	12.558	705.577
712000000	6.692	9.262	0.3812	0.1701	0.2174	0.2313	0.3619	0.1856	0.1743	0.2782	0.6319	1.7363	4.5595E-3	15.933	12.585	720.712
713000000	6.590	8.805	0.3943	0.1707	0.2078	0.2272	0.3477	0.1919	0.1864	0.2741	0.6350	1.7299	4.659E-3	15.492	12.365	707.582
714000000	6.142	8.794	0.4046	0.1637	0.2087	0.2230	0.3471	0.1997	0.1729	0.2803	0.6334	1.7331	4.4412E-3	15.719	12.438	712.188
715000000	6.328	8.997	0.3976	0.1667	0.2033	0.2325	0.3624	0.1891	0.1707	0.2778	0.6321	1.7357	4.3875E-3	16.963	12.690	725.458
716000000	6.656	8.932	0.3958	0.1655	0.2128	0.2259	0.3438	0.1895	0.1861	0.2806	0.6147	1.7706	4.4717E-3	14.919	12.631	708.625
717000000	6.093	9.547	0.3893	0.1628	0.2201	0.2279	0.3471	0.1961	0.1798	0.2769	0.6441	1.7118	4.4315E-3	16.189	12.590	722.925
718000000	6.530	8.291	0.4019	0.1664	0.2099	0.2218	0.3529	0.1833	0.1839	0.2799	0.6168	1.7664	4.392E-3	16.022	12.736	706.577
719000000	6.039	8.190	0.3805	0.1775	0.2196	0.2224	0.3408	0.1896	0.1867	0.2829	0.6249	1.7502	4.4954E-3	15.828	13.041	712.711
720000000	6.908	8.894	0.3953	0.1662	0.2159	0.2226	0.3565	0.1931	0.1868	0.2636	0.6070	1.7859	4.4891E-3	15.501	12.557	707.320
721000000	6.763	9.304	0.3802	0.1667	0.2221	0.2310	0.3479	0.2004	0.1866	0.2650	0.6174	1.7652	4.4561E-3	16.020	12.783	721.465
722000000	6.060	8.601	0.3920	0.1768	0.2091	0.2221	0.3480	0.1799	0.1923	0.2797	0.6320	1.7360	4.5149E-3	15.866	12.377	710.596
723000000	6.821	9.860	0.4041	0.1619	0.2130	0.2210	0.3460	0.1855	0.1801	0.2884	0.6225	1.7549	4.5401E-3	15.205	12.122	706.403
724000000	7.156	9.341	0.3934	0.1732	0.2101	0.2232	0.3523	0.1899	0.1745	0.2833	0.6217	1.7565	4.5028E-3	15.980	12.702	716.263
725000000	6.536	9.433	0.3851	0.1675	0.2204	0.2270	0.3670	0.1888	0.1847	0.2596	0.6409	1.7183	4.6577E-3	15.090	12.550	692.477
726000000	6.256	8.558	0.3947	0.1746	0.2136	0.2171	0.3416	0.2033	0.1812	0.2739	0.6262	1.7476	4.4187E-3	16.021	12.499	709.080
727000000	5.966	9.254	0.3849	0.1755	0.2112	0.2283	0.3560	0.2032	0.1787	0.2622	0.6183	1.7633	4.3361E-3	16.865	12.641	739.414
728000000	6.148	8.786	0.3992	0.1553	0.2204	0.2251	0.3581	0.1798	0.1862	0.2759	0.6300	1.7400	4.4796E-3	16.365	12.184	720.036
729000000	6.196	8.498	0.4020	0.1639	0.2183	0.2158	0.3588	0.1856	0.1710	0.2847	0.6283	1.7433	4.5265E-3	15.763	12.444	710.492
730000000	6.439	9.538	0.3976	0.1613	0.2210	0.2201	0.3632	0.1864	0.1913	0.2592	0.6148	1.7704	4.3168E-3	16.012	12.555	714.350
731000000	5.970	9.146	0.3878	0.1714	0.2091	0.2318	0.3666	0.1893	0.1797	0.2644	0.6129	1.7743	4.464E-3	15.637	12.554	707.657
732000000	6.684	8.607	0.3968	0.1689	0.2108	0.2235	0.3601	0.1876	0.1838	0.2685	0.6233	1.7534	4.3984E-3	16.261	12.140	726.333
733000000	7.368	8.768	0.3985	0.1729	0.2133	0.2153	0.3551	0.1883	0.1807	0.2758	0.6097	1.7806	4.3482E-3	17.180	12.227	732.153
734000000	6.419	8.803	0.4031	0.1785	0.2138	0.2046	0.3631	0.1962	0.1787	0.2621	0.6140	1.7720	4.4528E-3	15.538	12.165	700.751
735000000	6.596	8.921	0.4063	0.1656	0.2029	0.2252	0.3452	0.1821	0.1772	0.2955	0.6232	1.7536	4.3314E-3	16.277	12.641	728.820
736000000	5.903	8.518	0.3942	0.1683	0.2159	0.2216	0.3483	0.1835	0.1943	0.2739	0.6103	1.7794	4.3378E-3	17.086	12.206	731.617
737000000	6.426	8.402	0.3997	0.1611	0.2165	0.2228	0.3315	0.2030	0.1757	0.2898	0.6296	1.7408	4.4051E-3	17.124	12.503	740.169
738000000	6.545	8.175	0.3774	0.1682	0.2252	0.2292	0.3404	0.1948	0.1797	0.2851	0.6264	1.7472	4.4575E-3	15.781	12.823	716.966
739000000	5.775	8.101	0.3867	0.1625	0.2168	0.2340	0.3511	0.1794	0.1951	0.2745	0.5967	1.8067	4.3262E-3	16.605	12.722	723.295
740000000	5.968	9.010	0.3796	0.1659	0.2201	0.2343	0.3623	0.1847	0.1829	0.2701	0.6400	1.7200	4.3338E-3	16.100	13.068	716.224
741000000	6.521	8.778	0.3811	0.1797	0.2050	0.2341	0.3446	0.1889	0.1836	0.2829	0.6228	1.7544	4.4848E-3	16.533	12.303	717.806
742000000	6.352	8.943	0.3927	0.1678	0.2066	0.2328	0.3415	0.1988	0.1835	0.2762	0.6084	1.7833	4.4053E-3	16.185	12.079	718.652
743000000	6.692	9.129	0.3917	0.1686	0.2137	0.2261	0.3664	0.1878	0.1765	0.2693	0.6085	1.7829	4.4459E-3	15.198	12.467	714.196
744000000	6.665	9.049	0.3802	0.1751	0.2247	0.2200	0.3671	0.1793	0.1840	0.2696	0.6411	1.7179	4.4888E-3	15.089	12.642	691.619
745000000	6.715	9.155	0.3826	0.1735	0.2127	0.2312	0.3545	0.1862	0.1785	0.2807	0.6114	1.7772	4.4557E-3	15.617	12.279	710.746
746000000	6.386	8.948	0.4053	0.1651	0.2129	0.2167	0.3556	0.1889	0.1814	0.2741	0.6211	1.7579	4.5689E-3	15.071	12.012	695.657
747000000	5.867	8.595	0.4131	0.1659	0.1988	0.2221	0.3598	0.1814	0.1838	0.2749	0.6258	1.7484	4.511E-3	15.913	12.451	711.249
748000000	6.733	9.158	0.3979	0.1665	0.2161	0.2195	0.3473	0.1912	0.1838	0.2777	0.6168	1.7664	4.305E-3	17.171	12.758	739.139
749000000	7.276	8.523	0.4041	0.1657	0.2051	0.2250	0.3355	0.2024	0.1791	0.2830	0.6089	1.7822	4.4611E-3	16.322	12.331	708.100
750000000	6.789	8.501	0.4071	0.1695	0.2123	0.2111	0.3405	0.2027	0.1808	0.2760	0.6037	1.7925	4.5351E-3	15.117	12.735	692.325
751000000	6.066	8.903	0.3824	0.1698	0.2173	0.2305	0.3556	0.1890	0.1795	0.2759	0.5911	1.8178	4.5251E-3	15.608	12.491	710.952
752000000	6.504	8.806	0.4042	0.1613	0.2156	0.2189	0.3386	0.1942	0.1832	0.2841	0.6045	1.7911	4.5268E-3	15.593	12.268	707.485
753000000	6.554	7.979	0.3896	0.1634	0.2168	0.2302	0.3476	0.1885	0.1828	0.2810	0.6287	1.7427	4.3809E-3	16.241	12.883	722.058
754000000	6.400	9.283	0.3955	0.1755	0.2062	0.2228	0.3580	0.1924	0.1765	0.2731	0.6139	1.7723	4.3785E-3	16.232	12.219	715.912
755000000	6.531	8.728	0.3835	0.1632	0.2045	0.2489	0.3522	0.1794	0.1827	0.2856	0.6090	1.7821	4.4702E-3	16.223	12.421	710.467
756000000	5.752	8.768	0.3919	0.1729	0.2109	0.2243	0.3570	0.1885	0.1831	0.2714	0.6252	1.7496	4.2983E-3	16.420	12.592	719.396
757000000	6.671	8.448	0.3895	0.1607	0.2175	0.2324	0.3517	0.1836	0.1756	0.2891	0.6289	1.7423	4.5015E-3	15.601	12.505	710.746
758000000	7.192	8.498	0.3864	0.1659	0.2235	0.2242	0.3521	0.1893	0.1853	0.2732	0.6058	1.7884	4.52E-3	15.721	12.189	708.811
759000000	6.930	9.058	0.4030	0.1702	0.2133	0.2135	0.3460	0.1974	0.1805	0.2761	0.6125	1.7750	4.3306E-3	16.379	12.257	720.999
760000000	6.213	8.305	0.3764	0.1779	0.2163	0.2294	0.3535	0.1945	0.1959	0.2561	0.6136	1.7729	4.6091E-3	15.255	12.175	700.751
761000000	6.085	8.932	0.3956	0.1606	0.2193	0.2245	0.3677	0.1771	0.1854	0.2698	0.6239	1.7521	4.4378E-3	16.540	12.452	718.897
762000000	6.441	9.293	0.3829	0.1600	0.2218	0.2353	0.3587	0.1870	0.1744	0.2799	0.6132	1.7737	4.4255E-3	17.162	12.610	721.504
763000000	6.965	8.712	0.4016	0.1751	0.1986	0.2248	0.3542	0.1953	0.1746	0.2760	0.6155	1.7689	4.4443E-3	16.381	12.977	721.249
764000000	6.447	8.826	0.3975	0.1725	0.1951	0.2349	0.3579	0.1917	0.1767	0.2737	0.6314	1.7371	4.3859E-3	15.730	12.388	712.080
765000000	7.014	8.488	0.3974	0.1830	0.2024	0.2171	0.3578	0.1898	0.1692	0.2832	0.6186	1.7627	4.6878E-3	15.573	12.880	684.928
766000000	5.985	8.615	0.3913	0.1755	0.2094	0.2238	0.3422	0.1878	0.1927	0.2772	0.6319	1.7361	4.4675E-3	16.785	12.133	725.791
767000000	7.022	8.589	0.3941	0.1585	0.2184	0.2290	0.3558	0.1926	0.1842	0.2674	0.6367	1.7265	4.4051E-3	17.130	12.494	731.505
768000000	5.973	9.291	0.3841	0.1689	0.2231	0.2239	0.3568	0.1934	0.1785	0.2713	0.6187	1.7626	4.4334E-3	16.970	12.343	732.224
769000000	6.307	9.403	0.3924	0.1719	0.2216	0.2141	0.3676	0.1900	0.1709	0.2714	0.6137	1.7726	4.5795E-3	15.539	12.499	705.911
770000000	6.281	9.160	0.3778	0.1801	0.2054	0.2367	0.3510	0.1902	0.1766	0.2821	0.6178	1.7645	4.4895E-3	15.237	12.707	713.986
771000000	7.151	8.738	0.3865	0.1675	0.2196	0.2263	0.3580	0.1878	0.1680	0.2863	0.6191	1.7618	4.3855E-3	16.177	12.166	715.595
772000000	6.352	9.013	0.3912	0.1648	0.2201	0.2239	0.3476	0.1812	0.1816	0.2895	0.6078	1.7843	4.429E-3	16.216	12.324	718.429
773000000	6.389	8.903	0.3849	0.1695	0.2099	0.2357	0.3523	0.2013	0.1751	0.2713	0.6485	1.7030	4.3355E-3	17.065	12.400	735.794
774000000	6.216	9.133	0.4006	0.1679	0.2171	0.2145	0.3659	0.1942	0.1742	0.2657	0.6082	1.7835	4.4441E-3	16.424	12.359	710.523
775000000	6.754	8.991	0.3994	0.1728	0.2007	0.2271	0.3345	0.2009	0.1793	0.2852	0.6129	1.7742	4.4661E-3	15.838	12.472	712.223
776000000	6.035	8.968	0.3956	0.1597	0.2297	0.2149	0.3505	0.1926	0.1838	0.2730	0.6115	1.7769	4.365E-3	16.686	12.521	720.932
777000000	6.458	8.685	0.3960	0.1632	0.2133	0.2274	0.3636	0.1829	0.1886	0.2649	0.6086	1.7828	4.2939E-3	16.432	12.635	729.275
778000000	7.290	9.349	0.3869	0.1688	0.2082	0.2361	0.3595	0.1933	0.1874	0.2599	0.6277	1.7445	4.6941E-3	14.517	12.475	694.738
779000000	6.842	8.866	0.4083	0.1767	0.2118	0.2032	0.3408	0.1976	0.1720	0.2896	0.6299	1.7402	4.5408E-3	15.391	12.420	698.052
780000000	6.572	8.914	0.3978	0.1691	0.2095	0.2237	0.3560	0.1984	0.1782	0.2673	0.6192	1.7616	4.2455E-3	16.719	12.167	735.499
781000000	6.675	9.513	0.3972	0.1821	0.2043	0.2164	0.3475	0.1889	0.1773	0.2864	0.6151	1.7699	4.4436E-3	16.052	12.298	706.740
782000000	6.331	8.905	0.3834	0.1636	0.2166	0.2365	0.3617	0.1902	0.1693	0.2788	0.6178	1.7644	4.4142E-3	15.992	12.634	711.091
783000000	6.337	9.107	0.4021	0.1588	0.2004	0.2387	0.3492	0.1922	0.1871	0.2715	0.6056	1.7888	4.4888E-3	16.226	12.600	709.646
784000000	6.038	9.411	0.3868	0.1689	0.2191	0.2253	0.3588	0.1871	0.1876	0.2665	0.6167	1.7665	4.5889E-3	15.980	12.246	711.813
785000000	7.005	8.582	0.3914	0.1745	0.2134	0.2206	0.3402	0.1853	0.1776	0.2968	0.6328	1.7344	4.4463E-3	17.215	12.631	726.741
786000000	6.098	8.611	0.3902	0.1628	0.2245	0.2225	0.3501	0.1882	0.1883	0.2735	0.6051	1.7899	4.5348E-3	15.910	13.233	705.115
787000000	6.274	8.608	0.3948	0.1777	0.2223	0.2052	0.3449	0.1851	0.1757	0.2943	0.6152	1.7697	4.4073E-3	15.567	12.162	709.589
788000000	6.052	8.905	0.3901	0.1659	0.2259	0.2180	0.3347	0.1815	0.1876	0.2962	0.6314	1.7371	4.578E-3	16.078	12.215	707.715
789000000	6.312	7.947	0.3832	0.1651	0.2182	0.2335	0.3498	0.1894	0.1826	0.2782	0.6306	1.7388	4.4115E-3	16.190	12.657	719.429
790000000	6.385	8.727	0.3938	0.1665	0.2174	0.2223	0.3540	0.1940	0.1759	0.2761	0.6169	1.7661	4.5258E-3	15.788	12.565	717.491
791000000	6.929	8.506	0.4020	0.1594	0.2199	0.2188	0.3559	0.1868	0.1852	0.2722	0.6219	1.7561	4.3603E-3	17.068	12.419	731.552
792000000	6.385	9.276	0.3914	0.1811	0.2115	0.2159	0.3576	0.1899	0.1821	0.2703	0.6265	1.7471	4.4123E-3	15.641	12.804	714.685
793000000	6.349	8.861	0.3903	0.1552	0.2101	0.2444	0.3427	0.1958	0.1786	0.2829	0.6282	1.7435	4.3798E-3	17.045	12.363	725.445
794000000	6.095	8.742	0.3771	0.1765	0.2154	0.2311	0.3617	0.1855	0.1731	0.2796	0.6345	1.7310	4.3486E-3	16.936	12.260	729.963
795000000	6.550	9.248	0.3917	0.1669	0.2243	0.2172	0.3524	0.1891	0.1817	0.2768	0.6144	1.7712	4.3908E-3	16.816	12.957	723.462
796000000	6.135	9.076	0.3844	0.1813	0.2113	0.2230	0.3478	0.1846	0.1870	0.2806	0.6305	1.7390	4.4845E-3	16.251	12.515	723.640
797000000	6.668	8.576	0.3999	0.1819	0.2131	0.2051	0.3484	0.1900	0.1847	0.2768	0.6078	1.7844	4.1889E-3	16.437	13.150	725.636
798000000	6.399	8.901	0.3906	0.1725	0.2222	0.2147	0.3522	0.1882	0.1763	0.2833	0.6205	1.7590	4.4926E-3	16.679	12.593	714.284
799000000	6.811	8.703	0.4147	0.1642	0.2027	0.2184	0.3480	0.1853	0.1868	0.2800	0.6040	1.7921	4.5401E-3	14.782	12.328	693.628
800000000	6.207	8.396	0.3835	0.1726	0.2158	0.2281	0.3612	0.1937	0.1800	0.2651	0.6274	1.7451	4.7013E-3	15.012	12.187	701.257
