state	cp12.kappa	cp3.kappa	cp12.frequencies1	cp12.frequencies2	cp12.frequencies3	cp12.frequencies4	cp3.frequencies1	cp3.frequencies2	cp3.frequencies3	cp3.frequencies4	cp12.mu	cp3.mu	clock.rate	constant.popSize	rootHeight	treeLength
1000000	6.425	9.026	0.3904	0.1636	0.2218	0.2243	0.3609	0.1941	0.1729	0.2721	0.6225	1.7549	4.3427E-3	16.017	12.308	704.328
2000000	5.859	8.998	0.3852	0.1712	0.2305	0.2132	0.3507	0.1915	0.1700	0.2878	0.6301	1.7398	4.3931E-3	17.076	12.764	729.582
3000000	6.247	9.803	0.4014	0.1747	0.2053	0.2185	0.3835	0.1920	0.1690	0.2555	0.6313	1.7374	4.45E-3	16.014	12.294	716.628
4000000	6.225	8.845	0.3968	0.1681	0.2185	0.2167	0.3746	0.1918	0.1782	0.2554	0.6312	1.7377	4.5347E-3	16.302	12.732	722.812
5000000	6.710	9.090	0.3881	0.1715	0.2114	0.2290	0.3421	0.1913	0.1837	0.2828	0.6156	1.7688	4.1683E-3	17.176	12.759	753.584
6000000	6.666	8.853	0.3908	0.1611	0.2283	0.2198	0.3615	0.1969	0.1751	0.2665	0.6115	1.7770	4.4086E-3	16.981	12.531	721.367
7000000	6.246	8.298	0.3975	0.1580	0.2183	0.2262	0.3710	0.1831	0.1877	0.2582	0.6082	1.7836	4.4143E-3	15.965	12.235	719.569
8000000	6.226	9.237	0.4132	0.1694	0.1940	0.2235	0.3427	0.1911	0.1895	0.2767	0.5961	1.8078	4.419E-3	16.296	12.540	710.702
9000000	5.635	9.130	0.4003	0.1630	0.2130	0.2237	0.3637	0.1914	0.1720	0.2728	0.6141	1.7718	4.5104E-3	16.124	12.900	705.004
10000000	6.543	9.351	0.3914	0.1729	0.2086	0.2272	0.3572	0.1918	0.1720	0.2790	0.6296	1.7407	4.2784E-3	16.503	12.432	716.477
11000000	6.014	8.528	0.3885	0.1756	0.2240	0.2119	0.3398	0.2025	0.1915	0.2663	0.6113	1.7773	4.4633E-3	16.658	12.235	721.414
12000000	6.324	8.357	0.3981	0.1786	0.2035	0.2198	0.3546	0.1856	0.1794	0.2804	0.6423	1.7153	4.4202E-3	15.539	12.514	717.363
13000000	6.517	8.647	0.3699	0.1694	0.2253	0.2354	0.3663	0.1896	0.1777	0.2664	0.6171	1.7657	4.2662E-3	16.121	12.048	728.290
14000000	6.757	9.082	0.3920	0.1693	0.2092	0.2295	0.3492	0.1933	0.1677	0.2897	0.6230	1.7539	4.3139E-3	15.772	12.256	709.139
15000000	5.970	8.436	0.4016	0.1651	0.2088	0.2246	0.3566	0.1871	0.1832	0.2731	0.5993	1.8014	4.2587E-3	17.163	12.501	741.849
16000000	6.360	9.147	0.3837	0.1752	0.2204	0.2208	0.3522	0.1946	0.1764	0.2769	0.6157	1.7686	4.4425E-3	16.377	12.312	722.871
17000000	6.057	8.537	0.4000	0.1658	0.2074	0.2268	0.3620	0.1851	0.1733	0.2796	0.6317	1.7366	4.2726E-3	15.953	12.809	732.218
18000000	6.493	8.993	0.4104	0.1694	0.2085	0.2118	0.3595	0.1848	0.1724	0.2832	0.6243	1.7515	4.286E-3	18.228	12.625	734.935
19000000	6.476	9.590	0.3887	0.1716	0.2177	0.2221	0.3512	0.2046	0.1815	0.2626	0.6104	1.7792	4.5041E-3	16.101	12.418	707.475
20000000	6.941	9.597	0.3827	0.1612	0.2168	0.2393	0.3535	0.2007	0.1766	0.2692	0.6279	1.7442	4.3949E-3	15.240	12.777	720.490
21000000	6.539	8.739	0.3870	0.1705	0.2175	0.2249	0.3629	0.1975	0.1815	0.2580	0.6239	1.7521	4.312E-3	17.677	12.207	728.662
22000000	6.239	8.884	0.3925	0.1687	0.2219	0.2168	0.3415	0.1915	0.1869	0.2801	0.6302	1.7396	4.3664E-3	16.171	12.297	719.124
23000000	6.240	8.987	0.3831	0.1612	0.2211	0.2346	0.3644	0.1772	0.1814	0.2769	0.6128	1.7744	4.2602E-3	17.274	12.441	732.360
24000000	6.018	9.443	0.4082	0.1609	0.2152	0.2157	0.3563	0.1954	0.1807	0.2675	0.6028	1.7943	4.4076E-3	16.084	12.768	722.482
25000000	6.723	9.004	0.3841	0.1660	0.2246	0.2253	0.3661	0.1858	0.1793	0.2688	0.6599	1.6801	4.4246E-3	16.412	12.160	714.869
26000000	6.368	8.567	0.3887	0.1747	0.2140	0.2226	0.3426	0.1866	0.1809	0.2900	0.6195	1.7610	4.4133E-3	16.259	12.720	711.919
27000000	6.273	8.781	0.3887	0.1672	0.2115	0.2325	0.3394	0.1921	0.1849	0.2836	0.6020	1.7961	4.3787E-3	16.996	12.772	734.593
28000000	6.306	8.784	0.3987	0.1712	0.2243	0.2057	0.3567	0.1967	0.1785	0.2681	0.6155	1.7690	4.505E-3	16.386	12.263	703.832
29000000	6.910	8.798	0.3986	0.1696	0.2102	0.2216	0.3571	0.1916	0.1744	0.2769	0.6235	1.7529	4.4227E-3	16.289	12.559	722.001
30000000	6.364	8.864	0.3860	0.1671	0.2155	0.2314	0.3432	0.1876	0.1859	0.2832	0.6302	1.7395	4.3393E-3	16.828	12.373	736.560
31000000	6.356	8.732	0.3973	0.1798	0.2072	0.2158	0.3647	0.1813	0.1871	0.2669	0.6212	1.7576	4.515E-3	15.347	12.626	709.210
32000000	6.728	8.590	0.3859	0.1748	0.2103	0.2290	0.3467	0.1910	0.1854	0.2769	0.6353	1.7294	4.2895E-3	16.327	12.369	726.487
33000000	6.553	8.957	0.3838	0.1694	0.2207	0.2262	0.3386	0.1986	0.1839	0.2789	0.6104	1.7793	4.3163E-3	17.368	13.079	741.673
34000000	6.769	9.951	0.4032	0.1593	0.2066	0.2309	0.3696	0.1886	0.1631	0.2788	0.6210	1.7580	4.3901E-3	16.574	12.395	715.107
35000000	6.545	9.160	0.3926	0.1813	0.2121	0.2140	0.3411	0.1982	0.1749	0.2858	0.6064	1.7872	4.3825E-3	15.626	12.425	719.897
36000000	6.198	8.997	0.3845	0.1644	0.2229	0.2282	0.3429	0.2077	0.1828	0.2667	0.6340	1.7321	4.4813E-3	15.824	12.369	721.884
37000000	6.500	8.857	0.4058	0.1652	0.2151	0.2138	0.3484	0.1831	0.1833	0.2853	0.6284	1.7432	4.4997E-3	15.966	12.228	719.025
38000000	6.369	9.744	0.3981	0.1583	0.2294	0.2142	0.3754	0.1754	0.1731	0.2761	0.6362	1.7276	4.2633E-3	16.270	12.416	724.410
39000000	6.844	8.827	0.4091	0.1654	0.2111	0.2144	0.3481	0.2031	0.1771	0.2717	0.6063	1.7873	4.5294E-3	15.352	12.420	700.850
40000000	6.522	8.757	0.3953	0.1605	0.2189	0.2253	0.3512	0.1794	0.1813	0.2881	0.6258	1.7484	4.5029E-3	16.478	12.027	700.789
41000000	6.297	8.320	0.4003	0.1614	0.2086	0.2297	0.3478	0.1783	0.1818	0.2921	0.6185	1.7630	4.3788E-3	16.717	12.398	719.768
42000000	6.450	8.747	0.3887	0.1733	0.2057	0.2322	0.3551	0.1965	0.1761	0.2723	0.6171	1.7658	4.4754E-3	15.572	12.679	700.391
43000000	6.550	8.527	0.3917	0.1687	0.2194	0.2202	0.3550	0.1908	0.1810	0.2732	0.6206	1.7588	4.4821E-3	15.222	12.734	714.320
44000000	6.710	8.732	0.3838	0.1671	0.2224	0.2267	0.3613	0.1889	0.1762	0.2736	0.6009	1.7981	4.3815E-3	16.555	12.262	724.266
45000000	5.931	8.508	0.4041	0.1670	0.2194	0.2094	0.3570	0.1961	0.1747	0.2722	0.6153	1.7694	4.3942E-3	16.550	12.814	717.730
46000000	6.376	9.166	0.4002	0.1701	0.2170	0.2127	0.3436	0.1936	0.1819	0.2808	0.6146	1.7707	4.2556E-3	16.457	12.348	735.227
47000000	7.482	8.493	0.4018	0.1543	0.2146	0.2294	0.3368	0.1931	0.1714	0.2986	0.6160	1.7680	4.3446E-3	16.389	12.041	716.776
48000000	7.094	9.645	0.3986	0.1623	0.2038	0.2353	0.3448	0.1859	0.1873	0.2820	0.6189	1.7623	4.3374E-3	16.735	12.760	736.018
49000000	6.570	8.172	0.3763	0.1726	0.2098	0.2413	0.3512	0.1889	0.1781	0.2817	0.6207	1.7586	4.4564E-3	15.637	12.109	713.278
50000000	5.875	9.254	0.4003	0.1683	0.2171	0.2142	0.3493	0.1981	0.1846	0.2680	0.6143	1.7713	4.3333E-3	16.584	12.538	734.536
51000000	6.386	9.130	0.4007	0.1650	0.2043	0.2301	0.3568	0.1924	0.1749	0.2758	0.6006	1.7988	4.4392E-3	15.667	12.316	713.074
52000000	5.703	8.324	0.3876	0.1565	0.2189	0.2370	0.3552	0.1762	0.1860	0.2825	0.6301	1.7397	4.3951E-3	15.936	12.539	707.140
53000000	6.526	9.897	0.3916	0.1651	0.2172	0.2261	0.3516	0.1931	0.1797	0.2756	0.6361	1.7279	4.3089E-3	16.462	12.718	727.561
54000000	6.306	8.417	0.4047	0.1636	0.2072	0.2245	0.3641	0.1836	0.1811	0.2712	0.6083	1.7835	4.271E-3	17.386	12.281	737.693
55000000	6.843	9.059	0.3972	0.1710	0.2241	0.2076	0.3489	0.1832	0.1867	0.2811	0.6314	1.7371	4.5127E-3	15.711	12.419	714.470
56000000	6.786	8.800	0.3788	0.1796	0.2165	0.2250	0.3593	0.1851	0.1725	0.2831	0.6149	1.7701	4.4666E-3	15.873	12.588	713.239
57000000	6.302	9.168	0.3905	0.1637	0.2220	0.2238	0.3498	0.1783	0.1837	0.2881	0.6289	1.7421	4.4467E-3	15.810	12.371	702.957
58000000	6.517	8.642	0.4006	0.1556	0.2236	0.2202	0.3466	0.1785	0.1864	0.2885	0.6194	1.7611	4.5166E-3	16.026	12.604	719.792
59000000	6.092	9.435	0.3892	0.1662	0.2182	0.2264	0.3616	0.1931	0.1721	0.2732	0.6311	1.7378	4.3491E-3	17.020	12.824	734.920
60000000	6.377	9.461	0.4034	0.1703	0.2040	0.2223	0.3459	0.1946	0.1825	0.2770	0.6104	1.7792	4.3661E-3	16.433	11.981	711.937
61000000	6.653	9.636	0.3833	0.1749	0.2124	0.2293	0.3611	0.1838	0.1816	0.2735	0.6191	1.7619	4.3814E-3	15.881	12.009	710.738
62000000	6.362	9.174	0.3966	0.1665	0.2036	0.2333	0.3535	0.1865	0.1905	0.2696	0.6326	1.7347	4.4219E-3	16.629	12.992	720.621
63000000	6.840	9.283	0.4035	0.1711	0.2071	0.2183	0.3487	0.1856	0.1869	0.2788	0.6057	1.7886	4.2528E-3	16.433	12.343	740.063
64000000	6.705	9.229	0.3893	0.1670	0.2163	0.2274	0.3399	0.1968	0.1838	0.2795	0.6308	1.7385	4.3896E-3	16.222	12.872	716.758
65000000	6.702	8.817	0.3919	0.1597	0.2111	0.2373	0.3632	0.1930	0.1763	0.2676	0.6119	1.7762	4.4086E-3	16.023	12.698	708.279
66000000	6.163	9.595	0.3951	0.1622	0.2078	0.2349	0.3495	0.1856	0.1794	0.2856	0.6343	1.7313	4.4331E-3	17.111	12.782	735.491
67000000	6.933	8.606	0.3998	0.1656	0.2095	0.2250	0.3592	0.1949	0.1853	0.2605	0.6164	1.7672	4.3956E-3	16.668	12.386	719.685
68000000	6.613	9.603	0.3850	0.1679	0.2176	0.2295	0.3607	0.1890	0.1808	0.2696	0.6047	1.7906	4.5959E-3	14.906	12.201	680.771
69000000	6.524	9.357	0.3868	0.1755	0.2133	0.2244	0.3483	0.1984	0.1823	0.2710	0.6197	1.7606	4.4868E-3	16.541	12.580	718.229
70000000	6.231	8.813	0.3919	0.1707	0.2111	0.2263	0.3566	0.1819	0.1813	0.2803	0.6232	1.7535	4.4677E-3	16.579	12.629	719.469
71000000	6.355	8.858	0.4008	0.1695	0.2152	0.2146	0.3505	0.2000	0.1794	0.2702	0.6155	1.7689	4.5405E-3	15.702	13.167	701.687
72000000	6.492	8.524	0.3901	0.1775	0.2155	0.2169	0.3482	0.1883	0.1824	0.2811	0.6190	1.7619	4.3113E-3	17.005	12.345	729.661
73000000	5.960	9.592	0.3895	0.1772	0.2164	0.2169	0.3562	0.1850	0.1874	0.2714	0.6300	1.7401	4.601E-3	15.752	12.375	700.969
74000000	6.190	8.551	0.3941	0.1497	0.2126	0.2436	0.3650	0.1932	0.1738	0.2680	0.6113	1.7775	4.491E-3	15.470	12.329	714.601
75000000	6.545	8.707	0.3855	0.1648	0.2204	0.2293	0.3546	0.1926	0.1913	0.2615	0.6287	1.7426	4.5103E-3	15.755	12.044	708.836
76000000	5.917	8.536	0.4048	0.1688	0.2059	0.2205	0.3503	0.1874	0.1907	0.2716	0.6125	1.7750	4.4677E-3	17.022	12.689	724.854
77000000	6.402	10.034	0.3874	0.1743	0.2211	0.2172	0.3774	0.1937	0.1768	0.2521	0.6261	1.7477	4.4334E-3	17.108	12.368	733.964
78000000	6.685	8.359	0.3942	0.1666	0.2176	0.2217	0.3580	0.1971	0.1877	0.2572	0.6295	1.7410	4.3106E-3	17.278	12.596	739.377
79000000	6.915	8.731	0.3937	0.1706	0.2127	0.2229	0.3473	0.2009	0.1699	0.2820	0.6288	1.7425	4.4623E-3	16.464	12.012	716.250
80000000	5.969	9.030	0.4018	0.1760	0.2002	0.2220	0.3455	0.2016	0.1754	0.2775	0.6059	1.7883	4.4819E-3	16.392	12.492	720.809
81000000	6.349	8.411	0.3867	0.1772	0.2132	0.2229	0.3459	0.1981	0.1775	0.2785	0.6139	1.7721	4.4278E-3	16.784	12.131	722.847
82000000	6.514	9.118	0.3912	0.1759	0.2109	0.2220	0.3482	0.1962	0.1860	0.2697	0.6103	1.7795	4.2604E-3	17.016	12.174	720.957
83000000	6.376	9.340	0.4080	0.1631	0.2083	0.2207	0.3573	0.1998	0.1736	0.2693	0.6414	1.7172	4.4036E-3	15.797	12.183	720.239
84000000	6.860	8.924	0.3880	0.1704	0.2092	0.2324	0.3446	0.1923	0.1931	0.2699	0.6198	1.7603	4.3701E-3	16.668	12.576	719.438
85000000	6.783	8.743	0.3815	0.1786	0.2255	0.2144	0.3474	0.1851	0.1906	0.2768	0.6340	1.7321	4.5152E-3	16.081	12.071	706.661
86000000	6.846	9.032	0.3858	0.1797	0.2134	0.2211	0.3512	0.1852	0.1793	0.2842	0.6348	1.7304	4.3812E-3	15.767	12.572	718.706
87000000	6.632	8.892	0.4003	0.1553	0.2280	0.2164	0.3531	0.1821	0.1775	0.2874	0.6179	1.7642	4.3905E-3	16.340	12.404	726.342
88000000	6.270	8.378	0.3844	0.1734	0.2090	0.2333	0.3612	0.1837	0.1713	0.2837	0.6281	1.7438	4.4532E-3	15.817	12.244	702.696
89000000	6.595	9.509	0.3988	0.1665	0.2044	0.2303	0.3404	0.1924	0.1764	0.2907	0.6174	1.7653	4.4118E-3	16.138	12.258	703.933
90000000	6.326	9.094	0.4039	0.1704	0.2056	0.2201	0.3629	0.1865	0.1758	0.2748	0.6081	1.7838	4.4595E-3	15.445	12.534	699.216
91000000	7.288	8.901	0.3921	0.1770	0.2145	0.2164	0.3639	0.1926	0.1708	0.2727	0.6148	1.7704	4.453E-3	15.141	12.290	706.882
92000000	6.709	8.316	0.4087	0.1620	0.2120	0.2174	0.3585	0.1965	0.1741	0.2709	0.6309	1.7383	4.5962E-3	15.759	12.439	708.561
93000000	6.739	9.064	0.3817	0.1620	0.2117	0.2446	0.3394	0.1963	0.1803	0.2840	0.6321	1.7358	4.2691E-3	16.731	12.505	723.831
94000000	6.324	9.331	0.3834	0.1723	0.2118	0.2324	0.3608	0.1940	0.1711	0.2741	0.6366	1.7269	4.3892E-3	16.987	12.432	726.790
95000000	6.450	9.696	0.3977	0.1764	0.2182	0.2077	0.3398	0.1993	0.1812	0.2797	0.5952	1.8095	4.4397E-3	16.471	12.589	723.553
96000000	6.657	8.533	0.4057	0.1610	0.2052	0.2281	0.3354	0.1953	0.1769	0.2924	0.6110	1.7781	4.1264E-3	16.470	13.129	745.868
97000000	7.026	8.792	0.4045	0.1663	0.2105	0.2187	0.3610	0.1797	0.1788	0.2805	0.6437	1.7127	4.2958E-3	16.148	12.253	724.040
98000000	6.423	8.600	0.3888	0.1687	0.2152	0.2273	0.3480	0.2014	0.1762	0.2743	0.6205	1.7590	4.3144E-3	15.790	12.492	721.487
99000000	6.344	8.867	0.3886	0.1672	0.2094	0.2348	0.3511	0.1898	0.1849	0.2742	0.6104	1.7792	4.2196E-3	17.346	12.858	738.883
100000000	6.580	8.567	0.3971	0.1557	0.2227	0.2245	0.3693	0.1829	0.1758	0.2721	0.6211	1.7578	4.32E-3	15.801	13.350	722.208
101000000	6.232	8.795	0.3900	0.1743	0.2059	0.2298	0.3470	0.2019	0.1750	0.2760	0.6333	1.7334	4.4767E-3	16.247	12.725	723.063
102000000	6.361	8.997	0.4040	0.1668	0.2082	0.2210	0.3463	0.1970	0.1864	0.2702	0.6177	1.7646	4.5105E-3	16.425	12.558	720.909
103000000	6.465	9.317	0.3942	0.1715	0.2025	0.2318	0.3555	0.1961	0.1769	0.2715	0.6237	1.7525	4.2232E-3	16.201	12.431	723.438
104000000	6.087	9.068	0.3980	0.1790	0.2164	0.2066	0.3582	0.1947	0.1726	0.2744	0.6304	1.7393	4.4199E-3	16.630	12.229	714.278
105000000	5.976	8.521	0.4056	0.1682	0.2106	0.2156	0.3454	0.2030	0.1779	0.2736	0.6098	1.7804	4.3186E-3	16.703	12.464	726.735
106000000	6.519	9.433	0.4089	0.1594	0.2090	0.2227	0.3677	0.1872	0.1693	0.2758	0.6221	1.7559	4.3493E-3	16.010	12.770	724.816
107000000	6.168	9.306	0.3983	0.1735	0.2092	0.2189	0.3661	0.1932	0.1703	0.2704	0.6309	1.7381	4.4716E-3	15.967	12.329	710.787
108000000	6.115	9.827	0.4012	0.1619	0.2156	0.2213	0.3588	0.1881	0.1750	0.2782	0.6271	1.7458	4.6118E-3	16.579	12.483	715.906
109000000	6.908	9.359	0.3936	0.1686	0.2037	0.2341	0.3684	0.1865	0.1777	0.2675	0.6353	1.7294	4.5137E-3	15.101	12.350	694.889
110000000	5.942	8.598	0.4009	0.1708	0.2220	0.2063	0.3412	0.1859	0.1863	0.2866	0.6179	1.7642	4.5234E-3	16.068	12.193	706.466
111000000	6.274	8.753	0.3913	0.1769	0.2132	0.2186	0.3477	0.1807	0.1775	0.2940	0.6138	1.7724	4.4702E-3	15.958	12.487	713.278
112000000	6.009	9.070	0.3935	0.1654	0.2259	0.2151	0.3606	0.1913	0.1855	0.2626	0.6261	1.7479	4.3362E-3	16.565	12.357	728.928
113000000	6.243	8.461	0.3957	0.1624	0.2174	0.2246	0.3526	0.1919	0.1763	0.2793	0.6304	1.7393	4.4985E-3	16.287	12.459	716.960
114000000	6.418	9.178	0.4062	0.1647	0.2144	0.2147	0.3564	0.1812	0.1861	0.2763	0.6096	1.7808	4.3974E-3	15.850	12.518	716.516
115000000	6.524	9.181	0.3951	0.1744	0.2060	0.2244	0.3738	0.1877	0.1711	0.2674	0.6346	1.7308	4.5082E-3	16.372	11.908	711.455
116000000	6.655	9.408	0.3796	0.1627	0.2185	0.2393	0.3772	0.1840	0.1713	0.2675	0.6408	1.7185	4.3058E-3	17.207	13.212	742.966
117000000	6.555	8.254	0.3889	0.1680	0.2301	0.2130	0.3543	0.1971	0.1729	0.2757	0.6274	1.7452	4.3803E-3	17.251	12.457	741.014
118000000	5.717	8.871	0.3977	0.1639	0.2228	0.2156	0.3668	0.1815	0.1806	0.2711	0.6225	1.7551	4.4738E-3	16.310	12.877	725.733
119000000	6.845	8.418	0.3857	0.1778	0.2155	0.2210	0.3448	0.1983	0.1878	0.2691	0.6331	1.7338	4.5015E-3	16.823	12.537	721.061
120000000	6.601	8.767	0.3969	0.1699	0.2140	0.2192	0.3468	0.1858	0.1880	0.2794	0.6211	1.7578	4.3039E-3	15.901	12.196	704.745
121000000	6.156	8.691	0.4059	0.1699	0.2039	0.2202	0.3349	0.1994	0.1768	0.2889	0.6000	1.8000	4.3729E-3	17.001	13.069	725.029
122000000	6.008	8.958	0.3988	0.1698	0.2063	0.2252	0.3750	0.1870	0.1719	0.2661	0.6395	1.7210	4.3344E-3	16.619	12.486	718.941
123000000	6.376	9.059	0.4064	0.1652	0.2067	0.2217	0.3524	0.1876	0.1752	0.2849	0.6147	1.7706	4.3583E-3	16.224	12.280	726.206
124000000	6.347	8.423	0.3968	0.1677	0.2143	0.2212	0.3640	0.1999	0.1666	0.2696	0.6343	1.7315	4.2673E-3	15.828	12.272	718.585
125000000	6.193	8.506	0.3879	0.1679	0.2186	0.2256	0.3543	0.1876	0.1883	0.2698	0.6238	1.7525	4.4797E-3	15.727	12.621	705.702
126000000	6.359	8.833	0.3824	0.1668	0.2277	0.2231	0.3511	0.1797	0.1915	0.2776	0.6224	1.7552	4.3595E-3	17.097	12.541	738.171
127000000	6.694	8.982	0.3963	0.1682	0.2063	0.2292	0.3636	0.2033	0.1652	0.2679	0.6058	1.7883	4.3053E-3	16.620	12.433	733.355
128000000	6.118	8.520	0.3805	0.1765	0.2139	0.2291	0.3550	0.1901	0.1845	0.2704	0.6177	1.7645	4.6665E-3	16.568	12.027	700.993
129000000	6.214	9.258	0.3828	0.1664	0.2260	0.2247	0.3554	0.1936	0.1869	0.2641	0.6268	1.7464	4.3016E-3	16.662	12.891	727.793
130000000	7.175	8.906	0.3909	0.1710	0.2097	0.2284	0.3494	0.1906	0.1783	0.2817	0.6034	1.7933	4.3629E-3	16.778	12.203	731.917
131000000	6.865	8.492	0.4089	0.1609	0.2208	0.2095	0.3569	0.1926	0.1801	0.2704	0.6319	1.7361	4.4847E-3	16.065	12.475	709.419
132000000	6.191	9.276	0.3967	0.1770	0.2202	0.2061	0.3469	0.2055	0.1801	0.2676	0.6283	1.7435	4.3736E-3	15.858	12.554	727.210
133000000	6.401	8.105	0.3861	0.1739	0.2082	0.2319	0.3448	0.1869	0.1884	0.2798	0.6179	1.7642	4.6166E-3	15.460	12.758	692.896
134000000	6.306	9.159	0.3774	0.1744	0.2215	0.2267	0.3546	0.2009	0.1731	0.2714	0.6220	1.7560	4.5864E-3	15.764	12.119	703.691
135000000	7.084	8.601	0.3918	0.1645	0.2243	0.2193	0.3433	0.1891	0.1858	0.2819	0.6363	1.7274	4.3961E-3	16.274	13.008	723.529
136000000	6.607	9.102	0.3930	0.1791	0.2107	0.2173	0.3501	0.1756	0.1926	0.2817	0.5953	1.8093	4.4925E-3	16.644	12.200	709.424
137000000	6.440	8.747	0.3911	0.1618	0.2118	0.2353	0.3679	0.1999	0.1761	0.2561	0.6236	1.7528	4.5405E-3	15.289	12.031	689.457
138000000	5.680	9.423	0.3801	0.1823	0.2146	0.2230	0.3714	0.1960	0.1668	0.2658	0.6089	1.7822	4.4872E-3	15.203	12.256	703.279
139000000	6.253	9.390	0.3942	0.1638	0.2028	0.2392	0.3522	0.1872	0.1684	0.2922	0.6061	1.7878	4.5505E-3	15.230	12.250	699.018
140000000	5.863	9.095	0.3928	0.1638	0.2069	0.2365	0.3468	0.2027	0.1739	0.2766	0.6116	1.7768	4.5943E-3	15.040	12.772	689.253
141000000	5.994	8.768	0.3892	0.1710	0.2163	0.2236	0.3460	0.1907	0.1724	0.2909	0.6367	1.7267	4.4004E-3	15.166	12.359	698.578
142000000	6.816	8.879	0.4024	0.1807	0.2047	0.2122	0.3625	0.1895	0.1690	0.2790	0.6215	1.7570	4.571E-3	15.528	13.004	696.149
143000000	6.015	8.370	0.3819	0.1680	0.2158	0.2343	0.3617	0.1882	0.1773	0.2729	0.6081	1.7838	4.2426E-3	16.338	12.729	730.607
144000000	6.625	8.975	0.3970	0.1641	0.2110	0.2279	0.3371	0.1984	0.1820	0.2825	0.6155	1.7690	4.5406E-3	15.084	12.071	694.628
145000000	6.455	9.567	0.4035	0.1541	0.2109	0.2315	0.3565	0.1932	0.1804	0.2699	0.5983	1.8034	4.4993E-3	16.640	12.557	728.400
146000000	6.028	9.312	0.3963	0.1591	0.2135	0.2311	0.3543	0.1855	0.1854	0.2747	0.6166	1.7668	4.3699E-3	16.472	12.688	721.389
147000000	7.263	9.082	0.4034	0.1703	0.2028	0.2235	0.3518	0.1987	0.1795	0.2701	0.6212	1.7577	4.3898E-3	17.219	12.286	713.649
148000000	6.286	8.172	0.3893	0.1692	0.2195	0.2220	0.3529	0.2002	0.1824	0.2645	0.6367	1.7266	4.3081E-3	18.304	12.535	733.683
149000000	5.617	8.914	0.3908	0.1733	0.2172	0.2186	0.3502	0.1856	0.1776	0.2865	0.6179	1.7642	4.4922E-3	16.634	11.963	713.394
150000000	6.293	9.174	0.4061	0.1609	0.2097	0.2234	0.3309	0.1940	0.1838	0.2913	0.6159	1.7681	4.611E-3	15.534	12.528	692.514
151000000	6.687	9.394	0.3838	0.1750	0.2250	0.2161	0.3438	0.1976	0.1754	0.2831	0.6345	1.7310	4.1959E-3	16.492	12.555	737.298
152000000	6.253	8.721	0.4141	0.1650	0.2009	0.2200	0.3538	0.1849	0.1867	0.2746	0.6314	1.7373	4.3628E-3	15.819	12.350	713.301
153000000	6.515	8.626	0.3900	0.1651	0.2183	0.2266	0.3531	0.2017	0.1787	0.2665	0.6144	1.7712	4.4232E-3	15.748	12.660	711.451
154000000	7.395	8.954	0.4032	0.1808	0.2123	0.2037	0.3573	0.1855	0.1815	0.2757	0.6217	1.7566	4.5268E-3	16.719	12.679	715.908
155000000	6.232	8.920	0.4022	0.1712	0.2163	0.2102	0.3504	0.1925	0.1775	0.2795	0.6348	1.7304	4.52E-3	15.157	12.552	699.480
156000000	6.588	8.789	0.4058	0.1579	0.2280	0.2083	0.3677	0.1923	0.1743	0.2657	0.6522	1.6957	4.6115E-3	16.055	12.056	705.501
157000000	5.581	8.978	0.3941	0.1625	0.2161	0.2274	0.3413	0.1975	0.1741	0.2872	0.6149	1.7702	4.3206E-3	15.845	12.487	720.002
158000000	6.661	9.069	0.3975	0.1613	0.2188	0.2225	0.3646	0.1844	0.1769	0.2741	0.6273	1.7454	4.4229E-3	16.810	12.560	729.453
159000000	6.929	8.565	0.3938	0.1780	0.2052	0.2230	0.3493	0.1870	0.1932	0.2706	0.6067	1.7867	4.4251E-3	16.014	12.710	717.546
160000000	6.561	9.710	0.3903	0.1698	0.2191	0.2208	0.3467	0.1901	0.1805	0.2827	0.6268	1.7463	4.5703E-3	16.794	12.432	725.796
161000000	6.249	7.895	0.4006	0.1640	0.2177	0.2177	0.3289	0.2039	0.1925	0.2747	0.6201	1.7598	4.3173E-3	16.674	13.011	735.736
162000000	6.075	9.306	0.3836	0.1697	0.2169	0.2299	0.3530	0.1777	0.1781	0.2912	0.6257	1.7487	4.3814E-3	15.595	12.342	708.969
163000000	6.586	8.952	0.3992	0.1710	0.2119	0.2180	0.3585	0.1886	0.1853	0.2676	0.6260	1.7481	4.4581E-3	16.452	12.186	720.669
164000000	6.434	8.660	0.3901	0.1672	0.2162	0.2265	0.3398	0.1932	0.1816	0.2854	0.6084	1.7832	4.3592E-3	17.076	12.138	720.400
165000000	5.882	8.605	0.3908	0.1724	0.2110	0.2258	0.3608	0.1941	0.1801	0.2649	0.6386	1.7227	4.5249E-3	17.020	12.378	727.949
166000000	6.166	8.933	0.4036	0.1758	0.2060	0.2146	0.3462	0.1917	0.1809	0.2812	0.6189	1.7623	4.4159E-3	15.876	12.443	726.579
167000000	6.585	9.212	0.3999	0.1676	0.2163	0.2162	0.3610	0.1889	0.1859	0.2642	0.6086	1.7828	4.3592E-3	16.553	12.211	718.995
168000000	5.866	9.090	0.3993	0.1572	0.2094	0.2341	0.3501	0.1957	0.1747	0.2795	0.6330	1.7339	4.236E-3	16.828	12.976	738.053
169000000	6.195	8.299	0.3984	0.1651	0.2230	0.2135	0.3539	0.1905	0.1852	0.2704	0.6400	1.7201	4.5588E-3	16.097	11.940	712.495
170000000	6.377	8.901	0.4029	0.1689	0.2200	0.2081	0.3564	0.1947	0.1798	0.2691	0.6193	1.7614	4.4751E-3	15.651	12.561	704.048
171000000	6.844	9.159	0.3949	0.1663	0.2156	0.2233	0.3547	0.1891	0.1800	0.2761	0.6390	1.7219	4.4084E-3	16.401	12.668	727.385
172000000	5.769	9.015	0.4011	0.1664	0.2139	0.2186	0.3418	0.2008	0.1784	0.2790	0.6232	1.7537	4.3514E-3	16.194	12.386	721.541
173000000	6.021	8.422	0.3869	0.1700	0.2204	0.2227	0.3431	0.1997	0.1792	0.2781	0.6251	1.7499	4.4096E-3	16.619	12.372	732.325
174000000	6.389	8.240	0.3975	0.1625	0.2131	0.2269	0.3365	0.1967	0.1848	0.2819	0.6057	1.7887	4.5234E-3	16.444	12.531	706.121
175000000	7.018	8.908	0.3899	0.1647	0.2230	0.2224	0.3465	0.1915	0.1707	0.2912	0.6364	1.7272	4.2967E-3	16.594	13.073	722.090
176000000	6.190	8.743	0.3875	0.1510	0.2220	0.2395	0.3466	0.1876	0.1864	0.2794	0.6312	1.7376	4.3071E-3	17.090	12.459	729.547
177000000	6.446	8.513	0.3947	0.1619	0.2100	0.2335	0.3571	0.1785	0.1867	0.2778	0.6305	1.7389	4.4012E-3	16.609	12.346	725.806
178000000	7.109	9.268	0.3982	0.1675	0.2121	0.2222	0.3413	0.1961	0.1817	0.2809	0.6150	1.7700	4.3393E-3	16.251	12.254	720.376
179000000	6.171	9.282	0.3811	0.1679	0.2261	0.2250	0.3532	0.1967	0.1816	0.2685	0.6495	1.7010	4.3512E-3	16.207	11.809	708.068
180000000	6.381	8.865	0.3755	0.1704	0.2196	0.2345	0.3507	0.1958	0.1760	0.2775	0.6256	1.7488	4.362E-3	16.444	12.423	728.107
181000000	6.067	9.269	0.4041	0.1542	0.2137	0.2280	0.3621	0.1768	0.1800	0.2811	0.6244	1.7512	4.4804E-3	15.786	12.637	710.060
182000000	6.557	8.082	0.3985	0.1669	0.2057	0.2289	0.3415	0.1989	0.1819	0.2777	0.6189	1.7621	4.4744E-3	15.396	12.663	705.817
183000000	6.122	8.635	0.3927	0.1766	0.2045	0.2262	0.3545	0.1943	0.1836	0.2677	0.6013	1.7974	4.2868E-3	16.098	12.505	724.904
184000000	6.472	8.950	0.4048	0.1634	0.2243	0.2075	0.3542	0.1931	0.1794	0.2733	0.6082	1.7837	4.4325E-3	16.421	12.346	721.924
185000000	6.155	8.997	0.3974	0.1647	0.2136	0.2243	0.3519	0.1944	0.1816	0.2721	0.6265	1.7471	4.5231E-3	15.545	12.825	697.935
186000000	6.944	8.644	0.3926	0.1721	0.2182	0.2171	0.3409	0.1881	0.1797	0.2913	0.6331	1.7338	4.4685E-3	15.822	11.859	721.215
187000000	5.986	9.911	0.3879	0.1731	0.2099	0.2290	0.3520	0.1801	0.1709	0.2970	0.6285	1.7430	4.2479E-3	15.382	12.439	716.520
188000000	5.998	9.798	0.4083	0.1566	0.2151	0.2200	0.3529	0.1981	0.1727	0.2763	0.6412	1.7176	4.4312E-3	16.403	12.260	717.365
189000000	5.696	8.809	0.4030	0.1720	0.2187	0.2063	0.3464	0.1931	0.1855	0.2749	0.6380	1.7239	4.6262E-3	14.931	12.682	692.557
190000000	6.917	10.353	0.3836	0.1718	0.2251	0.2194	0.3480	0.1937	0.1821	0.2762	0.6163	1.7673	4.6485E-3	15.461	12.229	686.246
191000000	6.140	9.481	0.3978	0.1649	0.2077	0.2295	0.3467	0.1939	0.1832	0.2762	0.6168	1.7664	4.3464E-3	15.972	12.192	733.467
192000000	6.435	9.064	0.4003	0.1607	0.2110	0.2280	0.3442	0.2008	0.1806	0.2743	0.6156	1.7689	4.4036E-3	16.647	12.319	713.003
193000000	6.660	8.695	0.3860	0.1770	0.2147	0.2222	0.3582	0.1841	0.1713	0.2864	0.6408	1.7183	4.3797E-3	16.576	12.549	721.370
194000000	5.857	8.934	0.3982	0.1595	0.2093	0.2330	0.3520	0.1849	0.1874	0.2756	0.6334	1.7331	4.3569E-3	16.657	12.748	721.753
195000000	6.294	9.161	0.4062	0.1686	0.2096	0.2156	0.3454	0.1918	0.1840	0.2789	0.6039	1.7923	4.447E-3	16.672	13.417	729.868
196000000	6.356	8.867	0.3953	0.1690	0.2217	0.2139	0.3496	0.1850	0.1833	0.2822	0.6247	1.7505	4.3887E-3	16.107	12.366	722.772
197000000	6.538	9.479	0.3865	0.1855	0.2050	0.2230	0.3473	0.1895	0.1833	0.2799	0.6241	1.7517	4.379E-3	16.850	12.472	716.951
198000000	6.339	10.175	0.3903	0.1651	0.2168	0.2278	0.3476	0.1896	0.1755	0.2872	0.6306	1.7388	4.5236E-3	15.065	12.135	694.182
199000000	6.789	7.858	0.4114	0.1651	0.2028	0.2208	0.3523	0.1897	0.1814	0.2765	0.6248	1.7505	4.2586E-3	16.908	12.972	729.633
200000000	6.565	9.050	0.4046	0.1606	0.2049	0.2299	0.3535	0.1918	0.1784	0.2764	0.6306	1.7389	4.477E-3	15.437	12.454	706.917
201000000	6.093	9.127	0.3964	0.1651	0.1992	0.2394	0.3685	0.1844	0.1775	0.2696	0.6252	1.7497	4.3651E-3	15.310	12.612	706.979
202000000	6.238	8.187	0.4011	0.1621	0.2100	0.2268	0.3487	0.2031	0.1740	0.2742	0.6043	1.7913	4.3914E-3	16.536	12.121	723.503
203000000	6.329	9.229	0.3981	0.1654	0.2185	0.2179	0.3587	0.1875	0.1780	0.2759	0.6204	1.7593	4.3698E-3	16.291	12.197	715.317
204000000	6.469	8.139	0.3776	0.1652	0.2212	0.2360	0.3533	0.1911	0.1828	0.2728	0.6105	1.7790	4.3549E-3	16.677	12.405	727.585
205000000	5.890	8.818	0.3936	0.1612	0.2203	0.2249	0.3614	0.1950	0.1757	0.2679	0.6112	1.7776	4.5447E-3	16.896	11.938	716.540
206000000	6.423	8.887	0.3893	0.1634	0.2181	0.2292	0.3504	0.1895	0.1797	0.2804	0.6382	1.7237	4.3975E-3	16.041	12.256	713.301
207000000	6.491	8.791	0.3985	0.1630	0.2216	0.2170	0.3519	0.2055	0.1712	0.2714	0.6428	1.7144	4.4215E-3	16.314	12.682	718.855
208000000	6.591	8.577	0.4164	0.1688	0.2165	0.1983	0.3536	0.1838	0.1800	0.2827	0.6272	1.7455	4.359E-3	15.959	12.521	723.720
209000000	5.863	8.596	0.3944	0.1759	0.2057	0.2240	0.3626	0.1852	0.1869	0.2652	0.6284	1.7432	4.3248E-3	16.652	12.235	721.688
210000000	7.213	9.289	0.4089	0.1587	0.2115	0.2209	0.3575	0.1837	0.1784	0.2804	0.6208	1.7584	4.4345E-3	16.927	12.717	738.255
211000000	6.165	9.008	0.3898	0.1724	0.2211	0.2167	0.3518	0.2004	0.1759	0.2719	0.6228	1.7543	4.333E-3	15.502	12.573	720.697
212000000	7.437	9.207	0.3913	0.1720	0.2191	0.2176	0.3625	0.1890	0.1782	0.2703	0.6146	1.7708	4.4564E-3	15.543	12.042	713.245
213000000	6.308	8.755	0.4000	0.1736	0.1996	0.2268	0.3476	0.2007	0.1693	0.2825	0.6135	1.7729	4.3289E-3	17.667	12.458	730.103
214000000	6.515	8.293	0.3915	0.1658	0.2084	0.2343	0.3602	0.1884	0.1753	0.2760	0.6288	1.7423	4.2816E-3	15.864	12.026	733.960
215000000	6.966	8.149	0.4036	0.1706	0.1970	0.2287	0.3597	0.1874	0.1806	0.2722	0.6174	1.7652	4.3158E-3	16.572	12.478	724.246
216000000	5.813	9.294	0.3949	0.1713	0.2184	0.2154	0.3545	0.1823	0.1876	0.2756	0.6376	1.7247	4.4111E-3	16.559	12.074	715.779
217000000	6.526	8.708	0.3995	0.1582	0.2092	0.2332	0.3597	0.2048	0.1734	0.2621	0.6323	1.7354	4.4477E-3	14.735	12.488	702.173
218000000	6.213	8.771	0.3986	0.1705	0.2114	0.2195	0.3374	0.2001	0.1796	0.2830	0.6365	1.7270	4.3772E-3	16.401	12.401	729.336
219000000	5.900	8.639	0.3971	0.1569	0.2126	0.2334	0.3636	0.1786	0.1769	0.2809	0.6118	1.7764	4.3741E-3	16.479	12.668	725.744
220000000	7.171	8.390	0.3711	0.1747	0.2273	0.2269	0.3564	0.1886	0.1811	0.2740	0.6255	1.7490	4.581E-3	15.963	12.730	709.062
221000000	6.399	9.508	0.3989	0.1759	0.2063	0.2188	0.3569	0.1999	0.1787	0.2645	0.6217	1.7567	4.3869E-3	16.371	12.360	719.391
222000000	6.665	8.828	0.3785	0.1774	0.2211	0.2230	0.3574	0.1995	0.1658	0.2773	0.6198	1.7605	4.4386E-3	16.283	12.856	720.375
223000000	6.292	9.353	0.3821	0.1705	0.2181	0.2293	0.3640	0.1865	0.1790	0.2706	0.6138	1.7725	4.3807E-3	15.924	12.722	716.762
224000000	5.600	9.205	0.3951	0.1769	0.2190	0.2091	0.3575	0.1929	0.1729	0.2767	0.6322	1.7355	4.4278E-3	15.509	12.496	712.151
225000000	6.123	8.185	0.3843	0.1656	0.2277	0.2224	0.3562	0.1873	0.1850	0.2715	0.6276	1.7447	4.4336E-3	17.045	12.816	724.849
226000000	6.684	8.621	0.3976	0.1743	0.2225	0.2056	0.3387	0.1862	0.1876	0.2875	0.6217	1.7566	4.537E-3	16.087	12.522	707.777
227000000	6.828	8.948	0.3999	0.1646	0.2135	0.2219	0.3338	0.1981	0.1878	0.2803	0.6284	1.7431	4.418E-3	16.385	12.321	726.997
228000000	6.663	8.941	0.3856	0.1756	0.2281	0.2106	0.3345	0.1920	0.1834	0.2901	0.6083	1.7835	4.3674E-3	15.998	12.686	718.755
229000000	6.575	9.038	0.3948	0.1661	0.2091	0.2301	0.3482	0.1883	0.1818	0.2817	0.6269	1.7461	4.4518E-3	16.440	12.676	717.794
230000000	5.758	9.145	0.3957	0.1692	0.2115	0.2237	0.3459	0.1964	0.1736	0.2841	0.6158	1.7684	4.3942E-3	16.683	12.524	722.481
231000000	6.716	8.906	0.4173	0.1683	0.2101	0.2043	0.3437	0.1915	0.1701	0.2947	0.6076	1.7847	4.3882E-3	16.978	12.276	717.024
232000000	6.704	9.083	0.3976	0.1620	0.2169	0.2235	0.3387	0.1920	0.1795	0.2899	0.6215	1.7570	4.4417E-3	15.586	12.461	713.043
233000000	7.013	8.995	0.3969	0.1717	0.2056	0.2258	0.3608	0.2034	0.1748	0.2610	0.6340	1.7319	4.5278E-3	16.180	12.501	699.299
234000000	5.967	8.463	0.3897	0.1666	0.2165	0.2272	0.3517	0.1936	0.1851	0.2696	0.6001	1.7998	4.5624E-3	16.071	12.188	710.174
235000000	6.884	8.533	0.4070	0.1668	0.2112	0.2150	0.3624	0.1790	0.1811	0.2775	0.5969	1.8062	4.4143E-3	15.295	12.132	701.516
236000000	6.259	9.388	0.3778	0.1698	0.2138	0.2387	0.3650	0.1900	0.1656	0.2794	0.6176	1.7648	4.455E-3	16.411	12.117	716.226
237000000	6.500	8.691	0.3969	0.1556	0.2171	0.2304	0.3624	0.1945	0.1740	0.2690	0.6303	1.7395	4.5024E-3	15.813	12.407	708.381
238000000	6.396	8.014	0.3919	0.1840	0.2140	0.2100	0.3491	0.1867	0.1886	0.2755	0.6103	1.7795	4.4038E-3	16.990	12.368	725.378
239000000	6.320	8.658	0.3953	0.1680	0.2104	0.2264	0.3654	0.1930	0.1843	0.2574	0.6113	1.7775	4.59E-3	15.034	12.646	680.111
240000000	7.331	8.774	0.3908	0.1786	0.2081	0.2226	0.3685	0.1928	0.1785	0.2603	0.6411	1.7177	4.5496E-3	15.276	12.475	690.150
241000000	6.438	8.185	0.3965	0.1559	0.2270	0.2205	0.3492	0.1861	0.1808	0.2839	0.6215	1.7570	4.4848E-3	16.307	12.651	718.646
242000000	6.109	9.345	0.3815	0.1700	0.2223	0.2263	0.3692	0.1916	0.1651	0.2742	0.6305	1.7389	4.5136E-3	15.215	12.203	701.239
243000000	7.001	8.171	0.3964	0.1634	0.2134	0.2268	0.3566	0.1954	0.1756	0.2724	0.6149	1.7702	4.3597E-3	16.463	12.499	713.645
244000000	6.352	8.589	0.4052	0.1558	0.2254	0.2137	0.3583	0.1939	0.1729	0.2749	0.6399	1.7202	4.3774E-3	16.337	12.669	709.449
245000000	6.311	8.272	0.3901	0.1783	0.2016	0.2300	0.3592	0.1931	0.1758	0.2719	0.6219	1.7562	4.3968E-3	17.194	12.972	731.846
246000000	6.547	9.158	0.3880	0.1749	0.2085	0.2287	0.3626	0.1908	0.1737	0.2728	0.6227	1.7547	4.2082E-3	17.529	12.549	748.164
247000000	5.567	8.895	0.4065	0.1694	0.2069	0.2172	0.3496	0.1946	0.1810	0.2748	0.6238	1.7523	4.6166E-3	15.989	12.803	713.251
248000000	6.031	9.513	0.3956	0.1659	0.2192	0.2193	0.3556	0.1945	0.1787	0.2711	0.6336	1.7328	4.2477E-3	18.021	12.357	741.790
249000000	6.231	9.089	0.4036	0.1685	0.2099	0.2181	0.3467	0.1887	0.1831	0.2815	0.6274	1.7451	4.2254E-3	16.687	12.436	724.782
250000000	5.865	8.819	0.3969	0.1657	0.2139	0.2235	0.3298	0.1946	0.1817	0.2938	0.6264	1.7472	4.2143E-3	17.697	12.354	742.268
251000000	6.895	9.787	0.3760	0.1730	0.2166	0.2344	0.3421	0.1815	0.1814	0.2951	0.6468	1.7065	4.4367E-3	16.407	12.150	723.106
252000000	5.645	9.197	0.4092	0.1698	0.2092	0.2118	0.3492	0.1897	0.1804	0.2807	0.6031	1.7939	4.5091E-3	15.982	12.590	707.142
253000000	5.946	8.785	0.4063	0.1720	0.2038	0.2179	0.3460	0.1997	0.1817	0.2726	0.6173	1.7654	4.2845E-3	16.680	12.202	726.516
254000000	6.504	8.459	0.3911	0.1705	0.2075	0.2309	0.3436	0.2097	0.1713	0.2754	0.6203	1.7595	4.5278E-3	15.667	12.516	705.711
255000000	5.887	8.998	0.3932	0.1696	0.2173	0.2198	0.3738	0.1866	0.1732	0.2664	0.6381	1.7237	4.4502E-3	16.977	12.599	732.066
256000000	5.943	8.648	0.3975	0.1735	0.2179	0.2112	0.3624	0.1932	0.1626	0.2818	0.6547	1.6905	4.3063E-3	16.370	12.426	728.018
257000000	5.972	8.671	0.3929	0.1735	0.2103	0.2234	0.3487	0.1998	0.1749	0.2766	0.6290	1.7420	4.3502E-3	15.624	12.304	722.717
258000000	6.810	8.952	0.3872	0.1678	0.2094	0.2355	0.3621	0.1926	0.1758	0.2694	0.6191	1.7618	4.4595E-3	16.741	11.957	718.508
259000000	6.539	9.436	0.3987	0.1617	0.2023	0.2373	0.3491	0.1944	0.1881	0.2684	0.6051	1.7897	4.5338E-3	16.520	12.658	714.496
260000000	6.392	9.661	0.3932	0.1699	0.2085	0.2284	0.3450	0.1885	0.1859	0.2806	0.6236	1.7529	4.4498E-3	15.873	12.541	715.375
261000000	6.702	9.312	0.4091	0.1539	0.2008	0.2362	0.3588	0.1895	0.1871	0.2645	0.6006	1.7988	4.4017E-3	15.977	12.574	720.444
262000000	6.316	9.447	0.4014	0.1675	0.2097	0.2214	0.3579	0.1834	0.1746	0.2841	0.6398	1.7203	4.3208E-3	16.197	12.492	725.615
263000000	6.565	9.252	0.3918	0.1718	0.2174	0.2191	0.3587	0.2010	0.1803	0.2601	0.6238	1.7523	4.2034E-3	16.703	12.868	726.009
264000000	5.912	8.875	0.3852	0.1860	0.2082	0.2206	0.3663	0.2027	0.1694	0.2616	0.6240	1.7520	4.2675E-3	17.412	12.369	742.500
265000000	6.024	9.567	0.3855	0.1716	0.2193	0.2236	0.3506	0.2016	0.1730	0.2747	0.6242	1.7516	4.3064E-3	16.179	12.554	716.884
266000000	6.320	8.779	0.3850	0.1781	0.2085	0.2283	0.3657	0.1897	0.1787	0.2659	0.6303	1.7394	4.3936E-3	17.418	12.419	733.631
267000000	6.640	9.681	0.3988	0.1601	0.2186	0.2225	0.3576	0.1951	0.1780	0.2693	0.6261	1.7478	4.1703E-3	17.349	12.687	740.027
268000000	6.981	8.774	0.3876	0.1823	0.2124	0.2178	0.3594	0.2009	0.1704	0.2692	0.6476	1.7047	4.3481E-3	16.707	12.246	732.578
269000000	6.912	9.049	0.4012	0.1758	0.2057	0.2173	0.3415	0.1877	0.1890	0.2818	0.6064	1.7872	4.382E-3	16.359	12.157	720.080
270000000	6.565	9.455	0.4023	0.1660	0.2174	0.2143	0.3415	0.1997	0.1795	0.2793	0.6171	1.7657	4.1391E-3	17.283	12.111	743.252
271000000	6.366	8.864	0.3876	0.1757	0.2087	0.2280	0.3545	0.1928	0.1883	0.2644	0.6209	1.7583	4.2925E-3	17.004	12.605	732.593
272000000	6.535	9.307	0.3991	0.1515	0.2213	0.2281	0.3481	0.1843	0.1829	0.2847	0.6156	1.7689	4.3298E-3	16.394	12.396	725.797
273000000	6.349	8.734	0.3773	0.1803	0.2221	0.2203	0.3490	0.1831	0.1888	0.2792	0.6310	1.7380	4.6192E-3	15.310	11.921	695.460
274000000	6.911	8.922	0.3893	0.1874	0.2055	0.2179	0.3524	0.1835	0.1821	0.2819	0.6152	1.7697	4.3768E-3	16.618	12.313	710.461
275000000	6.221	8.784	0.4000	0.1865	0.1999	0.2136	0.3480	0.1953	0.1791	0.2776	0.6109	1.7782	4.4198E-3	16.602	12.354	720.133
276000000	5.949	9.211	0.4068	0.1609	0.2137	0.2186	0.3528	0.1961	0.1758	0.2754	0.6254	1.7492	4.3334E-3	17.100	12.510	732.312
277000000	6.151	9.820	0.3888	0.1743	0.2304	0.2066	0.3517	0.1904	0.1841	0.2738	0.6086	1.7829	4.5081E-3	16.274	12.559	710.614
278000000	5.939	8.664	0.3981	0.1689	0.2211	0.2119	0.3628	0.1915	0.1687	0.2770	0.6131	1.7738	4.3101E-3	16.651	12.369	730.396
279000000	6.150	9.090	0.3980	0.1633	0.2129	0.2257	0.3492	0.1984	0.1726	0.2798	0.6104	1.7793	4.3109E-3	17.296	12.841	736.892
280000000	6.651	8.991	0.3847	0.1682	0.2258	0.2214	0.3428	0.1997	0.1870	0.2704	0.6269	1.7462	4.1597E-3	16.903	12.206	737.317
281000000	6.546	9.359	0.3876	0.1698	0.2078	0.2347	0.3463	0.1979	0.1771	0.2787	0.6108	1.7785	4.2754E-3	16.941	12.775	728.367
282000000	5.943	9.302	0.3989	0.1656	0.2153	0.2202	0.3349	0.1904	0.1942	0.2804	0.6186	1.7627	4.3862E-3	16.690	12.756	740.104
283000000	6.066	9.414	0.3950	0.1629	0.2120	0.2300	0.3455	0.1937	0.1763	0.2845	0.6309	1.7382	4.2231E-3	17.136	12.186	742.287
284000000	6.645	8.655	0.4077	0.1668	0.1994	0.2260	0.3401	0.1974	0.1771	0.2854	0.6157	1.7686	4.3464E-3	16.609	12.392	728.821
285000000	6.815	9.024	0.3826	0.1786	0.2148	0.2241	0.3497	0.1960	0.1693	0.2850	0.6054	1.7892	4.2388E-3	17.206	12.626	741.784
286000000	6.699	9.013	0.3828	0.1856	0.2055	0.2261	0.3581	0.1917	0.1743	0.2759	0.6173	1.7655	4.3467E-3	16.558	12.515	723.110
287000000	6.297	8.736	0.3989	0.1699	0.2079	0.2234	0.3585	0.1797	0.1751	0.2868	0.6118	1.7763	4.4387E-3	15.215	12.260	706.706
288000000	6.674	8.317	0.4046	0.1642	0.2033	0.2279	0.3471	0.1901	0.1924	0.2704	0.6364	1.7272	4.4211E-3	16.349	11.662	719.472
289000000	6.266	8.816	0.3951	0.1708	0.2126	0.2215	0.3480	0.1980	0.1806	0.2734	0.6236	1.7529	4.4227E-3	16.710	12.607	727.291
290000000	6.832	9.399	0.3834	0.1717	0.2075	0.2375	0.3573	0.1842	0.1789	0.2795	0.6176	1.7647	4.3708E-3	15.541	12.490	702.988
291000000	6.409	8.988	0.3898	0.1725	0.2154	0.2223	0.3542	0.1803	0.1737	0.2918	0.6457	1.7085	4.4059E-3	15.262	12.411	692.329
292000000	6.575	8.934	0.3942	0.1717	0.2102	0.2239	0.3645	0.1731	0.1872	0.2753	0.6380	1.7240	4.2302E-3	17.084	12.590	740.006
293000000	6.146	8.970	0.3872	0.1707	0.2238	0.2183	0.3503	0.1796	0.1881	0.2820	0.6252	1.7496	4.3724E-3	15.737	12.376	717.848
294000000	6.083	9.218	0.3884	0.1596	0.2110	0.2410	0.3726	0.1861	0.1717	0.2696	0.6254	1.7492	4.3499E-3	16.438	12.558	721.597
295000000	6.540	8.374	0.3848	0.1664	0.2148	0.2340	0.3368	0.2037	0.1809	0.2786	0.6324	1.7352	4.5853E-3	16.420	11.799	710.563
296000000	6.298	8.855	0.3895	0.1678	0.2158	0.2268	0.3458	0.1949	0.1760	0.2833	0.6154	1.7691	4.4015E-3	16.300	12.369	710.701
297000000	6.248	9.325	0.3959	0.1668	0.2053	0.2320	0.3410	0.1996	0.1857	0.2737	0.6280	1.7439	4.4627E-3	16.539	12.528	711.094
298000000	6.499	9.173	0.3924	0.1620	0.2135	0.2321	0.3491	0.1962	0.1823	0.2724	0.6047	1.7906	4.6827E-3	14.897	12.858	677.074
299000000	6.203	10.074	0.3883	0.1640	0.2164	0.2313	0.3631	0.1874	0.1812	0.2683	0.6230	1.7541	4.3475E-3	16.634	12.327	721.272
300000000	5.698	9.297	0.4041	0.1658	0.2028	0.2273	0.3641	0.1942	0.1725	0.2692	0.6109	1.7783	4.3944E-3	15.925	12.266	718.727
301000000	6.946	9.105	0.3887	0.1733	0.2157	0.2223	0.3553	0.2017	0.1711	0.2720	0.6247	1.7506	4.2944E-3	16.344	12.599	716.563
302000000	6.093	8.893	0.3961	0.1617	0.2100	0.2323	0.3500	0.1864	0.1813	0.2823	0.6319	1.7362	4.4413E-3	15.966	12.467	711.304
303000000	6.412	8.384	0.3920	0.1659	0.2142	0.2279	0.3555	0.1926	0.1777	0.2741	0.6076	1.7847	4.3868E-3	16.551	12.322	710.455
304000000	5.674	9.038	0.4027	0.1597	0.2129	0.2247	0.3558	0.1920	0.1874	0.2649	0.6147	1.7707	4.4976E-3	16.164	12.021	709.918
305000000	6.562	9.529	0.3960	0.1748	0.2091	0.2201	0.3588	0.1899	0.1729	0.2784	0.6240	1.7521	4.5648E-3	16.066	12.261	701.367
306000000	6.273	8.643	0.3785	0.1770	0.2222	0.2223	0.3681	0.1753	0.1816	0.2751	0.6393	1.7214	4.4324E-3	15.953	12.393	718.211
307000000	6.570	8.251	0.3838	0.1651	0.2161	0.2349	0.3555	0.1923	0.1795	0.2727	0.6007	1.7987	4.3215E-3	16.997	13.144	727.731
308000000	6.023	8.385	0.3935	0.1689	0.2168	0.2209	0.3579	0.1844	0.1825	0.2752	0.6025	1.7951	4.3566E-3	16.802	12.821	727.961
309000000	6.420	8.799	0.4029	0.1737	0.2027	0.2206	0.3411	0.1929	0.1816	0.2844	0.6016	1.7968	4.4412E-3	16.215	12.301	708.305
310000000	6.411	8.959	0.4035	0.1666	0.2045	0.2254	0.3556	0.2020	0.1829	0.2595	0.6162	1.7676	4.3292E-3	15.600	12.557	716.118
311000000	6.305	8.643	0.3899	0.1651	0.2237	0.2213	0.3358	0.1893	0.1879	0.2870	0.6317	1.7365	4.4853E-3	16.586	12.760	715.354
312000000	6.574	8.622	0.3849	0.1573	0.2246	0.2332	0.3502	0.1890	0.1763	0.2846	0.5982	1.8036	4.4597E-3	16.319	12.021	715.573
313000000	6.331	10.102	0.3881	0.1686	0.2179	0.2254	0.3532	0.2000	0.1718	0.2750	0.6341	1.7317	4.4998E-3	15.893	12.743	714.206
314000000	5.637	9.363	0.4045	0.1701	0.2100	0.2154	0.3500	0.1962	0.1800	0.2738	0.6336	1.7329	4.3549E-3	16.420	12.452	716.664
315000000	6.357	8.340	0.3773	0.1749	0.2106	0.2372	0.3336	0.1945	0.1891	0.2828	0.6025	1.7950	4.3845E-3	15.370	12.156	708.383
316000000	6.662	8.978	0.3900	0.1782	0.2148	0.2170	0.3447	0.2005	0.1848	0.2700	0.6134	1.7732	4.3941E-3	15.883	12.766	720.005
317000000	6.295	8.478	0.3915	0.1628	0.2207	0.2250	0.3464	0.2007	0.1763	0.2766	0.6091	1.7818	4.3705E-3	16.270	12.303	704.526
318000000	6.457	9.089	0.3985	0.1593	0.2152	0.2269	0.3608	0.1962	0.1735	0.2694	0.5929	1.8143	4.3145E-3	16.956	12.381	728.044
319000000	6.191	9.020	0.4066	0.1771	0.2137	0.2027	0.3547	0.1874	0.1838	0.2741	0.6174	1.7651	4.296E-3	16.547	12.417	737.343
320000000	5.976	9.586	0.3902	0.1765	0.2072	0.2261	0.3603	0.1827	0.1760	0.2809	0.6190	1.7620	4.3169E-3	17.262	12.292	738.976
321000000	6.625	9.511	0.3939	0.1731	0.2091	0.2239	0.3695	0.1867	0.1774	0.2665	0.6106	1.7787	4.4361E-3	16.369	12.186	717.876
322000000	5.974	8.935	0.3979	0.1575	0.2155	0.2291	0.3707	0.1855	0.1820	0.2618	0.6033	1.7934	4.3328E-3	17.821	12.729	739.553
323000000	6.153	8.472	0.3807	0.1640	0.2174	0.2379	0.3571	0.1892	0.1801	0.2736	0.6014	1.7972	4.2527E-3	16.998	12.338	731.581
324000000	6.206	8.970	0.4056	0.1675	0.1997	0.2272	0.3480	0.1936	0.1666	0.2918	0.6063	1.7873	4.4215E-3	15.889	11.984	704.084
325000000	6.192	8.803	0.3878	0.1656	0.2197	0.2269	0.3594	0.1845	0.1832	0.2729	0.6245	1.7510	4.4333E-3	16.343	12.719	705.517
326000000	5.725	9.129	0.4150	0.1731	0.2045	0.2075	0.3598	0.1913	0.1708	0.2781	0.6094	1.7813	4.3559E-3	15.937	12.058	713.341
327000000	5.908	8.895	0.3823	0.1701	0.2180	0.2296	0.3530	0.2033	0.1686	0.2751	0.6284	1.7433	4.4533E-3	16.165	12.799	712.865
328000000	6.028	9.199	0.3994	0.1689	0.2099	0.2219	0.3669	0.1878	0.1737	0.2717	0.6143	1.7715	4.3093E-3	16.522	12.089	723.271
329000000	6.218	8.759	0.3947	0.1666	0.2080	0.2306	0.3559	0.1908	0.1744	0.2790	0.6128	1.7744	4.301E-3	16.649	12.765	736.157
330000000	6.317	9.484	0.4035	0.1586	0.2194	0.2185	0.3565	0.1779	0.1764	0.2892	0.6212	1.7577	4.3473E-3	16.867	12.578	730.938
331000000	5.450	9.277	0.3980	0.1637	0.2169	0.2214	0.3739	0.1838	0.1752	0.2671	0.6321	1.7358	4.3924E-3	15.536	12.725	711.929
332000000	6.804	9.134	0.3948	0.1683	0.1973	0.2395	0.3526	0.1930	0.1783	0.2761	0.6237	1.7527	4.3581E-3	16.097	12.603	723.550
333000000	5.956	8.713	0.3930	0.1697	0.2259	0.2115	0.3511	0.1804	0.1850	0.2834	0.6242	1.7515	4.339E-3	17.036	12.751	729.000
334000000	5.816	9.005	0.3882	0.1674	0.2231	0.2213	0.3495	0.1777	0.1847	0.2882	0.6019	1.7962	4.5214E-3	15.748	12.409	700.080
335000000	6.534	9.269	0.3956	0.1681	0.2206	0.2157	0.3529	0.1913	0.1778	0.2779	0.6258	1.7484	4.4629E-3	15.606	12.623	716.868
336000000	5.537	9.357	0.3922	0.1664	0.2204	0.2210	0.3627	0.1930	0.1756	0.2687	0.6057	1.7886	4.4214E-3	15.958	12.827	716.433
337000000	6.532	8.525	0.3892	0.1616	0.2199	0.2294	0.3681	0.1861	0.1849	0.2610	0.6392	1.7217	4.4874E-3	15.941	12.044	711.525
338000000	6.452	10.077	0.3742	0.1767	0.2244	0.2248	0.3570	0.1945	0.1669	0.2816	0.6331	1.7339	4.5303E-3	15.445	12.811	704.261
339000000	5.807	8.738	0.3841	0.1822	0.2003	0.2334	0.3761	0.1822	0.1709	0.2707	0.6283	1.7434	4.3543E-3	16.624	12.409	720.150
340000000	6.571	8.775	0.3907	0.1679	0.2222	0.2193	0.3386	0.1948	0.1833	0.2833	0.6298	1.7404	4.3546E-3	16.944	12.652	740.047
341000000	5.884	8.628	0.3863	0.1692	0.2242	0.2202	0.3537	0.1916	0.1844	0.2703	0.6464	1.7073	4.4292E-3	16.596	12.859	728.297
342000000	6.442	9.084	0.4008	0.1637	0.2158	0.2198	0.3528	0.1938	0.1778	0.2756	0.6151	1.7699	4.2431E-3	16.989	12.550	738.705
343000000	6.675	8.691	0.4014	0.1606	0.2169	0.2211	0.3615	0.1819	0.1879	0.2687	0.6090	1.7821	4.1877E-3	17.679	12.205	743.421
344000000	6.473	9.722	0.3909	0.1730	0.2084	0.2277	0.3511	0.1911	0.1715	0.2864	0.6073	1.7853	4.2446E-3	17.489	12.138	741.359
345000000	5.994	9.117	0.3919	0.1752	0.2083	0.2246	0.3612	0.1940	0.1771	0.2678	0.6255	1.7490	4.4438E-3	16.242	12.359	721.982
346000000	6.512	9.162	0.3984	0.1775	0.1966	0.2275	0.3720	0.1915	0.1818	0.2547	0.6200	1.7600	4.2408E-3	17.013	12.558	726.476
347000000	6.449	8.608	0.3850	0.1705	0.2067	0.2378	0.3466	0.1870	0.1897	0.2767	0.6183	1.7635	4.3831E-3	16.152	12.270	716.899
348000000	6.251	8.836	0.4039	0.1677	0.2090	0.2194	0.3309	0.1827	0.1852	0.3012	0.6195	1.7609	4.3112E-3	16.715	12.522	728.594
349000000	6.277	9.325	0.3943	0.1696	0.2071	0.2291	0.3635	0.1853	0.1779	0.2733	0.6361	1.7278	4.4452E-3	16.097	12.638	717.502
350000000	6.699	9.389	0.3888	0.1717	0.2191	0.2204	0.3495	0.1902	0.1753	0.2850	0.6455	1.7089	4.3237E-3	17.706	13.155	739.021
351000000	6.329	8.302	0.3876	0.1717	0.2080	0.2326	0.3486	0.1915	0.1862	0.2736	0.6071	1.7858	4.3205E-3	16.396	12.459	728.651
352000000	6.373	8.628	0.3834	0.1650	0.2184	0.2332	0.3596	0.1946	0.1756	0.2702	0.6248	1.7504	4.3578E-3	16.258	12.533	722.955
353000000	6.383	9.573	0.3940	0.1764	0.2061	0.2236	0.3564	0.1897	0.1902	0.2637	0.6263	1.7473	4.4316E-3	15.953	12.393	722.952
354000000	6.325	8.800	0.3731	0.1749	0.2258	0.2262	0.3504	0.1953	0.1799	0.2743	0.6176	1.7648	4.2691E-3	16.571	11.960	718.948
355000000	6.194	9.583	0.3907	0.1652	0.2229	0.2212	0.3508	0.1761	0.1914	0.2817	0.6147	1.7706	4.3076E-3	16.515	12.259	717.911
356000000	6.391	9.197	0.4011	0.1730	0.2171	0.2088	0.3545	0.1829	0.1739	0.2887	0.6337	1.7326	4.4248E-3	16.415	12.518	732.141
357000000	6.528	8.562	0.4068	0.1704	0.2011	0.2217	0.3551	0.1735	0.1818	0.2895	0.6119	1.7762	4.5017E-3	15.707	12.519	713.491
358000000	6.185	9.671	0.3764	0.1653	0.2192	0.2391	0.3449	0.1808	0.1854	0.2889	0.6299	1.7402	4.3506E-3	16.078	12.493	713.466
359000000	6.539	8.938	0.3874	0.1719	0.2257	0.2151	0.3400	0.1947	0.1894	0.2759	0.6178	1.7645	4.3168E-3	16.914	12.179	731.759
360000000	6.351	8.713	0.3940	0.1663	0.2121	0.2277	0.3481	0.1844	0.1835	0.2841	0.6057	1.7886	4.2581E-3	18.195	12.293	740.846
361000000	6.208	8.820	0.3956	0.1790	0.2027	0.2228	0.3506	0.1831	0.1765	0.2899	0.6092	1.7816	4.1919E-3	18.070	12.562	758.189
362000000	6.549	8.884	0.3991	0.1607	0.2215	0.2187	0.3585	0.1882	0.1804	0.2729	0.6435	1.7129	4.3354E-3	17.576	12.451	740.268
363000000	6.721	8.844	0.3980	0.1730	0.2047	0.2243	0.3598	0.1857	0.1809	0.2736	0.5985	1.8029	4.2348E-3	17.418	12.934	744.981
364000000	5.633	8.758	0.3843	0.1731	0.2184	0.2242	0.3564	0.1976	0.1760	0.2700	0.6319	1.7363	4.3208E-3	17.853	12.532	748.290
365000000	6.214	8.786	0.3967	0.1644	0.2268	0.2120	0.3603	0.1904	0.1805	0.2688	0.6391	1.7218	4.3759E-3	16.677	12.418	721.047
366000000	6.617	9.240	0.3858	0.1761	0.2101	0.2281	0.3542	0.1966	0.1809	0.2683	0.6026	1.7947	4.3457E-3	17.631	12.312	750.946
367000000	6.755	9.081	0.3862	0.1769	0.2105	0.2263	0.3550	0.1905	0.1751	0.2794	0.6175	1.7650	4.3469E-3	16.123	12.225	719.692
368000000	6.723	8.535	0.3945	0.1627	0.2105	0.2324	0.3395	0.1955	0.1824	0.2826	0.6096	1.7807	4.3501E-3	16.850	12.720	727.606
369000000	6.225	8.742	0.4025	0.1559	0.2133	0.2282	0.3498	0.2097	0.1786	0.2619	0.6409	1.7182	4.4424E-3	16.361	12.796	717.394
370000000	6.259	8.302	0.4178	0.1548	0.2029	0.2246	0.3582	0.1831	0.1896	0.2691	0.6196	1.7607	4.319E-3	16.762	12.183	726.514
371000000	6.738	9.023	0.3894	0.1772	0.2087	0.2247	0.3402	0.1998	0.1820	0.2780	0.6057	1.7885	4.4631E-3	17.195	12.441	727.749
372000000	6.330	8.604	0.3810	0.1746	0.2097	0.2348	0.3663	0.1947	0.1844	0.2546	0.6381	1.7238	4.3894E-3	16.623	12.240	740.345
373000000	6.359	8.499	0.3821	0.1826	0.2256	0.2096	0.3440	0.1955	0.1864	0.2742	0.6154	1.7691	4.3273E-3	17.139	12.258	730.371
374000000	5.977	8.446	0.3829	0.1746	0.2134	0.2291	0.3459	0.1872	0.1873	0.2796	0.6406	1.7189	4.2382E-3	17.999	13.489	749.180
375000000	6.877	8.446	0.3895	0.1691	0.2099	0.2314	0.3609	0.1868	0.1779	0.2745	0.6191	1.7617	4.4964E-3	16.204	12.510	705.307
376000000	6.196	9.838	0.3885	0.1769	0.2250	0.2096	0.3368	0.1948	0.1853	0.2831	0.6022	1.7955	4.3988E-3	16.444	12.479	722.653
377000000	6.868	8.834	0.3861	0.1630	0.2206	0.2304	0.3578	0.1861	0.1776	0.2785	0.6147	1.7706	4.4512E-3	16.176	12.996	711.718
378000000	6.724	9.031	0.3976	0.1659	0.2016	0.2348	0.3574	0.1856	0.1775	0.2795	0.6111	1.7779	4.3973E-3	15.871	12.198	712.574
379000000	5.820	9.074	0.3977	0.1676	0.2187	0.2159	0.3353	0.1884	0.1785	0.2977	0.6245	1.7511	4.388E-3	16.361	13.222	713.958
380000000	6.414	9.429	0.3973	0.1752	0.2203	0.2072	0.3668	0.1916	0.1785	0.2630	0.5917	1.8167	4.3799E-3	16.797	12.351	731.573
381000000	5.763	8.957	0.3925	0.1666	0.2150	0.2259	0.3428	0.1749	0.1933	0.2890	0.6198	1.7604	4.5008E-3	16.392	12.437	711.769
382000000	6.507	8.343	0.3899	0.1730	0.2001	0.2370	0.3614	0.1848	0.1803	0.2734	0.6228	1.7544	4.3178E-3	16.688	12.486	724.859
383000000	6.226	8.894	0.3943	0.1676	0.2063	0.2318	0.3525	0.1823	0.1764	0.2888	0.6247	1.7506	4.5536E-3	15.381	12.184	702.779
384000000	6.810	8.692	0.4100	0.1692	0.2057	0.2152	0.3493	0.1865	0.1830	0.2812	0.6060	1.7880	4.3384E-3	15.874	12.553	710.526
385000000	5.625	9.026	0.3828	0.1764	0.2144	0.2265	0.3627	0.1836	0.1832	0.2705	0.6294	1.7411	4.4713E-3	15.865	12.339	702.731
386000000	7.101	9.285	0.3985	0.1698	0.2064	0.2253	0.3556	0.1930	0.1802	0.2712	0.6176	1.7648	4.4055E-3	15.492	12.680	711.264
387000000	7.127	8.951	0.3923	0.1713	0.2134	0.2230	0.3556	0.1825	0.1916	0.2704	0.6222	1.7557	4.3748E-3	17.128	12.079	723.346
388000000	6.163	8.535	0.4082	0.1677	0.2098	0.2143	0.3728	0.1826	0.1772	0.2675	0.6163	1.7675	4.2825E-3	16.637	12.627	724.931
389000000	6.294	8.902	0.4020	0.1675	0.2038	0.2267	0.3481	0.1816	0.1987	0.2716	0.6184	1.7632	4.5061E-3	16.421	12.214	715.205
390000000	6.300	8.459	0.4132	0.1663	0.1984	0.2220	0.3630	0.1848	0.1695	0.2827	0.6091	1.7818	4.3223E-3	15.482	12.394	713.801
391000000	6.212	8.952	0.3955	0.1699	0.2139	0.2207	0.3478	0.1880	0.1807	0.2836	0.6334	1.7332	4.4519E-3	16.369	11.944	718.423
392000000	6.445	9.476	0.3957	0.1591	0.2140	0.2312	0.3507	0.1989	0.1691	0.2814	0.6359	1.7283	4.5289E-3	15.528	12.460	699.874
393000000	6.563	9.383	0.3777	0.1738	0.2211	0.2274	0.3654	0.1906	0.1772	0.2668	0.6314	1.7372	4.4185E-3	16.325	12.070	719.137
394000000	6.408	9.841	0.4061	0.1585	0.2111	0.2242	0.3495	0.1896	0.1829	0.2779	0.6019	1.7963	4.4001E-3	16.418	12.319	710.295
395000000	6.435	8.763	0.3903	0.1637	0.2203	0.2257	0.3410	0.1844	0.1912	0.2834	0.6191	1.7617	4.4895E-3	16.098	12.365	710.011
396000000	6.546	8.951	0.4145	0.1594	0.2046	0.2214	0.3572	0.2035	0.1845	0.2548	0.6139	1.7723	4.3922E-3	17.338	12.384	723.837
397000000	6.194	8.753	0.4016	0.1570	0.2122	0.2292	0.3613	0.1822	0.1798	0.2766	0.6101	1.7799	4.4394E-3	16.102	12.227	712.219
398000000	6.948	8.844	0.3940	0.1703	0.2172	0.2185	0.3424	0.1972	0.1751	0.2854	0.6381	1.7239	4.2149E-3	17.401	12.609	734.504
399000000	6.202	9.260	0.4162	0.1682	0.2101	0.2055	0.3444	0.1788	0.1917	0.2851	0.6035	1.7931	4.4525E-3	17.077	12.387	720.712
400000000	6.585	9.511	0.4022	0.1601	0.2177	0.2200	0.3489	0.1878	0.1721	0.2911	0.6267	1.7465	4.4315E-3	16.509	12.886	724.835
401000000	5.986	9.107	0.3928	0.1634	0.2124	0.2315	0.3453	0.2004	0.1709	0.2834	0.6224	1.7551	4.5641E-3	16.168	12.572	707.359
402000000	6.393	9.017	0.3930	0.1562	0.2131	0.2378	0.3603	0.1913	0.1737	0.2748	0.6059	1.7882	4.4052E-3	16.934	12.913	727.783
403000000	5.957	9.567	0.4022	0.1666	0.2092	0.2220	0.3416	0.1887	0.1829	0.2868	0.6283	1.7435	4.3866E-3	15.614	12.821	707.062
404000000	6.785	9.067	0.4009	0.1638	0.2148	0.2204	0.3524	0.1865	0.1805	0.2806	0.6219	1.7563	4.5385E-3	15.285	12.193	693.998
405000000	6.508	8.419	0.3928	0.1606	0.2111	0.2355	0.3535	0.1815	0.1775	0.2875	0.6345	1.7310	4.5333E-3	15.282	12.323	692.123
406000000	6.721	9.530	0.3948	0.1690	0.2221	0.2142	0.3560	0.1863	0.1934	0.2642	0.5975	1.8051	4.5082E-3	15.666	12.529	710.269
407000000	7.112	9.668	0.3956	0.1702	0.2104	0.2238	0.3483	0.1951	0.1830	0.2736	0.6288	1.7424	4.3899E-3	16.671	12.559	721.053
408000000	6.821	9.361	0.3922	0.1686	0.2129	0.2264	0.3624	0.1878	0.1835	0.2664	0.5952	1.8095	4.5193E-3	15.441	12.095	698.422
409000000	6.297	8.855	0.4178	0.1633	0.2043	0.2147	0.3586	0.1882	0.1732	0.2800	0.6241	1.7518	4.5826E-3	15.639	12.271	704.853
410000000	6.750	9.563	0.4003	0.1636	0.2145	0.2216	0.3615	0.1914	0.1717	0.2754	0.6288	1.7425	4.4729E-3	15.309	12.730	709.298
411000000	6.589	9.479	0.3995	0.1759	0.2143	0.2103	0.3667	0.1912	0.1810	0.2611	0.6323	1.7354	4.5443E-3	15.433	12.266	699.368
412000000	6.467	8.912	0.3965	0.1637	0.2121	0.2278	0.3505	0.1918	0.1805	0.2772	0.6143	1.7715	4.6858E-3	14.527	12.266	686.407
413000000	6.689	8.436	0.3834	0.1746	0.2139	0.2281	0.3692	0.1820	0.1770	0.2719	0.6271	1.7459	4.3055E-3	16.411	12.685	729.634
414000000	6.870	9.304	0.3935	0.1775	0.2032	0.2258	0.3479	0.1941	0.1796	0.2784	0.6160	1.7679	4.5848E-3	16.737	12.547	711.555
415000000	6.242	9.036	0.3998	0.1578	0.2171	0.2253	0.3551	0.1826	0.1787	0.2836	0.6199	1.7603	4.3981E-3	16.249	12.273	704.545
416000000	6.643	9.263	0.4082	0.1592	0.2132	0.2194	0.3331	0.1909	0.1876	0.2884	0.6140	1.7720	4.2414E-3	16.828	12.512	733.650
417000000	6.557	9.073	0.3997	0.1611	0.2157	0.2234	0.3621	0.1896	0.1799	0.2684	0.6167	1.7667	4.4772E-3	16.355	12.293	708.750
418000000	6.338	9.841	0.3985	0.1782	0.2069	0.2164	0.3505	0.1918	0.1851	0.2725	0.6232	1.7536	4.5348E-3	15.797	12.111	701.883
419000000	6.701	8.800	0.3994	0.1601	0.2241	0.2164	0.3579	0.2006	0.1659	0.2756	0.6144	1.7713	4.3814E-3	16.077	12.489	722.555
420000000	6.772	9.591	0.3949	0.1649	0.2131	0.2271	0.3596	0.1921	0.1634	0.2849	0.6345	1.7311	4.3969E-3	15.775	12.290	707.564
421000000	6.550	9.017	0.3954	0.1608	0.2102	0.2336	0.3537	0.1895	0.1818	0.2750	0.6301	1.7397	4.3282E-3	16.172	12.750	726.288
422000000	6.483	8.355	0.3942	0.1720	0.2128	0.2211	0.3619	0.1892	0.1703	0.2786	0.6250	1.7499	4.3701E-3	16.313	12.377	715.078
423000000	5.814	9.971	0.3834	0.1773	0.2128	0.2265	0.3494	0.1904	0.1832	0.2770	0.6165	1.7670	4.531E-3	15.887	12.587	705.922
424000000	6.436	8.531	0.3915	0.1735	0.2018	0.2332	0.3459	0.1930	0.1795	0.2816	0.6058	1.7883	4.5605E-3	15.612	12.418	705.816
425000000	6.871	8.698	0.3832	0.1669	0.2223	0.2276	0.3381	0.2010	0.1833	0.2777	0.6161	1.7678	4.4701E-3	16.110	12.376	717.452
426000000	5.475	9.473	0.4054	0.1712	0.2042	0.2192	0.3593	0.1958	0.1689	0.2760	0.6345	1.7310	4.2827E-3	17.281	12.450	741.608
427000000	5.990	9.092	0.3825	0.1637	0.2184	0.2354	0.3472	0.2010	0.1833	0.2686	0.6233	1.7535	4.5233E-3	15.463	12.117	709.759
428000000	6.678	8.818	0.4072	0.1657	0.2101	0.2170	0.3522	0.1917	0.1794	0.2767	0.6264	1.7472	4.3656E-3	16.235	12.531	729.798
429000000	6.745	8.605	0.3958	0.1743	0.2102	0.2197	0.3449	0.1906	0.1897	0.2747	0.6304	1.7392	4.3058E-3	17.004	12.237	730.762
430000000	7.237	9.814	0.3873	0.1581	0.2158	0.2389	0.3504	0.1856	0.1853	0.2787	0.6045	1.7910	4.4084E-3	16.375	12.236	713.738
431000000	5.925	8.774	0.3871	0.1582	0.2304	0.2242	0.3566	0.1899	0.1833	0.2702	0.6197	1.7606	4.6025E-3	15.369	12.129	702.804
432000000	6.722	9.775	0.4080	0.1604	0.2117	0.2200	0.3511	0.2040	0.1683	0.2766	0.6107	1.7786	4.4298E-3	16.012	12.069	719.364
433000000	6.143	8.139	0.3914	0.1737	0.2162	0.2186	0.3560	0.1923	0.1784	0.2732	0.6212	1.7576	4.5098E-3	15.738	12.046	703.606
434000000	6.352	8.628	0.3930	0.1838	0.2024	0.2209	0.3632	0.1856	0.1837	0.2676	0.6201	1.7598	4.3428E-3	15.502	12.385	716.952
435000000	6.733	8.458	0.3975	0.1684	0.2199	0.2142	0.3618	0.1905	0.1701	0.2776	0.6354	1.7291	4.332E-3	17.338	12.380	732.851
436000000	6.900	8.891	0.3679	0.1710	0.2240	0.2371	0.3578	0.1948	0.1799	0.2675	0.6421	1.7158	4.3661E-3	15.583	12.420	712.897
437000000	6.773	9.429	0.3997	0.1662	0.2192	0.2148	0.3603	0.1907	0.1736	0.2754	0.6201	1.7599	4.3769E-3	17.044	12.513	731.381
438000000	6.338	9.634	0.3980	0.1704	0.2076	0.2241	0.3501	0.1963	0.1759	0.2777	0.6116	1.7767	4.3289E-3	16.186	12.894	734.774
439000000	6.102	8.615	0.4037	0.1715	0.2059	0.2189	0.3498	0.1890	0.1845	0.2766	0.6214	1.7571	4.3829E-3	16.052	12.034	716.185
440000000	5.629	9.068	0.4015	0.1590	0.2046	0.2349	0.3404	0.1786	0.1888	0.2922	0.6201	1.7597	4.4436E-3	15.286	12.510	713.002
441000000	5.974	8.557	0.3882	0.1655	0.2242	0.2221	0.3427	0.1965	0.1768	0.2840	0.6249	1.7501	4.3698E-3	17.336	12.355	736.813
442000000	6.493	9.597	0.3966	0.1625	0.2111	0.2298	0.3523	0.1799	0.1807	0.2871	0.6043	1.7914	4.2735E-3	16.734	12.992	733.967
443000000	7.007	9.356	0.3912	0.1756	0.2210	0.2122	0.3568	0.1802	0.1880	0.2750	0.6323	1.7354	4.2561E-3	17.724	12.274	737.987
444000000	5.871	8.731	0.3829	0.1571	0.2269	0.2331	0.3591	0.1933	0.1834	0.2642	0.6496	1.7008	4.3778E-3	17.256	12.744	720.234
445000000	6.719	9.357	0.4002	0.1643	0.2112	0.2242	0.3447	0.1948	0.1860	0.2745	0.6045	1.7911	4.3253E-3	16.102	12.755	729.027
446000000	6.341	9.661	0.4001	0.1676	0.2083	0.2240	0.3501	0.1798	0.1894	0.2807	0.6152	1.7696	4.2816E-3	16.981	12.227	724.009
447000000	6.315	8.788	0.3913	0.1690	0.2101	0.2296	0.3599	0.1899	0.1813	0.2690	0.6217	1.7566	4.4066E-3	16.568	12.668	721.085
448000000	6.276	8.912	0.4162	0.1563	0.2083	0.2192	0.3654	0.1852	0.1736	0.2758	0.6132	1.7736	4.3138E-3	17.221	12.498	731.430
449000000	6.771	9.146	0.4051	0.1694	0.2027	0.2228	0.3660	0.1726	0.1758	0.2856	0.6109	1.7782	4.3534E-3	16.882	12.578	723.735
450000000	6.858	8.742	0.4031	0.1761	0.2032	0.2176	0.3443	0.1929	0.1679	0.2949	0.6292	1.7415	4.2658E-3	17.081	12.131	736.996
451000000	5.934	9.098	0.4113	0.1637	0.2064	0.2186	0.3502	0.1844	0.1872	0.2782	0.6194	1.7613	4.2729E-3	16.292	12.235	727.658
452000000	6.355	9.280	0.3946	0.1712	0.2225	0.2116	0.3630	0.1801	0.1746	0.2822	0.6438	1.7125	4.2834E-3	16.153	12.791	741.748
453000000	6.893	8.822	0.3990	0.1735	0.2156	0.2118	0.3457	0.1863	0.1839	0.2841	0.6364	1.7273	4.4443E-3	16.814	12.136	720.973
454000000	6.791	9.603	0.3929	0.1749	0.2172	0.2149	0.3533	0.1849	0.1761	0.2857	0.6041	1.7918	4.3591E-3	17.096	12.568	728.188
455000000	6.543	7.563	0.3934	0.1731	0.2172	0.2163	0.3477	0.1905	0.1853	0.2765	0.6252	1.7495	4.3545E-3	16.971	12.494	728.878
456000000	6.862	8.486	0.3916	0.1709	0.2132	0.2243	0.3612	0.1933	0.1758	0.2697	0.6434	1.7133	4.5278E-3	15.640	13.070	707.831
457000000	6.233	8.444	0.4028	0.1709	0.2140	0.2123	0.3507	0.1887	0.1858	0.2747	0.6049	1.7903	4.341E-3	16.652	12.437	743.810
458000000	6.015	8.780	0.4080	0.1603	0.2050	0.2266	0.3464	0.1870	0.1887	0.2779	0.6210	1.7580	4.3975E-3	16.799	12.598	731.570
459000000	6.495	9.956	0.4016	0.1747	0.2142	0.2095	0.3526	0.1777	0.1814	0.2882	0.6255	1.7490	4.4003E-3	16.108	12.696	727.018
460000000	6.247	8.942	0.3849	0.1660	0.2221	0.2269	0.3616	0.1922	0.1813	0.2650	0.6282	1.7435	4.4848E-3	16.197	12.572	723.238
461000000	6.135	9.606	0.4107	0.1621	0.2024	0.2248	0.3489	0.1947	0.1795	0.2769	0.6056	1.7888	4.5272E-3	15.178	12.404	698.501
462000000	6.747	8.417	0.3999	0.1565	0.2255	0.2181	0.3420	0.1961	0.1857	0.2761	0.6497	1.7007	4.5521E-3	15.738	11.991	711.025
463000000	6.288	8.979	0.4118	0.1517	0.2145	0.2220	0.3551	0.1942	0.1918	0.2589	0.6241	1.7519	4.5962E-3	15.175	12.132	697.370
464000000	6.450	9.444	0.3862	0.1727	0.2104	0.2307	0.3477	0.1910	0.1855	0.2758	0.6272	1.7456	4.4097E-3	16.555	12.488	718.495
465000000	6.489	9.233	0.4031	0.1604	0.2133	0.2231	0.3421	0.1983	0.1835	0.2761	0.6063	1.7874	4.6307E-3	14.849	12.050	688.451
466000000	6.733	9.339	0.3945	0.1622	0.2096	0.2338	0.3537	0.1946	0.1821	0.2696	0.6205	1.7591	4.4264E-3	16.677	12.067	718.745
467000000	6.490	9.132	0.3843	0.1645	0.2198	0.2313	0.3610	0.1898	0.1782	0.2711	0.6230	1.7540	4.3644E-3	16.742	12.594	730.829
468000000	5.892	9.584	0.3810	0.1733	0.2088	0.2370	0.3574	0.1863	0.1789	0.2774	0.6386	1.7228	4.4969E-3	16.955	12.236	717.643
469000000	6.587	8.365	0.4057	0.1576	0.2123	0.2245	0.3487	0.1789	0.1995	0.2728	0.6024	1.7952	4.4754E-3	16.028	12.456	715.156
470000000	6.155	9.575	0.3880	0.1689	0.2228	0.2204	0.3551	0.1950	0.1713	0.2786	0.6169	1.7662	4.3552E-3	16.329	12.070	712.519
471000000	6.728	9.044	0.3854	0.1844	0.2143	0.2159	0.3474	0.1903	0.1826	0.2797	0.6103	1.7793	4.5524E-3	15.221	12.801	695.405
472000000	6.764	9.291	0.3891	0.1634	0.2184	0.2291	0.3597	0.1864	0.1778	0.2761	0.6205	1.7589	4.3872E-3	17.392	12.371	722.074
473000000	6.793	8.577	0.3923	0.1705	0.2274	0.2098	0.3508	0.1941	0.1789	0.2762	0.6125	1.7750	4.3876E-3	16.966	12.514	715.965
474000000	6.003	8.083	0.3897	0.1730	0.2089	0.2285	0.3455	0.1965	0.1765	0.2815	0.6074	1.7852	4.4089E-3	16.864	12.492	729.957
475000000	6.914	9.091	0.4030	0.1693	0.2013	0.2264	0.3396	0.1980	0.1868	0.2755	0.5917	1.8167	4.3055E-3	16.361	12.399	721.005
476000000	6.573	9.263	0.3968	0.1716	0.2188	0.2127	0.3577	0.1892	0.1866	0.2665	0.5976	1.8049	4.3079E-3	16.435	12.937	736.886
477000000	6.629	8.517	0.3858	0.1712	0.2229	0.2202	0.3596	0.1937	0.1699	0.2767	0.6223	1.7553	4.4364E-3	15.880	12.451	714.781
478000000	6.771	8.875	0.3830	0.1766	0.2210	0.2194	0.3501	0.1919	0.1867	0.2714	0.6244	1.7512	4.4128E-3	16.225	12.538	712.811
479000000	7.023	8.726	0.3979	0.1721	0.2059	0.2240	0.3315	0.1999	0.1802	0.2884	0.6247	1.7506	4.3487E-3	17.429	12.518	736.600
480000000	6.503	8.626	0.4064	0.1629	0.2180	0.2126	0.3451	0.1903	0.1853	0.2793	0.6273	1.7454	4.3656E-3	16.180	12.534	723.363
481000000	6.057	8.898	0.4124	0.1521	0.2136	0.2219	0.3568	0.1858	0.1827	0.2746	0.6270	1.7461	4.1834E-3	16.949	12.631	730.823
482000000	6.168	9.237	0.3791	0.1738	0.2208	0.2263	0.3423	0.1885	0.1783	0.2908	0.6224	1.7552	4.4897E-3	15.839	12.099	705.709
483000000	6.820	8.989	0.4181	0.1665	0.2054	0.2101	0.3609	0.1901	0.1739	0.2750	0.6291	1.7418	4.5303E-3	15.604	12.641	695.779
484000000	6.157	9.213	0.3965	0.1571	0.2214	0.2249	0.3627	0.1905	0.1716	0.2752	0.6257	1.7487	4.3762E-3	16.729	12.568	729.875
485000000	5.855	8.979	0.3879	0.1634	0.2103	0.2384	0.3494	0.1876	0.1832	0.2798	0.6292	1.7417	4.3472E-3	16.539	12.403	730.532
486000000	6.543	9.107	0.3965	0.1744	0.2104	0.2187	0.3599	0.1976	0.1747	0.2679	0.6238	1.7525	4.3109E-3	16.371	12.681	725.072
487000000	6.046	9.550	0.4014	0.1676	0.2043	0.2267	0.3609	0.1831	0.1776	0.2784	0.6147	1.7707	4.3699E-3	16.822	12.551	719.861
488000000	6.061	9.730	0.3887	0.1821	0.2051	0.2241	0.3450	0.1991	0.1859	0.2701	0.6122	1.7755	4.3602E-3	16.773	12.358	728.750
489000000	6.478	9.266	0.3946	0.1685	0.2121	0.2248	0.3500	0.2046	0.1712	0.2742	0.6284	1.7432	4.3967E-3	16.560	12.718	726.105
490000000	6.689	8.127	0.4042	0.1719	0.2010	0.2229	0.3617	0.1954	0.1820	0.2610	0.6274	1.7452	4.4138E-3	15.891	12.445	717.541
491000000	6.285	8.855	0.3994	0.1664	0.2157	0.2185	0.3400	0.1885	0.1807	0.2909	0.6171	1.7659	4.4695E-3	16.209	11.932	717.253
492000000	6.635	9.226	0.3858	0.1635	0.2127	0.2379	0.3472	0.1961	0.1747	0.2820	0.6167	1.7666	4.4076E-3	16.429	12.201	716.230
493000000	5.989	8.469	0.3890	0.1664	0.2160	0.2285	0.3446	0.1880	0.1809	0.2866	0.6099	1.7802	4.4364E-3	16.984	12.531	715.631
494000000	6.397	8.668	0.3913	0.1722	0.2113	0.2252	0.3536	0.1823	0.1884	0.2757	0.6190	1.7621	4.4096E-3	17.647	12.344	742.244
495000000	5.461	9.604	0.4031	0.1661	0.2075	0.2233	0.3436	0.1887	0.1809	0.2868	0.6268	1.7464	4.3452E-3	17.350	12.748	736.728
496000000	6.468	9.158	0.3936	0.1699	0.2121	0.2244	0.3592	0.1851	0.1669	0.2889	0.6200	1.7599	4.29E-3	17.048	12.669	735.840
497000000	6.171	9.286	0.3953	0.1672	0.2111	0.2263	0.3381	0.1928	0.1814	0.2878	0.6258	1.7484	4.3759E-3	16.059	12.376	722.843
498000000	5.799	9.097	0.3992	0.1649	0.2234	0.2126	0.3482	0.1928	0.1870	0.2720	0.6112	1.7775	4.4419E-3	15.841	12.266	701.029
499000000	5.926	9.266	0.3822	0.1742	0.2144	0.2291	0.3416	0.1984	0.1795	0.2805	0.6308	1.7385	4.4098E-3	16.851	12.261	727.098
500000000	5.715	8.764	0.3948	0.1697	0.2132	0.2223	0.3572	0.1976	0.1592	0.2860	0.6337	1.7326	4.2407E-3	16.866	12.380	732.977
501000000	6.161	9.262	0.4001	0.1559	0.2134	0.2307	0.3498	0.1849	0.1852	0.2801	0.6264	1.7472	4.1965E-3	17.506	12.393	752.513
502000000	6.419	9.291	0.3904	0.1721	0.2224	0.2151	0.3468	0.1921	0.1802	0.2809	0.6075	1.7851	4.4938E-3	16.132	12.217	720.277
503000000	6.112	9.015	0.4033	0.1661	0.2003	0.2303	0.3589	0.1871	0.1892	0.2647	0.6065	1.7870	4.1204E-3	17.812	12.089	753.235
504000000	5.903	9.236	0.4146	0.1592	0.2133	0.2129	0.3486	0.1824	0.1731	0.2959	0.6368	1.7263	4.3339E-3	17.302	12.868	735.009
505000000	6.267	8.804	0.3895	0.1591	0.2216	0.2298	0.3494	0.1897	0.1909	0.2699	0.6092	1.7816	4.4231E-3	16.090	12.562	728.764
506000000	6.984	8.832	0.4000	0.1709	0.2005	0.2286	0.3343	0.1922	0.1923	0.2811	0.6135	1.7730	4.5199E-3	15.328	12.099	694.744
507000000	6.296	10.252	0.3938	0.1678	0.2218	0.2166	0.3489	0.1904	0.1700	0.2907	0.6491	1.7019	4.3853E-3	16.403	12.388	725.606
508000000	7.006	9.499	0.3936	0.1690	0.2053	0.2321	0.3363	0.1999	0.1864	0.2775	0.6288	1.7424	4.3339E-3	17.261	12.508	736.938
509000000	5.770	9.160	0.3866	0.1659	0.2183	0.2291	0.3371	0.2060	0.1851	0.2717	0.6252	1.7496	4.2049E-3	17.574	12.313	747.787
510000000	6.936	9.123	0.4037	0.1476	0.2118	0.2369	0.3720	0.1847	0.1757	0.2675	0.6121	1.7757	4.3835E-3	17.116	12.748	730.039
511000000	6.414	8.842	0.4000	0.1649	0.2022	0.2329	0.3509	0.1911	0.1755	0.2825	0.6220	1.7560	4.2702E-3	17.313	12.589	739.471
512000000	6.141	8.575	0.3917	0.1600	0.2164	0.2318	0.3619	0.1863	0.1733	0.2785	0.6055	1.7889	4.3067E-3	16.018	12.212	712.607
513000000	6.275	9.457	0.3967	0.1718	0.2071	0.2245	0.3601	0.1971	0.1708	0.2720	0.6224	1.7553	4.3559E-3	16.276	12.541	711.884
514000000	6.646	9.314	0.3950	0.1680	0.2187	0.2183	0.3581	0.1974	0.1643	0.2801	0.6196	1.7608	4.4124E-3	16.718	12.453	725.307
515000000	6.717	9.296	0.3966	0.1633	0.2234	0.2167	0.3508	0.1829	0.1868	0.2794	0.6283	1.7433	4.6361E-3	14.631	12.277	699.535
516000000	6.099	9.039	0.4025	0.1665	0.2141	0.2169	0.3670	0.1740	0.1810	0.2781	0.6299	1.7402	4.4208E-3	15.809	12.725	712.870
517000000	6.658	9.940	0.4097	0.1602	0.2129	0.2173	0.3548	0.1897	0.1745	0.2810	0.6335	1.7330	4.5602E-3	16.137	12.750	708.841
518000000	5.880	8.849	0.3871	0.1782	0.2197	0.2149	0.3554	0.1819	0.1785	0.2842	0.6155	1.7689	4.3688E-3	15.962	13.337	721.634
519000000	7.173	8.328	0.4211	0.1563	0.2096	0.2130	0.3628	0.1748	0.1806	0.2819	0.6300	1.7400	4.4622E-3	16.622	12.240	717.267
520000000	6.354	9.498	0.3888	0.1688	0.2262	0.2163	0.3720	0.1848	0.1750	0.2682	0.6311	1.7378	4.5471E-3	15.019	12.582	693.217
521000000	5.694	9.498	0.3777	0.1760	0.2237	0.2226	0.3445	0.2003	0.1792	0.2760	0.5972	1.8057	4.5151E-3	16.159	12.261	713.670
522000000	6.425	9.675	0.4086	0.1604	0.2084	0.2225	0.3612	0.1884	0.1749	0.2755	0.5972	1.8056	4.5496E-3	16.083	12.126	704.668
523000000	6.515	9.194	0.3971	0.1638	0.2089	0.2303	0.3506	0.1888	0.1815	0.2791	0.6186	1.7627	4.4339E-3	16.015	12.210	695.141
524000000	6.485	9.205	0.3850	0.1710	0.2210	0.2230	0.3722	0.1790	0.1783	0.2705	0.6115	1.7769	4.5565E-3	14.961	12.229	685.910
525000000	6.240	9.231	0.3932	0.1735	0.2133	0.2201	0.3501	0.1912	0.1801	0.2786	0.6163	1.7674	4.3727E-3	16.359	12.672	723.732
526000000	6.830	8.956	0.3957	0.1741	0.2057	0.2245	0.3630	0.1915	0.1608	0.2846	0.6508	1.6983	4.3479E-3	16.076	12.061	718.973
527000000	6.913	8.516	0.3868	0.1747	0.2180	0.2204	0.3602	0.1977	0.1790	0.2631	0.6334	1.7331	4.5013E-3	16.109	12.306	709.796
528000000	6.762	8.303	0.4117	0.1531	0.2243	0.2109	0.3430	0.1947	0.1862	0.2761	0.6197	1.7606	4.5546E-3	15.950	12.292	717.241
529000000	6.437	8.366	0.3973	0.1749	0.2016	0.2262	0.3524	0.1938	0.1802	0.2737	0.6129	1.7742	4.2132E-3	17.686	12.746	749.859
530000000	6.310	9.653	0.3849	0.1747	0.2187	0.2217	0.3486	0.1755	0.1898	0.2862	0.6161	1.7677	4.5126E-3	15.555	12.012	709.988
531000000	6.657	8.918	0.3915	0.1669	0.2193	0.2222	0.3611	0.1754	0.1726	0.2909	0.6333	1.7333	4.0884E-3	16.534	12.086	742.016
532000000	6.088	8.897	0.3898	0.1712	0.2064	0.2326	0.3566	0.1910	0.1780	0.2744	0.6159	1.7682	4.3463E-3	16.928	12.513	718.851
533000000	6.437	9.053	0.3901	0.1712	0.2170	0.2217	0.3684	0.1920	0.1756	0.2640	0.6193	1.7614	4.5579E-3	16.602	12.280	714.147
534000000	6.092	9.214	0.3957	0.1546	0.2140	0.2356	0.3658	0.1841	0.1695	0.2806	0.6171	1.7659	4.3094E-3	16.145	12.168	721.029
535000000	6.836	8.675	0.4098	0.1544	0.2138	0.2221	0.3672	0.1748	0.1767	0.2813	0.6189	1.7622	4.3499E-3	16.777	12.160	718.786
536000000	6.468	8.250	0.3799	0.1654	0.2137	0.2410	0.3636	0.1938	0.1749	0.2677	0.6152	1.7697	4.3175E-3	16.508	12.323	738.210
537000000	6.159	9.297	0.4066	0.1642	0.2035	0.2257	0.3659	0.1900	0.1714	0.2727	0.6393	1.7214	4.2119E-3	17.581	12.697	743.294
538000000	6.732	8.948	0.3788	0.1698	0.2255	0.2259	0.3595	0.1830	0.1810	0.2765	0.6250	1.7500	4.3738E-3	15.793	12.985	715.028
539000000	6.219	8.053	0.3835	0.1679	0.2114	0.2372	0.3323	0.1947	0.1818	0.2911	0.6282	1.7436	4.1824E-3	18.387	12.748	768.766
540000000	7.065	9.138	0.3918	0.1729	0.2112	0.2240	0.3724	0.1833	0.1756	0.2687	0.6216	1.7568	4.0885E-3	17.738	12.366	753.304
541000000	6.263	9.129	0.3878	0.1835	0.2222	0.2064	0.3627	0.1851	0.1938	0.2583	0.6206	1.7588	4.3335E-3	16.561	12.898	739.152
542000000	6.853	8.911	0.3858	0.1758	0.2152	0.2232	0.3603	0.1945	0.1743	0.2709	0.6273	1.7455	4.3079E-3	16.346	12.456	716.236
543000000	6.245	7.868	0.3986	0.1591	0.2172	0.2251	0.3586	0.1997	0.1653	0.2764	0.6278	1.7443	4.2986E-3	17.353	12.507	740.760
544000000	6.453	9.530	0.4045	0.1656	0.2111	0.2188	0.3562	0.1832	0.1735	0.2872	0.6340	1.7321	4.269E-3	17.117	12.453	737.540
545000000	6.670	8.998	0.4029	0.1683	0.2164	0.2124	0.3587	0.1909	0.1728	0.2776	0.6136	1.7728	4.3095E-3	16.753	12.354	743.507
546000000	6.196	9.367	0.4062	0.1715	0.2039	0.2184	0.3616	0.1793	0.1839	0.2752	0.6265	1.7470	4.3274E-3	16.317	11.949	712.938
547000000	6.837	9.596	0.3863	0.1702	0.2138	0.2297	0.3468	0.1865	0.1817	0.2851	0.6356	1.7288	4.3692E-3	16.181	12.743	712.777
548000000	6.605	8.808	0.3837	0.1777	0.2115	0.2271	0.3472	0.1881	0.1862	0.2784	0.6069	1.7863	4.5395E-3	15.900	12.414	708.277
549000000	6.633	8.854	0.3904	0.1573	0.2207	0.2315	0.3463	0.1951	0.1801	0.2785	0.6263	1.7474	4.4809E-3	16.584	12.785	718.770
550000000	6.212	8.615	0.3973	0.1667	0.2160	0.2199	0.3571	0.1857	0.1796	0.2776	0.6380	1.7240	4.6049E-3	15.757	12.174	705.208
551000000	6.630	8.557	0.3981	0.1593	0.2032	0.2394	0.3455	0.1941	0.1807	0.2797	0.6228	1.7543	4.4788E-3	15.428	12.353	699.735
552000000	6.300	8.808	0.3925	0.1685	0.2214	0.2177	0.3517	0.1909	0.1727	0.2848	0.6160	1.7679	4.4442E-3	16.266	12.357	712.281
553000000	7.028	8.122	0.3834	0.1655	0.2193	0.2319	0.3664	0.1802	0.1722	0.2812	0.6332	1.7335	4.4867E-3	16.718	12.297	718.237
554000000	5.984	8.655	0.4093	0.1677	0.2032	0.2199	0.3520	0.1987	0.1785	0.2707	0.6242	1.7516	4.479E-3	15.559	12.187	705.526
555000000	6.138	8.508	0.4009	0.1712	0.2121	0.2158	0.3531	0.1834	0.1900	0.2736	0.6275	1.7449	4.4313E-3	16.136	12.774	711.680
556000000	5.711	8.486	0.3919	0.1688	0.2085	0.2309	0.3622	0.1828	0.1771	0.2780	0.6372	1.7256	4.3326E-3	15.389	12.889	717.703
557000000	6.037	8.586	0.4003	0.1603	0.2251	0.2142	0.3441	0.1892	0.1821	0.2846	0.6338	1.7323	4.3848E-3	16.924	12.524	722.923
558000000	6.341	8.605	0.3986	0.1670	0.2164	0.2180	0.3551	0.1886	0.1860	0.2703	0.6017	1.7966	4.4504E-3	16.284	12.060	703.387
559000000	6.524	8.326	0.3869	0.1663	0.2261	0.2207	0.3441	0.1979	0.1716	0.2864	0.6170	1.7660	4.385E-3	15.739	12.481	707.679
560000000	6.144	8.085	0.3993	0.1682	0.2192	0.2133	0.3579	0.1952	0.1766	0.2703	0.6250	1.7500	4.3699E-3	16.835	12.644	719.375
561000000	6.399	8.954	0.4008	0.1601	0.2136	0.2255	0.3455	0.2021	0.1815	0.2708	0.6286	1.7428	4.5069E-3	15.946	12.577	709.501
562000000	6.134	8.864	0.4044	0.1704	0.2006	0.2245	0.3594	0.1855	0.1704	0.2846	0.6295	1.7410	4.4766E-3	16.071	12.398	707.186
563000000	6.195	9.408	0.4067	0.1617	0.2055	0.2261	0.3582	0.1810	0.1930	0.2678	0.6186	1.7628	4.3445E-3	16.817	13.129	721.709
564000000	6.544	8.973	0.3899	0.1697	0.2153	0.2251	0.3675	0.1885	0.1843	0.2597	0.6102	1.7796	4.3463E-3	16.293	12.319	723.313
565000000	6.309	8.982	0.3934	0.1621	0.2174	0.2271	0.3639	0.1868	0.1770	0.2724	0.6065	1.7871	4.4107E-3	16.547	12.304	722.139
566000000	6.606	9.145	0.3936	0.1637	0.2130	0.2298	0.3461	0.1863	0.1782	0.2893	0.6338	1.7325	4.2645E-3	16.130	12.172	723.453
567000000	6.740	8.818	0.4009	0.1736	0.2194	0.2061	0.3627	0.1915	0.1815	0.2642	0.6161	1.7678	4.4122E-3	17.561	12.657	733.696
568000000	6.370	8.373	0.3998	0.1827	0.2110	0.2065	0.3569	0.1868	0.1890	0.2673	0.6239	1.7523	4.3186E-3	17.016	12.648	727.707
569000000	5.964	9.484	0.3967	0.1686	0.2087	0.2259	0.3379	0.1921	0.1915	0.2785	0.6049	1.7901	4.4514E-3	16.361	12.157	720.880
570000000	6.348	9.269	0.3996	0.1716	0.2058	0.2231	0.3614	0.1930	0.1806	0.2650	0.6138	1.7723	4.4731E-3	16.326	12.395	706.549
571000000	6.506	8.749	0.3887	0.1707	0.2029	0.2377	0.3516	0.1899	0.1755	0.2830	0.6243	1.7513	4.3975E-3	16.616	12.427	714.458
572000000	6.479	9.220	0.3831	0.1673	0.2169	0.2327	0.3428	0.1911	0.1805	0.2856	0.6119	1.7761	4.4594E-3	16.236	12.262	715.786
573000000	6.547	9.564	0.3916	0.1583	0.2184	0.2317	0.3504	0.1992	0.1842	0.2662	0.6439	1.7121	4.4602E-3	16.113	12.709	711.711
574000000	6.560	8.308	0.3841	0.1654	0.2207	0.2298	0.3477	0.1884	0.1892	0.2746	0.6244	1.7512	4.5189E-3	16.598	12.207	715.499
575000000	6.050	8.206	0.3984	0.1526	0.2148	0.2341	0.3511	0.1809	0.1764	0.2916	0.6403	1.7193	4.3589E-3	16.203	13.173	720.627
576000000	6.454	9.249	0.4013	0.1697	0.2012	0.2278	0.3660	0.1955	0.1739	0.2646	0.6380	1.7240	4.3284E-3	16.841	12.487	730.802
577000000	6.319	8.872	0.3770	0.1689	0.2127	0.2414	0.3572	0.1898	0.1730	0.2800	0.6263	1.7475	4.5076E-3	15.513	12.824	699.999
578000000	6.271	8.791	0.3977	0.1577	0.2288	0.2158	0.3474	0.1945	0.1876	0.2705	0.6212	1.7576	4.4014E-3	16.222	12.483	725.732
579000000	6.371	8.883	0.3903	0.1731	0.2108	0.2259	0.3660	0.1851	0.1714	0.2775	0.6313	1.7374	4.4863E-3	15.876	12.893	714.782
580000000	6.188	9.259	0.3934	0.1743	0.1984	0.2339	0.3540	0.1938	0.1770	0.2751	0.6367	1.7265	4.3027E-3	16.178	13.166	725.265
581000000	6.192	9.065	0.3909	0.1789	0.2055	0.2247	0.3592	0.1807	0.1776	0.2824	0.6270	1.7460	4.6031E-3	14.642	12.151	681.901
582000000	6.289	8.456	0.3903	0.1696	0.2226	0.2174	0.3621	0.1939	0.1702	0.2737	0.6052	1.7895	4.5305E-3	15.735	12.691	710.324
583000000	6.502	9.619	0.3780	0.1642	0.2259	0.2319	0.3658	0.1956	0.1767	0.2619	0.6259	1.7481	4.4789E-3	16.771	13.419	731.170
584000000	5.875	9.211	0.3923	0.1668	0.2168	0.2242	0.3442	0.1862	0.1828	0.2868	0.6124	1.7752	4.3472E-3	17.330	12.598	719.583
585000000	6.574	8.747	0.3930	0.1698	0.2154	0.2219	0.3679	0.1851	0.1856	0.2614	0.6367	1.7266	4.3873E-3	16.337	12.266	730.913
586000000	6.177	8.537	0.3885	0.1631	0.2232	0.2253	0.3634	0.1864	0.1699	0.2802	0.6246	1.7508	4.2575E-3	17.698	12.346	732.635
587000000	6.608	8.793	0.3807	0.1727	0.2200	0.2266	0.3537	0.1971	0.1756	0.2736	0.6273	1.7454	4.3508E-3	15.610	12.320	711.764
588000000	6.449	8.475	0.3983	0.1656	0.2119	0.2241	0.3616	0.1851	0.1707	0.2826	0.6319	1.7363	4.3619E-3	16.697	12.297	721.474
589000000	6.814	9.884	0.3857	0.1561	0.2233	0.2349	0.3511	0.1905	0.1705	0.2880	0.6380	1.7239	4.2153E-3	17.704	12.353	734.863
590000000	6.501	9.401	0.3918	0.1601	0.2153	0.2328	0.3539	0.1899	0.1840	0.2723	0.6253	1.7494	4.4238E-3	17.199	12.729	736.469
591000000	6.071	9.034	0.3921	0.1657	0.2240	0.2181	0.3609	0.1869	0.1891	0.2631	0.6030	1.7940	4.4468E-3	16.490	12.403	731.283
592000000	5.705	9.233	0.3961	0.1690	0.2173	0.2176	0.3637	0.1823	0.1765	0.2775	0.6321	1.7357	4.3424E-3	16.167	13.086	728.613
593000000	6.741	9.845	0.3830	0.1739	0.2249	0.2182	0.3511	0.1963	0.1783	0.2744	0.6137	1.7725	4.289E-3	16.763	12.468	732.736
594000000	7.078	9.057	0.4044	0.1702	0.1987	0.2268	0.3624	0.1842	0.1722	0.2811	0.6152	1.7696	4.4516E-3	16.341	13.058	723.575
595000000	6.423	9.136	0.3954	0.1742	0.2045	0.2259	0.3517	0.1822	0.1751	0.2911	0.6356	1.7289	4.4011E-3	16.152	12.823	719.962
596000000	6.669	9.196	0.3887	0.1852	0.2065	0.2196	0.3461	0.1867	0.1738	0.2934	0.6086	1.7828	4.5369E-3	15.403	12.773	696.442
597000000	6.204	9.744	0.4033	0.1584	0.2171	0.2212	0.3484	0.1846	0.1838	0.2832	0.6172	1.7655	4.4876E-3	15.839	12.268	706.916
598000000	6.402	8.906	0.4067	0.1669	0.2193	0.2070	0.3473	0.1900	0.1836	0.2790	0.6286	1.7428	4.5333E-3	15.699	12.564	701.432
599000000	6.718	9.214	0.4051	0.1681	0.2080	0.2188	0.3669	0.1936	0.1786	0.2608	0.6110	1.7781	4.3516E-3	15.753	12.201	714.086
600000000	6.350	8.025	0.4050	0.1675	0.2116	0.2159	0.3479	0.1917	0.1827	0.2777	0.6287	1.7425	4.429E-3	15.922	13.101	712.338
601000000	6.681	8.703	0.3789	0.1750	0.2113	0.2348	0.3520	0.1933	0.1801	0.2746	0.6198	1.7604	4.2613E-3	17.056	12.770	734.530
602000000	6.108	8.738	0.3906	0.1751	0.2166	0.2177	0.3498	0.1935	0.1838	0.2729	0.6091	1.7818	4.3349E-3	17.140	12.494	736.631
603000000	6.384	9.290	0.3819	0.1674	0.2183	0.2323	0.3562	0.2005	0.1740	0.2692	0.6324	1.7353	4.4348E-3	16.447	12.810	728.462
604000000	6.078	8.845	0.3868	0.1704	0.2154	0.2275	0.3460	0.1884	0.1802	0.2855	0.6249	1.7503	4.3142E-3	16.627	12.956	739.959
605000000	6.859	10.206	0.3891	0.1699	0.2266	0.2144	0.3623	0.1842	0.1693	0.2841	0.6230	1.7540	4.3422E-3	16.439	12.365	728.486
606000000	6.619	8.424	0.4025	0.1697	0.2189	0.2089	0.3547	0.1910	0.1823	0.2720	0.6155	1.7691	4.5002E-3	15.300	12.444	701.933
607000000	6.949	8.176	0.3947	0.1719	0.2113	0.2221	0.3699	0.1836	0.1735	0.2730	0.6151	1.7698	4.283E-3	16.934	12.766	733.707
608000000	6.154	8.718	0.3944	0.1665	0.2227	0.2164	0.3546	0.1929	0.1813	0.2713	0.6200	1.7601	4.5165E-3	16.434	12.283	716.219
609000000	6.687	8.360	0.3974	0.1644	0.2202	0.2179	0.3569	0.1970	0.1697	0.2764	0.6321	1.7359	4.2311E-3	17.355	13.005	746.373
610000000	6.334	8.780	0.3744	0.1751	0.2225	0.2280	0.3571	0.1931	0.1787	0.2710	0.6353	1.7295	4.3807E-3	16.684	12.670	724.693
611000000	6.760	9.414	0.3883	0.1679	0.2151	0.2286	0.3454	0.1916	0.1741	0.2889	0.6252	1.7497	4.4102E-3	16.041	12.141	715.007
612000000	7.140	8.532	0.4001	0.1709	0.2190	0.2099	0.3518	0.1961	0.1794	0.2727	0.6250	1.7500	4.2921E-3	17.210	12.745	746.609
613000000	6.022	9.022	0.4021	0.1727	0.2088	0.2163	0.3577	0.1919	0.1837	0.2667	0.6197	1.7607	4.3804E-3	16.308	12.417	720.181
614000000	6.267	9.097	0.3893	0.1736	0.2128	0.2243	0.3612	0.1984	0.1750	0.2653	0.6325	1.7350	4.2766E-3	16.515	12.523	734.443
615000000	6.105	8.668	0.4028	0.1674	0.2154	0.2144	0.3487	0.1768	0.2027	0.2718	0.6275	1.7449	4.3634E-3	16.507	11.792	725.783
616000000	6.708	9.305	0.3843	0.1615	0.2083	0.2460	0.3618	0.1819	0.1773	0.2791	0.6295	1.7410	4.4115E-3	16.881	12.319	724.550
617000000	7.000	8.848	0.4000	0.1720	0.2050	0.2231	0.3382	0.1997	0.1828	0.2794	0.6257	1.7487	4.2916E-3	17.247	12.381	736.885
618000000	7.047	8.934	0.3896	0.1682	0.2183	0.2239	0.3564	0.1937	0.1716	0.2783	0.6211	1.7578	4.449E-3	17.019	12.433	731.316
619000000	6.219	9.030	0.3933	0.1683	0.2184	0.2200	0.3538	0.1814	0.1745	0.2903	0.6319	1.7362	4.2074E-3	16.757	12.670	728.632
620000000	7.142	8.521	0.3966	0.1620	0.2186	0.2228	0.3533	0.1897	0.1839	0.2731	0.6147	1.7706	4.4135E-3	15.669	12.390	710.427
621000000	6.561	8.818	0.3874	0.1731	0.2094	0.2301	0.3641	0.1907	0.1815	0.2637	0.6204	1.7591	4.3508E-3	16.396	12.567	711.976
622000000	5.920	9.148	0.3892	0.1733	0.2149	0.2226	0.3575	0.1832	0.1840	0.2753	0.6151	1.7698	4.3501E-3	16.161	12.814	720.767
623000000	6.684	8.065	0.3861	0.1604	0.2329	0.2206	0.3615	0.1988	0.1821	0.2576	0.6134	1.7731	4.5749E-3	15.734	12.281	709.822
624000000	6.364	9.676	0.3827	0.1612	0.2150	0.2410	0.3551	0.1877	0.1793	0.2779	0.6242	1.7516	4.331E-3	17.061	12.037	731.296
625000000	6.095	9.064	0.3893	0.1743	0.2151	0.2212	0.3627	0.1892	0.1839	0.2642	0.6217	1.7566	4.4537E-3	16.411	12.167	714.638
626000000	6.540	9.693	0.4097	0.1676	0.2132	0.2095	0.3495	0.1939	0.1795	0.2771	0.6332	1.7336	4.2729E-3	16.202	12.757	734.207
627000000	6.437	9.304	0.4047	0.1643	0.2244	0.2066	0.3502	0.1950	0.1774	0.2774	0.6093	1.7813	4.3849E-3	15.939	12.261	719.831
628000000	6.213	8.798	0.3648	0.1724	0.2332	0.2296	0.3590	0.1856	0.1868	0.2685	0.6211	1.7578	4.5927E-3	15.621	12.540	706.818
629000000	6.249	9.340	0.4066	0.1650	0.2145	0.2139	0.3549	0.1884	0.1858	0.2709	0.6117	1.7766	4.518E-3	16.035	12.693	703.202
630000000	6.972	9.366	0.3961	0.1737	0.2032	0.2269	0.3620	0.1914	0.1723	0.2743	0.6056	1.7888	4.4891E-3	16.344	12.413	709.313
631000000	7.178	9.741	0.3782	0.1776	0.2251	0.2191	0.3615	0.1945	0.1739	0.2701	0.6353	1.7294	4.5037E-3	15.614	12.218	700.068
632000000	6.254	9.286	0.3957	0.1733	0.2067	0.2243	0.3450	0.1945	0.1903	0.2703	0.6133	1.7733	4.488E-3	15.733	11.948	699.712
633000000	6.941	8.778	0.4057	0.1619	0.2107	0.2217	0.3518	0.1899	0.1767	0.2815	0.6118	1.7764	4.3933E-3	16.017	12.261	711.283
634000000	6.446	8.793	0.3959	0.1707	0.2184	0.2150	0.3619	0.1821	0.1817	0.2743	0.6187	1.7625	4.3823E-3	17.301	12.258	731.760
635000000	6.475	8.966	0.3905	0.1613	0.2224	0.2258	0.3474	0.1930	0.1725	0.2870	0.6222	1.7557	4.5902E-3	16.101	12.468	709.861
636000000	6.685	8.818	0.4076	0.1660	0.1964	0.2300	0.3719	0.1889	0.1756	0.2635	0.6172	1.7656	4.5437E-3	15.181	12.245	699.796
637000000	6.689	8.884	0.3868	0.1640	0.2303	0.2190	0.3667	0.1871	0.1830	0.2632	0.6376	1.7249	4.6345E-3	15.848	12.333	706.290
638000000	6.205	8.440	0.3974	0.1627	0.2107	0.2292	0.3608	0.1970	0.1805	0.2618	0.6134	1.7731	4.4705E-3	16.149	12.241	697.339
639000000	6.277	8.758	0.3950	0.1668	0.2202	0.2181	0.3570	0.1909	0.1769	0.2752	0.6353	1.7294	4.5149E-3	16.373	12.173	712.900
640000000	6.691	8.922	0.3855	0.1665	0.2299	0.2181	0.3549	0.1871	0.1809	0.2772	0.6203	1.7595	4.496E-3	15.493	12.498	703.791
641000000	7.558	8.705	0.3865	0.1622	0.2234	0.2279	0.3735	0.1890	0.1692	0.2683	0.6274	1.7453	4.4525E-3	16.894	12.382	715.274
642000000	6.723	9.195	0.3881	0.1687	0.2221	0.2212	0.3534	0.1976	0.1804	0.2686	0.6080	1.7841	4.3438E-3	16.791	12.187	710.337
643000000	6.633	8.734	0.3815	0.1779	0.2129	0.2277	0.3545	0.2004	0.1785	0.2666	0.6204	1.7591	4.4401E-3	17.531	12.990	726.825
644000000	6.024	8.814	0.4048	0.1589	0.2135	0.2228	0.3592	0.1855	0.1774	0.2779	0.6280	1.7440	4.4186E-3	16.854	12.293	722.121
645000000	6.058	8.423	0.3829	0.1739	0.2069	0.2362	0.3603	0.1821	0.1810	0.2766	0.6328	1.7343	4.4E-3	16.941	11.944	724.179
646000000	6.878	9.533	0.4061	0.1563	0.2091	0.2285	0.3618	0.1927	0.1727	0.2728	0.6252	1.7495	4.4246E-3	16.060	12.289	720.164
647000000	6.736	8.612	0.3983	0.1643	0.2107	0.2267	0.3615	0.1956	0.1697	0.2732	0.6300	1.7399	4.3223E-3	17.028	12.800	731.318
648000000	6.136	8.808	0.3903	0.1741	0.2138	0.2218	0.3553	0.1792	0.1816	0.2839	0.6207	1.7586	4.3755E-3	16.592	12.543	728.450
649000000	5.701	9.138	0.3990	0.1652	0.2063	0.2295	0.3529	0.1883	0.1826	0.2762	0.6411	1.7178	4.3596E-3	16.089	12.785	727.403
650000000	6.870	8.640	0.3878	0.1626	0.2123	0.2372	0.3403	0.1967	0.1843	0.2787	0.6171	1.7658	4.4149E-3	16.714	12.447	717.952
651000000	6.581	9.348	0.3809	0.1565	0.2280	0.2347	0.3675	0.1849	0.1836	0.2640	0.6066	1.7868	4.4391E-3	16.423	12.660	720.087
652000000	6.361	9.247	0.3989	0.1725	0.2097	0.2189	0.3567	0.1866	0.1714	0.2853	0.6024	1.7953	4.4005E-3	16.350	12.478	709.401
653000000	5.993	9.165	0.3992	0.1620	0.2155	0.2233	0.3660	0.1885	0.1799	0.2656	0.6052	1.7896	4.3726E-3	16.768	12.705	725.629
654000000	6.528	9.163	0.3859	0.1699	0.2201	0.2241	0.3601	0.1920	0.1857	0.2622	0.6340	1.7320	4.3404E-3	17.695	12.622	748.368
655000000	6.766	9.016	0.3915	0.1636	0.2092	0.2357	0.3566	0.1830	0.1761	0.2843	0.6261	1.7478	4.3194E-3	18.185	12.249	743.496
656000000	6.597	9.218	0.3864	0.1712	0.2176	0.2247	0.3475	0.1906	0.1793	0.2826	0.6126	1.7748	4.4455E-3	16.881	13.114	730.005
657000000	6.256	9.256	0.3970	0.1649	0.2175	0.2206	0.3489	0.1986	0.1799	0.2726	0.6346	1.7308	4.2143E-3	17.756	13.124	758.621
658000000	6.584	8.597	0.4025	0.1677	0.2124	0.2174	0.3421	0.1993	0.1798	0.2787	0.6296	1.7408	4.2648E-3	16.279	12.522	737.822
659000000	6.304	8.819	0.3978	0.1603	0.2209	0.2210	0.3472	0.2037	0.1793	0.2698	0.6025	1.7949	4.1857E-3	18.063	12.193	741.593
660000000	6.966	8.568	0.4108	0.1715	0.2089	0.2088	0.3635	0.1878	0.1719	0.2768	0.6261	1.7477	4.4159E-3	16.579	12.172	727.178
661000000	6.494	8.058	0.4012	0.1647	0.2125	0.2216	0.3451	0.1878	0.1792	0.2879	0.6169	1.7662	4.4427E-3	15.238	12.525	705.111
662000000	6.521	9.096	0.4017	0.1678	0.2114	0.2191	0.3424	0.1916	0.1815	0.2844	0.6254	1.7491	4.3009E-3	16.653	12.466	728.486
663000000	6.917	7.957	0.3884	0.1767	0.2179	0.2170	0.3517	0.1853	0.1764	0.2866	0.6260	1.7480	4.358E-3	16.557	12.058	722.412
664000000	6.393	8.625	0.3938	0.1618	0.2166	0.2278	0.3620	0.1915	0.1750	0.2715	0.5992	1.8015	4.3367E-3	17.457	12.348	727.356
665000000	7.035	8.856	0.3874	0.1679	0.2111	0.2335	0.3602	0.1925	0.1748	0.2725	0.6131	1.7737	4.4607E-3	16.528	12.405	713.322
666000000	6.661	9.628	0.3927	0.1618	0.2102	0.2354	0.3352	0.1854	0.1855	0.2939	0.5985	1.8029	4.2909E-3	17.969	12.518	748.369
667000000	6.657	8.867	0.3846	0.1666	0.2069	0.2419	0.3546	0.1919	0.1835	0.2700	0.6094	1.7811	4.3816E-3	16.133	12.302	722.997
668000000	7.036	9.001	0.4010	0.1732	0.2028	0.2231	0.3573	0.1838	0.1770	0.2819	0.6302	1.7395	4.5707E-3	15.137	12.068	702.254
669000000	6.285	9.148	0.3730	0.1805	0.2254	0.2211	0.3506	0.1816	0.1786	0.2893	0.6326	1.7348	4.3597E-3	17.422	12.587	719.474
670000000	5.830	8.758	0.3801	0.1726	0.2074	0.2399	0.3761	0.1819	0.1676	0.2743	0.6101	1.7798	4.2327E-3	16.581	12.051	724.478
671000000	6.486	9.347	0.3873	0.1760	0.2064	0.2303	0.3568	0.1962	0.1744	0.2727	0.6097	1.7805	4.5201E-3	16.139	12.246	715.655
672000000	6.319	8.855	0.3917	0.1748	0.2193	0.2143	0.3532	0.1977	0.1739	0.2752	0.6077	1.7846	4.3205E-3	16.822	12.476	725.938
673000000	6.542	9.322	0.3836	0.1777	0.2151	0.2235	0.3666	0.1772	0.1767	0.2795	0.6293	1.7413	4.3029E-3	16.944	13.059	735.630
674000000	6.675	9.870	0.3900	0.1701	0.2118	0.2280	0.3625	0.1875	0.1747	0.2753	0.6128	1.7744	4.4011E-3	15.761	12.638	708.894
675000000	6.328	8.677	0.3798	0.1811	0.2117	0.2274	0.3480	0.1949	0.1758	0.2814	0.6296	1.7407	4.4329E-3	16.279	12.505	716.954
676000000	6.671	8.591	0.3911	0.1764	0.2099	0.2226	0.3544	0.1941	0.1773	0.2742	0.6092	1.7816	4.4028E-3	16.703	12.641	710.948
677000000	6.187	9.003	0.3802	0.1665	0.2191	0.2343	0.3616	0.1890	0.1864	0.2631	0.6219	1.7563	4.3731E-3	16.287	12.008	713.157
678000000	6.201	8.863	0.3996	0.1627	0.2161	0.2217	0.3523	0.1858	0.1836	0.2784	0.6133	1.7735	4.3203E-3	17.096	12.730	724.997
679000000	6.934	9.171	0.3967	0.1685	0.2041	0.2307	0.3329	0.1917	0.1851	0.2902	0.5797	1.8407	4.314E-3	16.957	12.480	715.929
680000000	5.949	9.764	0.3948	0.1678	0.2122	0.2252	0.3667	0.1801	0.1720	0.2812	0.6245	1.7509	4.5352E-3	15.440	11.993	709.555
681000000	6.429	8.315	0.4027	0.1619	0.2110	0.2244	0.3598	0.1879	0.1757	0.2766	0.6344	1.7312	4.3651E-3	16.719	12.159	729.031
682000000	6.641	8.406	0.3838	0.1766	0.2090	0.2306	0.3522	0.1884	0.1792	0.2803	0.6194	1.7611	4.2318E-3	17.726	12.559	744.980
683000000	6.372	9.823	0.4025	0.1718	0.2046	0.2211	0.3610	0.1791	0.1778	0.2821	0.6164	1.7672	4.3272E-3	17.138	12.603	730.903
684000000	5.837	9.670	0.3958	0.1678	0.2147	0.2216	0.3644	0.2010	0.1813	0.2533	0.6204	1.7593	4.4169E-3	16.611	12.612	731.019
685000000	6.891	8.478	0.3916	0.1692	0.2164	0.2228	0.3440	0.1876	0.1798	0.2886	0.6262	1.7476	4.4166E-3	15.966	12.701	716.296
686000000	6.653	9.286	0.4069	0.1507	0.2168	0.2256	0.3461	0.2031	0.1752	0.2756	0.6144	1.7713	4.4495E-3	15.583	12.352	713.077
687000000	6.045	9.234	0.3914	0.1729	0.2132	0.2226	0.3595	0.1963	0.1745	0.2697	0.6293	1.7413	4.4451E-3	15.615	12.854	715.132
688000000	6.479	8.731	0.3817	0.1670	0.2154	0.2360	0.3562	0.1868	0.1850	0.2720	0.6400	1.7201	4.3798E-3	17.176	12.594	725.849
689000000	6.413	8.422	0.3977	0.1729	0.2047	0.2248	0.3568	0.1885	0.1857	0.2690	0.6351	1.7298	4.6925E-3	15.732	11.943	686.856
690000000	6.269	9.846	0.3906	0.1685	0.2123	0.2287	0.3596	0.1938	0.1829	0.2637	0.6355	1.7289	4.5898E-3	15.826	12.235	706.471
691000000	6.928	9.543	0.3999	0.1770	0.2131	0.2100	0.3421	0.1877	0.1836	0.2865	0.6202	1.7596	4.3964E-3	17.509	12.279	728.543
692000000	6.418	8.523	0.3926	0.1807	0.2082	0.2185	0.3438	0.1824	0.1910	0.2828	0.6344	1.7311	4.2801E-3	16.975	12.488	724.117
693000000	6.526	8.644	0.3998	0.1714	0.2129	0.2159	0.3604	0.1882	0.1786	0.2728	0.6235	1.7530	4.3737E-3	16.811	12.421	721.606
694000000	6.730	9.299	0.3934	0.1746	0.2058	0.2261	0.3616	0.1889	0.1772	0.2723	0.6294	1.7411	4.5273E-3	15.113	11.983	700.847
695000000	6.665	8.665	0.3862	0.1602	0.2171	0.2365	0.3508	0.1898	0.1798	0.2796	0.6209	1.7581	4.4568E-3	16.443	12.730	714.590
696000000	6.682	8.769	0.4007	0.1728	0.2021	0.2244	0.3612	0.1888	0.1814	0.2686	0.6187	1.7626	4.2983E-3	17.048	12.689	730.112
697000000	6.336	8.202	0.3859	0.1746	0.2234	0.2161	0.3560	0.1871	0.1792	0.2777	0.6187	1.7626	4.4107E-3	15.562	12.511	708.807
698000000	6.818	9.026	0.3943	0.1746	0.2102	0.2209	0.3492	0.1914	0.1840	0.2754	0.6169	1.7661	4.4345E-3	16.409	12.315	720.399
699000000	6.620	9.138	0.3931	0.1682	0.2131	0.2257	0.3580	0.1904	0.1748	0.2769	0.6094	1.7813	4.3227E-3	17.206	12.623	733.796
700000000	6.546	9.558	0.4067	0.1732	0.2106	0.2095	0.3567	0.1757	0.1848	0.2828	0.6094	1.7812	4.4125E-3	16.349	12.279	723.187
701000000	5.953	9.979	0.3835	0.1675	0.2082	0.2408	0.3605	0.1818	0.1655	0.2922	0.6170	1.7659	4.4785E-3	16.791	13.077	718.705
702000000	6.625	9.208	0.3817	0.1726	0.2182	0.2275	0.3411	0.1903	0.1812	0.2874	0.6031	1.7938	4.5573E-3	16.701	12.259	710.613
703000000	7.299	8.902	0.3800	0.1777	0.2187	0.2236	0.3668	0.1897	0.1731	0.2704	0.6206	1.7588	4.3E-3	17.420	12.116	732.596
704000000	6.569	8.959	0.3973	0.1654	0.2160	0.2213	0.3724	0.1843	0.1740	0.2692	0.6258	1.7485	4.5509E-3	15.695	12.600	700.270
705000000	5.808	8.816	0.3954	0.1639	0.2073	0.2334	0.3472	0.1761	0.1855	0.2912	0.6052	1.7896	4.2932E-3	16.372	12.461	720.983
706000000	6.477	8.782	0.4067	0.1638	0.2052	0.2243	0.3634	0.1806	0.1762	0.2798	0.6296	1.7408	4.2919E-3	17.009	12.388	731.243
707000000	6.139	9.204	0.3825	0.1725	0.2189	0.2261	0.3316	0.1914	0.1923	0.2846	0.6452	1.7097	4.3706E-3	16.656	12.180	723.236
708000000	6.383	9.194	0.4010	0.1589	0.2138	0.2263	0.3616	0.1882	0.1717	0.2785	0.6124	1.7752	4.1669E-3	17.598	12.788	745.786
709000000	6.266	8.633	0.4040	0.1743	0.1959	0.2259	0.3574	0.1771	0.1859	0.2796	0.6186	1.7629	4.4083E-3	16.689	12.122	724.450
710000000	6.374	8.919	0.3860	0.1672	0.2285	0.2183	0.3548	0.1934	0.1788	0.2730	0.6325	1.7351	4.4906E-3	16.183	12.264	708.685
711000000	5.648	9.126	0.3932	0.1648	0.2090	0.2331	0.3548	0.1975	0.1781	0.2696	0.6202	1.7596	4.472E-3	15.726	12.468	714.716
712000000	7.172	9.123	0.4129	0.1629	0.2060	0.2181	0.3390	0.2014	0.1850	0.2747	0.6219	1.7561	4.3593E-3	16.227	13.042	710.562
713000000	5.909	9.234	0.4046	0.1624	0.2223	0.2108	0.3661	0.1834	0.1831	0.2673	0.5970	1.8060	4.3556E-3	16.061	12.499	712.297
714000000	6.042	8.579	0.4155	0.1636	0.2067	0.2143	0.3443	0.1994	0.1877	0.2686	0.6129	1.7741	4.5301E-3	15.847	13.150	708.545
715000000	6.659	9.094	0.3761	0.1651	0.2279	0.2309	0.3551	0.1881	0.1725	0.2844	0.6216	1.7567	4.5313E-3	15.584	12.464	698.659
716000000	5.988	8.859	0.3829	0.1675	0.2208	0.2288	0.3510	0.1888	0.1956	0.2646	0.6237	1.7527	4.4374E-3	16.820	12.840	722.399
717000000	6.154	9.268	0.3842	0.1596	0.2310	0.2252	0.3616	0.1951	0.1757	0.2676	0.6408	1.7184	4.2543E-3	16.946	12.683	735.485
718000000	7.255	8.604	0.3940	0.1667	0.2110	0.2282	0.3497	0.1877	0.1885	0.2741	0.6109	1.7781	4.2794E-3	17.227	12.020	738.410
719000000	6.772	8.217	0.3849	0.1690	0.2113	0.2348	0.3552	0.1918	0.1726	0.2804	0.6281	1.7438	4.3556E-3	16.910	12.292	731.829
720000000	6.435	8.790	0.4118	0.1615	0.2124	0.2144	0.3509	0.1970	0.1741	0.2780	0.6409	1.7183	4.3282E-3	16.177	12.596	716.843
721000000	7.161	9.076	0.3940	0.1705	0.2105	0.2251	0.3513	0.1942	0.1814	0.2732	0.6295	1.7410	4.4041E-3	16.637	11.880	733.183
722000000	6.707	8.894	0.3989	0.1718	0.2040	0.2253	0.3579	0.1782	0.1865	0.2773	0.6180	1.7640	4.3928E-3	16.712	12.388	726.394
723000000	7.261	8.243	0.3760	0.1735	0.2268	0.2238	0.3616	0.1837	0.1752	0.2795	0.6239	1.7523	4.4707E-3	16.208	12.405	712.311
724000000	6.324	9.189	0.4025	0.1642	0.2148	0.2185	0.3428	0.1810	0.1862	0.2900	0.6323	1.7353	4.542E-3	15.312	12.288	703.693
725000000	6.184	8.250	0.4027	0.1643	0.2185	0.2145	0.3502	0.1886	0.1839	0.2774	0.6322	1.7356	4.4792E-3	15.544	12.440	711.227
726000000	6.563	8.795	0.3867	0.1730	0.2226	0.2177	0.3294	0.1932	0.1882	0.2892	0.6252	1.7496	4.4807E-3	16.008	12.184	714.454
727000000	6.417	8.670	0.3920	0.1753	0.2228	0.2099	0.3685	0.1890	0.1702	0.2723	0.6222	1.7556	4.1637E-3	17.111	12.240	753.648
728000000	6.034	9.361	0.4072	0.1691	0.2028	0.2210	0.3571	0.1966	0.1852	0.2611	0.6069	1.7861	4.2377E-3	16.139	12.562	724.086
729000000	5.893	8.608	0.3946	0.1683	0.2189	0.2182	0.3412	0.1965	0.1823	0.2799	0.6118	1.7764	4.6771E-3	15.194	12.634	692.632
730000000	6.152	8.920	0.3763	0.1843	0.2110	0.2284	0.3480	0.1945	0.1761	0.2813	0.6293	1.7414	4.3635E-3	16.981	13.069	735.709
731000000	6.933	9.160	0.3952	0.1666	0.2095	0.2287	0.3507	0.1931	0.1667	0.2895	0.6325	1.7350	4.4754E-3	15.798	12.387	709.729
732000000	6.035	8.866	0.3915	0.1715	0.2119	0.2250	0.3700	0.1702	0.1850	0.2747	0.6497	1.7005	4.3312E-3	16.987	12.602	723.205
733000000	5.807	9.146	0.3977	0.1626	0.2206	0.2192	0.3635	0.1859	0.1818	0.2689	0.6024	1.7953	4.2559E-3	17.032	13.108	733.751
734000000	5.793	9.615	0.4015	0.1766	0.1995	0.2225	0.3516	0.1904	0.1662	0.2918	0.6136	1.7728	4.3528E-3	17.484	12.434	737.705
735000000	5.898	10.013	0.3918	0.1738	0.2141	0.2203	0.3546	0.1894	0.1860	0.2700	0.6233	1.7535	4.1826E-3	17.258	12.305	744.740
736000000	6.659	9.286	0.3999	0.1669	0.2112	0.2219	0.3568	0.1855	0.1890	0.2687	0.6264	1.7472	4.3316E-3	16.841	12.715	748.100
737000000	6.915	9.573	0.3990	0.1701	0.2106	0.2203	0.3400	0.2055	0.1836	0.2710	0.6148	1.7705	4.2843E-3	17.068	12.509	738.115
738000000	6.441	8.916	0.3960	0.1662	0.2222	0.2156	0.3481	0.1904	0.1762	0.2853	0.6381	1.7238	4.1873E-3	17.170	12.572	745.893
739000000	5.712	9.160	0.3975	0.1614	0.2159	0.2252	0.3451	0.1981	0.1796	0.2772	0.6066	1.7868	4.425E-3	16.761	12.708	732.120
740000000	6.408	8.787	0.3943	0.1664	0.2047	0.2345	0.3477	0.1895	0.1731	0.2896	0.6326	1.7347	4.3099E-3	17.402	12.390	738.931
741000000	6.313	8.347	0.3823	0.1661	0.2292	0.2224	0.3518	0.1944	0.1696	0.2842	0.6435	1.7130	4.337E-3	17.026	12.597	738.641
742000000	6.212	8.385	0.3894	0.1700	0.2203	0.2204	0.3384	0.1988	0.1856	0.2772	0.6227	1.7545	4.3443E-3	16.152	12.719	730.789
743000000	6.521	8.880	0.4035	0.1642	0.2165	0.2159	0.3539	0.1818	0.1753	0.2891	0.6462	1.7076	4.4359E-3	16.276	12.072	712.102
744000000	6.688	8.693	0.3946	0.1602	0.2084	0.2368	0.3601	0.1832	0.1858	0.2710	0.6301	1.7398	4.3877E-3	16.169	12.483	711.677
745000000	6.593	8.871	0.4011	0.1527	0.2168	0.2295	0.3503	0.1964	0.1728	0.2805	0.6271	1.7457	4.4022E-3	16.268	12.596	706.201
746000000	5.992	9.947	0.3778	0.1845	0.2175	0.2202	0.3397	0.1834	0.1938	0.2830	0.6236	1.7529	4.5297E-3	15.692	12.887	701.405
747000000	6.880	8.810	0.4145	0.1513	0.2149	0.2193	0.3615	0.1926	0.1750	0.2708	0.6024	1.7952	4.4698E-3	16.544	12.458	734.673
748000000	6.792	9.015	0.4096	0.1630	0.2088	0.2185	0.3507	0.1896	0.1723	0.2873	0.6134	1.7732	4.0766E-3	17.503	12.924	745.785
749000000	6.515	8.789	0.3916	0.1780	0.2087	0.2218	0.3490	0.1999	0.1748	0.2763	0.6217	1.7566	4.3793E-3	16.966	12.403	736.559
750000000	6.256	8.504	0.3936	0.1610	0.2113	0.2340	0.3641	0.1847	0.1795	0.2717	0.6226	1.7549	4.3695E-3	16.072	12.256	725.688
751000000	6.365	8.922	0.3968	0.1772	0.2127	0.2134	0.3533	0.1858	0.1818	0.2791	0.6281	1.7439	4.3705E-3	15.995	12.874	726.560
752000000	6.411	9.121	0.3871	0.1698	0.2107	0.2324	0.3585	0.1961	0.1768	0.2686	0.6297	1.7405	4.4248E-3	15.251	12.627	698.907
753000000	5.885	9.165	0.4022	0.1593	0.2100	0.2285	0.3453	0.1961	0.1885	0.2700	0.6295	1.7410	4.276E-3	18.475	12.591	752.101
754000000	7.049	9.289	0.3948	0.1653	0.2074	0.2325	0.3403	0.1984	0.1744	0.2869	0.6227	1.7547	4.4498E-3	16.259	12.436	714.793
755000000	6.691	8.506	0.3833	0.1729	0.2158	0.2280	0.3497	0.1999	0.1744	0.2761	0.6228	1.7544	4.3521E-3	16.906	12.270	727.817
756000000	6.378	8.976	0.3838	0.1776	0.2188	0.2198	0.3363	0.2087	0.1751	0.2799	0.6060	1.7879	4.5282E-3	15.748	12.354	705.821
757000000	6.842	9.671	0.3914	0.1700	0.2198	0.2187	0.3505	0.1902	0.1781	0.2811	0.6039	1.7923	4.2335E-3	16.953	12.292	730.978
758000000	6.654	8.665	0.4006	0.1554	0.2013	0.2427	0.3336	0.1870	0.1894	0.2899	0.5815	1.8370	4.6232E-3	16.052	12.206	699.539
759000000	6.073	8.863	0.4009	0.1671	0.2092	0.2228	0.3691	0.1871	0.1765	0.2673	0.6255	1.7491	4.4992E-3	16.388	12.594	717.458
760000000	6.316	8.553	0.4019	0.1612	0.2208	0.2160	0.3391	0.2017	0.1799	0.2793	0.6168	1.7664	4.3956E-3	16.879	12.173	723.227
761000000	6.590	8.970	0.4033	0.1696	0.2060	0.2211	0.3624	0.1772	0.1810	0.2795	0.6247	1.7507	4.2515E-3	16.405	12.249	719.389
762000000	6.759	9.307	0.3842	0.1701	0.2211	0.2245	0.3372	0.1950	0.1861	0.2817	0.6220	1.7560	4.2836E-3	16.653	12.369	727.658
763000000	6.588	8.893	0.4009	0.1701	0.2155	0.2135	0.3649	0.1811	0.1810	0.2731	0.6187	1.7627	4.3346E-3	17.425	12.586	730.517
764000000	6.667	9.640	0.3904	0.1705	0.2209	0.2182	0.3625	0.1850	0.1690	0.2835	0.6245	1.7509	4.2266E-3	16.947	12.636	735.089
765000000	6.903	8.901	0.4060	0.1684	0.2082	0.2174	0.3530	0.1971	0.1770	0.2729	0.6215	1.7569	4.4321E-3	17.445	12.069	728.404
766000000	6.508	8.670	0.3833	0.1794	0.2169	0.2205	0.3525	0.1978	0.1805	0.2692	0.6316	1.7369	4.458E-3	15.877	12.268	718.052
767000000	6.429	8.035	0.3905	0.1647	0.2205	0.2244	0.3485	0.1818	0.1842	0.2856	0.6119	1.7762	4.3888E-3	16.338	12.501	722.513
768000000	6.009	8.554	0.4055	0.1718	0.2016	0.2211	0.3565	0.1786	0.1829	0.2820	0.6149	1.7702	4.374E-3	15.023	12.584	703.588
769000000	6.362	9.169	0.4078	0.1649	0.2109	0.2164	0.3539	0.1888	0.1797	0.2777	0.6261	1.7478	4.3545E-3	16.163	12.362	718.899
770000000	5.914	8.863	0.4017	0.1610	0.2198	0.2175	0.3710	0.1797	0.1752	0.2742	0.6215	1.7571	4.302E-3	16.147	12.267	716.879
771000000	6.893	9.035	0.3975	0.1682	0.2253	0.2090	0.3439	0.1851	0.1842	0.2867	0.6349	1.7302	4.3842E-3	17.594	12.173	732.241
772000000	6.584	8.801	0.3873	0.1777	0.2058	0.2292	0.3573	0.1996	0.1808	0.2622	0.6035	1.7930	4.3399E-3	17.414	11.941	739.665
773000000	6.807	9.648	0.3930	0.1721	0.2133	0.2215	0.3569	0.1955	0.1661	0.2815	0.5984	1.8033	4.3389E-3	17.097	12.510	740.568
774000000	6.528	8.403	0.3975	0.1570	0.2160	0.2295	0.3594	0.1849	0.1809	0.2749	0.6305	1.7390	4.2716E-3	17.382	13.116	737.756
775000000	6.249	8.461	0.3735	0.1800	0.2229	0.2236	0.3608	0.1914	0.1843	0.2635	0.6219	1.7563	4.3397E-3	17.254	12.658	735.489
776000000	6.770	9.025	0.3980	0.1812	0.1970	0.2237	0.3454	0.1853	0.1843	0.2850	0.6015	1.7970	4.4078E-3	15.706	12.287	715.643
777000000	6.051	9.845	0.3843	0.1643	0.2230	0.2283	0.3385	0.1975	0.1811	0.2829	0.6254	1.7492	4.3271E-3	15.753	12.342	718.620
778000000	5.989	9.241	0.4223	0.1662	0.2019	0.2095	0.3439	0.1924	0.1778	0.2859	0.5969	1.8061	4.3517E-3	15.886	12.984	703.467
779000000	6.646	9.316	0.3819	0.1637	0.2320	0.2224	0.3600	0.1875	0.1793	0.2732	0.6387	1.7225	4.5687E-3	15.250	12.492	697.265
780000000	6.033	8.905	0.3914	0.1766	0.2200	0.2120	0.3325	0.1921	0.1891	0.2863	0.5914	1.8173	4.3653E-3	15.836	12.777	709.077
781000000	6.416	9.606	0.4059	0.1704	0.2068	0.2170	0.3644	0.1838	0.1859	0.2659	0.6280	1.7439	4.4834E-3	16.725	12.065	717.984
782000000	6.112	8.765	0.4049	0.1658	0.2099	0.2193	0.3686	0.1826	0.1834	0.2654	0.6320	1.7360	4.6569E-3	15.296	13.136	710.439
783000000	6.473	7.790	0.3979	0.1648	0.2135	0.2238	0.3535	0.1977	0.1718	0.2770	0.6016	1.7968	4.3862E-3	16.251	12.412	714.130
784000000	6.455	8.487	0.3854	0.1725	0.2119	0.2301	0.3529	0.1915	0.1868	0.2689	0.6075	1.7851	4.3779E-3	16.226	12.394	723.670
785000000	6.494	8.682	0.4087	0.1766	0.2060	0.2088	0.3437	0.1880	0.1812	0.2871	0.6210	1.7580	4.4188E-3	15.303	12.829	716.259
786000000	6.085	9.304	0.3863	0.1740	0.2085	0.2312	0.3626	0.1852	0.1686	0.2836	0.6170	1.7659	4.5864E-3	15.514	12.393	697.231
787000000	6.842	8.018	0.4008	0.1614	0.2072	0.2306	0.3596	0.1848	0.1801	0.2754	0.6028	1.7943	4.4698E-3	16.297	12.595	712.024
788000000	6.144	8.067	0.4048	0.1615	0.2114	0.2223	0.3625	0.1821	0.1746	0.2808	0.6169	1.7663	4.3795E-3	15.905	12.067	712.844
789000000	6.394	8.922	0.3925	0.1629	0.2164	0.2282	0.3487	0.1889	0.1739	0.2886	0.6153	1.7695	4.3272E-3	16.235	12.675	720.274
790000000	5.988	8.304	0.4141	0.1619	0.2078	0.2162	0.3614	0.1868	0.1880	0.2638	0.6311	1.7378	4.3043E-3	16.810	12.514	720.866
791000000	6.374	8.939	0.4123	0.1638	0.2083	0.2156	0.3567	0.1847	0.1790	0.2796	0.6351	1.7299	4.4893E-3	16.219	13.185	705.291
792000000	6.641	8.736	0.3853	0.1698	0.2152	0.2297	0.3440	0.1936	0.1797	0.2828	0.6033	1.7935	4.3441E-3	16.092	12.459	712.917
793000000	6.480	8.499	0.3914	0.1708	0.2065	0.2314	0.3611	0.1698	0.1831	0.2860	0.6276	1.7449	4.1709E-3	16.973	12.916	732.346
794000000	6.601	8.780	0.3931	0.1671	0.2185	0.2212	0.3626	0.1752	0.1830	0.2792	0.6338	1.7324	4.3533E-3	16.505	12.709	730.283
795000000	6.395	9.371	0.4080	0.1656	0.2132	0.2132	0.3556	0.1796	0.1894	0.2755	0.6202	1.7597	4.2646E-3	16.431	12.565	728.943
796000000	6.442	9.278	0.3959	0.1566	0.2316	0.2158	0.3521	0.1967	0.1801	0.2711	0.6154	1.7691	4.5672E-3	15.930	12.636	711.607
797000000	6.611	8.746	0.3906	0.1606	0.2259	0.2229	0.3499	0.1949	0.1716	0.2836	0.6088	1.7823	4.5586E-3	15.150	12.057	696.729
798000000	6.125	9.615	0.3970	0.1713	0.2051	0.2267	0.3494	0.1909	0.1773	0.2824	0.6098	1.7805	4.5213E-3	15.741	11.998	708.895
799000000	6.989	9.639	0.4044	0.1665	0.2107	0.2184	0.3436	0.1961	0.1788	0.2815	0.6246	1.7509	4.5647E-3	16.219	11.964	700.705
800000000	6.128	9.023	0.3741	0.1770	0.2141	0.2348	0.3371	0.2010	0.1874	0.2745	0.6084	1.7833	4.2961E-3	17.970	11.976	743.222
