state	cp12.kappa	cp3.kappa	cp12.frequencies1	cp12.frequencies2	cp12.frequencies3	cp12.frequencies4	cp3.frequencies1	cp3.frequencies2	cp3.frequencies3	cp3.frequencies4	cp12.mu	cp3.mu	clock.rate	constant.popSize	rootHeight	treeLength
1000000	6.634	8.064	0.3868	0.1664	0.2181	0.2288	0.3489	0.1880	0.1933	0.2698	0.6188	1.7623	4.4784E-3	15.561	12.225	711.824
2000000	6.354	9.113	0.3883	0.1617	0.2105	0.2395	0.3642	0.1939	0.1760	0.2659	0.6344	1.7313	4.2079E-3	16.766	12.432	739.607
3000000	6.231	9.017	0.3894	0.1540	0.2283	0.2283	0.3523	0.1885	0.1702	0.2890	0.6252	1.7497	4.4405E-3	16.814	12.234	734.919
4000000	6.812	9.386	0.3928	0.1678	0.2165	0.2228	0.3466	0.1979	0.1838	0.2717	0.6265	1.7470	4.3607E-3	17.749	12.586	748.955
5000000	5.863	9.372	0.3950	0.1739	0.2114	0.2197	0.3611	0.1894	0.1817	0.2678	0.6180	1.7640	4.2842E-3	17.407	12.388	740.953
6000000	6.290	7.991	0.3896	0.1596	0.2213	0.2295	0.3536	0.1882	0.1772	0.2809	0.6250	1.7500	4.2669E-3	16.548	12.435	723.702
7000000	6.432	9.346	0.3765	0.1747	0.2053	0.2435	0.3468	0.1999	0.1812	0.2721	0.6193	1.7615	4.3472E-3	17.210	12.452	736.472
8000000	5.784	9.150	0.3923	0.1627	0.2140	0.2310	0.3487	0.1862	0.1818	0.2833	0.6152	1.7696	4.2292E-3	16.179	12.496	731.295
9000000	5.987	9.378	0.3827	0.1588	0.2252	0.2333	0.3618	0.1771	0.1750	0.2861	0.6368	1.7264	4.4433E-3	16.233	12.643	710.497
10000000	6.088	9.468	0.4037	0.1647	0.2156	0.2159	0.3461	0.1801	0.1824	0.2915	0.6205	1.7591	4.2624E-3	16.674	12.257	736.253
11000000	6.482	9.822	0.4036	0.1667	0.2127	0.2171	0.3541	0.1967	0.1739	0.2753	0.6157	1.7686	4.2343E-3	17.281	13.105	744.781
12000000	6.931	9.016	0.3828	0.1800	0.2151	0.2221	0.3501	0.1922	0.1757	0.2821	0.6171	1.7659	4.3558E-3	17.559	12.302	740.173
13000000	6.219	8.626	0.4074	0.1586	0.2130	0.2210	0.3548	0.1949	0.1897	0.2606	0.6165	1.7671	4.2528E-3	17.465	12.313	746.833
14000000	6.247	8.700	0.3998	0.1611	0.2096	0.2295	0.3547	0.1863	0.1815	0.2775	0.6471	1.7058	4.3527E-3	16.820	12.308	729.051
15000000	6.136	9.194	0.4026	0.1658	0.2129	0.2187	0.3501	0.1900	0.1785	0.2813	0.6302	1.7396	4.3062E-3	17.266	13.070	746.457
16000000	6.574	9.164	0.3860	0.1607	0.2221	0.2312	0.3545	0.1896	0.1777	0.2782	0.6074	1.7852	4.2942E-3	16.282	12.578	720.185
17000000	6.049	9.154	0.3862	0.1683	0.2153	0.2302	0.3532	0.1779	0.1923	0.2766	0.6334	1.7333	4.3785E-3	16.541	12.274	734.050
18000000	6.308	8.806	0.4093	0.1601	0.2113	0.2193	0.3682	0.1875	0.1806	0.2637	0.6074	1.7852	4.292E-3	18.064	12.108	742.984
19000000	6.138	8.817	0.3992	0.1617	0.2163	0.2228	0.3506	0.1843	0.1812	0.2840	0.6369	1.7262	4.2134E-3	17.592	13.089	751.975
20000000	6.222	9.018	0.3899	0.1697	0.2213	0.2191	0.3714	0.1754	0.1766	0.2766	0.6180	1.7639	4.3985E-3	16.767	12.914	713.302
21000000	6.292	9.309	0.3832	0.1746	0.2118	0.2304	0.3514	0.1943	0.1806	0.2737	0.6332	1.7335	4.4508E-3	16.315	12.483	724.161
22000000	6.359	8.752	0.4130	0.1595	0.2173	0.2103	0.3424	0.2063	0.1768	0.2745	0.6240	1.7520	4.3694E-3	17.501	12.447	740.614
23000000	6.329	8.180	0.3759	0.1602	0.2340	0.2299	0.3476	0.1933	0.1781	0.2810	0.6168	1.7663	4.3878E-3	16.540	12.916	729.766
24000000	6.326	8.361	0.3975	0.1787	0.2044	0.2194	0.3341	0.1841	0.1917	0.2901	0.6170	1.7659	4.2249E-3	17.769	12.789	744.717
25000000	5.888	8.554	0.3840	0.1721	0.2144	0.2295	0.3466	0.1830	0.1891	0.2813	0.6041	1.7917	4.3076E-3	17.324	13.093	731.479
26000000	6.263	8.573	0.3710	0.1684	0.2163	0.2443	0.3482	0.1912	0.1828	0.2778	0.6319	1.7363	4.3159E-3	17.615	12.369	743.027
27000000	5.755	8.628	0.3934	0.1734	0.2120	0.2213	0.3469	0.1968	0.1813	0.2750	0.6294	1.7413	4.6898E-3	15.348	12.331	694.327
28000000	6.768	8.750	0.3903	0.1750	0.2094	0.2253	0.3440	0.1851	0.1782	0.2928	0.6088	1.7823	4.4336E-3	15.928	12.080	716.221
29000000	5.905	9.099	0.3822	0.1683	0.2146	0.2348	0.3504	0.1837	0.1801	0.2858	0.6190	1.7619	4.1052E-3	16.776	12.382	751.468
30000000	6.088	8.595	0.3939	0.1703	0.2152	0.2206	0.3745	0.1843	0.1655	0.2757	0.6354	1.7292	4.3569E-3	16.437	12.263	725.944
31000000	6.225	8.125	0.3851	0.1654	0.2219	0.2275	0.3608	0.1790	0.1845	0.2756	0.6236	1.7528	4.3943E-3	17.319	12.254	727.067
32000000	6.380	9.750	0.3918	0.1773	0.2094	0.2214	0.3411	0.1869	0.1822	0.2899	0.6171	1.7657	4.3343E-3	16.576	12.599	734.375
33000000	6.273	8.508	0.3855	0.1618	0.2171	0.2357	0.3563	0.1996	0.1761	0.2680	0.6082	1.7837	4.4946E-3	16.294	12.350	716.015
34000000	5.698	9.187	0.3921	0.1766	0.2124	0.2189	0.3544	0.1881	0.1764	0.2811	0.6260	1.7481	4.2501E-3	17.162	12.737	735.858
35000000	6.632	8.654	0.3810	0.1906	0.2150	0.2135	0.3415	0.1916	0.1936	0.2733	0.6154	1.7692	4.4147E-3	16.061	12.225	720.537
36000000	6.311	8.968	0.3822	0.1863	0.2158	0.2156	0.3563	0.1789	0.1746	0.2901	0.6224	1.7552	4.3512E-3	16.765	12.402	727.364
37000000	6.327	8.841	0.3833	0.1729	0.2123	0.2314	0.3629	0.1760	0.1755	0.2857	0.6173	1.7654	4.3985E-3	16.030	12.100	722.695
38000000	6.423	8.998	0.4095	0.1697	0.2046	0.2162	0.3545	0.1891	0.1820	0.2744	0.6145	1.7711	4.5512E-3	16.376	12.253	700.791
39000000	6.111	8.288	0.3887	0.1757	0.2124	0.2232	0.3542	0.1904	0.1788	0.2765	0.6086	1.7828	4.3105E-3	16.360	12.509	718.692
40000000	6.167	9.579	0.3978	0.1631	0.2245	0.2145	0.3492	0.2037	0.1788	0.2683	0.6067	1.7867	4.4717E-3	15.721	13.085	702.162
41000000	6.081	8.629	0.3962	0.1629	0.2254	0.2155	0.3458	0.1890	0.1832	0.2820	0.6128	1.7744	4.3691E-3	16.313	12.341	718.586
42000000	6.057	9.040	0.4014	0.1630	0.2187	0.2169	0.3541	0.1885	0.1776	0.2798	0.6321	1.7358	4.2834E-3	17.243	12.649	735.479
43000000	5.891	8.923	0.3896	0.1593	0.2243	0.2268	0.3565	0.1940	0.1780	0.2715	0.6173	1.7653	4.246E-3	17.976	12.733	755.772
44000000	7.194	9.194	0.4030	0.1651	0.2078	0.2241	0.3570	0.1918	0.1831	0.2681	0.6125	1.7750	4.1361E-3	18.271	12.766	764.223
45000000	6.493	8.982	0.4087	0.1567	0.2070	0.2276	0.3500	0.1801	0.1889	0.2811	0.6096	1.7807	4.3085E-3	16.941	12.709	738.148
46000000	6.189	9.803	0.4020	0.1682	0.2128	0.2170	0.3460	0.1762	0.1877	0.2902	0.6194	1.7613	4.099E-3	19.380	12.635	780.579
47000000	7.659	9.198	0.3879	0.1711	0.2212	0.2198	0.3521	0.1908	0.1840	0.2732	0.6221	1.7559	4.4271E-3	16.526	12.244	731.630
48000000	6.646	9.587	0.3800	0.1797	0.2262	0.2141	0.3537	0.1880	0.1756	0.2827	0.6202	1.7596	4.325E-3	17.011	12.840	734.049
49000000	6.432	9.919	0.3892	0.1715	0.2059	0.2334	0.3693	0.1900	0.1675	0.2731	0.6467	1.7066	4.2961E-3	16.234	12.150	729.192
50000000	6.632	9.328	0.4025	0.1672	0.2114	0.2189	0.3751	0.1888	0.1654	0.2707	0.6124	1.7752	4.2749E-3	16.890	13.148	725.506
51000000	5.824	8.935	0.3951	0.1668	0.2152	0.2229	0.3588	0.1937	0.1691	0.2783	0.6291	1.7417	4.3611E-3	17.052	12.541	735.967
52000000	6.120	9.440	0.3933	0.1745	0.2140	0.2181	0.3591	0.1879	0.1794	0.2735	0.6206	1.7587	4.2485E-3	17.593	12.135	744.255
53000000	6.310	8.844	0.4029	0.1475	0.2187	0.2309	0.3426	0.2006	0.1820	0.2748	0.6222	1.7557	4.3835E-3	16.871	12.641	723.293
54000000	6.532	9.249	0.3802	0.1709	0.2224	0.2264	0.3644	0.1916	0.1835	0.2604	0.6193	1.7613	4.4257E-3	16.750	12.463	717.282
55000000	6.007	8.672	0.3963	0.1648	0.2217	0.2172	0.3520	0.1827	0.1859	0.2793	0.6242	1.7517	4.3973E-3	16.296	12.159	723.381
56000000	6.716	9.901	0.4041	0.1644	0.2043	0.2272	0.3494	0.2009	0.1789	0.2708	0.6078	1.7843	4.5044E-3	15.651	12.692	716.094
57000000	6.172	8.960	0.4091	0.1659	0.2011	0.2239	0.3753	0.1754	0.1719	0.2774	0.6231	1.7538	4.3104E-3	16.747	12.489	725.606
58000000	6.400	9.796	0.4008	0.1682	0.2041	0.2269	0.3556	0.1909	0.1839	0.2697	0.6206	1.7588	4.1661E-3	17.819	12.733	746.360
59000000	7.127	9.753	0.3936	0.1629	0.2143	0.2293	0.3450	0.1910	0.1706	0.2934	0.6256	1.7488	4.2026E-3	17.363	12.760	739.190
60000000	6.433	8.736	0.3939	0.1706	0.2106	0.2248	0.3558	0.1833	0.1796	0.2814	0.6441	1.7119	4.2608E-3	16.716	12.703	734.240
61000000	6.898	9.177	0.3995	0.1604	0.2122	0.2280	0.3790	0.1888	0.1737	0.2585	0.6117	1.7767	4.3213E-3	15.937	12.527	718.266
62000000	7.187	9.291	0.3949	0.1667	0.2159	0.2225	0.3545	0.1935	0.1822	0.2698	0.6282	1.7435	4.4578E-3	15.922	12.026	712.278
63000000	6.516	8.943	0.3995	0.1668	0.2081	0.2256	0.3430	0.1946	0.1880	0.2743	0.6123	1.7754	4.3129E-3	17.472	12.301	734.806
64000000	6.634	8.843	0.3976	0.1652	0.2156	0.2216	0.3566	0.1928	0.1798	0.2708	0.6215	1.7570	4.293E-3	16.872	12.402	731.715
65000000	5.875	9.717	0.3983	0.1777	0.2188	0.2052	0.3616	0.1774	0.1831	0.2780	0.6103	1.7794	4.3658E-3	16.992	12.829	732.420
66000000	6.498	8.155	0.3849	0.1700	0.2135	0.2317	0.3439	0.1962	0.1798	0.2801	0.6214	1.7573	4.1429E-3	18.560	12.560	760.502
67000000	5.930	8.530	0.3983	0.1631	0.2233	0.2154	0.3502	0.1924	0.1795	0.2779	0.6193	1.7613	4.2031E-3	17.183	13.248	743.262
68000000	6.134	9.279	0.3926	0.1664	0.2198	0.2212	0.3507	0.1920	0.1749	0.2824	0.6344	1.7312	4.3121E-3	17.443	12.568	735.978
69000000	6.176	8.557	0.4039	0.1721	0.2075	0.2165	0.3527	0.1873	0.1818	0.2782	0.6241	1.7517	4.3945E-3	16.710	12.480	717.563
70000000	6.401	8.945	0.3933	0.1562	0.2210	0.2295	0.3568	0.1901	0.1704	0.2827	0.6107	1.7786	4.1918E-3	17.606	12.235	749.222
71000000	6.034	9.162	0.4121	0.1535	0.2222	0.2123	0.3597	0.1833	0.1728	0.2843	0.6187	1.7625	4.3175E-3	17.406	12.552	741.931
72000000	6.641	8.695	0.4046	0.1598	0.2138	0.2218	0.3657	0.1749	0.1890	0.2704	0.6175	1.7650	4.4128E-3	16.890	12.788	722.141
73000000	6.432	8.385	0.3909	0.1646	0.2103	0.2342	0.3414	0.1923	0.1843	0.2821	0.5990	1.8020	4.3619E-3	15.901	12.384	726.894
74000000	6.022	8.657	0.4098	0.1607	0.2103	0.2192	0.3348	0.1892	0.1875	0.2885	0.6180	1.7641	4.3398E-3	17.002	12.402	734.552
75000000	6.535	8.768	0.4142	0.1576	0.2114	0.2168	0.3647	0.1862	0.1819	0.2671	0.6384	1.7231	4.5329E-3	16.298	12.865	722.070
76000000	6.062	9.365	0.4013	0.1658	0.2124	0.2205	0.3640	0.1905	0.1687	0.2768	0.6264	1.7471	4.2676E-3	16.988	12.832	733.816
77000000	6.314	8.348	0.4062	0.1641	0.2169	0.2127	0.3601	0.1795	0.1769	0.2834	0.6219	1.7561	4.3923E-3	17.155	12.035	735.047
78000000	5.917	9.078	0.3871	0.1646	0.2288	0.2195	0.3577	0.1926	0.1721	0.2777	0.6352	1.7295	4.3873E-3	17.028	12.345	716.293
79000000	6.515	9.145	0.3786	0.1767	0.2159	0.2288	0.3705	0.1937	0.1692	0.2666	0.6113	1.7774	4.3643E-3	17.009	12.168	721.865
80000000	6.068	8.312	0.4092	0.1630	0.2099	0.2178	0.3509	0.1883	0.1791	0.2817	0.6333	1.7334	4.3333E-3	17.839	13.088	734.931
81000000	6.395	9.404	0.3984	0.1783	0.2016	0.2217	0.3649	0.1947	0.1810	0.2594	0.6481	1.7039	4.2768E-3	17.607	12.099	731.967
82000000	6.629	8.039	0.4073	0.1528	0.2126	0.2273	0.3553	0.1815	0.1828	0.2804	0.6269	1.7462	4.2711E-3	17.443	12.337	733.235
83000000	6.436	9.224	0.3911	0.1699	0.2088	0.2302	0.3545	0.1838	0.1764	0.2854	0.6122	1.7756	4.3413E-3	15.921	12.849	722.323
84000000	6.276	8.826	0.3816	0.1677	0.2247	0.2260	0.3695	0.1839	0.1793	0.2673	0.6108	1.7785	4.485E-3	15.505	12.467	705.429
85000000	6.381	9.396	0.4059	0.1633	0.2109	0.2198	0.3647	0.1931	0.1755	0.2667	0.6089	1.7822	4.2045E-3	17.843	13.013	743.651
86000000	5.935	9.521	0.3962	0.1618	0.2223	0.2197	0.3574	0.1755	0.1796	0.2876	0.6191	1.7618	4.4084E-3	16.952	12.741	728.088
87000000	6.740	8.051	0.3881	0.1707	0.2120	0.2291	0.3431	0.2040	0.1707	0.2822	0.6242	1.7515	4.4159E-3	17.215	13.310	744.745
88000000	5.905	8.344	0.4002	0.1731	0.2010	0.2256	0.3583	0.1799	0.1821	0.2797	0.6104	1.7792	4.2549E-3	16.817	12.531	734.969
89000000	6.960	8.607	0.3851	0.1626	0.2115	0.2407	0.3476	0.1895	0.1848	0.2782	0.6228	1.7543	4.1459E-3	17.756	12.641	752.327
90000000	5.681	9.209	0.3969	0.1555	0.2196	0.2280	0.3488	0.1804	0.1897	0.2811	0.6223	1.7553	4.4608E-3	16.962	12.477	739.936
91000000	6.301	8.893	0.3815	0.1729	0.2244	0.2212	0.3624	0.1869	0.1734	0.2774	0.6225	1.7550	4.2201E-3	17.490	12.611	740.203
92000000	6.733	9.555	0.4026	0.1663	0.2034	0.2277	0.3730	0.1847	0.1758	0.2665	0.6071	1.7858	4.3884E-3	16.273	12.801	721.748
93000000	6.478	8.863	0.3852	0.1600	0.2302	0.2246	0.3633	0.1870	0.1751	0.2746	0.6261	1.7477	4.263E-3	17.112	12.483	727.340
94000000	6.651	8.292	0.4042	0.1617	0.2050	0.2291	0.3531	0.1935	0.1746	0.2788	0.6086	1.7827	4.2775E-3	16.422	12.643	724.348
95000000	6.723	8.645	0.3946	0.1616	0.2032	0.2406	0.3559	0.1850	0.1715	0.2875	0.6186	1.7627	4.2847E-3	16.242	12.981	724.094
96000000	6.122	8.650	0.4005	0.1646	0.2041	0.2307	0.3440	0.1889	0.1783	0.2888	0.6025	1.7950	4.4237E-3	15.497	12.932	719.208
97000000	6.853	9.161	0.3924	0.1677	0.2104	0.2294	0.3560	0.1850	0.1715	0.2876	0.6177	1.7646	4.3758E-3	16.045	12.645	731.994
98000000	6.150	8.464	0.3956	0.1636	0.2121	0.2288	0.3656	0.1881	0.1729	0.2734	0.6448	1.7104	4.2213E-3	17.214	12.888	739.934
99000000	7.001	9.537	0.4018	0.1683	0.2081	0.2219	0.3497	0.1871	0.1865	0.2767	0.6278	1.7444	4.5967E-3	15.701	12.551	704.831
100000000	6.951	8.540	0.3880	0.1739	0.2207	0.2174	0.3559	0.1895	0.1832	0.2714	0.6289	1.7423	4.4818E-3	16.442	12.628	715.410
101000000	6.875	9.468	0.3968	0.1682	0.2103	0.2246	0.3528	0.1995	0.1679	0.2798	0.6335	1.7329	4.3499E-3	16.483	11.951	731.655
102000000	6.048	9.721	0.3967	0.1724	0.2122	0.2186	0.3604	0.1964	0.1780	0.2651	0.6102	1.7795	4.3013E-3	17.048	12.278	733.867
103000000	6.839	9.618	0.3927	0.1616	0.2114	0.2342	0.3585	0.1875	0.1796	0.2744	0.5960	1.8081	4.2159E-3	16.920	12.972	737.404
104000000	6.877	8.890	0.3949	0.1676	0.2029	0.2345	0.3504	0.1863	0.1820	0.2813	0.6105	1.7791	4.3903E-3	17.951	12.853	738.685
105000000	6.794	9.319	0.3908	0.1623	0.2164	0.2305	0.3501	0.1987	0.1842	0.2670	0.6224	1.7552	4.3585E-3	17.106	12.668	735.671
106000000	6.604	8.736	0.4045	0.1692	0.2039	0.2224	0.3716	0.1872	0.1808	0.2604	0.6142	1.7716	4.2778E-3	16.846	12.230	730.461
107000000	6.733	8.428	0.4053	0.1700	0.2135	0.2111	0.3456	0.1877	0.1794	0.2873	0.6088	1.7824	4.4585E-3	16.005	12.179	718.864
108000000	6.453	8.321	0.3851	0.1726	0.2135	0.2288	0.3626	0.1933	0.1729	0.2712	0.6241	1.7518	4.4131E-3	16.427	12.655	724.660
109000000	6.301	9.087	0.3997	0.1642	0.2198	0.2163	0.3544	0.1904	0.1755	0.2797	0.6367	1.7266	4.5309E-3	16.039	12.156	698.005
110000000	6.586	8.717	0.3863	0.1652	0.2172	0.2313	0.3682	0.1833	0.1790	0.2695	0.6420	1.7160	4.3818E-3	17.322	12.414	730.653
111000000	5.683	8.680	0.3753	0.1758	0.2100	0.2389	0.3469	0.1988	0.1846	0.2698	0.6125	1.7751	4.4046E-3	16.135	12.639	715.602
112000000	6.894	8.655	0.3910	0.1686	0.2100	0.2304	0.3535	0.1952	0.1693	0.2820	0.6354	1.7292	4.4371E-3	15.589	12.666	730.030
113000000	7.421	9.164	0.3928	0.1726	0.2037	0.2309	0.3651	0.1956	0.1746	0.2647	0.6072	1.7856	4.4703E-3	15.958	12.555	715.248
114000000	6.154	9.198	0.3998	0.1638	0.2010	0.2354	0.3339	0.1910	0.1834	0.2917	0.6063	1.7874	4.2281E-3	16.180	12.520	730.873
115000000	6.353	9.096	0.3760	0.1698	0.2084	0.2458	0.3485	0.2005	0.1709	0.2801	0.6116	1.7768	4.369E-3	15.993	12.509	710.737
116000000	6.379	8.479	0.3977	0.1553	0.2109	0.2362	0.3621	0.1922	0.1766	0.2691	0.6095	1.7810	4.6048E-3	15.863	12.205	702.211
117000000	6.903	9.279	0.3830	0.1676	0.2143	0.2351	0.3563	0.1913	0.1781	0.2743	0.6116	1.7769	4.3197E-3	15.927	12.305	727.844
118000000	6.657	8.938	0.3871	0.1723	0.2099	0.2307	0.3569	0.1989	0.1769	0.2672	0.6261	1.7479	4.4816E-3	15.897	12.570	718.900
119000000	6.491	9.135	0.3964	0.1709	0.2104	0.2223	0.3524	0.1892	0.1837	0.2746	0.6127	1.7746	4.3957E-3	16.018	12.308	718.850
120000000	7.184	8.909	0.3827	0.1873	0.2064	0.2235	0.3667	0.1878	0.1797	0.2658	0.6147	1.7707	4.2293E-3	17.177	12.799	747.605
121000000	6.835	8.716	0.3856	0.1867	0.2138	0.2139	0.3623	0.1936	0.1746	0.2694	0.6273	1.7454	4.4705E-3	15.980	12.067	716.868
122000000	6.416	7.915	0.3950	0.1664	0.2230	0.2156	0.3698	0.1696	0.1809	0.2796	0.6287	1.7425	4.2486E-3	17.197	12.338	723.439
123000000	7.174	8.534	0.3904	0.1720	0.2091	0.2285	0.3559	0.1705	0.1888	0.2848	0.6160	1.7681	4.4636E-3	16.433	11.868	723.742
124000000	5.920	8.462	0.3888	0.1607	0.2272	0.2233	0.3411	0.1847	0.1916	0.2826	0.6411	1.7177	4.2715E-3	17.360	12.512	737.677
125000000	6.856	9.525	0.3835	0.1725	0.2195	0.2245	0.3606	0.1959	0.1748	0.2688	0.6191	1.7618	4.4316E-3	15.196	12.625	707.186
126000000	6.607	9.207	0.4033	0.1534	0.2182	0.2252	0.3526	0.1947	0.1791	0.2737	0.5959	1.8083	4.1681E-3	18.371	12.207	751.717
127000000	6.157	9.369	0.4071	0.1690	0.2131	0.2109	0.3618	0.1902	0.1847	0.2632	0.6199	1.7602	4.3193E-3	16.671	13.060	728.353
128000000	6.332	8.378	0.4053	0.1636	0.2087	0.2224	0.3498	0.1936	0.1731	0.2835	0.6240	1.7520	4.3622E-3	16.113	12.435	718.315
129000000	6.599	9.567	0.4072	0.1563	0.2018	0.2347	0.3702	0.1794	0.1788	0.2716	0.6103	1.7794	4.2835E-3	16.644	12.571	726.696
130000000	5.800	8.687	0.3986	0.1704	0.2122	0.2189	0.3475	0.1819	0.1812	0.2894	0.6032	1.7936	4.4634E-3	15.320	12.136	701.080
131000000	6.497	8.720	0.3971	0.1692	0.2112	0.2225	0.3389	0.1919	0.1864	0.2827	0.6101	1.7799	4.3825E-3	16.429	12.491	718.998
132000000	5.777	8.838	0.3911	0.1578	0.2233	0.2278	0.3655	0.1851	0.1875	0.2619	0.6137	1.7727	4.4616E-3	16.930	12.067	707.082
133000000	5.841	9.039	0.4125	0.1557	0.2237	0.2080	0.3498	0.1829	0.1811	0.2862	0.6165	1.7671	4.169E-3	17.233	12.708	739.304
134000000	6.210	9.003	0.4082	0.1712	0.2022	0.2183	0.3522	0.1811	0.1821	0.2846	0.5988	1.8024	4.2505E-3	16.219	12.406	720.759
135000000	6.236	8.511	0.3998	0.1716	0.2072	0.2214	0.3546	0.1906	0.1881	0.2667	0.6000	1.8000	4.3871E-3	15.337	12.824	715.489
136000000	6.520	9.374	0.3774	0.1741	0.2082	0.2403	0.3545	0.1892	0.1760	0.2803	0.6228	1.7544	4.5716E-3	15.411	12.576	707.947
137000000	6.025	9.376	0.4035	0.1678	0.2167	0.2120	0.3571	0.1906	0.1728	0.2795	0.6299	1.7403	4.2821E-3	16.249	12.198	719.666
138000000	6.651	8.665	0.4032	0.1642	0.2088	0.2239	0.3549	0.1877	0.1843	0.2731	0.6179	1.7642	4.2616E-3	15.990	12.495	721.991
139000000	5.980	8.435	0.3949	0.1696	0.2145	0.2210	0.3518	0.1873	0.1847	0.2763	0.6088	1.7824	4.5103E-3	15.927	12.684	709.020
140000000	6.207	8.916	0.4022	0.1602	0.2125	0.2251	0.3551	0.1826	0.1867	0.2756	0.6265	1.7471	4.3075E-3	16.783	12.411	724.058
141000000	6.245	8.631	0.3860	0.1625	0.2156	0.2359	0.3656	0.1790	0.1785	0.2769	0.6280	1.7441	4.1817E-3	16.560	12.625	728.670
142000000	6.542	8.580	0.4062	0.1731	0.2108	0.2099	0.3628	0.1820	0.1807	0.2745	0.6304	1.7392	4.4105E-3	15.147	12.377	709.533
143000000	6.851	8.341	0.3999	0.1622	0.2153	0.2227	0.3495	0.1889	0.1799	0.2818	0.6212	1.7575	4.2775E-3	17.401	12.573	728.010
144000000	6.248	9.540	0.3973	0.1547	0.2156	0.2324	0.3588	0.1997	0.1696	0.2719	0.6161	1.7678	4.215E-3	17.594	12.320	749.897
145000000	6.042	9.045	0.3923	0.1690	0.2236	0.2150	0.3508	0.1847	0.1907	0.2738	0.6225	1.7550	4.5258E-3	16.220	12.622	721.286
146000000	5.918	8.876	0.3939	0.1804	0.2065	0.2191	0.3466	0.1885	0.1778	0.2871	0.6265	1.7470	4.1934E-3	16.791	12.143	725.596
147000000	6.465	9.841	0.4014	0.1609	0.2078	0.2299	0.3565	0.1905	0.1879	0.2651	0.6001	1.7998	4.306E-3	17.524	12.238	727.116
148000000	6.797	8.844	0.3883	0.1733	0.2205	0.2179	0.3542	0.1786	0.1853	0.2819	0.6386	1.7228	4.3146E-3	16.845	12.431	737.064
149000000	6.442	9.393	0.3932	0.1646	0.2083	0.2338	0.3427	0.1841	0.1851	0.2880	0.6314	1.7371	4.3011E-3	17.740	12.259	739.290
150000000	6.471	9.140	0.4016	0.1571	0.2230	0.2183	0.3700	0.1850	0.1794	0.2656	0.6095	1.7810	4.2934E-3	16.295	12.908	723.681
151000000	6.477	9.020	0.3822	0.1669	0.2198	0.2311	0.3639	0.1796	0.1856	0.2708	0.6322	1.7356	4.3844E-3	16.510	12.420	728.717
152000000	6.203	8.970	0.4094	0.1610	0.2097	0.2199	0.3533	0.1847	0.1839	0.2782	0.6250	1.7500	4.399E-3	16.982	12.991	741.042
153000000	6.635	9.493	0.3828	0.1719	0.2196	0.2258	0.3487	0.1830	0.1806	0.2877	0.6379	1.7242	4.2792E-3	16.771	12.281	722.311
154000000	6.482	9.315	0.3936	0.1681	0.2177	0.2207	0.3504	0.1842	0.1851	0.2803	0.6090	1.7821	4.4346E-3	16.916	12.884	734.217
155000000	5.814	7.657	0.3957	0.1669	0.2192	0.2182	0.3436	0.1893	0.1838	0.2833	0.6198	1.7603	4.3672E-3	16.997	12.817	739.629
156000000	6.250	8.631	0.3880	0.1720	0.2123	0.2277	0.3610	0.1781	0.1852	0.2758	0.5960	1.8080	4.2655E-3	17.709	12.664	743.558
157000000	6.292	8.145	0.3791	0.1776	0.2058	0.2376	0.3587	0.1881	0.1835	0.2697	0.6018	1.7965	4.2491E-3	17.593	12.668	739.189
158000000	6.174	9.304	0.3798	0.1681	0.2273	0.2248	0.3622	0.1842	0.1866	0.2670	0.6193	1.7614	4.3398E-3	17.489	12.875	748.463
159000000	6.179	9.153	0.3962	0.1770	0.2123	0.2145	0.3548	0.1902	0.1791	0.2760	0.6578	1.6845	4.3168E-3	17.013	12.236	731.581
160000000	6.796	8.951	0.3860	0.1727	0.2083	0.2330	0.3423	0.1913	0.1808	0.2856	0.6125	1.7750	4.4216E-3	16.221	12.314	729.856
161000000	6.528	9.773	0.3996	0.1629	0.2056	0.2319	0.3425	0.1958	0.1750	0.2867	0.6279	1.7442	4.3224E-3	16.123	12.938	734.003
162000000	6.644	8.751	0.3899	0.1791	0.2018	0.2291	0.3559	0.2002	0.1790	0.2649	0.6204	1.7591	4.4329E-3	16.017	12.298	716.562
163000000	5.831	8.344	0.3841	0.1689	0.2123	0.2346	0.3445	0.2048	0.1760	0.2747	0.6372	1.7256	4.5724E-3	15.706	12.722	712.013
164000000	6.276	9.196	0.3949	0.1674	0.2250	0.2126	0.3497	0.1852	0.1780	0.2871	0.6268	1.7464	4.4604E-3	16.597	12.673	728.389
165000000	6.607	8.548	0.3928	0.1765	0.2017	0.2290	0.3688	0.1899	0.1814	0.2599	0.5999	1.8003	4.2481E-3	17.088	12.560	723.619
166000000	6.937	8.488	0.3909	0.1629	0.2201	0.2261	0.3580	0.1841	0.1812	0.2767	0.6016	1.7967	4.5258E-3	16.392	12.330	717.073
167000000	6.705	8.414	0.3905	0.1790	0.2075	0.2230	0.3465	0.1844	0.1796	0.2895	0.6220	1.7561	4.3816E-3	17.637	13.059	745.660
168000000	6.398	9.559	0.3743	0.1807	0.2275	0.2174	0.3518	0.1792	0.1766	0.2924	0.6112	1.7777	4.2585E-3	17.606	12.263	738.878
169000000	6.889	8.104	0.4094	0.1628	0.2136	0.2143	0.3448	0.1831	0.1873	0.2848	0.6177	1.7645	4.3759E-3	17.329	12.074	724.009
170000000	6.403	9.367	0.3959	0.1714	0.2112	0.2216	0.3591	0.1892	0.1762	0.2754	0.6266	1.7468	4.2348E-3	17.355	12.417	733.485
171000000	7.152	9.383	0.3805	0.1814	0.2100	0.2281	0.3578	0.1846	0.1831	0.2745	0.6432	1.7137	4.3469E-3	17.282	12.100	734.323
172000000	6.492	8.521	0.3866	0.1611	0.2178	0.2345	0.3544	0.1879	0.1799	0.2779	0.6184	1.7632	4.1002E-3	18.329	12.593	757.984
173000000	6.158	8.864	0.3952	0.1630	0.2228	0.2190	0.3527	0.1775	0.1772	0.2926	0.6272	1.7457	4.2736E-3	16.955	12.708	737.148
174000000	5.989	9.188	0.3994	0.1610	0.2203	0.2192	0.3487	0.1975	0.1742	0.2796	0.6157	1.7686	4.3344E-3	17.905	12.614	739.927
175000000	6.925	9.473	0.3996	0.1587	0.2246	0.2172	0.3621	0.1720	0.1688	0.2970	0.6261	1.7478	4.3647E-3	16.919	13.100	722.536
176000000	5.934	8.784	0.3990	0.1775	0.2071	0.2164	0.3484	0.1877	0.1864	0.2775	0.6170	1.7660	4.492E-3	16.385	12.481	715.592
177000000	6.550	8.614	0.3964	0.1568	0.2140	0.2328	0.3486	0.2018	0.1796	0.2700	0.6214	1.7571	4.2787E-3	16.469	12.484	734.097
178000000	6.260	8.701	0.4004	0.1633	0.2082	0.2280	0.3529	0.1838	0.1815	0.2818	0.5999	1.8002	4.3987E-3	16.985	12.687	733.796
179000000	6.262	8.909	0.3811	0.1681	0.2182	0.2325	0.3483	0.1912	0.1790	0.2815	0.6107	1.7786	4.357E-3	16.954	12.157	737.999
180000000	6.652	9.223	0.3935	0.1692	0.2115	0.2258	0.3554	0.1844	0.1811	0.2792	0.6248	1.7505	4.3587E-3	16.659	12.621	731.768
181000000	6.188	8.880	0.4009	0.1585	0.2192	0.2214	0.3536	0.1849	0.1801	0.2814	0.6223	1.7554	4.4189E-3	17.107	12.352	728.994
182000000	6.637	9.076	0.4108	0.1648	0.2211	0.2033	0.3682	0.1963	0.1822	0.2533	0.6351	1.7299	4.4266E-3	16.840	12.217	725.884
183000000	6.125	8.617	0.3919	0.1695	0.2105	0.2281	0.3547	0.1781	0.1766	0.2907	0.6357	1.7287	4.3162E-3	16.653	12.819	730.998
184000000	6.272	9.678	0.3987	0.1776	0.2051	0.2186	0.3738	0.1932	0.1790	0.2541	0.6154	1.7693	4.2945E-3	17.387	12.329	742.225
185000000	6.019	8.470	0.4008	0.1812	0.2055	0.2125	0.3574	0.1797	0.1864	0.2765	0.6168	1.7664	4.5336E-3	16.019	12.586	705.236
186000000	6.371	9.303	0.3895	0.1639	0.2112	0.2355	0.3584	0.1870	0.1739	0.2808	0.6267	1.7466	4.2078E-3	17.747	12.600	738.709
187000000	5.879	8.884	0.3884	0.1596	0.2258	0.2263	0.3623	0.1759	0.1784	0.2833	0.6236	1.7528	4.3325E-3	16.929	12.292	723.834
188000000	6.189	9.525	0.3981	0.1718	0.2173	0.2128	0.3380	0.1883	0.1739	0.2999	0.6243	1.7513	4.3683E-3	17.065	12.180	733.735
189000000	6.384	9.158	0.3955	0.1678	0.2170	0.2197	0.3562	0.1830	0.1785	0.2823	0.6236	1.7529	4.305E-3	17.910	12.507	740.351
190000000	6.732	9.220	0.3868	0.1813	0.2083	0.2236	0.3575	0.1927	0.1790	0.2708	0.5971	1.8058	4.2861E-3	17.128	12.229	734.185
191000000	6.734	8.027	0.3927	0.1709	0.2133	0.2231	0.3604	0.1875	0.1863	0.2658	0.6132	1.7735	4.3877E-3	16.340	12.399	724.100
192000000	6.312	9.192	0.4017	0.1561	0.2116	0.2306	0.3623	0.1843	0.1684	0.2850	0.6202	1.7596	4.3181E-3	16.771	12.278	730.299
193000000	6.699	8.797	0.3875	0.1848	0.2100	0.2177	0.3454	0.1895	0.1883	0.2768	0.6077	1.7845	4.2963E-3	16.982	12.424	734.263
194000000	6.330	9.801	0.3686	0.1714	0.2245	0.2355	0.3565	0.1918	0.1832	0.2685	0.6199	1.7603	4.3448E-3	16.349	12.667	727.408
195000000	6.756	8.380	0.3840	0.1729	0.2220	0.2210	0.3634	0.1708	0.1841	0.2817	0.6201	1.7599	4.336E-3	16.516	12.325	715.495
196000000	6.555	8.753	0.3943	0.1607	0.2086	0.2364	0.3398	0.1876	0.1829	0.2898	0.6293	1.7413	4.3995E-3	16.173	12.758	714.665
197000000	6.605	9.007	0.3893	0.1650	0.2144	0.2312	0.3580	0.1848	0.1840	0.2731	0.6223	1.7554	4.2906E-3	17.891	12.704	749.259
198000000	7.149	8.789	0.4062	0.1646	0.2047	0.2245	0.3573	0.1897	0.1868	0.2662	0.6212	1.7575	4.3586E-3	17.606	12.948	736.284
199000000	5.792	9.685	0.3994	0.1545	0.2126	0.2335	0.3465	0.1794	0.1786	0.2955	0.6214	1.7572	4.3299E-3	16.830	12.515	721.938
200000000	6.765	8.781	0.3941	0.1755	0.2099	0.2205	0.3550	0.1812	0.1838	0.2800	0.6282	1.7435	4.3332E-3	16.333	12.751	718.883
201000000	5.943	9.262	0.3946	0.1597	0.2286	0.2171	0.3748	0.1893	0.1662	0.2697	0.6334	1.7332	4.4319E-3	17.045	12.402	729.553
202000000	5.622	9.341	0.3915	0.1684	0.2191	0.2209	0.3403	0.1927	0.1832	0.2839	0.6329	1.7342	4.2112E-3	18.229	12.282	754.847
203000000	6.576	8.580	0.3836	0.1676	0.2160	0.2329	0.3451	0.1830	0.1856	0.2862	0.6319	1.7361	4.2178E-3	17.060	12.382	743.464
204000000	6.296	8.433	0.3994	0.1703	0.2247	0.2056	0.3390	0.1924	0.1955	0.2732	0.6142	1.7715	4.3081E-3	17.063	12.550	738.187
205000000	6.517	8.746	0.4047	0.1730	0.2094	0.2129	0.3682	0.1795	0.1758	0.2765	0.6170	1.7660	4.1851E-3	18.165	12.572	750.900
206000000	6.623	9.126	0.3992	0.1651	0.2167	0.2190	0.3364	0.1876	0.1989	0.2770	0.6214	1.7571	4.2308E-3	17.048	12.699	740.739
207000000	6.207	8.921	0.3921	0.1785	0.2095	0.2199	0.3465	0.1805	0.1843	0.2887	0.6405	1.7190	4.2536E-3	18.290	12.522	744.953
208000000	5.675	8.746	0.3902	0.1673	0.2153	0.2272	0.3478	0.1856	0.1836	0.2831	0.6059	1.7882	4.3973E-3	16.273	12.516	720.941
209000000	6.499	8.423	0.3938	0.1693	0.2136	0.2232	0.3533	0.1969	0.1837	0.2661	0.6217	1.7566	4.2288E-3	16.955	12.414	733.534
210000000	6.384	8.054	0.4126	0.1616	0.2097	0.2161	0.3596	0.1845	0.1760	0.2799	0.6200	1.7601	4.276E-3	17.325	12.669	737.747
211000000	6.591	9.013	0.3774	0.1823	0.2068	0.2334	0.3366	0.1983	0.1871	0.2780	0.6148	1.7704	4.2248E-3	17.929	12.466	746.093
212000000	6.404	9.226	0.4099	0.1764	0.1950	0.2188	0.3612	0.1971	0.1678	0.2739	0.6054	1.7892	4.3722E-3	15.928	13.193	722.981
213000000	6.268	8.550	0.3816	0.1660	0.2244	0.2279	0.3598	0.1785	0.1824	0.2794	0.6182	1.7636	4.1797E-3	16.862	12.624	747.196
214000000	6.433	9.621	0.3970	0.1644	0.2246	0.2140	0.3511	0.1968	0.1792	0.2729	0.5779	1.8441	4.4312E-3	16.502	12.303	716.759
215000000	6.760	8.955	0.3998	0.1574	0.2162	0.2265	0.3534	0.1833	0.1823	0.2811	0.6294	1.7411	4.3784E-3	16.341	12.801	702.911
216000000	5.890	8.498	0.3881	0.1725	0.2171	0.2224	0.3568	0.1946	0.1751	0.2735	0.6027	1.7947	4.4126E-3	16.469	12.989	719.423
217000000	6.290	9.621	0.3905	0.1679	0.2094	0.2321	0.3589	0.1906	0.1723	0.2782	0.5936	1.8129	4.3514E-3	16.234	12.809	717.179
218000000	6.450	8.910	0.3919	0.1651	0.2174	0.2257	0.3426	0.1935	0.1894	0.2745	0.6182	1.7636	4.2335E-3	17.264	12.610	743.374
219000000	6.268	8.931	0.4030	0.1612	0.2092	0.2266	0.3654	0.1825	0.1681	0.2840	0.6283	1.7434	4.1789E-3	17.671	12.837	750.576
220000000	6.292	8.793	0.4080	0.1753	0.2021	0.2146	0.3567	0.1925	0.1857	0.2651	0.6206	1.7587	4.4097E-3	15.717	12.076	718.162
221000000	6.030	9.154	0.3965	0.1663	0.2130	0.2242	0.3671	0.1804	0.1718	0.2808	0.6170	1.7661	4.3563E-3	16.089	12.330	718.807
222000000	6.090	8.876	0.3812	0.1684	0.2163	0.2341	0.3482	0.2022	0.1825	0.2671	0.6216	1.7567	4.4263E-3	17.504	12.465	731.861
223000000	6.730	8.442	0.3866	0.1686	0.2142	0.2306	0.3460	0.1913	0.1859	0.2769	0.6183	1.7633	4.4193E-3	15.697	13.137	723.407
224000000	6.145	9.550	0.3776	0.1814	0.2085	0.2325	0.3661	0.1928	0.1743	0.2668	0.6061	1.7878	4.2834E-3	16.545	12.912	728.153
225000000	6.379	9.231	0.4114	0.1694	0.1986	0.2206	0.3565	0.1795	0.1835	0.2806	0.6326	1.7349	4.2566E-3	17.990	12.689	736.460
226000000	7.251	9.289	0.3792	0.1756	0.2141	0.2311	0.3390	0.1900	0.1804	0.2906	0.6175	1.7650	4.2309E-3	16.330	13.259	726.817
227000000	6.411	9.174	0.3803	0.1718	0.2245	0.2234	0.3612	0.1949	0.1695	0.2745	0.6360	1.7280	4.293E-3	17.625	12.663	740.819
228000000	6.407	8.570	0.4010	0.1659	0.2104	0.2228	0.3528	0.1888	0.1886	0.2699	0.6247	1.7506	4.5078E-3	16.467	12.407	714.366
229000000	6.190	8.068	0.3842	0.1716	0.2157	0.2285	0.3500	0.1865	0.1894	0.2741	0.6356	1.7289	4.4184E-3	16.813	12.397	733.178
230000000	6.191	8.856	0.3826	0.1655	0.2255	0.2264	0.3746	0.1747	0.1768	0.2739	0.6282	1.7435	4.3693E-3	17.015	12.272	729.820
231000000	5.951	8.773	0.3824	0.1706	0.2063	0.2407	0.3594	0.1766	0.1818	0.2822	0.6163	1.7673	4.2413E-3	17.591	12.024	728.093
232000000	6.830	9.113	0.4039	0.1640	0.2019	0.2302	0.3665	0.1747	0.1808	0.2780	0.6181	1.7638	4.419E-3	16.042	12.518	715.526
233000000	6.353	8.527	0.3843	0.1674	0.2128	0.2356	0.3463	0.1942	0.1805	0.2790	0.6249	1.7503	4.2036E-3	17.089	12.632	735.373
234000000	6.295	8.357	0.3815	0.1768	0.2147	0.2269	0.3489	0.1922	0.1855	0.2733	0.6189	1.7621	4.299E-3	17.187	12.271	727.781
235000000	6.081	8.438	0.4105	0.1617	0.2054	0.2224	0.3574	0.1898	0.1704	0.2823	0.6355	1.7290	4.1509E-3	17.519	12.667	753.704
236000000	5.947	9.127	0.4088	0.1570	0.2095	0.2248	0.3437	0.1943	0.1846	0.2774	0.6322	1.7356	4.6145E-3	15.819	13.033	708.774
237000000	6.048	8.719	0.4037	0.1653	0.2201	0.2109	0.3536	0.1843	0.1807	0.2814	0.6360	1.7280	4.2747E-3	17.547	12.700	740.606
238000000	5.773	9.460	0.3913	0.1696	0.2141	0.2250	0.3514	0.1796	0.1817	0.2872	0.6346	1.7308	4.3963E-3	16.800	12.181	720.937
239000000	5.842	9.026	0.3968	0.1616	0.2054	0.2362	0.3559	0.1860	0.1812	0.2768	0.6266	1.7467	4.3957E-3	16.750	12.609	725.756
240000000	6.207	7.780	0.4092	0.1675	0.2097	0.2136	0.3516	0.1747	0.1854	0.2883	0.6215	1.7570	4.3003E-3	17.552	12.407	730.364
241000000	6.510	9.690	0.3853	0.1737	0.2151	0.2260	0.3465	0.1849	0.1881	0.2805	0.6063	1.7873	4.3057E-3	16.653	13.003	729.814
242000000	6.126	9.104	0.3927	0.1814	0.2113	0.2145	0.3579	0.1845	0.1823	0.2753	0.6416	1.7169	4.4375E-3	16.331	12.353	718.257
243000000	6.346	9.313	0.3986	0.1574	0.2150	0.2290	0.3281	0.1942	0.1971	0.2806	0.6177	1.7645	4.5065E-3	15.873	12.523	722.122
244000000	6.456	8.884	0.3898	0.1682	0.2281	0.2139	0.3521	0.2030	0.1715	0.2734	0.6148	1.7703	4.5225E-3	16.262	12.427	711.133
245000000	6.552	8.583	0.3787	0.1809	0.2138	0.2265	0.3412	0.1960	0.1813	0.2816	0.6121	1.7758	4.324E-3	17.650	12.538	738.183
246000000	6.129	8.900	0.3763	0.1756	0.2194	0.2287	0.3598	0.1912	0.1787	0.2703	0.6456	1.7089	4.5329E-3	15.348	12.006	710.363
247000000	6.800	8.895	0.4002	0.1613	0.2145	0.2240	0.3587	0.1922	0.1716	0.2775	0.6300	1.7400	4.1266E-3	16.823	12.595	735.738
248000000	6.301	8.360	0.4024	0.1644	0.2122	0.2210	0.3635	0.1795	0.1825	0.2744	0.6220	1.7560	4.4049E-3	16.692	12.669	710.950
249000000	7.003	8.851	0.3866	0.1760	0.2096	0.2278	0.3643	0.1863	0.1766	0.2728	0.6227	1.7547	4.3356E-3	16.385	12.283	727.986
250000000	6.475	8.737	0.3808	0.1747	0.2260	0.2185	0.3441	0.1859	0.1916	0.2784	0.6073	1.7853	4.5881E-3	16.147	12.106	711.303
251000000	6.491	9.501	0.3875	0.1814	0.2095	0.2216	0.3638	0.1847	0.1787	0.2729	0.6234	1.7531	4.4173E-3	15.919	12.411	714.130
252000000	6.697	8.286	0.3918	0.1766	0.2164	0.2153	0.3503	0.1922	0.1755	0.2820	0.6242	1.7517	4.4893E-3	15.179	12.378	696.630
253000000	6.107	9.079	0.3895	0.1775	0.2085	0.2245	0.3570	0.1839	0.1787	0.2804	0.6170	1.7660	4.2999E-3	16.055	13.199	712.650
254000000	6.503	8.592	0.3934	0.1777	0.2069	0.2220	0.3543	0.1916	0.1808	0.2734	0.6122	1.7756	4.1224E-3	16.762	12.392	730.255
255000000	6.265	9.308	0.3992	0.1605	0.2175	0.2228	0.3613	0.1932	0.1664	0.2791	0.6333	1.7333	4.2221E-3	16.636	12.465	735.654
256000000	6.635	8.061	0.3762	0.1818	0.2245	0.2176	0.3412	0.1831	0.1814	0.2943	0.6024	1.7953	4.3202E-3	17.447	12.307	752.268
257000000	6.031	9.344	0.3841	0.1684	0.2166	0.2310	0.3566	0.1872	0.1763	0.2799	0.6099	1.7803	4.2018E-3	17.695	12.489	748.557
258000000	6.894	9.323	0.3942	0.1730	0.2132	0.2196	0.3490	0.1947	0.1845	0.2718	0.6466	1.7068	4.4616E-3	16.894	12.193	726.764
259000000	6.776	9.052	0.3934	0.1680	0.2166	0.2220	0.3493	0.1808	0.1809	0.2889	0.6279	1.7442	4.2565E-3	17.486	12.793	732.285
260000000	5.768	9.407	0.3913	0.1686	0.2135	0.2266	0.3568	0.1889	0.1755	0.2788	0.6192	1.7616	4.4712E-3	15.721	12.587	718.274
261000000	6.057	9.552	0.4039	0.1690	0.2189	0.2082	0.3681	0.1777	0.1807	0.2736	0.6463	1.7075	4.3969E-3	16.621	12.817	726.719
262000000	5.515	9.285	0.3901	0.1713	0.2106	0.2280	0.3512	0.1887	0.1807	0.2794	0.6387	1.7226	4.578E-3	15.701	12.292	718.068
263000000	6.705	8.653	0.4092	0.1662	0.2000	0.2246	0.3406	0.1879	0.1708	0.3007	0.6311	1.7378	4.2672E-3	16.503	12.272	716.359
264000000	6.019	8.906	0.3878	0.1772	0.2221	0.2129	0.3640	0.1729	0.1803	0.2828	0.6337	1.7326	4.2896E-3	16.441	12.530	725.689
265000000	7.097	9.935	0.4027	0.1722	0.2087	0.2163	0.3573	0.1858	0.1832	0.2737	0.6167	1.7666	4.4684E-3	16.583	12.579	721.830
266000000	5.993	8.255	0.4123	0.1579	0.2077	0.2221	0.3592	0.1812	0.1800	0.2797	0.6218	1.7565	4.4893E-3	16.332	12.191	708.470
267000000	6.121	8.948	0.3975	0.1649	0.2159	0.2218	0.3669	0.1917	0.1747	0.2667	0.6233	1.7535	4.4162E-3	16.294	12.990	709.494
268000000	6.012	8.628	0.3838	0.1632	0.2221	0.2309	0.3528	0.2039	0.1762	0.2671	0.6212	1.7576	4.5277E-3	16.262	13.400	719.458
269000000	6.290	8.854	0.3935	0.1694	0.2027	0.2344	0.3584	0.1886	0.1809	0.2721	0.6267	1.7465	4.2799E-3	17.219	12.563	734.902
270000000	7.324	8.775	0.3955	0.1688	0.2111	0.2246	0.3504	0.1966	0.1730	0.2800	0.6390	1.7221	4.5056E-3	15.772	12.255	688.869
271000000	6.127	8.847	0.4062	0.1650	0.2218	0.2070	0.3471	0.1949	0.1842	0.2738	0.5937	1.8127	4.3998E-3	16.913	12.189	727.477
272000000	6.148	9.453	0.3918	0.1780	0.2148	0.2154	0.3565	0.1958	0.1753	0.2724	0.6090	1.7819	4.4371E-3	15.582	12.429	708.816
273000000	5.937	8.860	0.4081	0.1629	0.2177	0.2113	0.3469	0.2056	0.1812	0.2663	0.6104	1.7792	4.3752E-3	17.049	12.451	717.246
274000000	6.562	8.659	0.3873	0.1697	0.2245	0.2185	0.3495	0.1980	0.1728	0.2797	0.6110	1.7781	4.6163E-3	15.216	12.376	712.565
275000000	6.951	10.046	0.3761	0.1801	0.2122	0.2317	0.3689	0.1761	0.1851	0.2699	0.6189	1.7622	4.4108E-3	15.727	12.547	711.639
276000000	6.742	9.010	0.3969	0.1601	0.2180	0.2250	0.3404	0.1884	0.1955	0.2758	0.6111	1.7778	4.7543E-3	13.949	12.500	680.021
277000000	6.633	8.832	0.3953	0.1768	0.2120	0.2160	0.3434	0.1853	0.1775	0.2938	0.6236	1.7528	4.4606E-3	15.603	12.358	694.084
278000000	6.115	8.163	0.3937	0.1829	0.2178	0.2056	0.3588	0.1819	0.1882	0.2712	0.6260	1.7480	4.4192E-3	17.099	12.334	717.021
279000000	6.165	8.817	0.3983	0.1803	0.2087	0.2126	0.3521	0.1938	0.1799	0.2742	0.6176	1.7649	4.3882E-3	16.217	12.563	726.144
280000000	6.781	8.484	0.3864	0.1630	0.2223	0.2283	0.3561	0.1749	0.1873	0.2817	0.6273	1.7454	4.4431E-3	16.322	12.624	715.586
281000000	6.387	8.481	0.3958	0.1640	0.2323	0.2078	0.3507	0.1761	0.1838	0.2894	0.6247	1.7506	4.2996E-3	16.919	12.617	731.307
282000000	6.112	8.430	0.4027	0.1670	0.2041	0.2262	0.3543	0.1903	0.1762	0.2791	0.6116	1.7768	4.3925E-3	16.586	12.321	714.671
283000000	6.575	9.264	0.3934	0.1660	0.2185	0.2220	0.3499	0.1874	0.1780	0.2847	0.6304	1.7392	4.4012E-3	16.383	12.240	712.592
284000000	6.174	8.781	0.3809	0.1669	0.2117	0.2405	0.3601	0.1900	0.1895	0.2604	0.6428	1.7144	4.3825E-3	16.826	12.426	725.467
285000000	6.543	10.186	0.3875	0.1694	0.2223	0.2209	0.3389	0.1940	0.1845	0.2826	0.6279	1.7442	4.2423E-3	16.898	12.372	737.257
286000000	6.647	10.243	0.4065	0.1694	0.2004	0.2237	0.3583	0.1874	0.1693	0.2850	0.6179	1.7642	4.5082E-3	16.577	12.266	713.364
287000000	6.302	9.172	0.3866	0.1829	0.2108	0.2198	0.3526	0.1787	0.1849	0.2838	0.6125	1.7750	4.5388E-3	15.786	12.486	707.439
288000000	6.376	8.780	0.3866	0.1693	0.2089	0.2352	0.3492	0.1903	0.1759	0.2846	0.6361	1.7278	4.3944E-3	16.649	12.411	725.327
289000000	6.358	8.450	0.3755	0.1815	0.2225	0.2205	0.3524	0.1877	0.1858	0.2741	0.6081	1.7838	4.4026E-3	16.145	12.441	715.486
290000000	6.207	9.256	0.3921	0.1685	0.2110	0.2284	0.3651	0.1905	0.1699	0.2746	0.6178	1.7643	4.4711E-3	15.394	12.812	713.471
291000000	6.787	9.445	0.3911	0.1675	0.2204	0.2209	0.3346	0.2044	0.1848	0.2762	0.6357	1.7286	4.4578E-3	16.068	12.310	702.811
292000000	6.182	9.613	0.4123	0.1647	0.2024	0.2205	0.3692	0.1923	0.1763	0.2622	0.6242	1.7517	4.3676E-3	16.110	12.782	723.911
293000000	6.678	8.788	0.3884	0.1767	0.2130	0.2219	0.3609	0.1958	0.1748	0.2685	0.6339	1.7322	4.5939E-3	14.991	12.610	704.503
294000000	5.917	8.234	0.3886	0.1781	0.2066	0.2267	0.3496	0.2007	0.1815	0.2682	0.6117	1.7765	4.1095E-3	16.693	12.807	727.212
295000000	6.658	9.235	0.3833	0.1644	0.2161	0.2362	0.3570	0.1834	0.1777	0.2820	0.6359	1.7282	4.4634E-3	15.399	12.295	705.630
296000000	6.741	9.262	0.4110	0.1682	0.2085	0.2122	0.3599	0.1850	0.1759	0.2792	0.6140	1.7721	4.5788E-3	15.094	12.127	694.650
297000000	7.294	9.153	0.4067	0.1666	0.2081	0.2185	0.3433	0.1971	0.1828	0.2768	0.6035	1.7930	4.4681E-3	16.052	12.494	706.852
298000000	6.853	8.577	0.3777	0.1863	0.2100	0.2261	0.3397	0.2013	0.1878	0.2712	0.6304	1.7392	4.5469E-3	17.244	12.648	723.880
299000000	6.327	8.810	0.3947	0.1703	0.2129	0.2220	0.3433	0.1930	0.1807	0.2830	0.6430	1.7139	4.5255E-3	16.209	12.083	708.804
300000000	6.550	9.031	0.3895	0.1694	0.2125	0.2286	0.3576	0.1767	0.1847	0.2810	0.6171	1.7659	4.2986E-3	16.000	12.386	723.155
301000000	6.576	8.391	0.3824	0.1750	0.2243	0.2183	0.3627	0.1738	0.1893	0.2741	0.6420	1.7159	4.203E-3	16.725	12.901	739.606
302000000	6.449	9.036	0.4011	0.1645	0.2105	0.2239	0.3624	0.1857	0.1745	0.2774	0.6248	1.7504	4.2783E-3	17.238	12.575	739.588
303000000	6.373	9.182	0.3810	0.1851	0.2209	0.2130	0.3512	0.2055	0.1716	0.2716	0.6131	1.7738	4.3913E-3	15.786	12.580	712.549
304000000	6.474	9.080	0.4034	0.1708	0.2169	0.2090	0.3394	0.1851	0.1923	0.2832	0.6270	1.7460	4.3952E-3	15.839	12.854	718.199
305000000	6.035	9.375	0.4021	0.1666	0.2161	0.2152	0.3510	0.1831	0.1899	0.2760	0.6266	1.7469	4.3439E-3	16.277	11.786	736.483
306000000	6.173	8.884	0.3933	0.1701	0.2168	0.2198	0.3581	0.1850	0.1819	0.2750	0.6143	1.7715	4.387E-3	16.352	12.474	717.523
307000000	6.237	9.226	0.3918	0.1538	0.2282	0.2263	0.3425	0.1934	0.1772	0.2869	0.6131	1.7737	4.3383E-3	16.473	12.413	723.027
308000000	6.236	9.105	0.3928	0.1800	0.2041	0.2232	0.3432	0.1946	0.1861	0.2762	0.6101	1.7798	4.4996E-3	16.275	12.912	718.669
309000000	6.588	8.557	0.3911	0.1635	0.2165	0.2289	0.3619	0.1881	0.1835	0.2664	0.6260	1.7480	4.4507E-3	15.965	12.711	709.239
310000000	6.355	9.448	0.4002	0.1609	0.2079	0.2310	0.3623	0.1897	0.1695	0.2785	0.6375	1.7250	4.3786E-3	15.783	12.446	715.877
311000000	6.025	9.558	0.3932	0.1640	0.2140	0.2289	0.3519	0.1861	0.1871	0.2748	0.6358	1.7283	4.2737E-3	17.474	12.500	742.672
312000000	6.398	9.334	0.4008	0.1683	0.2074	0.2234	0.3592	0.1838	0.1796	0.2774	0.6315	1.7370	4.3308E-3	17.530	12.313	744.520
313000000	6.120	9.357	0.4026	0.1629	0.2186	0.2160	0.3428	0.1847	0.1833	0.2892	0.6116	1.7768	4.2797E-3	16.995	12.703	742.193
314000000	6.106	8.418	0.4000	0.1671	0.2020	0.2308	0.3485	0.1804	0.1838	0.2873	0.6142	1.7717	4.2876E-3	16.958	12.096	742.514
315000000	6.470	9.277	0.3987	0.1563	0.2176	0.2274	0.3502	0.1991	0.1805	0.2702	0.6008	1.7985	4.345E-3	17.253	12.742	729.604
316000000	6.321	9.393	0.3885	0.1699	0.2092	0.2324	0.3561	0.1936	0.1829	0.2675	0.6087	1.7825	4.4187E-3	16.242	12.380	710.158
317000000	6.475	9.815	0.4069	0.1683	0.2063	0.2185	0.3463	0.1861	0.1804	0.2873	0.6093	1.7814	4.3921E-3	16.121	12.554	721.847
318000000	6.598	9.114	0.3952	0.1642	0.2193	0.2213	0.3493	0.1976	0.1815	0.2717	0.5961	1.8079	4.3004E-3	16.652	12.465	723.432
319000000	6.555	9.009	0.4050	0.1636	0.2086	0.2228	0.3605	0.1848	0.1766	0.2780	0.6133	1.7733	4.3516E-3	16.736	12.913	723.373
320000000	6.849	9.960	0.3955	0.1827	0.2017	0.2200	0.3284	0.1914	0.1980	0.2821	0.6164	1.7672	4.3527E-3	16.298	12.559	728.291
321000000	6.362	9.031	0.3931	0.1627	0.2094	0.2348	0.3592	0.1979	0.1668	0.2760	0.6099	1.7802	4.3602E-3	16.444	11.572	718.360
322000000	6.152	9.154	0.3986	0.1596	0.2149	0.2269	0.3723	0.1768	0.1804	0.2705	0.6190	1.7621	4.4015E-3	16.360	12.260	715.851
323000000	6.342	8.655	0.3895	0.1741	0.2091	0.2273	0.3651	0.1856	0.1807	0.2686	0.6382	1.7235	4.4191E-3	15.842	12.344	716.120
324000000	6.160	8.863	0.3946	0.1651	0.2100	0.2303	0.3473	0.1880	0.1837	0.2810	0.6062	1.7875	4.2917E-3	16.644	12.719	738.939
325000000	6.186	9.884	0.3958	0.1602	0.2168	0.2272	0.3500	0.1819	0.1745	0.2935	0.6186	1.7629	4.2722E-3	16.960	12.536	735.405
326000000	6.576	8.873	0.3897	0.1829	0.2159	0.2115	0.3560	0.1839	0.1703	0.2898	0.6212	1.7577	4.3452E-3	17.216	12.668	738.175
327000000	6.199	7.706	0.3957	0.1813	0.1929	0.2301	0.3418	0.1981	0.1815	0.2786	0.5971	1.8058	4.2134E-3	17.444	12.332	735.255
328000000	6.937	9.768	0.4039	0.1651	0.2031	0.2280	0.3667	0.1924	0.1697	0.2712	0.6241	1.7517	4.2726E-3	17.149	12.492	737.995
329000000	6.820	8.877	0.3909	0.1674	0.2082	0.2336	0.3593	0.1838	0.1816	0.2753	0.6138	1.7724	4.3807E-3	17.042	12.399	717.330
330000000	6.409	8.823	0.3907	0.1591	0.2273	0.2229	0.3556	0.1760	0.1767	0.2916	0.6312	1.7376	4.3096E-3	16.931	12.417	734.681
331000000	5.996	8.793	0.3886	0.1748	0.2180	0.2186	0.3424	0.2065	0.1728	0.2782	0.6283	1.7434	4.337E-3	17.040	12.651	738.419
332000000	6.623	8.658	0.4046	0.1618	0.2140	0.2196	0.3536	0.1882	0.1781	0.2800	0.6198	1.7604	4.4565E-3	17.434	12.843	731.720
333000000	6.623	9.013	0.4046	0.1577	0.2023	0.2354	0.3618	0.1809	0.1804	0.2769	0.6175	1.7649	4.3019E-3	17.239	12.570	729.534
334000000	6.753	8.387	0.4006	0.1703	0.2028	0.2263	0.3530	0.1861	0.1755	0.2854	0.5973	1.8054	4.2667E-3	17.402	12.877	738.863
335000000	6.005	9.226	0.3843	0.1709	0.2183	0.2265	0.3523	0.1726	0.1975	0.2776	0.6211	1.7578	4.4206E-3	15.927	12.310	710.831
336000000	6.704	8.081	0.3833	0.1788	0.2129	0.2250	0.3674	0.1862	0.1908	0.2557	0.6211	1.7578	4.4351E-3	16.504	12.451	723.652
337000000	6.606	9.875	0.3946	0.1745	0.2002	0.2308	0.3578	0.1878	0.1779	0.2766	0.6205	1.7590	4.2018E-3	17.731	12.523	751.784
338000000	6.129	7.630	0.3863	0.1626	0.2166	0.2345	0.3435	0.1796	0.1907	0.2862	0.6153	1.7695	4.4087E-3	17.398	12.635	730.692
339000000	6.367	9.291	0.3952	0.1716	0.2258	0.2073	0.3500	0.2004	0.1681	0.2816	0.6207	1.7587	4.2809E-3	16.845	12.316	725.612
340000000	6.468	9.776	0.3968	0.1698	0.2136	0.2199	0.3733	0.1827	0.1736	0.2704	0.6274	1.7451	4.2474E-3	17.454	12.219	740.021
341000000	6.794	8.337	0.3951	0.1584	0.2125	0.2340	0.3521	0.1937	0.1784	0.2758	0.6183	1.7633	4.3213E-3	17.450	12.738	749.464
342000000	6.996	9.067	0.3912	0.1714	0.2182	0.2192	0.3665	0.1990	0.1744	0.2601	0.6178	1.7644	4.4195E-3	16.397	12.027	728.449
343000000	6.798	10.039	0.3920	0.1682	0.2125	0.2273	0.3508	0.1981	0.1751	0.2759	0.6278	1.7444	4.2636E-3	16.659	12.926	727.743
344000000	6.746	9.243	0.3970	0.1651	0.2203	0.2175	0.3604	0.1830	0.1831	0.2735	0.6327	1.7346	4.5445E-3	15.967	12.506	716.827
345000000	5.895	10.229	0.4007	0.1690	0.2139	0.2165	0.3515	0.1903	0.1780	0.2802	0.6104	1.7792	4.4529E-3	16.648	12.309	725.043
346000000	6.208	8.240	0.3964	0.1675	0.2180	0.2181	0.3363	0.1832	0.1756	0.3049	0.6193	1.7614	4.1912E-3	18.000	13.021	761.064
347000000	7.231	9.100	0.4068	0.1598	0.2073	0.2261	0.3586	0.1790	0.1875	0.2749	0.6284	1.7431	4.2557E-3	17.358	12.927	740.927
348000000	6.331	8.716	0.3973	0.1721	0.2096	0.2210	0.3699	0.1834	0.1814	0.2653	0.6206	1.7588	4.2933E-3	16.269	12.601	723.488
349000000	5.995	8.813	0.3975	0.1617	0.2252	0.2155	0.3529	0.1940	0.1749	0.2782	0.6095	1.7810	4.4653E-3	16.672	11.936	723.564
350000000	6.372	8.649	0.3933	0.1621	0.2136	0.2310	0.3429	0.1932	0.1814	0.2824	0.6028	1.7944	4.2508E-3	18.177	12.659	753.953
351000000	5.748	8.562	0.4065	0.1626	0.2231	0.2078	0.3453	0.1859	0.1859	0.2830	0.6193	1.7614	4.3171E-3	18.235	12.705	738.391
352000000	6.682	8.331	0.4147	0.1633	0.2102	0.2118	0.3563	0.1790	0.1824	0.2823	0.6246	1.7507	4.363E-3	17.311	12.561	725.504
353000000	6.733	8.460	0.3880	0.1762	0.2016	0.2341	0.3577	0.1896	0.1771	0.2756	0.6265	1.7471	4.2347E-3	17.223	12.549	746.494
354000000	6.299	8.695	0.3883	0.1774	0.2046	0.2297	0.3604	0.1848	0.1823	0.2726	0.6178	1.7644	4.202E-3	16.711	12.582	745.723
355000000	6.839	8.853	0.3900	0.1683	0.2277	0.2139	0.3754	0.1836	0.1780	0.2631	0.6083	1.7835	4.3128E-3	18.093	12.841	748.368
356000000	6.071	9.707	0.3912	0.1710	0.2005	0.2373	0.3543	0.1907	0.1804	0.2746	0.6205	1.7590	4.2134E-3	16.601	12.367	733.703
357000000	6.013	8.730	0.3946	0.1627	0.2158	0.2269	0.3642	0.1943	0.1730	0.2685	0.6350	1.7299	4.287E-3	17.111	12.896	738.985
358000000	6.023	8.356	0.3965	0.1767	0.2230	0.2037	0.3587	0.1823	0.1816	0.2774	0.6150	1.7700	4.3258E-3	16.263	11.912	722.210
359000000	6.384	9.062	0.3997	0.1617	0.2245	0.2141	0.3526	0.1874	0.1837	0.2763	0.6200	1.7601	4.3158E-3	16.892	12.618	730.494
360000000	5.970	9.396	0.4074	0.1669	0.2098	0.2159	0.3527	0.1810	0.1763	0.2900	0.6275	1.7450	4.2969E-3	17.482	12.014	742.843
361000000	6.623	8.702	0.3923	0.1681	0.2176	0.2220	0.3487	0.2034	0.1846	0.2633	0.6229	1.7541	4.3823E-3	16.006	12.605	730.533
362000000	6.314	9.667	0.3972	0.1780	0.2094	0.2154	0.3443	0.2017	0.1701	0.2840	0.6073	1.7854	4.327E-3	16.813	12.483	727.523
363000000	6.710	8.810	0.4023	0.1734	0.2085	0.2159	0.3431	0.1923	0.1842	0.2804	0.6213	1.7574	4.2643E-3	18.018	12.208	738.039
364000000	6.242	8.803	0.3929	0.1748	0.2122	0.2201	0.3603	0.1959	0.1777	0.2661	0.6121	1.7759	4.451E-3	17.400	12.521	727.896
365000000	6.819	8.251	0.3987	0.1741	0.2058	0.2213	0.3623	0.1751	0.1889	0.2737	0.6111	1.7777	4.1957E-3	17.570	12.294	735.302
366000000	6.274	9.485	0.3988	0.1593	0.2121	0.2298	0.3543	0.1924	0.1920	0.2614	0.6225	1.7550	4.3339E-3	17.368	12.832	747.177
367000000	6.437	7.832	0.3816	0.1796	0.2067	0.2320	0.3421	0.1855	0.1898	0.2826	0.6092	1.7816	4.3326E-3	15.880	12.969	724.590
368000000	6.188	8.953	0.3952	0.1743	0.2114	0.2191	0.3639	0.1826	0.1839	0.2696	0.6052	1.7896	4.2589E-3	17.293	12.669	742.232
369000000	6.464	8.406	0.3975	0.1713	0.2212	0.2100	0.3555	0.1863	0.1861	0.2722	0.6098	1.7804	4.1393E-3	18.477	13.236	764.154
370000000	5.773	9.021	0.3965	0.1640	0.2159	0.2237	0.3465	0.1830	0.1852	0.2853	0.6092	1.7815	4.1741E-3	17.891	12.902	750.063
371000000	6.256	10.295	0.3931	0.1776	0.2114	0.2178	0.3684	0.1821	0.1777	0.2718	0.6082	1.7836	4.3028E-3	17.908	12.651	744.757
372000000	7.000	8.248	0.4021	0.1788	0.1989	0.2202	0.3639	0.1889	0.1832	0.2640	0.6150	1.7701	4.3598E-3	18.378	12.727	748.805
373000000	6.615	8.414	0.3887	0.1699	0.2168	0.2246	0.3574	0.1900	0.1805	0.2721	0.6210	1.7580	4.1433E-3	17.778	12.938	765.020
374000000	6.455	8.709	0.3994	0.1644	0.2245	0.2116	0.3339	0.1916	0.1950	0.2795	0.6229	1.7543	4.3032E-3	17.333	12.284	729.910
375000000	6.745	8.814	0.3867	0.1746	0.2198	0.2189	0.3539	0.1860	0.1817	0.2783	0.6201	1.7598	4.3433E-3	16.409	12.338	727.878
376000000	7.054	9.726	0.3801	0.1707	0.2194	0.2298	0.3544	0.1985	0.1867	0.2604	0.6183	1.7635	4.3029E-3	17.604	12.587	738.547
377000000	6.091	9.693	0.3891	0.1752	0.2160	0.2197	0.3481	0.1920	0.1795	0.2804	0.6086	1.7828	4.1607E-3	17.951	12.706	747.529
378000000	6.636	8.859	0.3804	0.1702	0.2150	0.2344	0.3352	0.1955	0.1847	0.2847	0.6287	1.7426	4.3031E-3	17.691	12.430	738.058
379000000	6.291	9.188	0.3968	0.1734	0.2054	0.2243	0.3453	0.1927	0.1756	0.2864	0.6083	1.7835	4.2209E-3	17.553	12.676	741.437
380000000	6.625	8.629	0.3843	0.1655	0.2218	0.2283	0.3460	0.1886	0.1886	0.2768	0.6099	1.7803	4.3623E-3	17.745	12.530	740.255
381000000	6.332	8.616	0.3853	0.1649	0.2220	0.2278	0.3393	0.1910	0.1890	0.2806	0.6269	1.7461	4.1965E-3	18.235	12.884	754.276
382000000	6.501	9.112	0.3986	0.1615	0.2129	0.2270	0.3588	0.1987	0.1779	0.2645	0.6068	1.7864	4.2476E-3	17.095	12.702	740.349
383000000	6.472	8.821	0.3981	0.1734	0.2104	0.2181	0.3613	0.1834	0.1736	0.2816	0.6212	1.7577	4.284E-3	16.753	12.583	736.275
384000000	6.085	8.775	0.3865	0.1630	0.2302	0.2202	0.3499	0.1924	0.1819	0.2758	0.6311	1.7378	4.4413E-3	15.875	12.169	716.430
385000000	6.384	9.058	0.3978	0.1681	0.2144	0.2197	0.3481	0.1956	0.1792	0.2771	0.6019	1.7961	4.4221E-3	16.508	12.099	722.019
386000000	6.645	9.770	0.3819	0.1722	0.2170	0.2289	0.3579	0.1826	0.1816	0.2778	0.6185	1.7631	4.3258E-3	16.980	12.672	724.996
387000000	6.924	9.271	0.3908	0.1751	0.2168	0.2173	0.3540	0.1800	0.1738	0.2923	0.6017	1.7966	4.3598E-3	16.486	12.423	725.840
388000000	5.944	8.612	0.3924	0.1629	0.2131	0.2316	0.3504	0.1844	0.1805	0.2847	0.6381	1.7239	4.3875E-3	17.571	12.402	736.955
389000000	6.416	8.046	0.3861	0.1656	0.2271	0.2212	0.3437	0.2014	0.1803	0.2745	0.6247	1.7506	4.3724E-3	17.611	12.213	744.585
390000000	6.228	9.568	0.3862	0.1690	0.2329	0.2120	0.3729	0.1853	0.1705	0.2713	0.6381	1.7238	4.3347E-3	16.737	13.074	723.485
391000000	5.520	8.986	0.3898	0.1754	0.2076	0.2272	0.3555	0.1925	0.1776	0.2744	0.6214	1.7571	4.4951E-3	17.033	12.181	720.976
392000000	5.752	9.048	0.3822	0.1722	0.2206	0.2250	0.3441	0.1811	0.1832	0.2916	0.6240	1.7519	4.2776E-3	17.446	12.335	735.990
393000000	5.869	7.997	0.3773	0.1778	0.2271	0.2177	0.3638	0.1878	0.1794	0.2690	0.6187	1.7627	4.3259E-3	17.495	12.649	741.063
394000000	6.195	8.295	0.3963	0.1744	0.2141	0.2152	0.3535	0.1934	0.1764	0.2768	0.6258	1.7485	4.2707E-3	16.904	12.416	739.709
395000000	6.080	8.504	0.3992	0.1598	0.2052	0.2358	0.3561	0.1960	0.1863	0.2616	0.6185	1.7631	4.2147E-3	17.591	12.563	754.326
396000000	6.069	9.349	0.3990	0.1648	0.2203	0.2158	0.3479	0.1913	0.1791	0.2816	0.6247	1.7507	4.4704E-3	16.410	12.275	719.457
397000000	6.379	8.334	0.3928	0.1611	0.2177	0.2283	0.3510	0.1807	0.1851	0.2832	0.6253	1.7494	4.4082E-3	15.567	12.232	700.648
398000000	6.017	8.814	0.4018	0.1607	0.2161	0.2214	0.3643	0.1795	0.1778	0.2785	0.5977	1.8045	4.5068E-3	16.364	12.264	719.036
399000000	6.375	9.333	0.3907	0.1627	0.2215	0.2252	0.3508	0.1923	0.1804	0.2765	0.6196	1.7608	4.283E-3	16.267	12.917	723.847
400000000	5.749	9.383	0.3963	0.1750	0.2105	0.2183	0.3544	0.1906	0.1764	0.2786	0.6180	1.7641	4.2472E-3	16.399	12.797	724.439
401000000	5.844	10.059	0.3903	0.1706	0.2103	0.2288	0.3572	0.1808	0.1769	0.2851	0.6291	1.7417	4.2447E-3	17.205	12.830	749.066
402000000	6.412	9.541	0.4005	0.1699	0.2055	0.2242	0.3514	0.1886	0.1868	0.2731	0.6380	1.7241	4.3537E-3	17.677	12.124	733.122
403000000	6.128	8.934	0.3909	0.1746	0.2140	0.2205	0.3562	0.1807	0.1811	0.2820	0.6166	1.7668	4.2004E-3	17.925	12.068	740.751
404000000	6.320	9.759	0.3995	0.1639	0.2198	0.2168	0.3584	0.1981	0.1829	0.2605	0.6240	1.7519	4.4975E-3	15.666	12.460	703.416
405000000	6.285	8.968	0.3932	0.1664	0.2260	0.2144	0.3706	0.1781	0.1757	0.2756	0.6344	1.7312	4.236E-3	16.578	12.950	740.107
406000000	6.363	9.035	0.3978	0.1590	0.2166	0.2265	0.3492	0.1989	0.1751	0.2769	0.6294	1.7412	4.2703E-3	18.445	12.574	745.243
407000000	6.339	9.368	0.3950	0.1788	0.2084	0.2178	0.3600	0.1750	0.1780	0.2870	0.6043	1.7914	4.4549E-3	16.661	12.433	722.453
408000000	6.679	8.678	0.4010	0.1576	0.2154	0.2260	0.3618	0.1822	0.1823	0.2736	0.6265	1.7470	4.1992E-3	17.403	12.308	742.337
409000000	6.832	7.891	0.3903	0.1660	0.2155	0.2283	0.3264	0.1855	0.1886	0.2994	0.6151	1.7698	4.2879E-3	15.770	12.459	721.094
410000000	7.386	8.037	0.4002	0.1704	0.2064	0.2230	0.3427	0.1947	0.1852	0.2774	0.6045	1.7910	4.2475E-3	18.019	12.454	746.037
411000000	6.722	8.572	0.3965	0.1595	0.2237	0.2204	0.3448	0.1899	0.1723	0.2930	0.6214	1.7572	4.454E-3	16.050	12.084	706.451
412000000	6.002	8.631	0.3905	0.1619	0.2229	0.2247	0.3572	0.1823	0.1810	0.2795	0.6195	1.7611	4.2555E-3	16.898	12.563	735.290
413000000	5.724	8.988	0.3955	0.1610	0.2194	0.2241	0.3480	0.1951	0.1717	0.2852	0.6128	1.7744	4.4689E-3	16.472	12.054	712.291
414000000	6.365	8.579	0.3855	0.1829	0.2139	0.2178	0.3470	0.1866	0.1804	0.2860	0.6290	1.7421	4.4372E-3	16.667	12.140	716.438
415000000	6.287	8.503	0.3980	0.1703	0.2172	0.2146	0.3693	0.1902	0.1723	0.2683	0.6344	1.7312	4.4361E-3	16.148	12.608	706.565
416000000	5.790	8.935	0.4005	0.1623	0.2115	0.2257	0.3529	0.1880	0.1720	0.2871	0.6280	1.7440	4.1061E-3	16.548	12.583	731.717
417000000	5.944	9.714	0.3923	0.1555	0.2257	0.2264	0.3480	0.1784	0.1840	0.2897	0.6235	1.7529	4.1905E-3	17.503	12.689	738.268
418000000	6.286	8.753	0.3796	0.1788	0.2139	0.2277	0.3555	0.1891	0.1755	0.2799	0.6335	1.7329	4.4182E-3	16.519	12.157	721.533
419000000	6.520	8.343	0.3990	0.1605	0.2186	0.2220	0.3578	0.1902	0.1777	0.2742	0.6345	1.7311	4.2242E-3	17.039	12.654	735.462
420000000	5.934	8.600	0.4123	0.1588	0.2085	0.2204	0.3597	0.1883	0.1892	0.2628	0.6159	1.7682	4.2692E-3	18.158	12.606	746.316
421000000	7.073	8.425	0.3902	0.1739	0.2192	0.2166	0.3421	0.1884	0.1794	0.2901	0.6214	1.7571	4.2835E-3	17.447	12.513	740.897
422000000	5.874	9.604	0.3863	0.1759	0.2045	0.2333	0.3574	0.1959	0.1735	0.2733	0.5954	1.8091	4.2707E-3	16.674	12.773	726.849
423000000	6.363	9.531	0.4028	0.1611	0.2215	0.2145	0.3603	0.1804	0.1823	0.2770	0.6086	1.7828	4.2545E-3	17.006	12.804	740.115
424000000	6.157	8.817	0.3972	0.1609	0.2139	0.2280	0.3458	0.1902	0.1933	0.2707	0.5918	1.8164	4.3235E-3	17.090	12.803	744.713
425000000	6.986	8.688	0.3886	0.1821	0.2034	0.2259	0.3562	0.1854	0.1815	0.2769	0.6283	1.7434	4.4292E-3	16.785	12.060	716.819
426000000	6.116	8.533	0.3887	0.1640	0.2184	0.2290	0.3447	0.1919	0.1849	0.2786	0.6127	1.7746	4.4264E-3	15.321	12.114	703.537
427000000	6.357	9.580	0.3816	0.1719	0.2133	0.2332	0.3684	0.1866	0.1824	0.2627	0.6214	1.7572	4.4267E-3	16.253	12.011	727.398
428000000	6.594	9.635	0.3961	0.1736	0.2080	0.2223	0.3414	0.2009	0.1851	0.2726	0.6059	1.7882	4.4298E-3	15.437	12.812	696.952
429000000	6.308	9.543	0.3975	0.1690	0.2127	0.2208	0.3596	0.1932	0.1782	0.2690	0.6002	1.7996	4.1416E-3	17.772	12.575	746.047
430000000	6.838	8.245	0.3917	0.1703	0.2113	0.2268	0.3464	0.1908	0.1774	0.2853	0.6342	1.7317	4.3341E-3	17.001	13.048	733.796
431000000	7.149	9.541	0.3859	0.1688	0.2178	0.2275	0.3363	0.2065	0.1775	0.2797	0.6088	1.7825	4.4889E-3	16.786	12.233	732.748
432000000	5.932	9.214	0.3888	0.1641	0.2140	0.2332	0.3507	0.1964	0.1828	0.2701	0.6205	1.7590	4.4754E-3	16.384	12.865	715.394
433000000	7.211	8.405	0.4112	0.1591	0.2118	0.2179	0.3565	0.1926	0.1799	0.2710	0.6045	1.7910	4.2915E-3	17.214	12.255	731.995
434000000	5.996	8.368	0.3875	0.1737	0.2157	0.2231	0.3554	0.1723	0.1879	0.2844	0.6084	1.7831	4.5062E-3	15.892	12.586	708.852
435000000	6.468	8.699	0.4021	0.1840	0.1975	0.2165	0.3414	0.2070	0.1795	0.2721	0.6154	1.7692	4.1647E-3	18.105	12.584	757.080
436000000	6.325	8.806	0.3769	0.1786	0.2142	0.2303	0.3517	0.1921	0.1810	0.2752	0.6095	1.7809	4.4406E-3	16.471	12.538	715.640
437000000	6.530	9.155	0.3980	0.1694	0.2181	0.2145	0.3584	0.1992	0.1793	0.2631	0.6396	1.7208	4.4762E-3	15.808	12.651	709.051
438000000	6.450	8.508	0.4021	0.1666	0.2135	0.2178	0.3507	0.1958	0.1768	0.2767	0.6323	1.7354	4.4828E-3	16.438	12.273	720.683
439000000	7.158	8.947	0.3964	0.1666	0.2018	0.2351	0.3527	0.1880	0.1769	0.2824	0.6401	1.7198	4.4197E-3	15.869	12.378	721.508
440000000	5.726	8.591	0.3921	0.1637	0.2138	0.2303	0.3473	0.1900	0.1943	0.2684	0.5976	1.8049	4.3061E-3	17.639	13.117	754.008
441000000	6.559	8.153	0.3929	0.1573	0.2181	0.2317	0.3509	0.1900	0.1798	0.2794	0.6330	1.7339	4.4031E-3	16.612	12.866	720.012
442000000	6.119	8.874	0.3865	0.1770	0.2169	0.2196	0.3583	0.1802	0.1748	0.2867	0.6383	1.7235	4.2062E-3	17.210	12.705	746.486
443000000	5.849	9.484	0.3829	0.1783	0.2126	0.2262	0.3585	0.1835	0.1793	0.2788	0.6386	1.7228	4.3891E-3	16.483	12.428	722.756
444000000	6.284	9.284	0.4028	0.1714	0.2102	0.2156	0.3770	0.1810	0.1773	0.2647	0.6207	1.7586	4.3753E-3	17.175	12.719	742.765
445000000	6.747	8.644	0.3844	0.1766	0.2125	0.2265	0.3848	0.1750	0.1804	0.2598	0.6081	1.7837	4.3739E-3	17.137	11.961	728.714
446000000	6.197	9.009	0.4044	0.1722	0.2176	0.2058	0.3530	0.1864	0.1725	0.2882	0.6214	1.7571	4.3686E-3	16.752	12.502	726.860
447000000	6.550	9.065	0.4012	0.1638	0.2176	0.2174	0.3493	0.1885	0.1806	0.2816	0.6247	1.7506	4.2564E-3	16.652	12.337	727.505
448000000	5.910	9.174	0.4029	0.1682	0.2096	0.2192	0.3471	0.1943	0.1783	0.2804	0.6096	1.7808	4.164E-3	17.083	12.516	742.759
449000000	6.588	8.840	0.3925	0.1667	0.2274	0.2134	0.3607	0.1904	0.1785	0.2704	0.6237	1.7525	4.4765E-3	15.932	11.974	704.030
450000000	5.995	8.971	0.3816	0.1729	0.2130	0.2325	0.3539	0.1816	0.1958	0.2687	0.6026	1.7947	4.4878E-3	16.556	12.220	723.949
451000000	6.905	9.522	0.3822	0.1714	0.2135	0.2329	0.3594	0.1871	0.1797	0.2737	0.6319	1.7363	4.4457E-3	16.596	12.820	719.596
452000000	6.574	8.671	0.4144	0.1587	0.2154	0.2115	0.3380	0.1982	0.1861	0.2778	0.6197	1.7605	4.3235E-3	18.052	12.521	745.619
453000000	6.356	9.307	0.4095	0.1616	0.2099	0.2190	0.3504	0.1846	0.1819	0.2831	0.6316	1.7368	4.3421E-3	16.525	12.059	723.573
454000000	6.397	9.011	0.3978	0.1682	0.2095	0.2245	0.3458	0.1973	0.1840	0.2729	0.6101	1.7799	4.2629E-3	17.333	12.592	741.576
455000000	5.936	9.988	0.3786	0.1665	0.2197	0.2352	0.3510	0.1866	0.1667	0.2958	0.6314	1.7372	4.5177E-3	16.753	12.806	723.680
456000000	5.933	8.714	0.3908	0.1658	0.2161	0.2274	0.3546	0.1987	0.1828	0.2639	0.6291	1.7418	4.4124E-3	16.240	12.785	730.575
457000000	6.580	7.958	0.3872	0.1814	0.2087	0.2227	0.3400	0.2006	0.1792	0.2802	0.5925	1.8150	4.385E-3	15.941	12.812	716.064
458000000	6.095	9.409	0.3931	0.1614	0.2083	0.2372	0.3498	0.1948	0.1775	0.2778	0.6115	1.7771	4.3587E-3	16.607	12.344	723.657
459000000	6.473	8.632	0.4142	0.1743	0.2007	0.2108	0.3565	0.1826	0.1734	0.2875	0.6121	1.7757	4.269E-3	16.988	12.502	723.484
460000000	6.271	8.973	0.3911	0.1672	0.2139	0.2277	0.3468	0.1934	0.1821	0.2777	0.6275	1.7450	4.4077E-3	15.900	12.707	709.488
461000000	6.629	8.016	0.3928	0.1763	0.2005	0.2305	0.3690	0.1806	0.1759	0.2745	0.6546	1.6908	4.5387E-3	16.728	12.590	718.730
462000000	6.423	9.645	0.3921	0.1765	0.2162	0.2152	0.3504	0.1853	0.1843	0.2800	0.6181	1.7638	4.2989E-3	18.088	12.678	750.540
463000000	6.336	7.658	0.3843	0.1699	0.2100	0.2358	0.3552	0.1853	0.1773	0.2822	0.6204	1.7592	4.2726E-3	17.291	12.584	739.839
464000000	6.457	9.630	0.4096	0.1595	0.2172	0.2138	0.3454	0.1846	0.1814	0.2887	0.6234	1.7531	4.2981E-3	17.189	12.522	735.258
465000000	6.155	9.285	0.3952	0.1608	0.2157	0.2284	0.3470	0.1806	0.1908	0.2816	0.6179	1.7642	4.1861E-3	17.303	12.721	754.987
466000000	6.249	8.622	0.4039	0.1672	0.2129	0.2160	0.3497	0.2030	0.1911	0.2561	0.5971	1.8057	4.3249E-3	16.125	12.408	727.602
467000000	5.848	8.833	0.3809	0.1633	0.2192	0.2367	0.3543	0.1796	0.1836	0.2825	0.6345	1.7311	4.1709E-3	17.065	12.420	751.976
468000000	6.345	9.255	0.3935	0.1675	0.2047	0.2343	0.3672	0.1860	0.1922	0.2546	0.6052	1.7896	4.5204E-3	15.938	12.762	718.362
469000000	6.209	8.322	0.3943	0.1681	0.2169	0.2207	0.3551	0.1803	0.1728	0.2917	0.6246	1.7509	4.3898E-3	16.035	12.576	699.870
470000000	6.134	8.524	0.3974	0.1737	0.2050	0.2239	0.3726	0.1824	0.1782	0.2667	0.6247	1.7506	4.4704E-3	15.519	12.105	707.241
471000000	6.394	9.397	0.4025	0.1713	0.2116	0.2146	0.3273	0.1964	0.1817	0.2946	0.6112	1.7777	4.4238E-3	16.160	12.212	709.053
472000000	6.396	9.253	0.3946	0.1741	0.2100	0.2213	0.3610	0.1927	0.1789	0.2674	0.6197	1.7607	4.289E-3	17.377	12.299	731.798
473000000	6.774	8.781	0.3916	0.1687	0.2129	0.2268	0.3595	0.1838	0.1779	0.2788	0.6157	1.7687	4.145E-3	16.734	12.535	735.169
474000000	6.147	8.743	0.3968	0.1609	0.2135	0.2288	0.3566	0.1839	0.1838	0.2757	0.6205	1.7591	4.4176E-3	16.807	11.998	721.089
475000000	6.331	8.772	0.3887	0.1600	0.2306	0.2208	0.3566	0.1862	0.1837	0.2735	0.6285	1.7429	4.3509E-3	16.811	12.536	728.721
476000000	6.173	8.631	0.3788	0.1719	0.2109	0.2384	0.3641	0.1807	0.1832	0.2721	0.6309	1.7381	4.2035E-3	18.102	12.080	744.333
477000000	6.797	9.031	0.3931	0.1812	0.2110	0.2147	0.3596	0.1776	0.1733	0.2896	0.6265	1.7469	4.281E-3	16.977	12.666	730.638
478000000	6.868	9.048	0.4012	0.1653	0.1994	0.2340	0.3656	0.1754	0.1866	0.2725	0.6105	1.7791	4.318E-3	17.259	12.454	733.108
479000000	6.696	8.956	0.3828	0.1799	0.2118	0.2254	0.3570	0.1842	0.1808	0.2780	0.6310	1.7381	4.4524E-3	16.655	12.269	729.154
480000000	6.750	8.788	0.3970	0.1681	0.1994	0.2354	0.3615	0.1798	0.1811	0.2775	0.6351	1.7299	4.3068E-3	17.142	12.591	727.863
481000000	6.408	8.968	0.4014	0.1644	0.2087	0.2256	0.3481	0.1965	0.1703	0.2851	0.6450	1.7100	4.3462E-3	17.273	12.344	726.197
482000000	6.197	8.800	0.3989	0.1686	0.2233	0.2091	0.3606	0.1943	0.1645	0.2806	0.6024	1.7952	4.2066E-3	17.556	12.312	738.924
483000000	6.389	7.831	0.3982	0.1721	0.2069	0.2227	0.3550	0.1845	0.1789	0.2816	0.6108	1.7784	4.2865E-3	17.110	12.835	734.545
484000000	6.091	9.178	0.4057	0.1686	0.2128	0.2129	0.3563	0.1934	0.1762	0.2740	0.6121	1.7757	4.3609E-3	16.320	12.575	725.911
485000000	5.931	8.955	0.4214	0.1662	0.1971	0.2153	0.3471	0.1812	0.1842	0.2875	0.6343	1.7315	4.2971E-3	16.911	12.552	735.558
486000000	6.053	9.413	0.4027	0.1712	0.2122	0.2139	0.3531	0.2011	0.1695	0.2762	0.6222	1.7557	4.4649E-3	16.516	12.289	722.227
487000000	6.312	8.769	0.3929	0.1620	0.2217	0.2233	0.3578	0.1884	0.1895	0.2643	0.6399	1.7202	4.3759E-3	17.843	12.359	741.690
488000000	6.901	8.962	0.3971	0.1664	0.2115	0.2250	0.3500	0.1806	0.1900	0.2794	0.6073	1.7855	4.2703E-3	17.615	12.645	735.972
489000000	6.344	9.479	0.3976	0.1697	0.2082	0.2244	0.3646	0.1812	0.1688	0.2855	0.6065	1.7871	4.2732E-3	16.811	12.365	733.761
490000000	5.974	8.873	0.3868	0.1737	0.2123	0.2273	0.3746	0.1907	0.1760	0.2587	0.6179	1.7642	4.5661E-3	16.130	12.326	712.370
491000000	6.000	8.621	0.4019	0.1618	0.2176	0.2187	0.3488	0.1952	0.1886	0.2674	0.6065	1.7869	4.3038E-3	16.338	12.446	731.266
492000000	6.767	8.687	0.3915	0.1777	0.2137	0.2171	0.3530	0.1955	0.1822	0.2693	0.6193	1.7615	4.38E-3	16.403	12.583	732.535
493000000	6.788	8.947	0.4109	0.1551	0.2134	0.2206	0.3598	0.1953	0.1725	0.2723	0.6309	1.7383	4.3688E-3	16.326	13.085	719.946
494000000	6.486	8.712	0.3950	0.1670	0.2317	0.2063	0.3515	0.1809	0.1901	0.2775	0.6447	1.7105	4.5297E-3	15.375	12.158	703.146
495000000	6.010	8.313	0.3843	0.1675	0.2228	0.2254	0.3495	0.1930	0.1932	0.2644	0.6318	1.7365	4.5823E-3	16.353	12.631	712.843
496000000	6.323	9.311	0.3954	0.1617	0.2125	0.2304	0.3689	0.1913	0.1773	0.2625	0.6105	1.7790	4.5593E-3	15.452	12.443	690.170
497000000	7.236	9.056	0.3943	0.1718	0.2147	0.2191	0.3602	0.1959	0.1810	0.2629	0.6164	1.7672	4.4301E-3	16.695	12.502	718.621
498000000	6.721	8.626	0.3967	0.1700	0.2159	0.2174	0.3673	0.1739	0.1764	0.2825	0.6124	1.7753	4.3999E-3	16.878	12.605	717.739
499000000	6.529	8.323	0.3925	0.1716	0.2174	0.2185	0.3672	0.1875	0.1791	0.2662	0.6454	1.7093	4.3185E-3	16.447	12.363	726.099
500000000	6.460	8.372	0.4053	0.1605	0.2170	0.2172	0.3548	0.1830	0.1851	0.2771	0.6038	1.7923	4.4021E-3	16.793	12.355	731.803
501000000	6.155	9.973	0.3823	0.1766	0.2180	0.2232	0.3594	0.1913	0.1797	0.2695	0.6265	1.7470	4.3491E-3	16.304	12.762	734.251
502000000	6.444	9.074	0.4028	0.1661	0.2186	0.2125	0.3512	0.1924	0.1779	0.2784	0.6212	1.7576	4.3821E-3	16.995	12.798	731.673
503000000	6.102	8.453	0.3799	0.1797	0.2077	0.2327	0.3527	0.1880	0.1811	0.2781	0.6259	1.7481	4.5392E-3	16.124	12.613	704.068
504000000	5.974	8.564	0.3944	0.1849	0.2033	0.2174	0.3577	0.1839	0.1814	0.2771	0.6090	1.7820	4.3734E-3	15.316	12.692	696.879
505000000	6.013	8.824	0.4036	0.1583	0.2230	0.2152	0.3465	0.1898	0.1758	0.2880	0.6371	1.7257	4.3926E-3	15.878	12.533	715.529
506000000	6.405	9.042	0.3981	0.1609	0.2180	0.2231	0.3481	0.1938	0.1755	0.2825	0.6153	1.7694	4.2966E-3	16.632	12.204	727.921
507000000	6.394	8.704	0.3929	0.1766	0.2161	0.2143	0.3531	0.1841	0.1899	0.2730	0.6276	1.7448	4.5938E-3	15.937	12.552	702.463
508000000	6.219	9.201	0.4120	0.1585	0.2064	0.2231	0.3518	0.1719	0.1936	0.2827	0.6162	1.7676	4.5335E-3	16.410	12.357	720.132
509000000	6.512	8.370	0.3926	0.1749	0.2099	0.2226	0.3473	0.1965	0.1723	0.2839	0.6187	1.7626	4.4741E-3	15.950	12.424	715.164
510000000	6.688	9.197	0.3966	0.1641	0.2255	0.2138	0.3594	0.1852	0.1863	0.2691	0.6500	1.6999	4.2439E-3	17.441	13.021	747.185
511000000	6.823	8.427	0.3918	0.1648	0.2230	0.2204	0.3538	0.1945	0.1812	0.2706	0.6106	1.7788	4.4345E-3	16.809	12.286	731.558
512000000	6.910	8.386	0.3906	0.1618	0.2166	0.2309	0.3657	0.1863	0.1810	0.2670	0.6351	1.7299	4.1971E-3	16.797	12.257	741.536
513000000	6.399	8.826	0.4009	0.1648	0.2193	0.2149	0.3688	0.1787	0.1824	0.2701	0.6151	1.7699	4.2386E-3	16.547	12.765	736.411
514000000	6.493	9.877	0.3972	0.1583	0.2208	0.2237	0.3594	0.1812	0.1844	0.2750	0.6275	1.7449	4.2998E-3	17.133	12.999	745.044
515000000	6.633	8.817	0.4078	0.1683	0.2141	0.2098	0.3438	0.1968	0.1848	0.2746	0.6056	1.7887	4.4284E-3	16.646	12.195	717.722
516000000	6.104	9.402	0.3833	0.1750	0.2106	0.2310	0.3647	0.1923	0.1718	0.2713	0.6242	1.7516	4.3255E-3	16.396	12.876	720.943
517000000	6.844	10.256	0.3702	0.1701	0.2241	0.2356	0.3416	0.1797	0.1784	0.3004	0.6292	1.7416	4.3932E-3	16.491	12.223	712.995
518000000	5.961	8.566	0.3940	0.1655	0.2071	0.2333	0.3675	0.1804	0.1797	0.2723	0.6216	1.7568	4.5413E-3	16.209	13.122	721.418
519000000	6.468	8.127	0.3763	0.1603	0.2212	0.2422	0.3472	0.2002	0.1790	0.2737	0.6005	1.7990	4.4293E-3	16.217	12.333	714.226
520000000	6.560	9.610	0.3778	0.1791	0.2084	0.2347	0.3430	0.1964	0.1848	0.2758	0.6263	1.7475	4.5869E-3	15.978	12.247	713.668
521000000	6.494	8.794	0.3970	0.1647	0.2164	0.2220	0.3673	0.1839	0.1808	0.2681	0.6072	1.7857	4.4193E-3	16.578	12.518	726.365
522000000	5.994	8.226	0.4016	0.1664	0.2198	0.2121	0.3685	0.1886	0.1778	0.2651	0.6433	1.7134	4.4223E-3	16.610	12.167	722.015
523000000	5.796	8.519	0.3944	0.1763	0.2097	0.2196	0.3720	0.1746	0.1742	0.2792	0.6494	1.7012	4.4512E-3	15.229	12.365	699.544
524000000	6.838	9.366	0.4080	0.1706	0.2134	0.2080	0.3548	0.2016	0.1741	0.2694	0.6224	1.7551	4.6547E-3	15.438	12.156	691.815
525000000	6.883	9.467	0.3945	0.1592	0.2055	0.2408	0.3442	0.1938	0.1801	0.2819	0.5893	1.8214	4.3686E-3	16.465	12.009	719.301
526000000	7.040	7.566	0.3916	0.1645	0.2123	0.2316	0.3672	0.1749	0.1845	0.2734	0.6089	1.7822	4.3286E-3	16.861	12.345	735.039
527000000	6.187	8.321	0.3927	0.1608	0.2153	0.2312	0.3395	0.1966	0.1817	0.2822	0.6219	1.7562	4.4184E-3	16.339	12.475	738.827
528000000	5.769	9.304	0.3940	0.1781	0.2098	0.2181	0.3689	0.1930	0.1788	0.2592	0.6337	1.7327	4.2632E-3	16.113	12.020	722.445
529000000	6.844	8.689	0.3880	0.1733	0.2004	0.2383	0.3340	0.1872	0.1870	0.2917	0.6154	1.7691	4.1961E-3	17.509	12.507	744.773
530000000	6.596	8.869	0.3936	0.1697	0.2145	0.2223	0.3497	0.1969	0.1860	0.2673	0.6245	1.7510	4.4967E-3	16.503	12.374	724.857
531000000	6.462	9.184	0.3998	0.1694	0.2218	0.2091	0.3569	0.1805	0.1836	0.2791	0.6284	1.7433	4.2847E-3	18.285	12.303	740.442
532000000	5.905	9.222	0.3914	0.1642	0.2174	0.2269	0.3709	0.1789	0.1801	0.2701	0.6342	1.7315	4.2671E-3	16.303	12.430	719.259
533000000	6.609	8.927	0.3794	0.1726	0.2141	0.2339	0.3492	0.1865	0.1843	0.2801	0.6434	1.7131	4.1419E-3	17.996	12.665	750.133
534000000	6.746	9.793	0.3884	0.1595	0.2186	0.2336	0.3495	0.1872	0.1781	0.2853	0.6160	1.7680	4.1881E-3	17.708	12.432	728.786
535000000	6.374	8.285	0.4049	0.1639	0.2145	0.2167	0.3552	0.1864	0.1806	0.2778	0.6138	1.7725	4.5655E-3	15.814	12.349	709.567
536000000	6.886	9.512	0.3907	0.1752	0.2042	0.2299	0.3496	0.1993	0.1763	0.2748	0.5880	1.8240	4.2993E-3	16.995	12.640	744.406
537000000	6.529	10.408	0.3830	0.1734	0.2074	0.2361	0.3510	0.1933	0.1709	0.2848	0.6157	1.7687	4.2153E-3	17.935	12.668	753.626
538000000	6.782	8.876	0.3896	0.1769	0.2187	0.2148	0.3521	0.1937	0.1802	0.2740	0.6148	1.7704	4.4006E-3	16.929	12.641	741.344
539000000	6.453	9.044	0.3889	0.1589	0.2321	0.2202	0.3578	0.1949	0.1636	0.2837	0.6490	1.7021	4.2601E-3	17.353	12.878	748.841
540000000	6.134	9.930	0.3865	0.1717	0.2218	0.2200	0.3551	0.1879	0.1722	0.2849	0.6158	1.7683	4.163E-3	17.919	12.478	749.858
541000000	6.591	8.688	0.4048	0.1647	0.2058	0.2246	0.3646	0.1920	0.1794	0.2639	0.6192	1.7616	4.1901E-3	17.795	12.828	752.544
542000000	6.619	8.723	0.3871	0.1745	0.2191	0.2193	0.3568	0.1838	0.1759	0.2835	0.6298	1.7405	4.1418E-3	16.675	13.045	753.656
543000000	6.077	9.443	0.3985	0.1657	0.2186	0.2172	0.3585	0.1865	0.1805	0.2745	0.6144	1.7713	4.2692E-3	17.394	12.667	734.525
544000000	6.495	9.265	0.4126	0.1577	0.2125	0.2172	0.3404	0.1836	0.1787	0.2973	0.6163	1.7675	4.2122E-3	17.177	12.493	749.223
545000000	6.669	9.625	0.3927	0.1759	0.2094	0.2220	0.3455	0.1875	0.1869	0.2801	0.6259	1.7481	4.1625E-3	17.229	12.612	747.730
546000000	6.399	9.169	0.3970	0.1768	0.2088	0.2174	0.3499	0.1975	0.1863	0.2663	0.6058	1.7884	4.4643E-3	16.818	12.303	723.998
547000000	6.463	8.800	0.3889	0.1662	0.2227	0.2222	0.3462	0.1862	0.1841	0.2836	0.6273	1.7454	4.3804E-3	16.224	12.480	704.543
548000000	6.276	8.143	0.4117	0.1551	0.2070	0.2261	0.3518	0.1899	0.1800	0.2782	0.6214	1.7572	4.3955E-3	16.326	12.039	715.458
549000000	6.836	9.473	0.4028	0.1662	0.2136	0.2174	0.3454	0.1922	0.1796	0.2828	0.6112	1.7775	4.3007E-3	17.866	12.193	735.882
550000000	6.340	8.477	0.3931	0.1687	0.2179	0.2203	0.3605	0.1926	0.1715	0.2755	0.6301	1.7397	4.337E-3	16.417	12.477	722.211
551000000	5.957	8.644	0.4009	0.1791	0.2172	0.2028	0.3420	0.1925	0.1860	0.2795	0.6143	1.7714	4.5675E-3	16.106	12.239	711.252
552000000	6.133	8.712	0.3806	0.1657	0.2219	0.2318	0.3644	0.1791	0.1874	0.2691	0.6138	1.7724	4.5188E-3	16.249	12.607	717.488
553000000	5.884	9.027	0.3952	0.1696	0.2142	0.2210	0.3393	0.1904	0.1845	0.2858	0.6030	1.7940	4.2887E-3	17.629	12.194	739.581
554000000	6.738	9.271	0.4024	0.1591	0.2150	0.2235	0.3468	0.1935	0.1740	0.2857	0.6340	1.7320	4.4767E-3	16.472	12.102	719.658
555000000	6.446	8.576	0.3969	0.1666	0.2161	0.2204	0.3616	0.1943	0.1706	0.2734	0.6238	1.7525	4.5312E-3	16.121	12.539	723.052
556000000	6.186	9.101	0.3947	0.1695	0.2215	0.2143	0.3537	0.1811	0.1840	0.2813	0.6249	1.7502	4.3871E-3	15.853	12.859	723.666
557000000	6.553	9.059	0.4029	0.1732	0.2057	0.2183	0.3589	0.1883	0.1795	0.2732	0.6160	1.7680	4.5223E-3	15.609	12.725	712.783
558000000	6.394	8.368	0.4068	0.1739	0.2047	0.2146	0.3545	0.1938	0.1757	0.2760	0.6056	1.7887	4.2918E-3	16.816	12.516	730.182
559000000	6.727	9.138	0.3858	0.1752	0.2194	0.2196	0.3537	0.1896	0.1692	0.2875	0.6240	1.7520	4.3061E-3	17.493	12.714	733.377
560000000	6.658	8.499	0.4026	0.1592	0.2097	0.2285	0.3487	0.1927	0.1834	0.2753	0.6061	1.7878	4.3684E-3	17.110	12.653	736.281
561000000	5.670	8.489	0.4031	0.1661	0.2104	0.2203	0.3559	0.1900	0.1883	0.2658	0.6099	1.7803	4.4255E-3	17.412	12.557	729.725
562000000	6.424	8.724	0.4005	0.1764	0.2003	0.2228	0.3544	0.1870	0.1789	0.2797	0.6084	1.7832	4.4026E-3	15.901	12.697	722.892
563000000	6.400	8.504	0.3961	0.1661	0.2195	0.2184	0.3461	0.1916	0.1887	0.2736	0.6122	1.7757	4.4498E-3	16.650	12.521	722.374
564000000	6.567	9.460	0.3821	0.1845	0.2192	0.2142	0.3441	0.1930	0.1896	0.2733	0.6229	1.7542	4.3645E-3	15.254	12.378	710.172
565000000	6.349	8.043	0.3938	0.1657	0.2212	0.2193	0.3526	0.1928	0.1858	0.2688	0.6217	1.7566	4.4163E-3	16.181	12.324	724.495
566000000	6.004	8.125	0.3823	0.1829	0.2184	0.2164	0.3426	0.1922	0.1796	0.2857	0.6055	1.7890	4.299E-3	15.769	12.637	731.756
567000000	6.070	8.542	0.3924	0.1623	0.2192	0.2261	0.3409	0.2000	0.1848	0.2743	0.6118	1.7764	4.4058E-3	16.123	12.205	711.121
568000000	6.558	8.845	0.4012	0.1659	0.2131	0.2198	0.3532	0.1805	0.1864	0.2799	0.6063	1.7874	4.3233E-3	16.668	12.287	731.302
569000000	6.970	8.592	0.4247	0.1559	0.2252	0.1942	0.3535	0.1938	0.1678	0.2849	0.6282	1.7437	4.3551E-3	17.133	12.505	733.023
570000000	6.207	8.608	0.4133	0.1569	0.1914	0.2384	0.3460	0.1893	0.1777	0.2871	0.6215	1.7570	4.2551E-3	17.222	12.401	731.676
571000000	6.839	8.401	0.3850	0.1621	0.2294	0.2235	0.3435	0.2001	0.1812	0.2751	0.6175	1.7650	4.7394E-3	15.279	12.704	687.256
572000000	7.140	9.457	0.3701	0.1778	0.2167	0.2353	0.3604	0.1882	0.1766	0.2748	0.6363	1.7274	4.3433E-3	17.460	12.822	730.489
573000000	6.567	9.036	0.3869	0.1661	0.2210	0.2260	0.3519	0.1754	0.1819	0.2908	0.6359	1.7282	4.3632E-3	17.863	12.479	733.084
574000000	6.545	9.099	0.3985	0.1679	0.2137	0.2199	0.3716	0.1897	0.1833	0.2554	0.6237	1.7526	4.3099E-3	16.839	12.902	726.769
575000000	6.498	8.433	0.4044	0.1719	0.2035	0.2203	0.3596	0.1889	0.1777	0.2737	0.6251	1.7497	4.4114E-3	16.566	12.662	718.441
576000000	6.811	9.659	0.3965	0.1641	0.2172	0.2223	0.3567	0.1832	0.1752	0.2849	0.6162	1.7677	4.39E-3	17.004	12.779	725.903
577000000	5.470	8.032	0.3826	0.1777	0.2151	0.2246	0.3556	0.1826	0.1780	0.2838	0.6250	1.7500	4.5142E-3	16.442	12.636	716.844
578000000	6.483	8.952	0.4007	0.1614	0.2018	0.2362	0.3444	0.1873	0.1787	0.2896	0.6192	1.7616	4.3499E-3	16.516	12.616	733.884
579000000	6.576	8.321	0.3937	0.1662	0.2135	0.2266	0.3529	0.1903	0.1823	0.2744	0.6181	1.7638	4.4713E-3	15.818	12.375	702.943
580000000	6.597	8.255	0.4035	0.1717	0.2082	0.2166	0.3682	0.1796	0.1662	0.2860	0.6263	1.7474	4.3022E-3	16.689	12.535	722.218
581000000	6.790	9.250	0.3882	0.1708	0.2220	0.2190	0.3682	0.1797	0.1845	0.2676	0.6280	1.7440	4.3547E-3	16.872	12.591	727.658
582000000	6.656	9.598	0.3891	0.1715	0.2037	0.2357	0.3520	0.1843	0.1831	0.2806	0.6078	1.7845	4.3388E-3	16.400	12.457	726.607
583000000	6.264	8.683	0.4027	0.1556	0.2148	0.2268	0.3583	0.1878	0.1715	0.2824	0.6232	1.7537	4.2413E-3	16.803	12.574	724.695
584000000	6.604	9.508	0.3853	0.1734	0.2236	0.2177	0.3423	0.1983	0.1782	0.2813	0.6366	1.7268	4.2698E-3	17.052	12.765	743.558
585000000	6.244	8.955	0.3867	0.1698	0.2119	0.2316	0.3492	0.1803	0.1784	0.2921	0.6188	1.7623	4.319E-3	16.807	12.784	727.858
586000000	6.375	9.545	0.3988	0.1722	0.2075	0.2214	0.3495	0.1853	0.1817	0.2835	0.6000	1.8001	4.1585E-3	17.166	12.418	731.044
587000000	6.302	9.297	0.4009	0.1631	0.2282	0.2077	0.3553	0.1876	0.1822	0.2749	0.6145	1.7710	4.4253E-3	15.798	12.150	713.663
588000000	7.059	7.961	0.3907	0.1746	0.2207	0.2141	0.3490	0.1924	0.1845	0.2741	0.6178	1.7643	4.2916E-3	16.727	12.504	725.463
589000000	6.339	9.070	0.3911	0.1542	0.2118	0.2429	0.3646	0.1754	0.1872	0.2728	0.6027	1.7946	4.386E-3	16.684	12.709	730.381
590000000	6.907	8.521	0.3991	0.1759	0.2021	0.2229	0.3503	0.1931	0.1858	0.2707	0.6059	1.7883	4.4326E-3	16.699	12.701	727.592
591000000	6.477	8.894	0.3847	0.1691	0.2131	0.2331	0.3589	0.1931	0.1792	0.2688	0.6257	1.7486	4.6096E-3	15.685	11.918	702.475
592000000	6.254	8.912	0.4074	0.1574	0.2114	0.2238	0.3503	0.1861	0.1785	0.2851	0.6073	1.7854	4.4596E-3	16.675	12.191	713.247
593000000	6.166	9.010	0.4061	0.1757	0.2025	0.2157	0.3554	0.1823	0.1780	0.2843	0.6292	1.7416	4.2325E-3	17.625	12.420	740.015
594000000	6.080	9.139	0.4114	0.1690	0.1952	0.2245	0.3572	0.1903	0.1707	0.2818	0.6164	1.7673	4.3537E-3	15.685	12.461	705.019
595000000	7.172	8.421	0.3970	0.1768	0.2119	0.2143	0.3549	0.1949	0.1744	0.2758	0.6202	1.7597	4.2738E-3	17.090	12.335	726.489
596000000	6.480	8.447	0.3893	0.1765	0.2110	0.2232	0.3484	0.1825	0.1929	0.2762	0.5922	1.8155	4.2335E-3	17.492	12.409	738.360
597000000	6.680	9.652	0.3925	0.1615	0.2094	0.2365	0.3549	0.1927	0.1731	0.2793	0.6321	1.7357	4.3371E-3	16.387	12.337	723.731
598000000	5.963	8.327	0.3824	0.1645	0.2158	0.2372	0.3371	0.1897	0.1989	0.2743	0.6232	1.7536	4.3607E-3	16.381	12.428	727.152
599000000	6.480	9.187	0.4029	0.1673	0.2148	0.2151	0.3513	0.1894	0.1821	0.2772	0.6121	1.7757	4.3343E-3	17.298	12.081	734.295
600000000	6.829	9.879	0.4195	0.1519	0.2088	0.2198	0.3637	0.1982	0.1683	0.2698	0.6298	1.7403	4.2289E-3	17.711	12.580	750.776
601000000	6.294	8.927	0.4064	0.1739	0.1954	0.2244	0.3452	0.1933	0.1773	0.2841	0.6149	1.7702	4.2313E-3	16.378	12.159	738.141
602000000	6.664	9.416	0.4049	0.1632	0.2165	0.2154	0.3512	0.1917	0.1805	0.2766	0.6255	1.7490	4.3927E-3	15.672	12.317	716.654
603000000	6.949	8.626	0.4045	0.1718	0.1987	0.2251	0.3556	0.1881	0.1797	0.2766	0.6280	1.7441	4.3105E-3	16.363	12.372	733.461
604000000	6.679	8.565	0.3908	0.1721	0.2068	0.2303	0.3355	0.2010	0.1801	0.2834	0.6308	1.7384	4.2715E-3	17.335	13.082	733.587
605000000	6.163	8.748	0.4019	0.1606	0.2058	0.2316	0.3496	0.1797	0.1867	0.2840	0.6007	1.7985	4.2911E-3	17.552	12.107	739.064
606000000	6.447	8.775	0.4058	0.1623	0.2001	0.2317	0.3657	0.2024	0.1722	0.2596	0.6236	1.7529	4.3615E-3	17.184	12.594	728.124
607000000	6.452	8.748	0.3851	0.1808	0.2061	0.2279	0.3652	0.1951	0.1785	0.2611	0.6173	1.7654	4.3949E-3	16.022	12.833	708.991
608000000	6.256	8.973	0.3914	0.1716	0.2102	0.2268	0.3719	0.1999	0.1625	0.2658	0.6265	1.7470	4.3005E-3	16.750	12.516	725.235
609000000	5.932	8.087	0.3782	0.1657	0.2031	0.2530	0.3431	0.1981	0.1728	0.2860	0.5954	1.8093	4.4519E-3	16.439	12.501	713.604
610000000	5.955	8.968	0.3962	0.1731	0.1997	0.2310	0.3627	0.1856	0.1784	0.2733	0.6235	1.7530	4.3123E-3	17.438	12.825	733.287
611000000	6.267	9.406	0.3861	0.1780	0.2085	0.2274	0.3681	0.1776	0.1733	0.2810	0.6285	1.7430	4.3874E-3	16.398	11.961	716.568
612000000	7.063	9.000	0.3933	0.1813	0.2060	0.2195	0.3640	0.1712	0.1781	0.2867	0.6245	1.7510	4.5237E-3	15.932	12.578	715.210
613000000	6.568	8.200	0.3912	0.1714	0.2238	0.2137	0.3551	0.1864	0.1733	0.2852	0.6124	1.7753	4.309E-3	16.990	12.398	744.694
614000000	6.115	8.281	0.4066	0.1676	0.2014	0.2244	0.3636	0.1953	0.1793	0.2618	0.6195	1.7609	4.3954E-3	17.132	12.686	726.904
615000000	5.991	8.618	0.3843	0.1626	0.2278	0.2253	0.3659	0.1887	0.1773	0.2681	0.6205	1.7591	4.3036E-3	16.513	12.573	734.310
616000000	5.826	9.897	0.3843	0.1834	0.2039	0.2284	0.3497	0.1939	0.1830	0.2735	0.5950	1.8100	4.2385E-3	16.367	12.834	734.748
617000000	6.579	9.044	0.3943	0.1726	0.2144	0.2187	0.3575	0.1777	0.1753	0.2895	0.5989	1.8022	4.2524E-3	16.718	12.735	725.034
618000000	6.123	8.776	0.3946	0.1612	0.2164	0.2277	0.3408	0.1946	0.1789	0.2857	0.6278	1.7445	4.2464E-3	16.904	12.504	720.456
619000000	6.565	9.263	0.3948	0.1605	0.2202	0.2246	0.3611	0.1927	0.1784	0.2678	0.6100	1.7801	4.3594E-3	16.533	12.715	732.825
620000000	7.149	9.078	0.3878	0.1737	0.2094	0.2291	0.3599	0.1897	0.1702	0.2802	0.6093	1.7814	4.2453E-3	17.366	12.339	739.884
621000000	6.359	8.349	0.3911	0.1657	0.2148	0.2284	0.3565	0.1919	0.1763	0.2753	0.6153	1.7694	4.2993E-3	16.973	12.070	729.037
622000000	6.202	8.759	0.4104	0.1590	0.2178	0.2128	0.3544	0.2084	0.1648	0.2725	0.6408	1.7183	4.2071E-3	16.602	12.478	741.018
623000000	6.205	9.706	0.4099	0.1657	0.2146	0.2099	0.3436	0.2005	0.1720	0.2839	0.6160	1.7680	4.5291E-3	16.241	13.661	715.311
624000000	6.433	9.190	0.3877	0.1720	0.2055	0.2348	0.3563	0.1886	0.1799	0.2752	0.5945	1.8109	4.4212E-3	16.538	13.055	722.113
625000000	6.257	9.015	0.4043	0.1704	0.1902	0.2351	0.3390	0.1901	0.1885	0.2824	0.5981	1.8038	4.5486E-3	15.934	12.481	707.042
626000000	6.779	9.046	0.3754	0.1696	0.2196	0.2355	0.3518	0.2019	0.1724	0.2738	0.6176	1.7649	4.2883E-3	17.915	12.690	729.091
627000000	6.837	9.334	0.3995	0.1676	0.2239	0.2091	0.3534	0.1867	0.1866	0.2733	0.6238	1.7524	4.4384E-3	16.040	13.741	725.904
628000000	6.926	8.964	0.3842	0.1689	0.2204	0.2265	0.3534	0.1941	0.1835	0.2690	0.6081	1.7838	4.3235E-3	16.651	12.241	728.898
629000000	6.703	9.093	0.3840	0.1802	0.2121	0.2238	0.3544	0.1930	0.1886	0.2640	0.6259	1.7482	4.3874E-3	16.293	12.468	730.261
630000000	6.231	9.565	0.3817	0.1701	0.2164	0.2318	0.3562	0.1919	0.1798	0.2721	0.6291	1.7417	4.1516E-3	17.310	12.887	748.578
631000000	5.856	8.856	0.3890	0.1627	0.2115	0.2368	0.3379	0.1831	0.1977	0.2813	0.6179	1.7643	4.2453E-3	17.034	12.355	732.417
632000000	6.549	9.914	0.4001	0.1748	0.2138	0.2113	0.3461	0.1940	0.1808	0.2791	0.6151	1.7698	4.3904E-3	16.545	12.469	723.098
633000000	5.892	9.924	0.3929	0.1632	0.2165	0.2274	0.3538	0.1939	0.1749	0.2774	0.6188	1.7625	4.5078E-3	15.568	12.347	701.256
634000000	6.762	8.706	0.3869	0.1728	0.2152	0.2251	0.3448	0.1927	0.1813	0.2812	0.6375	1.7249	4.3225E-3	17.623	12.246	737.401
635000000	5.486	8.923	0.3881	0.1729	0.2150	0.2240	0.3561	0.1793	0.1883	0.2763	0.6357	1.7286	4.3899E-3	16.251	12.315	717.330
636000000	6.347	9.357	0.3911	0.1680	0.2050	0.2359	0.3642	0.1945	0.1756	0.2657	0.6166	1.7668	4.2245E-3	17.769	12.480	736.936
637000000	6.951	8.532	0.3961	0.1686	0.2143	0.2210	0.3500	0.1904	0.1762	0.2833	0.6045	1.7910	4.3284E-3	16.841	12.330	732.763
638000000	6.620	8.860	0.3765	0.1765	0.2147	0.2323	0.3627	0.2014	0.1691	0.2668	0.6146	1.7709	4.298E-3	17.459	12.564	736.063
639000000	6.254	8.661	0.3950	0.1716	0.2122	0.2213	0.3451	0.1995	0.1842	0.2711	0.6264	1.7472	4.3879E-3	17.343	12.542	732.349
640000000	6.412	9.621	0.3793	0.1929	0.2110	0.2168	0.3444	0.1918	0.1796	0.2842	0.6192	1.7615	4.5276E-3	15.390	12.334	705.279
641000000	7.109	8.622	0.3907	0.1735	0.2216	0.2142	0.3503	0.1942	0.1846	0.2708	0.6236	1.7528	4.4295E-3	15.743	12.024	703.087
642000000	5.835	9.118	0.3775	0.1739	0.2208	0.2279	0.3536	0.1918	0.1751	0.2794	0.6187	1.7627	4.4075E-3	16.895	12.435	724.214
643000000	6.213	9.065	0.3877	0.1767	0.2157	0.2199	0.3550	0.1897	0.1675	0.2878	0.6282	1.7436	4.4824E-3	16.976	12.402	720.405
644000000	6.387	9.208	0.4120	0.1602	0.2133	0.2145	0.3633	0.1914	0.1757	0.2696	0.6402	1.7196	4.3909E-3	16.164	12.582	719.990
645000000	6.464	8.213	0.3895	0.1720	0.2160	0.2225	0.3587	0.1811	0.1741	0.2861	0.6157	1.7686	4.2187E-3	17.071	13.099	724.583
646000000	6.516	8.671	0.3899	0.1730	0.2204	0.2167	0.3515	0.1827	0.1830	0.2828	0.6228	1.7543	4.3471E-3	15.804	12.792	726.315
647000000	6.374	8.770	0.3866	0.1747	0.2075	0.2312	0.3574	0.1903	0.1779	0.2744	0.6125	1.7751	4.1301E-3	16.835	12.765	735.787
648000000	6.885	8.977	0.3995	0.1653	0.2116	0.2235	0.3562	0.1942	0.1846	0.2650	0.6180	1.7640	4.3521E-3	17.241	12.789	738.250
649000000	6.534	9.741	0.3915	0.1665	0.2121	0.2299	0.3565	0.1975	0.1688	0.2771	0.6236	1.7528	4.3761E-3	16.571	12.250	735.186
650000000	5.794	8.584	0.3934	0.1672	0.2028	0.2366	0.3439	0.2087	0.1768	0.2706	0.6225	1.7551	4.3789E-3	17.054	12.189	717.488
651000000	6.224	8.633	0.4021	0.1577	0.2267	0.2135	0.3402	0.2002	0.1853	0.2743	0.6008	1.7984	4.2357E-3	17.178	12.318	737.473
652000000	6.450	8.997	0.3953	0.1627	0.2057	0.2363	0.3664	0.1820	0.1783	0.2733	0.6104	1.7791	4.303E-3	17.353	12.693	742.630
653000000	6.678	8.720	0.4021	0.1772	0.2017	0.2191	0.3621	0.1892	0.1661	0.2826	0.6212	1.7576	4.2791E-3	17.694	12.475	743.389
654000000	6.737	9.099	0.4065	0.1608	0.2047	0.2281	0.3596	0.1825	0.1724	0.2855	0.6256	1.7489	4.3125E-3	17.265	12.495	722.359
655000000	5.803	9.086	0.3852	0.1740	0.2211	0.2197	0.3506	0.1914	0.1780	0.2800	0.6231	1.7538	4.2767E-3	17.872	13.129	745.568
656000000	6.916	9.287	0.3870	0.1741	0.2150	0.2239	0.3567	0.1809	0.1921	0.2704	0.6232	1.7536	4.4189E-3	16.336	12.433	723.423
657000000	6.490	8.979	0.3812	0.1703	0.2199	0.2287	0.3608	0.1960	0.1768	0.2665	0.6216	1.7568	4.2514E-3	17.097	12.221	738.642
658000000	6.479	8.799	0.4070	0.1582	0.2126	0.2222	0.3516	0.1951	0.1872	0.2661	0.6076	1.7848	4.2823E-3	17.578	12.828	746.942
659000000	6.169	9.192	0.3827	0.1689	0.2245	0.2239	0.3644	0.1890	0.1766	0.2700	0.6267	1.7466	4.1628E-3	17.751	12.720	758.108
660000000	6.393	8.794	0.3967	0.1744	0.2078	0.2211	0.3442	0.1877	0.1857	0.2824	0.6300	1.7400	4.342E-3	15.951	12.303	711.856
661000000	5.862	8.451	0.3988	0.1596	0.2216	0.2200	0.3658	0.1857	0.1902	0.2582	0.6194	1.7613	4.4029E-3	16.729	12.471	728.991
662000000	6.823	9.341	0.3920	0.1686	0.2193	0.2201	0.3576	0.1854	0.1840	0.2729	0.6238	1.7525	4.3613E-3	16.428	12.992	723.438
663000000	6.769	8.451	0.3907	0.1772	0.1997	0.2325	0.3575	0.1900	0.1763	0.2762	0.6089	1.7823	4.4325E-3	15.983	12.529	721.627
664000000	6.225	9.390	0.3797	0.1638	0.2283	0.2281	0.3622	0.1826	0.1875	0.2677	0.6167	1.7666	4.5213E-3	15.423	12.314	711.168
665000000	7.444	8.355	0.3723	0.1720	0.2148	0.2408	0.3542	0.1929	0.1832	0.2698	0.6071	1.7859	4.4377E-3	16.937	12.414	725.369
666000000	6.303	7.855	0.3853	0.1714	0.2175	0.2258	0.3397	0.1911	0.1873	0.2819	0.6142	1.7716	4.5381E-3	16.244	12.458	710.311
667000000	6.567	8.974	0.3828	0.1691	0.2178	0.2304	0.3466	0.1830	0.1812	0.2892	0.6398	1.7203	4.4037E-3	16.394	12.352	714.292
668000000	6.225	9.050	0.4096	0.1530	0.2086	0.2287	0.3515	0.1898	0.1851	0.2736	0.6160	1.7680	4.418E-3	15.887	12.954	716.979
669000000	6.732	8.990	0.3835	0.1676	0.2258	0.2232	0.3410	0.1955	0.1842	0.2793	0.6160	1.7680	4.4567E-3	17.026	12.105	724.622
670000000	6.155	8.681	0.3781	0.1705	0.2246	0.2268	0.3673	0.1817	0.1751	0.2759	0.6304	1.7392	4.3399E-3	16.779	12.417	729.196
671000000	5.994	9.264	0.3842	0.1692	0.2166	0.2300	0.3396	0.1895	0.1938	0.2772	0.6131	1.7738	4.3286E-3	17.044	12.647	737.102
672000000	6.192	8.890	0.4042	0.1713	0.1938	0.2307	0.3397	0.1989	0.1791	0.2824	0.6056	1.7888	4.1452E-3	17.506	12.355	745.835
673000000	6.394	8.465	0.3912	0.1751	0.2107	0.2231	0.3622	0.1940	0.1661	0.2778	0.6179	1.7642	4.2669E-3	17.399	12.400	732.993
674000000	6.184	9.590	0.3828	0.1698	0.2092	0.2382	0.3579	0.1887	0.1789	0.2745	0.6188	1.7623	4.438E-3	15.596	12.371	707.655
675000000	6.626	9.432	0.4044	0.1711	0.2039	0.2206	0.3436	0.1886	0.1873	0.2805	0.6179	1.7642	4.4077E-3	16.800	12.566	725.878
676000000	6.534	9.228	0.4069	0.1553	0.2183	0.2196	0.3522	0.1964	0.1687	0.2828	0.6083	1.7835	4.5192E-3	16.509	13.139	710.369
677000000	5.814	8.425	0.4135	0.1590	0.2130	0.2145	0.3644	0.1940	0.1717	0.2699	0.6311	1.7377	4.3044E-3	17.400	12.850	736.973
678000000	6.142	9.756	0.3881	0.1661	0.2253	0.2205	0.3493	0.1831	0.1867	0.2809	0.6267	1.7465	4.4023E-3	16.935	12.341	732.257
679000000	6.439	8.067	0.3833	0.1778	0.2142	0.2246	0.3531	0.1913	0.1744	0.2812	0.6188	1.7624	4.2612E-3	17.370	12.701	749.147
680000000	6.416	9.098	0.3984	0.1652	0.2140	0.2224	0.3562	0.1839	0.1646	0.2953	0.6316	1.7368	4.2801E-3	16.274	12.609	734.320
681000000	6.317	8.675	0.3952	0.1696	0.2068	0.2284	0.3621	0.1932	0.1679	0.2768	0.6164	1.7672	4.1404E-3	17.274	12.420	750.634
682000000	6.819	9.104	0.3804	0.1643	0.2238	0.2315	0.3558	0.1920	0.1736	0.2786	0.6311	1.7377	4.1977E-3	18.138	13.109	750.029
683000000	6.340	9.016	0.4096	0.1618	0.2109	0.2177	0.3537	0.1940	0.1740	0.2782	0.6118	1.7764	4.2915E-3	18.228	12.204	753.001
684000000	6.139	9.747	0.3975	0.1624	0.2062	0.2339	0.3526	0.1878	0.1788	0.2808	0.6156	1.7687	4.2723E-3	16.808	12.208	731.697
685000000	6.539	9.259	0.4027	0.1724	0.2036	0.2213	0.3470	0.2031	0.1714	0.2784	0.6340	1.7319	4.3662E-3	16.588	12.602	724.499
686000000	6.485	9.046	0.3981	0.1742	0.2131	0.2147	0.3583	0.1868	0.1890	0.2659	0.6366	1.7267	4.6434E-3	16.152	12.215	714.856
687000000	6.355	8.530	0.4034	0.1569	0.2216	0.2181	0.3487	0.1969	0.1797	0.2748	0.6149	1.7701	4.4419E-3	16.741	12.502	710.932
688000000	5.689	8.934	0.3968	0.1682	0.2104	0.2247	0.3544	0.1857	0.1850	0.2749	0.6345	1.7310	4.4412E-3	16.626	12.245	727.613
689000000	6.060	9.720	0.4043	0.1615	0.1979	0.2363	0.3570	0.1625	0.1861	0.2943	0.6188	1.7624	4.2664E-3	16.488	12.630	719.495
690000000	6.433	9.591	0.3926	0.1647	0.2175	0.2252	0.3569	0.1812	0.1742	0.2878	0.6229	1.7541	4.2599E-3	17.238	12.547	740.514
691000000	6.409	8.909	0.3939	0.1686	0.2208	0.2168	0.3621	0.1835	0.1819	0.2725	0.6066	1.7868	4.3392E-3	17.288	12.649	741.384
692000000	6.924	8.784	0.3868	0.1749	0.2117	0.2266	0.3621	0.1985	0.1726	0.2668	0.6224	1.7552	4.3193E-3	16.756	12.487	727.915
693000000	6.052	9.319	0.4014	0.1632	0.2106	0.2247	0.3499	0.1937	0.1822	0.2743	0.6122	1.7755	4.4687E-3	16.730	12.209	715.755
694000000	6.430	10.034	0.3918	0.1718	0.2128	0.2237	0.3565	0.1871	0.1742	0.2821	0.6239	1.7522	4.3171E-3	17.539	12.161	737.364
695000000	6.515	8.766	0.3989	0.1651	0.2068	0.2292	0.3642	0.1832	0.1805	0.2721	0.6305	1.7390	4.2706E-3	16.711	12.515	726.214
696000000	6.288	9.121	0.3982	0.1782	0.2065	0.2171	0.3504	0.1874	0.1865	0.2757	0.6216	1.7568	4.3594E-3	16.796	12.397	717.860
697000000	6.629	8.732	0.4054	0.1737	0.2002	0.2207	0.3399	0.1941	0.1762	0.2898	0.6206	1.7589	4.3594E-3	16.863	12.454	731.803
698000000	6.638	9.640	0.3960	0.1794	0.2134	0.2111	0.3603	0.1931	0.1774	0.2692	0.6200	1.7600	4.4053E-3	16.322	12.410	715.940
699000000	6.747	9.060	0.4025	0.1721	0.2127	0.2127	0.3637	0.1849	0.1832	0.2682	0.6261	1.7478	4.3983E-3	16.787	12.097	725.127
700000000	6.577	8.115	0.4024	0.1783	0.2012	0.2181	0.3547	0.1798	0.1853	0.2802	0.6219	1.7563	4.4334E-3	16.833	12.270	731.635
701000000	6.452	8.937	0.4075	0.1656	0.1986	0.2284	0.3521	0.1863	0.1810	0.2806	0.6074	1.7852	4.273E-3	16.497	12.649	734.752
702000000	6.290	8.876	0.3989	0.1669	0.2083	0.2258	0.3366	0.1977	0.1818	0.2839	0.6139	1.7721	4.1611E-3	17.455	12.212	736.986
703000000	6.814	8.547	0.3899	0.1764	0.2026	0.2311	0.3509	0.1858	0.1812	0.2821	0.6282	1.7436	4.3687E-3	16.384	11.899	720.941
704000000	6.329	8.629	0.4010	0.1598	0.2176	0.2216	0.3768	0.1751	0.1690	0.2791	0.6164	1.7672	4.345E-3	17.176	12.479	737.483
705000000	6.727	9.411	0.3995	0.1576	0.2202	0.2227	0.3717	0.1828	0.1798	0.2657	0.6274	1.7452	4.4748E-3	16.418	12.773	707.972
706000000	6.637	8.108	0.3953	0.1659	0.2134	0.2255	0.3652	0.1850	0.1802	0.2696	0.6238	1.7525	4.2488E-3	17.407	12.860	732.728
707000000	6.454	8.639	0.4007	0.1659	0.2200	0.2134	0.3755	0.1787	0.1701	0.2756	0.6412	1.7177	4.3478E-3	16.371	12.377	723.164
708000000	6.622	8.551	0.4050	0.1633	0.2180	0.2137	0.3554	0.1918	0.1747	0.2781	0.6165	1.7669	4.2835E-3	17.662	12.777	739.281
709000000	6.861	9.272	0.3943	0.1699	0.2171	0.2188	0.3725	0.1777	0.1799	0.2700	0.6361	1.7277	4.2368E-3	17.537	12.883	742.545
710000000	6.588	8.823	0.4007	0.1626	0.2146	0.2221	0.3513	0.1883	0.1859	0.2745	0.6154	1.7691	4.3818E-3	17.053	12.660	726.937
711000000	6.147	9.092	0.3817	0.1791	0.2104	0.2288	0.3426	0.1991	0.1774	0.2808	0.6098	1.7804	4.493E-3	15.704	13.055	723.437
712000000	6.396	8.927	0.3846	0.1890	0.2077	0.2187	0.3525	0.1972	0.1737	0.2765	0.6200	1.7600	4.2956E-3	16.120	12.450	714.373
713000000	6.267	8.531	0.4043	0.1592	0.2156	0.2210	0.3644	0.1912	0.1742	0.2702	0.6129	1.7742	4.2496E-3	16.678	13.072	739.702
714000000	6.047	8.711	0.3776	0.1687	0.2163	0.2374	0.3590	0.1762	0.1849	0.2799	0.6270	1.7460	4.4004E-3	16.669	12.497	721.609
715000000	7.004	8.800	0.3741	0.1841	0.2128	0.2290	0.3493	0.1776	0.1802	0.2929	0.6232	1.7535	4.3092E-3	16.464	11.865	736.271
716000000	7.158	8.823	0.3925	0.1710	0.2066	0.2299	0.3809	0.1834	0.1688	0.2669	0.6089	1.7822	4.2196E-3	17.731	12.864	745.317
717000000	6.448	8.948	0.3934	0.1752	0.2107	0.2207	0.3632	0.1893	0.1677	0.2798	0.6117	1.7766	4.3929E-3	16.756	12.183	725.177
718000000	6.198	8.650	0.3852	0.1602	0.2303	0.2243	0.3589	0.1830	0.1704	0.2876	0.6305	1.7390	4.5366E-3	15.791	12.535	696.977
719000000	6.852	8.698	0.3974	0.1676	0.1973	0.2377	0.3448	0.1843	0.1866	0.2843	0.6018	1.7964	4.4206E-3	16.654	12.059	709.844
720000000	6.875	8.596	0.3984	0.1595	0.2258	0.2163	0.3455	0.2053	0.1832	0.2661	0.6273	1.7454	4.437E-3	16.518	12.335	710.186
721000000	6.671	8.535	0.3837	0.1677	0.2118	0.2368	0.3630	0.1859	0.1797	0.2714	0.6021	1.7957	4.2506E-3	15.840	12.303	720.562
722000000	6.754	8.298	0.3984	0.1561	0.2169	0.2286	0.3570	0.1834	0.1796	0.2801	0.6216	1.7569	4.2456E-3	17.366	12.792	734.693
723000000	6.337	8.677	0.3976	0.1696	0.2114	0.2215	0.3619	0.1932	0.1706	0.2743	0.6254	1.7493	4.2518E-3	17.310	12.326	741.521
724000000	6.691	8.717	0.3864	0.1732	0.2220	0.2184	0.3495	0.2009	0.1715	0.2780	0.6343	1.7314	4.1693E-3	18.549	12.060	756.493
725000000	6.279	8.862	0.4101	0.1723	0.2135	0.2041	0.3568	0.1885	0.1764	0.2782	0.6337	1.7326	4.5536E-3	15.723	12.346	695.134
726000000	6.856	8.943	0.3977	0.1593	0.2214	0.2216	0.3524	0.1830	0.1881	0.2765	0.6067	1.7866	4.4316E-3	16.627	12.004	723.890
727000000	6.354	8.251	0.3824	0.1733	0.2205	0.2238	0.3537	0.1940	0.1893	0.2630	0.6240	1.7520	4.3287E-3	16.744	12.469	735.747
728000000	6.317	8.774	0.3857	0.1722	0.2166	0.2255	0.3547	0.1921	0.1757	0.2775	0.6135	1.7730	4.3322E-3	17.232	12.613	739.899
729000000	6.230	8.726	0.3856	0.1728	0.2106	0.2309	0.3486	0.1979	0.1840	0.2696	0.6046	1.7908	4.2599E-3	18.014	12.493	758.040
730000000	6.317	8.463	0.3940	0.1602	0.2185	0.2273	0.3525	0.1891	0.1765	0.2819	0.6254	1.7493	4.3327E-3	16.684	12.576	738.968
731000000	5.845	8.577	0.3996	0.1704	0.2148	0.2153	0.3449	0.1976	0.1780	0.2795	0.6150	1.7700	4.3179E-3	16.681	12.328	729.615
732000000	5.485	8.941	0.3929	0.1792	0.2202	0.2077	0.3617	0.1931	0.1823	0.2629	0.6312	1.7375	4.4552E-3	16.458	11.982	714.322
733000000	6.259	9.037	0.3940	0.1640	0.2206	0.2214	0.3584	0.1948	0.1767	0.2700	0.6156	1.7688	4.4805E-3	16.183	12.068	709.693
734000000	5.948	9.043	0.3894	0.1762	0.2088	0.2255	0.3535	0.1995	0.1752	0.2717	0.6274	1.7452	4.3504E-3	16.615	12.640	726.213
735000000	6.640	8.528	0.3950	0.1687	0.2110	0.2254	0.3654	0.1828	0.1766	0.2752	0.6300	1.7401	4.4405E-3	16.196	12.986	716.735
736000000	5.751	9.214	0.3993	0.1696	0.2096	0.2215	0.3562	0.1955	0.1817	0.2667	0.6258	1.7485	4.2865E-3	16.639	12.888	729.526
737000000	6.549	8.696	0.4053	0.1724	0.2069	0.2154	0.3584	0.1959	0.1822	0.2635	0.6168	1.7664	4.4269E-3	16.426	12.102	726.123
738000000	6.859	9.771	0.3878	0.1750	0.2086	0.2285	0.3553	0.1880	0.1708	0.2859	0.6214	1.7572	4.1841E-3	18.379	12.606	761.868
739000000	6.441	8.703	0.3958	0.1664	0.2009	0.2368	0.3570	0.1923	0.1810	0.2697	0.6259	1.7482	4.1446E-3	17.333	12.820	747.285
740000000	6.271	8.618	0.3938	0.1870	0.2175	0.2017	0.3550	0.1760	0.1887	0.2803	0.6304	1.7393	4.3322E-3	17.372	12.283	727.603
741000000	6.141	8.900	0.4118	0.1611	0.2119	0.2152	0.3548	0.1881	0.1793	0.2778	0.6134	1.7731	4.4233E-3	15.953	12.414	718.258
742000000	6.235	9.107	0.3984	0.1640	0.2150	0.2226	0.3592	0.1824	0.1948	0.2637	0.6278	1.7444	4.4288E-3	15.935	12.700	704.646
743000000	6.507	9.181	0.4073	0.1611	0.2013	0.2304	0.3513	0.1796	0.1767	0.2924	0.5965	1.8070	4.2723E-3	17.153	12.436	731.079
744000000	6.523	8.652	0.3842	0.1737	0.2117	0.2304	0.3435	0.1984	0.1762	0.2819	0.6115	1.7770	4.1786E-3	16.517	12.780	737.617
745000000	6.618	9.613	0.3894	0.1772	0.2131	0.2202	0.3470	0.2013	0.1704	0.2814	0.6016	1.7968	4.1047E-3	19.024	12.563	779.264
746000000	6.229	9.673	0.3979	0.1708	0.2030	0.2282	0.3666	0.1901	0.1663	0.2770	0.6210	1.7580	4.2105E-3	17.277	12.424	748.751
747000000	5.553	9.377	0.3929	0.1702	0.2120	0.2249	0.3592	0.1814	0.1802	0.2792	0.6212	1.7575	4.1671E-3	17.888	12.576	759.853
748000000	6.569	9.052	0.3938	0.1712	0.2195	0.2155	0.3516	0.1827	0.1812	0.2845	0.6171	1.7657	4.3521E-3	16.177	12.573	722.864
749000000	6.461	8.935	0.4015	0.1601	0.2170	0.2213	0.3496	0.1976	0.1818	0.2710	0.6215	1.7571	4.2705E-3	17.308	13.016	740.776
750000000	6.440	9.489	0.3989	0.1600	0.2119	0.2292	0.3446	0.1943	0.1824	0.2788	0.6031	1.7939	4.2485E-3	17.105	12.646	737.038
751000000	6.647	8.954	0.4062	0.1633	0.2103	0.2202	0.3687	0.1787	0.1757	0.2769	0.6235	1.7530	4.3048E-3	16.391	12.714	723.834
752000000	6.070	9.115	0.3917	0.1772	0.2102	0.2209	0.3668	0.1810	0.1832	0.2690	0.6129	1.7741	4.4064E-3	17.140	12.575	740.019
753000000	6.287	8.726	0.3968	0.1714	0.2139	0.2179	0.3659	0.1789	0.1704	0.2848	0.6361	1.7278	4.3893E-3	16.335	12.561	718.847
754000000	5.796	8.268	0.4057	0.1785	0.2113	0.2045	0.3616	0.1854	0.1877	0.2653	0.6261	1.7478	4.5772E-3	15.566	11.929	699.357
755000000	6.072	9.531	0.4019	0.1816	0.1959	0.2205	0.3548	0.1860	0.1737	0.2854	0.6126	1.7748	4.2491E-3	16.511	12.798	741.883
756000000	6.643	9.006	0.4026	0.1593	0.2142	0.2239	0.3545	0.1920	0.1844	0.2691	0.6208	1.7584	4.2758E-3	17.085	12.602	745.978
757000000	6.480	8.936	0.3984	0.1636	0.2239	0.2141	0.3429	0.2037	0.1742	0.2793	0.6114	1.7771	4.3017E-3	17.220	12.601	724.232
758000000	6.485	8.475	0.3813	0.1764	0.2126	0.2298	0.3472	0.1966	0.1741	0.2821	0.6243	1.7513	4.3949E-3	15.987	12.618	723.822
759000000	6.787	9.381	0.3936	0.1686	0.2160	0.2217	0.3628	0.1888	0.1804	0.2680	0.6060	1.7880	4.4623E-3	16.051	12.460	719.553
760000000	6.533	8.670	0.3973	0.1599	0.2145	0.2282	0.3597	0.1989	0.1688	0.2725	0.6201	1.7598	4.328E-3	16.312	12.683	727.303
761000000	6.347	9.340	0.3823	0.1654	0.2237	0.2286	0.3616	0.1834	0.1777	0.2772	0.6069	1.7862	4.256E-3	16.664	12.087	732.877
762000000	6.410	8.502	0.3944	0.1674	0.2141	0.2241	0.3472	0.1900	0.1848	0.2780	0.6135	1.7730	4.3188E-3	17.061	12.452	726.124
763000000	6.564	8.968	0.3881	0.1676	0.2088	0.2356	0.3458	0.1876	0.1824	0.2842	0.6012	1.7976	4.3642E-3	17.052	12.888	726.758
764000000	6.698	8.602	0.3965	0.1599	0.2229	0.2206	0.3499	0.1918	0.1849	0.2733	0.6080	1.7839	4.434E-3	18.044	12.331	735.308
765000000	5.839	8.219	0.4074	0.1581	0.2136	0.2209	0.3380	0.1929	0.1885	0.2806	0.6373	1.7254	4.2833E-3	17.712	12.800	740.583
766000000	6.505	9.653	0.3973	0.1621	0.2294	0.2113	0.3573	0.1907	0.1786	0.2734	0.6307	1.7385	4.3297E-3	17.405	12.158	729.884
767000000	6.233	7.931	0.4056	0.1681	0.2029	0.2233	0.3393	0.1869	0.1824	0.2914	0.6209	1.7581	4.2756E-3	17.679	12.835	750.159
768000000	6.613	8.584	0.3837	0.1691	0.2179	0.2293	0.3475	0.1962	0.1788	0.2775	0.6218	1.7564	4.3233E-3	16.585	12.510	722.414
769000000	6.193	10.152	0.3880	0.1765	0.2172	0.2183	0.3545	0.1896	0.1861	0.2697	0.6245	1.7511	4.2556E-3	17.027	12.172	723.695
770000000	6.649	8.820	0.3989	0.1668	0.2222	0.2122	0.3564	0.1785	0.1828	0.2823	0.6066	1.7867	4.3994E-3	15.554	12.451	712.246
771000000	5.886	8.874	0.3931	0.1626	0.2189	0.2254	0.3428	0.1947	0.1872	0.2754	0.6125	1.7750	4.526E-3	16.807	12.300	713.270
772000000	6.792	8.973	0.4133	0.1670	0.2071	0.2125	0.3545	0.1853	0.1769	0.2832	0.6031	1.7938	4.2465E-3	16.819	13.451	737.239
773000000	6.297	8.818	0.4024	0.1712	0.2151	0.2113	0.3690	0.1812	0.1740	0.2757	0.5988	1.8023	4.395E-3	16.475	12.495	718.857
774000000	6.281	8.889	0.3956	0.1733	0.2204	0.2106	0.3629	0.1909	0.1826	0.2635	0.6082	1.7836	4.4292E-3	17.268	12.519	732.917
775000000	6.714	8.915	0.3913	0.1752	0.2192	0.2143	0.3647	0.1902	0.1735	0.2716	0.6144	1.7712	4.2937E-3	17.575	12.729	747.561
776000000	6.995	8.416	0.3929	0.1709	0.2184	0.2178	0.3665	0.1903	0.1812	0.2619	0.6097	1.7806	4.3863E-3	16.175	12.522	718.789
777000000	6.322	9.196	0.3995	0.1664	0.2116	0.2224	0.3501	0.1952	0.1768	0.2779	0.6282	1.7436	4.2378E-3	17.321	12.804	734.483
778000000	6.184	8.718	0.3899	0.1740	0.2126	0.2235	0.3540	0.1939	0.1938	0.2583	0.6078	1.7845	4.4652E-3	16.287	12.963	731.236
779000000	6.650	9.007	0.3994	0.1660	0.2180	0.2166	0.3576	0.1928	0.1656	0.2841	0.6417	1.7166	4.464E-3	16.469	12.445	703.838
780000000	6.123	8.652	0.3953	0.1681	0.2063	0.2302	0.3501	0.1854	0.1790	0.2855	0.6154	1.7692	4.4581E-3	16.471	12.519	713.897
781000000	5.725	9.405	0.3956	0.1697	0.2168	0.2179	0.3644	0.1835	0.1791	0.2729	0.6061	1.7878	4.2788E-3	16.648	12.981	727.626
782000000	5.886	9.014	0.4021	0.1703	0.2021	0.2254	0.3639	0.1785	0.1786	0.2790	0.6203	1.7594	4.3638E-3	16.154	12.139	710.722
783000000	6.385	8.613	0.3888	0.1749	0.2063	0.2300	0.3483	0.1918	0.1878	0.2721	0.6377	1.7246	4.4931E-3	15.037	12.020	703.110
784000000	6.559	9.052	0.4065	0.1725	0.2052	0.2157	0.3482	0.1977	0.1789	0.2751	0.6173	1.7654	4.2484E-3	16.509	11.941	735.332
785000000	6.699	8.920	0.4064	0.1586	0.2116	0.2234	0.3487	0.1881	0.1793	0.2839	0.6357	1.7286	4.3753E-3	16.303	12.253	728.776
786000000	6.462	8.556	0.4209	0.1591	0.1939	0.2260	0.3579	0.1933	0.1783	0.2706	0.6054	1.7892	4.3238E-3	16.614	12.449	725.998
787000000	6.349	9.709	0.3988	0.1678	0.2155	0.2178	0.3533	0.1865	0.1780	0.2823	0.6243	1.7514	4.2626E-3	17.802	12.241	740.552
788000000	6.148	8.847	0.3981	0.1744	0.2075	0.2200	0.3482	0.1952	0.1805	0.2760	0.6237	1.7525	4.3674E-3	16.683	12.643	728.605
789000000	6.301	8.949	0.3779	0.1842	0.2113	0.2266	0.3412	0.1845	0.1859	0.2884	0.6309	1.7382	4.4585E-3	16.284	12.533	709.958
790000000	6.635	10.017	0.3953	0.1714	0.2065	0.2269	0.3491	0.2082	0.1712	0.2714	0.6306	1.7387	4.3168E-3	16.064	12.534	725.729
791000000	6.500	8.842	0.3915	0.1697	0.2159	0.2229	0.3711	0.1784	0.1727	0.2778	0.6270	1.7461	4.3443E-3	16.861	12.499	735.563
792000000	7.119	8.990	0.3973	0.1739	0.1988	0.2300	0.3635	0.1797	0.1761	0.2806	0.6229	1.7543	4.342E-3	16.711	12.432	720.731
793000000	6.084	8.146	0.3774	0.1761	0.2243	0.2222	0.3666	0.1948	0.1712	0.2674	0.6286	1.7429	4.352E-3	17.116	12.276	732.152
794000000	6.091	8.937	0.4019	0.1724	0.2034	0.2222	0.3515	0.1846	0.1834	0.2805	0.6196	1.7608	4.3594E-3	16.511	12.094	717.486
795000000	6.056	9.301	0.3842	0.1730	0.2110	0.2318	0.3549	0.1886	0.1796	0.2768	0.6418	1.7164	4.3206E-3	17.102	12.625	738.680
796000000	6.072	8.684	0.3919	0.1685	0.2215	0.2181	0.3442	0.1974	0.1697	0.2888	0.6221	1.7558	4.3238E-3	16.145	12.366	727.393
797000000	6.275	8.694	0.4001	0.1756	0.1899	0.2344	0.3636	0.1792	0.1819	0.2752	0.6064	1.7872	4.3841E-3	15.873	12.059	706.642
798000000	6.315	10.076	0.4003	0.1656	0.2099	0.2243	0.3572	0.1926	0.1628	0.2875	0.6352	1.7295	4.3097E-3	16.770	11.988	730.834
799000000	5.944	9.242	0.3878	0.1764	0.2104	0.2253	0.3481	0.1851	0.1759	0.2910	0.6207	1.7586	4.3916E-3	15.746	12.303	711.857
800000000	6.767	9.415	0.3877	0.1655	0.2126	0.2342	0.3705	0.1869	0.1778	0.2649	0.6309	1.7383	4.39E-3	16.133	12.907	711.212
