state	cp12.kappa	cp3.kappa	cp12.frequencies1	cp12.frequencies2	cp12.frequencies3	cp12.frequencies4	cp3.frequencies1	cp3.frequencies2	cp3.frequencies3	cp3.frequencies4	cp12.mu	cp3.mu	clock.rate	constant.popSize	rootHeight	treeLength
1000000	6.529	9.261	0.3803	0.1722	0.2102	0.2372	0.3600	0.1930	0.1778	0.2692	0.6175	1.7649	4.3376E-3	16.854	12.238	732.670
2000000	6.589	8.586	0.3889	0.1703	0.2249	0.2159	0.3457	0.1892	0.1751	0.2900	0.6005	1.7990	4.2403E-3	16.411	12.622	737.097
3000000	6.577	9.161	0.3953	0.1719	0.2196	0.2132	0.3581	0.1754	0.1814	0.2851	0.6358	1.7284	4.3012E-3	16.203	12.959	721.794
4000000	6.553	8.711	0.3846	0.1684	0.2083	0.2387	0.3441	0.1923	0.1802	0.2834	0.6425	1.7150	4.4302E-3	16.326	13.359	725.189
5000000	6.490	8.823	0.3923	0.1737	0.2134	0.2206	0.3375	0.1846	0.1942	0.2836	0.6230	1.7540	4.4214E-3	16.950	12.474	728.145
6000000	6.636	8.842	0.3874	0.1774	0.2022	0.2330	0.3617	0.1830	0.1791	0.2763	0.6300	1.7401	4.3866E-3	17.053	12.768	726.029
7000000	6.412	9.831	0.3822	0.1781	0.2143	0.2254	0.3488	0.1868	0.1718	0.2926	0.6416	1.7169	4.3353E-3	16.425	12.429	709.692
8000000	6.407	8.918	0.3939	0.1731	0.2110	0.2220	0.3621	0.1879	0.1780	0.2720	0.6302	1.7397	4.4609E-3	15.823	12.597	717.037
9000000	5.865	8.846	0.3903	0.1656	0.2160	0.2281	0.3519	0.1972	0.1712	0.2797	0.6373	1.7253	4.1563E-3	18.845	12.720	761.364
10000000	6.829	9.276	0.4007	0.1594	0.2184	0.2214	0.3500	0.1951	0.1821	0.2728	0.6363	1.7274	4.1404E-3	18.042	12.479	763.285
11000000	6.116	9.043	0.3892	0.1724	0.2119	0.2265	0.3457	0.1876	0.1849	0.2818	0.6288	1.7424	4.4483E-3	15.216	12.626	703.238
12000000	6.343	8.741	0.4005	0.1745	0.2124	0.2127	0.3453	0.2018	0.1793	0.2736	0.6021	1.7957	4.5283E-3	15.785	12.161	705.615
13000000	6.608	8.212	0.3794	0.1800	0.2084	0.2322	0.3641	0.1888	0.1794	0.2676	0.6198	1.7605	4.3869E-3	16.530	12.261	725.695
14000000	5.621	8.962	0.3864	0.1691	0.2146	0.2299	0.3460	0.1935	0.1830	0.2775	0.6233	1.7534	4.4458E-3	15.600	12.318	696.201
15000000	6.194	8.900	0.3949	0.1732	0.2020	0.2298	0.3463	0.1958	0.1754	0.2824	0.6212	1.7576	4.3391E-3	15.766	12.196	706.558
16000000	6.450	8.867	0.3899	0.1700	0.2236	0.2165	0.3557	0.2014	0.1768	0.2661	0.6145	1.7710	4.3832E-3	16.880	12.394	734.947
17000000	6.846	8.122	0.3819	0.1697	0.2169	0.2315	0.3493	0.1916	0.1881	0.2710	0.6186	1.7628	4.3921E-3	15.780	12.177	712.870
18000000	5.369	8.051	0.4083	0.1573	0.2133	0.2212	0.3565	0.2037	0.1693	0.2705	0.6172	1.7655	4.2545E-3	17.287	12.854	735.522
19000000	6.504	9.093	0.3958	0.1749	0.2149	0.2144	0.3506	0.1893	0.1780	0.2822	0.6124	1.7752	4.3841E-3	16.522	12.412	724.765
20000000	6.180	9.056	0.3916	0.1684	0.2106	0.2294	0.3665	0.1859	0.1812	0.2664	0.6158	1.7685	4.2656E-3	16.742	12.004	723.612
21000000	6.331	9.071	0.3911	0.1645	0.2163	0.2282	0.3711	0.1913	0.1793	0.2582	0.6211	1.7577	4.6246E-3	16.128	12.141	696.324
22000000	6.418	9.444	0.3874	0.1675	0.2141	0.2311	0.3516	0.1904	0.1847	0.2733	0.6212	1.7576	4.3277E-3	16.901	12.769	737.461
23000000	6.253	7.651	0.3710	0.1673	0.2321	0.2296	0.3682	0.1803	0.1896	0.2619	0.6208	1.7584	4.244E-3	16.765	11.999	730.246
24000000	5.829	9.488	0.3815	0.1764	0.2133	0.2288	0.3626	0.1810	0.1825	0.2739	0.6135	1.7731	4.2784E-3	16.843	11.915	734.415
25000000	6.288	8.940	0.3981	0.1679	0.2150	0.2190	0.3461	0.1841	0.2026	0.2672	0.6068	1.7864	4.2446E-3	16.981	12.699	737.493
26000000	6.641	8.804	0.3866	0.1739	0.2057	0.2339	0.3506	0.1944	0.1712	0.2838	0.6066	1.7869	4.4944E-3	14.939	12.199	690.794
27000000	6.771	8.287	0.3919	0.1724	0.2071	0.2286	0.3461	0.1911	0.1850	0.2777	0.6339	1.7322	4.3953E-3	15.638	12.280	710.209
28000000	6.199	9.843	0.3906	0.1713	0.2139	0.2242	0.3391	0.1955	0.1864	0.2790	0.6268	1.7464	4.3034E-3	16.816	12.682	737.786
29000000	6.131	8.833	0.3791	0.1708	0.2130	0.2371	0.3613	0.1920	0.1688	0.2780	0.6258	1.7483	4.4474E-3	15.300	12.418	706.405
30000000	6.229	8.696	0.3875	0.1820	0.2195	0.2110	0.3523	0.1882	0.1778	0.2817	0.6265	1.7469	4.3904E-3	15.708	12.852	706.686
31000000	5.845	9.144	0.4138	0.1478	0.2135	0.2250	0.3686	0.1780	0.1800	0.2734	0.6328	1.7344	4.3836E-3	15.827	12.176	717.714
32000000	6.922	9.409	0.4037	0.1671	0.2033	0.2259	0.3454	0.1901	0.1727	0.2917	0.6092	1.7815	4.4446E-3	16.370	12.812	718.736
33000000	5.651	8.928	0.3823	0.1833	0.2197	0.2147	0.3474	0.2044	0.1833	0.2649	0.6096	1.7808	4.4168E-3	16.434	12.214	729.849
34000000	6.452	9.308	0.4041	0.1701	0.2144	0.2114	0.3622	0.1886	0.1854	0.2637	0.6150	1.7699	4.3782E-3	17.422	12.548	733.310
35000000	6.631	9.665	0.3972	0.1755	0.2144	0.2130	0.3467	0.1898	0.1878	0.2757	0.6199	1.7603	4.4413E-3	16.985	12.054	725.659
36000000	6.180	9.490	0.3940	0.1697	0.2081	0.2283	0.3504	0.1831	0.1851	0.2814	0.6079	1.7841	4.5109E-3	16.444	12.718	725.140
37000000	6.885	8.342	0.3818	0.1772	0.2192	0.2219	0.3632	0.1861	0.1758	0.2749	0.6482	1.7036	4.2074E-3	17.566	12.270	749.208
38000000	6.298	8.670	0.3869	0.1734	0.2151	0.2245	0.3524	0.1905	0.1814	0.2757	0.6287	1.7426	4.3695E-3	17.216	12.109	722.415
39000000	6.035	8.210	0.4046	0.1762	0.2101	0.2091	0.3414	0.1946	0.1864	0.2775	0.6065	1.7869	4.3979E-3	15.542	12.614	717.963
40000000	5.739	9.278	0.3935	0.1729	0.2090	0.2246	0.3656	0.1856	0.1875	0.2613	0.6300	1.7400	4.3856E-3	16.451	12.340	715.210
41000000	6.198	9.389	0.4082	0.1641	0.2152	0.2125	0.3573	0.1855	0.1803	0.2769	0.6338	1.7325	4.4046E-3	15.953	12.535	711.971
42000000	6.598	7.915	0.3944	0.1678	0.2212	0.2166	0.3478	0.1965	0.1852	0.2705	0.6182	1.7636	4.4371E-3	16.483	12.301	715.130
43000000	6.390	9.336	0.4057	0.1613	0.2041	0.2288	0.3521	0.1947	0.1749	0.2783	0.6160	1.7680	4.1693E-3	18.526	12.653	746.173
44000000	6.674	9.789	0.4001	0.1794	0.2058	0.2146	0.3680	0.1840	0.1743	0.2737	0.6079	1.7842	4.3337E-3	16.528	12.703	727.705
45000000	6.535	8.730	0.3803	0.1667	0.2182	0.2348	0.3627	0.1776	0.1806	0.2791	0.6136	1.7729	4.3941E-3	15.825	13.107	716.826
46000000	6.517	9.797	0.3840	0.1653	0.2097	0.2410	0.3533	0.1895	0.1719	0.2854	0.6123	1.7754	4.1668E-3	17.464	12.421	738.813
47000000	5.987	8.987	0.3873	0.1615	0.2161	0.2350	0.3454	0.2004	0.1846	0.2696	0.6254	1.7492	4.3317E-3	16.177	12.355	729.536
48000000	6.647	8.960	0.4006	0.1609	0.2101	0.2284	0.3649	0.1791	0.1759	0.2801	0.6314	1.7371	4.3214E-3	17.652	12.686	748.169
49000000	6.289	9.362	0.3969	0.1680	0.2092	0.2259	0.3473	0.1966	0.1713	0.2849	0.6134	1.7731	4.3012E-3	17.232	12.560	738.437
50000000	6.029	8.554	0.3866	0.1708	0.2195	0.2231	0.3490	0.1952	0.1826	0.2732	0.6270	1.7460	4.4544E-3	16.577	12.393	721.854
51000000	5.981	8.735	0.4007	0.1741	0.2078	0.2175	0.3450	0.1964	0.1753	0.2833	0.6379	1.7241	4.4081E-3	16.975	12.860	717.216
52000000	6.321	9.125	0.3882	0.1722	0.2167	0.2228	0.3491	0.1961	0.1793	0.2754	0.6111	1.7778	4.4126E-3	15.765	12.564	716.111
53000000	5.922	9.004	0.3793	0.1716	0.2139	0.2352	0.3648	0.1872	0.1740	0.2740	0.6330	1.7340	4.2598E-3	16.455	12.297	716.514
54000000	6.726	9.049	0.4080	0.1541	0.2016	0.2363	0.3583	0.1924	0.1779	0.2714	0.6087	1.7827	4.3328E-3	16.788	12.431	719.713
55000000	6.136	8.785	0.3991	0.1596	0.2171	0.2242	0.3745	0.1931	0.1710	0.2614	0.6204	1.7592	4.3182E-3	16.879	13.154	730.523
56000000	6.736	9.069	0.3829	0.1620	0.2296	0.2255	0.3459	0.1985	0.1833	0.2722	0.5941	1.8117	4.2673E-3	16.739	12.536	728.713
57000000	6.491	8.247	0.3913	0.1558	0.2234	0.2295	0.3437	0.1969	0.1810	0.2784	0.6152	1.7697	4.398E-3	16.715	12.070	722.399
58000000	6.893	9.105	0.4022	0.1703	0.2111	0.2163	0.3458	0.1931	0.1824	0.2787	0.6203	1.7594	4.2217E-3	17.531	12.579	739.403
59000000	6.866	10.434	0.3808	0.1741	0.2171	0.2279	0.3488	0.1799	0.1814	0.2900	0.6377	1.7246	4.2182E-3	17.229	12.538	738.546
60000000	6.184	9.566	0.3717	0.1732	0.2213	0.2338	0.3576	0.1914	0.1769	0.2740	0.6240	1.7521	4.3631E-3	17.080	12.215	729.778
61000000	6.482	9.635	0.4016	0.1657	0.2066	0.2261	0.3540	0.1822	0.1821	0.2816	0.6285	1.7429	4.2221E-3	17.195	12.746	751.933
62000000	6.257	9.409	0.3958	0.1572	0.2154	0.2317	0.3411	0.1901	0.1899	0.2789	0.6261	1.7479	4.4528E-3	15.890	13.126	714.807
63000000	6.744	8.596	0.3956	0.1711	0.2137	0.2196	0.3501	0.1869	0.1894	0.2736	0.6298	1.7403	4.3489E-3	16.348	12.351	722.121
64000000	6.376	8.232	0.4020	0.1605	0.2057	0.2318	0.3620	0.1845	0.1761	0.2774	0.6153	1.7694	4.3599E-3	16.821	13.173	730.978
65000000	6.014	8.958	0.3910	0.1586	0.2182	0.2322	0.3512	0.1932	0.1812	0.2743	0.6186	1.7628	4.4732E-3	16.508	12.767	719.483
66000000	6.707	8.318	0.3755	0.1701	0.2281	0.2263	0.3602	0.1915	0.1856	0.2627	0.6338	1.7323	4.418E-3	16.311	12.545	724.924
67000000	6.202	8.963	0.4027	0.1539	0.2154	0.2279	0.3622	0.1876	0.1795	0.2708	0.6116	1.7767	4.4211E-3	16.370	12.290	720.958
68000000	6.260	8.623	0.3901	0.1703	0.2206	0.2190	0.3617	0.1962	0.1778	0.2643	0.6118	1.7763	4.2886E-3	16.369	12.596	740.937
69000000	6.286	9.506	0.3876	0.1794	0.2124	0.2207	0.3527	0.1966	0.1810	0.2697	0.6282	1.7436	4.4204E-3	16.066	12.755	719.524
70000000	6.135	8.959	0.3945	0.1615	0.2304	0.2135	0.3492	0.2017	0.1733	0.2758	0.6129	1.7742	4.3811E-3	16.823	12.194	728.948
71000000	6.314	8.532	0.3973	0.1718	0.2137	0.2173	0.3607	0.1912	0.1879	0.2602	0.6127	1.7745	4.4077E-3	16.571	12.575	724.422
72000000	6.289	9.273	0.3927	0.1636	0.2268	0.2170	0.3557	0.1903	0.1829	0.2711	0.6087	1.7826	4.1933E-3	17.998	12.369	759.967
73000000	6.989	9.153	0.4010	0.1664	0.2102	0.2224	0.3585	0.1899	0.1778	0.2738	0.6241	1.7518	4.4598E-3	16.505	12.414	718.694
74000000	6.437	8.057	0.3997	0.1689	0.2215	0.2099	0.3487	0.2002	0.1603	0.2908	0.6184	1.7633	4.3837E-3	16.469	13.037	739.103
75000000	6.201	9.010	0.3998	0.1612	0.2166	0.2225	0.3489	0.1829	0.1788	0.2894	0.6104	1.7793	4.1735E-3	17.796	12.427	735.802
76000000	6.667	8.674	0.3782	0.1834	0.2173	0.2212	0.3615	0.1994	0.1623	0.2767	0.6353	1.7293	4.3412E-3	17.013	13.138	734.763
77000000	6.124	8.754	0.3977	0.1604	0.2206	0.2214	0.3535	0.1781	0.1903	0.2780	0.6143	1.7713	4.3179E-3	17.979	12.458	744.099
78000000	5.909	8.855	0.3962	0.1717	0.2122	0.2199	0.3479	0.1882	0.1801	0.2838	0.6120	1.7760	4.1426E-3	17.046	12.560	735.418
79000000	6.933	8.880	0.3741	0.1736	0.2192	0.2330	0.3651	0.1888	0.1787	0.2673	0.6140	1.7720	4.6662E-3	14.786	12.399	685.820
80000000	6.869	9.041	0.3961	0.1670	0.2172	0.2197	0.3586	0.1950	0.1708	0.2757	0.6332	1.7336	4.4487E-3	16.403	11.974	723.968
81000000	6.959	9.343	0.4075	0.1553	0.2133	0.2239	0.3450	0.2045	0.1761	0.2744	0.6135	1.7730	4.377E-3	16.452	12.799	727.787
82000000	6.295	9.217	0.4079	0.1622	0.2092	0.2207	0.3359	0.1924	0.1827	0.2890	0.6305	1.7390	4.3902E-3	16.163	12.589	713.236
83000000	6.064	9.259	0.3980	0.1671	0.2243	0.2106	0.3469	0.1991	0.1895	0.2644	0.6195	1.7610	4.5137E-3	16.337	12.501	708.595
84000000	5.817	8.867	0.3887	0.1525	0.2180	0.2408	0.3616	0.1996	0.1742	0.2646	0.6233	1.7535	4.4398E-3	15.926	12.629	703.149
85000000	6.333	10.000	0.3932	0.1670	0.2219	0.2179	0.3418	0.2005	0.1813	0.2764	0.6135	1.7729	4.5485E-3	15.121	12.214	702.957
86000000	6.299	8.543	0.3940	0.1788	0.2148	0.2124	0.3665	0.1915	0.1819	0.2602	0.6508	1.6984	4.4935E-3	15.566	11.866	696.780
87000000	6.567	8.874	0.4015	0.1691	0.2202	0.2091	0.3513	0.1916	0.1843	0.2728	0.6093	1.7815	4.5759E-3	14.431	11.777	678.115
88000000	5.918	8.645	0.3994	0.1553	0.2223	0.2231	0.3586	0.1909	0.1864	0.2641	0.6220	1.7559	4.317E-3	15.874	12.229	724.174
89000000	6.439	9.373	0.3977	0.1677	0.2194	0.2152	0.3476	0.2042	0.1785	0.2697	0.6090	1.7820	4.419E-3	15.966	12.302	704.241
90000000	6.277	9.115	0.4136	0.1655	0.2110	0.2099	0.3524	0.1905	0.1823	0.2749	0.6026	1.7949	4.2519E-3	16.916	12.287	734.851
91000000	5.917	9.499	0.3925	0.1694	0.2145	0.2235	0.3486	0.1876	0.1915	0.2723	0.6076	1.7847	4.2696E-3	17.490	12.504	742.514
92000000	6.668	8.775	0.3840	0.1679	0.2103	0.2378	0.3534	0.1999	0.1723	0.2743	0.6290	1.7420	4.223E-3	17.857	12.656	748.149
93000000	6.170	9.343	0.3874	0.1675	0.2207	0.2243	0.3519	0.1903	0.1792	0.2787	0.6180	1.7639	4.1971E-3	17.257	12.774	739.346
94000000	6.529	8.619	0.4014	0.1595	0.2160	0.2231	0.3590	0.1944	0.1686	0.2779	0.6274	1.7452	4.3504E-3	16.917	12.357	723.306
95000000	6.080	8.544	0.4088	0.1586	0.2179	0.2146	0.3585	0.1844	0.1759	0.2812	0.6297	1.7405	4.1091E-3	17.292	12.905	746.753
96000000	6.167	8.639	0.4026	0.1610	0.2127	0.2236	0.3680	0.1885	0.1827	0.2608	0.6276	1.7448	4.4568E-3	16.280	12.414	720.250
97000000	6.556	8.664	0.3993	0.1606	0.2109	0.2292	0.3613	0.1963	0.1757	0.2667	0.6250	1.7499	4.2238E-3	17.261	12.376	744.097
98000000	6.099	8.434	0.4001	0.1636	0.2202	0.2161	0.3481	0.1885	0.1787	0.2847	0.6416	1.7169	4.1955E-3	18.529	12.860	762.496
99000000	6.316	8.900	0.3837	0.1655	0.2258	0.2250	0.3453	0.1920	0.1860	0.2767	0.6291	1.7418	4.482E-3	16.561	12.888	726.792
100000000	6.255	9.022	0.3967	0.1717	0.2033	0.2283	0.3529	0.1812	0.1835	0.2823	0.6240	1.7520	4.2256E-3	16.822	12.494	732.756
101000000	6.489	8.938	0.3903	0.1665	0.2240	0.2192	0.3622	0.1938	0.1844	0.2596	0.6206	1.7588	4.3502E-3	16.024	12.277	714.490
102000000	6.137	9.389	0.3768	0.1736	0.2240	0.2256	0.3505	0.1787	0.1833	0.2874	0.6226	1.7548	4.4184E-3	16.908	12.454	723.797
103000000	6.420	8.814	0.3933	0.1708	0.2192	0.2167	0.3523	0.1841	0.1872	0.2763	0.6263	1.7475	4.2344E-3	16.417	12.693	724.893
104000000	6.547	9.205	0.3996	0.1530	0.2103	0.2371	0.3492	0.1941	0.1723	0.2845	0.6147	1.7706	4.3632E-3	16.817	12.440	731.059
105000000	6.279	8.598	0.4015	0.1588	0.2236	0.2161	0.3536	0.1893	0.1775	0.2797	0.6318	1.7364	4.3626E-3	17.686	12.321	728.809
106000000	6.026	9.403	0.4012	0.1601	0.2123	0.2264	0.3569	0.1898	0.1762	0.2772	0.6284	1.7431	4.159E-3	18.613	12.740	764.127
107000000	6.086	7.810	0.4060	0.1639	0.2195	0.2107	0.3479	0.1910	0.1769	0.2842	0.6281	1.7439	4.2133E-3	18.497	12.477	751.429
108000000	6.587	9.608	0.3869	0.1630	0.2293	0.2209	0.3431	0.1917	0.1709	0.2943	0.6019	1.7962	4.3453E-3	17.268	13.200	741.268
109000000	6.120	8.720	0.3944	0.1694	0.2134	0.2228	0.3559	0.1949	0.1778	0.2714	0.6033	1.7934	4.1846E-3	16.951	12.619	741.780
110000000	6.356	9.009	0.3753	0.1696	0.2237	0.2314	0.3640	0.1917	0.1781	0.2662	0.6153	1.7694	4.3065E-3	15.944	12.454	721.769
111000000	6.688	8.603	0.3815	0.1743	0.2173	0.2269	0.3539	0.1850	0.1791	0.2821	0.6309	1.7382	4.3152E-3	16.387	12.682	728.005
112000000	6.070	8.440	0.3865	0.1780	0.2150	0.2206	0.3415	0.1821	0.1803	0.2961	0.6226	1.7547	4.3947E-3	15.880	12.684	718.212
113000000	6.470	8.756	0.3923	0.1825	0.2085	0.2167	0.3583	0.1818	0.1831	0.2768	0.6277	1.7445	4.336E-3	16.599	12.457	727.698
114000000	6.520	8.365	0.3924	0.1602	0.2137	0.2337	0.3494	0.1901	0.1793	0.2813	0.6282	1.7436	4.5075E-3	15.749	12.382	710.342
115000000	7.060	9.088	0.3838	0.1670	0.2142	0.2350	0.3659	0.1837	0.1777	0.2727	0.6541	1.6918	4.4384E-3	15.406	12.749	700.913
116000000	6.434	8.879	0.3905	0.1773	0.1966	0.2356	0.3497	0.1863	0.1956	0.2684	0.6122	1.7757	4.4037E-3	16.303	12.963	708.232
117000000	6.397	8.843	0.4084	0.1574	0.2062	0.2280	0.3495	0.1939	0.1916	0.2649	0.6252	1.7495	4.5152E-3	16.069	12.357	716.201
118000000	6.529	8.368	0.3899	0.1675	0.2167	0.2259	0.3379	0.1950	0.1782	0.2889	0.6230	1.7539	4.5588E-3	15.654	12.500	710.527
119000000	6.825	9.280	0.4062	0.1656	0.1987	0.2296	0.3558	0.1960	0.1756	0.2726	0.6274	1.7451	4.2995E-3	16.457	12.392	732.093
120000000	6.429	9.227	0.3955	0.1686	0.2223	0.2136	0.3559	0.1816	0.1863	0.2761	0.6143	1.7714	4.424E-3	16.297	12.344	718.219
121000000	6.253	9.027	0.3911	0.1773	0.2110	0.2206	0.3417	0.1983	0.1760	0.2840	0.6304	1.7392	4.3925E-3	16.280	12.329	724.495
122000000	6.498	9.116	0.3997	0.1727	0.2143	0.2133	0.3665	0.1839	0.1667	0.2830	0.6222	1.7555	4.2798E-3	17.521	12.345	737.482
123000000	6.583	8.565	0.3964	0.1710	0.2151	0.2175	0.3557	0.1994	0.1705	0.2744	0.6167	1.7666	4.3187E-3	16.957	12.552	742.130
124000000	6.203	8.906	0.3865	0.1641	0.2140	0.2355	0.3508	0.1895	0.1788	0.2809	0.6276	1.7448	4.3407E-3	17.046	12.235	729.348
125000000	6.281	8.775	0.3907	0.1609	0.2217	0.2268	0.3552	0.1899	0.1834	0.2715	0.6380	1.7241	4.4028E-3	16.292	13.252	728.796
126000000	6.092	8.932	0.4011	0.1616	0.2098	0.2275	0.3527	0.1862	0.1872	0.2739	0.6268	1.7464	4.2765E-3	16.896	12.410	725.545
127000000	6.407	9.089	0.3883	0.1826	0.2091	0.2200	0.3575	0.1895	0.1780	0.2750	0.6133	1.7734	4.3922E-3	16.100	11.923	720.238
128000000	6.131	9.082	0.3844	0.1642	0.2307	0.2207	0.3691	0.1834	0.1822	0.2653	0.6290	1.7421	4.529E-3	15.683	12.284	706.377
129000000	6.086	8.876	0.3924	0.1609	0.2183	0.2284	0.3490	0.1977	0.1846	0.2686	0.6367	1.7265	4.5243E-3	16.264	13.204	710.418
130000000	6.263	8.914	0.4022	0.1676	0.2179	0.2123	0.3620	0.1938	0.1737	0.2705	0.6287	1.7426	4.4797E-3	16.318	13.438	722.321
131000000	5.838	10.179	0.3870	0.1645	0.2240	0.2245	0.3447	0.1981	0.1811	0.2760	0.6345	1.7310	4.4066E-3	16.035	12.118	719.439
132000000	6.640	9.020	0.4053	0.1568	0.2188	0.2191	0.3614	0.1789	0.1741	0.2856	0.6192	1.7616	4.3414E-3	15.903	12.627	716.262
133000000	6.085	8.321	0.3919	0.1727	0.2107	0.2247	0.3507	0.2014	0.1684	0.2796	0.6158	1.7684	4.3727E-3	15.483	12.435	709.739
134000000	6.445	9.876	0.3888	0.1714	0.2262	0.2137	0.3501	0.1978	0.1837	0.2684	0.6316	1.7367	4.3852E-3	16.782	12.516	738.881
135000000	6.839	9.153	0.4036	0.1737	0.2086	0.2141	0.3416	0.1869	0.1789	0.2925	0.6149	1.7702	4.2524E-3	16.770	12.992	731.009
136000000	6.237	8.542	0.3750	0.1755	0.2136	0.2358	0.3659	0.1816	0.1752	0.2773	0.6204	1.7591	4.4883E-3	15.803	12.122	711.234
137000000	6.309	8.666	0.3998	0.1672	0.2153	0.2177	0.3511	0.1943	0.1827	0.2719	0.6121	1.7757	4.5639E-3	16.077	12.186	709.613
138000000	6.920	8.943	0.3858	0.1710	0.2221	0.2210	0.3589	0.1917	0.1788	0.2706	0.6076	1.7849	4.5018E-3	15.354	12.391	698.662
139000000	6.199	9.476	0.3904	0.1569	0.2198	0.2328	0.3327	0.1997	0.1844	0.2832	0.6185	1.7630	4.5004E-3	16.351	12.151	722.284
140000000	5.936	9.455	0.3873	0.1643	0.2235	0.2249	0.3520	0.1959	0.1808	0.2713	0.6221	1.7558	4.3536E-3	16.950	12.722	734.369
141000000	6.720	9.241	0.4047	0.1688	0.2007	0.2258	0.3522	0.1836	0.1678	0.2964	0.6090	1.7820	4.2005E-3	16.717	12.378	738.614
142000000	6.463	8.447	0.3846	0.1732	0.2119	0.2303	0.3452	0.1832	0.1887	0.2829	0.6210	1.7581	4.378E-3	16.114	12.330	723.900
143000000	6.430	9.057	0.3811	0.1734	0.2096	0.2358	0.3545	0.2008	0.1789	0.2658	0.6207	1.7585	4.2836E-3	16.046	12.148	716.029
144000000	5.835	9.606	0.4128	0.1535	0.2249	0.2088	0.3706	0.1836	0.1820	0.2638	0.6096	1.7808	4.5203E-3	16.307	12.044	730.332
145000000	6.274	8.947	0.4042	0.1643	0.2187	0.2128	0.3495	0.1892	0.1886	0.2727	0.6398	1.7204	4.629E-3	15.500	12.101	698.640
146000000	6.413	9.231	0.3901	0.1756	0.2010	0.2333	0.3641	0.1825	0.1863	0.2671	0.6157	1.7687	4.5885E-3	15.845	12.098	702.482
147000000	6.123	8.767	0.4005	0.1538	0.2137	0.2320	0.3494	0.2015	0.1782	0.2709	0.6111	1.7778	4.4631E-3	16.253	12.374	715.064
148000000	6.517	8.528	0.3851	0.1802	0.2159	0.2188	0.3514	0.1960	0.1854	0.2672	0.6204	1.7592	4.7539E-3	14.539	12.185	674.012
149000000	5.896	7.991	0.3942	0.1697	0.2157	0.2204	0.3781	0.1747	0.1766	0.2706	0.6133	1.7733	4.566E-3	16.871	12.417	710.403
150000000	6.615	8.778	0.3987	0.1647	0.2150	0.2216	0.3520	0.1943	0.1732	0.2805	0.6339	1.7323	4.2711E-3	17.174	12.542	726.369
151000000	6.195	9.081	0.3840	0.1789	0.2166	0.2205	0.3641	0.1976	0.1760	0.2622	0.6172	1.7656	4.4402E-3	16.864	12.432	724.240
152000000	6.239	8.605	0.3981	0.1686	0.2124	0.2209	0.3609	0.1929	0.1731	0.2730	0.6252	1.7497	4.2477E-3	16.166	12.574	737.039
153000000	6.254	9.372	0.4035	0.1615	0.2172	0.2178	0.3569	0.1941	0.1707	0.2783	0.6239	1.7521	4.2863E-3	16.442	12.734	741.179
154000000	5.991	9.152	0.3965	0.1661	0.2193	0.2181	0.3436	0.1958	0.1751	0.2854	0.6145	1.7709	4.334E-3	15.867	12.720	726.755
155000000	6.654	8.708	0.4007	0.1733	0.2046	0.2214	0.3446	0.2031	0.1807	0.2716	0.6413	1.7173	4.4265E-3	16.109	12.596	719.291
156000000	6.364	9.224	0.4005	0.1776	0.2084	0.2135	0.3556	0.1900	0.1837	0.2707	0.6134	1.7732	4.3975E-3	16.968	12.738	724.525
157000000	7.291	9.010	0.4010	0.1653	0.2066	0.2271	0.3561	0.1894	0.1890	0.2655	0.6234	1.7532	4.4122E-3	16.615	12.368	722.548
158000000	7.021	8.870	0.3863	0.1767	0.2163	0.2207	0.3450	0.1929	0.1890	0.2731	0.6306	1.7387	4.4861E-3	16.443	12.511	713.442
159000000	6.548	9.075	0.3985	0.1687	0.2068	0.2261	0.3592	0.1894	0.1744	0.2770	0.6255	1.7489	4.6291E-3	15.152	12.162	699.561
160000000	6.973	8.362	0.4005	0.1631	0.2116	0.2248	0.3528	0.1852	0.1766	0.2854	0.6311	1.7377	4.4186E-3	16.364	12.358	714.404
161000000	6.429	9.187	0.3992	0.1748	0.2066	0.2194	0.3519	0.1961	0.1785	0.2735	0.6257	1.7486	4.4282E-3	16.092	12.634	715.124
162000000	7.311	8.692	0.3753	0.1731	0.2116	0.2399	0.3569	0.1895	0.1791	0.2745	0.6307	1.7385	4.4627E-3	15.172	12.429	700.801
163000000	5.993	8.965	0.3949	0.1760	0.2034	0.2256	0.3537	0.1877	0.1828	0.2758	0.6434	1.7132	4.3621E-3	16.325	13.065	721.316
164000000	5.922	8.445	0.3870	0.1698	0.2216	0.2216	0.3659	0.1981	0.1693	0.2667	0.6309	1.7383	4.3149E-3	16.582	12.877	724.378
165000000	6.157	8.798	0.4134	0.1683	0.2115	0.2068	0.3559	0.1890	0.1790	0.2762	0.6126	1.7748	4.4234E-3	16.888	12.605	730.911
166000000	6.177	9.407	0.4138	0.1580	0.2081	0.2202	0.3493	0.1788	0.1804	0.2915	0.6195	1.7610	4.3393E-3	16.186	12.365	719.973
167000000	6.963	9.999	0.3931	0.1726	0.2128	0.2216	0.3336	0.1998	0.1779	0.2887	0.6422	1.7155	4.5329E-3	15.570	12.504	711.631
168000000	6.349	8.925	0.3981	0.1682	0.2127	0.2210	0.3654	0.1887	0.1744	0.2715	0.6197	1.7606	4.3427E-3	17.062	12.966	727.146
169000000	6.341	9.145	0.3963	0.1748	0.2069	0.2220	0.3449	0.1883	0.1877	0.2791	0.6276	1.7448	4.264E-3	16.241	12.444	729.984
170000000	6.763	8.886	0.3965	0.1622	0.2040	0.2373	0.3595	0.1971	0.1789	0.2645	0.6223	1.7554	4.3082E-3	17.028	12.022	727.433
171000000	6.164	9.669	0.3951	0.1658	0.2172	0.2219	0.3546	0.1901	0.1820	0.2734	0.6380	1.7240	4.5172E-3	15.733	12.287	709.905
172000000	5.906	9.036	0.3915	0.1743	0.2137	0.2205	0.3383	0.1920	0.1815	0.2882	0.6051	1.7898	4.5889E-3	16.861	12.153	714.713
173000000	6.523	8.225	0.4042	0.1774	0.2096	0.2088	0.3604	0.1934	0.1770	0.2692	0.6032	1.7937	4.2941E-3	17.227	12.856	733.811
174000000	6.640	9.540	0.4108	0.1550	0.2042	0.2300	0.3508	0.1861	0.1837	0.2794	0.6051	1.7898	4.4585E-3	16.340	12.234	715.456
175000000	6.681	8.642	0.4003	0.1644	0.2097	0.2256	0.3535	0.1910	0.1785	0.2771	0.6176	1.7648	4.4885E-3	15.961	12.316	719.033
176000000	6.580	9.471	0.3897	0.1667	0.2257	0.2179	0.3607	0.1967	0.1842	0.2584	0.6192	1.7617	4.3079E-3	15.830	12.196	714.943
177000000	6.201	9.488	0.3828	0.1762	0.2206	0.2204	0.3444	0.1863	0.1805	0.2889	0.6181	1.7638	4.2693E-3	16.169	12.334	739.723
178000000	6.370	8.823	0.3836	0.1721	0.2055	0.2388	0.3595	0.1791	0.1783	0.2831	0.6213	1.7574	4.4617E-3	15.751	12.143	714.603
179000000	5.731	8.261	0.3869	0.1642	0.2337	0.2152	0.3470	0.1850	0.1889	0.2791	0.6263	1.7474	4.5597E-3	16.834	12.262	727.393
180000000	6.630	9.111	0.3709	0.1698	0.2254	0.2339	0.3415	0.2001	0.1707	0.2877	0.6047	1.7907	4.6408E-3	15.928	12.455	707.710
181000000	6.113	9.673	0.3823	0.1676	0.2153	0.2349	0.3558	0.1917	0.1819	0.2706	0.6274	1.7452	4.573E-3	15.052	12.221	694.247
182000000	6.608	8.787	0.3984	0.1658	0.2074	0.2284	0.3393	0.1924	0.1850	0.2833	0.6161	1.7677	4.457E-3	16.524	12.860	722.339
183000000	6.193	8.913	0.3953	0.1775	0.2110	0.2162	0.3682	0.1793	0.1815	0.2710	0.6091	1.7818	4.5586E-3	15.928	12.614	706.738
184000000	5.686	9.197	0.4065	0.1695	0.2186	0.2053	0.3468	0.1812	0.1878	0.2842	0.6294	1.7412	4.3031E-3	16.356	12.404	728.742
185000000	7.140	8.895	0.4000	0.1640	0.2047	0.2312	0.3743	0.1850	0.1835	0.2572	0.6250	1.7501	4.3666E-3	16.141	12.634	717.588
186000000	6.654	9.092	0.3963	0.1660	0.2006	0.2370	0.3607	0.1939	0.1770	0.2685	0.6187	1.7625	4.5214E-3	14.863	12.170	705.281
187000000	6.637	8.662	0.3926	0.1730	0.2163	0.2181	0.3602	0.1889	0.1814	0.2694	0.6207	1.7586	4.3875E-3	16.164	12.312	708.137
188000000	5.834	8.932	0.4029	0.1530	0.2144	0.2297	0.3663	0.1797	0.1850	0.2690	0.6249	1.7502	4.5407E-3	16.325	12.453	704.816
189000000	6.301	8.331	0.4000	0.1659	0.2111	0.2230	0.3538	0.1940	0.1741	0.2782	0.6342	1.7317	4.4014E-3	16.360	12.037	715.055
190000000	6.402	9.879	0.4015	0.1664	0.2078	0.2243	0.3513	0.1973	0.1847	0.2667	0.6049	1.7903	4.3925E-3	16.393	12.481	724.004
191000000	6.681	8.819	0.4023	0.1628	0.2093	0.2256	0.3419	0.1954	0.1880	0.2747	0.6333	1.7334	4.354E-3	16.328	12.703	714.313
192000000	6.017	8.725	0.4019	0.1696	0.2170	0.2114	0.3547	0.1830	0.1852	0.2771	0.6230	1.7540	4.4627E-3	16.683	12.380	723.564
193000000	6.550	8.697	0.3942	0.1732	0.2117	0.2209	0.3380	0.1868	0.1993	0.2759	0.6262	1.7477	4.4882E-3	16.501	12.360	722.299
194000000	6.482	9.168	0.4104	0.1694	0.2102	0.2099	0.3551	0.1954	0.1730	0.2765	0.6008	1.7985	4.4628E-3	16.133	12.879	699.440
195000000	6.541	8.847	0.3833	0.1774	0.2046	0.2347	0.3645	0.1796	0.1759	0.2800	0.6216	1.7568	4.4989E-3	15.653	12.374	709.162
196000000	6.238	9.300	0.4014	0.1575	0.2176	0.2236	0.3615	0.1790	0.1891	0.2704	0.6194	1.7612	4.4558E-3	16.643	12.504	724.545
197000000	6.625	8.933	0.4010	0.1520	0.2136	0.2334	0.3483	0.1932	0.1823	0.2762	0.6241	1.7518	4.5917E-3	16.037	12.305	705.704
198000000	6.660	9.477	0.3891	0.1773	0.2257	0.2079	0.3425	0.1918	0.1819	0.2839	0.6198	1.7603	4.4542E-3	16.396	12.322	724.484
199000000	6.212	9.775	0.3891	0.1775	0.2181	0.2153	0.3682	0.1838	0.1825	0.2655	0.6136	1.7728	4.3453E-3	16.991	12.509	717.237
200000000	6.658	8.888	0.4068	0.1639	0.2147	0.2146	0.3568	0.1873	0.1801	0.2759	0.6171	1.7658	4.3493E-3	16.608	12.240	716.274
201000000	6.516	9.177	0.3905	0.1616	0.2155	0.2325	0.3425	0.1794	0.1899	0.2883	0.6161	1.7677	4.3489E-3	16.047	12.594	720.576
202000000	6.234	8.670	0.3997	0.1718	0.1992	0.2293	0.3502	0.1958	0.1860	0.2680	0.6156	1.7688	4.5566E-3	16.072	12.169	697.713
203000000	6.851	8.508	0.3802	0.1631	0.2211	0.2356	0.3517	0.1928	0.1900	0.2654	0.6329	1.7341	4.4073E-3	16.688	12.360	716.285
204000000	6.283	8.962	0.3983	0.1622	0.2150	0.2245	0.3593	0.1901	0.1738	0.2767	0.6387	1.7226	4.5481E-3	15.513	13.260	697.871
205000000	6.542	8.562	0.3926	0.1571	0.2208	0.2295	0.3528	0.1947	0.1815	0.2710	0.6242	1.7516	4.5549E-3	16.428	12.699	719.644
206000000	6.506	9.019	0.3984	0.1639	0.2127	0.2250	0.3569	0.2004	0.1704	0.2723	0.6333	1.7335	4.2904E-3	17.592	12.550	725.567
207000000	6.166	7.985	0.4035	0.1699	0.2114	0.2151	0.3482	0.1942	0.1810	0.2767	0.6139	1.7723	4.2001E-3	17.341	12.168	738.740
208000000	6.252	9.424	0.4009	0.1656	0.2206	0.2129	0.3550	0.1944	0.1730	0.2776	0.6258	1.7483	4.3651E-3	16.729	12.793	720.410
209000000	6.476	8.607	0.3883	0.1678	0.2315	0.2124	0.3539	0.1961	0.1698	0.2803	0.6106	1.7789	4.5256E-3	15.456	12.285	705.054
210000000	6.015	9.393	0.4117	0.1702	0.2131	0.2050	0.3356	0.1893	0.1867	0.2884	0.6142	1.7716	4.45E-3	16.136	12.650	713.980
211000000	5.832	8.759	0.4063	0.1691	0.2052	0.2193	0.3449	0.2012	0.1812	0.2726	0.6405	1.7190	4.3532E-3	16.823	12.955	726.258
212000000	6.421	10.093	0.3997	0.1818	0.1960	0.2225	0.3597	0.1936	0.1754	0.2713	0.6180	1.7640	4.4803E-3	15.452	11.916	697.331
213000000	5.979	8.892	0.3895	0.1622	0.2136	0.2348	0.3470	0.1833	0.1917	0.2780	0.6252	1.7496	4.3606E-3	15.869	12.635	705.812
214000000	6.924	8.817	0.3973	0.1808	0.1974	0.2245	0.3668	0.1896	0.1895	0.2541	0.6135	1.7730	4.5245E-3	15.909	12.425	705.822
215000000	6.490	8.681	0.3886	0.1671	0.2177	0.2266	0.3611	0.1951	0.1748	0.2691	0.6108	1.7784	4.4915E-3	16.208	11.991	716.774
216000000	6.609	9.134	0.3925	0.1838	0.2030	0.2207	0.3463	0.1788	0.1828	0.2921	0.6151	1.7697	4.31E-3	16.359	12.519	717.401
217000000	6.225	9.289	0.3983	0.1637	0.2153	0.2227	0.3614	0.1799	0.1819	0.2768	0.6239	1.7522	4.4073E-3	16.034	12.351	714.155
218000000	6.913	9.002	0.3948	0.1631	0.2172	0.2248	0.3439	0.1929	0.1855	0.2777	0.5939	1.8122	4.4172E-3	16.842	12.028	723.400
219000000	6.399	8.921	0.3906	0.1683	0.2344	0.2067	0.3577	0.1852	0.1778	0.2793	0.6297	1.7405	4.2704E-3	16.779	12.965	722.022
220000000	6.646	9.324	0.3798	0.1675	0.2279	0.2248	0.3536	0.1856	0.1813	0.2795	0.6213	1.7575	4.4786E-3	16.561	12.126	714.395
221000000	6.489	8.010	0.4082	0.1574	0.2154	0.2191	0.3535	0.1806	0.1837	0.2823	0.6390	1.7219	4.3378E-3	15.222	12.747	713.110
222000000	5.541	9.444	0.4042	0.1673	0.2140	0.2145	0.3593	0.1883	0.1844	0.2680	0.6016	1.7968	4.3045E-3	16.161	12.585	720.216
223000000	6.430	9.348	0.3977	0.1737	0.2062	0.2224	0.3628	0.1789	0.1823	0.2760	0.6085	1.7829	4.3023E-3	17.165	12.738	734.721
224000000	7.010	8.505	0.4012	0.1591	0.2084	0.2313	0.3568	0.1785	0.1809	0.2839	0.6331	1.7338	4.4833E-3	16.917	12.704	725.499
225000000	6.159	8.741	0.3943	0.1650	0.2246	0.2161	0.3476	0.1889	0.1721	0.2914	0.6245	1.7510	4.515E-3	16.829	12.140	720.251
226000000	6.695	8.753	0.3952	0.1715	0.2145	0.2188	0.3469	0.1902	0.1766	0.2864	0.6284	1.7432	4.3572E-3	16.895	12.264	724.078
227000000	6.483	9.104	0.3811	0.1698	0.2098	0.2392	0.3583	0.1891	0.1714	0.2812	0.6260	1.7480	4.3911E-3	15.572	12.447	707.791
228000000	6.936	9.926	0.3749	0.1856	0.2111	0.2284	0.3584	0.1974	0.1758	0.2684	0.6344	1.7311	4.3771E-3	16.162	12.424	725.989
229000000	6.158	8.811	0.4122	0.1628	0.2076	0.2174	0.3457	0.1953	0.1775	0.2815	0.6193	1.7615	4.5515E-3	15.504	13.188	705.251
230000000	6.260	9.160	0.3804	0.1688	0.2304	0.2204	0.3482	0.1930	0.1737	0.2851	0.6197	1.7607	4.4112E-3	16.596	12.432	706.927
231000000	6.955	9.016	0.3888	0.1768	0.2156	0.2188	0.3583	0.2013	0.1614	0.2790	0.6168	1.7664	4.2664E-3	17.496	12.503	730.010
232000000	5.565	8.699	0.3857	0.1654	0.2175	0.2314	0.3446	0.1984	0.1741	0.2829	0.6106	1.7787	4.2178E-3	16.992	12.500	731.837
233000000	5.460	8.442	0.3834	0.1635	0.2285	0.2247	0.3478	0.1956	0.1970	0.2596	0.6199	1.7602	4.5085E-3	15.982	12.935	722.402
234000000	6.062	8.513	0.3878	0.1763	0.2069	0.2289	0.3526	0.1954	0.1791	0.2729	0.6311	1.7378	4.3431E-3	15.800	12.815	713.258
235000000	6.395	9.027	0.3915	0.1611	0.2231	0.2243	0.3605	0.1867	0.1821	0.2706	0.6176	1.7649	4.2516E-3	17.399	12.461	740.063
236000000	6.397	9.422	0.4015	0.1676	0.2089	0.2220	0.3501	0.1896	0.1833	0.2770	0.6152	1.7695	4.173E-3	18.229	12.969	762.044
237000000	5.788	9.449	0.4055	0.1613	0.2132	0.2200	0.3475	0.2049	0.1752	0.2724	0.6064	1.7871	4.333E-3	16.884	12.080	724.571
238000000	6.454	8.675	0.3860	0.1714	0.2260	0.2166	0.3441	0.1908	0.1803	0.2848	0.6178	1.7644	4.5804E-3	16.514	12.424	715.874
239000000	6.179	8.351	0.3840	0.1676	0.2188	0.2295	0.3574	0.1973	0.1755	0.2698	0.6230	1.7540	4.2697E-3	16.300	12.486	723.482
240000000	6.286	8.304	0.3883	0.1681	0.2231	0.2205	0.3582	0.1864	0.1894	0.2660	0.6318	1.7363	4.3127E-3	16.769	12.087	734.123
241000000	5.910	10.854	0.3877	0.1650	0.2149	0.2325	0.3610	0.1817	0.1833	0.2740	0.6166	1.7668	4.3752E-3	16.182	12.040	707.094
242000000	6.188	10.042	0.4033	0.1704	0.2108	0.2156	0.3535	0.2010	0.1711	0.2743	0.6269	1.7463	4.2959E-3	16.629	12.260	727.198
243000000	6.697	9.275	0.4002	0.1699	0.2099	0.2200	0.3446	0.1928	0.1747	0.2879	0.5938	1.8123	4.2417E-3	16.769	13.189	736.296
244000000	6.525	9.429	0.3901	0.1620	0.2170	0.2309	0.3501	0.1843	0.1924	0.2731	0.6168	1.7664	4.4061E-3	16.079	13.143	712.752
245000000	5.722	8.716	0.3876	0.1692	0.2203	0.2229	0.3558	0.1924	0.1768	0.2750	0.6083	1.7835	4.313E-3	17.151	12.522	743.852
246000000	6.319	8.380	0.3916	0.1756	0.2056	0.2272	0.3688	0.1931	0.1732	0.2648	0.5935	1.8130	4.4947E-3	16.071	12.349	728.024
247000000	6.404	9.356	0.3885	0.1703	0.2195	0.2217	0.3603	0.1954	0.1716	0.2727	0.6353	1.7295	4.4198E-3	16.284	13.047	736.029
248000000	6.801	9.073	0.4020	0.1603	0.2123	0.2253	0.3575	0.1866	0.1732	0.2827	0.6244	1.7513	4.2797E-3	17.225	12.770	732.258
249000000	6.303	8.493	0.4030	0.1670	0.2046	0.2253	0.3466	0.1851	0.1941	0.2742	0.6375	1.7250	4.4061E-3	16.806	12.555	722.422
250000000	6.638	8.964	0.4008	0.1768	0.2097	0.2127	0.3444	0.1923	0.1879	0.2754	0.6212	1.7575	4.2695E-3	18.343	12.525	752.284
251000000	6.469	9.377	0.4082	0.1560	0.2179	0.2179	0.3518	0.1900	0.1907	0.2674	0.6284	1.7431	4.3741E-3	16.650	12.370	726.390
252000000	6.775	9.409	0.3921	0.1767	0.2195	0.2117	0.3634	0.1941	0.1740	0.2685	0.6337	1.7327	4.2529E-3	17.200	13.385	741.053
253000000	7.019	8.672	0.3967	0.1687	0.2068	0.2279	0.3425	0.1970	0.1763	0.2841	0.6203	1.7595	4.2342E-3	16.866	12.534	728.302
254000000	6.246	9.059	0.3799	0.1762	0.2206	0.2233	0.3560	0.1848	0.1764	0.2827	0.6197	1.7606	4.1137E-3	17.950	12.395	770.504
255000000	6.574	9.545	0.3888	0.1760	0.2175	0.2177	0.3616	0.1822	0.1763	0.2799	0.6153	1.7695	4.3784E-3	16.189	12.497	727.192
256000000	6.751	8.633	0.4017	0.1604	0.2159	0.2220	0.3450	0.1884	0.1837	0.2829	0.6272	1.7456	4.3158E-3	16.901	12.709	732.683
257000000	6.801	8.380	0.3934	0.1693	0.2135	0.2238	0.3527	0.1887	0.1835	0.2752	0.6323	1.7353	4.3374E-3	15.982	12.821	726.636
258000000	6.138	8.779	0.4020	0.1625	0.2157	0.2197	0.3643	0.1833	0.1845	0.2679	0.6099	1.7802	4.252E-3	17.528	12.051	737.289
259000000	6.151	9.449	0.4025	0.1622	0.2087	0.2266	0.3613	0.1946	0.1760	0.2682	0.6259	1.7481	4.4731E-3	16.887	12.518	728.780
260000000	6.333	8.374	0.3935	0.1705	0.2224	0.2136	0.3511	0.1818	0.1879	0.2792	0.6431	1.7137	4.4605E-3	15.987	12.322	713.359
261000000	6.427	8.737	0.3882	0.1767	0.2078	0.2273	0.3473	0.1964	0.1826	0.2736	0.6320	1.7359	4.2798E-3	16.251	12.617	733.738
262000000	6.594	8.623	0.3868	0.1787	0.2044	0.2301	0.3619	0.1962	0.1780	0.2639	0.6385	1.7230	4.4609E-3	16.614	12.266	715.363
263000000	6.486	8.593	0.4021	0.1706	0.2120	0.2153	0.3578	0.1838	0.1818	0.2766	0.6217	1.7567	4.3938E-3	16.233	12.979	718.718
264000000	7.058	9.464	0.3829	0.1854	0.2139	0.2179	0.3513	0.2001	0.1796	0.2689	0.6367	1.7267	4.3493E-3	16.894	12.421	737.083
265000000	6.040	8.944	0.4031	0.1789	0.2014	0.2167	0.3512	0.1995	0.1805	0.2688	0.6158	1.7685	4.3318E-3	17.010	12.237	725.369
266000000	7.275	9.255	0.3975	0.1557	0.2093	0.2376	0.3501	0.1983	0.1859	0.2657	0.6234	1.7531	4.2727E-3	16.602	12.394	734.325
267000000	6.084	8.585	0.3973	0.1601	0.2085	0.2341	0.3508	0.1960	0.1789	0.2743	0.6216	1.7568	4.2126E-3	17.947	12.859	750.064
268000000	6.275	9.179	0.3932	0.1725	0.2145	0.2199	0.3720	0.1851	0.1729	0.2700	0.6244	1.7512	4.1947E-3	16.995	12.259	734.371
269000000	6.765	9.494	0.3905	0.1825	0.2250	0.2020	0.3646	0.1791	0.1778	0.2786	0.6333	1.7334	4.2861E-3	17.638	12.867	731.695
270000000	6.398	8.904	0.4015	0.1570	0.2172	0.2242	0.3644	0.1777	0.1762	0.2816	0.6397	1.7206	4.26E-3	16.385	12.475	724.111
271000000	6.495	8.972	0.3911	0.1595	0.2176	0.2318	0.3600	0.1843	0.1769	0.2788	0.6090	1.7820	4.2883E-3	17.193	12.380	738.398
272000000	6.291	9.041	0.3994	0.1766	0.2042	0.2198	0.3598	0.1790	0.1866	0.2747	0.6197	1.7606	4.2809E-3	16.021	12.572	717.938
273000000	6.233	8.961	0.3934	0.1692	0.2060	0.2315	0.3566	0.1866	0.1806	0.2762	0.6157	1.7686	4.1949E-3	17.587	13.133	748.618
274000000	6.086	9.042	0.4078	0.1714	0.2024	0.2183	0.3552	0.1910	0.1790	0.2748	0.6165	1.7669	4.2525E-3	17.353	12.378	742.033
275000000	5.827	8.361	0.3991	0.1637	0.2104	0.2268	0.3550	0.1894	0.1803	0.2752	0.6500	1.7000	4.1493E-3	17.870	12.693	753.211
276000000	6.726	8.706	0.3844	0.1712	0.2145	0.2299	0.3650	0.1717	0.1823	0.2810	0.6338	1.7324	4.168E-3	17.869	13.031	758.840
277000000	6.627	9.560	0.4085	0.1622	0.2058	0.2235	0.3639	0.1845	0.1820	0.2697	0.6203	1.7595	4.2909E-3	16.486	12.895	728.900
278000000	6.175	9.728	0.3963	0.1651	0.2264	0.2122	0.3717	0.1890	0.1794	0.2599	0.6403	1.7195	4.4419E-3	16.586	12.612	722.880
279000000	6.394	8.657	0.3968	0.1601	0.2182	0.2250	0.3660	0.1872	0.1881	0.2587	0.6328	1.7345	4.2999E-3	17.420	12.909	748.217
280000000	6.128	8.259	0.3975	0.1675	0.2185	0.2166	0.3445	0.2013	0.1788	0.2755	0.6363	1.7274	4.5553E-3	15.865	12.340	714.350
281000000	6.226	8.415	0.4040	0.1739	0.1969	0.2252	0.3453	0.1856	0.1759	0.2932	0.6128	1.7745	4.2506E-3	17.779	12.174	738.177
282000000	6.784	8.923	0.3970	0.1557	0.2092	0.2380	0.3585	0.1867	0.1873	0.2676	0.6329	1.7342	4.1882E-3	17.573	12.997	739.354
283000000	7.180	8.887	0.3843	0.1713	0.2056	0.2388	0.3656	0.1719	0.1850	0.2775	0.6334	1.7331	4.3012E-3	16.520	12.744	731.035
284000000	6.728	9.139	0.3921	0.1609	0.2049	0.2421	0.3560	0.1949	0.1799	0.2691	0.6228	1.7543	4.2214E-3	17.289	12.142	739.158
285000000	6.431	9.232	0.4047	0.1715	0.2050	0.2188	0.3684	0.1824	0.1635	0.2858	0.6344	1.7313	4.1864E-3	17.587	12.153	737.657
286000000	6.650	8.929	0.4063	0.1702	0.2143	0.2092	0.3622	0.1886	0.1795	0.2697	0.6050	1.7900	4.2872E-3	16.602	12.303	734.101
287000000	6.265	9.114	0.4056	0.1618	0.2078	0.2248	0.3547	0.1864	0.1717	0.2872	0.6109	1.7781	4.3879E-3	16.065	12.433	713.091
288000000	6.211	8.657	0.3902	0.1729	0.2119	0.2251	0.3614	0.1966	0.1715	0.2705	0.6362	1.7276	4.4669E-3	16.411	12.091	719.774
289000000	6.195	8.902	0.3950	0.1642	0.2126	0.2282	0.3566	0.1858	0.1793	0.2784	0.6383	1.7234	4.2803E-3	17.425	12.436	740.875
290000000	7.478	8.718	0.3993	0.1602	0.2081	0.2324	0.3692	0.1809	0.1747	0.2752	0.6205	1.7590	4.4391E-3	16.376	12.624	712.720
291000000	5.942	8.541	0.4007	0.1546	0.2055	0.2392	0.3757	0.1939	0.1737	0.2567	0.6235	1.7530	4.3784E-3	16.334	12.526	714.035
292000000	6.287	8.588	0.3912	0.1745	0.2066	0.2277	0.3433	0.1938	0.1962	0.2667	0.6366	1.7269	4.2795E-3	16.536	12.850	729.889
293000000	6.281	8.904	0.4128	0.1668	0.2070	0.2135	0.3700	0.1850	0.1786	0.2664	0.6260	1.7481	4.2531E-3	16.402	12.158	724.466
294000000	5.325	8.338	0.3957	0.1724	0.2134	0.2184	0.3541	0.1881	0.1789	0.2789	0.6412	1.7175	4.2716E-3	16.684	12.943	732.599
295000000	6.488	9.263	0.3978	0.1610	0.2116	0.2296	0.3482	0.2065	0.1663	0.2790	0.6323	1.7354	4.1834E-3	18.006	12.271	753.098
296000000	6.902	8.374	0.3867	0.1675	0.2147	0.2311	0.3602	0.1790	0.1797	0.2811	0.6200	1.7599	4.2447E-3	17.588	12.317	740.840
297000000	7.244	9.325	0.3998	0.1543	0.2117	0.2343	0.3578	0.1934	0.1685	0.2803	0.6176	1.7647	4.5176E-3	16.875	12.583	719.901
298000000	6.000	9.084	0.3934	0.1594	0.2137	0.2335	0.3402	0.1945	0.1750	0.2904	0.6216	1.7568	4.4186E-3	16.843	12.200	712.514
299000000	6.744	8.231	0.3883	0.1632	0.2109	0.2376	0.3595	0.1832	0.1828	0.2744	0.6156	1.7687	4.388E-3	16.804	12.604	726.113
300000000	7.369	8.811	0.3978	0.1639	0.2083	0.2300	0.3677	0.1791	0.1790	0.2743	0.6113	1.7773	4.3397E-3	16.842	12.569	740.237
301000000	6.785	9.039	0.4041	0.1651	0.2080	0.2228	0.3738	0.1944	0.1705	0.2613	0.6231	1.7539	4.4659E-3	16.014	12.464	708.276
302000000	7.364	9.059	0.3900	0.1763	0.2038	0.2299	0.3516	0.1780	0.1796	0.2908	0.6165	1.7671	4.3723E-3	17.691	12.857	740.819
303000000	6.137	8.785	0.3924	0.1700	0.2098	0.2278	0.3562	0.1747	0.1849	0.2843	0.6128	1.7743	4.0002E-3	19.557	12.638	769.902
304000000	6.658	8.641	0.3930	0.1717	0.2055	0.2298	0.3571	0.1969	0.1701	0.2759	0.6266	1.7468	4.1989E-3	17.735	12.874	752.991
305000000	6.071	8.555	0.4103	0.1550	0.2159	0.2187	0.3595	0.1770	0.1800	0.2835	0.6144	1.7711	4.3097E-3	17.404	12.852	736.978
306000000	6.183	8.391	0.3730	0.1703	0.2271	0.2296	0.3462	0.1877	0.1789	0.2872	0.6340	1.7320	4.3732E-3	16.854	13.155	740.277
307000000	6.284	9.030	0.4073	0.1699	0.2088	0.2139	0.3472	0.1959	0.1785	0.2784	0.6171	1.7658	4.2558E-3	17.291	12.239	738.569
308000000	6.784	8.830	0.3900	0.1790	0.2171	0.2139	0.3527	0.1779	0.1823	0.2871	0.6218	1.7564	4.4532E-3	16.018	12.863	723.050
309000000	7.124	9.055	0.3886	0.1704	0.2210	0.2201	0.3550	0.1878	0.1757	0.2815	0.6374	1.7251	4.2233E-3	17.014	12.521	723.580
310000000	6.916	8.618	0.3797	0.1634	0.2246	0.2324	0.3670	0.1859	0.1726	0.2744	0.6268	1.7465	4.3183E-3	17.456	12.836	739.430
311000000	6.939	8.352	0.3997	0.1715	0.2075	0.2213	0.3638	0.1839	0.1746	0.2777	0.6212	1.7576	4.3572E-3	17.212	12.191	741.407
312000000	6.192	9.000	0.3688	0.1635	0.2190	0.2487	0.3499	0.1978	0.1704	0.2819	0.6053	1.7894	4.4202E-3	17.481	12.497	738.469
313000000	6.555	8.933	0.3948	0.1687	0.2130	0.2236	0.3491	0.1998	0.1882	0.2629	0.6057	1.7885	4.1939E-3	17.763	11.976	747.490
314000000	6.920	8.008	0.4056	0.1729	0.2099	0.2117	0.3445	0.1930	0.1906	0.2720	0.6029	1.7942	4.2667E-3	17.669	12.669	738.074
315000000	6.381	8.472	0.4145	0.1467	0.2101	0.2287	0.3476	0.2035	0.1758	0.2731	0.6092	1.7817	4.4391E-3	16.793	12.763	726.255
316000000	6.777	9.549	0.3991	0.1672	0.2116	0.2222	0.3549	0.1876	0.1889	0.2686	0.6005	1.7990	4.2126E-3	17.331	12.923	748.926
317000000	6.721	9.362	0.3941	0.1655	0.2107	0.2296	0.3524	0.1922	0.1820	0.2734	0.6008	1.7985	4.1783E-3	17.006	12.353	749.658
318000000	6.056	9.026	0.4010	0.1572	0.2189	0.2229	0.3551	0.1860	0.1805	0.2784	0.6338	1.7325	4.2418E-3	17.319	12.013	737.724
319000000	6.410	8.787	0.3953	0.1787	0.2142	0.2117	0.3514	0.1878	0.1857	0.2750	0.6307	1.7387	4.4277E-3	15.722	12.069	710.029
320000000	6.475	9.169	0.3882	0.1800	0.2093	0.2224	0.3625	0.1836	0.1799	0.2739	0.6258	1.7484	4.3207E-3	15.961	11.869	709.152
321000000	6.385	9.093	0.3925	0.1688	0.2179	0.2209	0.3670	0.2009	0.1703	0.2617	0.6218	1.7563	4.3286E-3	16.272	12.985	727.559
322000000	6.023	8.537	0.4005	0.1656	0.2124	0.2215	0.3494	0.1938	0.1820	0.2748	0.6126	1.7747	4.2413E-3	18.111	12.683	754.061
323000000	6.699	8.947	0.4017	0.1732	0.2159	0.2092	0.3419	0.1891	0.1852	0.2838	0.6214	1.7571	4.2305E-3	16.371	12.202	731.410
324000000	6.549	8.930	0.3960	0.1682	0.2131	0.2227	0.3558	0.1898	0.1871	0.2673	0.6474	1.7051	4.2087E-3	16.790	12.675	731.470
325000000	6.191	8.270	0.4083	0.1543	0.2091	0.2283	0.3675	0.1912	0.1750	0.2664	0.6074	1.7851	4.3457E-3	16.820	12.577	724.875
326000000	6.150	8.460	0.4134	0.1653	0.2053	0.2160	0.3419	0.1979	0.1906	0.2696	0.6228	1.7544	4.3321E-3	16.744	12.921	723.113
327000000	6.194	8.659	0.3984	0.1599	0.2029	0.2387	0.3656	0.1808	0.1809	0.2727	0.6197	1.7606	4.1409E-3	17.540	12.906	748.959
328000000	6.033	8.379	0.3983	0.1742	0.2076	0.2199	0.3462	0.1885	0.1929	0.2724	0.6305	1.7389	4.4123E-3	16.754	12.551	735.319
329000000	6.365	8.618	0.3869	0.1637	0.2272	0.2222	0.3552	0.1859	0.1848	0.2741	0.6326	1.7348	4.3371E-3	17.008	12.062	727.103
330000000	6.423	9.066	0.3961	0.1745	0.2025	0.2268	0.3583	0.1846	0.1701	0.2869	0.6251	1.7497	4.3321E-3	17.546	12.358	742.768
331000000	6.732	9.478	0.3941	0.1678	0.2195	0.2185	0.3613	0.1867	0.1830	0.2690	0.6379	1.7242	4.3873E-3	17.107	12.494	727.910
332000000	6.561	9.215	0.4020	0.1649	0.2131	0.2200	0.3534	0.1837	0.1865	0.2764	0.6305	1.7391	4.3952E-3	16.554	12.992	728.649
333000000	6.555	9.868	0.3918	0.1541	0.2219	0.2322	0.3522	0.1963	0.1724	0.2790	0.6070	1.7861	4.3585E-3	17.948	12.626	729.445
334000000	6.451	8.746	0.3977	0.1714	0.2126	0.2183	0.3552	0.1881	0.1731	0.2836	0.6175	1.7651	4.3007E-3	16.362	13.032	730.872
335000000	6.555	9.066	0.4037	0.1693	0.2161	0.2109	0.3714	0.1875	0.1714	0.2698	0.6170	1.7661	4.2704E-3	17.598	12.587	735.945
336000000	6.371	8.903	0.3983	0.1625	0.2071	0.2321	0.3395	0.1889	0.1827	0.2889	0.6146	1.7707	4.2852E-3	16.617	12.370	727.190
337000000	7.026	8.887	0.3874	0.1646	0.2120	0.2359	0.3690	0.1814	0.1855	0.2641	0.6137	1.7726	4.4379E-3	16.299	12.194	716.098
338000000	6.142	9.198	0.3863	0.1619	0.2204	0.2314	0.3420	0.1918	0.1800	0.2863	0.6053	1.7894	4.4277E-3	16.552	12.709	728.437
339000000	6.512	9.256	0.3993	0.1712	0.2113	0.2182	0.3524	0.1851	0.1776	0.2849	0.6305	1.7391	4.439E-3	16.811	12.348	726.284
340000000	6.518	8.782	0.3915	0.1717	0.2033	0.2336	0.3515	0.1828	0.1794	0.2863	0.6306	1.7388	4.3248E-3	16.418	12.718	727.466
341000000	6.621	8.557	0.3835	0.1673	0.2131	0.2361	0.3535	0.1938	0.1706	0.2821	0.6349	1.7303	4.2805E-3	17.779	13.212	743.191
342000000	5.610	8.656	0.3919	0.1679	0.2235	0.2167	0.3434	0.1943	0.1791	0.2832	0.6146	1.7708	4.4541E-3	16.275	12.602	727.658
343000000	6.397	9.027	0.3793	0.1626	0.2158	0.2423	0.3473	0.1862	0.1801	0.2864	0.6209	1.7581	4.2455E-3	17.703	12.952	743.396
344000000	6.110	8.682	0.3911	0.1697	0.2159	0.2232	0.3729	0.1852	0.1738	0.2681	0.6240	1.7519	4.2038E-3	18.233	13.141	752.986
345000000	5.960	8.784	0.4141	0.1592	0.2072	0.2195	0.3391	0.1951	0.1824	0.2833	0.6294	1.7413	4.329E-3	16.613	12.534	728.161
346000000	6.453	8.906	0.3883	0.1635	0.2182	0.2300	0.3590	0.1867	0.1914	0.2630	0.6046	1.7907	4.2776E-3	17.332	12.784	737.861
347000000	7.358	9.160	0.3933	0.1711	0.2242	0.2115	0.3435	0.1858	0.1878	0.2829	0.6107	1.7786	4.377E-3	17.022	12.333	724.301
348000000	6.524	8.587	0.4058	0.1649	0.2136	0.2157	0.3552	0.1905	0.1851	0.2692	0.6149	1.7702	4.3096E-3	17.088	12.260	737.130
349000000	6.613	8.660	0.4045	0.1707	0.2112	0.2137	0.3279	0.1916	0.1896	0.2909	0.6398	1.7205	4.4045E-3	16.497	12.588	718.639
350000000	6.371	8.754	0.3904	0.1670	0.2174	0.2252	0.3488	0.1875	0.1821	0.2816	0.6262	1.7475	4.2919E-3	16.339	12.480	729.321
351000000	6.180	8.796	0.4054	0.1536	0.2235	0.2174	0.3471	0.1880	0.1780	0.2868	0.6385	1.7231	4.3038E-3	17.128	12.635	738.138
352000000	6.626	9.180	0.3956	0.1765	0.2022	0.2257	0.3598	0.1866	0.1844	0.2692	0.6098	1.7803	4.3471E-3	16.959	12.540	718.203
353000000	6.595	8.843	0.3919	0.1607	0.2225	0.2249	0.3585	0.1645	0.1817	0.2953	0.6357	1.7286	4.2242E-3	18.087	12.404	749.211
354000000	6.573	8.532	0.3738	0.1709	0.2067	0.2487	0.3639	0.1901	0.1754	0.2705	0.6222	1.7556	4.3496E-3	16.867	12.181	724.564
355000000	6.428	9.484	0.3938	0.1611	0.2145	0.2306	0.3666	0.1823	0.1771	0.2740	0.6442	1.7115	4.3199E-3	16.988	12.413	733.549
356000000	6.433	9.351	0.3985	0.1586	0.2195	0.2234	0.3667	0.1867	0.1851	0.2615	0.6166	1.7667	4.2996E-3	17.297	12.366	732.215
357000000	6.665	9.450	0.4072	0.1720	0.2099	0.2109	0.3631	0.1743	0.1809	0.2818	0.6397	1.7206	4.3128E-3	17.205	12.611	743.287
358000000	6.311	9.981	0.3917	0.1779	0.2025	0.2279	0.3528	0.1945	0.1831	0.2696	0.6134	1.7731	4.4691E-3	17.080	12.567	731.486
359000000	6.477	9.544	0.4014	0.1599	0.2102	0.2286	0.3663	0.1864	0.1803	0.2670	0.6320	1.7361	4.2882E-3	16.931	13.128	730.588
360000000	5.832	8.811	0.3945	0.1625	0.2153	0.2277	0.3589	0.1830	0.1782	0.2799	0.6000	1.7999	4.2937E-3	16.855	12.734	731.501
361000000	6.555	8.834	0.3973	0.1734	0.2166	0.2128	0.3539	0.1854	0.1805	0.2802	0.6077	1.7847	4.3104E-3	17.019	12.888	735.750
362000000	6.619	8.891	0.3907	0.1758	0.2083	0.2253	0.3477	0.1925	0.1840	0.2758	0.6062	1.7876	4.4481E-3	15.388	12.916	705.540
363000000	6.040	8.312	0.3861	0.1849	0.2123	0.2167	0.3655	0.1904	0.1806	0.2634	0.6267	1.7467	4.1969E-3	17.401	12.247	750.446
364000000	6.397	8.236	0.4044	0.1701	0.2178	0.2077	0.3582	0.1906	0.1702	0.2810	0.6256	1.7489	4.2536E-3	17.750	12.611	741.694
365000000	5.796	8.966	0.3882	0.1674	0.2102	0.2343	0.3620	0.1887	0.1779	0.2714	0.6106	1.7789	4.2786E-3	16.721	12.891	730.370
366000000	7.179	8.701	0.3915	0.1660	0.2097	0.2328	0.3430	0.1839	0.1882	0.2849	0.6098	1.7805	4.3743E-3	16.881	12.438	720.172
367000000	6.300	8.584	0.4060	0.1636	0.2101	0.2204	0.3598	0.1978	0.1848	0.2576	0.6251	1.7498	4.5186E-3	16.850	12.449	725.550
368000000	6.386	8.247	0.3919	0.1599	0.2153	0.2329	0.3482	0.1867	0.1821	0.2830	0.6239	1.7522	4.2787E-3	17.383	12.680	746.042
369000000	5.532	8.320	0.3914	0.1684	0.2116	0.2285	0.3472	0.1932	0.1862	0.2734	0.6247	1.7505	4.4953E-3	16.667	12.744	715.620
370000000	6.288	9.014	0.4006	0.1693	0.2091	0.2210	0.3637	0.1927	0.1772	0.2665	0.6015	1.7969	4.4974E-3	17.299	12.266	725.374
371000000	6.373	8.843	0.3973	0.1604	0.2180	0.2243	0.3413	0.1970	0.1806	0.2812	0.6249	1.7503	4.2703E-3	17.855	12.725	748.994
372000000	6.357	9.091	0.4065	0.1633	0.2075	0.2227	0.3481	0.1836	0.1887	0.2797	0.6395	1.7209	4.3009E-3	17.132	12.553	740.387
373000000	6.566	9.474	0.3919	0.1595	0.2202	0.2283	0.3576	0.1833	0.1752	0.2839	0.6356	1.7289	4.1883E-3	17.687	13.039	750.689
374000000	6.040	8.970	0.3885	0.1754	0.2175	0.2186	0.3524	0.1933	0.1696	0.2847	0.6253	1.7493	4.147E-3	18.438	13.133	758.989
375000000	6.386	9.211	0.3835	0.1702	0.2260	0.2204	0.3361	0.2005	0.1853	0.2781	0.6174	1.7652	4.2693E-3	18.307	12.241	750.324
376000000	6.769	8.510	0.3839	0.1640	0.2261	0.2260	0.3495	0.1911	0.1764	0.2830	0.5935	1.8130	4.2274E-3	17.899	12.321	751.545
377000000	6.305	9.957	0.3965	0.1744	0.2081	0.2211	0.3436	0.1896	0.1811	0.2857	0.6204	1.7592	4.1915E-3	17.615	12.853	735.736
378000000	7.006	9.118	0.3982	0.1659	0.2169	0.2190	0.3688	0.1905	0.1728	0.2680	0.6391	1.7218	4.3042E-3	17.069	12.553	728.076
379000000	6.120	8.572	0.4159	0.1678	0.1978	0.2184	0.3557	0.1964	0.1760	0.2719	0.6243	1.7514	4.369E-3	16.549	12.348	735.481
380000000	6.699	8.839	0.3893	0.1776	0.2127	0.2205	0.3626	0.1955	0.1863	0.2557	0.6256	1.7488	4.212E-3	17.908	13.100	750.550
381000000	7.194	8.765	0.3982	0.1686	0.2180	0.2152	0.3561	0.1858	0.1800	0.2781	0.6128	1.7743	4.2923E-3	18.173	11.954	746.678
382000000	6.047	9.683	0.3913	0.1765	0.2100	0.2222	0.3510	0.1938	0.1691	0.2861	0.6309	1.7381	4.2628E-3	17.144	12.307	727.889
383000000	6.488	8.556	0.4050	0.1677	0.2095	0.2178	0.3481	0.1852	0.1817	0.2850	0.6349	1.7301	4.2759E-3	17.164	12.520	746.910
384000000	6.679	8.469	0.3827	0.1751	0.2144	0.2278	0.3355	0.1961	0.1857	0.2826	0.6124	1.7751	4.1825E-3	17.848	12.484	747.426
385000000	6.170	8.756	0.4070	0.1556	0.2115	0.2260	0.3601	0.1890	0.1718	0.2791	0.6394	1.7213	4.2652E-3	16.954	12.214	737.171
386000000	6.714	8.938	0.3932	0.1736	0.2156	0.2176	0.3510	0.1943	0.1732	0.2816	0.6312	1.7375	4.2175E-3	16.612	12.253	729.931
387000000	6.756	8.310	0.4066	0.1672	0.2068	0.2194	0.3577	0.1894	0.1757	0.2772	0.6369	1.7263	4.3117E-3	15.967	12.266	722.102
388000000	5.935	8.979	0.3848	0.1665	0.2146	0.2341	0.3453	0.1912	0.1977	0.2658	0.6290	1.7419	4.2879E-3	17.653	12.159	738.924
389000000	6.596	8.778	0.4116	0.1627	0.2011	0.2246	0.3576	0.1919	0.1722	0.2783	0.6248	1.7505	4.1015E-3	17.711	12.825	760.528
390000000	6.687	8.926	0.3889	0.1702	0.2099	0.2310	0.3556	0.1853	0.1853	0.2739	0.6166	1.7668	4.1614E-3	18.128	12.911	760.913
391000000	6.319	8.623	0.3806	0.1723	0.1942	0.2529	0.3524	0.1852	0.1849	0.2775	0.6023	1.7954	4.1279E-3	18.021	12.875	745.804
392000000	6.682	8.331	0.3961	0.1728	0.2141	0.2169	0.3444	0.1847	0.1850	0.2858	0.6194	1.7611	4.212E-3	16.895	12.530	748.894
393000000	6.439	8.577	0.3815	0.1807	0.2164	0.2215	0.3562	0.1832	0.1885	0.2721	0.6400	1.7201	4.2667E-3	18.181	12.091	750.952
394000000	6.601	8.920	0.3984	0.1636	0.2151	0.2229	0.3653	0.1749	0.1858	0.2740	0.6216	1.7567	4.2402E-3	17.075	12.508	727.095
395000000	5.685	8.946	0.3703	0.1720	0.2197	0.2380	0.3474	0.2020	0.1715	0.2791	0.6286	1.7428	4.3937E-3	16.543	12.252	728.223
396000000	6.173	8.654	0.3782	0.1795	0.2044	0.2380	0.3447	0.2014	0.1696	0.2843	0.6232	1.7536	4.4247E-3	17.221	12.634	745.547
397000000	6.275	8.850	0.3920	0.1608	0.2057	0.2415	0.3470	0.1855	0.1904	0.2771	0.6124	1.7753	4.2126E-3	16.950	12.837	735.213
398000000	6.488	8.518	0.3925	0.1749	0.2165	0.2160	0.3489	0.1984	0.1676	0.2851	0.6403	1.7194	4.3086E-3	16.464	12.491	731.804
399000000	6.567	9.048	0.4066	0.1677	0.1984	0.2273	0.3428	0.1950	0.1840	0.2781	0.6058	1.7884	4.3621E-3	16.827	12.345	714.742
400000000	5.893	8.493	0.3882	0.1704	0.2112	0.2302	0.3583	0.1835	0.1860	0.2722	0.6262	1.7477	4.4895E-3	16.454	13.049	722.107
401000000	6.297	8.510	0.3964	0.1735	0.2151	0.2150	0.3545	0.1979	0.1676	0.2799	0.6181	1.7639	4.0866E-3	18.119	12.820	765.769
402000000	6.062	9.344	0.3898	0.1610	0.2186	0.2306	0.3442	0.1859	0.1790	0.2909	0.6124	1.7751	4.0413E-3	17.642	12.569	757.386
403000000	6.683	8.730	0.3939	0.1599	0.2213	0.2250	0.3592	0.1964	0.1832	0.2612	0.6179	1.7642	4.3034E-3	17.006	12.480	753.333
404000000	6.677	8.394	0.4049	0.1666	0.2133	0.2152	0.3601	0.1988	0.1719	0.2692	0.6115	1.7770	4.3297E-3	17.060	12.232	740.321
405000000	6.382	9.202	0.3801	0.1762	0.2137	0.2300	0.3407	0.1963	0.1804	0.2825	0.6330	1.7341	4.3576E-3	16.508	12.198	729.441
406000000	6.556	9.040	0.3908	0.1730	0.2093	0.2269	0.3534	0.1992	0.1790	0.2685	0.6045	1.7909	4.3118E-3	16.730	12.841	732.662
407000000	5.989	9.338	0.3952	0.1609	0.2190	0.2249	0.3714	0.1786	0.1824	0.2676	0.6380	1.7239	4.2834E-3	17.570	13.031	734.671
408000000	7.458	8.803	0.3979	0.1767	0.2029	0.2225	0.3534	0.1815	0.1779	0.2872	0.6250	1.7500	4.2687E-3	16.613	12.505	731.711
409000000	6.635	8.592	0.3979	0.1684	0.2091	0.2246	0.3392	0.1957	0.1733	0.2918	0.6092	1.7815	4.2688E-3	17.378	12.480	756.187
410000000	6.662	8.387	0.3970	0.1712	0.2076	0.2243	0.3450	0.1812	0.1736	0.3002	0.6316	1.7367	4.1177E-3	18.524	12.270	748.621
411000000	6.401	9.042	0.3903	0.1732	0.2119	0.2246	0.3559	0.1873	0.1913	0.2654	0.6280	1.7440	4.4865E-3	17.469	12.624	728.264
412000000	6.171	9.466	0.4080	0.1644	0.2126	0.2151	0.3493	0.1890	0.1785	0.2832	0.6161	1.7677	4.259E-3	16.526	12.540	747.927
413000000	6.142	9.255	0.3849	0.1634	0.2301	0.2215	0.3683	0.1770	0.1821	0.2726	0.6141	1.7717	4.4057E-3	16.852	12.751	738.691
414000000	6.319	8.273	0.4026	0.1707	0.2110	0.2157	0.3394	0.1910	0.1848	0.2849	0.6224	1.7552	4.2052E-3	17.303	12.620	750.438
415000000	7.243	9.412	0.3959	0.1681	0.2115	0.2245	0.3609	0.1903	0.1769	0.2719	0.6359	1.7283	4.25E-3	17.828	12.214	737.712
416000000	6.366	9.227	0.3854	0.1765	0.2074	0.2306	0.3428	0.1918	0.1776	0.2878	0.6195	1.7610	4.521E-3	16.628	11.922	712.535
417000000	6.459	8.486	0.3753	0.1856	0.2004	0.2387	0.3459	0.1918	0.1829	0.2795	0.6186	1.7627	4.1907E-3	17.336	12.476	740.330
418000000	6.839	9.174	0.4040	0.1624	0.2122	0.2213	0.3358	0.1934	0.1801	0.2907	0.6195	1.7609	4.47E-3	16.287	12.595	716.530
419000000	6.401	8.554	0.4047	0.1623	0.2101	0.2229	0.3441	0.1837	0.1946	0.2776	0.6283	1.7434	4.224E-3	17.158	12.742	746.750
420000000	6.398	8.858	0.3969	0.1592	0.2184	0.2255	0.3476	0.1946	0.1870	0.2709	0.6377	1.7246	4.2634E-3	16.659	12.425	734.995
421000000	6.844	9.009	0.3862	0.1649	0.2132	0.2357	0.3508	0.1857	0.1782	0.2853	0.6186	1.7627	4.4339E-3	16.966	12.532	728.606
422000000	6.320	8.233	0.3905	0.1613	0.2162	0.2320	0.3428	0.1846	0.1828	0.2897	0.6066	1.7869	4.3889E-3	16.346	12.726	717.688
423000000	6.323	8.619	0.4017	0.1695	0.2017	0.2271	0.3536	0.1879	0.1744	0.2841	0.6132	1.7736	4.1973E-3	17.062	12.895	740.245
424000000	6.668	9.766	0.3922	0.1610	0.2087	0.2381	0.3585	0.1923	0.1832	0.2660	0.6240	1.7519	4.3188E-3	17.004	12.373	722.921
425000000	5.754	8.577	0.3877	0.1761	0.2206	0.2156	0.3655	0.1805	0.1839	0.2702	0.6272	1.7456	4.4603E-3	16.008	12.386	706.780
426000000	6.351	8.958	0.3699	0.1829	0.2168	0.2305	0.3312	0.1946	0.1967	0.2775	0.6092	1.7817	4.1533E-3	17.898	12.396	761.001
427000000	6.406	9.241	0.3975	0.1599	0.2154	0.2272	0.3523	0.1991	0.1791	0.2695	0.6336	1.7329	4.241E-3	17.705	12.554	741.148
428000000	6.148	9.397	0.3750	0.1642	0.2227	0.2380	0.3584	0.1903	0.1770	0.2744	0.6271	1.7459	4.2116E-3	17.765	11.996	751.396
429000000	6.649	9.656	0.3894	0.1760	0.2134	0.2211	0.3316	0.2078	0.1784	0.2822	0.6163	1.7675	4.3334E-3	17.105	12.173	729.856
430000000	5.994	8.720	0.3879	0.1708	0.2286	0.2126	0.3650	0.1876	0.1807	0.2667	0.6397	1.7205	4.3725E-3	16.810	12.309	732.624
431000000	5.930	9.112	0.4003	0.1559	0.2211	0.2227	0.3628	0.1781	0.1852	0.2740	0.6394	1.7212	4.2015E-3	18.413	12.174	758.991
432000000	6.363	9.294	0.4027	0.1738	0.2147	0.2088	0.3440	0.2099	0.1749	0.2712	0.6101	1.7798	4.2704E-3	17.129	12.648	744.819
433000000	6.619	8.531	0.3983	0.1698	0.2066	0.2253	0.3600	0.1831	0.1857	0.2712	0.6152	1.7696	4.1948E-3	17.594	12.480	748.214
434000000	6.112	9.263	0.3813	0.1732	0.2144	0.2310	0.3568	0.1966	0.1759	0.2707	0.6146	1.7708	4.3404E-3	17.287	12.397	730.934
435000000	6.252	9.268	0.3977	0.1642	0.2097	0.2285	0.3692	0.1935	0.1775	0.2598	0.6154	1.7691	4.4152E-3	16.913	12.009	731.803
436000000	5.817	9.448	0.3990	0.1631	0.2084	0.2296	0.3445	0.1936	0.1814	0.2805	0.6216	1.7567	4.2499E-3	17.156	12.502	732.972
437000000	6.324	8.615	0.3962	0.1600	0.2244	0.2194	0.3468	0.1860	0.1858	0.2813	0.6302	1.7397	4.3008E-3	17.463	12.484	747.940
438000000	6.230	8.870	0.3929	0.1728	0.2164	0.2179	0.3604	0.1812	0.1801	0.2783	0.6337	1.7326	4.4249E-3	16.394	12.282	719.843
439000000	6.441	9.253	0.4000	0.1647	0.2076	0.2277	0.3564	0.1765	0.1800	0.2871	0.6195	1.7609	4.0654E-3	18.030	12.257	751.587
440000000	6.454	8.990	0.3933	0.1707	0.2104	0.2256	0.3565	0.1835	0.1799	0.2800	0.6280	1.7441	4.3565E-3	17.508	12.174	727.131
441000000	6.034	9.199	0.4007	0.1637	0.2132	0.2224	0.3723	0.1786	0.1810	0.2681	0.6300	1.7399	4.2747E-3	17.376	12.455	721.231
442000000	6.197	8.692	0.4117	0.1640	0.2034	0.2209	0.3604	0.1796	0.1779	0.2822	0.6170	1.7660	4.3819E-3	16.296	12.358	728.147
443000000	5.871	8.882	0.4108	0.1698	0.2023	0.2171	0.3586	0.1881	0.1771	0.2762	0.6257	1.7485	4.3438E-3	16.624	13.174	727.808
444000000	6.701	9.570	0.4094	0.1645	0.2152	0.2109	0.3518	0.1898	0.1806	0.2779	0.6318	1.7364	4.3465E-3	16.712	12.443	727.664
445000000	6.866	8.903	0.3914	0.1688	0.2125	0.2274	0.3547	0.1817	0.1762	0.2874	0.6372	1.7256	4.5049E-3	16.117	12.318	713.646
446000000	6.441	9.254	0.3912	0.1758	0.2177	0.2153	0.3430	0.1934	0.1798	0.2838	0.6174	1.7652	4.1953E-3	16.896	12.644	737.881
447000000	6.305	8.679	0.3972	0.1799	0.2030	0.2199	0.3576	0.1743	0.1880	0.2801	0.6142	1.7716	4.3666E-3	17.339	12.507	742.290
448000000	6.893	8.633	0.3932	0.1631	0.2190	0.2247	0.3616	0.1861	0.1783	0.2740	0.6418	1.7164	4.2047E-3	17.019	13.057	740.976
449000000	6.039	8.676	0.3962	0.1681	0.2155	0.2202	0.3726	0.1833	0.1751	0.2690	0.6073	1.7854	4.6803E-3	16.364	12.395	712.996
450000000	6.393	8.704	0.3727	0.1848	0.2103	0.2321	0.3600	0.1974	0.1818	0.2607	0.6332	1.7336	4.4805E-3	16.152	12.298	714.814
451000000	6.748	9.306	0.3766	0.1731	0.2183	0.2320	0.3453	0.1920	0.1843	0.2784	0.6341	1.7318	4.4526E-3	16.137	12.307	714.220
452000000	6.374	8.691	0.3870	0.1789	0.2035	0.2306	0.3478	0.1863	0.1837	0.2821	0.6067	1.7866	4.2391E-3	17.598	12.225	738.928
453000000	6.741	8.708	0.3872	0.1749	0.2271	0.2109	0.3525	0.1891	0.1799	0.2785	0.6307	1.7386	4.3539E-3	16.707	12.990	729.225
454000000	6.510	8.657	0.3915	0.1695	0.2199	0.2192	0.3699	0.1848	0.1724	0.2728	0.6399	1.7203	4.4125E-3	16.693	12.241	719.122
455000000	6.286	8.559	0.3924	0.1757	0.1986	0.2333	0.3408	0.2020	0.1884	0.2688	0.6070	1.7861	4.3372E-3	16.836	13.041	735.125
456000000	6.123	8.415	0.3932	0.1663	0.2095	0.2310	0.3446	0.1958	0.1941	0.2655	0.6214	1.7572	4.3439E-3	16.454	11.952	729.407
457000000	6.623	8.467	0.3828	0.1664	0.2102	0.2407	0.3535	0.1883	0.1851	0.2730	0.6346	1.7308	4.2593E-3	16.241	12.358	714.914
458000000	6.559	8.879	0.4039	0.1741	0.2145	0.2075	0.3479	0.1820	0.1870	0.2831	0.6197	1.7605	4.3667E-3	16.784	12.136	722.323
459000000	6.342	8.784	0.4001	0.1641	0.2093	0.2266	0.3501	0.1837	0.1813	0.2850	0.6159	1.7682	4.5037E-3	15.981	12.479	708.878
460000000	6.644	8.271	0.3938	0.1701	0.2095	0.2266	0.3625	0.1796	0.1788	0.2791	0.6248	1.7505	4.2436E-3	16.633	12.403	733.846
461000000	6.863	8.542	0.3960	0.1731	0.2049	0.2259	0.3576	0.1990	0.1770	0.2664	0.6406	1.7189	4.2233E-3	16.650	12.178	741.927
462000000	6.327	9.162	0.4097	0.1651	0.2068	0.2183	0.3604	0.1804	0.1786	0.2806	0.6159	1.7682	4.2314E-3	18.366	12.575	751.309
463000000	6.348	8.742	0.3836	0.1691	0.2264	0.2209	0.3576	0.1824	0.1833	0.2767	0.6362	1.7275	4.3818E-3	17.267	12.490	745.241
464000000	6.460	9.147	0.3814	0.1702	0.2205	0.2279	0.3630	0.1951	0.1753	0.2666	0.6199	1.7601	4.2621E-3	17.823	12.350	738.835
465000000	6.051	8.494	0.3858	0.1629	0.2280	0.2232	0.3581	0.1836	0.1777	0.2807	0.6310	1.7380	4.3647E-3	16.825	12.256	720.866
466000000	6.281	8.993	0.3958	0.1634	0.2178	0.2230	0.3451	0.1923	0.1776	0.2850	0.6269	1.7461	4.4594E-3	16.541	12.474	718.510
467000000	6.342	9.538	0.3937	0.1722	0.2157	0.2184	0.3649	0.1827	0.1774	0.2750	0.6400	1.7200	4.4703E-3	16.424	12.123	718.023
468000000	6.230	8.375	0.3842	0.1616	0.2243	0.2300	0.3618	0.1886	0.1646	0.2850	0.6419	1.7161	4.461E-3	15.184	12.318	692.432
469000000	6.291	9.033	0.4045	0.1645	0.2179	0.2130	0.3464	0.2021	0.1751	0.2763	0.6281	1.7439	4.4264E-3	17.068	12.447	716.688
470000000	6.827	9.519	0.3884	0.1641	0.2041	0.2433	0.3528	0.1849	0.1834	0.2789	0.6240	1.7521	4.3776E-3	15.550	12.146	696.802
471000000	6.231	8.048	0.3750	0.1742	0.2153	0.2355	0.3433	0.1898	0.1821	0.2848	0.6376	1.7248	4.5757E-3	14.677	12.004	697.735
472000000	6.471	8.615	0.3873	0.1656	0.2074	0.2398	0.3555	0.1763	0.1886	0.2796	0.6111	1.7778	4.4455E-3	16.580	12.419	722.840
473000000	6.267	8.357	0.3754	0.1757	0.2179	0.2310	0.3556	0.1902	0.1727	0.2815	0.6401	1.7197	4.4024E-3	16.868	12.750	736.712
474000000	5.680	9.362	0.3904	0.1647	0.2164	0.2285	0.3525	0.1895	0.1793	0.2787	0.6159	1.7683	4.2448E-3	17.701	12.799	745.098
475000000	6.749	8.716	0.4004	0.1608	0.2015	0.2374	0.3412	0.1903	0.1795	0.2890	0.6193	1.7614	4.3728E-3	16.972	12.506	725.883
476000000	6.093	8.169	0.3865	0.1640	0.2058	0.2438	0.3551	0.1873	0.1768	0.2808	0.6125	1.7750	4.2954E-3	16.315	12.538	720.219
477000000	6.448	7.923	0.4083	0.1578	0.2056	0.2283	0.3651	0.1837	0.1781	0.2731	0.6092	1.7816	4.4159E-3	16.247	12.373	723.239
478000000	6.039	9.233	0.3727	0.1770	0.2173	0.2330	0.3644	0.1778	0.1679	0.2900	0.6404	1.7192	4.3883E-3	17.533	12.600	735.020
479000000	6.071	8.946	0.3936	0.1694	0.2145	0.2226	0.3498	0.1902	0.1900	0.2701	0.6043	1.7913	4.3907E-3	16.803	12.386	735.946
480000000	6.597	8.714	0.3787	0.1657	0.2231	0.2324	0.3664	0.1856	0.1743	0.2737	0.6283	1.7434	4.3529E-3	17.090	12.519	735.932
481000000	6.272	9.113	0.3976	0.1739	0.2130	0.2155	0.3469	0.1869	0.1754	0.2909	0.6316	1.7368	4.4115E-3	16.660	12.288	723.350
482000000	6.408	9.044	0.4009	0.1604	0.2184	0.2202	0.3527	0.1818	0.1838	0.2817	0.6167	1.7665	4.2555E-3	17.911	12.458	743.541
483000000	6.292	8.362	0.3852	0.1697	0.2124	0.2326	0.3403	0.1937	0.1862	0.2798	0.6193	1.7614	4.1894E-3	17.426	12.274	752.113
484000000	6.653	8.812	0.3925	0.1878	0.1974	0.2223	0.3655	0.1783	0.1780	0.2782	0.6219	1.7561	4.2727E-3	17.434	12.756	732.322
485000000	6.252	9.001	0.3896	0.1743	0.2165	0.2196	0.3644	0.1752	0.1854	0.2751	0.5944	1.8113	4.3971E-3	16.193	12.459	724.606
486000000	6.601	8.865	0.3918	0.1611	0.2193	0.2278	0.3465	0.2023	0.1720	0.2792	0.6430	1.7141	4.2378E-3	17.388	12.042	717.906
487000000	5.855	8.970	0.3941	0.1759	0.2012	0.2288	0.3503	0.1978	0.1799	0.2719	0.6073	1.7853	4.2655E-3	16.978	12.802	728.708
488000000	6.290	9.289	0.3998	0.1646	0.2059	0.2297	0.3622	0.1926	0.1718	0.2734	0.6184	1.7633	4.3629E-3	17.025	12.495	727.124
489000000	6.806	8.625	0.3920	0.1672	0.2049	0.2359	0.3581	0.1790	0.1844	0.2785	0.6129	1.7741	4.462E-3	16.843	12.321	716.521
490000000	6.327	8.466	0.4025	0.1668	0.2083	0.2224	0.3454	0.1773	0.1854	0.2919	0.6218	1.7564	4.3167E-3	17.215	12.253	737.656
491000000	6.606	9.118	0.3954	0.1697	0.2060	0.2289	0.3595	0.1942	0.1810	0.2653	0.6271	1.7458	4.4749E-3	16.167	12.535	716.449
492000000	6.041	8.516	0.4070	0.1577	0.2196	0.2156	0.3611	0.1908	0.1711	0.2769	0.6193	1.7614	4.3914E-3	16.387	12.495	724.280
493000000	5.923	9.518	0.4125	0.1689	0.2020	0.2165	0.3599	0.1883	0.1703	0.2815	0.6044	1.7912	4.2853E-3	16.993	12.634	750.523
494000000	6.625	8.363	0.3976	0.1636	0.2206	0.2182	0.3505	0.2013	0.1818	0.2664	0.6259	1.7482	4.5088E-3	15.858	12.541	707.602
495000000	6.341	9.543	0.3740	0.1804	0.2143	0.2314	0.3582	0.1960	0.1764	0.2694	0.6270	1.7459	4.4126E-3	17.490	12.295	732.360
496000000	5.993	8.975	0.3975	0.1592	0.2127	0.2305	0.3536	0.1921	0.1735	0.2808	0.6269	1.7462	4.3432E-3	15.935	12.357	722.536
497000000	6.390	8.978	0.4030	0.1700	0.2158	0.2112	0.3577	0.1801	0.1756	0.2866	0.6406	1.7189	4.3009E-3	16.689	12.930	731.769
498000000	6.519	9.099	0.3901	0.1724	0.2150	0.2225	0.3599	0.1775	0.1783	0.2843	0.6194	1.7611	4.4118E-3	16.835	12.772	725.598
499000000	6.871	8.469	0.3966	0.1625	0.2177	0.2231	0.3461	0.1959	0.1846	0.2734	0.6150	1.7699	4.463E-3	15.916	13.088	708.499
500000000	6.381	9.608	0.3783	0.1682	0.2116	0.2420	0.3618	0.1880	0.1780	0.2722	0.6191	1.7618	4.4842E-3	17.027	12.405	712.396
501000000	6.322	8.938	0.3871	0.1770	0.2156	0.2203	0.3449	0.1883	0.1766	0.2902	0.6298	1.7404	4.2971E-3	16.850	12.416	720.162
502000000	6.688	9.458	0.3991	0.1631	0.2101	0.2277	0.3476	0.1933	0.1763	0.2828	0.6282	1.7437	4.2515E-3	17.749	12.823	751.850
503000000	6.498	9.253	0.4149	0.1564	0.2236	0.2052	0.3560	0.1908	0.1792	0.2740	0.6090	1.7819	4.1187E-3	17.591	12.967	740.512
504000000	6.259	9.027	0.3942	0.1783	0.2194	0.2081	0.3618	0.1943	0.1824	0.2615	0.6068	1.7864	4.2677E-3	17.845	12.459	745.675
505000000	5.856	9.272	0.3956	0.1638	0.2151	0.2254	0.3692	0.1850	0.1734	0.2725	0.6146	1.7707	4.2457E-3	16.635	12.161	723.343
506000000	6.168	8.988	0.3999	0.1679	0.2090	0.2232	0.3583	0.1904	0.1778	0.2735	0.6135	1.7731	4.3891E-3	16.738	12.350	724.318
507000000	6.394	9.189	0.4072	0.1785	0.2112	0.2031	0.3544	0.1877	0.1773	0.2805	0.6147	1.7706	4.4848E-3	16.760	12.857	715.666
508000000	6.154	8.727	0.3919	0.1811	0.2020	0.2251	0.3551	0.1896	0.1742	0.2810	0.6139	1.7722	4.2567E-3	16.825	12.594	738.022
509000000	6.682	9.094	0.3959	0.1757	0.2140	0.2144	0.3562	0.1892	0.1823	0.2723	0.6193	1.7614	4.4189E-3	16.116	12.801	717.830
510000000	6.407	9.376	0.3967	0.1655	0.2153	0.2225	0.3445	0.1930	0.1918	0.2707	0.6270	1.7460	4.389E-3	16.658	12.766	724.340
511000000	6.714	9.530	0.4013	0.1804	0.2083	0.2099	0.3500	0.1884	0.1782	0.2834	0.6251	1.7498	4.4957E-3	15.972	12.762	711.251
512000000	6.661	8.565	0.3983	0.1668	0.2093	0.2256	0.3658	0.1820	0.1733	0.2789	0.6330	1.7339	4.6109E-3	14.688	11.998	690.772
513000000	5.736	8.403	0.3934	0.1732	0.2123	0.2211	0.3353	0.1870	0.1870	0.2906	0.6178	1.7645	4.359E-3	16.798	12.782	730.625
514000000	6.007	9.209	0.3903	0.1640	0.2120	0.2336	0.3392	0.1792	0.1859	0.2956	0.6256	1.7488	4.4635E-3	15.885	12.394	713.949
515000000	6.358	8.917	0.3954	0.1635	0.2206	0.2206	0.3434	0.1842	0.1814	0.2909	0.6317	1.7365	4.4679E-3	16.159	12.487	712.440
516000000	6.501	9.547	0.3828	0.1644	0.2191	0.2338	0.3526	0.1910	0.1830	0.2734	0.6340	1.7321	4.3426E-3	17.300	12.028	731.273
517000000	5.951	8.622	0.4162	0.1686	0.2077	0.2076	0.3582	0.1907	0.1780	0.2731	0.5985	1.8030	4.1463E-3	17.971	12.402	747.340
518000000	6.358	9.201	0.3837	0.1774	0.2184	0.2205	0.3609	0.1884	0.1704	0.2803	0.6286	1.7429	4.2338E-3	17.023	12.929	726.910
519000000	6.330	9.542	0.3900	0.1728	0.2102	0.2269	0.3675	0.1783	0.1777	0.2764	0.6334	1.7333	4.3446E-3	17.083	12.298	736.529
520000000	6.723	9.829	0.3905	0.1721	0.1955	0.2419	0.3432	0.1987	0.1846	0.2736	0.6296	1.7408	4.1279E-3	17.824	12.488	747.406
521000000	6.606	7.724	0.3826	0.1677	0.2136	0.2361	0.3669	0.1967	0.1702	0.2662	0.6151	1.7698	4.1937E-3	16.992	13.085	730.948
522000000	6.162	9.105	0.3859	0.1713	0.2191	0.2236	0.3533	0.1838	0.1715	0.2914	0.6244	1.7512	4.2033E-3	17.455	12.202	731.728
523000000	6.156	9.548	0.3877	0.1832	0.2116	0.2175	0.3618	0.1826	0.1750	0.2805	0.6251	1.7498	4.137E-3	17.748	12.755	751.899
524000000	5.836	8.920	0.3998	0.1688	0.2067	0.2246	0.3620	0.1864	0.1745	0.2770	0.6194	1.7612	4.2528E-3	17.931	12.794	744.358
525000000	6.121	8.537	0.3859	0.1733	0.2152	0.2255	0.3460	0.1907	0.1844	0.2790	0.6157	1.7685	4.06E-3	17.839	13.028	751.485
526000000	6.101	9.037	0.3856	0.1806	0.2135	0.2204	0.3547	0.1901	0.1942	0.2609	0.6236	1.7529	4.3544E-3	16.950	12.870	727.983
527000000	6.874	8.638	0.3990	0.1784	0.1989	0.2237	0.3428	0.1903	0.1945	0.2724	0.6010	1.7979	4.4133E-3	15.634	12.555	710.054
528000000	6.165	9.189	0.3937	0.1691	0.2156	0.2217	0.3586	0.1816	0.1851	0.2747	0.6262	1.7476	4.4009E-3	16.775	12.836	731.594
529000000	6.203	8.429	0.3964	0.1678	0.2206	0.2152	0.3528	0.1915	0.1819	0.2738	0.6056	1.7888	4.3132E-3	17.346	12.402	730.996
530000000	6.547	8.683	0.3883	0.1634	0.2295	0.2187	0.3628	0.1766	0.1879	0.2727	0.6374	1.7252	4.3333E-3	16.927	12.523	724.307
531000000	5.915	9.409	0.3910	0.1739	0.2154	0.2196	0.3491	0.1803	0.1933	0.2774	0.6212	1.7575	4.32E-3	16.607	12.375	727.506
532000000	5.708	8.447	0.3975	0.1757	0.2183	0.2084	0.3670	0.1824	0.1765	0.2742	0.6379	1.7243	4.2623E-3	16.741	11.975	740.891
533000000	6.594	8.631	0.3904	0.1689	0.2124	0.2283	0.3691	0.1786	0.1819	0.2704	0.6330	1.7341	4.1591E-3	16.766	13.012	749.631
534000000	6.047	8.961	0.3909	0.1676	0.2150	0.2265	0.3460	0.1965	0.1797	0.2778	0.6286	1.7427	4.2963E-3	16.659	12.465	721.491
535000000	6.634	8.827	0.4005	0.1673	0.2104	0.2218	0.3506	0.1865	0.1770	0.2859	0.6311	1.7379	4.275E-3	16.821	12.260	730.708
536000000	6.723	9.372	0.3855	0.1703	0.2188	0.2253	0.3492	0.1905	0.1811	0.2792	0.6318	1.7363	4.476E-3	15.936	12.592	707.727
537000000	5.709	8.731	0.3938	0.1753	0.2120	0.2189	0.3620	0.1730	0.1930	0.2720	0.6058	1.7883	4.4753E-3	16.951	12.324	739.420
538000000	6.286	8.709	0.3702	0.1724	0.2118	0.2455	0.3616	0.1743	0.1771	0.2870	0.6139	1.7722	4.5196E-3	15.452	12.296	708.648
539000000	5.678	8.743	0.3898	0.1732	0.2142	0.2229	0.3593	0.1941	0.1759	0.2707	0.6196	1.7609	4.4326E-3	16.259	12.142	723.405
540000000	6.780	8.224	0.4024	0.1727	0.2061	0.2188	0.3474	0.1930	0.1879	0.2718	0.6068	1.7864	4.3879E-3	16.833	12.270	720.558
541000000	6.331	9.335	0.3880	0.1891	0.2072	0.2157	0.3642	0.1798	0.1808	0.2751	0.6241	1.7518	4.3424E-3	15.921	12.879	715.900
542000000	6.516	9.376	0.3913	0.1661	0.2120	0.2306	0.3559	0.1968	0.1694	0.2780	0.6134	1.7733	4.3018E-3	16.515	12.998	732.281
543000000	6.458	9.052	0.3867	0.1691	0.2186	0.2255	0.3431	0.1858	0.1918	0.2793	0.6161	1.7677	4.3908E-3	15.887	12.792	719.692
544000000	6.414	8.582	0.3841	0.1756	0.2103	0.2300	0.3359	0.1887	0.1958	0.2796	0.6181	1.7638	4.435E-3	16.135	12.666	713.864
545000000	6.399	8.561	0.3973	0.1633	0.2151	0.2242	0.3501	0.2032	0.1921	0.2545	0.6283	1.7434	4.424E-3	16.554	12.489	722.517
546000000	5.785	9.209	0.3973	0.1722	0.2082	0.2223	0.3587	0.1833	0.1870	0.2710	0.6235	1.7531	4.4026E-3	17.213	12.584	728.575
547000000	6.699	9.130	0.3961	0.1788	0.2062	0.2189	0.3612	0.1912	0.1796	0.2680	0.6266	1.7469	4.3465E-3	16.745	13.234	736.197
548000000	6.078	8.892	0.4105	0.1635	0.1976	0.2284	0.3434	0.1715	0.1813	0.3038	0.6292	1.7416	4.3265E-3	16.929	12.671	723.948
549000000	6.367	9.077	0.3820	0.1546	0.2230	0.2404	0.3539	0.1920	0.1817	0.2723	0.6216	1.7569	4.3971E-3	16.944	12.483	726.091
550000000	6.314	9.064	0.3990	0.1665	0.2074	0.2272	0.3695	0.1908	0.1788	0.2609	0.6093	1.7814	4.1723E-3	17.592	12.697	749.619
551000000	6.438	9.344	0.3970	0.1696	0.2068	0.2265	0.3421	0.2048	0.1806	0.2726	0.6178	1.7644	4.3073E-3	17.755	12.718	737.021
552000000	6.638	9.814	0.3917	0.1718	0.2200	0.2164	0.3469	0.1842	0.1911	0.2778	0.6176	1.7648	4.461E-3	16.229	12.256	724.483
553000000	6.715	8.326	0.3939	0.1779	0.2133	0.2148	0.3441	0.1904	0.1821	0.2834	0.6290	1.7420	4.3241E-3	16.599	12.401	719.809
554000000	7.220	8.272	0.4021	0.1723	0.2072	0.2184	0.3455	0.1885	0.1888	0.2772	0.6146	1.7708	4.3148E-3	16.638	12.363	726.785
555000000	5.424	9.222	0.4031	0.1793	0.1998	0.2179	0.3576	0.1801	0.1861	0.2762	0.6239	1.7522	4.222E-3	17.595	12.990	752.593
556000000	6.398	8.731	0.4099	0.1663	0.1989	0.2249	0.3541	0.1850	0.1815	0.2794	0.6184	1.7631	4.4115E-3	16.289	12.548	712.456
557000000	6.603	8.322	0.3968	0.1658	0.2058	0.2315	0.3467	0.1830	0.2041	0.2662	0.6224	1.7553	4.4515E-3	16.929	12.487	723.646
558000000	7.729	8.812	0.3903	0.1690	0.2108	0.2299	0.3409	0.1943	0.1779	0.2868	0.6255	1.7491	4.3972E-3	16.828	12.347	726.076
559000000	5.793	8.823	0.3961	0.1740	0.2036	0.2263	0.3538	0.1818	0.1809	0.2836	0.6108	1.7783	4.3925E-3	16.321	12.462	720.426
560000000	7.253	8.733	0.3951	0.1527	0.2220	0.2302	0.3687	0.1866	0.1805	0.2641	0.6113	1.7774	4.1968E-3	17.141	12.399	739.054
561000000	6.732	8.059	0.3927	0.1683	0.2144	0.2246	0.3542	0.1946	0.1689	0.2823	0.6275	1.7451	4.469E-3	16.164	13.328	715.642
562000000	6.629	8.175	0.3885	0.1780	0.2125	0.2210	0.3636	0.1981	0.1658	0.2725	0.6202	1.7595	4.388E-3	16.024	12.326	706.744
563000000	6.433	9.125	0.3983	0.1694	0.2106	0.2217	0.3559	0.1885	0.1751	0.2806	0.6174	1.7652	4.4996E-3	16.567	12.379	716.649
564000000	6.978	8.757	0.3732	0.1704	0.2385	0.2179	0.3637	0.1767	0.1788	0.2807	0.6288	1.7424	4.4155E-3	16.763	12.467	732.518
565000000	6.647	9.351	0.4121	0.1673	0.2034	0.2172	0.3580	0.1882	0.1932	0.2605	0.6124	1.7751	4.4892E-3	16.052	12.212	711.799
566000000	5.656	9.217	0.4023	0.1660	0.2144	0.2174	0.3517	0.1911	0.1877	0.2696	0.6203	1.7594	4.4099E-3	16.147	12.409	714.265
567000000	6.083	9.210	0.4049	0.1703	0.2041	0.2207	0.3547	0.1928	0.1793	0.2733	0.6165	1.7669	4.2778E-3	17.131	12.285	735.763
568000000	5.441	8.468	0.3932	0.1702	0.2159	0.2207	0.3606	0.1824	0.1715	0.2854	0.6292	1.7416	4.4299E-3	16.296	12.109	715.353
569000000	6.798	8.643	0.4057	0.1662	0.2174	0.2107	0.3705	0.1946	0.1763	0.2586	0.6120	1.7760	4.3014E-3	17.621	13.183	742.007
570000000	6.639	8.753	0.3929	0.1727	0.2127	0.2217	0.3698	0.1846	0.1654	0.2802	0.6292	1.7415	4.3358E-3	16.140	12.136	724.822
571000000	6.710	8.495	0.3895	0.1713	0.2152	0.2240	0.3717	0.1814	0.1781	0.2688	0.6340	1.7320	4.3208E-3	17.198	12.205	748.118
572000000	6.373	9.230	0.3811	0.1810	0.2184	0.2195	0.3439	0.1961	0.1764	0.2837	0.6330	1.7340	4.2925E-3	17.886	12.259	751.805
573000000	5.609	8.849	0.3895	0.1773	0.2155	0.2176	0.3485	0.1858	0.1749	0.2908	0.5985	1.8031	4.385E-3	16.095	12.577	722.773
574000000	6.532	8.542	0.3874	0.1726	0.2146	0.2254	0.3509	0.1840	0.1756	0.2894	0.6104	1.7792	4.3297E-3	16.513	12.192	727.649
575000000	6.668	9.144	0.3829	0.1739	0.2213	0.2220	0.3455	0.1872	0.2000	0.2673	0.6166	1.7669	4.4404E-3	16.880	12.647	730.178
576000000	6.856	8.063	0.3951	0.1720	0.2030	0.2299	0.3620	0.1773	0.1842	0.2765	0.6152	1.7696	4.1586E-3	17.725	13.300	744.355
577000000	6.289	8.322	0.3965	0.1704	0.2127	0.2205	0.3481	0.1910	0.1802	0.2808	0.6152	1.7696	4.1953E-3	17.625	12.368	742.667
578000000	6.979	9.867	0.4036	0.1726	0.1970	0.2268	0.3626	0.1777	0.1794	0.2804	0.6169	1.7662	4.1953E-3	16.916	12.440	735.401
579000000	6.474	9.209	0.4001	0.1742	0.2156	0.2101	0.3488	0.1885	0.1858	0.2768	0.6291	1.7418	4.2342E-3	18.159	12.841	751.079
580000000	6.916	8.828	0.3915	0.1578	0.2169	0.2337	0.3559	0.1904	0.1765	0.2773	0.6154	1.7693	4.4883E-3	15.852	12.531	708.925
581000000	6.679	8.459	0.3916	0.1668	0.2043	0.2372	0.3492	0.1843	0.1838	0.2827	0.5881	1.8238	4.2212E-3	17.551	12.561	741.872
582000000	6.850	8.546	0.3839	0.1560	0.2194	0.2407	0.3463	0.1872	0.1878	0.2787	0.6139	1.7723	4.4728E-3	15.912	12.710	721.158
583000000	6.929	9.594	0.3931	0.1617	0.2156	0.2296	0.3616	0.1780	0.1778	0.2825	0.6167	1.7665	4.5062E-3	15.752	12.178	717.643
584000000	6.473	8.394	0.3944	0.1646	0.2043	0.2367	0.3615	0.1854	0.1762	0.2769	0.6239	1.7522	4.2088E-3	17.414	12.196	737.264
585000000	6.219	8.901	0.3967	0.1745	0.2096	0.2193	0.3624	0.1848	0.1816	0.2712	0.6080	1.7840	4.2195E-3	17.635	12.357	750.758
586000000	6.816	8.253	0.3999	0.1545	0.2318	0.2138	0.3655	0.1836	0.1784	0.2725	0.6140	1.7719	4.3918E-3	17.254	12.370	743.500
587000000	6.343	8.817	0.3976	0.1737	0.2117	0.2169	0.3433	0.1884	0.1827	0.2855	0.6260	1.7481	4.2588E-3	16.432	12.479	730.118
588000000	6.355	9.091	0.3973	0.1678	0.2125	0.2225	0.3558	0.1964	0.1690	0.2788	0.6102	1.7797	4.2854E-3	17.190	12.802	738.406
589000000	6.117	9.003	0.3981	0.1678	0.2193	0.2149	0.3425	0.1894	0.1837	0.2845	0.6307	1.7387	4.3074E-3	17.113	12.380	739.757
590000000	6.387	9.351	0.3984	0.1610	0.2158	0.2247	0.3613	0.1881	0.1755	0.2751	0.6112	1.7776	4.3256E-3	16.845	12.091	734.125
591000000	6.550	8.969	0.3945	0.1652	0.2192	0.2211	0.3454	0.1938	0.1830	0.2778	0.6082	1.7837	4.2313E-3	18.080	12.605	752.376
592000000	6.826	8.894	0.3965	0.1573	0.2112	0.2349	0.3705	0.1734	0.1844	0.2717	0.6174	1.7652	4.2331E-3	16.949	12.508	734.933
593000000	5.946	8.946	0.3786	0.1656	0.2182	0.2377	0.3414	0.1895	0.1831	0.2861	0.6019	1.7962	4.3518E-3	17.680	12.776	745.111
594000000	6.007	8.871	0.4004	0.1680	0.2166	0.2151	0.3565	0.1818	0.1790	0.2827	0.6203	1.7595	4.2577E-3	16.100	12.472	730.940
595000000	7.060	9.357	0.3925	0.1645	0.2171	0.2260	0.3557	0.1927	0.1810	0.2706	0.6232	1.7535	4.4714E-3	16.583	13.149	717.006
596000000	6.061	8.555	0.4047	0.1586	0.2143	0.2225	0.3495	0.1886	0.1760	0.2858	0.6220	1.7559	4.2939E-3	16.828	12.628	735.373
597000000	6.167	9.116	0.3795	0.1807	0.2030	0.2368	0.3377	0.1963	0.1813	0.2848	0.6062	1.7877	4.3022E-3	16.997	12.232	728.335
598000000	6.172	10.253	0.3990	0.1792	0.2002	0.2216	0.3572	0.1794	0.1758	0.2876	0.6196	1.7608	4.4299E-3	16.738	12.376	719.152
599000000	6.255	9.099	0.4138	0.1659	0.2138	0.2065	0.3543	0.1741	0.1834	0.2883	0.6133	1.7735	4.4035E-3	16.111	12.991	723.444
600000000	6.000	9.248	0.3949	0.1564	0.2285	0.2202	0.3605	0.1935	0.1725	0.2734	0.6366	1.7268	4.1731E-3	17.822	12.707	749.599
601000000	6.227	9.000	0.3982	0.1579	0.2132	0.2307	0.3573	0.1839	0.1776	0.2812	0.6149	1.7703	4.4487E-3	15.660	12.479	716.227
602000000	6.444	8.825	0.3901	0.1708	0.2221	0.2170	0.3499	0.1926	0.1633	0.2942	0.6260	1.7481	4.332E-3	16.275	12.633	726.968
603000000	6.449	8.681	0.3987	0.1627	0.2060	0.2327	0.3423	0.2106	0.1726	0.2745	0.5981	1.8037	4.3318E-3	16.518	12.360	727.464
604000000	6.340	8.508	0.3802	0.1719	0.2211	0.2267	0.3534	0.1788	0.1818	0.2859	0.6336	1.7328	4.2823E-3	16.692	12.484	726.967
605000000	6.698	8.205	0.3911	0.1611	0.2208	0.2270	0.3615	0.1911	0.1689	0.2784	0.6279	1.7443	4.1665E-3	16.816	12.302	734.865
606000000	6.464	8.747	0.4009	0.1634	0.2091	0.2266	0.3530	0.1794	0.1899	0.2777	0.6114	1.7772	4.2054E-3	16.641	12.845	726.325
607000000	6.337	9.360	0.3828	0.1757	0.2143	0.2272	0.3569	0.1937	0.1752	0.2743	0.6285	1.7431	4.4616E-3	17.252	12.741	722.961
608000000	6.170	8.990	0.3973	0.1674	0.2152	0.2202	0.3652	0.1854	0.1770	0.2725	0.6142	1.7716	4.2769E-3	16.253	12.751	723.439
609000000	5.798	8.664	0.3956	0.1752	0.2136	0.2155	0.3609	0.1857	0.1851	0.2684	0.6171	1.7658	4.3664E-3	16.044	12.409	721.683
610000000	5.960	9.105	0.3946	0.1588	0.2295	0.2170	0.3723	0.1841	0.1807	0.2630	0.6318	1.7364	4.3206E-3	16.429	12.475	728.412
611000000	6.569	8.033	0.4045	0.1567	0.2161	0.2227	0.3342	0.1939	0.1875	0.2844	0.6051	1.7899	4.2117E-3	16.860	12.358	732.594
612000000	6.590	9.047	0.3968	0.1658	0.2138	0.2237	0.3656	0.1888	0.1759	0.2697	0.6250	1.7499	4.2656E-3	18.281	12.361	756.478
613000000	6.615	9.491	0.3935	0.1660	0.2238	0.2167	0.3565	0.1830	0.1819	0.2785	0.6144	1.7712	4.2566E-3	15.891	12.501	725.433
614000000	6.966	9.199	0.4096	0.1532	0.2215	0.2156	0.3521	0.1866	0.1771	0.2841	0.6376	1.7248	4.3697E-3	16.368	12.271	715.266
615000000	6.727	8.766	0.4036	0.1526	0.2251	0.2188	0.3444	0.1896	0.1821	0.2839	0.6197	1.7606	4.341E-3	15.779	12.190	725.695
616000000	6.903	9.067	0.3929	0.1607	0.2236	0.2228	0.3764	0.1808	0.1732	0.2696	0.6153	1.7693	4.2031E-3	17.464	13.085	752.392
617000000	6.183	9.168	0.3856	0.1708	0.2179	0.2258	0.3806	0.1847	0.1801	0.2546	0.6389	1.7222	4.2916E-3	17.218	12.638	740.427
618000000	6.510	8.707	0.3902	0.1770	0.2094	0.2234	0.3493	0.1867	0.1805	0.2835	0.6176	1.7648	4.3649E-3	16.583	12.252	732.635
619000000	6.178	8.684	0.3936	0.1663	0.2152	0.2249	0.3372	0.1937	0.1868	0.2823	0.6080	1.7841	4.4131E-3	16.584	12.496	723.995
620000000	6.476	9.361	0.3954	0.1691	0.2087	0.2268	0.3604	0.1920	0.1642	0.2834	0.6232	1.7537	4.2343E-3	17.141	11.957	743.988
621000000	7.210	8.996	0.4059	0.1659	0.1990	0.2292	0.3508	0.1857	0.1885	0.2751	0.6204	1.7592	4.3658E-3	16.841	12.423	728.132
622000000	5.942	8.410	0.4119	0.1745	0.2045	0.2091	0.3552	0.1904	0.1798	0.2746	0.6233	1.7534	4.3499E-3	16.984	12.760	726.753
623000000	6.726	8.862	0.3887	0.1711	0.2139	0.2264	0.3383	0.1944	0.1851	0.2822	0.6071	1.7859	4.4429E-3	16.242	12.286	715.763
624000000	6.542	8.612	0.3895	0.1730	0.2133	0.2243	0.3592	0.1794	0.1740	0.2874	0.6119	1.7762	4.2994E-3	17.151	12.041	733.227
625000000	6.221	8.860	0.4036	0.1626	0.2148	0.2190	0.3483	0.1894	0.1877	0.2746	0.6296	1.7407	4.2537E-3	17.907	12.197	743.406
626000000	7.093	8.855	0.3915	0.1663	0.2117	0.2304	0.3529	0.1876	0.1865	0.2730	0.6148	1.7705	4.2676E-3	16.122	12.704	721.425
627000000	6.646	9.026	0.4106	0.1509	0.2171	0.2214	0.3511	0.1875	0.1784	0.2830	0.6258	1.7485	4.358E-3	17.054	12.688	734.249
628000000	6.533	8.697	0.3942	0.1698	0.2032	0.2328	0.3519	0.1878	0.1846	0.2757	0.6226	1.7548	4.3666E-3	17.444	12.776	730.697
629000000	6.276	8.804	0.4102	0.1683	0.2077	0.2138	0.3581	0.1869	0.1810	0.2739	0.6357	1.7287	4.3924E-3	16.464	12.318	721.315
630000000	6.728	8.824	0.4013	0.1610	0.2159	0.2218	0.3449	0.1891	0.1736	0.2924	0.6384	1.7231	4.4354E-3	16.467	12.230	712.732
631000000	6.118	9.023	0.4012	0.1643	0.2069	0.2276	0.3648	0.1794	0.1808	0.2750	0.6295	1.7411	4.2946E-3	15.753	12.568	712.585
632000000	5.828	8.804	0.4101	0.1806	0.2092	0.2001	0.3635	0.1928	0.1716	0.2721	0.6323	1.7355	4.4404E-3	16.483	12.605	713.969
633000000	6.777	9.161	0.3978	0.1705	0.2041	0.2276	0.3523	0.2002	0.1844	0.2632	0.6099	1.7802	4.4136E-3	16.769	12.464	732.460
634000000	6.610	9.152	0.3895	0.1644	0.2135	0.2326	0.3491	0.1940	0.1708	0.2861	0.6266	1.7468	4.345E-3	16.959	12.412	730.282
635000000	5.947	8.996	0.3889	0.1688	0.2112	0.2311	0.3381	0.1986	0.1823	0.2810	0.6125	1.7750	4.3846E-3	17.477	12.617	735.952
636000000	6.404	8.381	0.3902	0.1662	0.2210	0.2226	0.3639	0.1863	0.1695	0.2803	0.6518	1.6963	4.2938E-3	16.663	12.684	732.444
637000000	6.304	8.748	0.3875	0.1714	0.2150	0.2261	0.3553	0.1983	0.1727	0.2736	0.6158	1.7684	4.3427E-3	15.933	12.721	727.695
638000000	6.073	9.416	0.3972	0.1667	0.2172	0.2189	0.3553	0.2037	0.1751	0.2660	0.6287	1.7426	4.4772E-3	16.398	11.931	712.843
639000000	6.790	8.823	0.4085	0.1597	0.2064	0.2254	0.3583	0.1895	0.1787	0.2735	0.6107	1.7785	4.4056E-3	16.420	12.406	722.503
640000000	6.149	8.898	0.3924	0.1617	0.2204	0.2255	0.3579	0.1926	0.1782	0.2713	0.6268	1.7463	4.2418E-3	16.519	12.843	736.891
641000000	6.606	8.828	0.3960	0.1674	0.2090	0.2276	0.3505	0.1747	0.1886	0.2863	0.6239	1.7522	4.2568E-3	16.630	12.251	728.123
642000000	6.083	8.652	0.3930	0.1637	0.2171	0.2261	0.3634	0.1883	0.1794	0.2689	0.6341	1.7318	4.4413E-3	17.218	12.683	732.535
643000000	5.960	7.782	0.3986	0.1679	0.2263	0.2072	0.3506	0.1937	0.1734	0.2824	0.6269	1.7463	4.2562E-3	17.563	11.925	732.339
644000000	6.519	8.875	0.4014	0.1664	0.1975	0.2347	0.3695	0.1742	0.1893	0.2670	0.6240	1.7520	4.3469E-3	15.553	12.364	714.900
645000000	6.952	9.001	0.3954	0.1773	0.2069	0.2204	0.3471	0.1832	0.1859	0.2839	0.6150	1.7700	4.3811E-3	17.111	12.155	740.908
646000000	6.484	8.745	0.3791	0.1750	0.2099	0.2360	0.3505	0.1813	0.1800	0.2882	0.6127	1.7746	4.3718E-3	16.166	12.425	724.098
647000000	6.180	8.521	0.3855	0.1677	0.2179	0.2289	0.3608	0.1972	0.1737	0.2682	0.6411	1.7178	4.3145E-3	16.346	12.293	739.434
648000000	6.588	8.840	0.3969	0.1655	0.2109	0.2266	0.3539	0.1895	0.1896	0.2670	0.6270	1.7461	4.3645E-3	16.847	12.777	738.291
649000000	6.148	8.801	0.3901	0.1745	0.2167	0.2187	0.3545	0.1870	0.1771	0.2814	0.6357	1.7285	4.2845E-3	16.518	12.354	723.358
650000000	6.882	9.488	0.3911	0.1605	0.2148	0.2336	0.3481	0.1854	0.1840	0.2825	0.6374	1.7252	4.3516E-3	16.556	12.304	721.770
651000000	7.036	8.536	0.3985	0.1707	0.2106	0.2203	0.3487	0.1798	0.1798	0.2916	0.6112	1.7777	4.3575E-3	16.015	12.863	715.992
652000000	6.345	8.856	0.3924	0.1602	0.2160	0.2314	0.3453	0.1902	0.1745	0.2899	0.6203	1.7595	4.2292E-3	17.363	12.194	740.601
653000000	6.611	9.009	0.4078	0.1717	0.2030	0.2176	0.3586	0.1909	0.1743	0.2762	0.6237	1.7526	4.28E-3	15.853	13.327	736.438
654000000	6.251	9.415	0.3955	0.1749	0.2129	0.2167	0.3619	0.1837	0.1760	0.2785	0.6109	1.7782	4.3275E-3	16.384	12.510	730.373
655000000	6.483	9.507	0.3952	0.1664	0.2146	0.2237	0.3563	0.2040	0.1767	0.2629	0.6222	1.7557	4.3059E-3	16.260	12.288	723.309
656000000	6.965	8.986	0.3880	0.1697	0.2190	0.2233	0.3505	0.1875	0.1867	0.2753	0.6467	1.7067	4.4735E-3	16.029	13.071	715.510
657000000	6.889	9.125	0.3927	0.1624	0.2102	0.2347	0.3632	0.2005	0.1765	0.2598	0.6273	1.7454	4.2563E-3	17.225	12.251	734.786
658000000	6.429	8.985	0.3930	0.1561	0.2287	0.2222	0.3609	0.1822	0.1770	0.2800	0.6330	1.7340	4.2064E-3	17.676	12.834	741.160
659000000	6.658	8.697	0.4095	0.1597	0.2131	0.2177	0.3768	0.1875	0.1662	0.2695	0.6546	1.6907	4.2483E-3	17.940	13.663	749.783
660000000	7.850	8.434	0.3853	0.1728	0.2080	0.2340	0.3542	0.1914	0.1711	0.2832	0.6189	1.7622	4.3366E-3	16.402	12.307	719.940
661000000	6.623	8.749	0.3868	0.1680	0.2195	0.2257	0.3581	0.1941	0.1773	0.2705	0.6109	1.7782	4.3397E-3	17.274	12.517	737.920
662000000	6.168	8.588	0.3895	0.1682	0.2191	0.2232	0.3653	0.1892	0.1715	0.2740	0.6187	1.7627	4.3246E-3	16.586	12.853	727.869
663000000	6.355	9.114	0.3812	0.1724	0.2273	0.2192	0.3515	0.1805	0.1822	0.2858	0.6149	1.7702	4.4181E-3	16.315	12.154	718.454
664000000	6.943	9.039	0.3931	0.1627	0.2173	0.2268	0.3518	0.1899	0.1828	0.2756	0.6266	1.7469	4.306E-3	16.707	12.467	737.231
665000000	6.196	8.729	0.4015	0.1586	0.2087	0.2312	0.3565	0.1859	0.1692	0.2884	0.6312	1.7375	4.3808E-3	17.806	12.363	734.710
666000000	6.216	8.797	0.3957	0.1705	0.2206	0.2132	0.3508	0.1872	0.1800	0.2821	0.6278	1.7445	4.2978E-3	16.640	12.686	730.335
667000000	6.406	8.676	0.4038	0.1625	0.2028	0.2309	0.3586	0.1959	0.1793	0.2662	0.6145	1.7710	4.1756E-3	18.019	12.987	758.804
668000000	5.957	8.468	0.4045	0.1703	0.2053	0.2199	0.3486	0.1952	0.1697	0.2866	0.6247	1.7507	4.1164E-3	18.302	12.288	758.452
669000000	5.723	8.508	0.3969	0.1710	0.2301	0.2021	0.3551	0.1905	0.1798	0.2745	0.6188	1.7624	4.3783E-3	17.367	12.630	738.839
670000000	6.366	9.234	0.3952	0.1669	0.2133	0.2245	0.3373	0.1975	0.1935	0.2718	0.6078	1.7844	4.1893E-3	18.233	12.926	765.294
671000000	6.390	8.270	0.3946	0.1703	0.2113	0.2238	0.3431	0.1900	0.1824	0.2845	0.6160	1.7680	4.2301E-3	17.398	12.325	751.862
672000000	5.856	8.035	0.3917	0.1814	0.2167	0.2102	0.3668	0.1887	0.1736	0.2709	0.6276	1.7447	4.3489E-3	17.254	13.592	751.131
673000000	7.050	8.637	0.4037	0.1685	0.2078	0.2200	0.3525	0.2019	0.1814	0.2643	0.6240	1.7519	4.3031E-3	17.516	12.529	732.542
674000000	6.668	8.576	0.4044	0.1688	0.2110	0.2158	0.3674	0.1916	0.1766	0.2644	0.6218	1.7563	4.1282E-3	17.588	12.565	753.878
675000000	6.096	8.938	0.3987	0.1556	0.2113	0.2344	0.3375	0.2063	0.1763	0.2799	0.6108	1.7784	4.239E-3	17.825	12.902	748.543
676000000	6.200	8.673	0.4045	0.1735	0.2017	0.2203	0.3508	0.1883	0.1825	0.2785	0.6359	1.7282	4.1607E-3	17.140	12.553	741.377
677000000	6.013	9.308	0.3994	0.1634	0.2127	0.2245	0.3628	0.1874	0.1764	0.2734	0.6171	1.7658	4.2186E-3	18.126	12.736	755.820
678000000	6.193	8.838	0.4193	0.1702	0.2021	0.2085	0.3379	0.1961	0.1823	0.2838	0.6185	1.7630	4.2909E-3	17.426	12.345	739.527
679000000	6.684	8.439	0.3995	0.1598	0.2134	0.2273	0.3579	0.1802	0.1902	0.2717	0.6388	1.7224	4.3655E-3	16.808	12.571	724.979
680000000	5.660	9.519	0.3965	0.1759	0.2097	0.2179	0.3515	0.1811	0.1863	0.2812	0.6138	1.7724	4.4375E-3	16.470	12.969	724.946
681000000	6.215	8.800	0.3962	0.1675	0.2167	0.2196	0.3596	0.2025	0.1649	0.2730	0.6275	1.7450	4.2669E-3	17.476	12.746	749.527
682000000	6.575	8.974	0.4100	0.1645	0.2086	0.2169	0.3538	0.1933	0.1770	0.2759	0.6345	1.7310	4.4246E-3	16.609	12.628	721.138
683000000	5.671	9.336	0.3854	0.1687	0.2164	0.2296	0.3595	0.1852	0.1666	0.2886	0.6285	1.7430	4.2572E-3	16.921	12.666	741.563
684000000	6.441	9.361	0.3999	0.1625	0.2096	0.2281	0.3544	0.2064	0.1723	0.2668	0.6095	1.7810	4.4008E-3	16.969	12.279	721.841
685000000	6.092	8.682	0.4152	0.1626	0.2057	0.2165	0.3515	0.1923	0.1840	0.2722	0.6269	1.7461	4.2635E-3	17.351	12.621	735.073
686000000	6.948	8.997	0.3906	0.1748	0.2222	0.2124	0.3555	0.1888	0.1765	0.2792	0.6265	1.7470	4.4206E-3	16.556	12.215	717.627
687000000	7.071	8.865	0.3990	0.1729	0.2096	0.2186	0.3771	0.1965	0.1785	0.2479	0.6233	1.7534	4.4978E-3	15.872	12.023	707.892
688000000	5.900	8.389	0.4028	0.1722	0.2093	0.2158	0.3582	0.1823	0.1821	0.2774	0.6162	1.7676	4.4329E-3	16.190	12.817	725.661
689000000	6.057	8.675	0.3880	0.1674	0.2220	0.2227	0.3439	0.1862	0.1723	0.2975	0.6230	1.7540	4.5329E-3	16.458	12.510	715.948
690000000	6.300	9.098	0.3892	0.1761	0.2144	0.2203	0.3522	0.1809	0.1818	0.2851	0.6231	1.7538	4.4099E-3	16.373	12.615	719.491
691000000	7.037	8.674	0.4003	0.1686	0.2111	0.2200	0.3506	0.2022	0.1880	0.2592	0.6064	1.7872	4.5275E-3	16.162	12.558	715.085
692000000	6.058	8.883	0.3860	0.1682	0.2093	0.2365	0.3517	0.1961	0.1761	0.2761	0.6234	1.7532	4.217E-3	17.781	12.303	736.366
693000000	6.450	8.492	0.3827	0.1646	0.2156	0.2372	0.3512	0.1971	0.1810	0.2707	0.6281	1.7437	4.3314E-3	17.247	12.572	740.022
694000000	6.546	8.686	0.3847	0.1691	0.2073	0.2388	0.3588	0.1779	0.1830	0.2803	0.6255	1.7490	4.2666E-3	16.817	12.588	728.554
695000000	7.005	9.162	0.4014	0.1707	0.2102	0.2177	0.3553	0.1900	0.1781	0.2766	0.6100	1.7800	4.2845E-3	16.863	12.502	734.375
696000000	6.431	9.521	0.4070	0.1644	0.2044	0.2242	0.3521	0.2064	0.1762	0.2653	0.6288	1.7424	4.1785E-3	17.538	12.635	737.313
697000000	6.444	9.229	0.3920	0.1635	0.2206	0.2239	0.3632	0.1983	0.1757	0.2629	0.6270	1.7461	4.3235E-3	16.632	12.467	738.790
698000000	6.760	8.558	0.4090	0.1588	0.2114	0.2209	0.3609	0.1809	0.1831	0.2751	0.6018	1.7964	4.4991E-3	16.181	12.599	722.865
699000000	6.173	9.052	0.3892	0.1527	0.2127	0.2454	0.3523	0.1896	0.1822	0.2759	0.6073	1.7853	4.3626E-3	17.249	12.897	732.434
700000000	6.625	8.684	0.4029	0.1666	0.2099	0.2205	0.3694	0.1845	0.1769	0.2692	0.6099	1.7802	4.1503E-3	16.767	13.579	739.007
701000000	6.711	8.281	0.3964	0.1686	0.2109	0.2241	0.3385	0.1926	0.1837	0.2852	0.6291	1.7418	4.4027E-3	17.079	12.332	728.099
702000000	6.645	9.802	0.3976	0.1682	0.2173	0.2169	0.3758	0.1843	0.1670	0.2730	0.6378	1.7244	4.2554E-3	16.313	12.186	727.149
703000000	6.952	8.995	0.3824	0.1568	0.2216	0.2392	0.3589	0.1852	0.1820	0.2739	0.5978	1.8044	4.34E-3	16.577	12.692	732.520
704000000	6.256	9.125	0.4003	0.1721	0.2157	0.2119	0.3358	0.2031	0.1814	0.2797	0.6284	1.7431	4.266E-3	17.218	12.111	737.315
705000000	6.023	8.131	0.3968	0.1682	0.2247	0.2104	0.3569	0.1850	0.1764	0.2817	0.6375	1.7250	4.3338E-3	17.462	12.618	732.066
706000000	6.855	9.020	0.3951	0.1745	0.2087	0.2217	0.3562	0.1849	0.1874	0.2715	0.6176	1.7648	4.2997E-3	16.607	12.130	723.242
707000000	5.976	9.533	0.3946	0.1664	0.2241	0.2148	0.3572	0.1907	0.1741	0.2780	0.6287	1.7427	4.4658E-3	15.178	12.937	709.710
708000000	6.574	9.430	0.4056	0.1618	0.2162	0.2163	0.3492	0.1855	0.1835	0.2817	0.6200	1.7600	4.4263E-3	16.219	11.907	721.323
709000000	6.965	8.970	0.4071	0.1647	0.1989	0.2292	0.3458	0.1992	0.1775	0.2775	0.6125	1.7749	4.3636E-3	17.049	12.575	753.314
710000000	6.112	9.669	0.4014	0.1663	0.2100	0.2223	0.3515	0.1931	0.1745	0.2810	0.6140	1.7721	4.344E-3	15.497	12.060	698.939
711000000	6.474	8.631	0.4001	0.1675	0.2238	0.2085	0.3491	0.1857	0.1823	0.2829	0.6056	1.7889	4.5655E-3	15.643	11.904	690.632
712000000	6.344	8.299	0.4002	0.1706	0.2094	0.2198	0.3540	0.1908	0.1853	0.2698	0.6238	1.7524	4.4831E-3	16.216	12.278	706.402
713000000	6.431	9.675	0.3871	0.1552	0.2146	0.2430	0.3322	0.1998	0.1860	0.2820	0.6255	1.7490	4.5081E-3	16.129	12.356	709.333
714000000	6.532	8.645	0.3856	0.1759	0.2202	0.2184	0.3528	0.1924	0.1800	0.2748	0.6251	1.7498	4.4177E-3	16.328	12.326	717.513
715000000	6.628	9.412	0.3928	0.1670	0.2021	0.2381	0.3570	0.1848	0.1803	0.2780	0.6006	1.7988	4.3533E-3	15.960	12.303	715.597
716000000	6.798	8.179	0.3877	0.1656	0.2112	0.2355	0.3612	0.1763	0.1852	0.2773	0.6090	1.7821	4.2618E-3	17.114	12.024	718.776
717000000	6.232	9.275	0.3856	0.1821	0.2255	0.2068	0.3625	0.1735	0.1894	0.2746	0.6032	1.7937	4.2828E-3	17.711	12.799	741.956
718000000	5.919	8.892	0.3998	0.1744	0.2090	0.2168	0.3747	0.1899	0.1753	0.2601	0.6049	1.7903	4.2916E-3	16.870	12.736	727.774
719000000	6.462	9.139	0.3881	0.1709	0.2172	0.2238	0.3553	0.1877	0.1808	0.2762	0.6298	1.7405	4.3341E-3	16.228	12.359	726.905
720000000	7.149	8.415	0.3896	0.1700	0.2052	0.2353	0.3536	0.1898	0.1794	0.2771	0.6117	1.7767	4.4419E-3	16.654	12.856	716.179
721000000	6.591	8.535	0.4055	0.1607	0.2136	0.2201	0.3674	0.1791	0.1703	0.2832	0.6201	1.7598	4.4068E-3	15.154	12.775	713.590
722000000	7.081	9.042	0.3971	0.1693	0.2190	0.2146	0.3498	0.1814	0.1857	0.2831	0.6357	1.7286	4.4499E-3	16.740	12.680	721.567
723000000	6.416	8.817	0.3929	0.1678	0.2049	0.2344	0.3425	0.1927	0.1891	0.2757	0.6301	1.7397	4.5865E-3	16.238	12.176	709.599
724000000	6.343	9.756	0.4020	0.1690	0.2136	0.2154	0.3488	0.1843	0.1757	0.2913	0.6319	1.7362	4.4256E-3	15.722	12.433	714.846
725000000	6.158	8.882	0.3879	0.1666	0.2182	0.2274	0.3569	0.1984	0.1789	0.2659	0.6377	1.7245	4.3478E-3	16.399	12.670	718.941
726000000	6.700	8.770	0.3762	0.1828	0.2192	0.2218	0.3554	0.1862	0.1767	0.2817	0.6293	1.7414	4.4048E-3	16.064	12.183	706.557
727000000	6.656	8.717	0.3985	0.1721	0.2132	0.2163	0.3648	0.1942	0.1808	0.2602	0.6202	1.7595	4.2212E-3	17.385	12.644	746.247
728000000	6.070	9.142	0.4031	0.1675	0.2126	0.2167	0.3593	0.1894	0.1772	0.2741	0.6207	1.7586	4.3782E-3	16.050	12.058	721.703
729000000	6.622	8.150	0.3907	0.1627	0.2214	0.2253	0.3472	0.2038	0.1753	0.2736	0.6140	1.7719	4.3999E-3	16.263	12.558	733.244
730000000	6.422	8.463	0.3944	0.1700	0.2192	0.2164	0.3582	0.1845	0.1781	0.2792	0.6410	1.7181	4.1993E-3	17.887	12.362	745.999
731000000	6.152	8.803	0.3828	0.1773	0.2192	0.2208	0.3706	0.1821	0.1812	0.2661	0.6122	1.7757	4.3072E-3	17.228	12.226	735.120
732000000	6.230	8.219	0.3915	0.1636	0.2076	0.2373	0.3515	0.1914	0.1811	0.2759	0.5892	1.8216	4.1629E-3	18.027	12.867	763.502
733000000	6.646	8.483	0.3818	0.1747	0.2254	0.2181	0.3448	0.1997	0.1704	0.2852	0.6231	1.7537	4.2633E-3	17.619	12.539	749.553
734000000	6.362	9.329	0.4009	0.1653	0.2141	0.2197	0.3485	0.1820	0.1857	0.2838	0.6389	1.7223	4.5553E-3	16.058	12.206	714.901
735000000	6.569	8.503	0.3860	0.1665	0.2194	0.2280	0.3421	0.1800	0.1913	0.2866	0.6152	1.7696	4.4607E-3	16.530	11.986	709.460
736000000	6.347	9.158	0.3898	0.1903	0.2174	0.2026	0.3537	0.1980	0.1695	0.2787	0.6300	1.7400	4.3038E-3	16.826	12.623	736.751
737000000	6.040	8.200	0.3910	0.1859	0.2052	0.2180	0.3579	0.1826	0.1734	0.2861	0.5984	1.8033	4.231E-3	16.806	12.188	726.864
738000000	5.871	8.496	0.3943	0.1730	0.2094	0.2233	0.3444	0.1935	0.1792	0.2830	0.6109	1.7782	4.4324E-3	16.527	12.528	722.667
739000000	6.658	9.469	0.3903	0.1849	0.2203	0.2045	0.3565	0.1859	0.1777	0.2799	0.6416	1.7167	4.2763E-3	16.629	12.898	735.607
740000000	6.707	9.309	0.3928	0.1651	0.2262	0.2159	0.3476	0.1903	0.1785	0.2835	0.6281	1.7438	4.436E-3	16.352	12.430	712.089
741000000	5.516	8.552	0.4047	0.1702	0.2119	0.2132	0.3731	0.1932	0.1824	0.2512	0.6205	1.7589	4.1438E-3	17.401	12.227	751.095
742000000	6.382	8.894	0.3908	0.1833	0.2039	0.2220	0.3503	0.1949	0.1760	0.2789	0.6072	1.7855	4.3402E-3	17.194	12.046	718.658
743000000	6.617	8.604	0.3948	0.1573	0.2181	0.2298	0.3525	0.1934	0.1902	0.2639	0.6120	1.7760	4.3925E-3	17.251	12.479	731.030
744000000	6.824	8.228	0.4076	0.1593	0.2183	0.2148	0.3509	0.1854	0.1810	0.2827	0.6094	1.7813	4.2748E-3	16.587	12.352	722.852
745000000	6.347	9.134	0.3972	0.1633	0.2216	0.2179	0.3503	0.1948	0.1777	0.2772	0.6244	1.7512	4.3288E-3	16.593	12.106	732.992
746000000	6.610	9.045	0.3952	0.1684	0.2115	0.2248	0.3553	0.1970	0.1762	0.2715	0.6156	1.7687	4.22E-3	17.283	12.575	735.893
747000000	6.078	9.401	0.4083	0.1667	0.2118	0.2131	0.3479	0.2005	0.1813	0.2702	0.6186	1.7628	4.375E-3	16.245	12.019	729.753
748000000	6.795	9.512	0.3970	0.1758	0.2127	0.2145	0.3531	0.1823	0.1820	0.2826	0.6341	1.7318	4.3993E-3	16.996	12.235	727.122
749000000	6.324	8.862	0.4086	0.1574	0.2068	0.2271	0.3557	0.1853	0.1820	0.2770	0.6195	1.7611	4.2908E-3	16.577	12.023	731.737
750000000	6.176	9.446	0.3961	0.1746	0.2050	0.2242	0.3615	0.1826	0.1729	0.2830	0.6303	1.7394	4.2742E-3	17.162	12.513	723.030
751000000	5.568	9.646	0.3923	0.1666	0.2264	0.2147	0.3603	0.1887	0.1852	0.2659	0.6135	1.7730	4.1688E-3	17.973	12.947	748.278
752000000	7.150	7.780	0.4069	0.1706	0.2129	0.2096	0.3421	0.1939	0.1844	0.2796	0.6206	1.7588	4.35E-3	16.540	12.933	727.173
753000000	6.435	8.905	0.4045	0.1539	0.2035	0.2381	0.3479	0.1900	0.1797	0.2824	0.6423	1.7154	4.186E-3	18.295	12.098	742.200
754000000	6.398	10.615	0.3895	0.1789	0.2039	0.2277	0.3498	0.1899	0.1851	0.2751	0.6118	1.7763	4.236E-3	16.924	12.328	733.929
755000000	6.336	9.111	0.4057	0.1647	0.2067	0.2229	0.3520	0.1967	0.1735	0.2778	0.6018	1.7964	4.2761E-3	17.586	12.350	735.769
756000000	6.224	8.827	0.3918	0.1626	0.2270	0.2186	0.3496	0.1975	0.1843	0.2686	0.6170	1.7659	4.1815E-3	18.154	12.674	761.930
757000000	6.526	8.142	0.3991	0.1691	0.2100	0.2218	0.3568	0.2008	0.1704	0.2720	0.6257	1.7486	4.2786E-3	18.449	12.262	736.094
758000000	6.453	9.538	0.3942	0.1693	0.2127	0.2238	0.3553	0.1873	0.1858	0.2716	0.6120	1.7761	4.3651E-3	16.414	12.456	723.468
759000000	6.060	7.914	0.3897	0.1678	0.2125	0.2300	0.3441	0.1985	0.1867	0.2708	0.6103	1.7794	4.2294E-3	17.205	12.562	732.692
760000000	7.065	9.498	0.3947	0.1735	0.2094	0.2225	0.3642	0.1785	0.1804	0.2768	0.6235	1.7531	4.246E-3	17.106	12.729	733.880
761000000	6.360	9.333	0.3889	0.1798	0.2028	0.2284	0.3633	0.1856	0.1793	0.2718	0.6105	1.7790	4.4665E-3	16.220	12.332	711.330
762000000	5.881	8.708	0.3913	0.1714	0.2135	0.2237	0.3486	0.1841	0.1851	0.2823	0.6100	1.7800	4.2877E-3	16.865	12.544	732.504
763000000	6.062	9.321	0.3829	0.1754	0.2172	0.2245	0.3524	0.1829	0.1909	0.2739	0.6280	1.7440	4.348E-3	17.226	12.378	738.369
764000000	6.279	8.871	0.3931	0.1618	0.2166	0.2285	0.3546	0.2000	0.1832	0.2622	0.6199	1.7602	4.3391E-3	17.209	12.134	736.135
765000000	7.059	8.819	0.4022	0.1689	0.2112	0.2178	0.3647	0.1853	0.1878	0.2622	0.6186	1.7629	4.253E-3	17.771	12.562	749.376
766000000	6.984	8.982	0.4028	0.1655	0.2033	0.2284	0.3504	0.1965	0.1742	0.2789	0.6290	1.7419	4.2566E-3	18.303	12.844	749.393
767000000	5.990	10.236	0.4079	0.1585	0.2121	0.2215	0.3579	0.1909	0.1748	0.2765	0.6307	1.7386	4.2615E-3	17.363	12.085	743.560
768000000	6.258	8.967	0.3953	0.1709	0.2239	0.2099	0.3548	0.1923	0.1853	0.2676	0.6335	1.7331	4.2905E-3	16.566	12.416	732.093
769000000	7.129	9.224	0.4003	0.1641	0.2118	0.2238	0.3667	0.1847	0.1719	0.2767	0.6194	1.7612	4.1565E-3	17.955	12.231	748.749
770000000	6.062	8.199	0.4042	0.1633	0.2074	0.2252	0.3564	0.1832	0.1877	0.2727	0.6129	1.7742	4.2399E-3	16.974	12.850	744.374
771000000	6.358	8.145	0.4034	0.1595	0.2163	0.2207	0.3461	0.1847	0.1827	0.2865	0.6313	1.7373	4.242E-3	16.949	13.116	733.320
772000000	6.211	8.457	0.4029	0.1663	0.2057	0.2251	0.3567	0.1871	0.1863	0.2699	0.6304	1.7392	4.5087E-3	16.868	12.343	717.748
773000000	6.834	8.703	0.3885	0.1693	0.2252	0.2170	0.3582	0.1797	0.1754	0.2867	0.6317	1.7365	4.2912E-3	17.553	12.566	750.305
774000000	6.000	9.312	0.4003	0.1718	0.2236	0.2043	0.3439	0.1936	0.1881	0.2744	0.6296	1.7407	4.275E-3	18.097	12.573	757.435
775000000	6.580	9.088	0.3963	0.1674	0.2152	0.2210	0.3351	0.2031	0.1752	0.2866	0.6110	1.7780	4.2268E-3	17.599	12.447	755.258
776000000	6.741	8.774	0.3906	0.1828	0.2012	0.2255	0.3553	0.1870	0.1772	0.2805	0.6271	1.7457	4.3841E-3	16.348	13.290	724.405
777000000	6.395	9.097	0.4104	0.1595	0.2116	0.2185	0.3709	0.1761	0.1764	0.2766	0.6049	1.7901	4.4536E-3	16.420	12.906	726.021
778000000	5.793	9.018	0.3898	0.1552	0.2215	0.2334	0.3479	0.1876	0.1755	0.2889	0.6543	1.6915	4.2778E-3	18.098	12.289	740.408
779000000	6.750	9.105	0.3973	0.1590	0.2231	0.2206	0.3464	0.1884	0.1772	0.2880	0.6280	1.7440	4.1992E-3	18.167	12.454	751.873
780000000	6.007	9.437	0.3944	0.1551	0.2192	0.2313	0.3447	0.1938	0.1816	0.2799	0.6155	1.7690	4.4501E-3	16.921	12.670	738.346
781000000	6.092	8.909	0.4020	0.1739	0.1989	0.2252	0.3477	0.1996	0.1842	0.2684	0.6134	1.7731	4.1852E-3	17.945	12.149	741.562
782000000	6.303	9.142	0.4052	0.1706	0.2069	0.2173	0.3485	0.1913	0.1892	0.2710	0.6036	1.7928	4.2945E-3	17.719	12.117	741.443
783000000	6.691	9.392	0.3947	0.1679	0.2098	0.2277	0.3515	0.1919	0.1856	0.2710	0.6337	1.7325	4.2326E-3	16.864	12.578	724.217
784000000	6.372	8.826	0.3872	0.1804	0.2080	0.2244	0.3483	0.1841	0.1859	0.2817	0.6138	1.7723	4.3649E-3	15.494	12.337	723.929
785000000	7.146	8.437	0.4059	0.1671	0.2064	0.2206	0.3670	0.1917	0.1746	0.2666	0.6092	1.7816	4.2261E-3	17.022	12.178	732.000
786000000	6.231	8.134	0.3851	0.1706	0.2038	0.2405	0.3582	0.1889	0.1760	0.2770	0.6242	1.7516	4.4986E-3	15.966	12.771	710.644
787000000	6.334	8.408	0.3964	0.1683	0.2182	0.2170	0.3547	0.1821	0.1773	0.2859	0.6095	1.7811	4.2436E-3	17.221	12.510	731.027
788000000	6.439	8.917	0.4035	0.1671	0.2154	0.2140	0.3697	0.1880	0.1713	0.2710	0.6293	1.7414	4.3862E-3	16.879	12.621	718.535
789000000	6.636	9.673	0.3985	0.1748	0.2107	0.2161	0.3547	0.1910	0.1844	0.2700	0.6288	1.7424	4.3793E-3	16.609	12.982	735.163
790000000	6.569	9.361	0.3901	0.1730	0.2137	0.2232	0.3582	0.1833	0.1824	0.2760	0.6157	1.7686	4.2578E-3	17.217	12.329	741.965
791000000	7.048	10.177	0.3970	0.1807	0.2060	0.2162	0.3532	0.1864	0.1827	0.2777	0.6301	1.7398	4.3504E-3	16.296	12.644	725.011
792000000	6.560	8.799	0.3997	0.1679	0.2185	0.2139	0.3496	0.1851	0.1723	0.2930	0.6208	1.7585	4.1368E-3	18.085	12.500	749.530
793000000	6.406	8.275	0.4009	0.1726	0.1990	0.2275	0.3682	0.1859	0.1797	0.2662	0.6145	1.7710	4.4086E-3	17.224	12.583	730.407
794000000	6.879	8.624	0.3906	0.1731	0.2138	0.2224	0.3452	0.1890	0.1797	0.2860	0.6273	1.7455	4.136E-3	17.886	12.915	751.012
795000000	6.848	8.793	0.3860	0.1709	0.2256	0.2176	0.3449	0.1905	0.1966	0.2679	0.6332	1.7337	4.2954E-3	17.296	12.265	737.342
796000000	6.417	8.711	0.3981	0.1662	0.2127	0.2230	0.3579	0.1874	0.1793	0.2753	0.6259	1.7481	4.2957E-3	16.970	12.449	744.751
797000000	5.891	9.581	0.3850	0.1704	0.2280	0.2167	0.3434	0.1932	0.1954	0.2680	0.6238	1.7524	4.5108E-3	16.273	12.731	727.543
798000000	6.417	9.155	0.4008	0.1578	0.2247	0.2167	0.3703	0.1741	0.1825	0.2731	0.6201	1.7598	4.3384E-3	16.723	12.526	717.519
799000000	6.312	9.095	0.3974	0.1743	0.2121	0.2162	0.3630	0.1806	0.1758	0.2806	0.6407	1.7186	4.1994E-3	18.130	12.535	742.531
800000000	6.224	8.343	0.4058	0.1663	0.2180	0.2099	0.3526	0.1772	0.1840	0.2861	0.6312	1.7376	4.3744E-3	16.560	12.517	723.208
