state	gtr.rates.rateAC	gtr.rates.rateAG	gtr.rates.rateAT	gtr.rates.rateCG	gtr.rates.rateCT	gtr.rates.rateGT	alpha	frequencies1	frequencies2	frequencies3	frequencies4	ucld.mean	ucld.stdev	meanRate	coefficientOfVariation	covariance	skygrid.precision	rootHeight	treeLength
1000000	0.5793	1.7124	0.3393	0.3743	2.4152	0.5795	0.6754	0.4679	0.1860	0.1821	0.1640	4.8033E-3	1.1245E-3	4.7951E-3	0.2321	-5.29E-3	1.588	71.423	26178.512
2000000	0.6135	1.7116	0.3281	0.3628	2.3971	0.5869	0.6916	0.4668	0.1846	0.1810	0.1675	4.7134E-3	1.0061E-3	4.7065E-3	0.2229	3.6019E-3	3.038	77.504	26661.297
3000000	0.5474	1.6514	0.3593	0.3428	2.4944	0.6049	0.6795	0.4726	0.1878	0.1850	0.1546	4.9203E-3	1.2108E-3	4.8938E-3	0.2553	1.4617E-2	2.347	75.785	26045.172
4000000	0.5601	1.7042	0.3650	0.3534	2.4124	0.6048	0.6762	0.4676	0.1851	0.1879	0.1594	4.9505E-3	1.1176E-3	4.9225E-3	0.2314	5.629E-2	1.030	68.912	25578.751
5000000	0.5741	1.6329	0.3522	0.3690	2.4510	0.6209	0.6626	0.4825	0.1804	0.1837	0.1535	4.7891E-3	1.131E-3	4.7725E-3	0.2382	2.8927E-2	1.757	72.950	26406.657
6000000	0.6017	1.7112	0.3656	0.3620	2.3749	0.5846	0.6774	0.4670	0.1853	0.1811	0.1666	4.5932E-3	1.0974E-3	4.5763E-3	0.2355	4.4329E-2	1.594	74.990	27426.704
7000000	0.6308	1.7498	0.3369	0.3523	2.3394	0.5908	0.6917	0.4581	0.1845	0.1845	0.1729	4.7131E-3	1.1961E-3	4.6905E-3	0.2461	2.2094E-2	4.169	76.010	26851.157
8000000	0.6028	1.7214	0.3387	0.3558	2.3708	0.6106	0.6918	0.4623	0.1894	0.1817	0.1666	4.5884E-3	1.1437E-3	4.609E-3	0.2525	-1.4431E-4	2.306	74.763	26690.674
9000000	0.6031	1.7291	0.3427	0.3752	2.3441	0.6057	0.6915	0.4687	0.1863	0.1801	0.1649	4.5512E-3	1.0924E-3	4.53E-3	0.2439	-4.163E-2	2.566	75.312	27262.807
10000000	0.6089	1.7145	0.3509	0.3605	2.3709	0.5943	0.6760	0.4659	0.1836	0.1816	0.1689	4.6459E-3	1.2046E-3	4.7008E-3	0.2659	2.4188E-2	1.722	75.374	26715.657
11000000	0.5929	1.7379	0.3506	0.3738	2.3194	0.6253	0.6688	0.4652	0.1888	0.1800	0.1660	4.8572E-3	1.1684E-3	4.7891E-3	0.2364	3.6697E-2	1.233	73.607	26258.920
12000000	0.6024	1.6957	0.3462	0.3637	2.3665	0.6256	0.6785	0.4577	0.1914	0.1857	0.1652	4.9113E-3	1.246E-3	4.9454E-3	0.2586	-1.125E-2	2.542	74.518	25693.422
13000000	0.5741	1.6823	0.3660	0.3371	2.4406	0.5998	0.6824	0.4717	0.1845	0.1845	0.1593	4.9631E-3	1.2497E-3	4.9593E-3	0.2574	2.5566E-2	3.358	71.645	25556.683
14000000	0.5988	1.6724	0.3551	0.3294	2.4369	0.6075	0.6933	0.4660	0.1868	0.1861	0.1612	5.0261E-3	1.3176E-3	4.9591E-3	0.2667	1.8245E-2	2.643	71.713	25387.971
15000000	0.5816	1.7253	0.3438	0.3731	2.3847	0.5915	0.6815	0.4638	0.1892	0.1817	0.1653	4.864E-3	1.2268E-3	4.7919E-3	0.2579	1.8568E-2	1.752	72.447	26211.600
16000000	0.6025	1.7357	0.3518	0.3536	2.3462	0.6101	0.6820	0.4656	0.1884	0.1827	0.1632	4.8431E-3	1.2268E-3	4.8758E-3	0.2520	4.2279E-2	2.136	75.713	25639.822
17000000	0.5723	1.6680	0.3500	0.3659	2.4546	0.5892	0.6735	0.4718	0.1836	0.1849	0.1597	4.8732E-3	1.2426E-3	4.8753E-3	0.2526	-2.3085E-2	1.191	73.162	26047.528
18000000	0.5705	1.6066	0.3559	0.3538	2.4724	0.6408	0.6727	0.4720	0.1880	0.1865	0.1534	4.9867E-3	1.1597E-3	4.9601E-3	0.2347	2.3755E-2	2.556	71.036	25489.146
19000000	0.5675	1.6610	0.3468	0.3656	2.4444	0.6145	0.6722	0.4747	0.1862	0.1815	0.1577	4.9534E-3	1.2611E-3	4.9445E-3	0.2631	2.2939E-2	2.460	67.336	25637.584
20000000	0.5743	1.6438	0.3780	0.3592	2.4509	0.5939	0.6693	0.4639	0.1912	0.1840	0.1609	4.8474E-3	1.1639E-3	4.8115E-3	0.2428	1.3389E-3	1.571	72.676	26066.270
21000000	0.5656	1.6932	0.3570	0.3470	2.4035	0.6336	0.6652	0.4724	0.1900	0.1807	0.1568	4.7681E-3	1.1024E-3	4.7736E-3	0.2324	9.733E-3	3.844	74.123	26972.430
22000000	0.5850	1.7121	0.3702	0.3520	2.4012	0.5796	0.6851	0.4706	0.1900	0.1813	0.1581	4.6977E-3	1.1026E-3	4.6925E-3	0.2296	-5.9204E-3	2.580	74.495	27074.397
23000000	0.6000	1.7258	0.3438	0.3488	2.3837	0.5978	0.6951	0.4668	0.1851	0.1827	0.1653	4.5114E-3	1.1128E-3	4.5102E-3	0.2471	-9.1609E-3	2.388	81.781	27791.292
24000000	0.5677	1.6472	0.3600	0.3397	2.4602	0.6252	0.6681	0.4753	0.1852	0.1870	0.1526	4.7676E-3	1.2489E-3	4.7526E-3	0.2572	2.1328E-2	1.246	70.580	26505.755
25000000	0.5694	1.6189	0.3714	0.3511	2.4643	0.6250	0.6780	0.4751	0.1856	0.1847	0.1546	4.8934E-3	1.2396E-3	4.8775E-3	0.2516	9.9383E-3	3.049	74.600	25800.141
26000000	0.5944	1.6657	0.3713	0.3487	2.4408	0.5792	0.6627	0.4692	0.1829	0.1865	0.1614	4.8193E-3	1.1653E-3	4.85E-3	0.2481	-1.0231E-2	3.043	71.011	25895.997
27000000	0.5689	1.6054	0.3910	0.3465	2.4694	0.6188	0.6747	0.4742	0.1821	0.1917	0.1520	4.9335E-3	1.1493E-3	4.9049E-3	0.2318	4.2432E-2	2.657	73.074	26118.704
28000000	0.5710	1.6886	0.3592	0.3424	2.4226	0.6162	0.6772	0.4707	0.1892	0.1814	0.1587	4.8813E-3	1.1579E-3	4.8953E-3	0.2414	3.3244E-2	1.864	68.805	25937.868
29000000	0.5924	1.6745	0.3646	0.3462	2.4096	0.6127	0.6741	0.4738	0.1836	0.1820	0.1606	4.8403E-3	1.1922E-3	4.831E-3	0.2482	6.9476E-3	2.490	75.993	26295.048
30000000	0.5552	1.6816	0.3489	0.3879	2.3835	0.6429	0.6742	0.4772	0.1907	0.1765	0.1557	4.8051E-3	1.0857E-3	4.8387E-3	0.2265	8.6425E-3	2.218	76.656	25941.675
31000000	0.5681	1.6166	0.3497	0.3593	2.4849	0.6214	0.6838	0.4801	0.1815	0.1832	0.1553	4.8332E-3	1.1545E-3	4.813E-3	0.2425	3.6693E-2	2.367	75.461	25977.536
32000000	0.5472	1.6522	0.3585	0.3468	2.4788	0.6165	0.6719	0.4787	0.1891	0.1795	0.1526	4.8787E-3	1.1886E-3	4.9021E-3	0.2429	6.7783E-2	3.887	73.741	26117.677
33000000	0.5616	1.6268	0.3519	0.3553	2.4953	0.6091	0.6641	0.4796	0.1838	0.1824	0.1542	4.8575E-3	1.193E-3	4.8865E-3	0.2446	1.0855E-2	3.416	71.776	26030.662
34000000	0.5524	1.6329	0.3602	0.3721	2.4808	0.6015	0.6735	0.4676	0.1937	0.1820	0.1566	4.9521E-3	1.1598E-3	4.9043E-3	0.2303	4.2375E-2	0.861	75.823	25790.726
35000000	0.5564	1.5884	0.3826	0.3142	2.5235	0.6349	0.6442	0.4760	0.1852	0.1892	0.1495	5.0176E-3	1.1648E-3	4.9752E-3	0.2422	7.5304E-3	1.064	67.322	25874.558
36000000	0.5797	1.7183	0.3519	0.3648	2.3844	0.6009	0.6863	0.4624	0.1914	0.1841	0.1621	4.8106E-3	1.2041E-3	4.8369E-3	0.2505	-2.3596E-2	4.451	68.288	25726.442
37000000	0.5770	1.6628	0.3568	0.3719	2.4319	0.5996	0.6725	0.4781	0.1858	0.1802	0.1559	4.9283E-3	1.2071E-3	4.8736E-3	0.2431	1.7805E-2	1.858	72.874	25954.629
38000000	0.5596	1.7769	0.3590	0.3918	2.2767	0.6360	0.6806	0.4659	0.1924	0.1757	0.1661	4.6642E-3	1.1987E-3	4.7399E-3	0.2472	5.3132E-2	1.979	68.319	25703.681
39000000	0.5737	1.7384	0.3412	0.3711	2.3673	0.6084	0.6777	0.4714	0.1871	0.1775	0.1640	4.8001E-3	1.1005E-3	4.7981E-3	0.2319	2.0994E-2	4.013	75.607	25616.955
40000000	0.5731	1.7220	0.3499	0.3692	2.3768	0.6089	0.6886	0.4657	0.1915	0.1809	0.1618	4.7772E-3	1.2496E-3	4.7159E-3	0.2551	3.9776E-2	2.657	76.159	26265.021
41000000	0.5916	1.7401	0.3479	0.3703	2.3405	0.6096	0.6784	0.4697	0.1885	0.1760	0.1657	4.7096E-3	1.1079E-3	4.6643E-3	0.2413	4.3458E-2	2.197	76.826	26674.319
42000000	0.5670	1.6235	0.3448	0.3445	2.4816	0.6386	0.6888	0.4829	0.1816	0.1841	0.1514	4.3389E-3	1.0587E-3	4.3615E-3	0.2513	9.3056E-3	3.047	80.377	27964.110
43000000	0.5585	1.7397	0.3499	0.3563	2.3942	0.6014	0.6823	0.4768	0.1852	0.1754	0.1626	4.3235E-3	1.0464E-3	4.3376E-3	0.2340	2.1889E-2	1.507	80.655	28694.734
44000000	0.5793	1.7080	0.3619	0.3401	2.3991	0.6117	0.6832	0.4737	0.1886	0.1787	0.1589	4.4989E-3	1.1503E-3	4.4758E-3	0.2612	2.1172E-2	1.852	81.831	27711.847
45000000	0.5825	1.7569	0.3624	0.3602	2.3225	0.6156	0.6833	0.4614	0.1941	0.1825	0.1619	4.6708E-3	1.1187E-3	4.6221E-3	0.2457	5.9209E-2	2.083	74.856	26686.016
46000000	0.5791	1.7230	0.3420	0.3460	2.4160	0.5939	0.6842	0.4640	0.1896	0.1835	0.1630	4.4523E-3	1.1936E-3	4.4539E-3	0.2618	6.5418E-2	3.123	87.038	27966.891
47000000	0.5709	1.6359	0.3544	0.3544	2.4615	0.6228	0.6760	0.4739	0.1865	0.1825	0.1572	4.6433E-3	1.0346E-3	4.5836E-3	0.2274	2.4523E-2	1.475	75.638	27005.800
48000000	0.5552	1.6547	0.3661	0.3374	2.4752	0.6115	0.6644	0.4739	0.1902	0.1835	0.1525	4.8031E-3	1.0513E-3	4.783E-3	0.2240	-1.5149E-2	2.518	73.368	26558.591
49000000	0.5519	1.6682	0.3633	0.3473	2.4387	0.6307	0.6637	0.4810	0.1883	0.1803	0.1503	4.8141E-3	1.1089E-3	4.8053E-3	0.2293	-3.6086E-4	1.390	75.173	26022.992
50000000	0.5745	1.7219	0.3525	0.3648	2.3933	0.5930	0.6886	0.4731	0.1887	0.1782	0.1600	4.845E-3	1.0105E-3	4.8392E-3	0.2071	5.842E-3	4.882	76.350	26090.052
51000000	0.5493	1.7038	0.3624	0.3564	2.4041	0.6239	0.6714	0.4760	0.1915	0.1758	0.1567	4.9164E-3	1.1185E-3	4.9311E-3	0.2281	-2.4127E-2	1.206	72.694	25750.221
52000000	0.5412	1.6659	0.3757	0.3481	2.4448	0.6243	0.6621	0.4693	0.1895	0.1849	0.1563	4.7546E-3	1.2142E-3	4.7842E-3	0.2594	-1.3359E-2	2.628	72.703	26758.573
53000000	0.5726	1.6916	0.3609	0.3524	2.4204	0.6022	0.6764	0.4684	0.1923	0.1824	0.1569	4.7437E-3	1.0621E-3	4.7168E-3	0.2203	1.9739E-2	3.279	73.881	26870.460
54000000	0.5721	1.7102	0.3531	0.3435	2.4284	0.5927	0.6888	0.4701	0.1892	0.1818	0.1589	4.7612E-3	1.101E-3	4.7277E-3	0.2377	9.7182E-3	2.637	74.409	26327.007
55000000	0.5720	1.7679	0.3523	0.3494	2.3619	0.5965	0.6761	0.4620	0.1946	0.1760	0.1674	4.7127E-3	1.152E-3	4.7378E-3	0.2427	-3.2874E-2	2.556	71.621	26148.690
56000000	0.5606	1.6883	0.3793	0.3535	2.3986	0.6196	0.6667	0.4713	0.1917	0.1799	0.1571	4.8247E-3	1.1466E-3	4.8448E-3	0.2314	-1.6206E-2	1.309	76.784	25925.767
57000000	0.5754	1.6471	0.3492	0.3378	2.4773	0.6133	0.6753	0.4680	0.1863	0.1835	0.1622	4.9818E-3	1.221E-3	4.9622E-3	0.2404	6.8077E-2	2.622	72.273	25653.129
58000000	0.5813	1.7035	0.3525	0.3492	2.3935	0.6200	0.6657	0.4657	0.1919	0.1817	0.1606	4.8125E-3	1.1032E-3	4.7429E-3	0.2298	-5.4529E-3	3.227	75.317	26884.991
59000000	0.5783	1.6588	0.3644	0.3878	2.3698	0.6410	0.6810	0.4683	0.1916	0.1801	0.1601	4.6201E-3	1.047E-3	4.6521E-3	0.2251	5.9402E-2	2.087	74.362	26585.111
60000000	0.5818	1.6355	0.3591	0.3458	2.4666	0.6112	0.6674	0.4723	0.1849	0.1857	0.1571	4.7184E-3	1.2042E-3	4.7627E-3	0.2586	3.5531E-2	2.172	73.514	26583.203
61000000	0.5672	1.6709	0.3663	0.3737	2.4180	0.6039	0.6747	0.4728	0.1879	0.1824	0.1569	4.7317E-3	1.1308E-3	4.6833E-3	0.2431	-1.1854E-2	1.567	76.917	27104.235
62000000	0.5857	1.6751	0.3594	0.3630	2.4183	0.5986	0.6786	0.4696	0.1884	0.1836	0.1584	4.7578E-3	1.1326E-3	4.7349E-3	0.2505	5.0517E-3	1.170	71.953	26808.173
63000000	0.5676	1.6134	0.3587	0.3674	2.4732	0.6197	0.6665	0.4811	0.1832	0.1787	0.1570	4.7712E-3	1.1833E-3	4.7276E-3	0.2480	1.5573E-2	2.415	72.265	26654.660
64000000	0.5564	1.6298	0.3663	0.3529	2.4870	0.6076	0.6744	0.4751	0.1837	0.1861	0.1551	4.7483E-3	1.1143E-3	4.7729E-3	0.2333	-2.2926E-2	2.918	73.996	26386.850
65000000	0.5569	1.6040	0.3576	0.3602	2.5082	0.6131	0.6615	0.4740	0.1886	0.1867	0.1507	4.9056E-3	1.2551E-3	4.8466E-3	0.2540	5.5225E-2	1.710	71.652	26052.650
66000000	0.5832	1.6713	0.3524	0.3662	2.4388	0.5881	0.6800	0.4727	0.1843	0.1851	0.1579	4.8128E-3	1.1349E-3	4.7948E-3	0.2395	3.5313E-2	2.214	76.327	26383.034
67000000	0.5826	1.6801	0.3491	0.3706	2.4007	0.6170	0.6781	0.4754	0.1895	0.1770	0.1581	4.9108E-3	1.2802E-3	4.9049E-3	0.2568	2.3562E-2	2.202	74.766	25337.601
68000000	0.5489	1.6624	0.3763	0.3823	2.4158	0.6143	0.6771	0.4763	0.1855	0.1828	0.1554	4.8284E-3	1.2107E-3	4.8195E-3	0.2480	1.1383E-2	1.248	69.910	25834.391
69000000	0.5879	1.6205	0.3582	0.3562	2.4888	0.5883	0.6835	0.4811	0.1784	0.1864	0.1541	4.6248E-3	1.1537E-3	4.648E-3	0.2579	7.0924E-3	1.353	78.672	26831.603
70000000	0.5978	1.6970	0.3760	0.3509	2.3603	0.6179	0.6715	0.4669	0.1873	0.1841	0.1617	4.6387E-3	1.2298E-3	4.5596E-3	0.2607	1.5313E-2	2.731	74.306	27845.478
71000000	0.5675	1.6583	0.3551	0.3632	2.4400	0.6160	0.6672	0.4815	0.1828	0.1815	0.1541	4.5335E-3	1.0566E-3	4.4917E-3	0.2365	2.7127E-2	2.940	75.806	28049.449
72000000	0.5535	1.6602	0.3441	0.3623	2.4659	0.6141	0.6705	0.4799	0.1881	0.1800	0.1520	4.4646E-3	1.0631E-3	4.4627E-3	0.2405	2.7381E-2	0.845	81.794	28227.666
73000000	0.5986	1.6676	0.3533	0.3484	2.4059	0.6262	0.6761	0.4709	0.1882	0.1817	0.1592	4.4018E-3	1.1285E-3	4.4387E-3	0.2575	1.4287E-2	2.227	76.907	28151.236
74000000	0.5640	1.6184	0.3653	0.3332	2.4854	0.6338	0.6590	0.4816	0.1869	0.1802	0.1512	4.423E-3	9.7013E-4	4.4227E-3	0.2191	5.2103E-2	2.507	78.373	28312.738
75000000	0.5753	1.6437	0.3561	0.3309	2.4842	0.6098	0.6659	0.4753	0.1848	0.1859	0.1539	4.2402E-3	1.0022E-3	4.2293E-3	0.2371	6.4361E-2	3.952	82.890	30077.363
76000000	0.5724	1.6102	0.3434	0.3558	2.5077	0.6106	0.6815	0.4732	0.1821	0.1887	0.1560	4.3355E-3	9.9393E-4	4.3434E-3	0.2399	3.2295E-2	1.394	85.188	29067.288
77000000	0.5838	1.6728	0.3361	0.3494	2.4686	0.5893	0.6797	0.4671	0.1886	0.1838	0.1605	4.5325E-3	1.1619E-3	4.5335E-3	0.2497	-2.7729E-2	3.203	76.788	27988.309
78000000	0.5738	1.6905	0.3410	0.3632	2.3765	0.6550	0.6763	0.4707	0.1874	0.1785	0.1635	4.5421E-3	1.1599E-3	4.4891E-3	0.2492	-2.1532E-2	3.005	81.492	27865.420
79000000	0.5721	1.5914	0.3581	0.3807	2.4901	0.6076	0.6787	0.4777	0.1815	0.1888	0.1520	4.5181E-3	1.1084E-3	4.4894E-3	0.2401	2.7424E-2	3.167	76.352	27935.216
80000000	0.5638	1.6066	0.3534	0.3876	2.4925	0.5961	0.6690	0.4839	0.1828	0.1824	0.1509	4.6011E-3	1.1588E-3	4.5737E-3	0.2517	-8.6126E-3	2.340	79.475	27658.335
81000000	0.6034	1.6274	0.3518	0.3634	2.4383	0.6157	0.6837	0.4715	0.1826	0.1853	0.1606	4.575E-3	1.1251E-3	4.5832E-3	0.2500	-1.2018E-2	3.166	76.765	27275.208
82000000	0.5832	1.6570	0.3591	0.3539	2.4376	0.6093	0.6721	0.4685	0.1848	0.1851	0.1615	4.7958E-3	1.1336E-3	4.7971E-3	0.2369	-1.5804E-2	1.644	75.665	26835.505
83000000	0.5645	1.5786	0.3576	0.3576	2.5544	0.5873	0.6684	0.4799	0.1822	0.1867	0.1512	4.8253E-3	1.1806E-3	4.7836E-3	0.2450	3.9182E-2	4.166	75.781	26248.281
84000000	0.5403	1.6411	0.3387	0.3810	2.4845	0.6144	0.6682	0.4743	0.1893	0.1767	0.1596	4.7667E-3	1.0296E-3	4.7298E-3	0.2141	3.1931E-2	3.297	72.966	26446.026
85000000	0.5560	1.6147	0.3603	0.3591	2.4663	0.6436	0.6701	0.4787	0.1831	0.1827	0.1554	5.0011E-3	1.2861E-3	4.9696E-3	0.2561	3.2214E-3	2.094	69.536	25823.351
86000000	0.5792	1.7084	0.3517	0.3459	2.4071	0.6078	0.6807	0.4677	0.1883	0.1818	0.1622	4.9356E-3	1.1956E-3	4.9415E-3	0.2400	-1.0954E-2	4.184	75.474	25802.114
87000000	0.5468	1.6997	0.3599	0.3595	2.4216	0.6125	0.6721	0.4796	0.1903	0.1775	0.1526	4.8211E-3	1.1718E-3	4.8123E-3	0.2405	-1.148E-2	1.572	72.816	26079.778
88000000	0.5564	1.6193	0.3415	0.3627	2.5048	0.6154	0.6638	0.4756	0.1847	0.1830	0.1567	4.7866E-3	1.1504E-3	4.7838E-3	0.2450	-6.7046E-3	2.702	72.586	26408.010
89000000	0.5981	1.6758	0.3627	0.3559	2.4057	0.6019	0.6655	0.4713	0.1819	0.1858	0.1610	4.5504E-3	1.0793E-3	4.4973E-3	0.2351	7.1339E-2	1.794	82.643	27970.065
90000000	0.5901	1.6135	0.3575	0.3421	2.4727	0.6242	0.6696	0.4725	0.1871	0.1838	0.1566	4.4587E-3	1.048E-3	4.4466E-3	0.2395	2.5458E-2	1.373	77.739	28576.179
91000000	0.5738	1.6347	0.3686	0.3661	2.4797	0.5770	0.6638	0.4748	0.1858	0.1862	0.1532	4.2939E-3	1.083E-3	4.2798E-3	0.2489	1.7684E-2	3.753	86.178	29924.521
92000000	0.5441	1.7155	0.3685	0.3653	2.3812	0.6254	0.6743	0.4765	0.1880	0.1765	0.1590	4.1621E-3	1.0491E-3	4.1524E-3	0.2417	4.1267E-2	1.245	84.517	30141.883
93000000	0.5746	1.6039	0.3432	0.3747	2.4893	0.6143	0.6579	0.4751	0.1828	0.1880	0.1541	4.0117E-3	9.9953E-4	3.9858E-3	0.2507	4.4814E-2	4.261	84.832	31949.479
94000000	0.5774	1.6796	0.3487	0.3748	2.4105	0.6091	0.6800	0.4678	0.1895	0.1842	0.1585	4.098E-3	9.571E-4	4.1062E-3	0.2397	5.4109E-2	3.992	82.879	30744.803
95000000	0.5639	1.6661	0.3615	0.3517	2.4297	0.6271	0.6689	0.4643	0.1924	0.1862	0.1571	3.9918E-3	8.9642E-4	4.0298E-3	0.2241	2.0804E-2	3.696	86.216	31457.387
96000000	0.5766	1.5982	0.3687	0.3354	2.4925	0.6286	0.6649	0.4799	0.1828	0.1867	0.1505	3.8593E-3	9.316E-4	3.8588E-3	0.2476	7.5379E-3	3.617	87.288	32739.445
97000000	0.5826	1.6099	0.3682	0.3556	2.4751	0.6087	0.6807	0.4772	0.1819	0.1853	0.1557	4.0055E-3	8.8692E-4	4.002E-3	0.2224	2.4678E-2	3.197	91.206	31223.357
98000000	0.5691	1.6340	0.3620	0.3698	2.4806	0.5845	0.6705	0.4790	0.1816	0.1861	0.1534	4.1994E-3	9.9934E-4	4.2139E-3	0.2364	-4.6283E-3	5.061	84.936	29856.451
99000000	0.5750	1.6751	0.3494	0.3986	2.4081	0.5939	0.6721	0.4735	0.1853	0.1811	0.1600	4.4037E-3	1.1077E-3	4.3926E-3	0.2515	1.805E-2	2.509	81.078	28853.110
100000000	0.5840	1.6175	0.3633	0.3535	2.4753	0.6064	0.6829	0.4687	0.1813	0.1933	0.1566	4.4102E-3	9.7081E-4	4.3951E-3	0.2260	2.502E-2	2.067	81.001	28307.141
101000000	0.5734	1.7123	0.3580	0.3657	2.3891	0.6015	0.6786	0.4607	0.1927	0.1813	0.1653	4.6405E-3	1.1975E-3	4.5523E-3	0.2496	-1.7488E-3	2.239	76.168	28052.508
102000000	0.5750	1.6365	0.3443	0.3665	2.4568	0.6209	0.6645	0.4811	0.1805	0.1796	0.1588	4.3854E-3	1.0364E-3	4.3932E-3	0.2351	-4.7524E-4	2.518	80.057	28402.013
103000000	0.5657	1.6214	0.3632	0.3597	2.4735	0.6166	0.6685	0.4743	0.1838	0.1851	0.1569	4.4663E-3	1.171E-3	4.4172E-3	0.2629	-2.0779E-2	2.135	79.153	28695.473
104000000	0.5975	1.6771	0.3533	0.3375	2.4318	0.6027	0.6774	0.4698	0.1889	0.1818	0.1595	4.3144E-3	1.0133E-3	4.337E-3	0.2325	4.4221E-2	2.631	76.487	28781.803
105000000	0.5637	1.6513	0.3574	0.3521	2.4619	0.6136	0.6756	0.4705	0.1892	0.1851	0.1552	4.3097E-3	1.0597E-3	4.2433E-3	0.2411	3.7115E-2	4.101	85.478	29682.937
106000000	0.5566	1.6848	0.3766	0.3590	2.4182	0.6048	0.6750	0.4729	0.1918	0.1771	0.1582	4.373E-3	1.1298E-3	4.3807E-3	0.2601	1.442E-2	2.546	75.834	28596.237
107000000	0.5484	1.6458	0.3776	0.3598	2.4767	0.5917	0.6781	0.4818	0.1802	0.1825	0.1554	4.2943E-3	1.0266E-3	4.3334E-3	0.2373	1.5686E-2	1.988	78.382	29138.471
108000000	0.5614	1.6301	0.3542	0.3693	2.4724	0.6127	0.6690	0.4715	0.1847	0.1861	0.1577	4.4E-3	1.1096E-3	4.3564E-3	0.2414	2.6269E-2	1.072	75.619	28392.028
109000000	0.5760	1.6330	0.3557	0.3531	2.4840	0.5982	0.6806	0.4724	0.1855	0.1854	0.1568	4.4907E-3	1.2267E-3	4.4483E-3	0.2692	-2.3101E-2	1.997	79.456	28782.867
110000000	0.5790	1.6877	0.3539	0.3715	2.3952	0.6126	0.6805	0.4772	0.1878	0.1751	0.1599	4.3416E-3	1.0544E-3	4.363E-3	0.2471	2.5778E-2	2.534	82.766	28931.988
111000000	0.5801	1.6859	0.3535	0.3445	2.4295	0.6066	0.6882	0.4739	0.1861	0.1831	0.1568	4.3453E-3	1.1198E-3	4.3748E-3	0.2490	3.732E-2	2.371	82.160	28818.252
112000000	0.5407	1.6105	0.3589	0.3945	2.4794	0.6160	0.6785	0.4792	0.1855	0.1794	0.1559	4.3064E-3	1.0538E-3	4.278E-3	0.2441	-9.7241E-3	1.450	77.402	29072.481
113000000	0.5884	1.6284	0.3556	0.3302	2.4852	0.6123	0.6722	0.4691	0.1844	0.1884	0.1582	4.3785E-3	1.1132E-3	4.3557E-3	0.2498	1.6386E-2	5.201	82.698	29210.426
114000000	0.5832	1.6534	0.3649	0.3483	2.4133	0.6367	0.6810	0.4665	0.1887	0.1838	0.1610	4.6406E-3	1.1285E-3	4.6139E-3	0.2517	1.5486E-2	1.633	77.034	27701.246
115000000	0.5800	1.6672	0.3587	0.3664	2.4211	0.6067	0.6735	0.4729	0.1860	0.1850	0.1560	4.5928E-3	1.1225E-3	4.5816E-3	0.2478	4.6702E-2	2.406	75.619	27632.396
116000000	0.5691	1.6629	0.3531	0.3480	2.4412	0.6258	0.6711	0.4742	0.1876	0.1810	0.1573	4.8025E-3	1.0843E-3	4.7656E-3	0.2355	-1.7815E-2	2.531	74.304	26262.685
117000000	0.5668	1.6631	0.3719	0.3585	2.4210	0.6187	0.6660	0.4664	0.1912	0.1847	0.1577	4.7263E-3	1.254E-3	4.7494E-3	0.2597	-1.2547E-2	3.209	80.956	26683.927
118000000	0.5765	1.6880	0.3678	0.3484	2.4065	0.6128	0.6676	0.4714	0.1885	0.1860	0.1541	4.7002E-3	1.1739E-3	4.7207E-3	0.2523	3.5049E-3	2.936	78.359	27228.208
119000000	0.5822	1.6309	0.3426	0.3611	2.4572	0.6259	0.6651	0.4763	0.1843	0.1816	0.1578	4.6777E-3	1.1661E-3	4.662E-3	0.2484	-1.0879E-2	1.403	76.564	26835.749
120000000	0.5857	1.6496	0.3585	0.3369	2.4453	0.6239	0.6561	0.4747	0.1823	0.1844	0.1586	4.8467E-3	1.1228E-3	4.8684E-3	0.2421	1.8085E-3	1.061	76.499	26161.059
121000000	0.5736	1.6244	0.3622	0.3478	2.4985	0.5935	0.6834	0.4776	0.1809	0.1864	0.1551	4.7309E-3	1.2057E-3	4.7252E-3	0.2619	1.4846E-2	3.487	76.151	26273.279
122000000	0.5815	1.7028	0.3411	0.3754	2.4150	0.5843	0.6757	0.4757	0.1851	0.1780	0.1612	5.0133E-3	1.1835E-3	5.0581E-3	0.2338	-1.7222E-2	3.515	66.909	24869.926
123000000	0.5845	1.6665	0.3580	0.3656	2.4020	0.6234	0.6741	0.4660	0.1887	0.1839	0.1614	5.2328E-3	1.3294E-3	5.1828E-3	0.2589	8.9928E-3	1.604	68.231	24570.055
124000000	0.5792	1.6139	0.3429	0.3587	2.4975	0.6079	0.6592	0.4788	0.1817	0.1833	0.1562	4.9674E-3	1.2133E-3	4.9058E-3	0.2467	2.7361E-2	1.900	71.101	25780.772
125000000	0.5674	1.6199	0.3542	0.3643	2.4696	0.6246	0.6739	0.4731	0.1863	0.1835	0.1572	4.9454E-3	1.2905E-3	4.8937E-3	0.2639	7.4807E-3	3.237	70.517	25653.347
126000000	0.5828	1.6033	0.3582	0.3833	2.4575	0.6149	0.6830	0.4780	0.1819	0.1873	0.1529	4.9459E-3	1.2654E-3	4.9029E-3	0.2619	1.8495E-2	1.806	70.722	25452.176
127000000	0.5820	1.6136	0.3510	0.3467	2.5042	0.6025	0.6767	0.4772	0.1822	0.1855	0.1551	4.5749E-3	1.0953E-3	4.5969E-3	0.2400	-5.2424E-3	3.126	72.951	27157.587
128000000	0.5806	1.6109	0.3346	0.3598	2.5035	0.6105	0.6845	0.4768	0.1785	0.1860	0.1587	4.6175E-3	1.1756E-3	4.5939E-3	0.2502	1.2818E-2	1.821	80.276	27308.144
129000000	0.5681	1.6497	0.3594	0.3403	2.4800	0.6025	0.6690	0.4684	0.1873	0.1867	0.1576	4.5237E-3	1.0525E-3	4.5953E-3	0.2266	1.5181E-2	2.061	75.567	27631.944
130000000	0.5712	1.6159	0.3486	0.3501	2.4726	0.6415	0.6723	0.4731	0.1853	0.1861	0.1555	4.6814E-3	1.1581E-3	4.6371E-3	0.2500	-3.5018E-4	1.333	73.597	27345.493
131000000	0.5735	1.6586	0.3473	0.3589	2.4560	0.6057	0.6661	0.4700	0.1881	0.1823	0.1595	4.5033E-3	1.1792E-3	4.5132E-3	0.2598	-9.8489E-3	2.518	77.380	27964.600
132000000	0.5757	1.6310	0.3559	0.3691	2.4743	0.5940	0.6700	0.4780	0.1832	0.1807	0.1582	4.4559E-3	9.4226E-4	4.4766E-3	0.2154	3.2276E-2	2.680	78.658	27863.047
133000000	0.5768	1.6818	0.3401	0.3368	2.4400	0.6244	0.6881	0.4720	0.1880	0.1778	0.1622	4.5166E-3	1.0915E-3	4.5022E-3	0.2465	-1.0925E-3	2.395	75.889	28064.563
134000000	0.5493	1.7302	0.3798	0.3402	2.3746	0.6258	0.6769	0.4609	0.1966	0.1851	0.1574	4.6332E-3	1.0649E-3	4.6337E-3	0.2242	4.0358E-2	3.789	77.035	26811.800
135000000	0.5751	1.6612	0.3585	0.3529	2.4589	0.5934	0.6673	0.4793	0.1834	0.1843	0.1529	4.6888E-3	1.0711E-3	4.6972E-3	0.2358	1.3129E-2	2.101	72.038	26973.200
136000000	0.5611	1.6563	0.3454	0.3783	2.4437	0.6151	0.6522	0.4763	0.1843	0.1827	0.1568	4.7349E-3	1.2143E-3	4.6927E-3	0.2491	-7.1702E-2	1.460	72.187	26829.357
137000000	0.5691	1.6250	0.3682	0.3491	2.4693	0.6193	0.6762	0.4802	0.1829	0.1841	0.1528	4.5368E-3	1.0328E-3	4.5279E-3	0.2293	-1.2107E-2	4.863	74.538	27411.491
138000000	0.5886	1.6344	0.3658	0.3311	2.4967	0.5834	0.6664	0.4684	0.1839	0.1902	0.1575	4.7717E-3	1.184E-3	4.7617E-3	0.2453	2.4893E-3	2.547	77.463	26895.553
139000000	0.5822	1.6734	0.3478	0.3542	2.4134	0.6291	0.6781	0.4758	0.1824	0.1828	0.1589	4.7524E-3	1.1235E-3	4.6504E-3	0.2373	3.0914E-4	3.317	71.615	26948.310
140000000	0.5811	1.6883	0.3633	0.3544	2.4049	0.6080	0.6735	0.4681	0.1894	0.1816	0.1609	4.6797E-3	1.0446E-3	4.7051E-3	0.2238	4.6457E-3	3.598	86.656	27335.530
141000000	0.5764	1.6946	0.3587	0.3433	2.4271	0.5999	0.6866	0.4628	0.1908	0.1869	0.1595	4.6761E-3	1.1221E-3	4.6576E-3	0.2368	-7.7004E-3	2.283	76.352	26636.879
142000000	0.5558	1.6684	0.3734	0.3493	2.4394	0.6138	0.6640	0.4722	0.1933	0.1792	0.1553	4.797E-3	1.1842E-3	4.736E-3	0.2508	-4.852E-3	1.236	74.107	26565.060
143000000	0.5810	1.7297	0.3503	0.3386	2.3888	0.6115	0.6634	0.4658	0.1922	0.1797	0.1623	4.8734E-3	1.3044E-3	4.9105E-3	0.2697	2.8276E-2	2.194	68.548	25455.034
144000000	0.5902	1.6517	0.3539	0.3513	2.4517	0.6012	0.6639	0.4680	0.1892	0.1874	0.1554	5.2292E-3	1.2653E-3	5.208E-3	0.2409	-3.2162E-2	3.051	69.058	24834.498
145000000	0.5946	1.6550	0.3435	0.3790	2.4300	0.5978	0.6727	0.4716	0.1819	0.1819	0.1646	4.6975E-3	1.0597E-3	4.688E-3	0.2243	-7.5291E-3	1.959	77.939	26766.667
146000000	0.5745	1.6446	0.3394	0.3614	2.4505	0.6296	0.6755	0.4720	0.1867	0.1830	0.1583	4.4152E-3	1.0935E-3	4.4298E-3	0.2507	-1.5909E-2	2.306	78.091	28344.117
147000000	0.5794	1.7124	0.3467	0.3606	2.3818	0.6191	0.6718	0.4639	0.1922	0.1827	0.1611	4.6558E-3	1.2509E-3	4.6449E-3	0.2669	3.9887E-2	1.632	81.296	27266.645
148000000	0.6019	1.6276	0.3407	0.3541	2.4767	0.5990	0.6718	0.4726	0.1860	0.1867	0.1548	4.7731E-3	1.1041E-3	4.6908E-3	0.2299	-4.3354E-3	3.089	74.576	27067.284
149000000	0.5639	1.6388	0.3539	0.3656	2.4553	0.6226	0.6776	0.4780	0.1845	0.1797	0.1578	4.5345E-3	1.106E-3	4.5444E-3	0.2469	9.065E-3	2.324	76.420	27366.341
150000000	0.5866	1.6222	0.3563	0.3503	2.4596	0.6250	0.6691	0.4762	0.1831	0.1814	0.1593	4.7657E-3	1.1161E-3	4.7718E-3	0.2319	-2.2344E-2	2.653	73.620	26361.023
151000000	0.5636	1.6604	0.3551	0.3429	2.4590	0.6190	0.6631	0.4777	0.1854	0.1833	0.1537	4.8033E-3	1.1103E-3	4.8126E-3	0.2364	2.265E-2	1.738	70.860	26635.224
152000000	0.5943	1.6525	0.3713	0.3277	2.4289	0.6253	0.6819	0.4666	0.1905	0.1822	0.1607	4.7295E-3	1.2344E-3	4.7498E-3	0.2658	1.1328E-2	0.612	70.360	26796.610
153000000	0.5844	1.6423	0.3532	0.3622	2.4577	0.6001	0.6717	0.4735	0.1862	0.1836	0.1567	4.7431E-3	1.2396E-3	4.667E-3	0.2574	-1.7637E-3	1.917	75.252	27156.074
154000000	0.5814	1.6827	0.3657	0.3790	2.4140	0.5771	0.6885	0.4660	0.1859	0.1868	0.1614	4.6178E-3	1.2521E-3	4.5803E-3	0.2664	2.9143E-2	2.408	75.353	27713.352
155000000	0.5860	1.6806	0.3513	0.3496	2.4294	0.6031	0.6868	0.4669	0.1837	0.1859	0.1634	4.6463E-3	1.1669E-3	4.617E-3	0.2435	2.8957E-3	1.320	75.339	27198.458
156000000	0.5648	1.6383	0.3621	0.3806	2.4373	0.6169	0.6675	0.4759	0.1826	0.1846	0.1570	4.629E-3	1.1385E-3	4.6428E-3	0.2448	4.6897E-2	1.943	74.751	27134.488
157000000	0.5908	1.7314	0.3337	0.3917	2.3482	0.6042	0.6712	0.4639	0.1883	0.1826	0.1652	4.6084E-3	1.1333E-3	4.5845E-3	0.2438	-8.3925E-3	3.020	72.880	27085.996
158000000	0.5800	1.6311	0.3688	0.3452	2.4742	0.6006	0.6854	0.4760	0.1805	0.1869	0.1566	4.5695E-3	1.1024E-3	4.4921E-3	0.2395	4.5193E-3	1.243	73.667	28000.175
159000000	0.5809	1.6128	0.3483	0.3535	2.4978	0.6066	0.6810	0.4744	0.1802	0.1865	0.1589	4.531E-3	1.0213E-3	4.5152E-3	0.2280	6.466E-2	2.598	72.712	27661.499
160000000	0.5712	1.6937	0.3608	0.3665	2.3890	0.6189	0.6700	0.4664	0.1900	0.1812	0.1624	4.5123E-3	1.1371E-3	4.485E-3	0.2432	-1.8399E-2	3.860	79.052	28214.804
161000000	0.5607	1.6330	0.3419	0.3634	2.4951	0.6059	0.6734	0.4781	0.1832	0.1827	0.1560	4.332E-3	1.1147E-3	4.3306E-3	0.2580	1.4636E-2	2.032	76.140	29218.809
162000000	0.5729	1.6186	0.3805	0.3463	2.4815	0.6001	0.6819	0.4691	0.1846	0.1934	0.1530	4.4632E-3	1.1331E-3	4.4382E-3	0.2571	1.0849E-3	1.830	78.623	28611.130
163000000	0.5695	1.6241	0.3684	0.3535	2.4457	0.6388	0.6688	0.4696	0.1870	0.1893	0.1540	4.5471E-3	1.1613E-3	4.4918E-3	0.2514	2.1412E-2	2.310	80.331	28389.644
164000000	0.5577	1.6586	0.3487	0.3599	2.4535	0.6215	0.6709	0.4721	0.1883	0.1813	0.1583	4.5296E-3	1.1172E-3	4.5293E-3	0.2485	8.6371E-3	1.652	77.468	28091.294
165000000	0.5860	1.6380	0.3504	0.3501	2.4607	0.6148	0.6793	0.4716	0.1815	0.1863	0.1605	4.4179E-3	1.0511E-3	4.3737E-3	0.2321	2.1764E-2	1.657	79.620	29012.800
166000000	0.5818	1.6649	0.3536	0.3799	2.3960	0.6239	0.6713	0.4735	0.1861	0.1794	0.1610	4.344E-3	1.1174E-3	4.3538E-3	0.2547	1.2501E-2	6.182	76.716	28945.916
167000000	0.5854	1.6901	0.3592	0.3432	2.3750	0.6471	0.6706	0.4654	0.1903	0.1840	0.1604	4.3319E-3	9.979E-4	4.3548E-3	0.2346	5.7109E-2	2.339	81.047	28912.793
168000000	0.5876	1.6418	0.3729	0.3536	2.4574	0.5867	0.6820	0.4743	0.1849	0.1851	0.1556	4.5067E-3	1.0523E-3	4.4982E-3	0.2366	1.8572E-2	1.436	77.033	27966.995
169000000	0.5783	1.6213	0.3591	0.3725	2.4652	0.6036	0.6919	0.4736	0.1860	0.1833	0.1572	4.4431E-3	1.0587E-3	4.4118E-3	0.2348	1.4776E-2	2.198	79.348	28663.965
170000000	0.5970	1.6878	0.3269	0.3509	2.4307	0.6066	0.6741	0.4691	0.1860	0.1812	0.1637	4.3335E-3	9.8476E-4	4.2926E-3	0.2305	1.6602E-2	2.901	79.654	29508.289
171000000	0.5743	1.5893	0.3493	0.3490	2.5246	0.6136	0.6736	0.4798	0.1818	0.1882	0.1502	4.2645E-3	1E-3	4.2885E-3	0.2389	1.3455E-2	4.440	85.492	29613.727
172000000	0.5734	1.6366	0.3699	0.3932	2.4589	0.5680	0.6719	0.4767	0.1847	0.1810	0.1576	4.2718E-3	1.0096E-3	4.2118E-3	0.2393	2.3931E-3	1.415	82.352	29807.318
173000000	0.5871	1.7008	0.3626	0.3581	2.3605	0.6309	0.6792	0.4685	0.1875	0.1835	0.1605	4.1641E-3	1.0664E-3	4.1816E-3	0.2559	5.7925E-2	4.488	86.716	30077.486
174000000	0.5756	1.5993	0.3579	0.3578	2.4925	0.6170	0.6830	0.4751	0.1864	0.1853	0.1531	4.307E-3	1.0122E-3	4.2695E-3	0.2367	6.5463E-3	2.842	82.085	29321.786
175000000	0.5787	1.6180	0.3438	0.3867	2.4854	0.5873	0.6764	0.4737	0.1812	0.1846	0.1605	4.5903E-3	1.1401E-3	4.6492E-3	0.2438	-7.0167E-4	1.135	77.944	27634.018
176000000	0.5550	1.6489	0.3454	0.3807	2.4734	0.5965	0.6800	0.4779	0.1875	0.1786	0.1559	4.2738E-3	1.0868E-3	4.3453E-3	0.2506	9.9062E-3	3.851	85.923	28815.195
177000000	0.5819	1.6520	0.3613	0.3747	2.4324	0.5977	0.6641	0.4733	0.1804	0.1869	0.1594	4.3706E-3	1.1E-3	4.3943E-3	0.2555	3.234E-2	2.276	80.075	28637.836
178000000	0.5777	1.5986	0.3505	0.3502	2.5187	0.6043	0.6810	0.4746	0.1842	0.1869	0.1542	4.5521E-3	1.1482E-3	4.5502E-3	0.2462	-1.4368E-2	2.716	77.365	28333.292
179000000	0.5745	1.7131	0.3584	0.3523	2.4145	0.5873	0.6680	0.4666	0.1892	0.1812	0.1630	4.6503E-3	1.1263E-3	4.5939E-3	0.2462	-3.7183E-2	1.165	75.328	27531.938
180000000	0.5809	1.6819	0.3632	0.3853	2.3976	0.5911	0.6818	0.4645	0.1887	0.1846	0.1622	4.6461E-3	1.0542E-3	4.6331E-3	0.2276	-1.2897E-2	2.112	75.826	27183.730
181000000	0.5600	1.6277	0.3415	0.3817	2.4799	0.6091	0.6780	0.4741	0.1865	0.1818	0.1576	4.6765E-3	1.1763E-3	4.6807E-3	0.2611	2.7177E-2	2.669	76.777	27284.139
182000000	0.5685	1.6200	0.3581	0.3681	2.4545	0.6307	0.6779	0.4811	0.1812	0.1826	0.1551	4.7117E-3	1.1553E-3	4.718E-3	0.2477	2.1067E-2	3.989	74.443	26453.007
183000000	0.5767	1.6621	0.3330	0.3495	2.4584	0.6203	0.6737	0.4741	0.1856	0.1801	0.1602	4.5037E-3	1.1213E-3	4.4814E-3	0.2516	1.714E-2	1.646	76.791	27785.917
184000000	0.5757	1.6987	0.3327	0.3425	2.4730	0.5773	0.6853	0.4740	0.1842	0.1814	0.1604	4.3763E-3	1.0008E-3	4.3649E-3	0.2331	3.7519E-2	3.323	79.557	28855.276
185000000	0.5657	1.6367	0.3579	0.3693	2.4925	0.5779	0.6786	0.4734	0.1859	0.1833	0.1574	4.2058E-3	9.494E-4	4.2888E-3	0.2306	3.6685E-2	1.741	77.256	29000.096
186000000	0.5586	1.6156	0.3554	0.3457	2.5136	0.6112	0.6678	0.4748	0.1848	0.1869	0.1535	4.4221E-3	1.0387E-3	4.4382E-3	0.2393	2.9078E-3	2.927	83.271	28778.741
187000000	0.5883	1.6735	0.3697	0.3507	2.3975	0.6203	0.6668	0.4673	0.1895	0.1837	0.1595	4.4591E-3	1.0753E-3	4.4519E-3	0.2513	4.1598E-2	1.477	74.742	28233.123
188000000	0.5784	1.6688	0.3519	0.3494	2.4305	0.6210	0.6849	0.4714	0.1860	0.1831	0.1595	4.4337E-3	1.0556E-3	4.4641E-3	0.2410	8.195E-3	2.494	79.476	27912.361
189000000	0.5610	1.6987	0.3496	0.3686	2.4038	0.6184	0.6455	0.4723	0.1898	0.1815	0.1564	4.551E-3	1.0342E-3	4.5157E-3	0.2288	-1.0419E-2	2.615	76.276	27866.214
190000000	0.5589	1.6317	0.3691	0.3503	2.4872	0.6029	0.6824	0.4726	0.1879	0.1821	0.1574	4.5406E-3	1.106E-3	4.551E-3	0.2398	-3.4135E-2	1.722	79.948	27221.764
191000000	0.5702	1.6320	0.3654	0.3580	2.4485	0.6259	0.6656	0.4676	0.1894	0.1863	0.1567	4.8093E-3	1.1179E-3	4.7964E-3	0.2371	4.951E-2	3.178	74.460	26067.874
192000000	0.5663	1.6202	0.3547	0.3779	2.4277	0.6531	0.6682	0.4837	0.1823	0.1800	0.1540	4.6775E-3	1.0177E-3	4.674E-3	0.2224	-2.4508E-2	1.802	77.632	26891.020
193000000	0.5697	1.6931	0.3546	0.3631	2.3968	0.6227	0.6705	0.4659	0.1892	0.1882	0.1567	4.6079E-3	1.1007E-3	4.6512E-3	0.2385	2.995E-2	4.462	76.955	27276.241
194000000	0.5769	1.6063	0.3429	0.3572	2.5004	0.6164	0.6761	0.4764	0.1796	0.1883	0.1557	4.4922E-3	1.0015E-3	4.51E-3	0.2248	-2.0308E-2	3.849	78.657	27850.155
195000000	0.5717	1.6604	0.3575	0.3713	2.4364	0.6026	0.6791	0.4672	0.1865	0.1862	0.1601	4.5473E-3	1.0435E-3	4.5254E-3	0.2273	-2.8736E-2	4.617	75.702	28016.997
196000000	0.5608	1.7036	0.3510	0.3624	2.4281	0.5941	0.6711	0.4681	0.1906	0.1839	0.1575	4.4541E-3	1.0979E-3	4.454E-3	0.2426	4.907E-2	2.734	84.550	28343.450
197000000	0.5609	1.6176	0.3589	0.3817	2.4717	0.6091	0.6675	0.4794	0.1814	0.1867	0.1525	4.4855E-3	1.0386E-3	4.5242E-3	0.2385	1.2938E-2	0.832	74.000	28178.100
198000000	0.5809	1.6089	0.3682	0.3514	2.4820	0.6086	0.6727	0.4751	0.1851	0.1893	0.1505	4.471E-3	1.1201E-3	4.4341E-3	0.2524	-7.0773E-3	2.435	80.897	28943.516
199000000	0.6358	1.7149	0.3566	0.3669	2.3539	0.5718	0.6873	0.4617	0.1804	0.1904	0.1675	4.3283E-3	1.1072E-3	4.3201E-3	0.2458	3.3411E-2	4.534	80.232	28823.840
200000000	0.5798	1.6636	0.3617	0.3698	2.4334	0.5918	0.6774	0.4725	0.1857	0.1856	0.1561	4.5795E-3	1.1906E-3	4.5106E-3	0.2593	3.5251E-2	1.969	79.282	27780.539
