state	gtr.rates.rateAC	gtr.rates.rateAG	gtr.rates.rateAT	gtr.rates.rateCG	gtr.rates.rateCT	gtr.rates.rateGT	alpha	frequencies1	frequencies2	frequencies3	frequencies4	ucld.mean	ucld.stdev	meanRate	coefficientOfVariation	covariance	skygrid.precision	rootHeight	treeLength
1000000	0.6670	2.3929	0.3076	0.4432	1.6821	0.5073	0.6129	0.3967	0.2049	0.1579	0.2405	3.4674E-3	7.6096E-4	3.4681E-3	0.2202	-2.8024E-2	1.160	72.867	25712.514
2000000	0.7069	2.3494	0.2792	0.4479	1.7286	0.4881	0.6016	0.4040	0.1968	0.1602	0.2390	3.3074E-3	6.8232E-4	3.301E-3	0.2077	-1.5975E-2	2.273	75.797	27276.439
3000000	0.6906	2.4119	0.2966	0.4669	1.6500	0.4840	0.5970	0.4059	0.2014	0.1554	0.2373	3.2787E-3	7.3668E-4	3.2556E-3	0.2231	1.633E-2	2.008	76.242	27731.497
4000000	0.7056	2.3620	0.2809	0.4588	1.6839	0.5088	0.6117	0.4088	0.1964	0.1577	0.2371	3.3808E-3	7.5881E-4	3.3295E-3	0.2223	3.3804E-2	2.841	71.711	27077.552
5000000	0.6969	2.3739	0.2888	0.4369	1.7073	0.4962	0.6123	0.4047	0.1989	0.1610	0.2353	3.25E-3	7.5529E-4	3.2077E-3	0.2286	3.6933E-2	1.845	75.954	28365.690
6000000	0.6821	2.3295	0.2990	0.4601	1.7299	0.4993	0.6061	0.4057	0.1982	0.1653	0.2309	3.1125E-3	6.2214E-4	3.1033E-3	0.2064	6.117E-3	3.822	77.416	28852.619
7000000	0.6940	2.3835	0.2943	0.4367	1.6839	0.5076	0.6184	0.4034	0.1978	0.1585	0.2403	3.2391E-3	7.4667E-4	3.2486E-3	0.2384	-6.2914E-3	2.212	79.179	28085.872
8000000	0.6808	2.3890	0.2745	0.4321	1.6895	0.5341	0.6059	0.4131	0.1963	0.1550	0.2357	3.2859E-3	7.309E-4	3.2383E-3	0.2273	2.8158E-2	4.853	75.224	27830.916
9000000	0.6671	2.3905	0.2898	0.4432	1.7076	0.5017	0.6119	0.4053	0.2039	0.1543	0.2365	2.9589E-3	6.549E-4	2.9677E-3	0.2221	3.3557E-2	3.786	83.791	30168.511
10000000	0.6758	2.3873	0.2805	0.4291	1.7078	0.5195	0.6036	0.4094	0.2023	0.1551	0.2332	3.1321E-3	6.6723E-4	3.1265E-3	0.2111	-1.6972E-2	2.025	83.903	29213.034
11000000	0.6836	2.3906	0.2742	0.4591	1.6992	0.4933	0.5877	0.4061	0.2006	0.1523	0.2410	3.0161E-3	6.7352E-4	3.0268E-3	0.2237	-1.699E-2	4.164	81.608	29481.381
12000000	0.6755	2.3563	0.2768	0.4530	1.7442	0.4942	0.6000	0.4104	0.1989	0.1550	0.2357	2.9902E-3	6.8024E-4	2.984E-3	0.2208	-3.9976E-4	2.990	90.956	30697.793
13000000	0.7018	2.3584	0.3000	0.4251	1.7066	0.5080	0.6178	0.3988	0.1998	0.1636	0.2378	2.9511E-3	6.7028E-4	2.9558E-3	0.2241	3.163E-2	3.261	84.635	30585.832
14000000	0.6851	2.4067	0.2769	0.4577	1.6653	0.5083	0.6336	0.4024	0.2015	0.1541	0.2420	2.9742E-3	7.0231E-4	2.969E-3	0.2392	3.3582E-3	2.412	83.999	30078.420
15000000	0.6893	2.3936	0.2737	0.4636	1.6752	0.5045	0.6151	0.4046	0.1964	0.1553	0.2437	2.9817E-3	6.9377E-4	2.9767E-3	0.2269	4.8948E-3	2.379	81.196	29935.231
16000000	0.6795	2.4039	0.2816	0.4381	1.6900	0.5070	0.6151	0.4090	0.1971	0.1578	0.2361	2.9443E-3	6.1414E-4	2.9558E-3	0.2094	1.662E-2	4.285	85.847	29768.085
17000000	0.6771	2.3651	0.2885	0.4413	1.6997	0.5283	0.6135	0.4111	0.2012	0.1579	0.2298	2.996E-3	7.2683E-4	2.9646E-3	0.2377	-1.9314E-2	2.241	84.922	30102.856
18000000	0.7062	2.3014	0.2828	0.4329	1.7573	0.5193	0.6089	0.4045	0.1974	0.1656	0.2324	3.0665E-3	6.8216E-4	3.0705E-3	0.2224	6.5518E-3	2.330	77.954	29182.105
19000000	0.6585	2.3544	0.2875	0.4693	1.7041	0.5263	0.6099	0.4123	0.1994	0.1529	0.2353	3.0167E-3	6.4097E-4	3.0009E-3	0.2150	1.6246E-3	1.523	78.562	29404.253
20000000	0.6904	2.2754	0.2861	0.4682	1.7629	0.5169	0.6213	0.4060	0.1912	0.1630	0.2398	3.0465E-3	6.3089E-4	3.0682E-3	0.2067	-2.3395E-3	2.708	78.714	29158.642
21000000	0.6841	2.3743	0.2842	0.4314	1.7026	0.5235	0.6156	0.4011	0.2040	0.1580	0.2368	3.1299E-3	7.3141E-4	3.1079E-3	0.2372	9.2869E-3	1.514	75.501	28870.308
22000000	0.6770	2.3481	0.3064	0.4430	1.7163	0.5092	0.6056	0.4083	0.1968	0.1582	0.2367	3.2318E-3	7.4282E-4	3.2031E-3	0.2261	2.0037E-3	2.057	79.349	27771.314
23000000	0.6822	2.4485	0.2831	0.4171	1.6579	0.5112	0.6018	0.4001	0.1997	0.1579	0.2423	3.1507E-3	7.0116E-4	3.1677E-3	0.2306	2.4006E-2	3.607	77.646	28582.152
24000000	0.6861	2.3534	0.2883	0.4407	1.7381	0.4935	0.5897	0.4049	0.1963	0.1584	0.2404	3.1975E-3	7.142E-4	3.1569E-3	0.2218	-3.5256E-3	3.025	76.585	28507.855
25000000	0.7018	2.3667	0.2768	0.4330	1.7101	0.5116	0.6180	0.4103	0.1949	0.1580	0.2369	3.1868E-3	7.1269E-4	3.1761E-3	0.2174	-2.5123E-2	3.801	77.648	28539.024
26000000	0.6796	2.3584	0.3016	0.4319	1.7352	0.4933	0.6138	0.4113	0.1931	0.1592	0.2363	3.2055E-3	7.0937E-4	3.1937E-3	0.2135	2.0139E-2	2.575	79.022	28062.871
27000000	0.7103	2.3197	0.2943	0.4347	1.7239	0.5171	0.6280	0.4075	0.1905	0.1628	0.2392	3.3001E-3	6.8205E-4	3.269E-3	0.2054	-5.8089E-3	4.068	77.095	27564.274
28000000	0.6632	2.3382	0.2927	0.4870	1.7115	0.5073	0.6078	0.4107	0.1967	0.1581	0.2345	3.3811E-3	7.3777E-4	3.33E-3	0.2134	2.8396E-2	1.995	74.430	26988.473
29000000	0.6791	2.3213	0.3052	0.4639	1.7091	0.5214	0.6022	0.4137	0.1983	0.1594	0.2286	3.4546E-3	7.2675E-4	3.4262E-3	0.2159	-2.096E-3	2.118	73.312	26331.902
30000000	0.6836	2.3327	0.2855	0.4518	1.7537	0.4927	0.6020	0.4076	0.1992	0.1621	0.2311	3.5305E-3	8.4897E-4	3.484E-3	0.2348	3.7078E-2	2.902	71.630	25975.821
31000000	0.6781	2.3262	0.2974	0.4526	1.7462	0.4994	0.6216	0.4078	0.1946	0.1608	0.2368	3.388E-3	7.3286E-4	3.3902E-3	0.2138	-1.8211E-2	3.061	72.154	26552.969
32000000	0.7016	2.3964	0.2847	0.4341	1.7026	0.4806	0.6050	0.4027	0.2002	0.1604	0.2368	3.3841E-3	7.9863E-4	3.3657E-3	0.2333	1.3881E-2	4.913	72.757	26931.787
33000000	0.6943	2.3720	0.3003	0.4167	1.7034	0.5133	0.6006	0.4061	0.1957	0.1624	0.2358	3.3539E-3	8.9984E-4	3.3226E-3	0.2649	1.4498E-2	2.120	74.684	27318.630
34000000	0.6924	2.3061	0.2920	0.4380	1.7489	0.5225	0.6082	0.4142	0.1932	0.1640	0.2287	3.4187E-3	7.439E-4	3.381E-3	0.2165	-1.6437E-2	1.526	71.214	26571.748
35000000	0.6866	2.3577	0.3058	0.4683	1.6882	0.4935	0.5996	0.4004	0.2021	0.1604	0.2372	3.4629E-3	8.0648E-4	3.4134E-3	0.2306	-2.6994E-2	1.585	74.306	26426.220
36000000	0.6802	2.3452	0.3031	0.4363	1.7208	0.5142	0.5926	0.4047	0.1978	0.1615	0.2360	3.4341E-3	7.5373E-4	3.4046E-3	0.2244	2.8527E-3	3.516	72.505	26602.927
37000000	0.7012	2.4090	0.2760	0.4618	1.6662	0.4859	0.6088	0.4026	0.1977	0.1581	0.2416	3.3584E-3	8.1457E-4	3.3279E-3	0.2382	-5.177E-2	2.734	76.534	27393.287
38000000	0.6891	2.3750	0.2922	0.4444	1.7096	0.4897	0.6043	0.3992	0.1967	0.1604	0.2438	3.3792E-3	7.9892E-4	3.3555E-3	0.2414	1.5385E-3	4.476	75.395	27508.170
39000000	0.6773	2.4040	0.2788	0.4506	1.6923	0.4969	0.6062	0.4081	0.1993	0.1511	0.2416	3.3579E-3	7.5777E-4	3.3061E-3	0.2312	-2.0486E-2	1.916	73.470	27200.687
40000000	0.6684	2.3541	0.2978	0.4774	1.6798	0.5225	0.5967	0.4022	0.2013	0.1584	0.2381	3.3917E-3	8.1161E-4	3.3887E-3	0.2436	1.9736E-2	2.443	74.685	26733.641
41000000	0.6862	2.4028	0.2997	0.4323	1.6627	0.5162	0.6034	0.4040	0.1980	0.1593	0.2387	3.444E-3	8.4903E-4	3.4197E-3	0.2413	3.9078E-2	1.174	73.707	26265.664
42000000	0.6735	2.3720	0.2901	0.4113	1.7234	0.5298	0.6135	0.4118	0.1962	0.1611	0.2309	3.4363E-3	7.6595E-4	3.4287E-3	0.2218	6.0259E-3	2.702	80.102	26479.609
43000000	0.6888	2.3326	0.2879	0.4468	1.7108	0.5331	0.6097	0.4049	0.2003	0.1635	0.2313	3.321E-3	7.6626E-4	3.3005E-3	0.2296	2.2002E-2	2.447	73.727	27631.778
44000000	0.6982	2.3509	0.2915	0.4385	1.6923	0.5286	0.6075	0.4098	0.1984	0.1589	0.2329	3.2917E-3	7.993E-4	3.2915E-3	0.2470	2.4369E-2	2.802	77.045	27405.246
45000000	0.6869	2.3580	0.2996	0.4448	1.6971	0.5136	0.6073	0.4074	0.1949	0.1616	0.2362	3.3598E-3	7.8033E-4	3.3237E-3	0.2263	3.9295E-2	1.886	73.035	27064.802
46000000	0.6925	2.3607	0.2964	0.4263	1.7304	0.4936	0.6042	0.4035	0.1957	0.1643	0.2366	3.4298E-3	7.9703E-4	3.4037E-3	0.2299	1.4064E-2	2.558	74.075	26752.407
47000000	0.6883	2.4012	0.3047	0.4404	1.6715	0.4939	0.6153	0.3972	0.2026	0.1591	0.2411	3.206E-3	8.0223E-4	3.2318E-3	0.2507	-3.701E-3	2.010	75.518	27788.571
48000000	0.6832	2.4020	0.3033	0.4449	1.6738	0.4929	0.6221	0.3988	0.2035	0.1583	0.2394	3.1536E-3	7.3178E-4	3.1463E-3	0.2331	3.7196E-2	2.578	77.947	28675.324
49000000	0.6716	2.4386	0.2977	0.4289	1.6453	0.5179	0.6084	0.4004	0.2025	0.1574	0.2396	3.2113E-3	7.8745E-4	3.2096E-3	0.2399	1.6433E-2	1.585	82.851	28409.244
50000000	0.7032	2.3678	0.2845	0.4571	1.6973	0.4900	0.6003	0.4025	0.1951	0.1621	0.2402	3.2549E-3	7.8127E-4	3.2435E-3	0.2408	7.3837E-3	2.351	79.682	27879.323
51000000	0.7035	2.3681	0.2890	0.4417	1.7029	0.4948	0.6075	0.4002	0.1988	0.1598	0.2412	3.13E-3	7.5175E-4	3.1095E-3	0.2354	1.4552E-2	2.674	91.752	28942.651
52000000	0.6822	2.3723	0.2946	0.4573	1.6895	0.5042	0.6111	0.3998	0.2008	0.1626	0.2367	3.2482E-3	7.9771E-4	3.2465E-3	0.2494	7.1714E-3	1.526	75.227	28251.205
53000000	0.6987	2.3875	0.2876	0.4567	1.6716	0.4980	0.6071	0.4016	0.1948	0.1576	0.2460	3.2276E-3	7.094E-4	3.1882E-3	0.2255	3.4028E-3	2.162	78.816	28111.005
54000000	0.6867	2.3801	0.2769	0.4535	1.6993	0.5035	0.6022	0.4054	0.1989	0.1592	0.2366	3.3411E-3	7.573E-4	3.2968E-3	0.2329	1.7622E-2	2.322	82.152	27571.765
55000000	0.6955	2.3598	0.2894	0.4402	1.6915	0.5236	0.6203	0.4071	0.1954	0.1595	0.2380	3.2024E-3	7.4581E-4	3.2109E-3	0.2391	-5.3936E-3	1.462	76.405	27742.372
56000000	0.6998	2.3880	0.2878	0.4314	1.6826	0.5105	0.6139	0.4061	0.1960	0.1536	0.2444	3.275E-3	7.0696E-4	3.2586E-3	0.2176	4.3767E-2	3.333	76.099	27871.486
57000000	0.6982	2.3502	0.3130	0.4394	1.6956	0.5035	0.6074	0.3960	0.1984	0.1640	0.2416	3.1956E-3	7.196E-4	3.2149E-3	0.2290	6.0584E-2	1.765	82.382	28245.168
58000000	0.6941	2.3363	0.2976	0.4381	1.7370	0.4971	0.6120	0.4014	0.1972	0.1636	0.2378	3.4413E-3	7.5166E-4	3.4003E-3	0.2192	-6.1777E-3	0.842	73.752	26882.814
59000000	0.7069	2.3859	0.2886	0.4575	1.6673	0.4939	0.6153	0.3940	0.1982	0.1656	0.2422	3.2626E-3	7.5545E-4	3.2822E-3	0.2315	1.4591E-2	4.338	81.015	28323.113
60000000	0.7145	2.3732	0.2860	0.4071	1.7306	0.4886	0.5920	0.3949	0.2008	0.1652	0.2390	3.1623E-3	6.6842E-4	3.1853E-3	0.2150	-2.2073E-2	2.397	79.007	28908.302
61000000	0.6979	2.3518	0.2867	0.4477	1.7158	0.5002	0.6223	0.4004	0.1995	0.1620	0.2381	3.0623E-3	7.3092E-4	3.0577E-3	0.2338	-2.0017E-2	3.039	81.405	29777.158
62000000	0.6684	2.3674	0.3063	0.4558	1.6980	0.5042	0.6057	0.4004	0.1974	0.1626	0.2396	3.0346E-3	6.6355E-4	3.045E-3	0.2185	-9.2662E-3	2.932	81.082	29715.863
63000000	0.7060	2.3855	0.2961	0.4228	1.6791	0.5106	0.6206	0.3951	0.1983	0.1616	0.2450	3.2614E-3	7.6134E-4	3.2068E-3	0.2337	1.6426E-2	3.459	80.315	28532.809
64000000	0.6868	2.3466	0.2939	0.4294	1.7509	0.4924	0.6162	0.4056	0.1968	0.1641	0.2335	3.0708E-3	7.3821E-4	3.0383E-3	0.2385	3.4995E-2	1.937	81.626	29399.451
65000000	0.7109	2.3707	0.2917	0.4474	1.6913	0.4880	0.6234	0.3996	0.1960	0.1628	0.2416	2.9982E-3	6.5609E-4	3.0087E-3	0.2192	2.0489E-2	3.214	88.730	30291.496
66000000	0.7240	2.3887	0.2905	0.4116	1.6927	0.4925	0.6497	0.3915	0.1993	0.1662	0.2429	3.1949E-3	6.7239E-4	3.1796E-3	0.2041	2.9571E-2	4.054	78.558	28275.735
67000000	0.7029	2.3586	0.2921	0.4508	1.7212	0.4743	0.6344	0.4005	0.1939	0.1641	0.2415	3.1719E-3	7.5534E-4	3.1849E-3	0.2402	9.0682E-3	2.316	83.899	28587.175
68000000	0.7282	2.3983	0.2934	0.3959	1.6943	0.4899	0.6069	0.3969	0.1985	0.1623	0.2423	3.1895E-3	7.1532E-4	3.2029E-3	0.2225	4.3053E-2	3.400	77.678	28269.048
69000000	0.6890	2.3990	0.2943	0.4279	1.6703	0.5196	0.6144	0.4023	0.1985	0.1597	0.2395	3.1961E-3	7.3314E-4	3.2378E-3	0.2338	2.7263E-2	3.931	78.109	27989.396
70000000	0.6988	2.3523	0.2844	0.4584	1.7020	0.5041	0.6196	0.4071	0.1959	0.1586	0.2383	3.1471E-3	6.8848E-4	3.1526E-3	0.2134	1.8344E-3	4.563	76.585	28394.607
71000000	0.7294	2.4265	0.2776	0.4505	1.6413	0.4747	0.6167	0.3981	0.2034	0.1560	0.2425	3.178E-3	7.2765E-4	3.1473E-3	0.2202	3.4744E-2	3.991	77.409	28429.299
72000000	0.6748	2.3058	0.2949	0.4620	1.7510	0.5115	0.6177	0.4173	0.1939	0.1593	0.2296	3.2472E-3	7.7867E-4	3.2593E-3	0.2373	-1.3942E-2	1.911	78.159	28105.711
73000000	0.6919	2.3488	0.2938	0.4257	1.7124	0.5274	0.6115	0.4023	0.1983	0.1633	0.2361	3.2456E-3	7.3712E-4	3.2312E-3	0.2298	2.3234E-2	4.059	76.080	28175.808
74000000	0.6945	2.4060	0.3018	0.4568	1.6734	0.4675	0.6156	0.3939	0.2010	0.1623	0.2427	3.0433E-3	6.8563E-4	3.0421E-3	0.2241	3.3538E-2	1.412	79.631	29388.752
75000000	0.7019	2.4238	0.2948	0.4024	1.6780	0.4991	0.6044	0.3990	0.1979	0.1642	0.2390	3.1901E-3	6.7715E-4	3.1772E-3	0.2214	-1.8538E-2	2.981	79.855	29142.777
76000000	0.6849	2.3739	0.2967	0.4323	1.7109	0.5012	0.6151	0.4011	0.2018	0.1626	0.2346	3.2204E-3	6.9777E-4	3.2316E-3	0.2205	-1.7188E-2	1.615	79.926	28454.239
77000000	0.7048	2.4112	0.2844	0.4214	1.6717	0.5065	0.6160	0.4006	0.1977	0.1606	0.2411	3.0678E-3	7.247E-4	3.0589E-3	0.2285	-2.5374E-2	2.694	78.082	29914.510
78000000	0.6782	2.3505	0.2904	0.4573	1.7324	0.4912	0.6173	0.4070	0.1965	0.1646	0.2319	3.1952E-3	7.9582E-4	3.1761E-3	0.2490	1.9841E-2	2.889	84.775	28785.038
79000000	0.7207	2.4128	0.2979	0.4333	1.6532	0.4821	0.6285	0.3978	0.2002	0.1608	0.2412	3.2691E-3	7.2692E-4	3.2414E-3	0.2163	3.628E-2	4.115	82.737	27627.370
80000000	0.6884	2.4318	0.3043	0.4368	1.6438	0.4949	0.6270	0.3969	0.2039	0.1578	0.2415	3.3391E-3	7.2748E-4	3.3131E-3	0.2177	-2.3669E-2	3.082	73.192	27560.421
81000000	0.6850	2.3597	0.3030	0.4447	1.6851	0.5225	0.6277	0.4028	0.2007	0.1612	0.2352	3.2867E-3	7.3667E-4	3.2664E-3	0.2204	3.0328E-2	3.096	76.904	27811.794
82000000	0.6956	2.3620	0.2731	0.4451	1.7183	0.5059	0.6148	0.4084	0.1896	0.1587	0.2434	3.1745E-3	6.7885E-4	3.186E-3	0.2144	1.4014E-2	3.932	75.877	28217.993
83000000	0.6825	2.3741	0.2933	0.4118	1.7209	0.5174	0.6159	0.4010	0.2029	0.1615	0.2345	3.0338E-3	6.5244E-4	3.0309E-3	0.2160	1.2191E-2	2.675	80.247	30003.743
84000000	0.6872	2.3414	0.2961	0.4283	1.7464	0.5006	0.5983	0.4088	0.1957	0.1603	0.2352	3.0711E-3	7.8867E-4	3.0637E-3	0.2549	4.9697E-4	1.979	78.214	29504.345
85000000	0.6809	2.4052	0.2808	0.4504	1.6747	0.5080	0.6037	0.4047	0.2001	0.1557	0.2396	3.0734E-3	7.3224E-4	3.0713E-3	0.2329	9.2647E-3	3.005	81.500	28939.141
86000000	0.6901	2.3606	0.2884	0.4489	1.7107	0.5014	0.6126	0.4087	0.1941	0.1600	0.2373	3.1677E-3	7.0837E-4	3.1702E-3	0.2195	-2.2507E-2	3.025	75.358	28871.626
87000000	0.7038	2.3768	0.2950	0.4356	1.6771	0.5117	0.6062	0.4082	0.1936	0.1628	0.2355	3.2724E-3	7.2673E-4	3.2167E-3	0.2230	2.3747E-2	3.184	76.078	28298.304
88000000	0.6855	2.3482	0.2879	0.4380	1.7712	0.4692	0.6222	0.4122	0.1959	0.1616	0.2303	3.0029E-3	7.0535E-4	3.0045E-3	0.2362	2.3181E-2	6.308	79.112	29785.809
89000000	0.6876	2.3993	0.2905	0.4745	1.6684	0.4797	0.6128	0.4040	0.1963	0.1600	0.2397	3.0405E-3	6.2795E-4	3.0198E-3	0.2086	-2.5216E-3	6.637	81.664	30148.279
90000000	0.6798	2.3995	0.2786	0.4530	1.6802	0.5088	0.6178	0.3985	0.1999	0.1599	0.2417	3.0378E-3	6.524E-4	3.0662E-3	0.2123	3.0999E-2	2.845	86.149	29699.364
91000000	0.6760	2.3788	0.2771	0.4487	1.7144	0.5051	0.5955	0.4053	0.1996	0.1559	0.2392	3.2322E-3	7.657E-4	3.2355E-3	0.2357	1.9739E-2	1.422	78.488	27859.372
92000000	0.6830	2.3691	0.2860	0.4204	1.7398	0.5017	0.6330	0.4059	0.1960	0.1596	0.2385	3.3207E-3	7.166E-4	3.2962E-3	0.2134	3.7296E-2	2.142	74.489	27460.455
93000000	0.6744	2.4244	0.2891	0.4442	1.6622	0.5057	0.6059	0.3942	0.2018	0.1583	0.2457	3.2826E-3	7.3388E-4	3.2913E-3	0.2176	4.3434E-2	2.294	77.221	27190.224
94000000	0.6835	2.3258	0.2983	0.4302	1.7447	0.5175	0.6081	0.4076	0.1947	0.1641	0.2337	3.231E-3	7.7814E-4	3.25E-3	0.2398	2.6994E-2	1.681	75.947	28047.863
95000000	0.6806	2.4198	0.3016	0.4446	1.6716	0.4819	0.5987	0.4016	0.2007	0.1594	0.2384	3.1176E-3	7.7251E-4	3.1148E-3	0.2435	9.9049E-3	4.349	80.378	29045.426
96000000	0.7005	2.4145	0.2881	0.4772	1.6226	0.4971	0.5917	0.3987	0.1980	0.1586	0.2448	3.3004E-3	7.8069E-4	3.2571E-3	0.2380	1.7588E-2	3.980	72.962	28064.451
97000000	0.6896	2.3734	0.3025	0.4136	1.7106	0.5102	0.6109	0.4078	0.1933	0.1601	0.2388	3.1283E-3	6.6982E-4	3.1447E-3	0.2133	7.7151E-3	3.316	85.433	28734.206
98000000	0.6798	2.3346	0.2807	0.4514	1.7356	0.5179	0.6009	0.4127	0.1950	0.1590	0.2333	3.1573E-3	7.7015E-4	3.107E-3	0.2381	8.6787E-3	1.542	78.235	28938.815
99000000	0.6496	2.3488	0.2996	0.4587	1.7194	0.5240	0.5982	0.4105	0.1984	0.1563	0.2348	3.0304E-3	6.9824E-4	3.0481E-3	0.2304	1.8569E-2	2.079	81.042	29462.451
100000000	0.6840	2.4099	0.2835	0.4413	1.6729	0.5085	0.6001	0.4044	0.2027	0.1568	0.2361	3.2204E-3	7.4428E-4	3.1942E-3	0.2408	1.559E-2	2.953	73.074	28618.256
101000000	0.7068	2.3759	0.2866	0.4417	1.6812	0.5079	0.6093	0.4015	0.1953	0.1601	0.2431	3.0363E-3	7.7392E-4	2.9952E-3	0.2520	-1.2014E-2	4.337	85.837	30041.084
102000000	0.6721	2.3249	0.2956	0.4430	1.7519	0.5126	0.6005	0.4114	0.1982	0.1626	0.2278	2.9633E-3	6.8459E-4	2.9708E-3	0.2317	-3.1441E-2	2.354	84.295	30421.954
103000000	0.6877	2.3684	0.2791	0.4634	1.6585	0.5428	0.6134	0.4080	0.1999	0.1563	0.2358	2.9674E-3	6.7905E-4	2.9489E-3	0.2250	5.5897E-2	2.793	81.033	30294.173
104000000	0.6725	2.3917	0.2813	0.4000	1.7159	0.5386	0.6086	0.4039	0.2020	0.1594	0.2348	2.9494E-3	7.2846E-4	2.9687E-3	0.2572	3.0273E-2	2.120	87.472	30946.870
105000000	0.6775	2.4151	0.2820	0.4558	1.6417	0.5280	0.6262	0.4005	0.1993	0.1605	0.2396	3.0599E-3	6.404E-4	3.0405E-3	0.2104	3.9467E-2	3.398	80.916	29695.757
106000000	0.7053	2.4084	0.2837	0.4532	1.6623	0.4871	0.6133	0.3942	0.1960	0.1597	0.2502	3.0856E-3	6.9982E-4	3.0643E-3	0.2274	-3.0216E-2	1.536	82.740	29520.802
107000000	0.6858	2.3222	0.3009	0.4427	1.7236	0.5247	0.6106	0.4055	0.1980	0.1620	0.2345	3.0338E-3	7.4584E-4	3.0035E-3	0.2411	5.4452E-2	3.712	82.543	30257.232
108000000	0.6819	2.3185	0.2996	0.4636	1.7269	0.5095	0.6045	0.4088	0.1925	0.1656	0.2330	3.0162E-3	7.5715E-4	2.985E-3	0.2493	5.3126E-2	3.405	83.121	30354.732
109000000	0.6890	2.3858	0.2814	0.4895	1.6454	0.5089	0.6199	0.4034	0.1964	0.1587	0.2415	2.8664E-3	6.7877E-4	2.8606E-3	0.2367	2.0486E-2	6.179	87.965	31179.387
110000000	0.7156	2.3231	0.3039	0.3994	1.7421	0.5158	0.6249	0.4049	0.1962	0.1673	0.2316	2.9669E-3	6.7992E-4	2.9829E-3	0.2287	5.3634E-2	4.329	81.070	30203.767
111000000	0.7000	2.3253	0.2901	0.4425	1.7260	0.5161	0.6105	0.4056	0.1950	0.1632	0.2361	3.0519E-3	7.0037E-4	3.0131E-3	0.2274	4.8094E-2	1.544	79.135	29816.328
112000000	0.6934	2.4307	0.2901	0.4095	1.6673	0.5091	0.6187	0.3916	0.2045	0.1617	0.2422	3.1124E-3	7.1374E-4	3.1004E-3	0.2309	-1.5067E-2	4.390	79.802	29377.225
113000000	0.6743	2.3085	0.2862	0.4639	1.7423	0.5248	0.5999	0.4112	0.1952	0.1591	0.2345	3.0433E-3	6.8086E-4	3.0393E-3	0.2185	-4.0237E-4	2.184	83.206	29288.236
114000000	0.6751	2.3630	0.2852	0.4429	1.7353	0.4984	0.5915	0.4124	0.1976	0.1612	0.2287	2.8994E-3	6.9704E-4	2.906E-3	0.2355	1.5242E-2	2.298	87.522	30831.899
115000000	0.6747	2.3240	0.2904	0.4388	1.7401	0.5321	0.5907	0.4151	0.1913	0.1588	0.2347	2.9286E-3	6.3991E-4	2.9097E-3	0.2149	-1.7073E-2	2.791	81.685	30539.031
116000000	0.6905	2.3242	0.2801	0.4457	1.7400	0.5195	0.6064	0.4125	0.1944	0.1587	0.2345	3.0258E-3	7.0672E-4	3.0254E-3	0.2406	-2.9825E-2	3.837	83.064	29495.061
117000000	0.6705	2.3973	0.2978	0.4575	1.6531	0.5238	0.6246	0.4095	0.1948	0.1575	0.2382	3.0674E-3	6.7773E-4	3.0691E-3	0.2173	1.1082E-2	1.624	80.186	29089.686
118000000	0.6869	2.3918	0.2953	0.4338	1.7003	0.4919	0.6072	0.4021	0.1981	0.1630	0.2369	3.0964E-3	7.336E-4	3.0967E-3	0.2278	-5.7843E-3	3.386	81.338	29227.743
119000000	0.6713	2.3516	0.2906	0.4560	1.7161	0.5144	0.6053	0.4107	0.1903	0.1625	0.2364	3.131E-3	7.5683E-4	3.1516E-3	0.2391	-2.099E-2	2.620	78.971	28671.686
120000000	0.6913	2.3925	0.2914	0.4459	1.6766	0.5024	0.6185	0.4045	0.1985	0.1575	0.2395	3.2403E-3	7.3198E-4	3.1565E-3	0.2254	-3.0298E-3	3.478	76.377	28625.509
121000000	0.6926	2.3844	0.2898	0.4369	1.6896	0.5068	0.5980	0.4010	0.1988	0.1582	0.2420	3.067E-3	6.9191E-4	3.0478E-3	0.2306	1.7692E-2	1.751	77.618	29550.651
122000000	0.6936	2.3553	0.2766	0.4636	1.7034	0.5075	0.6141	0.4044	0.1928	0.1625	0.2403	3.153E-3	7.5511E-4	3.0873E-3	0.2466	-1.1729E-2	2.154	77.900	29028.977
123000000	0.7210	2.3559	0.2871	0.4539	1.6879	0.4941	0.6016	0.4019	0.1958	0.1616	0.2408	3.2654E-3	7.9817E-4	3.2427E-3	0.2396	7.343E-3	0.982	72.366	27816.772
124000000	0.6927	2.4066	0.3055	0.4454	1.6562	0.4935	0.6116	0.3967	0.2004	0.1605	0.2425	3.2692E-3	7.8165E-4	3.2795E-3	0.2354	2.5606E-2	3.126	76.350	27878.010
125000000	0.7054	2.3847	0.2915	0.4267	1.6914	0.5003	0.6044	0.3949	0.2002	0.1628	0.2420	3.4563E-3	7.8981E-4	3.3998E-3	0.2265	-6.7129E-3	1.895	73.766	26545.365
126000000	0.7111	2.3724	0.2936	0.4442	1.7122	0.4665	0.6103	0.3994	0.1942	0.1662	0.2402	3.2731E-3	6.9457E-4	3.2477E-3	0.2161	3.3592E-2	3.050	79.865	28075.159
127000000	0.6872	2.4013	0.2897	0.4497	1.6877	0.4844	0.5998	0.4008	0.1996	0.1597	0.2399	3.3367E-3	7.2099E-4	3.3205E-3	0.2175	4.6087E-2	0.935	66.990	26807.764
128000000	0.7005	2.4329	0.2844	0.4291	1.6539	0.4992	0.6137	0.4005	0.1968	0.1580	0.2448	3.4104E-3	7.9967E-4	3.3733E-3	0.2328	-2.5534E-2	3.140	71.118	26807.879
129000000	0.6994	2.3711	0.3035	0.4395	1.6862	0.5003	0.6222	0.4035	0.1943	0.1627	0.2394	3.4284E-3	8.2974E-4	3.3792E-3	0.2346	-4.1393E-2	3.019	71.941	26745.968
130000000	0.6982	2.3963	0.2930	0.4301	1.6822	0.5002	0.6099	0.4030	0.1949	0.1616	0.2405	3.2164E-3	7.2237E-4	3.2246E-3	0.2205	2.8936E-2	2.406	77.849	28741.784
131000000	0.6866	2.4468	0.2952	0.4305	1.6412	0.4996	0.6058	0.3951	0.2013	0.1572	0.2464	3.1171E-3	7.8838E-4	3.0872E-3	0.2435	2.2691E-2	4.087	80.391	29386.370
132000000	0.7158	2.3529	0.2937	0.4778	1.6993	0.4604	0.6171	0.4012	0.1974	0.1632	0.2383	3.1392E-3	7.9037E-4	3.1427E-3	0.2551	-2.1911E-2	1.626	80.545	29114.214
133000000	0.6874	2.4274	0.2971	0.4362	1.6586	0.4933	0.5913	0.3972	0.2008	0.1596	0.2424	3.1275E-3	7.5056E-4	3.1115E-3	0.2345	5.2797E-3	3.229	83.203	29260.416
134000000	0.7010	2.3833	0.2946	0.4287	1.6733	0.5192	0.6070	0.4026	0.1961	0.1600	0.2413	3.1356E-3	6.9658E-4	3.1298E-3	0.2231	-2.2544E-2	2.582	80.975	28709.458
135000000	0.6788	2.4008	0.2870	0.4452	1.6663	0.5219	0.6143	0.4043	0.1977	0.1574	0.2406	3.2379E-3	6.9521E-4	3.2229E-3	0.2170	2.584E-2	2.190	74.779	27565.533
136000000	0.6939	2.4224	0.2817	0.4150	1.6912	0.4959	0.6151	0.4012	0.1966	0.1622	0.2401	3.354E-3	7.7345E-4	3.3472E-3	0.2305	-7.1055E-3	2.047	69.775	26702.738
137000000	0.6845	2.3749	0.2891	0.4447	1.6983	0.5085	0.6053	0.4081	0.1961	0.1580	0.2378	3.5189E-3	8.097E-4	3.5553E-3	0.2216	2.0148E-2	1.281	69.670	25599.580
138000000	0.6906	2.3959	0.3025	0.4365	1.6604	0.5141	0.6312	0.3940	0.2049	0.1563	0.2448	3.4591E-3	7.7831E-4	3.4452E-3	0.2256	6.714E-2	2.167	71.778	26239.982
139000000	0.6843	2.4676	0.2932	0.4627	1.5989	0.4933	0.6151	0.3925	0.2036	0.1550	0.2488	3.4701E-3	8.1041E-4	3.4259E-3	0.2374	1.2467E-2	1.621	75.834	26041.753
140000000	0.6951	2.4226	0.2945	0.4256	1.6497	0.5125	0.6126	0.3916	0.2045	0.1615	0.2425	3.3824E-3	7.7047E-4	3.3849E-3	0.2283	-1.0184E-2	2.672	72.764	26895.362
141000000	0.6824	2.3885	0.3051	0.4507	1.6784	0.4949	0.6291	0.4034	0.1981	0.1659	0.2326	3.4138E-3	7.7733E-4	3.4068E-3	0.2270	2.1672E-2	3.047	72.192	26967.930
142000000	0.6865	2.3677	0.2921	0.4333	1.6982	0.5221	0.6085	0.4084	0.2016	0.1584	0.2317	3.4561E-3	7.6067E-4	3.4412E-3	0.2244	2.5951E-2	1.432	73.564	26261.994
143000000	0.7150	2.4437	0.2792	0.4679	1.6047	0.4895	0.6336	0.3961	0.1960	0.1582	0.2497	3.4554E-3	7.6144E-4	3.4305E-3	0.2247	-6.4221E-3	1.726	74.269	26076.437
144000000	0.7023	2.4318	0.2996	0.4422	1.6351	0.4889	0.6212	0.3956	0.2022	0.1580	0.2441	3.3699E-3	8.5537E-4	3.367E-3	0.2535	-4.3539E-3	2.529	73.714	26721.598
145000000	0.6838	2.4426	0.2793	0.4816	1.6532	0.4595	0.6309	0.3993	0.2005	0.1588	0.2414	3.2648E-3	7.2584E-4	3.2475E-3	0.2190	4.8543E-3	2.011	76.249	27838.177
146000000	0.6851	2.3501	0.2985	0.4363	1.7236	0.5064	0.6161	0.4058	0.1996	0.1646	0.2300	3.3534E-3	8.2277E-4	3.2915E-3	0.2441	2.5725E-2	2.199	73.041	27912.374
147000000	0.6725	2.4102	0.2806	0.4325	1.7134	0.4908	0.6058	0.3944	0.2032	0.1605	0.2419	3.273E-3	7.6766E-4	3.2797E-3	0.2357	3.9342E-3	1.205	77.194	28049.038
148000000	0.7041	2.4057	0.2938	0.4255	1.6758	0.4950	0.6102	0.3995	0.2013	0.1626	0.2366	3.4088E-3	7.5952E-4	3.3977E-3	0.2211	-2.1856E-2	3.654	78.062	26811.581
149000000	0.7056	2.4268	0.2846	0.4244	1.6654	0.4932	0.6207	0.3953	0.1994	0.1627	0.2426	3.5477E-3	8.101E-4	3.4901E-3	0.2320	-1.7681E-2	1.836	77.401	25980.707
150000000	0.6913	2.3953	0.2788	0.4269	1.6930	0.5146	0.6046	0.4024	0.1974	0.1630	0.2372	3.5047E-3	7.7102E-4	3.4816E-3	0.2162	2.1178E-2	1.857	68.383	25898.606
151000000	0.6888	2.4241	0.2840	0.4030	1.7046	0.4955	0.6107	0.3967	0.1976	0.1613	0.2444	3.4301E-3	7.915E-4	3.4279E-3	0.2303	-7.426E-3	3.163	77.872	26695.777
152000000	0.6951	2.3718	0.2896	0.4436	1.6712	0.5286	0.6171	0.3989	0.1950	0.1639	0.2422	3.4784E-3	7.9103E-4	3.4397E-3	0.2263	-1.4879E-2	2.054	75.855	26250.202
153000000	0.6726	2.3816	0.2900	0.4913	1.6640	0.5005	0.6181	0.4074	0.1952	0.1571	0.2404	3.4229E-3	8.9975E-4	3.3504E-3	0.2579	-2.4731E-2	5.355	77.323	26877.275
154000000	0.6746	2.4324	0.2880	0.4376	1.6666	0.5007	0.6119	0.4010	0.2020	0.1533	0.2438	3.3402E-3	7.1236E-4	3.38E-3	0.2101	2.7128E-2	2.854	75.646	26745.609
155000000	0.6803	2.4098	0.2899	0.4508	1.6593	0.5098	0.6077	0.3956	0.2012	0.1588	0.2444	3.4618E-3	8.5425E-4	3.529E-3	0.2440	1.5426E-2	2.642	79.742	25556.941
156000000	0.6868	2.3732	0.3018	0.4690	1.6640	0.5051	0.6188	0.4014	0.1992	0.1613	0.2381	3.52E-3	8.2792E-4	3.4809E-3	0.2321	1.1045E-2	3.522	78.747	26512.863
157000000	0.6802	2.3612	0.3084	0.4092	1.7146	0.5265	0.6335	0.4023	0.1994	0.1651	0.2333	3.295E-3	7.0005E-4	3.314E-3	0.2196	1.0335E-2	2.630	75.848	27913.098
158000000	0.6920	2.3689	0.2927	0.4370	1.7063	0.5030	0.6201	0.4059	0.1971	0.1602	0.2367	3.2294E-3	7.6118E-4	3.1617E-3	0.2315	2.6275E-2	2.206	80.558	28421.692
159000000	0.7069	2.2806	0.3074	0.4238	1.7689	0.5123	0.6012	0.4049	0.1929	0.1693	0.2328	3.2984E-3	7.8472E-4	3.3046E-3	0.2398	-2.6089E-2	4.010	75.452	27718.186
160000000	0.6988	2.3786	0.2786	0.4855	1.6583	0.5002	0.6116	0.3973	0.1991	0.1605	0.2431	3.0404E-3	6.731E-4	3.0459E-3	0.2224	-1.016E-2	2.569	80.251	29187.390
161000000	0.6880	2.4210	0.2910	0.4122	1.6948	0.4929	0.6209	0.3932	0.2039	0.1621	0.2408	3.1656E-3	7.5793E-4	3.1224E-3	0.2430	-1.0929E-3	1.919	76.975	29008.107
162000000	0.6986	2.4089	0.2912	0.4698	1.6362	0.4952	0.6057	0.4013	0.1952	0.1593	0.2442	3.133E-3	7.2967E-4	3.1098E-3	0.2335	-1.2284E-3	3.658	80.492	29197.943
163000000	0.6788	2.4227	0.2874	0.4223	1.6682	0.5206	0.6163	0.3972	0.2030	0.1586	0.2412	3.097E-3	7.5373E-4	3.0579E-3	0.2370	5.2825E-3	3.843	78.880	29332.554
164000000	0.6773	2.3660	0.2984	0.4565	1.6896	0.5122	0.6117	0.4000	0.2003	0.1595	0.2401	3.1131E-3	7.7244E-4	3.124E-3	0.2530	1.1411E-2	2.899	79.297	29009.577
165000000	0.7125	2.4155	0.3008	0.4150	1.6693	0.4869	0.6418	0.3985	0.1940	0.1603	0.2472	3.129E-3	7.287E-4	3.1204E-3	0.2274	4.9947E-2	3.375	82.843	28801.733
166000000	0.7086	2.4450	0.3092	0.4059	1.6490	0.4823	0.6075	0.3939	0.2050	0.1650	0.2360	3.2803E-3	8.1663E-4	3.2639E-3	0.2456	2.0206E-2	3.864	78.998	27943.919
167000000	0.6945	2.3946	0.2904	0.4216	1.7086	0.4903	0.6188	0.3963	0.1954	0.1676	0.2407	3.1482E-3	6.4602E-4	3.1349E-3	0.2101	-8.1839E-3	4.360	80.855	28916.897
168000000	0.6955	2.3952	0.2959	0.4478	1.6490	0.5166	0.6102	0.4006	0.2000	0.1626	0.2367	3.2395E-3	7.1838E-4	3.2132E-3	0.2251	-3.0389E-2	1.514	75.057	28003.835
169000000	0.6878	2.4041	0.2973	0.4655	1.6479	0.4974	0.6035	0.3987	0.2019	0.1588	0.2406	3.2147E-3	7.3717E-4	3.1763E-3	0.2258	2.3466E-2	1.308	78.718	28650.017
170000000	0.6954	2.4192	0.2971	0.4369	1.6488	0.5026	0.6120	0.3944	0.2003	0.1606	0.2447	3.2314E-3	7.3386E-4	3.2158E-3	0.2315	-9.3994E-3	3.708	76.214	28007.942
171000000	0.7161	2.4024	0.2975	0.4240	1.6649	0.4950	0.6084	0.3995	0.1961	0.1620	0.2424	3.0964E-3	6.3362E-4	3.0998E-3	0.2036	-2.2234E-2	2.437	77.951	29179.933
172000000	0.7046	2.3914	0.2888	0.4168	1.6996	0.4989	0.6078	0.4000	0.1962	0.1622	0.2417	3.2886E-3	7.0837E-4	3.2422E-3	0.2197	1.6688E-2	1.362	73.747	28084.383
173000000	0.6967	2.3843	0.2887	0.4409	1.6860	0.5033	0.6061	0.4001	0.1980	0.1605	0.2414	3.2897E-3	8.0084E-4	3.2713E-3	0.2363	-1.5538E-2	3.559	77.663	27707.688
174000000	0.6835	2.4043	0.3017	0.4463	1.6770	0.4872	0.6137	0.3940	0.2020	0.1643	0.2398	3.3699E-3	7.4687E-4	3.3546E-3	0.2152	3.4819E-2	1.433	74.392	27099.176
175000000	0.7012	2.3853	0.2932	0.4350	1.6932	0.4921	0.6243	0.3968	0.1972	0.1677	0.2383	3.4621E-3	8.0654E-4	3.4364E-3	0.2360	3.3484E-2	3.818	71.343	26474.560
176000000	0.7119	2.3954	0.2835	0.4708	1.6406	0.4978	0.6092	0.4008	0.1958	0.1601	0.2432	3.3203E-3	7.1563E-4	3.3472E-3	0.2183	1.8979E-2	2.980	77.741	27103.886
177000000	0.7118	2.3554	0.2962	0.4138	1.7411	0.4817	0.6203	0.4010	0.1937	0.1688	0.2366	3.4346E-3	6.7911E-4	3.4129E-3	0.1934	-2.2533E-2	1.706	78.189	26765.844
178000000	0.6975	2.4168	0.2881	0.4557	1.6643	0.4776	0.6156	0.4014	0.1953	0.1602	0.2431	3.2571E-3	7.9194E-4	3.2335E-3	0.2463	-2.2912E-2	1.421	74.055	27589.057
179000000	0.6863	2.3776	0.3059	0.4554	1.6656	0.5092	0.6115	0.4012	0.1995	0.1626	0.2368	3.3742E-3	7.9392E-4	3.3566E-3	0.2333	-2.0175E-2	2.234	73.038	26839.439
180000000	0.7050	2.3991	0.2874	0.4250	1.6597	0.5237	0.6132	0.3993	0.1995	0.1589	0.2422	3.4757E-3	7.89E-4	3.4732E-3	0.2233	-1.1791E-2	2.711	77.091	25944.544
181000000	0.6910	2.3936	0.2951	0.4282	1.6775	0.5147	0.6114	0.4022	0.2008	0.1571	0.2398	3.4653E-3	7.8893E-4	3.4075E-3	0.2301	-3.2231E-3	1.451	72.586	26521.558
182000000	0.6765	2.4320	0.2796	0.4486	1.6666	0.4967	0.6211	0.4031	0.1974	0.1544	0.2450	3.3435E-3	7.0963E-4	3.3164E-3	0.2187	3.2688E-2	2.772	73.872	27066.306
183000000	0.7151	2.3738	0.2874	0.4345	1.7155	0.4738	0.6193	0.4040	0.1944	0.1617	0.2400	3.3994E-3	7.3867E-4	3.4091E-3	0.2215	3.286E-2	2.312	73.933	26564.756
184000000	0.6903	2.3647	0.2915	0.4523	1.7119	0.4894	0.6125	0.4000	0.2008	0.1628	0.2364	3.2338E-3	7.3271E-4	3.2226E-3	0.2313	3.1641E-2	2.600	79.451	27740.544
185000000	0.7040	2.4069	0.2958	0.4107	1.6834	0.4992	0.6242	0.4019	0.1959	0.1619	0.2404	3.1918E-3	7.7218E-4	3.2057E-3	0.2398	1.9279E-2	2.519	79.431	28549.722
186000000	0.6945	2.4031	0.2760	0.4780	1.6454	0.5031	0.6181	0.4002	0.2002	0.1578	0.2419	3.2234E-3	6.9194E-4	3.23E-3	0.2191	-1.1089E-2	1.289	77.590	27900.188
187000000	0.6938	2.3303	0.3076	0.4161	1.7512	0.5009	0.6018	0.4066	0.1993	0.1629	0.2312	3.1888E-3	7.4067E-4	3.1529E-3	0.2316	1.0353E-2	4.296	80.554	28653.529
188000000	0.6807	2.3987	0.2887	0.4336	1.6863	0.5120	0.6034	0.4089	0.1980	0.1575	0.2356	3.0684E-3	6.4977E-4	3.0338E-3	0.2169	-8.3536E-3	3.298	82.175	29379.088
189000000	0.7062	2.3842	0.2862	0.4275	1.6878	0.5081	0.6238	0.3939	0.2046	0.1602	0.2413	3.0823E-3	6.9161E-4	3.083E-3	0.2227	1.3617E-2	3.434	85.959	29228.807
190000000	0.6772	2.4050	0.2896	0.4554	1.6750	0.4977	0.6149	0.4082	0.1972	0.1568	0.2377	3.068E-3	6.6751E-4	3.0492E-3	0.2189	1.3484E-2	2.551	80.540	29384.255
191000000	0.6849	2.4319	0.2956	0.4493	1.6503	0.4880	0.6270	0.3937	0.1990	0.1596	0.2477	3.2175E-3	7.1898E-4	3.1881E-3	0.2290	-5.8091E-6	2.214	78.041	28468.274
192000000	0.7101	2.3805	0.2919	0.4117	1.7222	0.4836	0.6035	0.4000	0.1958	0.1628	0.2414	3.097E-3	7.3773E-4	3.0782E-3	0.2358	-1.937E-2	2.687	78.259	29565.632
193000000	0.7032	2.3587	0.2862	0.4296	1.7211	0.5012	0.6077	0.4072	0.1933	0.1621	0.2374	2.9538E-3	6.7767E-4	2.9422E-3	0.2245	-1.1315E-2	2.369	78.891	30223.292
194000000	0.6834	2.3993	0.2878	0.4538	1.6629	0.5128	0.6206	0.3983	0.1992	0.1619	0.2406	2.9002E-3	6.8173E-4	2.9411E-3	0.2372	2.2986E-3	1.805	81.448	30727.750
195000000	0.6991	2.3793	0.3037	0.4435	1.6882	0.4862	0.6037	0.3968	0.1951	0.1651	0.2429	3.0221E-3	6.7015E-4	3.0023E-3	0.2251	-8.8035E-3	3.567	80.975	30242.531
196000000	0.6710	2.4554	0.2835	0.4365	1.6440	0.5095	0.6084	0.3973	0.2042	0.1584	0.2402	3.0617E-3	7.3292E-4	3.0686E-3	0.2375	1.3574E-2	0.995	80.385	29696.483
197000000	0.7180	2.3509	0.2894	0.4505	1.6835	0.5078	0.6294	0.4000	0.1946	0.1631	0.2423	3.0462E-3	6.9969E-4	3.0623E-3	0.2325	-1.5651E-2	1.053	78.136	29405.235
198000000	0.6815	2.4133	0.2969	0.4279	1.7013	0.4791	0.6244	0.3980	0.2015	0.1602	0.2403	3.1941E-3	7.4538E-4	3.1858E-3	0.2321	1.7958E-2	2.726	77.489	28354.721
199000000	0.6878	2.3832	0.3003	0.4587	1.6800	0.4900	0.6160	0.4027	0.2031	0.1610	0.2332	3.1489E-3	6.6413E-4	3.1334E-3	0.2132	1.658E-2	1.928	79.587	28962.461
200000000	0.6950	2.3995	0.2804	0.4331	1.6880	0.5039	0.6047	0.4030	0.1977	0.1597	0.2396	3.1692E-3	7.1481E-4	3.182E-3	0.2249	2.3685E-2	4.864	77.602	27925.968
