state	gtr.rates.rateAC	gtr.rates.rateAG	gtr.rates.rateAT	gtr.rates.rateCG	gtr.rates.rateCT	gtr.rates.rateGT	alpha	frequencies1	frequencies2	frequencies3	frequencies4	ucld.mean	ucld.stdev	meanRate	coefficientOfVariation	covariance	skygrid.precision	rootHeight	treeLength
1000000	0.5760	1.7073	0.3598	0.3700	2.3676	0.6193	0.6770	0.4642	0.1910	0.1833	0.1615	4.6344E-3	1.0745E-3	4.6199E-3	0.2318	2.1403E-3	2.769	81.246	27381.743
2000000	0.6020	1.6952	0.3620	0.3601	2.4044	0.5762	0.6766	0.4712	0.1873	0.1815	0.1599	4.4964E-3	9.9681E-4	4.4322E-3	0.2189	1.886E-2	2.295	78.571	28423.402
3000000	0.5639	1.6048	0.3424	0.3350	2.5345	0.6195	0.6737	0.4796	0.1839	0.1826	0.1540	4.3581E-3	1.1291E-3	4.3546E-3	0.2532	2.3528E-2	2.275	81.107	28976.221
4000000	0.5661	1.6797	0.3531	0.3459	2.4512	0.6041	0.6636	0.4794	0.1829	0.1801	0.1577	4.1777E-3	1.0012E-3	4.2403E-3	0.2397	-4.1729E-2	1.800	79.285	29835.719
5000000	0.5725	1.6541	0.3613	0.3486	2.4514	0.6120	0.6815	0.4722	0.1890	0.1852	0.1537	4.4713E-3	9.4902E-4	4.4696E-3	0.2085	-1.1872E-2	4.538	78.188	28216.004
6000000	0.5825	1.6213	0.3497	0.3746	2.4684	0.6035	0.6683	0.4716	0.1834	0.1858	0.1593	4.3265E-3	1.0157E-3	4.4041E-3	0.2375	4.9153E-3	1.115	78.484	28595.313
7000000	0.5691	1.7036	0.3626	0.3557	2.4194	0.5895	0.6637	0.4626	0.1927	0.1842	0.1605	4.5439E-3	1.0437E-3	4.4349E-3	0.2266	1.0325E-2	1.641	76.662	28408.111
8000000	0.6016	1.7364	0.3457	0.3718	2.3672	0.5773	0.6933	0.4650	0.1860	0.1818	0.1672	4.5943E-3	9.7082E-4	4.567E-3	0.2132	2.513E-2	2.260	74.080	27088.380
9000000	0.5549	1.6739	0.3489	0.3781	2.4373	0.6069	0.6789	0.4719	0.1872	0.1793	0.1616	4.6965E-3	1.0649E-3	4.6716E-3	0.2181	-9.1881E-3	3.155	77.717	26878.864
10000000	0.5746	1.6902	0.3662	0.3554	2.4113	0.6022	0.6689	0.4675	0.1839	0.1867	0.1619	4.8767E-3	1.0581E-3	4.8922E-3	0.2141	-1.6468E-2	3.861	72.951	26334.082
11000000	0.5889	1.6573	0.3768	0.3588	2.4401	0.5781	0.6812	0.4657	0.1837	0.1885	0.1620	4.6119E-3	1.1371E-3	4.589E-3	0.2466	-5.8847E-2	3.612	80.953	26977.551
12000000	0.5841	1.6851	0.3521	0.3660	2.3850	0.6276	0.6840	0.4654	0.1912	0.1839	0.1594	4.7861E-3	1.1882E-3	4.7642E-3	0.2387	-2.4187E-2	2.550	73.339	26134.793
13000000	0.5771	1.7224	0.3675	0.3534	2.3505	0.6291	0.6859	0.4595	0.1925	0.1858	0.1622	4.8249E-3	1.0865E-3	4.7948E-3	0.2290	-8.4113E-3	4.002	68.668	26141.491
14000000	0.5838	1.6375	0.3648	0.3627	2.4691	0.5821	0.6801	0.4676	0.1813	0.1904	0.1607	4.621E-3	1.098E-3	4.6198E-3	0.2414	1.8728E-2	1.732	82.675	27648.212
15000000	0.5722	1.6457	0.3591	0.3790	2.4601	0.5840	0.6806	0.4705	0.1849	0.1857	0.1590	4.5903E-3	1.0803E-3	4.5401E-3	0.2362	-2.3618E-2	3.389	76.013	27592.257
16000000	0.5866	1.6581	0.3491	0.3771	2.4342	0.5949	0.6692	0.4668	0.1840	0.1879	0.1613	4.8523E-3	1.1124E-3	4.8044E-3	0.2299	4.7127E-3	3.829	78.522	26456.804
17000000	0.5792	1.6347	0.3469	0.3642	2.4632	0.6118	0.6666	0.4692	0.1835	0.1863	0.1609	4.6449E-3	1.0538E-3	4.6317E-3	0.2241	2.4021E-2	4.546	79.168	27217.916
18000000	0.5837	1.6790	0.3741	0.3645	2.3530	0.6456	0.6773	0.4640	0.1910	0.1851	0.1599	4.5433E-3	1.0096E-3	4.5326E-3	0.2192	3.4626E-2	2.233	76.400	27609.745
19000000	0.5884	1.7304	0.3594	0.3573	2.3846	0.5799	0.6811	0.4608	0.1890	0.1827	0.1676	4.5624E-3	1.0416E-3	4.5372E-3	0.2299	1.854E-3	1.701	79.164	28198.895
20000000	0.5599	1.6800	0.3680	0.3499	2.4150	0.6271	0.6829	0.4679	0.1904	0.1831	0.1586	4.5334E-3	1.0585E-3	4.5028E-3	0.2335	-2.9518E-2	2.146	79.175	28017.032
21000000	0.5769	1.6248	0.3604	0.3849	2.4660	0.5870	0.6758	0.4729	0.1839	0.1856	0.1577	4.5397E-3	9.9016E-4	4.5126E-3	0.2268	2.8374E-2	2.688	78.336	28048.789
22000000	0.5866	1.6808	0.3615	0.3678	2.3871	0.6164	0.6708	0.4663	0.1886	0.1859	0.1592	4.5776E-3	1.0913E-3	4.5851E-3	0.2390	1.4278E-2	2.504	81.556	28148.421
23000000	0.5816	1.6398	0.3564	0.3762	2.4642	0.5817	0.6741	0.4763	0.1769	0.1865	0.1603	4.3298E-3	9.4076E-4	4.3469E-3	0.2212	-4.3307E-3	2.743	82.233	29875.718
24000000	0.5941	1.6540	0.3451	0.3464	2.4675	0.5928	0.6752	0.4716	0.1804	0.1863	0.1617	4.3409E-3	1.0586E-3	4.3024E-3	0.2407	-1.3941E-2	2.625	85.865	29339.296
25000000	0.5925	1.6873	0.3479	0.3661	2.4127	0.5935	0.6723	0.4629	0.1856	0.1862	0.1653	4.2946E-3	9.8144E-4	4.249E-3	0.2288	-8.5169E-3	2.306	87.271	30020.502
26000000	0.5775	1.6513	0.3417	0.3372	2.4668	0.6254	0.6798	0.4755	0.1839	0.1846	0.1560	4.2096E-3	9.9362E-4	4.2208E-3	0.2352	-1.4856E-3	3.678	86.289	30271.138
27000000	0.5949	1.7332	0.3441	0.3702	2.3728	0.5848	0.6774	0.4632	0.1830	0.1840	0.1697	4.3984E-3	9.1271E-4	4.3536E-3	0.2042	-9.3984E-4	1.864	83.146	29343.555
28000000	0.5773	1.6631	0.3821	0.3530	2.4438	0.5807	0.6789	0.4632	0.1855	0.1918	0.1594	4.2223E-3	1.0019E-3	4.1958E-3	0.2396	-2.126E-2	2.246	84.501	30641.377
29000000	0.5918	1.6792	0.3490	0.3655	2.3951	0.6195	0.6707	0.4730	0.1818	0.1811	0.1641	4.2719E-3	9.2901E-4	4.2717E-3	0.2175	6.2641E-3	2.337	84.765	29403.298
30000000	0.5773	1.6077	0.3428	0.3609	2.4743	0.6370	0.6693	0.4743	0.1860	0.1853	0.1543	4.3816E-3	9.0907E-4	4.398E-3	0.2082	-1.4452E-3	3.495	80.453	28894.628
31000000	0.5865	1.6895	0.3536	0.3612	2.3909	0.6183	0.6675	0.4673	0.1884	0.1824	0.1618	4.4052E-3	1.0282E-3	4.4069E-3	0.2347	1.2942E-2	4.634	83.923	28780.359
32000000	0.6067	1.6793	0.3593	0.3629	2.3993	0.5925	0.6820	0.4672	0.1804	0.1873	0.1651	4.6021E-3	1.0482E-3	4.6022E-3	0.2214	6.5593E-3	1.931	76.431	27602.582
33000000	0.5786	1.6497	0.3718	0.3552	2.4652	0.5795	0.6877	0.4710	0.1863	0.1869	0.1558	4.5794E-3	9.8854E-4	4.5678E-3	0.2166	1.6415E-2	1.201	77.246	27518.386
34000000	0.5852	1.6335	0.3474	0.3554	2.4791	0.5995	0.6720	0.4677	0.1842	0.1863	0.1617	4.4324E-3	1.0393E-3	4.4447E-3	0.2245	9.1831E-2	1.495	74.682	28328.496
35000000	0.5879	1.6663	0.3678	0.3436	2.4588	0.5757	0.6698	0.4673	0.1865	0.1875	0.1586	4.4232E-3	9.6843E-4	4.4062E-3	0.2232	7.7189E-3	2.120	72.521	28641.237
36000000	0.5660	1.6664	0.3573	0.3545	2.4326	0.6232	0.6693	0.4717	0.1838	0.1861	0.1584	4.5406E-3	1.0484E-3	4.5379E-3	0.2304	3.7751E-2	1.941	76.850	28150.447
37000000	0.5853	1.6444	0.3656	0.3492	2.4526	0.6029	0.6733	0.4699	0.1895	0.1856	0.1549	4.4967E-3	9.8732E-4	4.5268E-3	0.2155	-6.5745E-3	2.500	78.116	28334.768
38000000	0.5654	1.6052	0.3439	0.3558	2.5240	0.6056	0.6550	0.4778	0.1801	0.1851	0.1571	4.6751E-3	1.0718E-3	4.626E-3	0.2300	2.758E-2	3.510	79.106	27488.840
39000000	0.5690	1.6415	0.3602	0.3461	2.5123	0.5709	0.6704	0.4742	0.1816	0.1878	0.1564	4.5587E-3	1.0223E-3	4.5128E-3	0.2209	-1.1064E-2	2.107	77.296	28735.590
40000000	0.5588	1.7061	0.3598	0.3587	2.3822	0.6344	0.6774	0.4686	0.1904	0.1798	0.1612	4.4734E-3	9.5684E-4	4.5172E-3	0.2145	6.0153E-2	4.086	74.335	28079.293
41000000	0.5878	1.6768	0.3652	0.3635	2.4276	0.5790	0.6914	0.4658	0.1821	0.1887	0.1635	4.5459E-3	1.0406E-3	4.4853E-3	0.2327	7.949E-3	2.817	77.874	28046.689
42000000	0.5712	1.6991	0.3630	0.3412	2.4247	0.6009	0.6761	0.4674	0.1860	0.1840	0.1626	4.4037E-3	9.0651E-4	4.3931E-3	0.2100	3.802E-3	2.100	81.081	28609.844
43000000	0.5747	1.5913	0.3399	0.3371	2.5420	0.6150	0.6698	0.4782	0.1739	0.1891	0.1588	4.4131E-3	9.9531E-4	4.4348E-3	0.2284	-5.9531E-3	2.362	81.483	28314.084
44000000	0.5679	1.6417	0.3519	0.3436	2.4775	0.6173	0.6740	0.4730	0.1869	0.1842	0.1560	4.4219E-3	1.003E-3	4.4283E-3	0.2285	2.2566E-2	3.518	82.783	28718.632
45000000	0.5886	1.6064	0.3437	0.3829	2.5051	0.5734	0.6898	0.4752	0.1788	0.1865	0.1595	4.4666E-3	1.0552E-3	4.4267E-3	0.2405	3.1895E-2	1.977	81.840	28666.922
46000000	0.5979	1.6878	0.3650	0.3730	2.3946	0.5817	0.6819	0.4672	0.1850	0.1858	0.1620	4.3208E-3	9.6383E-4	4.3428E-3	0.2254	4.4018E-3	2.239	87.276	29258.085
47000000	0.5682	1.6759	0.3424	0.3668	2.4435	0.6032	0.6750	0.4687	0.1859	0.1843	0.1611	4.362E-3	9.6414E-4	4.3513E-3	0.2245	5.2106E-2	1.584	78.406	28876.869
48000000	0.5717	1.6802	0.3566	0.3573	2.4557	0.5786	0.6623	0.4682	0.1857	0.1850	0.1611	4.4435E-3	9.9077E-4	4.5215E-3	0.2214	2.6755E-2	2.465	75.144	28173.642
49000000	0.5859	1.6614	0.3550	0.3753	2.4236	0.5987	0.6787	0.4633	0.1860	0.1880	0.1627	4.6484E-3	1.2065E-3	4.61E-3	0.2477	7.2288E-2	2.395	75.463	27667.066
50000000	0.6169	1.6578	0.3739	0.3556	2.4385	0.5572	0.6827	0.4737	0.1765	0.1871	0.1627	4.4897E-3	1.0204E-3	4.4892E-3	0.2286	4.2001E-2	3.159	77.076	28439.689
51000000	0.5581	1.6152	0.3560	0.3239	2.5180	0.6288	0.6655	0.4763	0.1866	0.1838	0.1533	4.5039E-3	9.9684E-4	4.5172E-3	0.2207	-2.3703E-4	1.479	80.374	28276.750
52000000	0.5744	1.7035	0.3536	0.3966	2.3713	0.6005	0.6807	0.4653	0.1889	0.1817	0.1641	4.6011E-3	1.1383E-3	4.5492E-3	0.2416	6.7105E-3	3.307	79.949	27597.023
53000000	0.5652	1.6727	0.3463	0.3569	2.4332	0.6257	0.6714	0.4722	0.1835	0.1830	0.1612	4.6751E-3	1.0814E-3	4.6044E-3	0.2318	6.2666E-4	4.327	75.534	27774.055
54000000	0.6001	1.6867	0.3563	0.3463	2.4166	0.5940	0.6789	0.4651	0.1860	0.1894	0.1595	4.516E-3	1.1065E-3	4.5216E-3	0.2399	2.7887E-2	2.744	77.145	28318.720
55000000	0.5706	1.6645	0.3681	0.3566	2.4326	0.6075	0.6949	0.4671	0.1863	0.1864	0.1602	4.4921E-3	1.105E-3	4.4286E-3	0.2479	8.1611E-3	0.984	79.377	28585.377
56000000	0.5915	1.6537	0.3638	0.3549	2.4187	0.6174	0.6739	0.4696	0.1867	0.1853	0.1584	4.4421E-3	1.1374E-3	4.405E-3	0.2530	-6.1148E-3	2.004	74.405	29018.716
57000000	0.5453	1.6824	0.3459	0.3785	2.4327	0.6152	0.6627	0.4741	0.1883	0.1782	0.1594	4.5083E-3	9.7174E-4	4.5097E-3	0.2221	3.9977E-2	2.235	78.779	28003.881
58000000	0.5808	1.6437	0.3430	0.3637	2.5016	0.5672	0.6793	0.4746	0.1821	0.1847	0.1586	4.4879E-3	1.0169E-3	4.4611E-3	0.2247	6.3665E-3	2.110	77.461	28474.941
59000000	0.5611	1.6368	0.3387	0.3560	2.4891	0.6183	0.6677	0.4773	0.1823	0.1831	0.1572	4.3995E-3	9.916E-4	4.4124E-3	0.2210	7.3222E-2	4.607	90.371	28856.135
60000000	0.5764	1.6554	0.3663	0.3686	2.4462	0.5871	0.6807	0.4706	0.1832	0.1831	0.1630	4.4147E-3	9.6776E-4	4.4363E-3	0.2217	-1.3261E-2	2.974	80.865	28528.090
61000000	0.5822	1.6951	0.3559	0.3626	2.4237	0.5804	0.6771	0.4694	0.1849	0.1811	0.1646	4.3474E-3	9.9679E-4	4.353E-3	0.2270	3.2032E-2	3.827	86.570	29178.863
62000000	0.5665	1.6499	0.3508	0.3781	2.4581	0.5966	0.6712	0.4766	0.1837	0.1823	0.1574	4.3524E-3	9.6022E-4	4.3577E-3	0.2283	4.2083E-2	3.247	76.093	28798.042
63000000	0.5880	1.6655	0.3561	0.3562	2.4435	0.5907	0.6693	0.4670	0.1840	0.1860	0.1630	4.6038E-3	1.0568E-3	4.6215E-3	0.2300	-1.6921E-2	2.756	75.953	27530.530
64000000	0.5728	1.6616	0.3534	0.3633	2.4073	0.6416	0.6710	0.4680	0.1916	0.1803	0.1601	4.4985E-3	1.0678E-3	4.474E-3	0.2355	-2.5289E-2	2.758	76.282	27961.256
65000000	0.5670	1.6534	0.3412	0.3573	2.4449	0.6362	0.6748	0.4712	0.1821	0.1815	0.1652	4.4994E-3	1.063E-3	4.4871E-3	0.2349	-2.7574E-2	1.421	79.954	28332.341
66000000	0.5741	1.6576	0.3488	0.3456	2.4557	0.6182	0.6736	0.4716	0.1865	0.1875	0.1544	4.7153E-3	1.1908E-3	4.7529E-3	0.2504	1.0969E-2	2.758	77.271	26820.841
67000000	0.5922	1.6092	0.3570	0.3662	2.4866	0.5888	0.6891	0.4693	0.1804	0.1877	0.1625	4.4444E-3	1.0745E-3	4.4259E-3	0.2428	8.6571E-3	2.743	77.434	28198.192
68000000	0.5949	1.7017	0.3635	0.3761	2.3818	0.5820	0.6817	0.4631	0.1888	0.1843	0.1638	4.6665E-3	1.086E-3	4.662E-3	0.2348	4.9181E-3	1.128	74.858	27178.577
69000000	0.5766	1.6926	0.3424	0.3446	2.4547	0.5892	0.6678	0.4651	0.1866	0.1862	0.1621	4.7128E-3	1.1092E-3	4.7139E-3	0.2346	3.5941E-2	2.772	74.221	26574.144
70000000	0.5590	1.6565	0.3567	0.3732	2.4583	0.5964	0.6715	0.4778	0.1842	0.1805	0.1576	4.7467E-3	1.1871E-3	4.6878E-3	0.2523	8.3833E-2	3.157	75.147	27151.724
71000000	0.5738	1.6563	0.3512	0.3765	2.4523	0.5899	0.6776	0.4752	0.1810	0.1825	0.1613	4.6519E-3	1.0382E-3	4.6719E-3	0.2259	1.1537E-2	2.168	76.177	26912.243
72000000	0.5697	1.6536	0.3580	0.3769	2.4281	0.6137	0.6838	0.4734	0.1844	0.1838	0.1585	4.5293E-3	1.0152E-3	4.5576E-3	0.2325	1.7266E-2	2.007	80.284	27536.936
73000000	0.5845	1.6604	0.3524	0.3589	2.4335	0.6102	0.6691	0.4712	0.1864	0.1821	0.1602	4.3468E-3	1.0515E-3	4.3432E-3	0.2441	1.898E-3	2.327	80.571	29421.313
74000000	0.5917	1.6589	0.3502	0.3612	2.4604	0.5775	0.6665	0.4666	0.1837	0.1869	0.1628	4.3913E-3	9.8891E-4	4.371E-3	0.2292	-4.3977E-3	2.007	81.764	29078.889
75000000	0.5835	1.6769	0.3736	0.3532	2.3986	0.6142	0.6697	0.4648	0.1899	0.1853	0.1600	4.3745E-3	9.7898E-4	4.3649E-3	0.2248	-2.2811E-2	1.344	90.025	29090.993
76000000	0.5406	1.6556	0.3806	0.3469	2.4462	0.6300	0.6686	0.4717	0.1886	0.1843	0.1554	4.553E-3	1.0458E-3	4.5377E-3	0.2246	1.7281E-2	2.167	74.207	27838.924
77000000	0.5748	1.6560	0.3596	0.3621	2.4591	0.5885	0.6773	0.4760	0.1857	0.1826	0.1557	4.3556E-3	1.0193E-3	4.3327E-3	0.2351	2.0187E-2	3.605	85.559	28718.405
78000000	0.5747	1.7120	0.3593	0.3643	2.3942	0.5956	0.6785	0.4656	0.1904	0.1812	0.1628	4.5052E-3	1.1452E-3	4.5026E-3	0.2505	-2.4386E-2	1.639	78.649	28163.797
79000000	0.5840	1.6155	0.3613	0.3497	2.4609	0.6287	0.6629	0.4698	0.1836	0.1882	0.1584	4.5353E-3	1.0229E-3	4.5113E-3	0.2283	3.3798E-2	2.699	74.154	28164.245
80000000	0.5687	1.6895	0.3523	0.3392	2.4392	0.6111	0.6713	0.4687	0.1892	0.1820	0.1601	4.5727E-3	1.0566E-3	4.5786E-3	0.2304	-1.45E-2	1.318	76.967	27852.901
81000000	0.5821	1.6859	0.3541	0.3651	2.4112	0.6015	0.6867	0.4689	0.1851	0.1819	0.1640	4.5333E-3	1.0341E-3	4.5299E-3	0.2286	-5.9802E-3	2.788	75.124	27865.894
82000000	0.5709	1.6908	0.3650	0.3623	2.4153	0.5957	0.6791	0.4665	0.1867	0.1841	0.1627	4.55E-3	1.0117E-3	4.5117E-3	0.2222	3.1687E-2	1.892	80.508	27995.746
83000000	0.5700	1.6436	0.3441	0.3331	2.5012	0.6080	0.6683	0.4766	0.1839	0.1818	0.1577	4.4954E-3	1.0079E-3	4.4301E-3	0.2229	4.6421E-2	1.246	80.076	28054.963
84000000	0.5569	1.6486	0.3691	0.3616	2.4457	0.6180	0.6791	0.4666	0.1886	0.1851	0.1598	4.4352E-3	1.0564E-3	4.4656E-3	0.2352	2.2906E-2	3.260	78.811	28483.125
85000000	0.5532	1.6699	0.3575	0.3391	2.4620	0.6182	0.6595	0.4764	0.1890	0.1805	0.1541	4.4663E-3	9.0995E-4	4.481E-3	0.2055	1.1175E-2	1.359	79.139	28495.045
86000000	0.5661	1.6343	0.3575	0.3615	2.4458	0.6348	0.6606	0.4702	0.1864	0.1849	0.1586	4.4508E-3	9.8543E-4	4.4486E-3	0.2252	5.4346E-3	2.788	83.512	28857.375
87000000	0.5825	1.6440	0.3434	0.3328	2.5056	0.5917	0.6688	0.4749	0.1783	0.1875	0.1593	4.3963E-3	9.7634E-4	4.393E-3	0.2200	1.2431E-2	4.355	85.572	28897.249
88000000	0.5527	1.7138	0.3547	0.3351	2.4014	0.6423	0.6775	0.4697	0.1891	0.1804	0.1608	4.4977E-3	1.0861E-3	4.472E-3	0.2386	8.1933E-3	1.532	75.761	28440.544
89000000	0.5754	1.6620	0.3598	0.3613	2.4547	0.5868	0.6707	0.4672	0.1864	0.1863	0.1602	4.4083E-3	9.7545E-4	4.4304E-3	0.2141	-2.6231E-3	1.663	79.984	28618.564
90000000	0.5732	1.6934	0.3602	0.3547	2.4174	0.6010	0.6895	0.4643	0.1867	0.1890	0.1600	4.5644E-3	1.0745E-3	4.5347E-3	0.2273	2.659E-3	2.753	79.546	28053.874
91000000	0.5747	1.6165	0.3471	0.3584	2.5055	0.5977	0.6785	0.4769	0.1789	0.1864	0.1579	4.6487E-3	1.1093E-3	4.6076E-3	0.2446	2.1817E-2	4.163	81.887	27366.039
92000000	0.6080	1.6889	0.3528	0.3412	2.4327	0.5764	0.6921	0.4671	0.1827	0.1892	0.1611	4.5992E-3	1.1023E-3	4.5485E-3	0.2373	6.4417E-3	1.819	76.695	27763.121
93000000	0.6164	1.6857	0.3531	0.3542	2.4252	0.5654	0.6777	0.4652	0.1855	0.1883	0.1609	4.6919E-3	1.1504E-3	4.7157E-3	0.2384	3.0826E-2	2.993	86.040	27234.830
94000000	0.5849	1.6721	0.3573	0.3659	2.4230	0.5969	0.6894	0.4663	0.1890	0.1814	0.1633	4.5918E-3	1.039E-3	4.623E-3	0.2256	1.0327E-2	2.370	75.661	27492.777
95000000	0.5767	1.6707	0.3754	0.3503	2.4051	0.6218	0.6753	0.4743	0.1817	0.1875	0.1565	4.5092E-3	1.084E-3	4.4816E-3	0.2390	-1.6693E-3	1.747	79.126	28006.137
96000000	0.5852	1.6373	0.3779	0.3508	2.4600	0.5887	0.6866	0.4668	0.1837	0.1915	0.1580	4.3249E-3	1.0768E-3	4.3367E-3	0.2564	2.8637E-2	2.116	85.320	29315.475
97000000	0.5936	1.7087	0.3639	0.3399	2.4036	0.5903	0.6842	0.4639	0.1879	0.1858	0.1625	4.429E-3	9.1411E-4	4.4217E-3	0.2073	2.6632E-2	3.506	81.442	28818.693
98000000	0.5907	1.6442	0.3377	0.3957	2.4349	0.5967	0.6768	0.4751	0.1788	0.1877	0.1584	4.3069E-3	1.0065E-3	4.3189E-3	0.2297	5.696E-3	3.338	81.878	29129.425
99000000	0.5809	1.6877	0.3608	0.3390	2.4375	0.5940	0.6824	0.4705	0.1861	0.1808	0.1626	4.5592E-3	1.0503E-3	4.5788E-3	0.2352	2.7899E-2	3.202	76.977	27405.858
100000000	0.5738	1.6240	0.3339	0.3580	2.5129	0.5974	0.6767	0.4738	0.1842	0.1858	0.1562	4.4791E-3	9.8676E-4	4.482E-3	0.2194	-1.2508E-2	3.591	77.873	27890.253
101000000	0.5830	1.6792	0.3480	0.3604	2.4277	0.6016	0.6740	0.4694	0.1919	0.1791	0.1596	4.6207E-3	1.0212E-3	4.6418E-3	0.2237	-7.5244E-3	1.375	76.835	27408.640
102000000	0.5720	1.6733	0.3592	0.3581	2.4292	0.6081	0.6818	0.4691	0.1837	0.1884	0.1588	4.751E-3	1.1844E-3	4.6823E-3	0.2485	6.2786E-3	3.267	78.652	26993.214
103000000	0.5910	1.7036	0.3604	0.3968	2.3968	0.5514	0.6667	0.4628	0.1888	0.1814	0.1670	4.7912E-3	1.1101E-3	4.7302E-3	0.2318	1.554E-2	2.714	73.651	26754.872
104000000	0.5750	1.6940	0.3760	0.3460	2.3689	0.6400	0.6772	0.4634	0.1920	0.1881	0.1566	4.6247E-3	1.1257E-3	4.5992E-3	0.2436	3.8527E-2	1.336	76.687	27630.533
105000000	0.5916	1.6524	0.3476	0.3539	2.4683	0.5863	0.6794	0.4782	0.1787	0.1830	0.1601	4.8323E-3	1.1476E-3	4.7996E-3	0.2367	4.0448E-3	2.067	74.460	26103.605
106000000	0.5596	1.6084	0.3321	0.3584	2.5345	0.6070	0.6704	0.4782	0.1817	0.1845	0.1556	4.5895E-3	9.8694E-4	4.5664E-3	0.2137	-6.0476E-3	3.290	74.010	27642.188
107000000	0.5902	1.6372	0.3622	0.3522	2.4646	0.5937	0.6631	0.4754	0.1844	0.1868	0.1535	4.6381E-3	1.1227E-3	4.583E-3	0.2370	5.2592E-2	2.521	72.517	27434.965
108000000	0.5825	1.6579	0.3647	0.3398	2.4417	0.6133	0.6780	0.4678	0.1842	0.1906	0.1574	4.6578E-3	1.0718E-3	4.6411E-3	0.2207	3.4798E-2	2.455	74.061	27400.674
109000000	0.5985	1.6962	0.3654	0.3547	2.4105	0.5746	0.6711	0.4670	0.1814	0.1868	0.1648	4.641E-3	1.1022E-3	4.6496E-3	0.2360	-3.2216E-3	3.430	77.767	27509.868
110000000	0.5661	1.6613	0.3604	0.3767	2.4288	0.6067	0.6754	0.4678	0.1852	0.1857	0.1613	4.6302E-3	1.1863E-3	4.6713E-3	0.2560	2.5686E-2	2.933	79.052	27127.942
111000000	0.5652	1.6769	0.3518	0.3780	2.4003	0.6278	0.6756	0.4658	0.1877	0.1865	0.1600	4.4665E-3	1.0841E-3	4.4215E-3	0.2396	1.2819E-2	4.086	79.868	28510.551
112000000	0.5814	1.7104	0.3533	0.3484	2.4130	0.5935	0.6782	0.4670	0.1851	0.1856	0.1624	4.7006E-3	1.1138E-3	4.6877E-3	0.2345	1.4258E-3	3.546	74.651	27426.289
113000000	0.5788	1.6484	0.3419	0.3531	2.4555	0.6224	0.6693	0.4720	0.1878	0.1845	0.1557	4.6029E-3	1.1151E-3	4.6227E-3	0.2405	1.0543E-2	2.862	73.883	27740.890
114000000	0.5898	1.6732	0.3612	0.3294	2.4426	0.6038	0.6806	0.4688	0.1859	0.1861	0.1592	4.5558E-3	1.1906E-3	4.5339E-3	0.2624	2.0397E-2	1.474	71.857	28059.009
115000000	0.5796	1.6267	0.3503	0.3556	2.4898	0.5980	0.6824	0.4749	0.1844	0.1864	0.1543	4.4486E-3	1.0725E-3	4.4857E-3	0.2417	3.0354E-2	4.399	76.847	28062.800
116000000	0.5746	1.6317	0.3635	0.3770	2.4309	0.6223	0.6681	0.4664	0.1866	0.1869	0.1600	4.5109E-3	9.9189E-4	4.494E-3	0.2219	-5.0459E-3	1.378	80.260	28475.419
117000000	0.5823	1.6286	0.3572	0.3386	2.4997	0.5936	0.6782	0.4742	0.1812	0.1872	0.1574	4.6404E-3	1.0348E-3	4.6227E-3	0.2243	2.0906E-2	4.681	77.702	27544.600
118000000	0.5625	1.6357	0.3564	0.3642	2.4455	0.6358	0.6856	0.4815	0.1810	0.1858	0.1517	4.5743E-3	1.0622E-3	4.5904E-3	0.2315	-4.3779E-2	2.681	73.678	27359.644
119000000	0.5903	1.6300	0.3424	0.3620	2.4552	0.6201	0.6670	0.4680	0.1848	0.1845	0.1627	4.4926E-3	1.1246E-3	4.5498E-3	0.2504	9.4897E-3	1.739	81.466	28198.327
120000000	0.5683	1.6178	0.3564	0.3506	2.4877	0.6193	0.6791	0.4689	0.1855	0.1895	0.1561	4.5448E-3	9.9658E-4	4.537E-3	0.2237	2.1E-2	1.987	76.508	28135.972
121000000	0.5637	1.6227	0.3520	0.3470	2.4936	0.6210	0.6755	0.4814	0.1797	0.1831	0.1557	4.4321E-3	9.4687E-4	4.4441E-3	0.2195	-3.0404E-2	2.654	79.459	28002.256
122000000	0.5765	1.6563	0.3550	0.3644	2.4482	0.5996	0.6727	0.4649	0.1882	0.1884	0.1585	4.4158E-3	9.6573E-4	4.3904E-3	0.2292	2.6693E-3	2.225	79.122	28973.547
123000000	0.5823	1.7301	0.3538	0.3695	2.3557	0.6086	0.6687	0.4686	0.1877	0.1806	0.1631	4.4727E-3	1.0208E-3	4.4568E-3	0.2356	1.305E-2	2.694	82.875	28435.554
124000000	0.5812	1.6736	0.3720	0.3554	2.4133	0.6045	0.6824	0.4668	0.1887	0.1885	0.1560	4.4451E-3	9.1742E-4	4.4638E-3	0.2052	2.3857E-2	2.627	80.063	28454.970
125000000	0.5738	1.6343	0.3657	0.3763	2.4451	0.6048	0.6713	0.4710	0.1845	0.1818	0.1628	4.3511E-3	9.9795E-4	4.3175E-3	0.2351	-2.6094E-2	2.518	84.747	28922.817
126000000	0.5524	1.6285	0.3484	0.3544	2.5118	0.6045	0.6751	0.4781	0.1821	0.1826	0.1572	4.516E-3	1.0857E-3	4.4791E-3	0.2391	2.2203E-2	2.177	76.877	28031.761
127000000	0.5730	1.6127	0.3544	0.3298	2.5025	0.6276	0.6755	0.4754	0.1869	0.1849	0.1529	4.3941E-3	1.0425E-3	4.3994E-3	0.2395	-1.1098E-3	2.838	79.635	28724.891
128000000	0.5777	1.6383	0.3536	0.3214	2.5165	0.5924	0.6688	0.4718	0.1818	0.1911	0.1553	4.3784E-3	9.2002E-4	4.3713E-3	0.2119	-2.12E-2	3.128	83.536	29208.942
129000000	0.5863	1.6535	0.3487	0.3604	2.4693	0.5820	0.6764	0.4664	0.1874	0.1854	0.1608	4.3427E-3	9.883E-4	4.3676E-3	0.2221	1.3991E-2	3.254	74.751	29515.312
130000000	0.5772	1.6840	0.3688	0.3435	2.4235	0.6030	0.6661	0.4652	0.1922	0.1864	0.1562	4.3147E-3	9.6419E-4	4.2791E-3	0.2304	-5.1575E-3	1.797	81.836	30031.628
131000000	0.5759	1.6528	0.3504	0.3483	2.4613	0.6113	0.6721	0.4668	0.1841	0.1857	0.1635	4.1855E-3	9.1773E-4	4.1792E-3	0.2248	-3.2423E-3	2.295	84.146	30295.494
132000000	0.5787	1.6661	0.3546	0.3634	2.4443	0.5929	0.6849	0.4731	0.1797	0.1837	0.1635	4.1681E-3	9.4324E-4	4.1566E-3	0.2351	8.865E-3	0.937	82.254	30568.723
133000000	0.6011	1.6905	0.3335	0.3737	2.4025	0.5987	0.6885	0.4647	0.1873	0.1854	0.1625	4.2405E-3	9.3688E-4	4.1932E-3	0.2159	4.8837E-2	3.443	80.615	30187.181
134000000	0.5825	1.6190	0.3448	0.3586	2.5086	0.5866	0.6792	0.4733	0.1841	0.1860	0.1566	4.3834E-3	9.6251E-4	4.3363E-3	0.2213	2.3871E-3	2.763	80.409	29202.594
135000000	0.5850	1.6640	0.3678	0.3272	2.4662	0.5897	0.6783	0.4684	0.1898	0.1850	0.1568	4.4835E-3	1.0213E-3	4.5415E-3	0.2360	-8.1266E-3	2.612	78.181	28100.992
136000000	0.5974	1.6818	0.3567	0.3323	2.4475	0.5843	0.6676	0.4672	0.1832	0.1868	0.1627	4.3414E-3	9.8356E-4	4.3557E-3	0.2309	1.5315E-2	2.229	80.940	28888.937
137000000	0.5660	1.6637	0.3535	0.3789	2.4309	0.6070	0.6736	0.4775	0.1821	0.1796	0.1609	4.297E-3	1.0252E-3	4.289E-3	0.2393	3.9293E-2	3.084	75.254	28950.784
138000000	0.5730	1.6507	0.3630	0.3479	2.4675	0.5980	0.6663	0.4673	0.1849	0.1866	0.1612	4.4553E-3	1.1501E-3	4.4247E-3	0.2540	1.7171E-2	2.953	74.613	28667.911
139000000	0.5780	1.6613	0.3319	0.3664	2.4616	0.6009	0.6737	0.4683	0.1787	0.1902	0.1628	4.2701E-3	9.3823E-4	4.2621E-3	0.2198	-2.1559E-2	1.606	81.964	29843.406
140000000	0.5801	1.6173	0.3367	0.3751	2.4579	0.6329	0.6812	0.4739	0.1825	0.1841	0.1594	4.4282E-3	1.0776E-3	4.3628E-3	0.2455	2.981E-2	2.729	78.108	29064.683
141000000	0.5734	1.6258	0.3663	0.3301	2.4877	0.6167	0.6804	0.4722	0.1874	0.1877	0.1527	4.3493E-3	9.8788E-4	4.3922E-3	0.2265	1.3106E-2	1.929	76.554	28510.226
142000000	0.5877	1.7319	0.3537	0.3579	2.3663	0.6024	0.6819	0.4578	0.1897	0.1846	0.1679	4.4032E-3	1.0486E-3	4.3652E-3	0.2362	2.7666E-2	1.648	77.756	29286.824
143000000	0.5774	1.7096	0.3548	0.3388	2.4183	0.6011	0.6807	0.4622	0.1876	0.1878	0.1624	4.2339E-3	1.0049E-3	4.2051E-3	0.2332	-4.7641E-3	3.322	88.598	30430.131
144000000	0.5704	1.6733	0.3491	0.3388	2.4444	0.6240	0.6797	0.4699	0.1874	0.1835	0.1592	4.2401E-3	9.9064E-4	4.2285E-3	0.2298	3.1138E-2	1.872	80.285	30079.032
145000000	0.5883	1.6674	0.3566	0.3605	2.4320	0.5951	0.6885	0.4703	0.1808	0.1858	0.1631	3.9718E-3	8.6516E-4	4.0294E-3	0.2264	1.9413E-2	1.989	85.393	31395.612
146000000	0.5788	1.6745	0.3686	0.3667	2.4165	0.5949	0.6746	0.4672	0.1896	0.1850	0.1582	4.2371E-3	1.0493E-3	4.2714E-3	0.2460	-2.7872E-2	2.445	81.888	29966.597
147000000	0.5694	1.6771	0.3495	0.3533	2.4439	0.6068	0.6821	0.4688	0.1868	0.1860	0.1583	4.2014E-3	1.0215E-3	4.1858E-3	0.2417	7.9704E-3	3.482	84.304	30273.450
148000000	0.5799	1.6614	0.3658	0.3536	2.4490	0.5902	0.6780	0.4681	0.1841	0.1861	0.1617	4.1127E-3	9.1706E-4	4.0944E-3	0.2260	6.8432E-2	2.823	81.837	30856.489
149000000	0.6049	1.7054	0.3470	0.3628	2.3934	0.5866	0.6722	0.4693	0.1851	0.1804	0.1652	4.1585E-3	9.5007E-4	4.1126E-3	0.2310	4.2756E-2	3.294	84.548	30407.626
150000000	0.5744	1.6955	0.3422	0.3490	2.4161	0.6228	0.6800	0.4654	0.1888	0.1814	0.1645	4.1696E-3	9.2476E-4	4.1279E-3	0.2241	-3.4324E-2	1.219	87.974	30883.892
151000000	0.5683	1.6796	0.3575	0.3469	2.4232	0.6245	0.6830	0.4660	0.1874	0.1874	0.1592	4.0937E-3	9.9122E-4	4.0606E-3	0.2395	2.9654E-2	1.470	89.132	31337.338
152000000	0.5729	1.6876	0.3545	0.3577	2.4184	0.6089	0.6562	0.4700	0.1898	0.1837	0.1565	4.313E-3	1.1144E-3	4.2937E-3	0.2541	-2.0316E-2	4.009	85.316	29905.995
153000000	0.5928	1.6613	0.3534	0.3557	2.4358	0.6011	0.6780	0.4741	0.1827	0.1846	0.1586	4.2804E-3	1.033E-3	4.3448E-3	0.2449	-1.6342E-2	2.172	78.519	29107.047
154000000	0.5949	1.6414	0.3451	0.3534	2.4637	0.6015	0.6800	0.4721	0.1804	0.1874	0.1602	4.3209E-3	1.0195E-3	4.3333E-3	0.2365	2.3133E-2	3.255	79.574	29254.533
155000000	0.5735	1.6354	0.3524	0.3558	2.4677	0.6153	0.6858	0.4746	0.1783	0.1907	0.1564	4.4343E-3	9.8461E-4	4.3817E-3	0.2220	-8.1313E-3	3.299	80.887	28631.218
156000000	0.5920	1.6544	0.3481	0.3565	2.4635	0.5855	0.6745	0.4674	0.1807	0.1883	0.1636	4.2388E-3	1.0096E-3	4.3075E-3	0.2324	-4.8178E-3	3.042	81.617	29495.955
157000000	0.5645	1.6325	0.3442	0.3273	2.5163	0.6152	0.6714	0.4712	0.1846	0.1869	0.1573	4.2081E-3	9.7232E-4	4.2669E-3	0.2286	9.9629E-3	2.980	93.903	30078.644
158000000	0.5687	1.6795	0.3450	0.3766	2.4278	0.6025	0.6844	0.4630	0.1890	0.1827	0.1653	4.1979E-3	9.2589E-4	4.1923E-3	0.2270	-1.0004E-2	3.996	92.814	30164.715
159000000	0.5802	1.6887	0.3580	0.3752	2.3859	0.6120	0.6868	0.4602	0.1861	0.1846	0.1691	4.3709E-3	1.1001E-3	4.3047E-3	0.2503	-1.5209E-2	3.753	77.579	29430.663
160000000	0.5661	1.6301	0.3671	0.3398	2.4901	0.6069	0.6695	0.4667	0.1855	0.1925	0.1553	4.4414E-3	1.0518E-3	4.4295E-3	0.2369	1.7247E-2	1.889	77.151	28681.833
161000000	0.5524	1.6745	0.3430	0.3646	2.4469	0.6187	0.6729	0.4731	0.1894	0.1735	0.1640	4.3661E-3	1.0925E-3	4.3373E-3	0.2416	-1.6632E-2	1.555	80.999	29046.652
162000000	0.5664	1.6352	0.3535	0.3766	2.4744	0.5939	0.6887	0.4732	0.1814	0.1837	0.1616	4.3186E-3	9.9877E-4	4.2966E-3	0.2340	2.0901E-2	2.989	79.223	29267.397
163000000	0.5476	1.5546	0.3453	0.3887	2.5581	0.6058	0.6680	0.4843	0.1781	0.1853	0.1524	4.1188E-3	9.7102E-4	4.1154E-3	0.2389	4.0313E-2	1.625	87.372	30176.801
164000000	0.5957	1.7382	0.3485	0.3618	2.3710	0.5848	0.6828	0.4566	0.1900	0.1832	0.1702	4.3412E-3	9.7481E-4	4.3508E-3	0.2331	-6.7592E-3	2.518	85.637	29489.780
165000000	0.5745	1.7269	0.3521	0.3905	2.4014	0.5546	0.6803	0.4702	0.1865	0.1787	0.1646	4.3269E-3	1.0854E-3	4.2901E-3	0.2519	-4.119E-2	4.804	85.762	29262.263
166000000	0.5686	1.6216	0.3322	0.3783	2.4708	0.6285	0.6647	0.4793	0.1805	0.1836	0.1566	4.3925E-3	1.1311E-3	4.3481E-3	0.2505	2.7253E-2	1.664	77.478	28606.293
167000000	0.5893	1.5856	0.3515	0.3303	2.5593	0.5839	0.6750	0.4823	0.1776	0.1867	0.1533	4.3297E-3	9.9972E-4	4.2794E-3	0.2232	-2.2273E-2	1.774	79.695	29292.036
168000000	0.5468	1.5918	0.3510	0.3586	2.5583	0.5934	0.6703	0.4858	0.1818	0.1793	0.1532	4.2079E-3	8.5416E-4	4.2028E-3	0.2011	-8.5931E-4	2.847	80.169	29355.845
169000000	0.5791	1.6903	0.3443	0.3541	2.4330	0.5992	0.6810	0.4693	0.1876	0.1812	0.1620	4.5891E-3	1.0441E-3	4.573E-3	0.2337	5.6246E-3	2.248	76.405	27914.619
170000000	0.5967	1.6360	0.3618	0.3440	2.4477	0.6138	0.6815	0.4747	0.1842	0.1838	0.1573	4.573E-3	1.0588E-3	4.5434E-3	0.2313	1.5052E-2	3.939	78.938	27520.942
171000000	0.5879	1.6316	0.3551	0.3357	2.4862	0.6035	0.6623	0.4723	0.1851	0.1839	0.1586	4.6808E-3	1.1904E-3	4.6787E-3	0.2512	5.5167E-3	1.506	77.105	26592.067
172000000	0.5541	1.6412	0.3518	0.3519	2.4695	0.6315	0.6729	0.4768	0.1849	0.1835	0.1548	4.661E-3	1.0771E-3	4.6569E-3	0.2307	5.5388E-3	2.638	81.128	27056.641
173000000	0.5700	1.6442	0.3580	0.3646	2.4496	0.6134	0.6749	0.4722	0.1880	0.1809	0.1589	4.5901E-3	1.0795E-3	4.579E-3	0.2303	3.4319E-2	2.576	74.995	27082.007
174000000	0.5610	1.6059	0.3329	0.3689	2.5195	0.6117	0.6730	0.4786	0.1823	0.1832	0.1559	4.5944E-3	1.1206E-3	4.558E-3	0.2409	2.9861E-2	2.753	78.113	27345.328
175000000	0.5695	1.6076	0.3561	0.3607	2.4866	0.6195	0.6786	0.4785	0.1816	0.1834	0.1564	4.436E-3	9.693E-4	4.4551E-3	0.2192	-4.1304E-2	2.998	75.943	27960.097
176000000	0.5711	1.6570	0.3571	0.3554	2.4448	0.6147	0.6895	0.4707	0.1859	0.1842	0.1592	4.4677E-3	1.0987E-3	4.4793E-3	0.2485	2.0697E-2	3.338	79.668	28292.904
177000000	0.5894	1.6415	0.3401	0.3579	2.4602	0.6108	0.6942	0.4739	0.1820	0.1837	0.1604	4.1734E-3	1.0557E-3	4.2269E-3	0.2574	-1.0057E-2	3.063	81.242	29017.840
178000000	0.5510	1.6379	0.3585	0.3902	2.4526	0.6098	0.6765	0.4745	0.1870	0.1808	0.1577	4.4932E-3	1.0036E-3	4.4839E-3	0.2288	2.0254E-2	2.416	79.383	27990.151
179000000	0.5668	1.6629	0.3579	0.3902	2.4176	0.6046	0.6737	0.4688	0.1889	0.1829	0.1594	4.5567E-3	1.0393E-3	4.5315E-3	0.2242	-2.1291E-2	3.128	79.553	27807.398
180000000	0.5688	1.6671	0.3423	0.3680	2.4438	0.6101	0.6727	0.4767	0.1846	0.1795	0.1592	4.4372E-3	1.0434E-3	4.4707E-3	0.2376	7.7666E-3	1.987	76.969	27805.192
181000000	0.5823	1.6037	0.3550	0.3499	2.4933	0.6158	0.6818	0.4723	0.1827	0.1891	0.1560	4.4125E-3	1.0621E-3	4.3599E-3	0.2291	1.2611E-2	1.994	83.825	28487.309
182000000	0.5495	1.6434	0.3522	0.3947	2.4558	0.6045	0.6736	0.4756	0.1819	0.1829	0.1596	4.3686E-3	1.114E-3	4.3165E-3	0.2547	-1.2831E-2	2.424	83.555	29157.739
183000000	0.5731	1.6383	0.3507	0.3835	2.4393	0.6149	0.6660	0.4702	0.1802	0.1854	0.1642	4.3055E-3	1.0562E-3	4.302E-3	0.2423	2.6693E-2	3.126	82.543	29572.507
184000000	0.5895	1.5916	0.3478	0.3760	2.5072	0.5879	0.6773	0.4745	0.1795	0.1884	0.1577	4.1108E-3	9.227E-4	4.125E-3	0.2210	4.4584E-2	1.197	83.101	30391.167
185000000	0.5736	1.7211	0.3698	0.3735	2.3940	0.5680	0.6825	0.4663	0.1881	0.1815	0.1641	4.418E-3	1.0329E-3	4.4057E-3	0.2388	4.4364E-4	3.039	80.245	28746.608
186000000	0.5731	1.6473	0.3514	0.3589	2.4598	0.6094	0.6818	0.4765	0.1808	0.1849	0.1579	4.3668E-3	1.1044E-3	4.3528E-3	0.2466	-2.106E-2	3.576	78.470	29059.231
187000000	0.5590	1.6751	0.3576	0.3615	2.4346	0.6123	0.6781	0.4738	0.1877	0.1810	0.1575	4.3438E-3	1.052E-3	4.3648E-3	0.2329	1.4253E-2	3.773	82.368	28753.545
188000000	0.5785	1.6298	0.3585	0.3686	2.4732	0.5914	0.6803	0.4766	0.1799	0.1864	0.1571	4.3985E-3	1.0507E-3	4.3554E-3	0.2336	-1.2218E-2	2.659	80.451	28803.101
189000000	0.5612	1.6815	0.3473	0.3698	2.4544	0.5858	0.6747	0.4805	0.1836	0.1741	0.1619	4.3876E-3	1.0098E-3	4.3371E-3	0.2285	2.274E-2	3.069	79.620	28690.362
190000000	0.5789	1.6633	0.3472	0.3571	2.4351	0.6184	0.6776	0.4656	0.1913	0.1854	0.1577	4.3139E-3	9.5576E-4	4.3098E-3	0.2202	1.7735E-2	2.042	84.160	29246.876
191000000	0.5430	1.6152	0.3471	0.3656	2.5057	0.6234	0.6651	0.4825	0.1847	0.1805	0.1524	4.2923E-3	1.0652E-3	4.2975E-3	0.2461	2.2169E-2	2.226	80.859	29351.305
192000000	0.5532	1.7003	0.3426	0.3739	2.4269	0.6030	0.6650	0.4743	0.1901	0.1788	0.1569	4.4174E-3	1.0542E-3	4.39E-3	0.2398	-2.6547E-2	3.972	75.832	29007.403
193000000	0.5501	1.6067	0.3535	0.3602	2.5084	0.6210	0.6594	0.4799	0.1874	0.1871	0.1457	4.4122E-3	1.0274E-3	4.3865E-3	0.2289	1.4332E-3	7.345	76.577	28196.877
194000000	0.5610	1.6370	0.3401	0.3678	2.4851	0.6089	0.6653	0.4757	0.1807	0.1851	0.1585	4.5195E-3	1.1529E-3	4.4695E-3	0.2536	-1.3498E-2	3.712	76.193	28027.744
195000000	0.5800	1.6582	0.3645	0.3824	2.4164	0.5985	0.6757	0.4730	0.1877	0.1817	0.1577	4.5619E-3	1.1193E-3	4.5501E-3	0.2446	8.7653E-3	0.788	73.970	27675.723
196000000	0.5869	1.7233	0.3437	0.3519	2.3715	0.6227	0.6828	0.4714	0.1877	0.1783	0.1626	4.3458E-3	1.1187E-3	4.3545E-3	0.2486	-4.2038E-3	3.888	78.752	28627.601
197000000	0.5753	1.6151	0.3626	0.3643	2.4718	0.6109	0.6704	0.4719	0.1869	0.1861	0.1552	4.6348E-3	1.0666E-3	4.6717E-3	0.2325	4.6742E-2	3.569	76.549	27313.170
198000000	0.5707	1.7059	0.3620	0.3804	2.3850	0.5961	0.6766	0.4642	0.1924	0.1810	0.1624	4.4695E-3	1.0369E-3	4.4524E-3	0.2309	-1.1696E-2	1.758	82.848	28428.578
199000000	0.5589	1.6756	0.3502	0.3903	2.4208	0.6042	0.6480	0.4769	0.1864	0.1790	0.1577	4.4796E-3	1.029E-3	4.4768E-3	0.2272	4.8904E-2	2.898	78.377	27916.906
200000000	0.5546	1.6253	0.3724	0.3768	2.4666	0.6043	0.6699	0.4773	0.1825	0.1862	0.1540	4.5575E-3	9.8893E-4	4.6047E-3	0.2186	-9.332E-3	2.056	72.426	27031.471
