state	posterior	prior	likelihood	skygrid
1000000	-136265.675	-21828.520	-114437.155	-7801.544
2000000	-136479.541	-21963.795	-114515.745	-7935.162
3000000	-136365.195	-21966.655	-114398.540	-7937.459
4000000	-136456.896	-21952.990	-114503.906	-7922.770
5000000	-136388.058	-21954.424	-114433.634	-7924.032
6000000	-136482.601	-21946.488	-114536.113	-7917.794
7000000	-136346.331	-21962.154	-114384.177	-7932.779
8000000	-136403.125	-21919.803	-114483.322	-7889.180
9000000	-136472.995	-22025.358	-114447.636	-7997.249
10000000	-136428.513	-21967.451	-114461.062	-7937.707
11000000	-136512.273	-21987.035	-114525.238	-7959.204
12000000	-136514.281	-22048.320	-114465.961	-8017.946
13000000	-136486.400	-22074.595	-114411.805	-8045.635
14000000	-136506.772	-22041.011	-114465.761	-8013.112
15000000	-136429.337	-22005.833	-114423.504	-7978.181
16000000	-136478.193	-22006.450	-114471.744	-7979.824
17000000	-136485.452	-22051.156	-114434.296	-8022.640
18000000	-136483.621	-22034.269	-114449.352	-8006.395
19000000	-136428.059	-22002.769	-114425.290	-7976.115
20000000	-136496.840	-21992.109	-114504.731	-7964.717
21000000	-136353.525	-21894.676	-114458.849	-7866.332
22000000	-136342.359	-21944.569	-114397.789	-7916.510
23000000	-136409.671	-21961.531	-114448.140	-7932.643
24000000	-136406.378	-21944.700	-114461.678	-7914.903
25000000	-136405.390	-21995.297	-114410.093	-7965.425
26000000	-136367.284	-21955.326	-114411.958	-7926.833
27000000	-136322.987	-21886.476	-114436.511	-7856.464
28000000	-136364.734	-21938.522	-114426.212	-7908.954
29000000	-136386.803	-21900.505	-114486.298	-7871.151
30000000	-136263.526	-21853.655	-114409.871	-7823.227
31000000	-136331.426	-21902.662	-114428.764	-7873.916
32000000	-136314.091	-21873.099	-114440.992	-7842.742
33000000	-136293.210	-21948.885	-114344.325	-7918.909
34000000	-136364.180	-21899.740	-114464.440	-7870.836
35000000	-136392.131	-21905.491	-114486.640	-7875.887
36000000	-136312.700	-21864.553	-114448.146	-7834.327
37000000	-136324.319	-21896.874	-114427.446	-7866.253
38000000	-136388.387	-21898.582	-114489.805	-7866.517
39000000	-136366.802	-21921.280	-114445.522	-7891.677
40000000	-136325.072	-21873.308	-114451.765	-7844.130
41000000	-136263.295	-21907.102	-114356.193	-7878.841
42000000	-136368.305	-21896.171	-114472.134	-7866.528
43000000	-136386.920	-21908.356	-114478.564	-7878.086
44000000	-136339.745	-21919.255	-114420.490	-7890.408
45000000	-136314.072	-21866.702	-114447.369	-7837.513
46000000	-136412.889	-21910.380	-114502.509	-7880.054
47000000	-136413.357	-21975.820	-114437.537	-7948.429
48000000	-136380.534	-21953.739	-114426.795	-7924.770
49000000	-136408.773	-21980.346	-114428.428	-7951.078
50000000	-136352.951	-21925.895	-114427.056	-7896.720
51000000	-136344.653	-21977.664	-114366.989	-7948.538
52000000	-136334.384	-21916.926	-114417.458	-7887.149
53000000	-136368.797	-21928.406	-114440.391	-7899.322
54000000	-136370.687	-21947.192	-114423.495	-7916.632
55000000	-136366.274	-21948.308	-114417.966	-7921.476
56000000	-136396.558	-21969.664	-114426.894	-7939.572
57000000	-136305.809	-21908.923	-114396.886	-7880.521
58000000	-136366.395	-21890.034	-114476.362	-7860.048
59000000	-136353.383	-21968.688	-114384.694	-7937.213
60000000	-136474.098	-21987.886	-114486.212	-7958.069
61000000	-136386.050	-21929.309	-114456.741	-7899.455
62000000	-136385.964	-21971.694	-114414.270	-7942.923
63000000	-136362.891	-21966.177	-114396.714	-7934.272
64000000	-136436.381	-22005.153	-114431.228	-7976.659
65000000	-136441.846	-22005.049	-114436.796	-7975.521
66000000	-136429.950	-21984.896	-114445.054	-7955.498
67000000	-136378.997	-21958.516	-114420.481	-7929.381
68000000	-136438.096	-21993.200	-114444.895	-7964.239
69000000	-136356.187	-21930.860	-114425.327	-7902.441
70000000	-136330.839	-21972.897	-114357.942	-7944.429
71000000	-136458.485	-21990.183	-114468.302	-7960.862
72000000	-136345.105	-21956.506	-114388.600	-7926.988
73000000	-136370.665	-21964.528	-114406.136	-7934.086
74000000	-136467.076	-22020.756	-114446.319	-7993.427
75000000	-136422.975	-21963.530	-114459.445	-7931.916
76000000	-136451.066	-21973.848	-114477.218	-7944.144
77000000	-136416.033	-21979.661	-114436.372	-7949.356
78000000	-136379.346	-21985.837	-114393.509	-7955.216
79000000	-136407.317	-21944.762	-114462.555	-7915.391
80000000	-136352.650	-21908.505	-114444.145	-7877.704
81000000	-136419.696	-21972.111	-114447.586	-7941.932
82000000	-136412.969	-21993.102	-114419.867	-7964.567
83000000	-136514.423	-22025.230	-114489.192	-7995.686
84000000	-136435.295	-21989.004	-114446.291	-7960.196
85000000	-136406.939	-21978.024	-114428.915	-7950.446
86000000	-136334.999	-21901.155	-114433.844	-7871.023
87000000	-136452.168	-22011.190	-114440.978	-7979.845
88000000	-136456.991	-22019.634	-114437.356	-7990.801
89000000	-136531.930	-22048.375	-114483.555	-8017.286
90000000	-136526.747	-22026.196	-114500.551	-7997.386
91000000	-136380.460	-21949.327	-114431.133	-7921.365
92000000	-136403.675	-21918.462	-114485.213	-7888.853
93000000	-136379.383	-21945.654	-114433.729	-7917.965
94000000	-136296.055	-21945.739	-114350.316	-7917.012
95000000	-136406.989	-22007.679	-114399.310	-7978.123
96000000	-136339.356	-21967.439	-114371.916	-7935.871
97000000	-136450.615	-21997.521	-114453.094	-7968.871
98000000	-136424.394	-22004.294	-114420.100	-7974.948
99000000	-136461.590	-22016.925	-114444.665	-7989.403
100000000	-136391.598	-21970.584	-114421.014	-7939.783
101000000	-136395.195	-21995.476	-114399.719	-7965.271
102000000	-136464.118	-22029.573	-114434.545	-8001.082
103000000	-136500.758	-22039.762	-114460.996	-8011.325
104000000	-136358.126	-22012.020	-114346.106	-7982.501
105000000	-136504.302	-21994.158	-114510.144	-7964.503
106000000	-136449.502	-22009.436	-114440.066	-7980.371
107000000	-136376.903	-22003.005	-114373.898	-7972.378
108000000	-136379.892	-22054.481	-114325.410	-8024.197
109000000	-136487.681	-22088.559	-114399.121	-8059.866
110000000	-136369.943	-22033.280	-114336.663	-8004.663
111000000	-136394.226	-21964.741	-114429.486	-7935.778
112000000	-136349.395	-22011.270	-114338.125	-7980.790
113000000	-136470.919	-22030.193	-114440.726	-8002.762
114000000	-136454.168	-22086.443	-114367.724	-8058.768
115000000	-136493.125	-22042.038	-114451.087	-8014.115
116000000	-136414.674	-22003.094	-114411.580	-7974.979
117000000	-136438.051	-21995.480	-114442.572	-7968.192
118000000	-136432.260	-21987.076	-114445.184	-7957.812
119000000	-136362.458	-21962.625	-114399.834	-7934.336
120000000	-136452.968	-22005.024	-114447.945	-7973.424
121000000	-136406.978	-22013.938	-114393.040	-7985.233
122000000	-136316.577	-21987.753	-114328.825	-7957.888
123000000	-136253.367	-21940.967	-114312.400	-7912.572
124000000	-136390.428	-21969.544	-114420.884	-7939.663
125000000	-136304.811	-21920.651	-114384.160	-7890.626
126000000	-136352.170	-21955.682	-114396.487	-7925.078
127000000	-136270.861	-21904.328	-114366.533	-7877.340
128000000	-136292.796	-21897.810	-114394.986	-7867.595
129000000	-136410.078	-21936.225	-114473.853	-7905.757
130000000	-136400.369	-21989.604	-114410.766	-7958.706
131000000	-136361.123	-21987.607	-114373.516	-7957.059
132000000	-136321.970	-22000.938	-114321.033	-7971.485
133000000	-136355.114	-21990.405	-114364.709	-7960.205
134000000	-136333.713	-21991.648	-114342.065	-7963.121
135000000	-136331.306	-21952.430	-114378.876	-7924.784
136000000	-136261.890	-21924.064	-114337.826	-7896.143
137000000	-136122.717	-21833.937	-114288.780	-7805.940
138000000	-136332.838	-21890.769	-114442.069	-7861.529
139000000	-136242.426	-21861.806	-114380.620	-7833.283
140000000	-136253.763	-21869.586	-114384.177	-7839.993
141000000	-136322.580	-21910.750	-114411.830	-7879.898
142000000	-136263.873	-21905.356	-114358.516	-7876.580
143000000	-136262.890	-21871.685	-114391.205	-7843.328
144000000	-136159.657	-21856.589	-114303.067	-7827.954
145000000	-136361.702	-21949.524	-114412.178	-7920.300
146000000	-136265.186	-21915.775	-114349.410	-7883.765
147000000	-136269.088	-21932.702	-114336.385	-7903.125
148000000	-136318.333	-21912.487	-114405.846	-7882.156
149000000	-136247.024	-21857.231	-114389.793	-7826.756
150000000	-136253.341	-21856.442	-114396.899	-7827.398
151000000	-136254.290	-21910.827	-114343.463	-7880.462
152000000	-136401.980	-21919.907	-114482.073	-7890.205
153000000	-136273.882	-21912.642	-114361.240	-7881.307
154000000	-136358.640	-21895.272	-114463.368	-7867.254
155000000	-136159.655	-21845.326	-114314.329	-7818.216
156000000	-136255.686	-21884.205	-114371.481	-7851.942
157000000	-136383.104	-21920.857	-114462.246	-7890.267
158000000	-136297.825	-21941.042	-114356.783	-7910.863
159000000	-136314.908	-21943.904	-114371.005	-7913.499
160000000	-136337.861	-21975.036	-114362.825	-7947.809
161000000	-136352.490	-21992.333	-114360.157	-7962.269
162000000	-136337.706	-21981.578	-114356.128	-7951.259
163000000	-136381.990	-21991.107	-114390.883	-7961.359
164000000	-136448.203	-22014.599	-114433.603	-7985.669
165000000	-136324.714	-21991.342	-114333.372	-7962.382
166000000	-136281.772	-21926.661	-114355.112	-7896.051
167000000	-136423.439	-21987.930	-114435.510	-7957.842
168000000	-136290.542	-21948.254	-114342.288	-7919.530
169000000	-136377.426	-21947.515	-114429.912	-7917.582
170000000	-136288.315	-21919.342	-114368.972	-7889.933
171000000	-136404.830	-21999.498	-114405.331	-7970.709
172000000	-136366.694	-21922.324	-114444.371	-7892.064
173000000	-136311.325	-21940.719	-114370.606	-7910.702
174000000	-136390.965	-21964.554	-114426.411	-7935.239
175000000	-136321.663	-21923.257	-114398.407	-7892.578
176000000	-136311.786	-21951.855	-114359.931	-7923.151
177000000	-136423.867	-21975.130	-114448.737	-7945.002
178000000	-136271.890	-21913.178	-114358.712	-7885.355
179000000	-136240.422	-21859.638	-114380.784	-7830.635
180000000	-136280.744	-21891.442	-114389.302	-7862.598
181000000	-136266.731	-21879.302	-114387.429	-7849.371
182000000	-136335.923	-21912.375	-114423.549	-7883.212
183000000	-136335.619	-21924.116	-114411.503	-7895.315
184000000	-136347.295	-21947.038	-114400.257	-7918.776
185000000	-136331.144	-21954.733	-114376.411	-7925.081
186000000	-136376.521	-21956.468	-114420.053	-7928.673
187000000	-136346.829	-21968.873	-114377.957	-7938.488
188000000	-136372.914	-22019.213	-114353.701	-7990.344
189000000	-136388.777	-22016.103	-114372.674	-7987.205
190000000	-136361.098	-21983.201	-114377.897	-7954.563
191000000	-136357.689	-21959.042	-114398.647	-7929.037
192000000	-136388.781	-21976.532	-114412.248	-7946.451
193000000	-136433.026	-22018.015	-114415.011	-7990.378
194000000	-136447.314	-22045.184	-114402.129	-8017.966
195000000	-136406.873	-22081.650	-114325.224	-8051.476
196000000	-136369.332	-22009.699	-114359.633	-7981.253
197000000	-136307.943	-21948.737	-114359.207	-7921.538
198000000	-136322.304	-21973.323	-114348.981	-7944.147
199000000	-136310.056	-21957.966	-114352.091	-7928.537
200000000	-136349.521	-21927.149	-114422.372	-7899.492
