state	posterior	prior	likelihood	skygrid
1000000	-136345.200	-21938.614	-114406.586	-7873.334
2000000	-136326.313	-21971.763	-114354.550	-7905.635
3000000	-136329.245	-21937.844	-114391.401	-7870.786
4000000	-136348.092	-21963.070	-114385.022	-7897.090
5000000	-136425.928	-22010.714	-114415.214	-7946.645
6000000	-136374.546	-21984.251	-114390.295	-7920.087
7000000	-136395.523	-22060.071	-114335.453	-7997.774
8000000	-136403.390	-22056.165	-114347.224	-7991.017
9000000	-136414.523	-21997.926	-114416.597	-7936.682
10000000	-136323.547	-21975.546	-114348.001	-7911.584
11000000	-136490.079	-22043.741	-114446.338	-7978.669
12000000	-136439.251	-22038.703	-114400.548	-7974.970
13000000	-136438.176	-22030.752	-114407.424	-7966.909
14000000	-136353.021	-21989.729	-114363.292	-7923.713
15000000	-136310.911	-22010.513	-114300.397	-7947.364
16000000	-136371.428	-22051.650	-114319.779	-7988.215
17000000	-136420.292	-22005.983	-114414.309	-7943.515
18000000	-136403.270	-22033.444	-114369.826	-7969.093
19000000	-136438.796	-22012.584	-114426.212	-7949.417
20000000	-136349.804	-22001.234	-114348.570	-7938.594
21000000	-136380.302	-21994.905	-114385.397	-7927.905
22000000	-136387.289	-21987.492	-114399.798	-7924.620
23000000	-136408.228	-21980.143	-114428.084	-7916.431
24000000	-136425.160	-21962.005	-114463.155	-7899.128
25000000	-136373.176	-21969.543	-114403.633	-7906.699
26000000	-136450.883	-22036.403	-114414.481	-7972.472
27000000	-136430.416	-22038.665	-114391.750	-7974.876
28000000	-136419.051	-22054.571	-114364.480	-7991.957
29000000	-136392.987	-22006.095	-114386.892	-7943.492
30000000	-136410.839	-22026.634	-114384.205	-7965.079
31000000	-136430.943	-22043.930	-114387.013	-7983.047
32000000	-136419.617	-21983.626	-114435.991	-7920.252
33000000	-136358.184	-21972.617	-114385.567	-7909.572
34000000	-136342.624	-21977.243	-114365.381	-7913.450
35000000	-136365.002	-22002.106	-114362.896	-7936.359
36000000	-136331.094	-21987.196	-114343.898	-7922.283
37000000	-136359.473	-22005.828	-114353.645	-7942.361
38000000	-136393.629	-22007.475	-114386.153	-7941.939
39000000	-136374.906	-21999.087	-114375.818	-7935.568
40000000	-136349.486	-21977.961	-114371.525	-7914.277
41000000	-136390.579	-21960.636	-114429.943	-7897.175
42000000	-136423.028	-21991.275	-114431.753	-7926.617
43000000	-136331.518	-21967.662	-114363.856	-7902.964
44000000	-136453.406	-21978.836	-114474.570	-7916.704
45000000	-136336.469	-21993.924	-114342.546	-7931.484
46000000	-136312.909	-21955.260	-114357.649	-7891.371
47000000	-136423.975	-22050.561	-114373.414	-7985.728
48000000	-136407.827	-22055.113	-114352.713	-7990.077
49000000	-136407.592	-22025.921	-114381.671	-7963.768
50000000	-136452.381	-22091.155	-114361.226	-8028.342
51000000	-136466.761	-22063.864	-114402.897	-7999.402
52000000	-136453.548	-22048.543	-114405.005	-7986.517
53000000	-136404.446	-22083.814	-114320.632	-8020.399
54000000	-136507.831	-22117.954	-114389.876	-8053.868
55000000	-136391.403	-22046.258	-114345.145	-7981.084
56000000	-136428.065	-22053.835	-114374.230	-7991.454
57000000	-136442.074	-22065.496	-114376.578	-8000.811
58000000	-136228.658	-21922.106	-114306.553	-7856.817
59000000	-136357.848	-21958.986	-114398.862	-7893.991
60000000	-136236.147	-21900.374	-114335.773	-7834.563
61000000	-136268.815	-21937.033	-114331.781	-7873.617
62000000	-136302.496	-21926.065	-114376.431	-7862.521
63000000	-136451.475	-22065.835	-114385.640	-8000.863
64000000	-136306.131	-21967.312	-114338.819	-7903.966
65000000	-136316.810	-21952.708	-114364.102	-7887.866
66000000	-136364.099	-21999.039	-114365.060	-7934.609
67000000	-136351.873	-21968.724	-114383.149	-7903.520
68000000	-136460.367	-21998.621	-114461.746	-7934.106
69000000	-136355.077	-22025.459	-114329.618	-7963.316
70000000	-136348.988	-22023.739	-114325.249	-7960.497
71000000	-136373.807	-22044.486	-114329.320	-7981.075
72000000	-136381.125	-22077.814	-114303.311	-8013.705
73000000	-136464.930	-22066.500	-114398.430	-8004.302
74000000	-136338.088	-22019.205	-114318.883	-7958.952
75000000	-136514.118	-22115.397	-114398.720	-8053.889
76000000	-136439.485	-22037.294	-114402.191	-7973.013
77000000	-136362.322	-22005.014	-114357.308	-7938.507
78000000	-136417.885	-22024.168	-114393.717	-7959.380
79000000	-136435.907	-22047.177	-114388.730	-7984.695
80000000	-136384.749	-22107.146	-114277.603	-8044.543
81000000	-136435.319	-22063.592	-114371.727	-7998.919
82000000	-136389.139	-22067.750	-114321.389	-8004.928
83000000	-136522.228	-22036.491	-114485.736	-7973.044
84000000	-136420.383	-22041.192	-114379.191	-7979.202
85000000	-136447.552	-22074.928	-114372.623	-8009.477
86000000	-136464.048	-22116.867	-114347.181	-8051.030
87000000	-136534.770	-22106.777	-114427.994	-8044.342
88000000	-136462.972	-22096.124	-114366.848	-8032.879
89000000	-136471.111	-22146.527	-114324.583	-8082.203
90000000	-136536.540	-22167.203	-114369.337	-8103.085
91000000	-136595.175	-22181.960	-114413.214	-8120.899
92000000	-136558.993	-22208.046	-114350.947	-8143.730
93000000	-136525.641	-22176.677	-114348.965	-8113.354
94000000	-136605.600	-22204.326	-114401.274	-8139.339
95000000	-136565.061	-22175.929	-114389.132	-8112.418
96000000	-136494.159	-22129.326	-114364.833	-8067.441
97000000	-136468.192	-22080.661	-114387.531	-8017.717
98000000	-136503.950	-22115.249	-114388.702	-8051.525
99000000	-136416.928	-22049.650	-114367.278	-7984.812
100000000	-136328.359	-22016.248	-114312.111	-7950.077
101000000	-136399.207	-22058.005	-114341.203	-7995.496
102000000	-136336.049	-22012.091	-114323.958	-7948.035
103000000	-136411.659	-21976.255	-114435.404	-7911.484
104000000	-136351.258	-22000.837	-114350.421	-7939.307
105000000	-136367.704	-21982.494	-114385.210	-7915.974
106000000	-136350.891	-21964.826	-114386.065	-7900.049
107000000	-136332.046	-21920.326	-114411.720	-7853.858
108000000	-136288.600	-21935.639	-114352.961	-7870.504
109000000	-136330.407	-21930.800	-114399.607	-7867.624
110000000	-136342.590	-21944.446	-114398.144	-7881.882
111000000	-136373.055	-21981.189	-114391.866	-7916.377
112000000	-136346.402	-21960.999	-114385.403	-7897.391
113000000	-136384.660	-22006.432	-114378.228	-7944.698
114000000	-136346.191	-21964.251	-114381.940	-7898.866
115000000	-136472.493	-21999.324	-114473.169	-7936.178
116000000	-136408.353	-21975.381	-114432.972	-7907.955
117000000	-136349.332	-21932.411	-114416.921	-7868.317
118000000	-136378.483	-21998.341	-114380.142	-7934.428
119000000	-136369.062	-21967.162	-114401.899	-7902.272
120000000	-136433.635	-22039.638	-114393.997	-7973.172
121000000	-136421.834	-22006.245	-114415.589	-7941.701
122000000	-136393.755	-21973.316	-114420.439	-7907.392
123000000	-136394.320	-21951.685	-114442.635	-7886.480
124000000	-136422.829	-21945.115	-114477.713	-7880.516
125000000	-136325.240	-21931.962	-114393.278	-7870.451
126000000	-136296.142	-21862.937	-114433.204	-7799.121
127000000	-136323.331	-21910.687	-114412.644	-7844.490
128000000	-136290.098	-21886.461	-114403.636	-7821.817
129000000	-136317.059	-21911.699	-114405.360	-7846.507
130000000	-136294.430	-21905.167	-114389.263	-7838.887
131000000	-136266.077	-21898.806	-114367.271	-7833.821
132000000	-136389.425	-21964.496	-114424.929	-7901.743
133000000	-136398.211	-21943.353	-114454.858	-7880.175
134000000	-136321.086	-21899.123	-114421.963	-7835.250
135000000	-136358.330	-21943.963	-114414.367	-7877.352
136000000	-136406.151	-21943.376	-114462.775	-7878.045
137000000	-136319.234	-21960.826	-114358.408	-7899.360
138000000	-136346.883	-21950.303	-114396.580	-7884.854
139000000	-136369.812	-21937.573	-114432.239	-7871.870
140000000	-136347.568	-21916.168	-114431.401	-7850.623
141000000	-136383.213	-21868.157	-114515.055	-7800.698
142000000	-136372.936	-21934.136	-114438.800	-7871.436
143000000	-136441.494	-22022.622	-114418.873	-7958.872
144000000	-136410.872	-21958.977	-114451.895	-7893.274
145000000	-136431.592	-21980.493	-114451.099	-7915.299
146000000	-136414.345	-21967.715	-114446.630	-7903.867
147000000	-136468.728	-21998.238	-114470.490	-7934.759
148000000	-136433.729	-22007.883	-114425.846	-7941.690
149000000	-136472.690	-22035.097	-114437.593	-7970.432
150000000	-136465.802	-22050.775	-114415.027	-7986.256
151000000	-136415.176	-21982.455	-114432.720	-7917.570
152000000	-136333.724	-21967.206	-114366.518	-7902.421
153000000	-136445.067	-21967.134	-114477.932	-7902.609
154000000	-136358.521	-21928.905	-114429.615	-7864.273
155000000	-136357.520	-21930.846	-114426.674	-7867.218
156000000	-136370.270	-21959.714	-114410.556	-7895.137
157000000	-136413.943	-21985.902	-114428.040	-7921.341
158000000	-136306.674	-21919.988	-114386.686	-7850.385
159000000	-136506.318	-22012.453	-114493.865	-7947.486
160000000	-136389.195	-22052.866	-114336.328	-7986.346
161000000	-136365.755	-22000.760	-114364.995	-7939.482
162000000	-136400.225	-22040.785	-114359.439	-7973.994
163000000	-136372.300	-22015.660	-114356.639	-7953.273
164000000	-136410.738	-21974.770	-114435.968	-7911.197
165000000	-136441.418	-22050.453	-114390.965	-7987.556
166000000	-136334.093	-21993.533	-114340.560	-7927.445
167000000	-136490.827	-22043.629	-114447.198	-7978.290
168000000	-136394.133	-21980.744	-114413.389	-7918.460
169000000	-136427.738	-22021.976	-114405.762	-7954.870
170000000	-136310.730	-22000.275	-114310.456	-7933.167
171000000	-136245.590	-21925.197	-114320.393	-7856.736
172000000	-136240.979	-21877.083	-114363.896	-7809.685
173000000	-136374.402	-21932.590	-114441.811	-7870.393
174000000	-136411.992	-21964.431	-114447.560	-7898.362
175000000	-136499.592	-22006.797	-114492.795	-7944.190
176000000	-136366.302	-21975.042	-114391.260	-7910.161
177000000	-136346.638	-22026.442	-114320.196	-7962.031
178000000	-136408.183	-22012.358	-114395.824	-7945.225
179000000	-136365.423	-22000.352	-114365.071	-7936.290
180000000	-136334.047	-21990.520	-114343.526	-7925.429
181000000	-136356.365	-21989.366	-114366.999	-7924.585
182000000	-136367.541	-22003.461	-114364.081	-7936.683
183000000	-136427.264	-22011.492	-114415.773	-7948.727
184000000	-136372.244	-22061.746	-114310.498	-7996.860
185000000	-136440.102	-21977.033	-114463.069	-7911.938
186000000	-136362.499	-21950.984	-114411.515	-7883.532
187000000	-136417.643	-22003.201	-114414.441	-7938.379
188000000	-136282.894	-21968.029	-114314.865	-7902.851
189000000	-136362.002	-21957.604	-114404.398	-7890.904
190000000	-136336.018	-21941.254	-114394.763	-7874.950
191000000	-136277.960	-21946.967	-114330.993	-7880.489
192000000	-136356.658	-21978.944	-114377.714	-7915.510
193000000	-136347.355	-21964.890	-114382.466	-7899.478
194000000	-136227.994	-21933.101	-114294.893	-7870.157
195000000	-136275.118	-21928.962	-114346.155	-7864.371
196000000	-136371.781	-21974.206	-114397.575	-7909.180
197000000	-136459.034	-22052.601	-114406.433	-7991.248
198000000	-136382.325	-22035.809	-114346.516	-7972.045
199000000	-136386.671	-22055.477	-114331.193	-7989.270
200000000	-136380.996	-21990.479	-114390.516	-7927.127
201000000	-136430.670	-22031.546	-114399.125	-7968.639
202000000	-136360.000	-21979.475	-114380.525	-7914.638
203000000	-136399.099	-22033.001	-114366.099	-7965.938
204000000	-136386.366	-22008.520	-114377.846	-7945.351
205000000	-136437.006	-22022.290	-114414.715	-7956.245
206000000	-136312.333	-21908.080	-114404.253	-7841.633
207000000	-136462.973	-22019.570	-114443.403	-7956.574
208000000	-136343.582	-21962.902	-114380.680	-7898.096
209000000	-136396.509	-22010.750	-114385.759	-7946.133
210000000	-136405.480	-22040.207	-114365.273	-7973.954
211000000	-136389.947	-22011.929	-114378.018	-7948.466
212000000	-136387.074	-21972.427	-114414.647	-7908.201
213000000	-136360.214	-21960.408	-114399.806	-7894.345
214000000	-136344.842	-21957.064	-114387.778	-7892.512
215000000	-136335.558	-21910.816	-114424.742	-7847.961
216000000	-136222.397	-21938.506	-114283.891	-7871.298
217000000	-136359.120	-21953.268	-114405.852	-7888.156
218000000	-136337.035	-21959.601	-114377.433	-7895.977
219000000	-136375.341	-22024.462	-114350.879	-7958.289
220000000	-136356.036	-22001.323	-114354.714	-7936.958
221000000	-136344.723	-21942.616	-114402.108	-7879.599
222000000	-136316.949	-21994.360	-114322.589	-7927.431
223000000	-136379.645	-22010.827	-114368.818	-7948.682
224000000	-136300.532	-21960.657	-114339.876	-7896.707
225000000	-136344.589	-22011.904	-114332.686	-7945.053
226000000	-136457.604	-22004.277	-114453.327	-7939.149
227000000	-136416.945	-21960.530	-114456.416	-7898.113
228000000	-136441.435	-22043.201	-114398.234	-7977.633
229000000	-136469.586	-22047.293	-114422.293	-7979.282
230000000	-136435.537	-22055.845	-114379.692	-7992.451
231000000	-136378.411	-21976.448	-114401.963	-7914.495
232000000	-136451.322	-22012.173	-114439.149	-7947.983
233000000	-136425.498	-21994.277	-114431.221	-7928.172
234000000	-136345.519	-22010.495	-114335.025	-7944.408
235000000	-136431.325	-22011.086	-114420.239	-7949.988
236000000	-136340.444	-21958.041	-114382.403	-7892.519
237000000	-136354.903	-22000.309	-114354.594	-7936.188
238000000	-136418.110	-22023.544	-114394.566	-7959.354
239000000	-136407.229	-22033.672	-114373.557	-7970.601
240000000	-136335.684	-21960.789	-114374.895	-7896.909
241000000	-136313.765	-21949.290	-114364.475	-7885.297
242000000	-136379.999	-22009.340	-114370.659	-7944.424
243000000	-136352.345	-21991.221	-114361.124	-7928.142
244000000	-136378.955	-22012.360	-114366.596	-7948.419
245000000	-136418.166	-21989.096	-114429.069	-7922.870
246000000	-136310.073	-21976.253	-114333.820	-7910.568
247000000	-136361.213	-21941.091	-114420.122	-7875.831
248000000	-136284.098	-21951.713	-114332.386	-7886.318
249000000	-136349.181	-21950.129	-114399.051	-7883.299
250000000	-136274.415	-21970.812	-114303.604	-7908.693
251000000	-136378.783	-22011.809	-114366.974	-7946.783
252000000	-136277.615	-21955.857	-114321.757	-7889.676
253000000	-136368.582	-21984.220	-114384.361	-7917.832
254000000	-136349.066	-22036.643	-114312.423	-7968.535
255000000	-136317.509	-21944.093	-114373.416	-7880.910
256000000	-136376.655	-21954.978	-114421.677	-7888.359
257000000	-136292.824	-21932.948	-114359.876	-7867.926
258000000	-136339.883	-21979.605	-114360.278	-7913.234
259000000	-136416.321	-21976.133	-114440.189	-7912.554
260000000	-136290.985	-21975.878	-114315.107	-7909.199
261000000	-136407.371	-22003.146	-114404.225	-7938.092
262000000	-136334.912	-22011.151	-114323.761	-7944.832
263000000	-136315.522	-21957.907	-114357.615	-7895.304
264000000	-136347.254	-21994.238	-114353.016	-7932.700
265000000	-136467.954	-22074.638	-114393.316	-8011.018
266000000	-136431.414	-22032.775	-114398.639	-7965.819
267000000	-136459.284	-22071.453	-114387.831	-8004.750
268000000	-136488.441	-22061.107	-114427.334	-7995.824
269000000	-136366.888	-21997.218	-114369.669	-7930.751
270000000	-136364.976	-21955.004	-114409.972	-7890.628
271000000	-136288.872	-21895.378	-114393.494	-7830.857
272000000	-136304.390	-21962.165	-114342.225	-7897.840
273000000	-136318.261	-21955.770	-114362.490	-7888.902
274000000	-136254.716	-21960.304	-114294.412	-7890.810
275000000	-136265.135	-21966.307	-114298.828	-7900.080
276000000	-136345.411	-21980.453	-114364.958	-7915.174
277000000	-136337.168	-21969.556	-114367.612	-7905.617
278000000	-136362.879	-22019.617	-114343.262	-7953.013
279000000	-136402.154	-21991.934	-114410.220	-7925.305
280000000	-136376.843	-21993.824	-114383.020	-7927.001
281000000	-136378.598	-22010.537	-114368.060	-7946.358
282000000	-136369.277	-21990.118	-114379.158	-7924.587
283000000	-136323.805	-22019.032	-114304.773	-7952.185
284000000	-136391.797	-22009.902	-114381.895	-7947.544
285000000	-136395.388	-22002.044	-114393.345	-7938.862
286000000	-136354.316	-21993.138	-114361.178	-7927.634
287000000	-136385.099	-22010.570	-114374.529	-7943.664
288000000	-136423.742	-22024.920	-114398.822	-7961.896
289000000	-136368.339	-21997.290	-114371.049	-7930.642
290000000	-136408.693	-22013.851	-114394.842	-7946.113
291000000	-136355.045	-21959.707	-114395.339	-7893.879
292000000	-136274.925	-21939.886	-114335.039	-7874.458
293000000	-136318.134	-21954.831	-114363.303	-7889.460
294000000	-136303.865	-21986.952	-114316.913	-7919.638
295000000	-136390.777	-22001.457	-114389.321	-7934.079
296000000	-136335.929	-21966.432	-114369.496	-7900.422
297000000	-136310.540	-21990.636	-114319.903	-7926.057
298000000	-136363.759	-22003.647	-114360.113	-7939.929
299000000	-136359.347	-21945.371	-114413.975	-7877.440
300000000	-136394.608	-21980.765	-114413.842	-7915.965
301000000	-136358.259	-22009.731	-114348.527	-7942.825
302000000	-136309.242	-22008.992	-114300.250	-7941.654
303000000	-136344.063	-21994.207	-114349.856	-7925.856
304000000	-136386.918	-22024.382	-114362.536	-7956.518
305000000	-136351.681	-22009.879	-114341.802	-7945.445
306000000	-136358.158	-21994.294	-114363.864	-7931.258
307000000	-136363.051	-22000.517	-114362.534	-7932.875
308000000	-136252.152	-21984.708	-114267.444	-7919.849
309000000	-136343.565	-22019.316	-114324.249	-7954.388
310000000	-136310.952	-21948.293	-114362.659	-7882.688
311000000	-136342.914	-21944.190	-114398.723	-7878.554
312000000	-136357.999	-22015.651	-114342.348	-7949.233
313000000	-136293.561	-21897.476	-114396.085	-7832.309
314000000	-136318.020	-21965.823	-114352.198	-7899.719
315000000	-136336.608	-21898.258	-114438.349	-7830.142
316000000	-136301.536	-21932.030	-114369.507	-7866.155
317000000	-136288.746	-21940.320	-114348.426	-7875.189
318000000	-136372.315	-21919.565	-114452.750	-7853.174
319000000	-136314.177	-21954.134	-114360.042	-7889.563
320000000	-136354.159	-21987.847	-114366.312	-7921.771
321000000	-136396.346	-22006.018	-114390.328	-7940.418
322000000	-136361.896	-21916.846	-114445.050	-7849.168
323000000	-136288.891	-21974.392	-114314.500	-7907.517
324000000	-136300.711	-21955.763	-114344.948	-7888.107
325000000	-136292.932	-21936.992	-114355.940	-7868.824
326000000	-136302.408	-21994.229	-114308.178	-7929.200
327000000	-136337.176	-21964.584	-114372.593	-7897.250
328000000	-136249.235	-21933.256	-114315.979	-7869.999
329000000	-136328.555	-21916.946	-114411.610	-7850.778
330000000	-136330.098	-21943.922	-114386.175	-7878.540
331000000	-136352.892	-22010.421	-114342.471	-7946.092
332000000	-136309.648	-21943.383	-114366.266	-7878.288
333000000	-136303.142	-21876.592	-114426.550	-7812.237
334000000	-136174.018	-21862.846	-114311.172	-7796.085
335000000	-136219.275	-21850.033	-114369.241	-7784.366
336000000	-136141.753	-21876.211	-114265.543	-7808.766
337000000	-136281.846	-21924.685	-114357.161	-7857.470
338000000	-136271.305	-21948.721	-114322.584	-7880.228
339000000	-136283.259	-21977.696	-114305.563	-7913.116
340000000	-136248.708	-21893.207	-114355.502	-7827.660
341000000	-136246.676	-21912.954	-114333.722	-7845.343
342000000	-136243.009	-21876.118	-114366.891	-7810.185
343000000	-136310.936	-21931.714	-114379.222	-7862.838
344000000	-136242.915	-21939.812	-114303.103	-7872.971
345000000	-136341.100	-21992.450	-114348.650	-7927.387
346000000	-136352.746	-22004.284	-114348.462	-7938.647
347000000	-136317.131	-21983.614	-114333.517	-7919.856
348000000	-136297.275	-21954.152	-114343.123	-7890.494
349000000	-136254.945	-21920.089	-114334.856	-7855.373
350000000	-136302.580	-21973.743	-114328.837	-7902.974
351000000	-136266.615	-21955.386	-114311.229	-7888.819
352000000	-136308.728	-21947.883	-114360.845	-7880.971
353000000	-136394.658	-21988.897	-114405.761	-7920.814
354000000	-136426.795	-22020.283	-114406.512	-7956.317
355000000	-136387.126	-21990.288	-114396.838	-7923.210
356000000	-136311.491	-21933.696	-114377.795	-7867.673
357000000	-136440.833	-22024.057	-114416.776	-7957.076
358000000	-136332.465	-22000.442	-114332.023	-7934.482
359000000	-136342.648	-22002.144	-114340.505	-7933.621
360000000	-136244.270	-21940.513	-114303.756	-7874.756
361000000	-136396.672	-21956.504	-114440.168	-7891.992
362000000	-136183.958	-21897.553	-114286.405	-7829.765
363000000	-136221.447	-21926.947	-114294.500	-7859.639
364000000	-136271.794	-21917.531	-114354.264	-7853.233
365000000	-136287.266	-21905.879	-114381.387	-7839.319
366000000	-136216.864	-21905.961	-114310.904	-7839.582
367000000	-136262.389	-21924.827	-114337.561	-7860.996
368000000	-136343.129	-21918.532	-114424.597	-7851.191
369000000	-136291.009	-21905.972	-114385.037	-7842.929
370000000	-136308.408	-21964.625	-114343.783	-7899.646
371000000	-136436.803	-21988.276	-114448.526	-7921.831
372000000	-136205.322	-21881.423	-114323.899	-7815.020
373000000	-136297.814	-21976.791	-114321.023	-7909.724
374000000	-136213.928	-21890.812	-114323.115	-7822.249
375000000	-136349.146	-21996.111	-114353.034	-7927.242
376000000	-136333.529	-21932.400	-114401.129	-7864.562
377000000	-136339.979	-21965.563	-114374.416	-7898.671
378000000	-136248.138	-21930.779	-114317.359	-7864.089
379000000	-136270.475	-21896.375	-114374.100	-7829.732
380000000	-136284.486	-21974.368	-114310.118	-7908.171
381000000	-136319.690	-21915.277	-114404.413	-7845.368
382000000	-136290.461	-21906.960	-114383.501	-7839.333
383000000	-136325.260	-21976.884	-114348.376	-7912.402
384000000	-136283.557	-21937.766	-114345.791	-7872.751
385000000	-136281.459	-21930.571	-114350.888	-7862.614
386000000	-136288.177	-21919.053	-114369.124	-7852.351
387000000	-136388.004	-21967.302	-114420.702	-7899.310
388000000	-136404.095	-22019.306	-114384.789	-7952.916
389000000	-136271.344	-21923.273	-114348.071	-7857.156
390000000	-136393.205	-21980.313	-114412.892	-7912.757
391000000	-136421.130	-22029.363	-114391.767	-7963.932
392000000	-136410.081	-22029.022	-114381.059	-7964.651
393000000	-136325.207	-21971.903	-114353.304	-7908.660
394000000	-136398.317	-21998.356	-114399.962	-7931.345
395000000	-136368.715	-21977.676	-114391.039	-7910.190
396000000	-136354.967	-22024.879	-114330.089	-7958.302
397000000	-136369.615	-22030.851	-114338.764	-7964.965
398000000	-136350.893	-21992.841	-114358.052	-7928.546
399000000	-136432.459	-22052.340	-114380.119	-7987.108
400000000	-136371.702	-22004.133	-114367.569	-7938.378
401000000	-136340.794	-22001.831	-114338.963	-7934.494
402000000	-136346.392	-22001.717	-114344.676	-7936.496
403000000	-136385.174	-21987.212	-114397.962	-7918.039
404000000	-136261.421	-21950.628	-114310.792	-7886.199
405000000	-136282.817	-21961.473	-114321.344	-7898.014
406000000	-136190.918	-21941.666	-114249.252	-7875.258
407000000	-136349.752	-21997.956	-114351.797	-7932.487
408000000	-136337.825	-21922.375	-114415.450	-7853.811
409000000	-136232.411	-21870.958	-114361.453	-7804.490
410000000	-136284.755	-21964.218	-114320.537	-7897.709
411000000	-136283.152	-21909.360	-114373.792	-7843.360
412000000	-136228.017	-21901.078	-114326.939	-7832.627
413000000	-136240.374	-21973.477	-114266.897	-7907.061
414000000	-136251.574	-21932.479	-114319.095	-7864.342
415000000	-136322.631	-21940.514	-114382.117	-7875.268
416000000	-136349.953	-21929.838	-114420.115	-7862.365
417000000	-136341.737	-22016.516	-114325.221	-7949.605
418000000	-136304.243	-21958.224	-114346.019	-7890.615
419000000	-136263.251	-22000.122	-114263.129	-7934.498
420000000	-136291.747	-21948.879	-114342.868	-7882.414
421000000	-136280.713	-21937.396	-114343.317	-7873.671
422000000	-136266.956	-21950.202	-114316.754	-7883.162
423000000	-136318.236	-21937.140	-114381.096	-7871.283
424000000	-136329.973	-22001.985	-114327.988	-7935.125
425000000	-136307.111	-21943.797	-114363.314	-7879.083
426000000	-136300.214	-21978.831	-114321.383	-7915.534
427000000	-136247.944	-21969.093	-114278.852	-7902.775
428000000	-136367.461	-21981.675	-114385.786	-7916.752
429000000	-136306.537	-21996.155	-114310.382	-7932.143
430000000	-136429.518	-22050.092	-114379.426	-7983.133
431000000	-136328.261	-22019.087	-114309.175	-7955.048
432000000	-136317.274	-21988.952	-114328.322	-7923.850
433000000	-136364.066	-21958.397	-114405.669	-7891.151
434000000	-136297.892	-21955.247	-114342.645	-7888.823
435000000	-136328.138	-22000.201	-114327.937	-7934.790
436000000	-136230.259	-21938.569	-114291.690	-7873.330
437000000	-136265.403	-21937.328	-114328.075	-7871.643
438000000	-136276.528	-21893.515	-114383.014	-7829.869
439000000	-136282.539	-21915.290	-114367.249	-7849.081
440000000	-136243.263	-21901.145	-114342.118	-7836.604
441000000	-136300.900	-21959.110	-114341.790	-7894.239
442000000	-136215.580	-21936.623	-114278.958	-7871.812
443000000	-136327.631	-21926.685	-114400.945	-7861.568
444000000	-136296.141	-21939.051	-114357.090	-7872.430
445000000	-136340.620	-21994.251	-114346.369	-7929.608
446000000	-136301.584	-21947.556	-114354.027	-7882.251
447000000	-136277.503	-21915.558	-114361.944	-7849.038
448000000	-136261.703	-21927.384	-114334.318	-7860.059
449000000	-136210.418	-21930.050	-114280.368	-7863.519
450000000	-136268.023	-21936.349	-114331.674	-7870.336
451000000	-136259.202	-21976.663	-114282.539	-7910.186
452000000	-136320.312	-21941.061	-114379.251	-7876.627
453000000	-136268.777	-21922.281	-114346.495	-7855.131
454000000	-136302.048	-21955.672	-114346.376	-7890.322
455000000	-136271.374	-21915.003	-114356.372	-7849.630
456000000	-136318.653	-21949.648	-114369.005	-7883.886
457000000	-136365.218	-21951.804	-114413.414	-7885.755
458000000	-136370.086	-21979.262	-114390.824	-7913.580
459000000	-136237.888	-21979.761	-114258.127	-7913.196
460000000	-136306.644	-21920.966	-114385.679	-7856.423
461000000	-136274.370	-21897.565	-114376.805	-7832.128
462000000	-136277.328	-21901.851	-114375.478	-7832.608
463000000	-136242.090	-21909.061	-114333.029	-7842.488
464000000	-136211.762	-21896.455	-114315.306	-7830.727
465000000	-136295.391	-21968.948	-114326.443	-7902.584
466000000	-136400.669	-21950.502	-114450.167	-7886.519
467000000	-136294.098	-21958.608	-114335.489	-7888.622
468000000	-136345.400	-22043.767	-114301.633	-7978.638
469000000	-136300.948	-21962.859	-114338.088	-7897.717
470000000	-136332.037	-21984.912	-114347.125	-7918.853
471000000	-136307.076	-21975.690	-114331.386	-7911.334
472000000	-136379.942	-21996.876	-114383.067	-7930.135
473000000	-136385.225	-22024.428	-114360.797	-7956.814
474000000	-136319.578	-21971.289	-114348.288	-7904.513
475000000	-136225.849	-21928.569	-114297.280	-7859.310
476000000	-136409.543	-22014.921	-114394.622	-7946.438
477000000	-136319.359	-21945.269	-114374.089	-7877.652
478000000	-136283.452	-21965.696	-114317.756	-7898.254
479000000	-136335.245	-22009.491	-114325.754	-7944.341
480000000	-136336.749	-21969.157	-114367.592	-7902.979
481000000	-136342.432	-21940.515	-114401.917	-7876.073
482000000	-136253.832	-21903.757	-114350.076	-7839.258
483000000	-136280.775	-21899.096	-114381.680	-7833.910
484000000	-136246.581	-21962.543	-114284.038	-7899.342
485000000	-136236.777	-21917.812	-114318.964	-7852.861
486000000	-136301.143	-21923.059	-114378.084	-7858.602
487000000	-136246.957	-21955.813	-114291.144	-7887.367
488000000	-136363.356	-21962.179	-114401.177	-7900.977
489000000	-136353.628	-21957.060	-114396.567	-7891.433
490000000	-136307.702	-21973.285	-114334.417	-7908.897
491000000	-136304.615	-22009.238	-114295.377	-7944.017
492000000	-136431.642	-22034.026	-114397.615	-7969.478
493000000	-136329.528	-21999.900	-114329.628	-7934.525
494000000	-136426.860	-22038.033	-114388.827	-7972.756
495000000	-136390.761	-22013.590	-114377.171	-7949.888
496000000	-136418.196	-22025.803	-114392.393	-7959.878
497000000	-136340.188	-22027.060	-114313.128	-7959.172
498000000	-136469.472	-22034.097	-114435.375	-7972.352
499000000	-136297.483	-21928.188	-114369.295	-7863.269
500000000	-136328.536	-22003.808	-114324.729	-7937.212
501000000	-136368.051	-21985.650	-114382.401	-7919.953
502000000	-136363.344	-21955.117	-114408.227	-7889.696
503000000	-136270.523	-21952.643	-114317.880	-7885.816
504000000	-136319.001	-21986.104	-114332.896	-7922.345
505000000	-136326.812	-22005.640	-114321.172	-7940.151
506000000	-136424.006	-22022.636	-114401.370	-7956.751
507000000	-136376.614	-22020.795	-114355.819	-7952.105
508000000	-136358.105	-22027.518	-114330.586	-7961.157
509000000	-136315.266	-22015.289	-114299.978	-7948.801
510000000	-136414.664	-22036.371	-114378.293	-7974.944
511000000	-136378.702	-21992.288	-114386.414	-7926.949
512000000	-136246.627	-21954.557	-114292.070	-7889.587
513000000	-136329.430	-21987.817	-114341.613	-7923.898
514000000	-136335.139	-21960.016	-114375.123	-7895.721
515000000	-136384.744	-22068.778	-114315.966	-8000.351
516000000	-136359.996	-21993.937	-114366.058	-7928.915
517000000	-136312.001	-21999.502	-114312.499	-7935.488
518000000	-136440.483	-22050.865	-114389.618	-7985.611
519000000	-136322.726	-22007.726	-114315.001	-7940.972
520000000	-136329.203	-21967.682	-114361.521	-7901.965
521000000	-136307.645	-22004.060	-114303.585	-7938.819
522000000	-136392.372	-22013.860	-114378.512	-7948.602
523000000	-136363.762	-22049.221	-114314.541	-7985.412
524000000	-136384.285	-22067.715	-114316.570	-8002.004
525000000	-136335.405	-21985.490	-114349.915	-7922.697
526000000	-136437.047	-22023.023	-114414.023	-7957.230
527000000	-136252.298	-21965.460	-114286.838	-7898.780
528000000	-136366.692	-22018.469	-114348.223	-7956.239
529000000	-136334.538	-21952.904	-114381.634	-7886.170
530000000	-136349.106	-21947.113	-114401.993	-7883.780
531000000	-136326.533	-21938.383	-114388.150	-7868.366
532000000	-136362.759	-21973.870	-114388.888	-7909.306
533000000	-136363.220	-22001.335	-114361.884	-7934.072
534000000	-136295.284	-21992.091	-114303.192	-7924.825
535000000	-136359.381	-21963.276	-114396.105	-7897.007
536000000	-136235.196	-21947.862	-114287.334	-7882.624
537000000	-136311.236	-21963.560	-114347.676	-7896.269
538000000	-136357.353	-21950.046	-114407.307	-7884.569
539000000	-136268.967	-21943.502	-114325.465	-7876.927
540000000	-136395.905	-21974.726	-114421.179	-7907.350
541000000	-136262.628	-21940.265	-114322.363	-7875.848
542000000	-136355.829	-21964.414	-114391.416	-7896.957
543000000	-136305.882	-21919.912	-114385.970	-7853.030
544000000	-136312.269	-21929.885	-114382.384	-7863.185
545000000	-136233.413	-21899.543	-114333.870	-7831.712
546000000	-136257.069	-21957.175	-114299.894	-7893.555
547000000	-136306.707	-21995.928	-114310.779	-7929.242
548000000	-136504.731	-22038.937	-114465.794	-7972.388
549000000	-136280.811	-21961.716	-114319.095	-7894.463
550000000	-136407.266	-22016.559	-114390.707	-7949.049
551000000	-136301.957	-21953.723	-114348.234	-7891.945
552000000	-136355.491	-22007.938	-114347.554	-7943.358
553000000	-136221.595	-21947.730	-114273.865	-7881.968
554000000	-136338.553	-22034.718	-114303.835	-7967.838
555000000	-136394.505	-22059.327	-114335.178	-7996.510
556000000	-136303.573	-21980.775	-114322.798	-7915.160
557000000	-136358.203	-21962.734	-114395.468	-7897.570
558000000	-136339.806	-22011.317	-114328.489	-7943.229
559000000	-136271.591	-21939.763	-114331.828	-7872.250
560000000	-136365.787	-22000.173	-114365.614	-7934.739
561000000	-136337.706	-21996.670	-114341.037	-7927.655
562000000	-136390.418	-22013.997	-114376.421	-7950.122
563000000	-136327.770	-21998.047	-114329.723	-7933.573
564000000	-136240.942	-21919.957	-114320.985	-7854.014
565000000	-136253.171	-21949.629	-114303.542	-7884.012
566000000	-136265.924	-21928.874	-114337.050	-7861.637
567000000	-136247.571	-21895.656	-114351.915	-7827.766
568000000	-136310.935	-21978.533	-114332.402	-7908.451
569000000	-136214.088	-21917.945	-114296.143	-7850.729
570000000	-136378.575	-21986.077	-114392.498	-7919.172
571000000	-136330.074	-22029.069	-114301.005	-7961.939
572000000	-136337.582	-21962.767	-114374.815	-7894.969
573000000	-136258.091	-21952.766	-114305.325	-7887.287
574000000	-136228.863	-21893.764	-114335.099	-7826.860
575000000	-136236.223	-21912.629	-114323.594	-7848.040
576000000	-136194.798	-21945.219	-114249.579	-7881.320
577000000	-136276.900	-21958.896	-114318.004	-7894.585
578000000	-136231.241	-21949.946	-114281.295	-7886.693
579000000	-136196.514	-21944.329	-114252.185	-7878.526
580000000	-136304.920	-21979.750	-114325.170	-7917.390
581000000	-136236.931	-21969.907	-114267.024	-7902.630
582000000	-136298.990	-22005.961	-114293.030	-7941.984
583000000	-136301.452	-22013.191	-114288.261	-7945.011
584000000	-136335.356	-21990.809	-114344.547	-7925.090
585000000	-136340.240	-22015.745	-114324.495	-7948.051
586000000	-136311.603	-21976.479	-114335.123	-7905.614
587000000	-136315.711	-21972.957	-114342.754	-7907.940
588000000	-136354.613	-21999.022	-114355.592	-7933.193
589000000	-136242.262	-21956.703	-114285.559	-7889.717
590000000	-136350.509	-21985.198	-114365.311	-7920.581
591000000	-136295.108	-21948.152	-114346.956	-7882.703
592000000	-136285.604	-21968.199	-114317.405	-7905.684
593000000	-136319.487	-22007.357	-114312.130	-7942.653
594000000	-136315.033	-21986.150	-114328.883	-7920.088
595000000	-136384.084	-22072.181	-114311.903	-8007.617
596000000	-136454.541	-22020.551	-114433.990	-7955.602
597000000	-136457.125	-22070.873	-114386.253	-8005.698
598000000	-136400.201	-22013.018	-114387.183	-7944.650
599000000	-136395.629	-22025.004	-114370.625	-7958.222
600000000	-136251.737	-21993.178	-114258.559	-7926.678
601000000	-136392.157	-22016.986	-114375.171	-7952.132
602000000	-136373.407	-21973.823	-114399.584	-7910.258
603000000	-136314.188	-21980.536	-114333.652	-7914.009
604000000	-136349.517	-21974.747	-114374.771	-7907.613
605000000	-136254.956	-21950.554	-114304.402	-7887.403
606000000	-136377.069	-22008.793	-114368.276	-7944.407
607000000	-136293.024	-22000.856	-114292.168	-7936.860
608000000	-136292.680	-21974.221	-114318.459	-7907.235
609000000	-136353.191	-22009.592	-114343.598	-7943.632
610000000	-136323.062	-21997.728	-114325.333	-7931.884
611000000	-136348.120	-22034.804	-114313.316	-7972.328
612000000	-136262.159	-21962.458	-114299.701	-7895.361
613000000	-136324.280	-22005.701	-114318.579	-7940.484
614000000	-136334.015	-21973.779	-114360.236	-7909.660
615000000	-136333.142	-21980.211	-114352.931	-7913.987
616000000	-136311.837	-21993.698	-114318.139	-7928.624
617000000	-136338.283	-22004.591	-114333.692	-7939.010
618000000	-136343.776	-22032.585	-114311.190	-7970.057
619000000	-136389.533	-21982.399	-114407.134	-7917.981
620000000	-136389.128	-22027.008	-114362.120	-7961.109
621000000	-136403.644	-22046.420	-114357.225	-7979.129
622000000	-136312.730	-21994.083	-114318.647	-7929.610
623000000	-136367.832	-21994.707	-114373.124	-7929.836
624000000	-136289.272	-21931.105	-114358.167	-7864.878
625000000	-136278.982	-21932.195	-114346.787	-7867.596
626000000	-136311.668	-21931.393	-114380.276	-7864.358
627000000	-136274.526	-21923.262	-114351.264	-7856.853
628000000	-136276.664	-21959.484	-114317.180	-7890.724
629000000	-136368.360	-21987.637	-114380.723	-7923.398
630000000	-136330.172	-21965.551	-114364.621	-7902.151
631000000	-136298.150	-22000.301	-114297.849	-7932.276
632000000	-136441.530	-22053.220	-114388.310	-7989.177
633000000	-136407.952	-21950.290	-114457.662	-7883.729
634000000	-136333.427	-21998.851	-114334.576	-7933.261
635000000	-136272.992	-21989.950	-114283.043	-7921.788
636000000	-136225.849	-21936.571	-114289.278	-7870.128
637000000	-136339.703	-21924.036	-114415.667	-7858.661
638000000	-136346.011	-21963.887	-114382.124	-7895.217
639000000	-136312.600	-21959.835	-114352.765	-7894.651
640000000	-136315.152	-21966.276	-114348.876	-7898.818
641000000	-136233.016	-21928.692	-114304.324	-7863.407
642000000	-136390.268	-21976.137	-114414.131	-7909.840
643000000	-136353.374	-21950.131	-114403.243	-7885.673
644000000	-136303.374	-21930.800	-114372.574	-7861.928
645000000	-136258.309	-21951.471	-114306.838	-7885.067
646000000	-136320.363	-21962.937	-114357.426	-7897.806
647000000	-136386.619	-21994.096	-114392.524	-7926.506
648000000	-136219.216	-21915.967	-114303.249	-7848.013
649000000	-136348.465	-21976.750	-114371.714	-7910.672
650000000	-136312.626	-21999.751	-114312.875	-7931.809
651000000	-136389.181	-21984.642	-114404.539	-7918.735
652000000	-136366.144	-22013.538	-114352.606	-7948.422
653000000	-136362.825	-21998.649	-114364.176	-7931.344
654000000	-136463.472	-22051.618	-114411.854	-7985.153
655000000	-136402.111	-22019.282	-114382.830	-7950.094
656000000	-136435.037	-22091.664	-114343.374	-8026.688
657000000	-136456.160	-22024.222	-114431.938	-7958.665
658000000	-136418.970	-22053.425	-114365.545	-7987.095
659000000	-136439.097	-22039.734	-114399.363	-7973.344
660000000	-136369.469	-22092.357	-114277.112	-8025.323
661000000	-136383.329	-22048.526	-114334.803	-7978.192
662000000	-136355.236	-22020.883	-114334.353	-7955.834
663000000	-136314.915	-21983.451	-114331.464	-7918.655
664000000	-136291.567	-21977.134	-114314.433	-7911.004
665000000	-136195.175	-21984.382	-114210.793	-7918.629
666000000	-136319.839	-21973.373	-114346.467	-7907.252
667000000	-136330.405	-21955.826	-114374.579	-7889.053
668000000	-136317.394	-21955.824	-114361.570	-7889.310
669000000	-136251.183	-21905.861	-114345.322	-7838.763
670000000	-136267.657	-21943.675	-114323.982	-7877.749
671000000	-136318.407	-21943.277	-114375.129	-7878.093
672000000	-136340.699	-22001.554	-114339.145	-7935.945
673000000	-136291.163	-21907.461	-114383.702	-7840.284
674000000	-136294.578	-21933.729	-114360.849	-7869.619
675000000	-136352.629	-21946.193	-114406.436	-7880.750
676000000	-136341.756	-21965.009	-114376.746	-7899.902
677000000	-136280.334	-21976.522	-114303.812	-7912.159
678000000	-136338.259	-21978.521	-114359.738	-7911.997
679000000	-136318.524	-21963.742	-114354.782	-7900.704
680000000	-136362.158	-21991.522	-114370.636	-7927.614
681000000	-136383.830	-21995.694	-114388.136	-7930.676
682000000	-136389.310	-22046.730	-114342.581	-7978.331
683000000	-136369.473	-22043.446	-114326.027	-7977.735
684000000	-136343.306	-22050.532	-114292.774	-7981.670
685000000	-136424.851	-22075.576	-114349.275	-8008.122
686000000	-136346.935	-22044.806	-114302.129	-7979.452
687000000	-136394.540	-22072.310	-114322.230	-8006.129
688000000	-136344.134	-22077.359	-114266.775	-8008.260
689000000	-136367.834	-22013.923	-114353.910	-7945.852
690000000	-136354.477	-22004.648	-114349.829	-7937.604
691000000	-136282.703	-21963.550	-114319.153	-7898.516
692000000	-136292.233	-21982.739	-114309.493	-7915.535
693000000	-136265.148	-21969.073	-114296.075	-7900.702
694000000	-136349.577	-21946.951	-114402.626	-7881.616
695000000	-136304.914	-21933.689	-114371.225	-7866.963
696000000	-136370.756	-21976.200	-114394.556	-7910.498
697000000	-136307.386	-21989.371	-114318.015	-7923.305
698000000	-136404.913	-22059.296	-114345.617	-7991.698
699000000	-136362.519	-22033.282	-114329.237	-7965.709
700000000	-136288.948	-21983.410	-114305.538	-7918.044
701000000	-136299.421	-21977.022	-114322.399	-7908.788
702000000	-136331.263	-21996.225	-114335.038	-7930.519
703000000	-136300.062	-22020.223	-114279.839	-7956.003
704000000	-136340.403	-22009.388	-114331.015	-7941.229
705000000	-136322.159	-21998.186	-114323.973	-7929.929
706000000	-136242.684	-21884.046	-114358.638	-7818.575
707000000	-136310.132	-21950.166	-114359.967	-7882.945
708000000	-136240.033	-21952.133	-114287.900	-7884.139
709000000	-136279.600	-21960.220	-114319.380	-7895.361
710000000	-136307.729	-21945.691	-114362.038	-7881.232
711000000	-136264.753	-21880.530	-114384.224	-7811.691
712000000	-136433.087	-22029.332	-114403.755	-7963.086
713000000	-136389.841	-21987.315	-114402.526	-7919.505
714000000	-136307.546	-21956.042	-114351.504	-7892.205
715000000	-136240.519	-21931.943	-114308.577	-7866.726
716000000	-136282.630	-21969.961	-114312.669	-7903.272
717000000	-136197.849	-21904.177	-114293.673	-7835.416
718000000	-136261.415	-21971.740	-114289.674	-7904.502
719000000	-136309.580	-21930.474	-114379.106	-7866.641
720000000	-136288.955	-21916.231	-114372.724	-7850.188
721000000	-136318.194	-21973.078	-114345.116	-7910.286
722000000	-136281.623	-21962.951	-114318.672	-7895.455
723000000	-136287.289	-21924.912	-114362.377	-7859.831
724000000	-136319.256	-21973.182	-114346.075	-7909.866
725000000	-136231.966	-21946.118	-114285.847	-7878.494
726000000	-136269.787	-21946.427	-114323.360	-7880.287
727000000	-136190.007	-21913.868	-114276.138	-7847.947
728000000	-136262.495	-21928.883	-114333.611	-7863.154
729000000	-136346.123	-21953.037	-114393.087	-7885.467
730000000	-136292.144	-21963.914	-114328.230	-7897.270
731000000	-136317.333	-21978.055	-114339.277	-7913.110
732000000	-136301.829	-21968.739	-114333.089	-7902.885
733000000	-136357.222	-21921.869	-114435.353	-7854.715
734000000	-136342.307	-21947.012	-114395.295	-7881.049
735000000	-136241.339	-21931.033	-114310.306	-7865.627
736000000	-136187.231	-21896.624	-114290.607	-7831.091
737000000	-136280.928	-21900.460	-114380.468	-7834.173
738000000	-136237.568	-21919.512	-114318.056	-7849.706
739000000	-136347.538	-21963.184	-114384.354	-7895.667
740000000	-136333.362	-21994.722	-114338.639	-7927.390
741000000	-136353.870	-21973.178	-114380.692	-7904.680
742000000	-136352.125	-21998.936	-114353.190	-7933.201
743000000	-136303.970	-21972.428	-114331.542	-7904.596
744000000	-136290.241	-21943.025	-114347.215	-7875.119
745000000	-136299.912	-21942.829	-114357.083	-7875.363
746000000	-136360.534	-21982.667	-114377.867	-7917.737
747000000	-136318.772	-21972.889	-114345.883	-7904.980
748000000	-136396.037	-22027.275	-114368.762	-7961.834
749000000	-136415.931	-22000.470	-114415.462	-7935.136
750000000	-136355.297	-21993.840	-114361.457	-7931.113
751000000	-136402.738	-21981.211	-114421.527	-7916.566
752000000	-136349.492	-21963.952	-114385.540	-7896.714
753000000	-136327.021	-21973.468	-114353.554	-7905.569
754000000	-136292.759	-21985.354	-114307.405	-7918.391
755000000	-136342.790	-21934.986	-114407.804	-7868.387
756000000	-136351.719	-21960.124	-114391.595	-7892.452
757000000	-136379.517	-21997.839	-114381.678	-7933.179
758000000	-136402.614	-22036.447	-114366.167	-7968.903
759000000	-136334.629	-22061.620	-114273.009	-7997.110
760000000	-136432.917	-22043.602	-114389.315	-7978.389
761000000	-136269.056	-21954.569	-114314.487	-7886.224
762000000	-136346.790	-21975.579	-114371.211	-7909.213
763000000	-136430.619	-22095.006	-114335.613	-8027.655
764000000	-136343.365	-22001.263	-114342.103	-7935.283
765000000	-136338.236	-22006.273	-114331.963	-7939.907
766000000	-136388.068	-22019.890	-114368.178	-7953.736
767000000	-136403.948	-22029.111	-114374.838	-7960.305
768000000	-136436.339	-22043.565	-114392.773	-7977.081
769000000	-136351.776	-22056.141	-114295.635	-7992.605
770000000	-136421.976	-22039.496	-114382.480	-7974.396
771000000	-136360.608	-22048.608	-114312.000	-7981.957
772000000	-136412.051	-22041.421	-114370.630	-7977.296
773000000	-136479.947	-22014.883	-114465.064	-7949.055
774000000	-136393.089	-22038.928	-114354.162	-7973.142
775000000	-136420.802	-22026.911	-114393.891	-7959.704
776000000	-136363.396	-22004.066	-114359.329	-7939.832
777000000	-136398.562	-22039.976	-114358.586	-7975.042
778000000	-136418.262	-22037.633	-114380.629	-7972.688
779000000	-136310.296	-22012.520	-114297.776	-7946.269
780000000	-136312.787	-22007.268	-114305.519	-7940.951
781000000	-136389.022	-21998.594	-114390.428	-7932.300
782000000	-136270.885	-22026.696	-114244.189	-7959.210
783000000	-136279.848	-21921.826	-114358.022	-7853.863
784000000	-136196.375	-21900.663	-114295.713	-7834.568
785000000	-136315.760	-21927.682	-114388.078	-7862.033
786000000	-136271.212	-21913.600	-114357.611	-7846.984
787000000	-136257.736	-21960.999	-114296.737	-7895.569
788000000	-136281.773	-21958.305	-114323.468	-7890.588
789000000	-136444.829	-22019.438	-114425.391	-7954.053
790000000	-136287.812	-21912.844	-114374.968	-7846.933
791000000	-136328.594	-21922.951	-114405.644	-7855.725
792000000	-136295.139	-21898.354	-114396.786	-7835.283
793000000	-136283.470	-21943.784	-114339.686	-7875.467
794000000	-136241.164	-21909.070	-114332.094	-7842.701
795000000	-136266.521	-21883.515	-114383.006	-7818.695
796000000	-136210.666	-21923.800	-114286.866	-7858.053
797000000	-136275.336	-21920.587	-114354.749	-7854.090
798000000	-136251.314	-21930.795	-114320.519	-7865.329
799000000	-136284.846	-21966.893	-114317.953	-7902.062
800000000	-136330.462	-21985.409	-114345.053	-7917.750
