state	posterior	prior	likelihood	skygrid
1000000	-136479.370	-21998.049	-114481.321	-7935.366
2000000	-136404.299	-21962.817	-114441.482	-7900.379
3000000	-136380.810	-21951.806	-114429.004	-7888.650
4000000	-136341.739	-21910.213	-114431.526	-7845.695
5000000	-136365.281	-21914.924	-114450.357	-7855.035
6000000	-136374.885	-21902.390	-114472.495	-7840.307
7000000	-136323.571	-21881.344	-114442.227	-7817.249
8000000	-136310.661	-21886.881	-114423.780	-7822.747
9000000	-136424.461	-21943.067	-114481.394	-7879.450
10000000	-136401.211	-21969.457	-114431.754	-7910.621
11000000	-136487.073	-21998.267	-114488.806	-7934.335
12000000	-136318.862	-21969.631	-114349.231	-7907.016
13000000	-136475.045	-22036.388	-114438.657	-7974.151
14000000	-136397.236	-22044.800	-114352.436	-7980.950
15000000	-136336.097	-21962.712	-114373.385	-7900.302
16000000	-136433.010	-21998.199	-114434.811	-7935.911
17000000	-136364.059	-21965.802	-114398.257	-7902.752
18000000	-136381.902	-21981.116	-114400.786	-7917.409
19000000	-136366.337	-21972.223	-114394.114	-7908.391
20000000	-136383.156	-21986.963	-114396.193	-7921.741
21000000	-136329.336	-21977.215	-114352.120	-7914.340
22000000	-136355.155	-22000.015	-114355.141	-7938.779
23000000	-136371.416	-21974.030	-114397.386	-7911.588
24000000	-136368.193	-21995.274	-114372.919	-7930.035
25000000	-136332.797	-22013.625	-114319.172	-7952.502
26000000	-136459.723	-22045.969	-114413.754	-7983.712
27000000	-136428.755	-22023.143	-114405.612	-7960.800
28000000	-136360.480	-22030.258	-114330.222	-7968.434
29000000	-136422.272	-22062.038	-114360.234	-7997.804
30000000	-136456.620	-22085.250	-114371.371	-8023.692
31000000	-136480.890	-22066.823	-114414.067	-8001.065
32000000	-136484.418	-22066.426	-114417.991	-8001.943
33000000	-136445.757	-22070.539	-114375.218	-8007.699
34000000	-136402.900	-22034.413	-114368.487	-7970.685
35000000	-136439.807	-22018.619	-114421.188	-7954.604
36000000	-136469.339	-22002.800	-114466.539	-7940.920
37000000	-136443.737	-22048.572	-114395.165	-7985.899
38000000	-136379.182	-22023.132	-114356.050	-7955.906
39000000	-136356.390	-21963.361	-114393.029	-7900.921
40000000	-136314.217	-21934.847	-114379.370	-7869.232
41000000	-136304.630	-21920.149	-114384.481	-7857.399
42000000	-136262.128	-21888.960	-114373.169	-7823.526
43000000	-136330.785	-21934.386	-114396.399	-7870.741
44000000	-136294.578	-21916.677	-114377.901	-7852.577
45000000	-136322.733	-21928.757	-114393.977	-7862.566
46000000	-136332.256	-21938.247	-114394.009	-7873.872
47000000	-136376.752	-21997.372	-114379.380	-7935.216
48000000	-136318.161	-21964.411	-114353.750	-7898.807
49000000	-136352.874	-21985.198	-114367.677	-7923.799
50000000	-136329.744	-21986.226	-114343.518	-7919.768
51000000	-136322.296	-22027.557	-114294.739	-7962.806
52000000	-136363.383	-22007.091	-114356.292	-7940.100
53000000	-136312.958	-21926.160	-114386.798	-7861.487
54000000	-136382.630	-21998.021	-114384.609	-7933.553
55000000	-136409.778	-22007.441	-114402.336	-7942.735
56000000	-136445.730	-22032.843	-114412.886	-7968.881
57000000	-136361.071	-22003.623	-114357.448	-7938.738
58000000	-136405.764	-22012.567	-114393.197	-7945.560
59000000	-136423.396	-21995.669	-114427.727	-7932.356
60000000	-136431.936	-22001.234	-114430.701	-7939.213
61000000	-136301.878	-21926.281	-114375.596	-7861.068
62000000	-136441.741	-22044.985	-114396.756	-7980.881
63000000	-136343.897	-21981.296	-114362.601	-7917.974
64000000	-136260.899	-21923.353	-114337.546	-7859.327
65000000	-136267.128	-21930.671	-114336.457	-7866.260
66000000	-136271.280	-21942.994	-114328.286	-7882.127
67000000	-136258.789	-21939.846	-114318.943	-7875.958
68000000	-136269.630	-21929.625	-114340.004	-7864.160
69000000	-136258.395	-21906.370	-114352.025	-7843.675
70000000	-136380.443	-21988.653	-114391.791	-7925.440
71000000	-136341.295	-21932.342	-114408.952	-7869.624
72000000	-136396.497	-21984.857	-114411.641	-7920.901
73000000	-136344.866	-21967.413	-114377.453	-7902.558
74000000	-136308.402	-21947.926	-114360.476	-7883.411
75000000	-136333.186	-21954.434	-114378.752	-7891.536
76000000	-136350.741	-21941.071	-114409.670	-7876.642
77000000	-136274.964	-21902.865	-114372.099	-7839.104
78000000	-136333.630	-21931.085	-114402.545	-7867.491
79000000	-136323.316	-21920.372	-114402.944	-7857.336
80000000	-136246.934	-21868.946	-114377.988	-7803.411
81000000	-136334.264	-21926.464	-114407.799	-7861.963
82000000	-136308.322	-21897.827	-114410.494	-7834.106
83000000	-136302.812	-21965.202	-114337.611	-7903.816
84000000	-136431.645	-22022.006	-114409.638	-7961.567
85000000	-136355.953	-22034.881	-114321.072	-7969.507
86000000	-136334.620	-22013.108	-114321.512	-7948.317
87000000	-136394.749	-21978.404	-114416.345	-7915.123
88000000	-136321.422	-21996.287	-114325.135	-7929.339
89000000	-136411.399	-22038.557	-114372.842	-7976.155
90000000	-136356.064	-21985.333	-114370.730	-7922.245
91000000	-136395.331	-22042.624	-114352.706	-7975.685
92000000	-136319.419	-21976.338	-114343.081	-7909.625
93000000	-136340.076	-22009.415	-114330.661	-7948.148
94000000	-136418.244	-22005.719	-114412.525	-7941.786
95000000	-136375.782	-21961.783	-114413.999	-7896.851
96000000	-136304.744	-21943.293	-114361.452	-7873.624
97000000	-136276.513	-21939.817	-114336.696	-7877.937
98000000	-136355.856	-21944.830	-114411.026	-7876.532
99000000	-136240.516	-21893.380	-114347.137	-7824.846
100000000	-136354.135	-21959.236	-114394.899	-7894.552
101000000	-136301.170	-21926.719	-114374.451	-7861.650
102000000	-136288.012	-21924.814	-114363.198	-7861.033
103000000	-136274.694	-21943.730	-114330.964	-7880.116
104000000	-136267.268	-21904.067	-114363.200	-7836.559
105000000	-136291.801	-21950.229	-114341.572	-7884.382
106000000	-136260.786	-21929.589	-114331.197	-7866.817
107000000	-136257.514	-21923.114	-114334.400	-7854.489
108000000	-136260.124	-21925.162	-114334.962	-7862.895
109000000	-136212.278	-21877.502	-114334.777	-7811.725
110000000	-136274.205	-21925.873	-114348.332	-7857.647
111000000	-136186.915	-21907.666	-114279.249	-7840.115
112000000	-136264.449	-21926.769	-114337.680	-7860.197
113000000	-136387.314	-22023.217	-114364.097	-7958.723
114000000	-136362.986	-21976.550	-114386.437	-7906.438
115000000	-136365.419	-22011.227	-114354.193	-7947.170
116000000	-136314.635	-21957.844	-114356.791	-7890.440
117000000	-136269.062	-21975.297	-114293.765	-7910.918
118000000	-136391.051	-21977.442	-114413.609	-7909.408
119000000	-136244.485	-21914.147	-114330.338	-7849.944
120000000	-136270.825	-21973.604	-114297.222	-7905.632
121000000	-136363.425	-21988.616	-114374.809	-7923.324
122000000	-136229.216	-21925.526	-114303.691	-7859.121
123000000	-136285.478	-21980.578	-114304.899	-7914.203
124000000	-136335.061	-21987.579	-114347.482	-7918.187
125000000	-136408.334	-21991.515	-114416.819	-7927.823
126000000	-136321.576	-21945.099	-114376.476	-7881.069
127000000	-136339.160	-21949.542	-114389.618	-7885.607
128000000	-136355.839	-21942.799	-114413.039	-7879.960
129000000	-136395.051	-21958.869	-114436.182	-7892.727
130000000	-136379.532	-22032.490	-114347.041	-7967.457
131000000	-136253.329	-21932.598	-114320.731	-7865.473
132000000	-136243.530	-21913.963	-114329.567	-7845.810
133000000	-136244.915	-21881.028	-114363.887	-7816.745
134000000	-136321.283	-21939.218	-114382.066	-7876.969
135000000	-136347.990	-21908.579	-114439.412	-7841.828
136000000	-136263.869	-21939.291	-114324.578	-7874.175
137000000	-136346.571	-21950.630	-114395.941	-7886.045
138000000	-136357.491	-21943.086	-114414.405	-7877.500
139000000	-136318.485	-21927.039	-114391.446	-7859.216
140000000	-136274.528	-21930.734	-114343.795	-7865.148
141000000	-136324.308	-21947.511	-114376.797	-7883.334
142000000	-136332.046	-21936.064	-114395.983	-7869.935
143000000	-136331.711	-21934.241	-114397.470	-7869.777
144000000	-136268.710	-21926.302	-114342.408	-7861.089
145000000	-136300.531	-21934.795	-114365.737	-7868.830
146000000	-136322.186	-21994.546	-114327.640	-7930.874
147000000	-136291.054	-21943.035	-114348.019	-7877.909
148000000	-136403.532	-22008.287	-114395.245	-7942.053
149000000	-136469.260	-22041.143	-114428.117	-7975.463
150000000	-136449.680	-22062.010	-114387.671	-7998.460
151000000	-136350.395	-22000.126	-114350.270	-7936.526
152000000	-136351.739	-22002.138	-114349.601	-7938.966
153000000	-136348.958	-21968.660	-114380.298	-7903.385
154000000	-136298.500	-21978.255	-114320.244	-7909.906
155000000	-136358.206	-21965.057	-114393.149	-7899.780
156000000	-136274.687	-21922.038	-114352.649	-7856.672
157000000	-136219.931	-21867.458	-114352.473	-7801.849
158000000	-136289.542	-21940.768	-114348.774	-7875.466
159000000	-136235.794	-21910.287	-114325.507	-7842.507
160000000	-136255.271	-21927.737	-114327.535	-7861.933
161000000	-136240.518	-21910.121	-114330.397	-7839.261
162000000	-136306.812	-21974.041	-114332.771	-7907.287
163000000	-136302.552	-21917.879	-114384.673	-7854.493
164000000	-136239.988	-21912.351	-114327.637	-7845.861
165000000	-136225.578	-21873.545	-114352.033	-7807.994
166000000	-136348.956	-21917.204	-114431.752	-7853.976
167000000	-136320.155	-21983.190	-114336.965	-7920.304
168000000	-136302.150	-21971.356	-114330.794	-7908.679
169000000	-136409.243	-22035.988	-114373.255	-7969.911
170000000	-136361.931	-21992.453	-114369.479	-7927.972
171000000	-136432.134	-22050.338	-114381.796	-7985.620
172000000	-136396.681	-22027.454	-114369.227	-7965.521
173000000	-136369.391	-22029.391	-114340.000	-7962.998
174000000	-136361.342	-21972.726	-114388.616	-7911.445
175000000	-136338.197	-21969.117	-114369.080	-7904.442
176000000	-136418.168	-22035.081	-114383.088	-7970.378
177000000	-136383.804	-21988.403	-114395.401	-7924.274
178000000	-136375.479	-22015.662	-114359.816	-7949.913
179000000	-136434.164	-22044.171	-114389.993	-7976.689
180000000	-136336.757	-21966.762	-114369.995	-7900.239
181000000	-136294.643	-21939.822	-114354.821	-7873.902
182000000	-136254.073	-21928.544	-114325.528	-7863.260
183000000	-136387.639	-21977.876	-114409.762	-7914.068
184000000	-136286.598	-21945.139	-114341.459	-7879.947
185000000	-136246.622	-21957.300	-114289.322	-7894.461
186000000	-136255.645	-21920.183	-114335.462	-7854.434
187000000	-136246.499	-21950.843	-114295.656	-7884.438
188000000	-136288.652	-21928.424	-114360.228	-7862.638
189000000	-136346.065	-21987.127	-114358.939	-7923.642
190000000	-136243.451	-21955.130	-114288.321	-7887.755
191000000	-136259.395	-21890.189	-114369.206	-7824.719
192000000	-136372.318	-21967.893	-114404.425	-7899.890
193000000	-136356.756	-22001.124	-114355.632	-7935.611
194000000	-136451.048	-22024.103	-114426.945	-7960.994
195000000	-136375.895	-22023.785	-114352.109	-7958.878
196000000	-136360.057	-21998.659	-114361.398	-7934.621
197000000	-136351.817	-22031.469	-114320.347	-7963.173
198000000	-136376.646	-22044.682	-114331.965	-7978.235
199000000	-136406.062	-22044.834	-114361.228	-7978.971
200000000	-136414.542	-22026.255	-114388.287	-7960.258
201000000	-136365.121	-22000.945	-114364.175	-7935.319
202000000	-136435.204	-22115.592	-114319.612	-8047.851
203000000	-136372.308	-22039.777	-114332.531	-7974.822
204000000	-136398.526	-22007.155	-114391.371	-7941.971
205000000	-136369.492	-21990.982	-114378.510	-7924.463
206000000	-136308.528	-21965.021	-114343.507	-7898.006
207000000	-136378.854	-21993.263	-114385.591	-7927.881
208000000	-136263.176	-21979.519	-114283.657	-7915.247
209000000	-136199.261	-21903.739	-114295.522	-7838.068
210000000	-136256.646	-21981.253	-114275.393	-7914.858
211000000	-136328.651	-22009.828	-114318.823	-7943.377
212000000	-136399.085	-22037.978	-114361.107	-7970.222
213000000	-136243.620	-21950.714	-114292.907	-7884.519
214000000	-136258.993	-21953.513	-114305.480	-7885.461
215000000	-136262.797	-21905.357	-114357.440	-7837.928
216000000	-136247.627	-21985.381	-114262.246	-7919.987
217000000	-136305.099	-21996.719	-114308.379	-7932.485
218000000	-136333.484	-21981.039	-114352.445	-7915.898
219000000	-136371.922	-22016.290	-114355.632	-7947.596
220000000	-136276.567	-21906.768	-114369.799	-7838.914
221000000	-136358.729	-21952.257	-114406.472	-7884.803
222000000	-136324.947	-21920.103	-114404.843	-7854.655
223000000	-136175.698	-21862.569	-114313.128	-7797.283
224000000	-136266.648	-21904.067	-114362.581	-7836.419
225000000	-136267.281	-21920.615	-114346.666	-7854.238
226000000	-136219.114	-21896.662	-114322.452	-7829.784
227000000	-136299.585	-21958.127	-114341.458	-7890.035
228000000	-136353.949	-22003.295	-114350.654	-7939.074
229000000	-136337.966	-21992.349	-114345.616	-7927.867
230000000	-136411.604	-22027.865	-114383.739	-7962.961
231000000	-136331.601	-21998.647	-114332.954	-7934.861
232000000	-136275.872	-21958.255	-114317.616	-7892.958
233000000	-136340.594	-21995.622	-114344.972	-7931.400
234000000	-136328.845	-22014.979	-114313.865	-7949.508
235000000	-136387.214	-22009.888	-114377.327	-7946.758
236000000	-136362.333	-21996.394	-114365.939	-7930.909
237000000	-136366.551	-22002.471	-114364.080	-7937.729
238000000	-136254.635	-21908.708	-114345.927	-7843.469
239000000	-136326.592	-21937.014	-114389.577	-7867.106
240000000	-136253.058	-21923.146	-114329.913	-7858.734
241000000	-136386.900	-21961.250	-114425.649	-7895.125
242000000	-136311.588	-21919.964	-114391.624	-7853.322
243000000	-136361.842	-21986.767	-114375.075	-7922.933
244000000	-136290.101	-21993.402	-114296.700	-7930.296
245000000	-136386.314	-21995.036	-114391.277	-7931.426
246000000	-136384.351	-21998.303	-114386.048	-7931.897
247000000	-136372.409	-22006.601	-114365.808	-7939.403
248000000	-136288.680	-22014.542	-114274.138	-7944.280
249000000	-136412.700	-22004.458	-114408.242	-7940.208
250000000	-136303.580	-21961.761	-114341.819	-7896.470
251000000	-136303.039	-21983.405	-114319.634	-7915.752
252000000	-136361.771	-21971.407	-114390.364	-7905.667
253000000	-136306.325	-21929.411	-114376.914	-7863.613
254000000	-136278.985	-21943.191	-114335.794	-7877.518
255000000	-136325.356	-21983.359	-114341.997	-7917.836
256000000	-136348.775	-22037.750	-114311.025	-7970.899
257000000	-136365.234	-22013.192	-114352.042	-7946.210
258000000	-136293.881	-21959.186	-114334.696	-7891.704
259000000	-136217.306	-21939.871	-114277.435	-7872.202
260000000	-136255.713	-21909.109	-114346.604	-7841.587
261000000	-136379.041	-22025.931	-114353.109	-7959.182
262000000	-136335.594	-22055.402	-114280.192	-7990.280
263000000	-136338.658	-21968.848	-114369.811	-7902.052
264000000	-136438.509	-22077.603	-114360.906	-8012.321
265000000	-136315.928	-22006.751	-114309.176	-7942.185
266000000	-136327.389	-21976.555	-114350.833	-7912.253
267000000	-136338.209	-21977.846	-114360.363	-7913.772
268000000	-136447.696	-22024.124	-114423.571	-7957.375
269000000	-136320.452	-22006.243	-114314.210	-7941.034
270000000	-136303.633	-21994.007	-114309.626	-7925.985
271000000	-136290.095	-21949.177	-114340.918	-7880.656
272000000	-136369.075	-21958.799	-114410.276	-7892.775
273000000	-136252.806	-21894.068	-114358.737	-7827.986
274000000	-136338.151	-21976.347	-114361.804	-7907.641
275000000	-136259.957	-21911.658	-114348.298	-7845.514
276000000	-136218.046	-21866.316	-114351.731	-7803.185
277000000	-136232.442	-21889.606	-114342.836	-7825.528
278000000	-136257.610	-21874.302	-114383.308	-7805.956
279000000	-136282.535	-21929.405	-114353.130	-7862.708
280000000	-136341.974	-21957.051	-114384.923	-7893.016
281000000	-136344.273	-21988.232	-114356.041	-7924.375
282000000	-136317.701	-21999.064	-114318.637	-7934.147
283000000	-136389.833	-21980.618	-114409.215	-7916.757
284000000	-136439.755	-22047.884	-114391.871	-7980.672
285000000	-136367.004	-21958.318	-114408.686	-7890.884
286000000	-136325.816	-21982.451	-114343.365	-7917.238
287000000	-136358.586	-21978.091	-114380.495	-7911.760
288000000	-136349.424	-21999.247	-114350.177	-7934.401
289000000	-136345.373	-21996.346	-114349.027	-7930.860
290000000	-136269.135	-21965.999	-114303.136	-7898.819
291000000	-136305.574	-21969.387	-114336.187	-7903.089
292000000	-136338.710	-21959.641	-114379.068	-7893.703
293000000	-136334.920	-21947.883	-114387.038	-7881.023
294000000	-136277.725	-21952.518	-114325.207	-7885.988
295000000	-136335.593	-21975.212	-114360.381	-7908.179
296000000	-136282.394	-21947.479	-114334.914	-7881.533
297000000	-136297.531	-21964.047	-114333.484	-7897.590
298000000	-136342.990	-21962.313	-114380.677	-7895.652
299000000	-136366.985	-21996.543	-114370.442	-7928.842
300000000	-136307.646	-21959.781	-114347.865	-7896.362
301000000	-136260.490	-21931.132	-114329.358	-7864.830
302000000	-136272.826	-21946.142	-114326.684	-7877.969
303000000	-136320.075	-21899.986	-114420.089	-7831.177
304000000	-136364.334	-21965.502	-114398.832	-7897.975
305000000	-136319.570	-21946.831	-114372.739	-7880.537
306000000	-136234.653	-21944.198	-114290.455	-7878.710
307000000	-136338.451	-22007.094	-114331.358	-7942.980
308000000	-136287.304	-21970.680	-114316.624	-7903.242
309000000	-136314.701	-21977.835	-114336.866	-7909.865
310000000	-136300.282	-21925.126	-114375.156	-7859.039
311000000	-136324.723	-21948.817	-114375.906	-7883.561
312000000	-136290.281	-21929.643	-114360.638	-7862.030
313000000	-136270.536	-21944.320	-114326.216	-7877.819
314000000	-136325.447	-21975.314	-114350.133	-7906.828
315000000	-136436.634	-21980.981	-114455.653	-7916.680
316000000	-136388.853	-21984.439	-114404.414	-7917.500
317000000	-136338.980	-21928.184	-114410.796	-7861.589
318000000	-136325.596	-21934.900	-114390.695	-7867.323
319000000	-136270.303	-21986.491	-114283.812	-7922.886
320000000	-136329.645	-22008.116	-114321.529	-7942.867
321000000	-136346.208	-21990.575	-114355.633	-7923.967
322000000	-136340.113	-22020.340	-114319.773	-7958.389
323000000	-136379.799	-22008.125	-114371.675	-7941.910
324000000	-136278.527	-21956.030	-114322.498	-7891.270
325000000	-136285.619	-21897.425	-114388.194	-7829.854
326000000	-136346.063	-21956.999	-114389.065	-7889.357
327000000	-136359.512	-21958.683	-114400.829	-7892.682
328000000	-136224.072	-21919.758	-114304.314	-7851.018
329000000	-136265.581	-21908.354	-114357.227	-7837.828
330000000	-136237.558	-21911.279	-114326.279	-7842.725
331000000	-136350.783	-21980.566	-114370.217	-7916.287
332000000	-136330.337	-21965.176	-114365.161	-7899.769
333000000	-136340.891	-22020.906	-114319.986	-7953.243
334000000	-136314.851	-21996.865	-114317.986	-7931.057
335000000	-136396.601	-22054.862	-114341.739	-7987.602
336000000	-136368.844	-22020.939	-114347.905	-7951.283
337000000	-136275.107	-21965.734	-114309.373	-7901.110
338000000	-136354.070	-22032.858	-114321.212	-7966.578
339000000	-136430.699	-21992.110	-114438.589	-7927.511
340000000	-136341.155	-21980.343	-114360.812	-7914.525
341000000	-136323.533	-21941.339	-114382.193	-7877.142
342000000	-136364.768	-21977.586	-114387.182	-7915.337
343000000	-136381.003	-22013.511	-114367.491	-7949.200
344000000	-136343.825	-22058.200	-114285.625	-7993.886
345000000	-136414.398	-22106.510	-114307.888	-8041.843
346000000	-136394.783	-22062.112	-114332.671	-7996.371
347000000	-136412.356	-22079.813	-114332.543	-8017.650
348000000	-136332.913	-22028.150	-114304.763	-7964.332
349000000	-136388.872	-22054.144	-114334.727	-7986.828
350000000	-136368.749	-22032.624	-114336.125	-7967.649
351000000	-136385.829	-22078.676	-114307.152	-8013.391
352000000	-136393.565	-22030.433	-114363.132	-7963.618
353000000	-136307.925	-22030.484	-114277.441	-7963.877
354000000	-136329.750	-21990.227	-114339.523	-7921.693
355000000	-136439.586	-22036.359	-114403.227	-7972.568
356000000	-136384.383	-21999.477	-114384.906	-7931.394
357000000	-136474.104	-22051.217	-114422.887	-7986.182
358000000	-136415.897	-22044.315	-114371.581	-7976.336
359000000	-136443.199	-22069.396	-114373.804	-8002.989
360000000	-136463.628	-22069.127	-114394.501	-8002.083
361000000	-136461.061	-22092.473	-114368.588	-8030.976
362000000	-136518.364	-22095.973	-114422.391	-8031.860
363000000	-136398.569	-22078.781	-114319.788	-8012.458
364000000	-136359.471	-22000.244	-114359.227	-7932.708
365000000	-136400.020	-22015.166	-114384.855	-7947.252
366000000	-136365.908	-21978.787	-114387.121	-7915.867
367000000	-136362.495	-21978.982	-114383.513	-7912.216
368000000	-136347.860	-22027.663	-114320.196	-7961.220
369000000	-136336.636	-21964.358	-114372.278	-7899.942
370000000	-136305.811	-21921.171	-114384.640	-7853.174
371000000	-136376.912	-21999.581	-114377.331	-7933.893
372000000	-136261.352	-21927.764	-114333.588	-7860.688
373000000	-136288.898	-21943.619	-114345.279	-7877.684
374000000	-136282.540	-21965.333	-114317.207	-7897.819
375000000	-136246.993	-21911.146	-114335.848	-7843.881
376000000	-136323.221	-21956.191	-114367.029	-7891.013
377000000	-136342.564	-21956.308	-114386.256	-7893.247
378000000	-136329.219	-21953.546	-114375.674	-7886.665
379000000	-136413.007	-22043.852	-114369.155	-7976.642
380000000	-136305.360	-21956.783	-114348.577	-7889.819
381000000	-136409.526	-21998.157	-114411.369	-7933.501
382000000	-136376.221	-21941.349	-114434.872	-7874.621
383000000	-136356.786	-21963.118	-114393.668	-7898.018
384000000	-136293.183	-21886.381	-114406.802	-7820.064
385000000	-136286.601	-21882.975	-114403.625	-7815.179
386000000	-136214.721	-21937.100	-114277.621	-7871.342
387000000	-136360.198	-21965.635	-114394.563	-7897.792
388000000	-136304.049	-21952.806	-114351.243	-7886.660
389000000	-136331.727	-21977.354	-114354.373	-7906.555
390000000	-136297.148	-21937.573	-114359.576	-7869.580
391000000	-136423.778	-22003.909	-114419.869	-7937.774
392000000	-136325.655	-21971.552	-114354.103	-7904.053
393000000	-136300.597	-21990.527	-114310.070	-7922.666
394000000	-136283.249	-21973.589	-114309.660	-7907.560
395000000	-136429.002	-22030.763	-114398.240	-7962.230
396000000	-136310.274	-21953.660	-114356.614	-7888.028
397000000	-136386.342	-21936.134	-114450.207	-7872.242
398000000	-136284.359	-21920.156	-114364.203	-7853.709
399000000	-136101.194	-21837.450	-114263.745	-7770.725
400000000	-136210.465	-21860.903	-114349.562	-7794.210
401000000	-136243.418	-21889.515	-114353.903	-7824.572
402000000	-136339.426	-21919.207	-114420.219	-7855.419
403000000	-136367.010	-21980.778	-114386.232	-7916.064
404000000	-136385.764	-21968.536	-114417.228	-7902.292
405000000	-136295.823	-21951.918	-114343.905	-7885.580
406000000	-136382.080	-21978.033	-114404.047	-7912.193
407000000	-136338.175	-21939.727	-114398.448	-7872.424
408000000	-136359.280	-21957.056	-114402.225	-7890.097
409000000	-136263.411	-21945.737	-114317.674	-7880.529
410000000	-136252.736	-21956.749	-114295.987	-7892.057
411000000	-136300.115	-21931.400	-114368.716	-7862.058
412000000	-136234.762	-21962.762	-114272.000	-7895.902
413000000	-136268.926	-21941.441	-114327.485	-7873.112
414000000	-136236.984	-21953.064	-114283.919	-7885.377
415000000	-136289.401	-21962.052	-114327.349	-7893.763
416000000	-136266.846	-21955.253	-114311.593	-7886.377
417000000	-136301.038	-21932.159	-114368.879	-7860.734
418000000	-136262.924	-21972.492	-114290.431	-7903.260
419000000	-136338.834	-21970.338	-114368.496	-7902.923
420000000	-136331.444	-21987.004	-114344.440	-7916.847
421000000	-136288.427	-21924.563	-114363.864	-7854.851
422000000	-136270.989	-21965.708	-114305.281	-7898.141
423000000	-136200.575	-21953.722	-114246.854	-7883.775
424000000	-136249.458	-21962.262	-114287.196	-7894.001
425000000	-136346.816	-21937.594	-114409.221	-7870.357
426000000	-136255.737	-21965.576	-114290.161	-7896.906
427000000	-136261.119	-21951.720	-114309.399	-7887.337
428000000	-136364.103	-22045.960	-114318.142	-7979.145
429000000	-136406.683	-22066.367	-114340.316	-8001.109
430000000	-136344.468	-22035.315	-114309.153	-7968.980
431000000	-136419.040	-22028.285	-114390.755	-7963.383
432000000	-136290.993	-21983.087	-114307.907	-7920.730
433000000	-136336.762	-22002.507	-114334.256	-7935.302
434000000	-136349.559	-21987.194	-114362.365	-7919.649
435000000	-136361.094	-22003.204	-114357.890	-7938.240
436000000	-136348.645	-21994.169	-114354.476	-7927.706
437000000	-136392.054	-22005.546	-114386.509	-7943.132
438000000	-136370.913	-22037.967	-114332.947	-7971.131
439000000	-136352.619	-22006.873	-114345.746	-7939.731
440000000	-136308.812	-21984.038	-114324.774	-7917.442
441000000	-136329.832	-22013.281	-114316.550	-7944.375
442000000	-136294.644	-21999.023	-114295.621	-7934.007
443000000	-136258.252	-21987.278	-114270.974	-7918.641
444000000	-136211.446	-21902.183	-114309.262	-7835.944
445000000	-136360.860	-22000.906	-114359.953	-7937.055
446000000	-136269.347	-21940.303	-114329.044	-7872.155
447000000	-136220.230	-21915.766	-114304.464	-7846.314
448000000	-136302.533	-21943.993	-114358.540	-7877.477
449000000	-136322.565	-21956.497	-114366.068	-7890.741
450000000	-136333.558	-21963.701	-114369.856	-7898.448
451000000	-136355.846	-22005.803	-114350.043	-7941.313
452000000	-136339.072	-21981.638	-114357.434	-7915.398
453000000	-136441.757	-22000.942	-114440.816	-7935.204
454000000	-136286.523	-21979.429	-114307.094	-7913.026
455000000	-136225.972	-21889.142	-114336.830	-7823.934
456000000	-136253.993	-21939.147	-114314.846	-7872.448
457000000	-136325.070	-21982.527	-114342.543	-7915.321
458000000	-136352.353	-21982.971	-114369.382	-7916.467
459000000	-136333.538	-22004.755	-114328.783	-7940.070
460000000	-136323.100	-21987.861	-114335.239	-7924.233
461000000	-136304.713	-22001.118	-114303.595	-7935.243
462000000	-136281.682	-21953.061	-114328.621	-7885.282
463000000	-136241.894	-21969.675	-114272.220	-7903.562
464000000	-136324.084	-21971.112	-114352.972	-7907.529
465000000	-136257.197	-21925.415	-114331.783	-7862.501
466000000	-136310.751	-22024.909	-114285.842	-7958.576
467000000	-136283.456	-21949.988	-114333.468	-7887.416
468000000	-136266.155	-21965.933	-114300.222	-7901.247
469000000	-136291.289	-21904.016	-114387.272	-7838.496
470000000	-136416.993	-21999.839	-114417.153	-7933.882
471000000	-136382.383	-22078.267	-114304.115	-8013.017
472000000	-136507.591	-22085.380	-114422.211	-8019.536
473000000	-136459.004	-22117.819	-114341.185	-8050.447
474000000	-136342.779	-22023.483	-114319.296	-7958.098
475000000	-136392.562	-22009.889	-114382.674	-7942.221
476000000	-136365.920	-21994.806	-114371.114	-7928.682
477000000	-136291.964	-21975.634	-114316.330	-7909.258
478000000	-136341.191	-21951.921	-114389.270	-7882.865
479000000	-136297.745	-21992.141	-114305.604	-7925.869
480000000	-136319.304	-21984.500	-114334.804	-7917.950
481000000	-136260.887	-21938.812	-114322.076	-7875.150
482000000	-136259.742	-21966.536	-114293.206	-7904.302
483000000	-136299.751	-21952.635	-114347.116	-7888.353
484000000	-136412.291	-22022.329	-114389.962	-7957.801
485000000	-136389.282	-22019.481	-114369.801	-7955.413
486000000	-136378.439	-21984.862	-114393.577	-7918.024
487000000	-136381.435	-22019.535	-114361.900	-7951.625
488000000	-136393.302	-22028.637	-114364.665	-7964.256
489000000	-136272.806	-21981.270	-114291.536	-7915.515
490000000	-136408.685	-22003.744	-114404.941	-7936.799
491000000	-136368.306	-22035.008	-114333.298	-7969.275
492000000	-136399.143	-22057.896	-114341.248	-7990.514
493000000	-136330.204	-21927.125	-114403.079	-7859.990
494000000	-136280.754	-21945.719	-114335.036	-7879.429
495000000	-136301.767	-21960.246	-114341.522	-7894.652
496000000	-136386.446	-21967.048	-114419.398	-7900.855
497000000	-136389.347	-21981.716	-114407.631	-7917.409
498000000	-136275.061	-21916.446	-114358.615	-7853.139
499000000	-136217.100	-21907.834	-114309.266	-7842.094
500000000	-136294.866	-21962.569	-114332.298	-7898.784
501000000	-136254.024	-21955.768	-114298.255	-7889.898
502000000	-136410.026	-22005.507	-114404.519	-7940.937
503000000	-136339.125	-21964.352	-114374.773	-7897.863
504000000	-136354.566	-22003.075	-114351.490	-7938.528
505000000	-136323.022	-21968.951	-114354.071	-7905.003
506000000	-136348.284	-21963.863	-114384.421	-7898.530
507000000	-136308.364	-21923.728	-114384.636	-7858.441
508000000	-136318.569	-21977.038	-114341.531	-7912.423
509000000	-136330.526	-21962.256	-114368.270	-7893.899
510000000	-136301.571	-21915.272	-114386.299	-7852.869
511000000	-136295.159	-21968.182	-114326.977	-7898.756
512000000	-136294.052	-21920.391	-114373.661	-7855.212
513000000	-136339.352	-21948.893	-114390.459	-7883.922
514000000	-136269.793	-21977.514	-114292.279	-7912.674
515000000	-136326.566	-21976.125	-114350.441	-7911.379
516000000	-136260.269	-21977.924	-114282.346	-7914.296
517000000	-136365.256	-21978.417	-114386.840	-7913.483
518000000	-136406.759	-22043.145	-114363.615	-7979.916
519000000	-136393.559	-22015.422	-114378.137	-7949.225
520000000	-136266.597	-21889.820	-114376.777	-7825.578
521000000	-136403.610	-21975.225	-114428.384	-7910.474
522000000	-136215.821	-21901.908	-114313.913	-7834.183
523000000	-136314.830	-21935.482	-114379.348	-7872.299
524000000	-136255.144	-21914.796	-114340.348	-7849.645
525000000	-136247.767	-21863.530	-114384.236	-7798.522
526000000	-136240.313	-21887.502	-114352.811	-7823.557
527000000	-136257.659	-21901.365	-114356.294	-7837.978
528000000	-136309.921	-21933.741	-114376.180	-7868.827
529000000	-136390.117	-21962.441	-114427.677	-7898.148
530000000	-136345.850	-21927.635	-114418.216	-7862.161
531000000	-136299.616	-21944.021	-114355.595	-7875.652
532000000	-136373.548	-21950.734	-114422.814	-7888.073
533000000	-136261.631	-21936.594	-114325.037	-7873.579
534000000	-136369.546	-21953.504	-114416.042	-7886.432
535000000	-136293.259	-21939.578	-114353.682	-7876.292
536000000	-136370.682	-21963.667	-114407.015	-7900.964
537000000	-136233.953	-21942.055	-114291.898	-7875.207
538000000	-136129.404	-21878.703	-114250.701	-7816.622
539000000	-136341.136	-21971.777	-114369.358	-7911.506
540000000	-136344.236	-21981.400	-114362.836	-7916.429
541000000	-136237.618	-21959.463	-114278.155	-7892.650
542000000	-136277.323	-21976.930	-114300.393	-7912.702
543000000	-136335.733	-22028.148	-114307.585	-7961.805
544000000	-136391.385	-22028.015	-114363.370	-7962.985
545000000	-136318.643	-21972.080	-114346.562	-7906.296
546000000	-136331.831	-21948.939	-114382.892	-7883.373
547000000	-136312.783	-21985.648	-114327.135	-7923.881
548000000	-136337.364	-21994.260	-114343.104	-7930.675
549000000	-136344.359	-21969.804	-114374.555	-7904.681
550000000	-136359.694	-22004.743	-114354.950	-7938.365
551000000	-136362.143	-22011.872	-114350.270	-7945.375
552000000	-136208.758	-21929.119	-114279.639	-7865.011
553000000	-136316.264	-21961.623	-114354.641	-7896.742
554000000	-136280.752	-21982.261	-114298.491	-7917.553
555000000	-136275.186	-21947.214	-114327.972	-7881.262
556000000	-136362.070	-21985.474	-114376.596	-7917.637
557000000	-136336.955	-21989.288	-114347.668	-7920.577
558000000	-136364.069	-22047.877	-114316.192	-7982.633
559000000	-136342.633	-22014.577	-114328.055	-7945.864
560000000	-136348.698	-21993.856	-114354.841	-7929.558
561000000	-136269.675	-21933.076	-114336.599	-7866.632
562000000	-136349.335	-21977.067	-114372.268	-7911.489
563000000	-136329.129	-21990.735	-114338.394	-7924.876
564000000	-136296.116	-21941.852	-114354.264	-7876.043
565000000	-136281.805	-21958.151	-114323.655	-7892.692
566000000	-136308.152	-21964.546	-114343.605	-7898.402
567000000	-136218.515	-21908.184	-114310.331	-7843.883
568000000	-136172.835	-21876.242	-114296.594	-7808.397
569000000	-136277.308	-21936.882	-114340.426	-7868.442
570000000	-136275.568	-21901.131	-114374.437	-7835.512
571000000	-136259.574	-21907.199	-114352.374	-7837.784
572000000	-136285.931	-21963.457	-114322.474	-7898.478
573000000	-136302.781	-21954.356	-114348.425	-7888.270
574000000	-136233.248	-21949.468	-114283.781	-7882.660
575000000	-136238.319	-21895.890	-114342.429	-7828.137
576000000	-136217.837	-21908.221	-114309.615	-7840.306
577000000	-136115.779	-21822.055	-114293.724	-7754.099
578000000	-136201.384	-21879.573	-114321.811	-7811.146
579000000	-136245.113	-21887.524	-114357.589	-7819.791
580000000	-136294.688	-21903.321	-114391.367	-7840.528
581000000	-136216.403	-21847.254	-114369.149	-7781.505
582000000	-136204.539	-21875.977	-114328.562	-7812.843
583000000	-136202.143	-21882.189	-114319.954	-7817.266
584000000	-136210.724	-21914.621	-114296.102	-7850.796
585000000	-136266.657	-21950.085	-114316.573	-7884.688
586000000	-136289.022	-21919.227	-114369.795	-7857.077
587000000	-136294.905	-21967.041	-114327.864	-7903.554
588000000	-136318.530	-22012.259	-114306.271	-7949.016
589000000	-136314.931	-21985.930	-114329.001	-7921.108
590000000	-136247.720	-21828.153	-114419.568	-7759.637
591000000	-136205.269	-21943.348	-114261.921	-7878.128
592000000	-136239.892	-21899.932	-114339.960	-7835.653
593000000	-136297.780	-21910.228	-114387.552	-7845.748
594000000	-136302.840	-21951.855	-114350.986	-7887.520
595000000	-136313.944	-21939.043	-114374.900	-7875.074
596000000	-136294.115	-21983.111	-114311.004	-7918.552
597000000	-136239.322	-21923.643	-114315.679	-7859.652
598000000	-136339.787	-21985.533	-114354.254	-7922.289
599000000	-136358.688	-21990.205	-114368.483	-7924.695
600000000	-136283.710	-21930.943	-114352.767	-7864.941
601000000	-136329.925	-21982.546	-114347.380	-7920.335
602000000	-136380.728	-22037.482	-114343.245	-7973.106
603000000	-136338.600	-22063.316	-114275.283	-8000.507
604000000	-136408.499	-22068.472	-114340.026	-8003.892
605000000	-136315.002	-22015.921	-114299.081	-7951.240
606000000	-136331.303	-22004.517	-114326.786	-7939.067
607000000	-136297.427	-22009.422	-114288.005	-7946.735
608000000	-136352.852	-21953.549	-114399.302	-7891.173
609000000	-136302.756	-21961.964	-114340.792	-7897.995
610000000	-136303.032	-21965.347	-114337.686	-7900.736
611000000	-136348.697	-22006.629	-114342.068	-7943.090
612000000	-136235.030	-21941.805	-114293.225	-7877.330
613000000	-136318.539	-22002.335	-114316.204	-7937.745
614000000	-136279.558	-21999.764	-114279.793	-7933.706
615000000	-136315.430	-22019.932	-114295.498	-7958.507
616000000	-136404.045	-22013.488	-114390.557	-7947.067
617000000	-136307.789	-21984.274	-114323.515	-7920.982
618000000	-136368.372	-21995.729	-114372.642	-7928.757
619000000	-136351.936	-22038.203	-114313.734	-7971.195
620000000	-136354.027	-21958.385	-114395.642	-7891.293
621000000	-136323.926	-21966.087	-114357.839	-7897.989
622000000	-136301.780	-21954.680	-114347.100	-7891.970
623000000	-136349.788	-22009.158	-114340.631	-7945.914
624000000	-136335.195	-22025.632	-114309.563	-7962.805
625000000	-136289.341	-21962.348	-114326.993	-7897.635
626000000	-136240.260	-21981.752	-114258.507	-7912.903
627000000	-136288.346	-21953.052	-114335.294	-7886.881
628000000	-136263.236	-21950.812	-114312.425	-7885.221
629000000	-136258.585	-21922.729	-114335.855	-7854.445
630000000	-136313.802	-21958.705	-114355.097	-7892.379
631000000	-136247.542	-21952.967	-114294.575	-7886.968
632000000	-136327.995	-21935.193	-114392.802	-7871.935
633000000	-136233.137	-21927.829	-114305.307	-7859.748
634000000	-136283.287	-21956.055	-114327.232	-7888.983
635000000	-136260.629	-21966.915	-114293.715	-7900.422
636000000	-136257.406	-21919.567	-114337.839	-7854.218
637000000	-136290.727	-21929.934	-114360.793	-7863.645
638000000	-136394.900	-22007.833	-114387.068	-7944.272
639000000	-136357.023	-21985.580	-114371.443	-7917.879
640000000	-136332.157	-21908.725	-114423.432	-7844.062
641000000	-136320.762	-21999.527	-114321.235	-7936.130
642000000	-136342.389	-21978.900	-114363.488	-7914.600
643000000	-136443.624	-22009.336	-114434.288	-7944.670
644000000	-136383.110	-22009.083	-114374.027	-7941.483
645000000	-136337.081	-22022.305	-114314.775	-7954.946
646000000	-136297.853	-21988.929	-114308.924	-7922.778
647000000	-136390.073	-21984.458	-114405.615	-7921.671
648000000	-136358.028	-22039.170	-114318.858	-7974.275
649000000	-136271.554	-21966.261	-114305.294	-7900.260
650000000	-136373.296	-21971.772	-114401.524	-7905.911
651000000	-136298.120	-21968.942	-114329.179	-7902.393
652000000	-136278.957	-21979.073	-114299.884	-7915.627
653000000	-136307.399	-21999.718	-114307.681	-7934.555
654000000	-136261.072	-21985.889	-114275.182	-7921.620
655000000	-136364.821	-22007.336	-114357.486	-7940.747
656000000	-136266.415	-21958.869	-114307.546	-7891.916
657000000	-136176.718	-21896.726	-114279.992	-7829.849
658000000	-136298.355	-21969.049	-114329.307	-7904.709
659000000	-136265.981	-21948.531	-114317.449	-7885.873
660000000	-136225.365	-21928.310	-114297.054	-7862.588
661000000	-136272.389	-21948.065	-114324.324	-7884.388
662000000	-136294.032	-21948.078	-114345.954	-7884.780
663000000	-136229.113	-21911.012	-114318.101	-7843.044
664000000	-136334.721	-21981.972	-114352.750	-7918.091
665000000	-136274.723	-21979.812	-114294.912	-7913.951
666000000	-136318.049	-21945.675	-114372.374	-7880.371
667000000	-136376.126	-22051.968	-114324.159	-7988.445
668000000	-136377.192	-21995.490	-114381.703	-7932.461
669000000	-136298.411	-21980.589	-114317.822	-7916.858
670000000	-136369.420	-22046.021	-114323.399	-7981.931
671000000	-136425.237	-22054.461	-114370.777	-7989.951
672000000	-136272.552	-21945.098	-114327.455	-7880.284
673000000	-136311.071	-21963.740	-114347.330	-7899.694
674000000	-136516.678	-22022.117	-114494.561	-7956.187
675000000	-136363.117	-21950.814	-114412.302	-7885.570
676000000	-136248.015	-21891.922	-114356.093	-7825.487
677000000	-136326.805	-21954.652	-114372.152	-7885.897
678000000	-136365.372	-21950.676	-114414.696	-7884.216
679000000	-136347.550	-21953.628	-114393.921	-7887.629
680000000	-136293.656	-22004.133	-114289.524	-7939.615
681000000	-136355.613	-21969.762	-114385.850	-7902.582
682000000	-136297.179	-21929.145	-114368.035	-7866.872
683000000	-136377.288	-22021.803	-114355.485	-7957.910
684000000	-136323.936	-21950.960	-114372.976	-7888.013
685000000	-136370.342	-22059.757	-114310.585	-7994.862
686000000	-136472.719	-22121.991	-114350.729	-8056.417
687000000	-136416.781	-22067.529	-114349.251	-8005.205
688000000	-136326.750	-22018.888	-114307.862	-7952.628
689000000	-136345.170	-22005.010	-114340.160	-7937.141
690000000	-136295.277	-21970.311	-114324.966	-7903.877
691000000	-136317.926	-21994.977	-114322.949	-7932.535
692000000	-136272.534	-21929.395	-114343.139	-7864.212
693000000	-136291.140	-21954.962	-114336.178	-7890.713
694000000	-136376.753	-21981.744	-114395.009	-7916.537
695000000	-136374.332	-22020.707	-114353.625	-7954.429
696000000	-136306.098	-22005.080	-114301.018	-7938.709
697000000	-136358.731	-22030.125	-114328.605	-7964.539
698000000	-136374.554	-21994.939	-114379.615	-7928.883
699000000	-136396.659	-22057.200	-114339.459	-7994.841
700000000	-136342.192	-21989.316	-114352.876	-7923.667
701000000	-136368.096	-22057.515	-114310.581	-7991.872
702000000	-136350.363	-21941.443	-114408.919	-7877.374
703000000	-136365.028	-22002.645	-114362.383	-7936.982
704000000	-136434.799	-22049.803	-114384.995	-7985.767
705000000	-136346.062	-21988.169	-114357.893	-7926.616
706000000	-136424.413	-22035.812	-114388.601	-7972.453
707000000	-136437.531	-22003.171	-114434.360	-7939.805
708000000	-136428.061	-22016.053	-114412.007	-7953.934
709000000	-136368.305	-21998.920	-114369.386	-7936.048
710000000	-136361.980	-21984.512	-114377.468	-7918.948
711000000	-136384.541	-21996.902	-114387.639	-7932.323
712000000	-136316.994	-22016.753	-114300.241	-7953.667
713000000	-136374.005	-22030.618	-114343.387	-7968.483
714000000	-136303.478	-21990.511	-114312.968	-7926.120
715000000	-136354.553	-22005.687	-114348.866	-7941.379
716000000	-136331.240	-21988.274	-114342.966	-7924.856
717000000	-136295.899	-21937.891	-114358.007	-7872.464
718000000	-136232.643	-21907.902	-114324.741	-7844.764
719000000	-136310.275	-21940.049	-114370.226	-7874.475
720000000	-136371.136	-21943.775	-114427.360	-7878.836
721000000	-136336.266	-21978.782	-114357.484	-7914.478
722000000	-136308.644	-21941.909	-114366.735	-7876.422
723000000	-136348.246	-21948.495	-114399.751	-7881.770
724000000	-136323.771	-21978.553	-114345.219	-7914.778
725000000	-136310.774	-21927.083	-114383.691	-7864.581
726000000	-136293.309	-21945.778	-114347.531	-7879.718
727000000	-136358.149	-21985.479	-114372.671	-7920.352
728000000	-136307.756	-21967.729	-114340.027	-7905.267
729000000	-136365.481	-22022.926	-114342.554	-7958.863
730000000	-136397.838	-22026.862	-114370.976	-7962.904
731000000	-136281.716	-21975.422	-114306.295	-7906.485
732000000	-136424.527	-22005.778	-114418.749	-7940.126
733000000	-136286.058	-21947.306	-114338.752	-7885.989
734000000	-136319.416	-21947.029	-114372.386	-7883.553
735000000	-136326.170	-21975.699	-114350.471	-7906.862
736000000	-136273.587	-21924.075	-114349.512	-7855.282
737000000	-136327.394	-21920.181	-114407.214	-7851.938
738000000	-136338.999	-21917.912	-114421.087	-7853.401
739000000	-136394.090	-21974.691	-114419.399	-7910.486
740000000	-136340.896	-21929.263	-114411.633	-7866.230
741000000	-136321.475	-21982.219	-114339.255	-7918.821
742000000	-136339.796	-21947.354	-114392.442	-7884.083
743000000	-136400.165	-21995.275	-114404.890	-7930.604
744000000	-136350.144	-21968.152	-114381.991	-7900.332
745000000	-136375.601	-22003.076	-114372.524	-7937.905
746000000	-136282.226	-21962.407	-114319.819	-7897.412
747000000	-136356.643	-22024.422	-114332.221	-7961.599
748000000	-136316.933	-22001.681	-114315.252	-7935.032
749000000	-136343.724	-21955.351	-114388.373	-7891.532
750000000	-136440.676	-22063.039	-114377.637	-8000.111
751000000	-136334.747	-22039.996	-114294.751	-7978.362
752000000	-136427.637	-22046.834	-114380.803	-7983.119
753000000	-136410.731	-22068.117	-114342.614	-8003.722
754000000	-136293.050	-21999.053	-114293.997	-7933.155
755000000	-136337.271	-22020.874	-114316.396	-7956.201
756000000	-136382.932	-21999.743	-114383.189	-7933.190
757000000	-136350.852	-21983.604	-114367.248	-7917.044
758000000	-136309.415	-21981.957	-114327.457	-7916.209
759000000	-136263.913	-21943.340	-114320.574	-7875.752
760000000	-136235.139	-21950.486	-114284.653	-7884.944
761000000	-136322.346	-21948.243	-114374.102	-7884.381
762000000	-136400.981	-21973.804	-114427.177	-7907.378
763000000	-136361.663	-22013.094	-114348.569	-7948.506
764000000	-136338.795	-21977.110	-114361.686	-7911.398
765000000	-136298.013	-21957.012	-114341.001	-7892.229
766000000	-136341.988	-22033.151	-114308.837	-7966.904
767000000	-136337.588	-22014.408	-114323.180	-7948.818
768000000	-136407.394	-22024.321	-114383.073	-7958.217
769000000	-136295.386	-21986.733	-114308.652	-7920.456
770000000	-136341.064	-21967.325	-114373.739	-7903.668
771000000	-136322.781	-21973.258	-114349.523	-7908.086
772000000	-136388.143	-21983.294	-114404.849	-7919.667
773000000	-136338.960	-21990.718	-114348.241	-7923.625
774000000	-136325.739	-21988.322	-114337.417	-7924.104
775000000	-136496.936	-22064.780	-114432.155	-7997.837
776000000	-136358.729	-21969.341	-114389.388	-7903.708
777000000	-136320.272	-21938.757	-114381.515	-7872.732
778000000	-136324.901	-21909.416	-114415.485	-7843.738
779000000	-136284.797	-21926.736	-114358.061	-7860.828
780000000	-136234.236	-21943.768	-114290.468	-7880.043
781000000	-136300.203	-21906.734	-114393.468	-7841.512
782000000	-136247.747	-21943.174	-114304.574	-7878.026
783000000	-136269.341	-21943.684	-114325.657	-7879.006
784000000	-136248.696	-21920.947	-114327.749	-7851.254
785000000	-136274.020	-21920.151	-114353.868	-7855.063
786000000	-136241.471	-21867.778	-114373.693	-7802.883
787000000	-136242.696	-21947.685	-114295.011	-7882.258
788000000	-136267.824	-21945.513	-114322.311	-7878.202
789000000	-136256.972	-21898.116	-114358.856	-7831.951
790000000	-136219.076	-21915.887	-114303.189	-7848.007
791000000	-136266.603	-21938.091	-114328.513	-7871.788
792000000	-136323.710	-21919.620	-114404.090	-7849.302
793000000	-136250.013	-21897.823	-114352.190	-7834.778
794000000	-136291.951	-21959.951	-114332.000	-7894.146
795000000	-136297.752	-21946.411	-114351.341	-7883.517
796000000	-136404.397	-21984.393	-114420.004	-7919.961
797000000	-136327.816	-21943.509	-114384.307	-7877.801
798000000	-136322.157	-21892.616	-114429.541	-7826.817
799000000	-136293.290	-21949.638	-114343.652	-7885.628
800000000	-136297.467	-21963.584	-114333.883	-7897.541
