state	posterior	prior	likelihood	skygrid
1000000	-136325.764	-21905.390	-114420.374	-7838.999
2000000	-136314.986	-21949.613	-114365.373	-7884.369
3000000	-136311.610	-21948.356	-114363.254	-7884.887
4000000	-136307.492	-21919.615	-114387.876	-7855.026
5000000	-136274.820	-21899.042	-114375.778	-7831.336
6000000	-136324.717	-21883.395	-114441.322	-7815.013
7000000	-136250.748	-21912.039	-114338.709	-7848.189
8000000	-136182.811	-21894.295	-114288.516	-7825.480
9000000	-136317.726	-21952.860	-114364.867	-7889.768
10000000	-136392.975	-21978.487	-114414.489	-7910.041
11000000	-136364.986	-21980.764	-114384.222	-7914.989
12000000	-136363.708	-21909.559	-114454.148	-7842.505
13000000	-136318.808	-21941.191	-114377.617	-7874.688
14000000	-136355.118	-21941.556	-114413.562	-7876.347
15000000	-136267.507	-21918.290	-114349.217	-7851.350
16000000	-136279.501	-21919.110	-114360.391	-7851.594
17000000	-136365.714	-21992.582	-114373.132	-7927.005
18000000	-136331.211	-21962.524	-114368.686	-7895.759
19000000	-136254.445	-21904.532	-114349.913	-7835.413
20000000	-136237.639	-21912.085	-114325.555	-7845.779
21000000	-136257.454	-21942.329	-114315.125	-7876.470
22000000	-136282.912	-21897.337	-114385.575	-7830.340
23000000	-136163.189	-21870.053	-114293.135	-7802.455
24000000	-136377.964	-21992.224	-114385.739	-7927.790
25000000	-136234.650	-21919.524	-114315.126	-7853.536
26000000	-136355.168	-21929.457	-114425.711	-7863.300
27000000	-136121.141	-21865.599	-114255.542	-7800.908
28000000	-136250.722	-21877.427	-114373.295	-7811.638
29000000	-136351.337	-21905.362	-114445.974	-7841.260
30000000	-136303.957	-21902.671	-114401.286	-7837.511
31000000	-136354.323	-21956.376	-114397.947	-7890.633
32000000	-136248.630	-21900.249	-114348.381	-7835.297
33000000	-136340.688	-21945.424	-114395.263	-7878.713
34000000	-136333.543	-21934.715	-114398.828	-7869.712
35000000	-136287.621	-21935.260	-114352.362	-7869.170
36000000	-136241.271	-21931.952	-114309.320	-7865.299
37000000	-136255.431	-21902.207	-114353.224	-7834.832
38000000	-136436.776	-21961.573	-114475.203	-7893.436
39000000	-136280.502	-21945.467	-114335.035	-7879.135
40000000	-136231.144	-21909.411	-114321.733	-7841.197
41000000	-136282.442	-21939.020	-114343.422	-7870.236
42000000	-136328.953	-21909.478	-114419.474	-7842.495
43000000	-136243.824	-21908.234	-114335.590	-7842.051
44000000	-136349.150	-21937.071	-114412.079	-7873.175
45000000	-136328.030	-21968.665	-114359.366	-7904.502
46000000	-136388.768	-21958.471	-114430.298	-7891.709
47000000	-136294.340	-21952.800	-114341.540	-7884.041
48000000	-136279.756	-21954.915	-114324.842	-7890.365
49000000	-136369.932	-22000.322	-114369.610	-7934.290
50000000	-136269.455	-21934.576	-114334.880	-7868.498
51000000	-136265.045	-21973.642	-114291.403	-7908.705
52000000	-136321.207	-21962.909	-114358.299	-7897.374
53000000	-136307.649	-21959.666	-114347.984	-7894.865
54000000	-136323.172	-21944.452	-114378.719	-7879.141
55000000	-136400.973	-22020.234	-114380.740	-7956.247
56000000	-136303.662	-21954.886	-114348.776	-7890.574
57000000	-136259.776	-21937.342	-114322.434	-7871.097
58000000	-136266.803	-21954.236	-114312.567	-7888.415
59000000	-136220.018	-21904.374	-114315.645	-7837.958
60000000	-136197.094	-21856.153	-114340.940	-7791.245
61000000	-136215.056	-21907.297	-114307.759	-7842.439
62000000	-136250.332	-21869.684	-114380.648	-7803.271
63000000	-136112.249	-21849.243	-114263.006	-7783.974
64000000	-136236.192	-21892.856	-114343.336	-7827.376
65000000	-136220.070	-21912.030	-114308.039	-7848.714
66000000	-136322.111	-21985.309	-114336.802	-7920.978
67000000	-136362.731	-21989.297	-114373.434	-7921.411
68000000	-136334.044	-21970.296	-114363.748	-7905.596
69000000	-136370.104	-22012.379	-114357.725	-7947.762
70000000	-136317.199	-21953.821	-114363.378	-7888.508
71000000	-136238.833	-21928.769	-114310.064	-7862.739
72000000	-136294.207	-21952.390	-114341.817	-7889.016
73000000	-136323.298	-21937.345	-114385.952	-7869.941
74000000	-136300.930	-21941.292	-114359.638	-7876.478
75000000	-136311.465	-21901.430	-114410.035	-7835.827
76000000	-136276.224	-21930.972	-114345.252	-7861.829
77000000	-136247.859	-21953.124	-114294.735	-7887.623
78000000	-136290.446	-21936.240	-114354.206	-7873.694
79000000	-136274.928	-21909.584	-114365.344	-7844.880
80000000	-136281.120	-21914.320	-114366.800	-7847.662
81000000	-136341.875	-21968.040	-114373.835	-7902.868
82000000	-136323.551	-21941.673	-114381.878	-7875.047
83000000	-136266.228	-21953.918	-114312.309	-7887.577
84000000	-136326.379	-21993.197	-114333.183	-7925.065
85000000	-136350.195	-21979.185	-114371.011	-7911.501
86000000	-136291.242	-21984.617	-114306.625	-7917.999
87000000	-136296.404	-21954.263	-114342.140	-7890.757
88000000	-136297.266	-21965.448	-114331.818	-7897.504
89000000	-136293.542	-21984.082	-114309.460	-7916.209
90000000	-136416.221	-22044.137	-114372.085	-7978.779
91000000	-136379.184	-22015.470	-114363.715	-7952.067
92000000	-136329.632	-21947.722	-114381.910	-7881.186
93000000	-136270.133	-21958.176	-114311.957	-7892.259
94000000	-136184.518	-21805.110	-114379.408	-7736.558
95000000	-136272.012	-21931.536	-114340.476	-7864.069
96000000	-136238.546	-21918.543	-114320.003	-7853.018
97000000	-136279.083	-21883.425	-114395.658	-7818.441
98000000	-136251.222	-21934.075	-114317.146	-7866.847
99000000	-136254.840	-21915.311	-114339.530	-7850.744
100000000	-136337.907	-21924.636	-114413.272	-7858.817
101000000	-136297.430	-21895.843	-114401.586	-7830.445
102000000	-136228.516	-21886.514	-114342.001	-7824.517
103000000	-136259.987	-21941.789	-114318.198	-7874.860
104000000	-136451.823	-22007.262	-114444.561	-7941.647
105000000	-136303.697	-21968.024	-114335.673	-7901.790
106000000	-136287.483	-21965.898	-114321.585	-7900.724
107000000	-136334.845	-21983.943	-114350.902	-7917.938
108000000	-136323.025	-21930.698	-114392.326	-7862.478
109000000	-136285.200	-21932.200	-114353.001	-7867.190
110000000	-136210.836	-21884.651	-114326.185	-7819.153
111000000	-136225.077	-21965.944	-114259.134	-7898.698
112000000	-136262.162	-21938.959	-114323.203	-7874.911
113000000	-136349.746	-21918.533	-114431.213	-7854.414
114000000	-136275.710	-21884.533	-114391.177	-7819.110
115000000	-136278.607	-21951.314	-114327.293	-7885.372
116000000	-136249.586	-21944.821	-114304.765	-7880.101
117000000	-136124.980	-21835.398	-114289.582	-7767.834
118000000	-136280.524	-21952.102	-114328.422	-7886.875
119000000	-136290.954	-21882.963	-114407.990	-7815.129
120000000	-136341.799	-21988.447	-114353.352	-7921.085
121000000	-136308.561	-21934.998	-114373.563	-7869.310
122000000	-136306.778	-22004.695	-114302.083	-7938.290
123000000	-136274.867	-21952.590	-114322.277	-7885.302
124000000	-136296.906	-21917.445	-114379.460	-7851.250
125000000	-136278.715	-21930.259	-114348.456	-7862.236
126000000	-136351.604	-21913.069	-114438.535	-7843.356
127000000	-136399.018	-21990.858	-114408.160	-7928.132
128000000	-136365.767	-21983.789	-114381.978	-7918.755
129000000	-136336.014	-21935.408	-114400.606	-7868.569
130000000	-136370.848	-22005.934	-114364.914	-7939.966
131000000	-136336.361	-21954.340	-114382.021	-7888.218
132000000	-136349.433	-21975.897	-114373.536	-7907.357
133000000	-136290.077	-21992.698	-114297.378	-7923.937
134000000	-136405.371	-22030.630	-114374.741	-7962.601
135000000	-136351.608	-21969.125	-114382.484	-7902.558
136000000	-136313.809	-21948.816	-114364.993	-7883.369
137000000	-136390.057	-22049.386	-114340.670	-7984.492
138000000	-136349.595	-21999.791	-114349.804	-7932.691
139000000	-136301.066	-22017.440	-114283.626	-7948.216
140000000	-136322.139	-21996.202	-114325.937	-7928.157
141000000	-136437.229	-22044.544	-114392.685	-7982.806
142000000	-136328.743	-22018.689	-114310.054	-7953.457
143000000	-136398.928	-21997.171	-114401.757	-7931.484
144000000	-136303.913	-22007.741	-114296.172	-7942.373
145000000	-136358.307	-22019.817	-114338.490	-7954.862
146000000	-136321.703	-21939.721	-114381.982	-7870.928
147000000	-136254.227	-21951.455	-114302.772	-7886.244
148000000	-136259.037	-21923.214	-114335.823	-7858.141
149000000	-136262.967	-21935.890	-114327.078	-7872.300
150000000	-136304.234	-21956.723	-114347.510	-7892.739
151000000	-136331.152	-21945.565	-114385.588	-7880.599
152000000	-136235.065	-21905.545	-114329.521	-7836.227
153000000	-136343.613	-21922.554	-114421.059	-7854.076
154000000	-136265.011	-21925.983	-114339.027	-7861.955
155000000	-136258.245	-21910.511	-114347.733	-7842.995
156000000	-136301.220	-21981.309	-114319.912	-7913.679
157000000	-136264.306	-21971.347	-114292.959	-7907.264
158000000	-136331.622	-21930.693	-114400.929	-7865.076
159000000	-136264.339	-21948.179	-114316.161	-7882.975
160000000	-136247.244	-21997.887	-114249.358	-7928.966
161000000	-136357.904	-21951.149	-114406.755	-7885.034
162000000	-136239.713	-21921.363	-114318.350	-7854.588
163000000	-136235.640	-21933.469	-114302.171	-7869.407
164000000	-136266.138	-21888.487	-114377.651	-7823.477
165000000	-136322.483	-22011.768	-114310.715	-7943.787
166000000	-136251.893	-21942.032	-114309.861	-7877.287
167000000	-136299.639	-21983.901	-114315.738	-7916.867
168000000	-136317.118	-21993.253	-114323.864	-7925.901
169000000	-136384.324	-22018.704	-114365.619	-7952.290
170000000	-136311.748	-21981.873	-114329.875	-7918.478
171000000	-136335.741	-21970.838	-114364.903	-7903.076
172000000	-136350.491	-21972.230	-114378.261	-7907.699
173000000	-136322.786	-21999.330	-114323.457	-7932.750
174000000	-136268.281	-21968.470	-114299.811	-7904.800
175000000	-136233.490	-21970.008	-114263.482	-7906.668
176000000	-136270.513	-21955.366	-114315.146	-7889.160
177000000	-136216.218	-21901.995	-114314.223	-7837.282
178000000	-136294.913	-21938.186	-114356.726	-7871.985
179000000	-136260.986	-22002.585	-114258.401	-7937.811
180000000	-136283.323	-21941.666	-114341.658	-7878.489
181000000	-136321.425	-21953.842	-114367.583	-7887.690
182000000	-136354.867	-21991.614	-114363.252	-7928.187
183000000	-136281.256	-21945.240	-114336.017	-7879.887
184000000	-136266.672	-21925.079	-114341.593	-7858.049
185000000	-136243.343	-21869.257	-114374.087	-7803.815
186000000	-136303.259	-21959.919	-114343.340	-7895.775
187000000	-136295.652	-21900.308	-114395.344	-7836.590
188000000	-136267.719	-21932.501	-114335.218	-7868.209
189000000	-136285.972	-21950.838	-114335.134	-7883.951
190000000	-136267.949	-21903.236	-114364.713	-7836.502
191000000	-136337.885	-21958.548	-114379.336	-7893.447
192000000	-136213.560	-21962.303	-114251.257	-7897.156
193000000	-136266.897	-21911.427	-114355.471	-7844.999
194000000	-136375.742	-22006.738	-114369.003	-7939.944
195000000	-136279.836	-21926.139	-114353.697	-7858.797
196000000	-136218.485	-21887.157	-114331.328	-7819.520
197000000	-136240.962	-21890.950	-114350.012	-7823.425
198000000	-136267.132	-21902.892	-114364.240	-7835.563
199000000	-136203.420	-21895.740	-114307.680	-7829.894
200000000	-136244.939	-21919.319	-114325.620	-7852.909
201000000	-136279.646	-21952.032	-114327.614	-7887.002
202000000	-136287.194	-21923.666	-114363.529	-7855.637
203000000	-136331.460	-21964.289	-114367.171	-7896.954
204000000	-136247.018	-21927.727	-114319.291	-7862.199
205000000	-136132.736	-21792.852	-114339.884	-7728.891
206000000	-136189.949	-21913.357	-114276.592	-7848.346
207000000	-136322.042	-21916.875	-114405.167	-7849.479
208000000	-136355.128	-21945.478	-114409.650	-7878.377
209000000	-136321.379	-21973.234	-114348.146	-7906.320
210000000	-136284.942	-21949.812	-114335.131	-7883.699
211000000	-136231.713	-21973.160	-114258.553	-7905.486
212000000	-136234.350	-21925.675	-114308.675	-7858.049
213000000	-136316.038	-21972.864	-114343.174	-7909.235
214000000	-136298.632	-21930.316	-114368.317	-7865.065
215000000	-136246.510	-21903.093	-114343.417	-7835.653
216000000	-136355.716	-21980.909	-114374.807	-7914.386
217000000	-136342.423	-21963.002	-114379.421	-7897.190
218000000	-136389.086	-22037.997	-114351.089	-7971.555
219000000	-136352.054	-22015.169	-114336.885	-7947.981
220000000	-136332.350	-22044.579	-114287.770	-7979.441
221000000	-136324.587	-21997.529	-114327.058	-7930.930
222000000	-136451.452	-22026.568	-114424.884	-7964.126
223000000	-136367.926	-22042.313	-114325.613	-7975.932
224000000	-136431.482	-22056.533	-114374.949	-7991.321
225000000	-136450.162	-22058.153	-114392.009	-7992.640
226000000	-136410.682	-22033.962	-114376.720	-7964.662
227000000	-136325.955	-22044.799	-114281.157	-7980.506
228000000	-136289.032	-21958.403	-114330.629	-7890.792
229000000	-136289.109	-21970.443	-114318.667	-7904.315
230000000	-136364.924	-22014.489	-114350.435	-7948.917
231000000	-136317.859	-22035.872	-114281.987	-7965.406
232000000	-136393.841	-22016.534	-114377.307	-7951.188
233000000	-136311.726	-22005.498	-114306.229	-7937.856
234000000	-136364.427	-22050.635	-114313.792	-7985.033
235000000	-136395.564	-22028.248	-114367.315	-7962.585
236000000	-136335.557	-22006.423	-114329.133	-7941.328
237000000	-136323.093	-21985.512	-114337.581	-7919.769
238000000	-136388.868	-22031.897	-114356.971	-7967.057
239000000	-136399.527	-21979.974	-114419.553	-7912.201
240000000	-136343.190	-21991.472	-114351.718	-7924.086
241000000	-136364.781	-21962.275	-114402.506	-7894.512
242000000	-136315.321	-21996.227	-114319.094	-7932.446
243000000	-136318.461	-21954.041	-114364.420	-7887.428
244000000	-136349.943	-21990.637	-114359.306	-7926.054
245000000	-136224.923	-21928.397	-114296.526	-7862.569
246000000	-136312.251	-21937.531	-114374.720	-7871.658
247000000	-136242.726	-21902.662	-114340.064	-7833.642
248000000	-136261.218	-21899.722	-114361.496	-7834.066
249000000	-136304.002	-21935.391	-114368.611	-7870.308
250000000	-136200.054	-21901.761	-114298.293	-7835.359
251000000	-136178.334	-21858.532	-114319.802	-7792.999
252000000	-136258.708	-21921.622	-114337.086	-7854.221
253000000	-136315.450	-21975.507	-114339.943	-7910.443
254000000	-136291.426	-21946.669	-114344.756	-7879.209
255000000	-136306.247	-21885.039	-114421.208	-7818.969
256000000	-136228.144	-21883.439	-114344.705	-7814.615
257000000	-136313.168	-21931.951	-114381.217	-7868.224
258000000	-136269.687	-21945.889	-114323.799	-7879.263
259000000	-136224.205	-21873.844	-114350.361	-7808.460
260000000	-136261.628	-21888.826	-114372.802	-7823.534
261000000	-136267.900	-21895.495	-114372.405	-7826.254
262000000	-136225.497	-21893.587	-114331.910	-7827.739
263000000	-136214.475	-21931.028	-114283.447	-7865.473
264000000	-136273.853	-21896.419	-114377.435	-7829.643
265000000	-136335.063	-21960.893	-114374.170	-7895.198
266000000	-136308.384	-21931.537	-114376.847	-7863.073
267000000	-136330.122	-21922.021	-114408.101	-7854.981
268000000	-136393.816	-21979.640	-114414.176	-7911.069
269000000	-136441.647	-22032.281	-114409.366	-7964.129
270000000	-136391.198	-21990.109	-114401.089	-7922.865
271000000	-136345.147	-21998.188	-114346.959	-7933.313
272000000	-136395.583	-22058.506	-114337.077	-7993.534
273000000	-136541.377	-22108.810	-114432.567	-8046.264
274000000	-136415.457	-22058.727	-114356.730	-7990.809
275000000	-136336.380	-22087.095	-114249.285	-8021.831
276000000	-136327.781	-22053.027	-114274.755	-7986.553
277000000	-136312.752	-21996.168	-114316.584	-7931.086
278000000	-136336.923	-22017.841	-114319.082	-7952.423
279000000	-136264.777	-21973.311	-114291.465	-7908.766
280000000	-136343.639	-21996.229	-114347.410	-7932.005
281000000	-136296.333	-21915.503	-114380.829	-7850.600
282000000	-136384.335	-21966.831	-114417.504	-7902.129
283000000	-136247.226	-21885.213	-114362.012	-7819.235
284000000	-136239.827	-21932.659	-114307.169	-7867.799
285000000	-136268.361	-21977.182	-114291.178	-7911.635
286000000	-136233.066	-21933.451	-114299.616	-7868.455
287000000	-136304.537	-21959.811	-114344.725	-7896.593
288000000	-136350.718	-21939.757	-114410.961	-7876.525
289000000	-136429.799	-22000.553	-114429.246	-7935.365
290000000	-136293.498	-22005.875	-114287.624	-7940.504
291000000	-136316.417	-21979.476	-114336.940	-7914.420
292000000	-136352.472	-22016.610	-114335.863	-7953.118
293000000	-136391.394	-22038.786	-114352.608	-7973.061
294000000	-136330.216	-21954.624	-114375.592	-7886.813
295000000	-136407.722	-21998.565	-114409.156	-7933.753
296000000	-136330.606	-22009.891	-114320.716	-7944.084
297000000	-136289.150	-21967.851	-114321.300	-7898.552
298000000	-136333.744	-21987.378	-114346.366	-7921.727
299000000	-136313.530	-21980.592	-114332.938	-7919.279
300000000	-136296.663	-21980.644	-114316.019	-7914.565
301000000	-136309.193	-21922.075	-114387.118	-7856.349
302000000	-136297.532	-21950.322	-114347.210	-7882.083
303000000	-136320.780	-21967.532	-114353.248	-7901.265
304000000	-136286.446	-21949.078	-114337.368	-7884.135
305000000	-136279.340	-21936.118	-114343.223	-7868.347
306000000	-136236.874	-21904.480	-114332.394	-7838.600
307000000	-136250.240	-21932.523	-114317.717	-7866.755
308000000	-136263.674	-21901.372	-114362.302	-7832.250
309000000	-136310.639	-21924.112	-114386.528	-7855.313
310000000	-136262.315	-21899.443	-114362.872	-7831.496
311000000	-136219.056	-21891.086	-114327.970	-7824.252
312000000	-136306.483	-21954.384	-114352.099	-7889.927
313000000	-136236.622	-21944.624	-114291.998	-7876.934
314000000	-136350.783	-21959.567	-114391.217	-7893.591
315000000	-136267.639	-21933.968	-114333.670	-7870.594
316000000	-136284.453	-21936.597	-114347.856	-7869.737
317000000	-136315.366	-21960.115	-114355.251	-7895.546
318000000	-136370.573	-22018.032	-114352.541	-7950.794
319000000	-136315.783	-21954.145	-114361.638	-7888.349
320000000	-136302.736	-21992.141	-114310.595	-7926.741
321000000	-136341.132	-22044.485	-114296.647	-7980.702
322000000	-136424.909	-22019.459	-114405.449	-7953.396
323000000	-136449.777	-22075.569	-114374.208	-8014.081
324000000	-136389.052	-22020.797	-114368.254	-7956.321
325000000	-136431.410	-22105.873	-114325.536	-8040.076
326000000	-136364.586	-22054.701	-114309.885	-7988.112
327000000	-136405.314	-22021.865	-114383.448	-7957.045
328000000	-136435.152	-22060.989	-114374.163	-7995.394
329000000	-136450.226	-22048.652	-114401.574	-7983.232
330000000	-136325.462	-22049.308	-114276.154	-7985.835
331000000	-136329.986	-22009.463	-114320.523	-7944.729
332000000	-136358.789	-22031.530	-114327.259	-7966.062
333000000	-136313.128	-21932.744	-114380.384	-7867.542
334000000	-136313.959	-21985.833	-114328.126	-7919.804
335000000	-136304.287	-21940.433	-114363.855	-7877.721
336000000	-136342.180	-21944.514	-114397.667	-7880.658
337000000	-136324.179	-21969.626	-114354.553	-7903.489
338000000	-136394.722	-22043.872	-114350.850	-7978.600
339000000	-136330.093	-21996.236	-114333.857	-7933.442
340000000	-136283.138	-21934.229	-114348.909	-7868.964
341000000	-136291.353	-21915.679	-114375.673	-7845.801
342000000	-136303.338	-21934.809	-114368.529	-7867.478
343000000	-136312.408	-21900.687	-114411.721	-7833.806
344000000	-136353.497	-21974.289	-114379.208	-7908.286
345000000	-136347.703	-21957.560	-114390.143	-7893.511
346000000	-136322.253	-21980.141	-114342.112	-7913.327
347000000	-136279.910	-21961.680	-114318.230	-7893.388
348000000	-136385.368	-21998.872	-114386.497	-7931.950
349000000	-136292.074	-21962.487	-114329.587	-7898.648
350000000	-136286.860	-21888.999	-114397.861	-7822.649
351000000	-136265.118	-21924.283	-114340.835	-7860.095
352000000	-136316.113	-21964.818	-114351.295	-7899.472
353000000	-136273.593	-21943.911	-114329.682	-7877.696
354000000	-136302.387	-21926.415	-114375.972	-7859.787
355000000	-136321.687	-21962.390	-114359.296	-7896.595
356000000	-136311.281	-22013.443	-114297.837	-7945.657
357000000	-136387.458	-22018.694	-114368.765	-7953.783
358000000	-136361.164	-22031.307	-114329.857	-7962.658
359000000	-136281.292	-21967.909	-114313.383	-7900.863
360000000	-136359.670	-21990.191	-114369.479	-7921.783
361000000	-136279.500	-21948.494	-114331.006	-7883.582
362000000	-136344.520	-21958.643	-114385.878	-7894.941
363000000	-136319.045	-21943.964	-114375.080	-7880.349
364000000	-136222.845	-21921.887	-114300.958	-7857.367
365000000	-136266.328	-21949.873	-114316.455	-7882.694
366000000	-136363.431	-22003.659	-114359.772	-7936.252
367000000	-136318.734	-21994.076	-114324.658	-7926.715
368000000	-136295.427	-21981.045	-114314.382	-7913.408
369000000	-136334.648	-22038.207	-114296.441	-7972.426
370000000	-136357.319	-22036.811	-114320.507	-7971.668
371000000	-136424.711	-22023.562	-114401.149	-7957.530
372000000	-136412.509	-21995.656	-114416.853	-7929.655
373000000	-136350.697	-21976.187	-114374.511	-7911.254
374000000	-136365.884	-21990.426	-114375.458	-7924.377
375000000	-136278.559	-21933.327	-114345.233	-7868.501
376000000	-136261.583	-21924.477	-114337.106	-7858.651
377000000	-136248.373	-21947.270	-114301.103	-7881.198
378000000	-136320.964	-22004.527	-114316.437	-7937.440
379000000	-136266.292	-21932.062	-114334.230	-7867.192
380000000	-136297.357	-21914.782	-114382.575	-7848.562
381000000	-136369.795	-21965.643	-114404.152	-7904.584
382000000	-136352.852	-21992.926	-114359.925	-7927.044
383000000	-136299.150	-21974.392	-114324.758	-7909.156
384000000	-136218.668	-21905.365	-114313.303	-7841.692
385000000	-136259.006	-21966.835	-114292.171	-7902.971
386000000	-136248.816	-21989.870	-114258.946	-7923.692
387000000	-136281.040	-21985.960	-114295.080	-7919.690
388000000	-136326.751	-21981.322	-114345.429	-7915.269
389000000	-136362.364	-21927.798	-114434.567	-7862.722
390000000	-136395.507	-22018.390	-114377.116	-7955.428
391000000	-136340.811	-21979.575	-114361.237	-7912.804
392000000	-136319.001	-21958.118	-114360.883	-7893.395
393000000	-136322.458	-21957.378	-114365.080	-7892.007
394000000	-136420.487	-21921.880	-114498.608	-7857.609
395000000	-136249.545	-21916.415	-114333.130	-7849.452
396000000	-136344.195	-21922.682	-114421.512	-7856.534
397000000	-136331.962	-21947.153	-114384.809	-7880.151
398000000	-136296.533	-21948.354	-114348.178	-7881.503
399000000	-136389.273	-21952.866	-114436.407	-7888.511
400000000	-136212.684	-21919.011	-114293.673	-7852.280
401000000	-136370.090	-21960.268	-114409.821	-7892.654
402000000	-136302.605	-21955.374	-114347.231	-7892.137
403000000	-136282.793	-21865.007	-114417.786	-7799.219
404000000	-136232.546	-21872.439	-114360.107	-7805.823
405000000	-136301.107	-21893.007	-114408.100	-7824.892
406000000	-136265.836	-21879.356	-114386.480	-7812.821
407000000	-136196.502	-21855.241	-114341.260	-7789.040
408000000	-136155.788	-21876.159	-114279.629	-7811.506
409000000	-136259.806	-21859.036	-114400.770	-7793.820
410000000	-136194.991	-21867.392	-114327.599	-7800.422
411000000	-136277.361	-21928.916	-114348.445	-7863.215
412000000	-136416.178	-21990.683	-114425.496	-7923.373
413000000	-136324.698	-22010.206	-114314.492	-7944.120
414000000	-136309.902	-21975.727	-114334.175	-7909.154
415000000	-136350.088	-21985.820	-114364.268	-7922.010
416000000	-136310.237	-21981.579	-114328.658	-7913.634
417000000	-136448.668	-21992.595	-114456.072	-7925.483
418000000	-136351.756	-21967.505	-114384.251	-7902.673
419000000	-136410.471	-22027.160	-114383.310	-7962.926
420000000	-136423.815	-22007.756	-114416.059	-7944.389
421000000	-136388.343	-22009.815	-114378.528	-7943.814
422000000	-136294.174	-21970.860	-114323.314	-7906.736
423000000	-136303.734	-21981.500	-114322.233	-7914.372
424000000	-136370.189	-22012.193	-114357.996	-7948.607
425000000	-136308.783	-21969.851	-114338.932	-7904.093
426000000	-136363.754	-21991.686	-114372.068	-7927.262
427000000	-136378.902	-21992.851	-114386.051	-7926.740
428000000	-136423.339	-22012.110	-114411.230	-7946.752
429000000	-136358.920	-22041.353	-114317.567	-7976.375
430000000	-136345.207	-21999.134	-114346.073	-7932.425
431000000	-136331.276	-21967.529	-114363.747	-7902.951
432000000	-136352.012	-22003.924	-114348.088	-7936.050
433000000	-136308.016	-21954.867	-114353.149	-7889.171
434000000	-136297.216	-21919.066	-114378.151	-7851.644
435000000	-136332.735	-21925.015	-114407.720	-7858.494
436000000	-136250.511	-21907.936	-114342.575	-7839.823
437000000	-136322.998	-21924.546	-114398.452	-7860.923
438000000	-136257.252	-21904.604	-114352.648	-7835.746
439000000	-136257.659	-21891.696	-114365.963	-7827.043
440000000	-136364.980	-21959.227	-114405.753	-7893.435
441000000	-136308.554	-21931.091	-114377.463	-7866.613
442000000	-136311.604	-21907.543	-114404.060	-7842.009
443000000	-136278.733	-21897.663	-114381.070	-7832.416
444000000	-136284.314	-21917.423	-114366.891	-7851.305
445000000	-136269.912	-21909.319	-114360.593	-7842.174
446000000	-136388.271	-21972.798	-114415.473	-7908.816
447000000	-136311.036	-21949.822	-114361.214	-7883.464
448000000	-136239.624	-21873.635	-114365.989	-7809.968
449000000	-136267.832	-21920.066	-114347.766	-7856.320
450000000	-136364.527	-21997.139	-114367.388	-7930.768
451000000	-136373.613	-21980.841	-114392.772	-7914.833
452000000	-136330.841	-21995.238	-114335.603	-7930.402
453000000	-136368.420	-21976.483	-114391.937	-7909.677
454000000	-136325.353	-21940.300	-114385.054	-7874.627
455000000	-136338.721	-21922.901	-114415.820	-7856.719
456000000	-136369.474	-21967.992	-114401.481	-7902.464
457000000	-136257.186	-21926.225	-114330.961	-7860.893
458000000	-136343.476	-21922.949	-114420.527	-7859.700
459000000	-136309.198	-21894.894	-114414.303	-7829.607
460000000	-136342.942	-21907.497	-114435.446	-7842.568
461000000	-136356.111	-21939.936	-114416.175	-7874.846
462000000	-136315.948	-21944.885	-114371.063	-7879.851
463000000	-136365.981	-21986.865	-114379.116	-7921.982
464000000	-136369.115	-21949.802	-114419.314	-7887.384
465000000	-136324.726	-21990.789	-114333.937	-7925.148
466000000	-136347.267	-21987.382	-114359.885	-7919.075
467000000	-136453.188	-22038.901	-114414.286	-7972.110
468000000	-136365.935	-21986.387	-114379.548	-7922.298
469000000	-136446.490	-22025.255	-114421.235	-7959.914
470000000	-136389.621	-21936.330	-114453.291	-7870.042
471000000	-136353.659	-21897.356	-114456.303	-7830.860
472000000	-136339.133	-21904.941	-114434.192	-7837.992
473000000	-136361.807	-21974.642	-114387.166	-7908.591
474000000	-136272.987	-21920.296	-114352.692	-7853.988
475000000	-136236.528	-21936.501	-114300.027	-7873.255
476000000	-136300.760	-21962.856	-114337.904	-7895.705
477000000	-136331.706	-21939.870	-114391.835	-7874.105
478000000	-136327.969	-21961.228	-114366.741	-7895.169
479000000	-136303.074	-21929.031	-114374.042	-7865.869
480000000	-136480.553	-21987.232	-114493.321	-7924.071
481000000	-136386.201	-21969.400	-114416.801	-7906.081
482000000	-136349.404	-21907.060	-114442.344	-7842.196
483000000	-136313.963	-21934.533	-114379.430	-7870.709
484000000	-136428.877	-21982.741	-114446.135	-7916.995
485000000	-136422.769	-21987.119	-114435.650	-7920.779
486000000	-136488.668	-22053.237	-114435.431	-7988.226
487000000	-136384.479	-21959.878	-114424.601	-7896.036
488000000	-136412.599	-21999.431	-114413.168	-7932.872
489000000	-136387.207	-21964.804	-114422.403	-7900.207
490000000	-136373.410	-21947.904	-114425.506	-7881.930
491000000	-136356.516	-21954.345	-114402.171	-7886.843
492000000	-136391.608	-21994.784	-114396.824	-7928.686
493000000	-136320.805	-21987.858	-114332.946	-7921.190
494000000	-136351.404	-21966.195	-114385.209	-7902.560
495000000	-136359.915	-21976.136	-114383.779	-7911.032
496000000	-136409.722	-21966.664	-114443.058	-7898.405
497000000	-136335.860	-21933.771	-114402.089	-7869.178
498000000	-136402.025	-22015.560	-114386.465	-7948.794
499000000	-136331.500	-21976.683	-114354.816	-7912.108
500000000	-136307.093	-21993.136	-114313.957	-7927.570
501000000	-136357.058	-21981.404	-114375.654	-7913.836
502000000	-136402.132	-21932.812	-114469.320	-7867.066
503000000	-136339.849	-21924.654	-114415.196	-7858.907
504000000	-136339.668	-21986.299	-114353.369	-7922.310
505000000	-136390.650	-21980.276	-114410.373	-7915.157
506000000	-136309.044	-21949.413	-114359.631	-7883.832
507000000	-136340.513	-21941.720	-114398.794	-7875.053
508000000	-136345.766	-21983.505	-114362.261	-7916.624
509000000	-136384.650	-22022.467	-114362.183	-7957.222
510000000	-136418.861	-22067.941	-114350.920	-8003.925
511000000	-136390.619	-21971.772	-114418.847	-7906.806
512000000	-136272.023	-21958.482	-114313.541	-7895.937
513000000	-136327.175	-22017.431	-114309.744	-7952.334
514000000	-136268.041	-21964.764	-114303.277	-7897.245
515000000	-136306.845	-21902.111	-114404.734	-7834.676
516000000	-136273.980	-21917.694	-114356.286	-7851.507
517000000	-136363.042	-21967.896	-114395.146	-7902.531
518000000	-136367.720	-21993.178	-114374.543	-7928.962
519000000	-136339.215	-22018.007	-114321.208	-7953.313
520000000	-136357.760	-22026.152	-114331.608	-7961.336
521000000	-136378.950	-22023.883	-114355.067	-7958.833
522000000	-136443.998	-22066.101	-114377.897	-8002.331
523000000	-136303.922	-21923.238	-114380.685	-7860.089
524000000	-136382.912	-22019.168	-114363.745	-7956.163
525000000	-136379.881	-22028.186	-114351.695	-7962.857
526000000	-136445.333	-22088.472	-114356.861	-8021.140
527000000	-136502.830	-22056.626	-114446.204	-7991.640
528000000	-136471.327	-22112.166	-114359.161	-8051.130
529000000	-136468.317	-22093.595	-114374.722	-8030.271
530000000	-136379.130	-22044.727	-114334.403	-7982.454
531000000	-136400.675	-22060.640	-114340.035	-7993.082
532000000	-136408.918	-22031.991	-114376.926	-7967.027
533000000	-136364.596	-22023.023	-114341.573	-7958.068
534000000	-136319.387	-22027.623	-114291.764	-7961.577
535000000	-136445.016	-22096.146	-114348.871	-8031.226
536000000	-136376.710	-22001.583	-114375.127	-7937.903
537000000	-136408.108	-22034.691	-114373.418	-7971.303
538000000	-136358.209	-22001.379	-114356.830	-7936.004
539000000	-136312.155	-21968.492	-114343.663	-7902.544
540000000	-136303.530	-22016.749	-114286.781	-7952.269
541000000	-136271.175	-22012.978	-114258.196	-7947.922
542000000	-136425.567	-21997.344	-114428.223	-7929.842
543000000	-136315.600	-21946.226	-114369.374	-7883.295
544000000	-136345.238	-21969.394	-114375.843	-7901.720
545000000	-136366.461	-21961.494	-114404.967	-7897.970
546000000	-136404.079	-22029.048	-114375.031	-7963.315
547000000	-136229.135	-21970.222	-114258.914	-7904.284
548000000	-136314.441	-21967.424	-114347.017	-7902.610
549000000	-136342.301	-21975.365	-114366.935	-7910.460
550000000	-136339.639	-21943.931	-114395.708	-7877.617
551000000	-136340.241	-21988.737	-114351.504	-7924.258
552000000	-136334.598	-21980.474	-114354.124	-7917.182
553000000	-136397.051	-22035.531	-114361.520	-7970.909
554000000	-136350.108	-22027.894	-114322.214	-7961.226
555000000	-136270.714	-22009.925	-114260.790	-7944.939
556000000	-136340.944	-21963.928	-114377.016	-7899.048
557000000	-136299.016	-21985.750	-114313.266	-7922.040
558000000	-136295.493	-21947.086	-114348.407	-7879.215
559000000	-136335.928	-21934.418	-114401.510	-7869.186
560000000	-136343.095	-21953.059	-114390.036	-7887.544
561000000	-136412.694	-22002.610	-114410.084	-7938.884
562000000	-136379.899	-22025.125	-114354.774	-7960.786
563000000	-136380.958	-22002.603	-114378.355	-7935.431
564000000	-136418.829	-22000.617	-114418.212	-7932.832
565000000	-136360.290	-22026.044	-114334.247	-7957.880
566000000	-136341.330	-21974.214	-114367.116	-7909.488
567000000	-136335.685	-21937.891	-114397.794	-7873.028
568000000	-136338.977	-21969.827	-114369.150	-7902.817
569000000	-136351.858	-21948.896	-114402.961	-7883.756
570000000	-136292.031	-21923.563	-114368.468	-7857.966
571000000	-136229.834	-21872.037	-114357.797	-7805.866
572000000	-136259.035	-21913.126	-114345.909	-7848.649
573000000	-136270.197	-21918.350	-114351.847	-7851.738
574000000	-136311.139	-21921.107	-114390.032	-7857.011
575000000	-136271.780	-21896.878	-114374.903	-7828.809
576000000	-136273.177	-21918.300	-114354.877	-7852.563
577000000	-136277.462	-21921.543	-114355.919	-7856.577
578000000	-136204.351	-21904.382	-114299.969	-7836.766
579000000	-136255.444	-21934.424	-114321.021	-7866.766
580000000	-136318.346	-21941.214	-114377.132	-7874.450
581000000	-136209.707	-21853.374	-114356.333	-7785.448
582000000	-136239.838	-21882.612	-114357.226	-7815.339
583000000	-136246.519	-21925.350	-114321.168	-7859.557
584000000	-136194.476	-21823.722	-114370.754	-7758.112
585000000	-136265.162	-21843.420	-114421.742	-7777.568
586000000	-136189.663	-21878.184	-114311.479	-7812.081
587000000	-136258.443	-21825.026	-114433.416	-7759.379
588000000	-136280.166	-21933.839	-114346.327	-7867.729
589000000	-136318.200	-21945.143	-114373.057	-7879.216
590000000	-136249.940	-21918.265	-114331.674	-7853.637
591000000	-136386.928	-21937.024	-114449.905	-7871.764
592000000	-136376.319	-21948.320	-114427.998	-7882.117
593000000	-136338.903	-21974.681	-114364.221	-7907.285
594000000	-136369.511	-21990.357	-114379.153	-7921.268
595000000	-136372.865	-22030.757	-114342.108	-7964.665
596000000	-136385.038	-22007.193	-114377.845	-7942.691
597000000	-136300.654	-22026.989	-114273.666	-7961.803
598000000	-136344.522	-21961.304	-114383.218	-7898.655
599000000	-136288.685	-21944.020	-114344.665	-7876.195
600000000	-136460.720	-22020.511	-114440.209	-7951.366
601000000	-136463.156	-22031.088	-114432.068	-7965.439
602000000	-136262.533	-21930.473	-114332.060	-7866.158
603000000	-136292.822	-21908.298	-114384.524	-7841.180
604000000	-136404.478	-21992.102	-114412.376	-7922.746
605000000	-136423.676	-22034.696	-114388.980	-7968.937
606000000	-136363.677	-22004.552	-114359.125	-7941.433
607000000	-136364.582	-21976.979	-114387.603	-7913.939
608000000	-136406.276	-22026.866	-114379.409	-7961.875
609000000	-136370.179	-22021.892	-114348.287	-7954.991
610000000	-136411.222	-22033.888	-114377.334	-7968.252
611000000	-136413.791	-21982.612	-114431.179	-7919.251
612000000	-136331.339	-21946.506	-114384.833	-7879.300
613000000	-136287.962	-21969.646	-114318.316	-7900.185
614000000	-136216.917	-21883.495	-114333.422	-7818.207
615000000	-136286.063	-21941.168	-114344.895	-7874.959
616000000	-136368.758	-21968.104	-114400.654	-7900.642
617000000	-136242.052	-21938.203	-114303.849	-7873.088
618000000	-136262.547	-21934.948	-114327.599	-7868.222
619000000	-136372.149	-22007.816	-114364.333	-7941.826
620000000	-136343.909	-21966.224	-114377.685	-7901.475
621000000	-136503.563	-22062.634	-114440.929	-7994.723
622000000	-136418.570	-22028.831	-114389.739	-7960.947
623000000	-136279.042	-21926.456	-114352.585	-7861.210
624000000	-136264.948	-21953.240	-114311.709	-7887.200
625000000	-136433.186	-22006.728	-114426.459	-7939.906
626000000	-136354.985	-21997.078	-114357.907	-7930.035
627000000	-136358.633	-22035.100	-114323.533	-7969.920
628000000	-136354.093	-22045.121	-114308.973	-7980.853
629000000	-136402.844	-22024.971	-114377.873	-7960.560
630000000	-136446.995	-22074.061	-114372.934	-8008.981
631000000	-136391.546	-22024.013	-114367.532	-7954.567
632000000	-136419.701	-22017.986	-114401.715	-7951.070
633000000	-136383.030	-22005.523	-114377.507	-7941.210
634000000	-136330.649	-21964.043	-114366.606	-7897.368
635000000	-136321.422	-21959.648	-114361.774	-7891.188
636000000	-136287.745	-21944.722	-114343.023	-7878.642
637000000	-136389.454	-22025.190	-114364.264	-7959.256
638000000	-136350.734	-21964.866	-114385.868	-7900.447
639000000	-136372.088	-21975.733	-114396.355	-7910.379
640000000	-136364.303	-22040.497	-114323.806	-7975.859
641000000	-136325.864	-21981.296	-114344.568	-7913.337
642000000	-136340.216	-21997.988	-114342.229	-7931.089
643000000	-136318.901	-22001.448	-114317.453	-7934.672
644000000	-136282.794	-21945.240	-114337.554	-7880.752
645000000	-136456.883	-21974.942	-114481.941	-7907.005
646000000	-136366.101	-21956.202	-114409.899	-7888.609
647000000	-136294.588	-21970.570	-114324.019	-7902.846
648000000	-136263.975	-21984.378	-114279.597	-7918.472
649000000	-136270.648	-21962.097	-114308.551	-7896.778
650000000	-136320.575	-21999.558	-114321.016	-7930.768
651000000	-136375.389	-22014.566	-114360.822	-7945.723
652000000	-136337.903	-21991.856	-114346.047	-7927.042
653000000	-136385.423	-22018.617	-114366.806	-7955.239
654000000	-136383.002	-22074.870	-114308.132	-8009.244
655000000	-136452.352	-22102.700	-114349.652	-8036.962
656000000	-136498.001	-22101.161	-114396.840	-8036.900
657000000	-136321.646	-21997.451	-114324.194	-7932.208
658000000	-136269.949	-21989.658	-114280.291	-7922.515
659000000	-136418.688	-22034.974	-114383.714	-7970.707
660000000	-136364.261	-22035.041	-114329.221	-7968.166
661000000	-136390.349	-22028.886	-114361.463	-7965.102
662000000	-136300.383	-21973.138	-114327.245	-7907.973
663000000	-136402.937	-22018.734	-114384.204	-7954.014
664000000	-136401.143	-22060.475	-114340.669	-7995.628
665000000	-136299.244	-21979.705	-114319.539	-7914.824
666000000	-136375.893	-22024.924	-114350.969	-7958.117
667000000	-136307.256	-22011.779	-114295.477	-7942.372
668000000	-136438.911	-22045.394	-114393.516	-7981.691
669000000	-136386.288	-21991.037	-114395.251	-7928.231
670000000	-136297.066	-21951.814	-114345.252	-7886.764
671000000	-136291.385	-21965.528	-114325.856	-7898.096
672000000	-136340.859	-22009.543	-114331.316	-7940.245
673000000	-136384.138	-22004.920	-114379.218	-7938.322
674000000	-136277.283	-21973.679	-114303.604	-7908.212
675000000	-136404.959	-21950.388	-114454.571	-7885.509
676000000	-136358.617	-21951.656	-114406.961	-7886.750
677000000	-136255.706	-21954.511	-114301.195	-7886.442
678000000	-136331.435	-21969.058	-114362.377	-7902.835
679000000	-136341.560	-21962.194	-114379.366	-7893.679
680000000	-136303.125	-21955.624	-114347.500	-7889.773
681000000	-136390.303	-21968.174	-114422.129	-7902.349
682000000	-136363.581	-21965.221	-114398.361	-7899.906
683000000	-136422.778	-21998.943	-114423.835	-7933.251
684000000	-136395.541	-22008.299	-114387.242	-7942.490
685000000	-136356.150	-21952.504	-114403.646	-7885.814
686000000	-136291.373	-21898.190	-114393.183	-7831.634
687000000	-136356.511	-21985.186	-114371.325	-7921.578
688000000	-136406.615	-21994.869	-114411.747	-7930.702
689000000	-136417.817	-22046.826	-114370.991	-7980.905
690000000	-136404.487	-21959.889	-114444.598	-7893.819
691000000	-136343.683	-22023.928	-114319.754	-7959.444
692000000	-136402.132	-21995.445	-114406.687	-7926.951
693000000	-136403.708	-21963.747	-114439.961	-7895.753
694000000	-136313.426	-21927.391	-114386.034	-7861.122
695000000	-136425.863	-21999.057	-114426.805	-7933.397
696000000	-136391.553	-22031.391	-114360.162	-7965.940
697000000	-136448.523	-22073.553	-114374.970	-8010.312
698000000	-136481.797	-22021.513	-114460.284	-7958.082
699000000	-136369.355	-22016.340	-114353.015	-7952.758
700000000	-136307.244	-21984.175	-114323.070	-7917.829
701000000	-136327.901	-21987.955	-114339.946	-7921.926
702000000	-136320.557	-22009.947	-114310.610	-7946.168
703000000	-136301.360	-21951.201	-114350.159	-7886.542
704000000	-136335.291	-21981.087	-114354.204	-7914.313
705000000	-136348.652	-21979.390	-114369.262	-7915.335
706000000	-136281.741	-21907.674	-114374.067	-7841.755
707000000	-136327.758	-21988.105	-114339.654	-7919.865
708000000	-136314.025	-21932.235	-114381.790	-7861.389
709000000	-136312.766	-21990.436	-114322.330	-7926.514
710000000	-136354.033	-21930.853	-114423.180	-7866.530
711000000	-136322.953	-21922.208	-114400.745	-7856.724
712000000	-136371.582	-21986.750	-114384.832	-7921.113
713000000	-136389.762	-21994.150	-114395.612	-7929.911
714000000	-136329.279	-21914.336	-114414.943	-7849.795
715000000	-136337.755	-21988.512	-114349.243	-7921.468
716000000	-136311.372	-21981.932	-114329.440	-7919.757
717000000	-136299.600	-21989.673	-114309.927	-7922.571
718000000	-136404.005	-21993.459	-114410.546	-7927.483
719000000	-136354.384	-21964.611	-114389.773	-7895.789
720000000	-136322.512	-21959.411	-114363.101	-7891.324
721000000	-136314.157	-21979.295	-114334.861	-7912.308
722000000	-136379.405	-21978.918	-114400.486	-7912.625
723000000	-136386.827	-22061.797	-114325.030	-7993.875
724000000	-136321.767	-21968.365	-114353.402	-7902.247
725000000	-136311.492	-21980.962	-114330.530	-7914.984
726000000	-136393.174	-22002.755	-114390.419	-7936.072
727000000	-136376.886	-21967.088	-114409.798	-7904.289
728000000	-136288.710	-21944.980	-114343.730	-7881.333
729000000	-136254.379	-21965.967	-114288.412	-7899.799
730000000	-136282.397	-21931.369	-114351.028	-7865.186
731000000	-136241.619	-21954.919	-114286.699	-7888.425
732000000	-136254.387	-21932.195	-114322.192	-7865.982
733000000	-136259.469	-21882.338	-114377.131	-7815.791
734000000	-136253.902	-21910.332	-114343.570	-7841.560
735000000	-136377.470	-21964.752	-114412.718	-7899.779
736000000	-136309.938	-21960.805	-114349.133	-7895.798
737000000	-136258.885	-21948.249	-114310.636	-7883.151
738000000	-136310.848	-21940.285	-114370.563	-7874.142
739000000	-136344.172	-21931.990	-114412.183	-7867.812
740000000	-136262.988	-21890.872	-114372.116	-7824.520
741000000	-136202.568	-21897.361	-114305.208	-7831.216
742000000	-136252.346	-21915.873	-114336.473	-7851.790
743000000	-136227.401	-21866.508	-114360.892	-7798.108
744000000	-136211.788	-21869.442	-114342.346	-7801.062
745000000	-136195.971	-21864.426	-114331.546	-7798.228
746000000	-136198.777	-21885.833	-114312.944	-7818.488
747000000	-136212.704	-21911.927	-114300.777	-7845.151
748000000	-136283.910	-21920.754	-114363.156	-7854.373
749000000	-136425.941	-21970.265	-114455.676	-7904.968
750000000	-136399.652	-22048.705	-114350.947	-7983.017
751000000	-136318.107	-21981.290	-114336.817	-7917.291
752000000	-136369.793	-21983.833	-114385.960	-7919.149
753000000	-136411.150	-22051.529	-114359.621	-7986.819
754000000	-136328.059	-22012.371	-114315.688	-7945.475
755000000	-136289.150	-21994.328	-114294.822	-7928.171
756000000	-136360.340	-21996.591	-114363.749	-7929.018
757000000	-136309.417	-21975.801	-114333.616	-7908.786
758000000	-136309.382	-21920.664	-114388.718	-7855.890
759000000	-136304.939	-21906.825	-114398.114	-7840.607
760000000	-136290.945	-21927.979	-114362.966	-7862.517
761000000	-136345.399	-21959.512	-114385.888	-7894.131
762000000	-136292.850	-21883.667	-114409.183	-7818.761
763000000	-136310.520	-21980.933	-114329.587	-7912.645
764000000	-136320.284	-21911.740	-114408.544	-7843.412
765000000	-136300.458	-21919.874	-114380.583	-7852.130
766000000	-136399.423	-21967.424	-114432.000	-7899.634
767000000	-136275.741	-21947.757	-114327.984	-7879.049
768000000	-136430.802	-22000.743	-114430.059	-7935.332
769000000	-136396.597	-21986.368	-114410.229	-7919.712
770000000	-136314.051	-21956.042	-114358.010	-7888.811
771000000	-136426.360	-22001.924	-114424.436	-7937.103
772000000	-136351.495	-21945.937	-114405.558	-7881.980
773000000	-136300.469	-21923.202	-114377.267	-7857.633
774000000	-136360.277	-21984.038	-114376.239	-7919.241
775000000	-136421.764	-21990.752	-114431.012	-7926.598
776000000	-136339.707	-21949.399	-114390.308	-7883.392
777000000	-136337.715	-21954.484	-114383.231	-7887.037
778000000	-136290.667	-21943.492	-114347.176	-7876.520
779000000	-136347.236	-21971.359	-114375.877	-7904.465
780000000	-136302.859	-21953.811	-114349.048	-7884.934
781000000	-136343.481	-21955.354	-114388.127	-7890.481
782000000	-136370.238	-21973.155	-114397.083	-7907.634
783000000	-136351.886	-21941.398	-114410.488	-7875.341
784000000	-136344.591	-21966.839	-114377.752	-7903.264
785000000	-136428.438	-22012.492	-114415.946	-7945.533
786000000	-136295.508	-21954.335	-114341.173	-7886.983
787000000	-136361.338	-21997.853	-114363.485	-7932.848
788000000	-136431.636	-22026.046	-114405.589	-7961.587
789000000	-136341.149	-21988.910	-114352.239	-7926.467
790000000	-136330.395	-22025.564	-114304.831	-7961.732
791000000	-136360.597	-21981.956	-114378.640	-7916.728
792000000	-136305.799	-21936.485	-114369.314	-7869.705
793000000	-136312.039	-21934.473	-114377.566	-7868.645
794000000	-136350.094	-21927.912	-114422.182	-7860.836
795000000	-136314.266	-21916.336	-114397.930	-7852.736
796000000	-136272.787	-21880.816	-114391.971	-7814.269
797000000	-136285.231	-21911.514	-114373.718	-7845.084
798000000	-136275.356	-21898.700	-114376.657	-7833.439
799000000	-136234.405	-21849.777	-114384.627	-7783.677
800000000	-136303.696	-21927.763	-114375.933	-7862.383
