state	posterior	prior	likelihood	skygrid
1000000	-136347.390	-21953.913	-114393.477	-7888.080
2000000	-136381.179	-22029.530	-114351.649	-7963.015
3000000	-136341.208	-22023.410	-114317.798	-7958.456
4000000	-136449.486	-22052.359	-114397.128	-7989.333
5000000	-136437.264	-22002.074	-114435.190	-7936.505
6000000	-136348.612	-22026.353	-114322.259	-7964.683
7000000	-136338.721	-21976.415	-114362.306	-7908.974
8000000	-136307.016	-21982.154	-114324.862	-7918.938
9000000	-136362.653	-21951.628	-114411.024	-7886.305
10000000	-136285.914	-21937.154	-114348.760	-7869.432
11000000	-136302.435	-21964.438	-114337.997	-7900.806
12000000	-136381.648	-21939.629	-114442.019	-7875.640
13000000	-136347.081	-21950.572	-114396.508	-7885.076
14000000	-136293.477	-21990.998	-114302.479	-7924.770
15000000	-136346.561	-21977.996	-114368.565	-7912.203
16000000	-136325.080	-21972.197	-114352.883	-7904.537
17000000	-136289.402	-21967.834	-114321.568	-7901.994
18000000	-136333.157	-21944.435	-114388.722	-7880.289
19000000	-136381.294	-22053.152	-114328.142	-7986.065
20000000	-136338.836	-22017.902	-114320.934	-7952.221
21000000	-136307.790	-21991.120	-114316.670	-7924.906
22000000	-136319.533	-21974.335	-114345.198	-7906.680
23000000	-136429.600	-22057.360	-114372.240	-7989.162
24000000	-136280.329	-22035.977	-114244.352	-7969.808
25000000	-136372.291	-22015.975	-114356.316	-7948.391
26000000	-136365.159	-22114.287	-114250.871	-8047.730
27000000	-136361.279	-22038.919	-114322.360	-7971.377
28000000	-136441.854	-22119.235	-114322.619	-8051.231
29000000	-136458.666	-21998.754	-114459.912	-7934.471
30000000	-136417.999	-21984.455	-114433.545	-7918.753
31000000	-136366.063	-22024.005	-114342.058	-7957.838
32000000	-136400.299	-21995.561	-114404.739	-7929.953
33000000	-136439.947	-22014.866	-114425.081	-7950.737
34000000	-136373.049	-22021.833	-114351.216	-7958.002
35000000	-136327.528	-22020.159	-114307.369	-7954.866
36000000	-136307.058	-21972.447	-114334.611	-7906.087
37000000	-136305.643	-21998.969	-114306.674	-7932.764
38000000	-136381.740	-21991.961	-114389.780	-7924.316
39000000	-136382.400	-22016.561	-114365.839	-7946.949
40000000	-136324.218	-21981.853	-114342.364	-7916.949
41000000	-136444.950	-22012.049	-114432.901	-7945.593
42000000	-136445.744	-22031.311	-114414.433	-7966.715
43000000	-136362.010	-22019.063	-114342.947	-7955.389
44000000	-136325.452	-22023.656	-114301.795	-7957.543
45000000	-136404.774	-22041.726	-114363.048	-7975.101
46000000	-136392.360	-22019.460	-114372.900	-7954.377
47000000	-136444.126	-22027.978	-114416.148	-7963.702
48000000	-136342.605	-21995.002	-114347.603	-7931.060
49000000	-136351.125	-21968.288	-114382.836	-7900.892
50000000	-136306.934	-21978.017	-114328.917	-7911.288
51000000	-136365.344	-21990.453	-114374.891	-7924.842
52000000	-136301.782	-22008.862	-114292.920	-7942.771
53000000	-136348.324	-21997.038	-114351.286	-7927.822
54000000	-136337.291	-21973.353	-114363.938	-7906.567
55000000	-136416.655	-22017.138	-114399.517	-7950.831
56000000	-136342.831	-22006.977	-114335.854	-7939.519
57000000	-136346.580	-21986.442	-114360.139	-7921.525
58000000	-136392.599	-22001.005	-114391.594	-7934.580
59000000	-136398.315	-22033.180	-114365.135	-7966.851
60000000	-136349.327	-22033.413	-114315.914	-7968.501
61000000	-136451.273	-22052.965	-114398.308	-7986.917
62000000	-136372.410	-22030.216	-114342.194	-7965.849
63000000	-136346.453	-21973.628	-114372.825	-7907.975
64000000	-136275.320	-21959.021	-114316.300	-7894.342
65000000	-136407.066	-22007.256	-114399.810	-7941.546
66000000	-136262.875	-21926.251	-114336.624	-7860.840
67000000	-136250.965	-21967.362	-114283.603	-7903.123
68000000	-136342.725	-21963.502	-114379.223	-7898.620
69000000	-136262.693	-21941.979	-114320.714	-7877.800
70000000	-136209.309	-21920.786	-114288.523	-7852.832
71000000	-136318.356	-21909.647	-114408.708	-7845.753
72000000	-136334.870	-22001.770	-114333.100	-7938.435
73000000	-136369.068	-22007.922	-114361.146	-7941.355
74000000	-136372.930	-22037.859	-114335.071	-7971.629
75000000	-136407.602	-22018.485	-114389.117	-7953.088
76000000	-136459.305	-21969.759	-114489.546	-7904.353
77000000	-136387.731	-22015.776	-114371.956	-7951.545
78000000	-136284.576	-22052.081	-114232.495	-7986.811
79000000	-136410.954	-22032.836	-114378.118	-7966.246
80000000	-136374.925	-21970.857	-114404.067	-7905.329
81000000	-136372.271	-22021.744	-114350.526	-7956.478
82000000	-136301.305	-21981.038	-114320.267	-7915.121
83000000	-136359.972	-21953.042	-114406.929	-7888.834
84000000	-136363.063	-22001.333	-114361.730	-7935.943
85000000	-136378.905	-21975.508	-114403.397	-7910.092
86000000	-136462.789	-22039.979	-114422.809	-7972.679
87000000	-136508.372	-22079.843	-114428.530	-8013.484
88000000	-136321.520	-21975.959	-114345.561	-7909.733
89000000	-136367.491	-22034.913	-114332.579	-7970.390
90000000	-136379.258	-22006.779	-114372.479	-7939.796
91000000	-136209.612	-21917.532	-114292.079	-7850.967
92000000	-136261.907	-21960.160	-114301.748	-7893.938
93000000	-136259.382	-21952.512	-114306.870	-7885.706
94000000	-136325.817	-21936.015	-114389.802	-7870.976
95000000	-136339.615	-21977.757	-114361.859	-7913.024
96000000	-136387.284	-22062.750	-114324.535	-7997.347
97000000	-136416.991	-22022.373	-114394.617	-7955.599
98000000	-136315.794	-22003.348	-114312.446	-7938.837
99000000	-136347.394	-22000.855	-114346.538	-7936.825
100000000	-136346.111	-22004.614	-114341.497	-7940.522
101000000	-136287.552	-21980.402	-114307.149	-7915.528
102000000	-136299.926	-21971.424	-114328.502	-7904.050
103000000	-136379.300	-21993.842	-114385.458	-7926.732
104000000	-136233.288	-21922.767	-114310.521	-7856.784
105000000	-136255.825	-21947.545	-114308.280	-7882.712
106000000	-136395.091	-22024.805	-114370.286	-7958.856
107000000	-136377.152	-22003.606	-114373.546	-7937.548
108000000	-136228.152	-21914.170	-114313.982	-7847.725
109000000	-136268.796	-21996.608	-114272.188	-7929.799
110000000	-136307.635	-21978.793	-114328.842	-7914.191
111000000	-136290.236	-21991.876	-114298.360	-7925.251
112000000	-136309.273	-22003.154	-114306.120	-7935.043
113000000	-136280.388	-21971.770	-114308.618	-7905.137
114000000	-136292.574	-21990.525	-114302.049	-7924.402
115000000	-136299.064	-21993.564	-114305.500	-7929.347
116000000	-136347.964	-22037.170	-114310.794	-7970.536
117000000	-136345.794	-21977.309	-114368.485	-7910.030
118000000	-136332.776	-21954.662	-114378.114	-7890.596
119000000	-136344.667	-22051.594	-114293.073	-7986.492
120000000	-136307.223	-21994.996	-114312.227	-7928.541
121000000	-136392.921	-22037.817	-114355.103	-7974.853
122000000	-136316.701	-22009.942	-114306.759	-7943.346
123000000	-136318.477	-22001.094	-114317.383	-7935.057
124000000	-136380.806	-21988.774	-114392.032	-7923.436
125000000	-136368.662	-22030.418	-114338.244	-7965.804
126000000	-136440.189	-22051.408	-114388.781	-7986.152
127000000	-136337.305	-22000.673	-114336.632	-7935.547
128000000	-136365.916	-22043.463	-114322.454	-7976.594
129000000	-136452.653	-22107.623	-114345.030	-8040.423
130000000	-136466.797	-22073.130	-114393.667	-8005.155
131000000	-136440.700	-22080.704	-114359.997	-8015.266
132000000	-136389.096	-22074.040	-114315.056	-8008.868
133000000	-136437.700	-22072.683	-114365.016	-8005.591
134000000	-136404.595	-22060.637	-114343.958	-7993.752
135000000	-136284.726	-21982.478	-114302.248	-7917.636
136000000	-136392.179	-22033.318	-114358.861	-7969.261
137000000	-136342.829	-22019.266	-114323.563	-7955.893
138000000	-136374.825	-22048.081	-114326.745	-7981.421
139000000	-136437.983	-22050.271	-114387.711	-7984.539
140000000	-136354.876	-22056.313	-114298.563	-7988.733
141000000	-136381.623	-22004.086	-114377.538	-7941.558
142000000	-136364.691	-22039.566	-114325.126	-7972.243
143000000	-136443.929	-22103.195	-114340.734	-8035.331
144000000	-136379.130	-22044.499	-114334.631	-7978.505
145000000	-136506.267	-22113.366	-114392.900	-8050.189
146000000	-136354.593	-22057.411	-114297.182	-7991.723
147000000	-136373.654	-22014.660	-114358.995	-7948.394
148000000	-136458.732	-22087.009	-114371.723	-8021.269
149000000	-136458.290	-22083.103	-114375.187	-8017.659
150000000	-136436.948	-22086.587	-114350.361	-8019.806
151000000	-136474.816	-22116.818	-114357.999	-8050.347
152000000	-136401.284	-22081.608	-114319.676	-8013.438
153000000	-136408.050	-22051.850	-114356.200	-7988.637
154000000	-136450.956	-22078.998	-114371.959	-8013.558
155000000	-136395.089	-22070.093	-114324.996	-8004.049
156000000	-136477.051	-22080.928	-114396.123	-8016.959
157000000	-136429.393	-22109.693	-114319.700	-8044.216
158000000	-136471.329	-22060.309	-114411.020	-7994.461
159000000	-136446.624	-22046.462	-114400.161	-7978.630
160000000	-136347.826	-22018.787	-114329.040	-7952.906
161000000	-136318.805	-22021.937	-114296.868	-7956.825
162000000	-136357.181	-22019.190	-114337.991	-7953.830
163000000	-136403.170	-22092.460	-114310.711	-8029.892
164000000	-136342.417	-22047.290	-114295.127	-7980.486
165000000	-136352.160	-22040.393	-114311.767	-7974.351
166000000	-136327.451	-21997.234	-114330.217	-7933.227
167000000	-136315.681	-21994.832	-114320.850	-7929.590
168000000	-136436.761	-22034.909	-114401.852	-7972.517
169000000	-136411.923	-22024.328	-114387.595	-7957.505
170000000	-136302.342	-21995.725	-114306.618	-7930.583
171000000	-136275.838	-21949.787	-114326.051	-7886.999
172000000	-136262.182	-21995.696	-114266.486	-7930.699
173000000	-136326.584	-21991.964	-114334.620	-7928.796
174000000	-136289.721	-21965.381	-114324.340	-7900.829
175000000	-136307.573	-21998.220	-114309.353	-7935.205
176000000	-136342.199	-21986.796	-114355.403	-7921.278
177000000	-136308.043	-21982.257	-114325.786	-7922.165
178000000	-136256.515	-21994.100	-114262.414	-7929.563
179000000	-136359.017	-21991.682	-114367.334	-7925.937
180000000	-136287.058	-21987.026	-114300.032	-7925.085
181000000	-136287.237	-21981.606	-114305.631	-7917.334
182000000	-136385.366	-22080.768	-114304.598	-8014.655
183000000	-136315.648	-22011.172	-114304.476	-7944.889
184000000	-136387.038	-22084.144	-114302.894	-8021.227
185000000	-136343.580	-22006.654	-114336.925	-7940.660
186000000	-136325.833	-22042.961	-114282.872	-7976.922
187000000	-136351.985	-22022.805	-114329.180	-7958.715
188000000	-136356.944	-22038.284	-114318.660	-7972.745
189000000	-136421.908	-22064.269	-114357.639	-7999.404
190000000	-136382.367	-22010.972	-114371.395	-7946.241
191000000	-136417.237	-22043.678	-114373.559	-7979.075
192000000	-136389.884	-22028.823	-114361.061	-7961.465
193000000	-136423.440	-22047.144	-114376.296	-7982.893
194000000	-136363.965	-21996.889	-114367.076	-7931.036
195000000	-136311.730	-22006.953	-114304.776	-7943.039
196000000	-136369.171	-22026.387	-114342.784	-7962.744
197000000	-136393.256	-22042.790	-114350.466	-7977.022
198000000	-136397.828	-22001.528	-114396.300	-7936.023
199000000	-136416.411	-22027.970	-114388.441	-7964.017
200000000	-136308.319	-21971.112	-114337.207	-7909.296
