state	pscore
1000000	2177
2000000	2174
3000000	2173
4000000	2174
5000000	2172
6000000	2174
7000000	2173
8000000	2172
9000000	2173
10000000	2172
11000000	2173
12000000	2171
13000000	2172
14000000	2171
15000000	2174
16000000	2170
17000000	2171
18000000	2170
19000000	2171
20000000	2174
21000000	2172
22000000	2174
23000000	2175
24000000	2171
25000000	2172
26000000	2173
27000000	2173
28000000	2172
29000000	2174
30000000	2171
31000000	2170
32000000	2173
33000000	2172
34000000	2173
35000000	2174
36000000	2169
37000000	2170
38000000	2177
39000000	2173
40000000	2172
41000000	2175
42000000	2174
43000000	2173
44000000	2176
45000000	2171
46000000	2172
47000000	2173
48000000	2173
49000000	2170
50000000	2172
51000000	2170
52000000	2173
53000000	2172
54000000	2170
55000000	2171
56000000	2172
57000000	2173
58000000	2178
59000000	2171
60000000	2173
61000000	2170
62000000	2169
63000000	2179
64000000	2172
65000000	2175
66000000	2175
67000000	2170
68000000	2172
69000000	2170
70000000	2175
71000000	2175
72000000	2176
73000000	2172
74000000	2176
75000000	2171
76000000	2171
77000000	2172
78000000	2169
79000000	2176
80000000	2170
81000000	2171
82000000	2170
83000000	2173
84000000	2174
85000000	2174
86000000	2174
87000000	2177
88000000	2174
89000000	2175
90000000	2174
91000000	2176
92000000	2173
93000000	2177
94000000	2176
95000000	2176
96000000	2177
97000000	2175
98000000	2171
99000000	2174
100000000	2177
101000000	2177
102000000	2173
103000000	2171
104000000	2173
105000000	2175
106000000	2178
107000000	2173
108000000	2173
109000000	2170
110000000	2174
111000000	2172
112000000	2173
113000000	2176
114000000	2171
115000000	2175
116000000	2176
117000000	2169
118000000	2171
119000000	2171
120000000	2173
121000000	2174
122000000	2172
123000000	2173
124000000	2172
125000000	2177
126000000	2176
127000000	2172
128000000	2171
129000000	2170
130000000	2179
131000000	2170
132000000	2172
133000000	2173
134000000	2170
135000000	2170
136000000	2175
137000000	2178
138000000	2173
139000000	2172
140000000	2172
141000000	2172
142000000	2173
143000000	2172
144000000	2171
145000000	2169
146000000	2171
147000000	2177
148000000	2172
149000000	2172
150000000	2171
151000000	2174
152000000	2173
153000000	2172
154000000	2174
155000000	2174
156000000	2171
157000000	2173
158000000	2169
159000000	2173
160000000	2176
161000000	2174
162000000	2168
163000000	2174
164000000	2173
165000000	2172
166000000	2173
167000000	2173
168000000	2170
169000000	2176
170000000	2178
171000000	2174
172000000	2172
173000000	2175
174000000	2176
175000000	2178
176000000	2175
177000000	2173
178000000	2170
179000000	2177
180000000	2179
181000000	2174
182000000	2172
183000000	2173
184000000	2175
185000000	2174
186000000	2174
187000000	2174
188000000	2170
189000000	2169
190000000	2171
191000000	2176
192000000	2174
193000000	2170
194000000	2171
195000000	2172
196000000	2169
197000000	2173
198000000	2174
199000000	2169
200000000	2172
201000000	2173
202000000	2175
203000000	2173
204000000	2174
205000000	2174
206000000	2175
207000000	2172
208000000	2178
209000000	2173
210000000	2173
211000000	2174
212000000	2172
213000000	2173
214000000	2174
215000000	2169
216000000	2170
217000000	2170
218000000	2174
219000000	2171
220000000	2170
221000000	2172
222000000	2170
223000000	2171
224000000	2171
225000000	2171
226000000	2172
227000000	2172
228000000	2169
229000000	2174
230000000	2170
231000000	2176
232000000	2175
233000000	2169
234000000	2172
235000000	2170
236000000	2170
237000000	2172
238000000	2172
239000000	2170
240000000	2172
241000000	2172
242000000	2171
243000000	2169
244000000	2169
245000000	2175
246000000	2174
247000000	2174
248000000	2175
249000000	2173
250000000	2175
251000000	2173
252000000	2169
253000000	2170
254000000	2171
255000000	2172
256000000	2173
257000000	2172
258000000	2178
259000000	2174
260000000	2178
261000000	2174
262000000	2173
263000000	2173
264000000	2173
265000000	2171
266000000	2175
267000000	2171
268000000	2173
269000000	2173
270000000	2177
271000000	2180
272000000	2174
273000000	2175
274000000	2178
275000000	2173
276000000	2173
277000000	2175
278000000	2178
279000000	2175
280000000	2175
281000000	2173
282000000	2175
283000000	2174
284000000	2172
285000000	2173
286000000	2171
287000000	2174
288000000	2172
289000000	2171
290000000	2170
291000000	2169
292000000	2170
293000000	2174
294000000	2175
295000000	2169
296000000	2173
297000000	2176
298000000	2177
299000000	2173
300000000	2169
301000000	2172
302000000	2174
303000000	2171
304000000	2175
305000000	2170
306000000	2170
307000000	2176
308000000	2175
309000000	2173
310000000	2171
311000000	2169
312000000	2175
313000000	2171
314000000	2172
315000000	2169
316000000	2173
317000000	2169
318000000	2174
319000000	2173
320000000	2172
321000000	2172
322000000	2174
323000000	2174
324000000	2173
325000000	2178
326000000	2175
327000000	2173
328000000	2174
329000000	2175
330000000	2173
331000000	2170
332000000	2171
333000000	2174
334000000	2170
335000000	2171
336000000	2172
337000000	2170
338000000	2172
339000000	2175
340000000	2173
341000000	2176
342000000	2175
343000000	2175
344000000	2171
345000000	2172
346000000	2172
347000000	2178
348000000	2169
349000000	2171
350000000	2170
351000000	2177
352000000	2174
353000000	2173
354000000	2173
355000000	2176
356000000	2171
357000000	2174
358000000	2175
359000000	2175
360000000	2170
361000000	2171
362000000	2172
363000000	2170
364000000	2175
365000000	2171
366000000	2172
367000000	2173
368000000	2175
369000000	2175
370000000	2173
371000000	2176
372000000	2174
373000000	2175
374000000	2170
375000000	2169
376000000	2173
377000000	2172
378000000	2172
379000000	2174
380000000	2170
381000000	2172
382000000	2172
383000000	2169
384000000	2177
385000000	2172
386000000	2171
387000000	2173
388000000	2171
389000000	2171
390000000	2169
391000000	2171
392000000	2176
393000000	2171
394000000	2176
395000000	2175
396000000	2173
397000000	2171
398000000	2170
399000000	2171
400000000	2170
401000000	2173
402000000	2171
403000000	2173
404000000	2172
405000000	2170
406000000	2175
407000000	2174
408000000	2173
409000000	2177
410000000	2174
411000000	2173
412000000	2172
413000000	2174
414000000	2172
415000000	2171
416000000	2171
417000000	2176
418000000	2172
419000000	2173
420000000	2175
421000000	2177
422000000	2168
423000000	2172
424000000	2175
425000000	2170
426000000	2172
427000000	2170
428000000	2170
429000000	2175
430000000	2170
431000000	2171
432000000	2171
433000000	2170
434000000	2172
435000000	2170
436000000	2172
437000000	2175
438000000	2172
439000000	2171
440000000	2178
441000000	2177
442000000	2176
443000000	2174
444000000	2173
445000000	2172
446000000	2174
447000000	2169
448000000	2169
449000000	2171
450000000	2174
451000000	2170
452000000	2177
453000000	2172
454000000	2172
455000000	2172
456000000	2173
457000000	2175
458000000	2170
459000000	2177
460000000	2168
461000000	2171
462000000	2174
463000000	2174
464000000	2172
465000000	2171
466000000	2175
467000000	2175
468000000	2178
469000000	2173
470000000	2172
471000000	2176
472000000	2172
473000000	2175
474000000	2175
475000000	2174
476000000	2173
477000000	2173
478000000	2173
479000000	2177
480000000	2173
481000000	2172
482000000	2176
483000000	2171
484000000	2169
485000000	2173
486000000	2177
487000000	2172
488000000	2172
489000000	2170
490000000	2176
491000000	2168
492000000	2171
493000000	2173
494000000	2175
495000000	2175
496000000	2179
497000000	2176
498000000	2169
499000000	2171
500000000	2171
501000000	2171
502000000	2172
503000000	2176
504000000	2176
505000000	2177
506000000	2171
507000000	2169
508000000	2171
509000000	2172
510000000	2175
511000000	2171
512000000	2171
513000000	2173
514000000	2170
515000000	2174
516000000	2172
517000000	2171
518000000	2172
519000000	2170
520000000	2170
521000000	2172
522000000	2172
523000000	2170
524000000	2171
525000000	2173
526000000	2170
527000000	2172
528000000	2173
529000000	2172
530000000	2172
531000000	2172
532000000	2172
533000000	2170
534000000	2174
535000000	2174
536000000	2169
537000000	2171
538000000	2170
539000000	2173
540000000	2170
541000000	2175
542000000	2173
543000000	2176
544000000	2174
545000000	2170
546000000	2176
547000000	2176
548000000	2174
549000000	2175
550000000	2174
551000000	2171
552000000	2174
553000000	2171
554000000	2171
555000000	2171
556000000	2170
557000000	2171
558000000	2173
559000000	2172
560000000	2173
561000000	2173
562000000	2174
563000000	2172
564000000	2174
565000000	2178
566000000	2174
567000000	2172
568000000	2177
569000000	2171
570000000	2168
571000000	2173
572000000	2172
573000000	2172
574000000	2173
575000000	2168
576000000	2178
577000000	2173
578000000	2170
579000000	2171
580000000	2170
581000000	2172
582000000	2170
583000000	2175
584000000	2171
585000000	2174
586000000	2172
587000000	2176
588000000	2179
589000000	2176
590000000	2175
591000000	2175
592000000	2171
593000000	2170
594000000	2176
595000000	2172
596000000	2175
597000000	2177
598000000	2170
599000000	2172
600000000	2175
601000000	2173
602000000	2171
603000000	2172
604000000	2169
605000000	2173
606000000	2174
607000000	2171
608000000	2170
609000000	2174
610000000	2173
611000000	2171
612000000	2172
613000000	2170
614000000	2170
615000000	2169
616000000	2169
617000000	2172
618000000	2172
619000000	2172
620000000	2174
621000000	2170
622000000	2173
623000000	2169
624000000	2171
625000000	2171
626000000	2173
627000000	2173
628000000	2171
629000000	2171
630000000	2172
631000000	2170
632000000	2169
633000000	2169
634000000	2172
635000000	2173
636000000	2177
637000000	2173
638000000	2175
639000000	2175
640000000	2172
641000000	2170
642000000	2176
643000000	2175
644000000	2174
645000000	2175
646000000	2172
647000000	2174
648000000	2172
649000000	2174
650000000	2172
651000000	2177
652000000	2174
653000000	2170
654000000	2172
655000000	2173
656000000	2172
657000000	2172
658000000	2171
659000000	2171
660000000	2174
661000000	2169
662000000	2170
663000000	2175
664000000	2176
665000000	2172
666000000	2177
667000000	2171
668000000	2170
669000000	2170
670000000	2174
671000000	2172
672000000	2175
673000000	2174
674000000	2173
675000000	2174
676000000	2173
677000000	2172
678000000	2170
679000000	2177
680000000	2170
681000000	2169
682000000	2170
683000000	2172
684000000	2175
685000000	2170
686000000	2172
687000000	2172
688000000	2169
689000000	2170
690000000	2171
691000000	2174
692000000	2173
693000000	2171
694000000	2175
695000000	2172
696000000	2170
697000000	2169
698000000	2169
699000000	2174
700000000	2172
701000000	2169
702000000	2170
703000000	2169
704000000	2172
705000000	2176
706000000	2174
707000000	2174
708000000	2172
709000000	2171
710000000	2172
711000000	2170
712000000	2169
713000000	2170
714000000	2169
715000000	2170
716000000	2169
717000000	2175
718000000	2173
719000000	2175
720000000	2175
721000000	2171
722000000	2169
723000000	2172
724000000	2171
725000000	2171
726000000	2173
727000000	2170
728000000	2176
729000000	2174
730000000	2175
731000000	2175
732000000	2171
733000000	2172
734000000	2172
735000000	2171
736000000	2168
737000000	2174
738000000	2174
739000000	2177
740000000	2173
741000000	2172
742000000	2170
743000000	2173
744000000	2171
745000000	2170
746000000	2171
747000000	2171
748000000	2174
749000000	2169
750000000	2170
751000000	2170
752000000	2172
753000000	2173
754000000	2175
755000000	2172
756000000	2171
757000000	2173
758000000	2177
759000000	2174
760000000	2175
761000000	2175
762000000	2172
763000000	2175
764000000	2174
765000000	2177
766000000	2176
767000000	2175
768000000	2173
769000000	2174
770000000	2169
771000000	2173
772000000	2172
773000000	2171
774000000	2173
775000000	2171
776000000	2173
777000000	2176
778000000	2173
779000000	2174
780000000	2177
781000000	2170
782000000	2174
783000000	2168
784000000	2171
785000000	2170
786000000	2174
787000000	2173
788000000	2172
789000000	2176
790000000	2176
791000000	2171
792000000	2169
793000000	2170
794000000	2170
795000000	2174
796000000	2174
797000000	2171
798000000	2172
799000000	2169
800000000	2172
