state	posterior	prior	likelihood	skygrid
1000000	-38588.331	-4886.492	-33701.840	-1199.489
2000000	-38577.582	-4871.489	-33706.093	-1184.109
3000000	-38552.631	-4848.764	-33703.867	-1160.509
4000000	-38572.940	-4889.961	-33682.980	-1202.801
5000000	-38569.766	-4873.016	-33696.750	-1186.025
6000000	-38516.972	-4844.814	-33672.158	-1157.407
7000000	-38550.844	-4861.739	-33689.105	-1175.193
8000000	-38547.657	-4865.177	-33682.480	-1176.802
9000000	-38557.572	-4873.743	-33683.828	-1186.183
10000000	-38596.854	-4877.464	-33719.390	-1190.467
11000000	-38626.185	-4913.374	-33712.811	-1227.241
12000000	-38589.206	-4883.843	-33705.362	-1196.349
13000000	-38582.988	-4857.275	-33725.714	-1170.284
14000000	-38647.173	-4924.110	-33723.063	-1237.817
15000000	-38617.075	-4904.106	-33712.969	-1215.946
16000000	-38536.000	-4841.159	-33694.840	-1151.374
17000000	-38558.995	-4855.069	-33703.926	-1166.101
18000000	-38586.821	-4877.298	-33709.523	-1190.438
19000000	-38557.319	-4825.431	-33731.887	-1135.791
20000000	-38557.651	-4887.295	-33670.357	-1201.075
21000000	-38568.430	-4858.581	-33709.850	-1171.697
22000000	-38579.841	-4840.779	-33739.061	-1153.416
23000000	-38589.337	-4882.946	-33706.391	-1196.210
24000000	-38543.617	-4864.803	-33678.815	-1176.411
25000000	-38598.729	-4902.454	-33696.276	-1215.489
26000000	-38564.513	-4854.201	-33710.312	-1168.547
27000000	-38574.981	-4877.478	-33697.504	-1189.801
28000000	-38546.643	-4851.324	-33695.319	-1162.312
29000000	-38586.200	-4878.694	-33707.506	-1192.766
30000000	-38580.236	-4873.228	-33707.008	-1186.020
31000000	-38568.073	-4861.973	-33706.100	-1176.281
32000000	-38574.552	-4894.269	-33680.283	-1207.300
33000000	-38576.573	-4887.454	-33689.119	-1199.280
34000000	-38598.640	-4897.465	-33701.175	-1210.172
35000000	-38587.052	-4876.760	-33710.292	-1190.236
36000000	-38529.556	-4844.918	-33684.637	-1155.644
37000000	-38612.054	-4887.775	-33724.279	-1200.809
38000000	-38617.076	-4881.009	-33736.067	-1192.825
39000000	-38575.484	-4889.288	-33686.196	-1201.421
40000000	-38554.677	-4870.270	-33684.407	-1183.645
41000000	-38558.936	-4858.036	-33700.900	-1172.074
42000000	-38561.191	-4873.871	-33687.320	-1187.066
43000000	-38561.054	-4871.017	-33690.038	-1183.696
44000000	-38617.112	-4896.969	-33720.143	-1209.214
45000000	-38584.530	-4886.975	-33697.556	-1200.014
46000000	-38609.784	-4860.427	-33749.357	-1171.008
47000000	-38545.319	-4855.135	-33690.184	-1169.213
48000000	-38569.053	-4847.397	-33721.657	-1160.291
49000000	-38610.966	-4906.261	-33704.705	-1219.318
50000000	-38590.556	-4887.054	-33703.502	-1198.950
51000000	-38638.568	-4901.350	-33737.218	-1214.512
52000000	-38631.643	-4879.616	-33752.027	-1190.400
53000000	-38561.444	-4884.433	-33677.011	-1196.846
54000000	-38548.665	-4856.604	-33692.061	-1168.630
55000000	-38551.669	-4865.943	-33685.725	-1177.718
56000000	-38607.425	-4893.585	-33713.840	-1207.600
57000000	-38571.589	-4854.477	-33717.113	-1167.778
58000000	-38611.442	-4908.234	-33703.209	-1221.317
59000000	-38543.619	-4875.135	-33668.483	-1188.640
60000000	-38580.737	-4855.945	-33724.792	-1167.920
61000000	-38575.776	-4873.490	-33702.287	-1187.149
62000000	-38570.993	-4864.326	-33706.667	-1177.294
63000000	-38579.215	-4858.762	-33720.453	-1171.543
64000000	-38518.095	-4798.699	-33719.396	-1107.291
65000000	-38504.307	-4832.861	-33671.446	-1144.979
66000000	-38517.105	-4823.546	-33693.559	-1136.243
67000000	-38605.071	-4884.023	-33721.048	-1196.906
68000000	-38619.656	-4915.414	-33704.242	-1227.905
69000000	-38561.532	-4866.031	-33695.501	-1176.847
70000000	-38549.646	-4859.184	-33690.461	-1173.092
71000000	-38554.423	-4847.214	-33707.210	-1160.604
72000000	-38596.381	-4881.466	-33714.914	-1193.434
73000000	-38589.117	-4865.106	-33724.011	-1176.291
74000000	-38553.705	-4866.713	-33686.993	-1180.372
75000000	-38593.528	-4891.947	-33701.580	-1204.920
76000000	-38522.311	-4869.825	-33652.486	-1183.249
77000000	-38587.767	-4882.516	-33705.251	-1196.050
78000000	-38566.771	-4874.177	-33692.594	-1187.271
79000000	-38631.727	-4912.355	-33719.373	-1226.010
80000000	-38555.681	-4884.534	-33671.148	-1197.167
81000000	-38545.311	-4870.274	-33675.036	-1181.576
82000000	-38592.376	-4889.630	-33702.745	-1201.643
83000000	-38569.829	-4865.782	-33704.047	-1179.010
84000000	-38592.751	-4881.472	-33711.279	-1192.764
85000000	-38598.484	-4884.556	-33713.928	-1196.741
86000000	-38603.373	-4886.191	-33717.182	-1199.713
87000000	-38601.086	-4869.810	-33731.276	-1181.868
88000000	-38546.138	-4841.212	-33704.926	-1153.215
89000000	-38584.755	-4851.207	-33733.548	-1164.240
90000000	-38583.436	-4876.774	-33706.662	-1188.864
91000000	-38594.785	-4865.878	-33728.907	-1176.962
92000000	-38568.251	-4884.365	-33683.886	-1198.517
93000000	-38571.021	-4868.737	-33702.283	-1182.880
94000000	-38571.823	-4862.945	-33708.878	-1174.361
95000000	-38571.500	-4854.689	-33716.811	-1168.293
96000000	-38536.901	-4834.541	-33702.360	-1146.172
97000000	-38546.628	-4834.134	-33712.494	-1146.284
98000000	-38514.813	-4845.649	-33669.163	-1158.500
99000000	-38556.657	-4870.400	-33686.257	-1183.416
100000000	-38597.562	-4888.338	-33709.224	-1199.767
101000000	-38596.148	-4860.086	-33736.062	-1172.872
102000000	-38545.021	-4856.167	-33688.854	-1168.128
103000000	-38570.584	-4881.890	-33688.695	-1195.537
104000000	-38559.294	-4882.341	-33676.954	-1195.163
105000000	-38593.155	-4877.439	-33715.716	-1189.982
106000000	-38594.553	-4872.164	-33722.390	-1185.131
107000000	-38562.477	-4868.318	-33694.158	-1181.284
108000000	-38552.129	-4838.049	-33714.080	-1150.927
109000000	-38552.324	-4859.538	-33692.786	-1171.132
110000000	-38561.160	-4856.407	-33704.752	-1170.336
111000000	-38546.509	-4857.832	-33688.678	-1171.199
112000000	-38584.037	-4858.962	-33725.075	-1169.681
113000000	-38634.515	-4881.654	-33752.861	-1194.412
114000000	-38575.825	-4902.490	-33673.336	-1213.803
115000000	-38616.608	-4879.209	-33737.400	-1192.418
116000000	-38592.371	-4893.108	-33699.263	-1206.482
117000000	-38594.402	-4895.666	-33698.735	-1207.852
118000000	-38572.014	-4876.685	-33695.329	-1189.474
119000000	-38574.636	-4873.283	-33701.353	-1184.634
120000000	-38585.473	-4877.721	-33707.752	-1188.911
121000000	-38573.389	-4854.987	-33718.402	-1168.174
122000000	-38593.667	-4880.542	-33713.125	-1193.272
123000000	-38594.244	-4879.391	-33714.853	-1191.856
124000000	-38560.260	-4877.795	-33682.466	-1189.786
125000000	-38590.239	-4885.462	-33704.778	-1198.924
126000000	-38556.681	-4849.379	-33707.302	-1163.135
127000000	-38600.296	-4874.563	-33725.733	-1187.950
128000000	-38572.803	-4869.643	-33703.160	-1183.072
129000000	-38534.258	-4852.276	-33681.981	-1163.962
130000000	-38597.870	-4878.815	-33719.055	-1191.124
131000000	-38600.519	-4909.648	-33690.871	-1222.886
132000000	-38575.012	-4874.451	-33700.561	-1186.343
133000000	-38585.947	-4885.982	-33699.965	-1199.098
134000000	-38543.460	-4849.183	-33694.277	-1160.176
135000000	-38557.797	-4883.906	-33673.891	-1194.786
136000000	-38583.112	-4886.036	-33697.075	-1197.912
137000000	-38595.909	-4892.137	-33703.772	-1205.435
138000000	-38552.586	-4859.273	-33693.313	-1172.965
139000000	-38557.890	-4859.540	-33698.350	-1171.800
140000000	-38575.540	-4877.312	-33698.228	-1189.709
141000000	-38530.156	-4866.553	-33663.603	-1179.310
142000000	-38542.130	-4854.774	-33687.356	-1167.431
143000000	-38574.184	-4842.567	-33731.617	-1152.409
144000000	-38617.257	-4911.480	-33705.777	-1223.067
145000000	-38601.588	-4910.153	-33691.434	-1222.784
146000000	-38616.922	-4916.183	-33700.738	-1228.481
147000000	-38526.942	-4834.039	-33692.903	-1143.970
148000000	-38582.586	-4876.017	-33706.570	-1188.142
149000000	-38586.124	-4897.784	-33688.340	-1210.377
150000000	-38565.419	-4859.066	-33706.353	-1171.399
151000000	-38552.683	-4847.639	-33705.044	-1157.442
152000000	-38555.322	-4860.817	-33694.505	-1171.395
153000000	-38594.847	-4896.456	-33698.391	-1209.473
154000000	-38572.402	-4881.644	-33690.759	-1194.083
155000000	-38603.974	-4895.831	-33708.143	-1207.796
156000000	-38575.876	-4862.797	-33713.079	-1174.770
157000000	-38548.536	-4844.021	-33704.515	-1154.393
158000000	-38491.422	-4826.959	-33664.462	-1137.556
159000000	-38522.820	-4853.301	-33669.519	-1165.627
160000000	-38562.337	-4829.058	-33733.279	-1140.510
161000000	-38555.783	-4856.842	-33698.941	-1169.210
162000000	-38582.923	-4879.657	-33703.266	-1192.148
163000000	-38584.056	-4863.186	-33720.870	-1175.343
164000000	-38626.341	-4895.012	-33731.329	-1205.938
165000000	-38548.590	-4843.123	-33705.468	-1157.088
166000000	-38598.247	-4883.738	-33714.509	-1197.481
167000000	-38587.535	-4877.332	-33710.203	-1190.307
168000000	-38586.221	-4885.637	-33700.584	-1199.324
169000000	-38580.768	-4885.173	-33695.595	-1197.975
170000000	-38598.405	-4889.369	-33709.037	-1203.580
171000000	-38540.647	-4858.680	-33681.967	-1171.581
172000000	-38536.474	-4873.215	-33663.259	-1186.097
173000000	-38648.337	-4886.490	-33761.847	-1198.970
174000000	-38545.054	-4838.902	-33706.152	-1152.861
175000000	-38596.110	-4863.546	-33732.564	-1177.181
176000000	-38570.884	-4887.307	-33683.576	-1200.879
177000000	-38531.040	-4862.483	-33668.557	-1175.992
178000000	-38604.512	-4879.235	-33725.277	-1191.206
179000000	-38585.853	-4860.871	-33724.982	-1173.954
180000000	-38598.930	-4882.324	-33716.606	-1195.526
181000000	-38594.944	-4890.631	-33704.313	-1203.580
182000000	-38572.483	-4866.853	-33705.630	-1177.253
183000000	-38579.596	-4879.534	-33700.062	-1193.204
184000000	-38542.537	-4851.819	-33690.718	-1164.807
185000000	-38548.587	-4849.213	-33699.374	-1163.067
186000000	-38569.823	-4855.356	-33714.467	-1168.408
187000000	-38591.085	-4873.663	-33717.423	-1184.853
188000000	-38573.885	-4889.137	-33684.748	-1201.265
189000000	-38527.652	-4854.914	-33672.738	-1168.857
190000000	-38544.702	-4860.468	-33684.234	-1172.292
191000000	-38564.036	-4879.566	-33684.470	-1193.042
192000000	-38606.740	-4867.453	-33739.288	-1179.687
193000000	-38604.688	-4897.433	-33707.255	-1210.114
194000000	-38598.062	-4902.379	-33695.683	-1216.150
195000000	-38571.890	-4883.841	-33688.048	-1197.001
196000000	-38644.629	-4936.816	-33707.813	-1250.207
197000000	-38585.451	-4848.053	-33737.398	-1161.949
198000000	-38605.231	-4886.383	-33718.848	-1199.587
199000000	-38592.716	-4869.617	-33723.099	-1181.340
200000000	-38568.240	-4872.352	-33695.888	-1186.237
201000000	-38549.775	-4840.338	-33709.437	-1152.445
202000000	-38601.341	-4889.469	-33711.872	-1202.895
203000000	-38543.666	-4845.453	-33698.213	-1158.233
204000000	-38593.222	-4876.898	-33716.324	-1188.249
205000000	-38577.112	-4861.223	-33715.888	-1174.382
206000000	-38601.904	-4883.920	-33717.984	-1195.561
207000000	-38580.223	-4887.645	-33692.578	-1200.550
208000000	-38613.305	-4884.604	-33728.701	-1197.413
209000000	-38584.523	-4881.332	-33703.191	-1194.620
210000000	-38602.409	-4892.185	-33710.224	-1204.403
211000000	-38591.500	-4895.240	-33696.260	-1207.932
212000000	-38569.733	-4877.772	-33691.962	-1191.621
213000000	-38601.234	-4890.185	-33711.048	-1202.857
214000000	-38578.485	-4875.018	-33703.468	-1187.268
215000000	-38544.510	-4858.100	-33686.410	-1169.429
216000000	-38537.904	-4862.946	-33674.958	-1175.494
217000000	-38572.654	-4886.743	-33685.911	-1199.539
218000000	-38577.439	-4885.064	-33692.375	-1198.008
219000000	-38620.873	-4895.210	-33725.663	-1207.741
220000000	-38582.349	-4872.259	-33710.090	-1186.657
221000000	-38579.702	-4892.032	-33687.670	-1203.743
222000000	-38563.138	-4881.138	-33682.000	-1194.797
223000000	-38572.243	-4866.929	-33705.314	-1176.932
224000000	-38562.177	-4880.312	-33681.865	-1191.838
225000000	-38591.167	-4903.700	-33687.467	-1216.813
226000000	-38577.669	-4871.148	-33706.522	-1182.897
227000000	-38549.693	-4864.470	-33685.223	-1175.847
228000000	-38510.220	-4853.066	-33657.155	-1163.864
229000000	-38575.112	-4871.215	-33703.897	-1184.441
230000000	-38538.597	-4841.056	-33697.541	-1153.149
231000000	-38606.423	-4851.968	-33754.455	-1162.363
232000000	-38554.609	-4841.611	-33712.998	-1153.263
233000000	-38552.909	-4885.007	-33667.902	-1198.524
234000000	-38602.895	-4864.281	-33738.615	-1177.561
235000000	-38563.830	-4870.142	-33693.688	-1181.701
236000000	-38534.713	-4838.205	-33696.508	-1148.390
237000000	-38600.889	-4886.993	-33713.895	-1199.165
238000000	-38635.472	-4894.726	-33740.746	-1206.426
239000000	-38555.634	-4874.805	-33680.829	-1188.796
240000000	-38567.222	-4865.335	-33701.887	-1178.651
241000000	-38595.001	-4896.320	-33698.681	-1209.086
242000000	-38608.064	-4873.648	-33734.416	-1186.448
243000000	-38590.745	-4900.971	-33689.774	-1214.504
244000000	-38579.062	-4876.597	-33702.465	-1188.375
245000000	-38591.133	-4881.483	-33709.650	-1193.390
246000000	-38618.717	-4910.377	-33708.339	-1224.132
247000000	-38560.901	-4833.983	-33726.918	-1147.109
248000000	-38555.395	-4873.423	-33681.972	-1184.652
249000000	-38597.804	-4886.456	-33711.349	-1200.061
250000000	-38574.282	-4862.876	-33711.406	-1176.015
251000000	-38589.661	-4878.298	-33711.363	-1189.212
252000000	-38542.827	-4858.583	-33684.244	-1171.730
253000000	-38566.403	-4876.408	-33689.996	-1189.612
254000000	-38574.621	-4879.630	-33694.991	-1192.190
255000000	-38582.758	-4861.499	-33721.260	-1174.467
256000000	-38613.280	-4895.458	-33717.822	-1207.783
257000000	-38538.637	-4853.453	-33685.183	-1166.795
258000000	-38560.647	-4849.103	-33711.544	-1160.172
259000000	-38538.301	-4860.418	-33677.883	-1173.239
260000000	-38541.025	-4847.485	-33693.540	-1160.190
261000000	-38552.131	-4858.331	-33693.800	-1170.816
262000000	-38553.111	-4851.416	-33701.695	-1163.767
263000000	-38602.859	-4881.302	-33721.557	-1192.741
264000000	-38599.503	-4890.203	-33709.300	-1200.701
265000000	-38586.229	-4887.237	-33698.992	-1198.751
266000000	-38543.198	-4838.637	-33704.561	-1150.187
267000000	-38564.844	-4862.692	-33702.153	-1174.979
268000000	-38597.815	-4901.712	-33696.102	-1215.572
269000000	-38560.488	-4871.639	-33688.850	-1184.321
270000000	-38582.123	-4853.735	-33728.388	-1167.504
271000000	-38597.425	-4879.112	-33718.312	-1193.059
272000000	-38577.168	-4857.344	-33719.824	-1168.934
273000000	-38558.635	-4850.708	-33707.927	-1163.170
274000000	-38568.880	-4846.252	-33722.629	-1159.860
275000000	-38540.567	-4866.512	-33674.055	-1178.789
276000000	-38591.397	-4853.621	-33737.777	-1165.475
277000000	-38535.876	-4852.199	-33683.678	-1165.349
278000000	-38633.754	-4886.509	-33747.245	-1198.294
279000000	-38575.748	-4846.358	-33729.390	-1159.198
280000000	-38548.967	-4870.065	-33678.902	-1182.097
281000000	-38538.394	-4847.962	-33690.432	-1160.310
282000000	-38550.398	-4864.470	-33685.928	-1178.249
283000000	-38584.364	-4867.905	-33716.459	-1182.235
284000000	-38549.968	-4864.679	-33685.289	-1177.756
285000000	-38579.765	-4854.732	-33725.033	-1168.749
286000000	-38561.676	-4849.774	-33711.902	-1160.854
287000000	-38581.231	-4854.857	-33726.374	-1166.398
288000000	-38544.750	-4851.460	-33693.290	-1163.185
289000000	-38599.888	-4869.214	-33730.674	-1182.483
290000000	-38567.742	-4881.123	-33686.619	-1194.134
291000000	-38596.902	-4857.140	-33739.762	-1168.304
292000000	-38588.953	-4905.806	-33683.147	-1217.915
293000000	-38584.069	-4868.482	-33715.587	-1180.471
294000000	-38600.299	-4892.319	-33707.980	-1205.158
295000000	-38557.586	-4856.816	-33700.769	-1168.376
296000000	-38606.296	-4897.537	-33708.759	-1211.885
297000000	-38522.671	-4819.915	-33702.757	-1133.205
298000000	-38527.022	-4855.139	-33671.883	-1168.673
299000000	-38582.357	-4886.703	-33695.654	-1200.307
300000000	-38561.830	-4861.741	-33700.089	-1174.286
301000000	-38599.307	-4887.402	-33711.905	-1198.520
302000000	-38556.282	-4846.257	-33710.024	-1159.968
303000000	-38570.082	-4890.089	-33679.994	-1203.001
304000000	-38588.534	-4880.700	-33707.834	-1193.967
305000000	-38605.652	-4888.576	-33717.076	-1200.466
306000000	-38572.074	-4881.680	-33690.393	-1193.650
307000000	-38565.408	-4886.656	-33678.752	-1199.959
308000000	-38547.058	-4851.393	-33695.665	-1165.448
309000000	-38555.282	-4863.372	-33691.910	-1176.296
310000000	-38526.111	-4844.043	-33682.068	-1156.207
311000000	-38583.265	-4854.340	-33728.925	-1164.577
312000000	-38627.381	-4890.821	-33736.561	-1204.265
313000000	-38553.041	-4867.457	-33685.584	-1181.042
314000000	-38561.601	-4873.969	-33687.632	-1186.066
315000000	-38564.249	-4887.019	-33677.230	-1200.044
316000000	-38605.006	-4891.212	-33713.794	-1205.488
317000000	-38580.017	-4907.619	-33672.398	-1220.262
318000000	-38539.639	-4849.050	-33690.589	-1161.904
319000000	-38579.172	-4877.304	-33701.868	-1187.590
320000000	-38551.393	-4856.589	-33694.804	-1169.399
321000000	-38543.905	-4861.124	-33682.781	-1174.885
322000000	-38546.874	-4852.176	-33694.698	-1166.219
323000000	-38585.108	-4884.804	-33700.304	-1197.819
324000000	-38548.677	-4848.727	-33699.949	-1162.347
325000000	-38600.262	-4863.423	-33736.839	-1175.640
326000000	-38587.338	-4864.124	-33723.214	-1176.876
327000000	-38602.498	-4890.074	-33712.425	-1203.983
328000000	-38586.198	-4862.968	-33723.230	-1175.530
329000000	-38574.458	-4862.891	-33711.567	-1175.650
330000000	-38588.128	-4886.804	-33701.324	-1200.344
331000000	-38572.184	-4895.787	-33676.397	-1208.719
332000000	-38565.457	-4881.054	-33684.403	-1194.301
333000000	-38594.537	-4892.358	-33702.180	-1204.853
334000000	-38587.502	-4879.579	-33707.923	-1194.068
335000000	-38554.610	-4871.818	-33682.792	-1185.777
336000000	-38618.652	-4894.389	-33724.263	-1206.962
337000000	-38585.273	-4874.649	-33710.624	-1186.139
338000000	-38576.733	-4861.329	-33715.404	-1173.118
339000000	-38578.871	-4868.970	-33709.901	-1182.213
340000000	-38564.100	-4870.350	-33693.750	-1183.650
341000000	-38603.463	-4870.428	-33733.035	-1183.741
342000000	-38571.152	-4857.986	-33713.166	-1170.626
343000000	-38592.628	-4886.334	-33706.294	-1198.408
344000000	-38584.030	-4862.180	-33721.850	-1176.099
345000000	-38539.912	-4867.112	-33672.800	-1180.497
346000000	-38565.933	-4854.862	-33711.071	-1167.514
347000000	-38601.382	-4861.417	-33739.965	-1172.709
348000000	-38561.668	-4864.186	-33697.482	-1177.559
349000000	-38558.406	-4853.093	-33705.313	-1163.379
350000000	-38554.141	-4876.798	-33677.343	-1187.839
351000000	-38600.434	-4884.820	-33715.614	-1197.956
352000000	-38574.091	-4871.785	-33702.305	-1184.878
353000000	-38618.352	-4905.146	-33713.206	-1218.552
354000000	-38586.777	-4890.909	-33695.868	-1202.561
355000000	-38533.429	-4831.546	-33701.883	-1145.269
356000000	-38549.965	-4877.965	-33672.000	-1190.575
357000000	-38550.755	-4850.158	-33700.597	-1163.292
358000000	-38577.419	-4879.164	-33698.256	-1191.896
359000000	-38591.172	-4893.111	-33698.061	-1206.342
360000000	-38579.238	-4884.391	-33694.847	-1197.244
361000000	-38584.152	-4891.309	-33692.843	-1203.155
362000000	-38570.198	-4872.049	-33698.149	-1182.834
363000000	-38605.765	-4866.278	-33739.487	-1179.235
364000000	-38588.642	-4873.882	-33714.761	-1187.933
365000000	-38517.637	-4843.758	-33673.878	-1155.923
366000000	-38600.045	-4873.339	-33726.706	-1187.252
367000000	-38549.457	-4864.779	-33684.678	-1176.065
368000000	-38598.057	-4874.781	-33723.276	-1187.793
369000000	-38622.343	-4885.447	-33736.896	-1197.322
370000000	-38584.366	-4901.993	-33682.373	-1215.556
371000000	-38614.988	-4904.627	-33710.361	-1215.813
372000000	-38593.713	-4900.668	-33693.045	-1212.432
373000000	-38557.709	-4843.538	-33714.171	-1155.884
374000000	-38613.633	-4913.865	-33699.768	-1226.516
375000000	-38547.085	-4858.366	-33688.720	-1170.614
376000000	-38609.590	-4898.133	-33711.457	-1211.283
377000000	-38581.664	-4883.270	-33698.394	-1194.780
378000000	-38609.487	-4896.473	-33713.014	-1208.231
379000000	-38532.252	-4853.515	-33678.736	-1166.095
380000000	-38569.430	-4873.341	-33696.088	-1185.455
381000000	-38569.090	-4870.109	-33698.981	-1181.385
382000000	-38575.630	-4872.435	-33703.194	-1184.377
383000000	-38566.182	-4866.828	-33699.354	-1178.189
384000000	-38571.602	-4862.533	-33709.069	-1176.306
385000000	-38542.718	-4868.127	-33674.591	-1181.363
386000000	-38544.081	-4854.469	-33689.612	-1166.842
387000000	-38561.310	-4880.071	-33681.239	-1193.608
388000000	-38584.875	-4876.032	-33708.844	-1188.911
389000000	-38594.599	-4892.628	-33701.970	-1204.513
390000000	-38601.629	-4902.728	-33698.901	-1215.406
391000000	-38543.142	-4851.685	-33691.457	-1163.903
392000000	-38543.430	-4872.616	-33670.814	-1184.149
393000000	-38592.460	-4902.587	-33689.874	-1215.088
394000000	-38598.831	-4899.155	-33699.676	-1212.638
395000000	-38593.602	-4881.963	-33711.639	-1195.150
396000000	-38562.550	-4871.845	-33690.704	-1183.922
397000000	-38552.175	-4859.656	-33692.520	-1168.962
398000000	-38604.583	-4894.236	-33710.347	-1206.921
399000000	-38635.287	-4908.924	-33726.364	-1222.075
400000000	-38589.251	-4866.934	-33722.317	-1179.442
401000000	-38552.497	-4845.544	-33706.953	-1156.972
402000000	-38582.407	-4873.863	-33708.543	-1184.846
403000000	-38574.262	-4856.660	-33717.602	-1167.779
404000000	-38578.097	-4850.286	-33727.812	-1163.387
405000000	-38589.106	-4882.414	-33706.692	-1193.659
406000000	-38556.223	-4852.804	-33703.419	-1164.402
407000000	-38613.857	-4889.143	-33724.714	-1202.829
408000000	-38585.981	-4878.298	-33707.682	-1190.300
409000000	-38604.397	-4901.614	-33702.783	-1213.842
410000000	-38600.733	-4876.293	-33724.440	-1190.465
411000000	-38530.859	-4843.214	-33687.645	-1155.863
412000000	-38616.516	-4907.364	-33709.152	-1220.873
413000000	-38599.444	-4882.817	-33716.627	-1195.584
414000000	-38533.059	-4845.371	-33687.688	-1156.265
415000000	-38573.316	-4883.153	-33690.163	-1195.798
416000000	-38625.614	-4895.670	-33729.944	-1209.473
417000000	-38579.691	-4865.538	-33714.153	-1176.947
418000000	-38571.294	-4881.362	-33689.932	-1194.736
419000000	-38598.103	-4898.757	-33699.345	-1210.242
420000000	-38566.974	-4857.737	-33709.237	-1171.127
421000000	-38593.353	-4878.142	-33715.211	-1190.682
422000000	-38607.019	-4902.787	-33704.231	-1214.810
423000000	-38575.701	-4883.564	-33692.138	-1196.181
424000000	-38587.021	-4856.642	-33730.379	-1169.219
425000000	-38581.581	-4884.328	-33697.253	-1197.280
426000000	-38538.637	-4849.890	-33688.747	-1161.047
427000000	-38563.834	-4872.302	-33691.533	-1183.805
428000000	-38562.631	-4851.835	-33710.796	-1163.875
429000000	-38583.317	-4845.740	-33737.577	-1156.438
430000000	-38597.266	-4903.497	-33693.769	-1216.005
431000000	-38551.594	-4851.345	-33700.249	-1163.645
432000000	-38544.166	-4862.716	-33681.451	-1176.625
433000000	-38546.070	-4850.720	-33695.350	-1162.153
434000000	-38544.776	-4846.535	-33698.241	-1157.749
435000000	-38560.453	-4893.728	-33666.725	-1206.633
436000000	-38611.203	-4884.916	-33726.286	-1199.268
437000000	-38584.763	-4892.234	-33692.529	-1205.501
438000000	-38623.705	-4923.876	-33699.829	-1236.623
439000000	-38595.852	-4886.953	-33708.899	-1199.196
440000000	-38569.271	-4851.977	-33717.294	-1164.199
441000000	-38564.787	-4866.783	-33698.004	-1176.434
442000000	-38571.425	-4877.313	-33694.112	-1190.121
443000000	-38570.501	-4849.687	-33720.815	-1162.945
444000000	-38592.509	-4881.565	-33710.944	-1194.123
445000000	-38562.827	-4858.673	-33704.154	-1173.000
446000000	-38549.674	-4872.705	-33676.969	-1185.693
447000000	-38594.837	-4890.558	-33704.280	-1202.965
448000000	-38565.352	-4862.744	-33702.608	-1174.684
449000000	-38552.538	-4865.458	-33687.080	-1179.501
450000000	-38587.588	-4875.903	-33711.685	-1189.310
451000000	-38573.433	-4862.713	-33710.719	-1175.505
452000000	-38624.953	-4900.303	-33724.651	-1212.646
453000000	-38561.024	-4887.742	-33673.282	-1200.441
454000000	-38564.682	-4854.339	-33710.343	-1168.655
455000000	-38548.330	-4857.269	-33691.060	-1169.432
456000000	-38541.856	-4842.468	-33699.388	-1155.429
457000000	-38622.058	-4903.126	-33718.933	-1215.463
458000000	-38536.833	-4854.845	-33681.988	-1167.650
459000000	-38613.108	-4857.328	-33755.781	-1168.442
460000000	-38550.468	-4866.747	-33683.721	-1180.518
461000000	-38564.953	-4859.324	-33705.629	-1172.753
462000000	-38574.105	-4859.814	-33714.291	-1170.548
463000000	-38581.922	-4870.260	-33711.661	-1183.858
464000000	-38554.391	-4876.121	-33678.271	-1189.061
465000000	-38575.627	-4879.718	-33695.910	-1192.156
466000000	-38580.525	-4878.224	-33702.301	-1190.648
467000000	-38550.470	-4860.987	-33689.483	-1174.255
468000000	-38600.567	-4905.204	-33695.363	-1218.406
469000000	-38560.514	-4872.520	-33687.994	-1186.080
470000000	-38575.908	-4905.848	-33670.060	-1217.410
471000000	-38572.325	-4868.865	-33703.460	-1181.993
472000000	-38562.518	-4852.050	-33710.468	-1161.971
473000000	-38605.088	-4897.859	-33707.229	-1209.487
474000000	-38607.029	-4865.226	-33741.803	-1178.690
475000000	-38571.872	-4870.218	-33701.654	-1181.948
476000000	-38594.386	-4889.670	-33704.717	-1203.280
477000000	-38570.218	-4881.114	-33689.104	-1193.913
478000000	-38594.153	-4870.586	-33723.567	-1182.816
479000000	-38587.823	-4891.833	-33695.990	-1205.530
480000000	-38583.021	-4884.312	-33698.709	-1197.597
481000000	-38578.644	-4885.804	-33692.840	-1198.297
482000000	-38551.021	-4852.853	-33698.169	-1165.594
483000000	-38577.622	-4879.346	-33698.276	-1191.338
484000000	-38574.667	-4850.804	-33723.863	-1162.684
485000000	-38596.530	-4887.495	-33709.034	-1199.544
486000000	-38570.641	-4865.871	-33704.770	-1179.951
487000000	-38561.897	-4867.836	-33694.062	-1181.658
488000000	-38577.845	-4866.083	-33711.762	-1176.273
489000000	-38591.932	-4891.932	-33700.000	-1205.960
490000000	-38511.387	-4823.822	-33687.565	-1136.716
491000000	-38548.324	-4869.971	-33678.353	-1181.467
492000000	-38562.780	-4825.340	-33737.440	-1135.425
493000000	-38606.096	-4898.646	-33707.451	-1210.819
494000000	-38553.991	-4856.258	-33697.733	-1169.654
495000000	-38568.891	-4859.805	-33709.086	-1173.265
496000000	-38606.075	-4885.713	-33720.363	-1197.563
497000000	-38573.900	-4852.146	-33721.754	-1165.582
498000000	-38539.143	-4847.882	-33691.261	-1161.715
499000000	-38551.305	-4877.669	-33673.636	-1189.611
500000000	-38586.229	-4859.633	-33726.596	-1171.816
501000000	-38542.676	-4855.858	-33686.818	-1168.606
502000000	-38573.933	-4862.761	-33711.172	-1175.676
503000000	-38585.503	-4861.594	-33723.908	-1174.488
504000000	-38549.153	-4829.131	-33720.022	-1142.235
505000000	-38572.950	-4850.846	-33722.104	-1164.321
506000000	-38544.336	-4874.158	-33670.178	-1186.723
507000000	-38566.195	-4854.631	-33711.564	-1167.744
508000000	-38572.376	-4876.608	-33695.769	-1187.914
509000000	-38567.684	-4851.763	-33715.921	-1162.581
510000000	-38561.443	-4865.266	-33696.177	-1178.311
511000000	-38585.936	-4864.340	-33721.597	-1178.243
512000000	-38603.682	-4894.190	-33709.492	-1205.455
513000000	-38583.271	-4862.044	-33721.227	-1174.177
514000000	-38547.040	-4854.225	-33692.816	-1164.905
515000000	-38609.047	-4901.679	-33707.369	-1213.454
516000000	-38579.076	-4891.561	-33687.516	-1203.388
517000000	-38556.438	-4858.710	-33697.727	-1170.652
518000000	-38572.308	-4862.199	-33710.109	-1174.336
519000000	-38611.187	-4893.926	-33717.261	-1207.947
520000000	-38508.886	-4823.197	-33685.689	-1132.839
521000000	-38540.805	-4841.326	-33699.479	-1155.139
522000000	-38594.615	-4894.849	-33699.766	-1207.941
523000000	-38603.248	-4906.717	-33696.531	-1220.526
524000000	-38591.051	-4882.822	-33708.229	-1195.998
525000000	-38583.537	-4860.720	-33722.818	-1171.627
526000000	-38619.403	-4928.981	-33690.422	-1242.286
527000000	-38564.815	-4882.329	-33682.487	-1193.938
528000000	-38548.492	-4848.772	-33699.720	-1160.936
529000000	-38594.684	-4876.182	-33718.502	-1188.233
530000000	-38531.305	-4839.530	-33691.774	-1151.661
531000000	-38569.885	-4862.135	-33707.750	-1173.550
532000000	-38574.070	-4875.518	-33698.552	-1186.405
533000000	-38580.011	-4885.428	-33694.583	-1197.961
534000000	-38565.583	-4887.595	-33677.988	-1199.765
535000000	-38587.647	-4869.423	-33718.224	-1182.619
536000000	-38571.335	-4884.692	-33686.643	-1197.607
537000000	-38568.564	-4852.854	-33715.710	-1164.888
538000000	-38581.775	-4883.750	-33698.025	-1197.242
539000000	-38550.696	-4840.608	-33710.088	-1151.074
540000000	-38559.723	-4851.846	-33707.877	-1162.015
541000000	-38584.456	-4881.200	-33703.257	-1193.026
542000000	-38556.596	-4875.815	-33680.781	-1188.533
543000000	-38575.484	-4847.267	-33728.217	-1160.806
544000000	-38567.187	-4865.262	-33701.925	-1177.927
545000000	-38574.450	-4880.951	-33693.499	-1193.297
546000000	-38549.667	-4844.162	-33705.505	-1155.286
547000000	-38579.437	-4852.516	-33726.921	-1163.142
548000000	-38581.130	-4887.229	-33693.901	-1200.716
549000000	-38589.441	-4890.336	-33699.104	-1203.362
550000000	-38594.853	-4891.871	-33702.982	-1205.628
551000000	-38607.635	-4905.095	-33702.540	-1217.410
552000000	-38618.062	-4902.614	-33715.447	-1215.050
553000000	-38587.881	-4878.055	-33709.826	-1190.806
554000000	-38542.768	-4846.378	-33696.389	-1160.445
555000000	-38544.279	-4857.645	-33686.634	-1171.145
556000000	-38578.257	-4891.868	-33686.390	-1204.706
557000000	-38530.335	-4829.258	-33701.078	-1142.962
558000000	-38544.923	-4845.751	-33699.171	-1156.157
559000000	-38547.393	-4855.815	-33691.578	-1169.225
560000000	-38547.090	-4867.657	-33679.433	-1178.315
561000000	-38583.213	-4870.948	-33712.265	-1183.247
562000000	-38597.986	-4880.517	-33717.469	-1193.549
563000000	-38554.953	-4839.989	-33714.964	-1153.916
564000000	-38584.406	-4889.060	-33695.346	-1202.275
565000000	-38585.878	-4860.855	-33725.023	-1173.002
566000000	-38618.202	-4888.536	-33729.666	-1202.805
567000000	-38564.317	-4873.806	-33690.511	-1186.894
568000000	-38602.779	-4865.088	-33737.691	-1177.101
569000000	-38572.631	-4844.764	-33727.867	-1157.400
570000000	-38554.418	-4871.218	-33683.201	-1183.935
571000000	-38604.028	-4898.828	-33705.200	-1211.259
572000000	-38503.756	-4850.554	-33653.202	-1163.511
573000000	-38584.572	-4882.091	-33702.481	-1193.598
574000000	-38560.992	-4865.797	-33695.194	-1178.617
575000000	-38547.353	-4862.918	-33684.435	-1176.050
576000000	-38573.011	-4840.667	-33732.343	-1154.110
577000000	-38573.984	-4863.765	-33710.219	-1176.674
578000000	-38557.960	-4848.499	-33709.461	-1159.475
579000000	-38573.923	-4876.913	-33697.010	-1189.725
580000000	-38578.891	-4862.397	-33716.494	-1175.253
581000000	-38580.104	-4857.699	-33722.405	-1171.554
582000000	-38571.353	-4878.678	-33692.675	-1191.849
583000000	-38585.663	-4891.675	-33693.987	-1205.868
584000000	-38581.432	-4903.930	-33677.502	-1216.114
585000000	-38574.170	-4856.318	-33717.853	-1169.179
586000000	-38537.253	-4854.255	-33682.998	-1165.563
587000000	-38574.875	-4846.696	-33728.180	-1160.567
588000000	-38564.291	-4831.057	-33733.234	-1142.275
589000000	-38589.565	-4875.467	-33714.099	-1186.333
590000000	-38608.862	-4892.295	-33716.567	-1205.653
591000000	-38601.447	-4861.934	-33739.513	-1172.180
592000000	-38543.360	-4861.529	-33681.831	-1174.291
593000000	-38600.345	-4898.602	-33701.742	-1212.795
594000000	-38602.332	-4903.287	-33699.045	-1216.137
595000000	-38574.344	-4848.993	-33725.352	-1160.700
596000000	-38558.925	-4836.643	-33722.282	-1147.707
597000000	-38538.145	-4845.000	-33693.144	-1156.089
598000000	-38574.076	-4886.468	-33687.609	-1199.228
599000000	-38559.690	-4867.110	-33692.580	-1181.245
600000000	-38584.876	-4865.439	-33719.437	-1177.422
601000000	-38556.107	-4874.495	-33681.613	-1187.323
602000000	-38607.940	-4871.060	-33736.880	-1182.972
603000000	-38594.334	-4866.929	-33727.405	-1179.534
604000000	-38590.936	-4898.546	-33692.390	-1210.802
605000000	-38603.483	-4891.279	-33712.204	-1205.419
606000000	-38586.711	-4871.381	-33715.330	-1182.541
607000000	-38618.721	-4899.460	-33719.261	-1211.564
608000000	-38564.757	-4864.892	-33699.865	-1176.210
609000000	-38582.229	-4886.794	-33695.435	-1199.817
610000000	-38565.032	-4862.913	-33702.119	-1175.885
611000000	-38565.560	-4891.144	-33674.415	-1204.390
612000000	-38569.488	-4881.158	-33688.329	-1192.090
613000000	-38571.644	-4880.621	-33691.023	-1193.480
614000000	-38543.459	-4834.915	-33708.544	-1146.115
615000000	-38589.522	-4890.164	-33699.358	-1203.037
616000000	-38590.605	-4898.428	-33692.177	-1211.707
617000000	-38558.109	-4869.202	-33688.907	-1182.802
618000000	-38612.434	-4898.784	-33713.649	-1210.488
619000000	-38580.289	-4883.419	-33696.869	-1196.961
620000000	-38582.694	-4884.377	-33698.317	-1196.674
621000000	-38551.161	-4871.812	-33679.349	-1182.821
622000000	-38565.003	-4861.837	-33703.166	-1174.507
623000000	-38535.161	-4839.467	-33695.694	-1152.846
624000000	-38576.103	-4886.850	-33689.252	-1199.672
625000000	-38590.031	-4883.560	-33706.471	-1197.391
626000000	-38585.277	-4887.107	-33698.171	-1199.919
627000000	-38587.134	-4846.862	-33740.271	-1159.934
628000000	-38569.743	-4879.708	-33690.035	-1192.655
629000000	-38595.704	-4882.206	-33713.499	-1194.440
630000000	-38602.113	-4889.117	-33712.995	-1201.034
631000000	-38514.132	-4828.745	-33685.387	-1139.066
632000000	-38558.225	-4863.999	-33694.227	-1174.193
633000000	-38571.253	-4859.376	-33711.877	-1169.087
634000000	-38586.383	-4875.271	-33711.112	-1189.104
635000000	-38635.215	-4907.308	-33727.906	-1220.629
636000000	-38568.462	-4844.436	-33724.025	-1158.610
637000000	-38566.277	-4868.960	-33697.317	-1180.882
638000000	-38577.287	-4868.538	-33708.749	-1180.612
639000000	-38581.802	-4866.699	-33715.103	-1179.785
640000000	-38558.293	-4876.145	-33682.148	-1188.840
641000000	-38583.581	-4856.263	-33727.318	-1169.690
642000000	-38521.675	-4836.767	-33684.907	-1150.367
643000000	-38619.500	-4926.444	-33693.056	-1239.923
644000000	-38573.240	-4881.130	-33692.111	-1193.429
645000000	-38573.721	-4875.283	-33698.438	-1187.855
646000000	-38525.430	-4856.408	-33669.022	-1169.222
647000000	-38566.524	-4847.966	-33718.558	-1160.992
648000000	-38606.301	-4890.583	-33715.718	-1203.979
649000000	-38593.464	-4886.855	-33706.609	-1200.688
650000000	-38621.078	-4903.944	-33717.134	-1215.742
651000000	-38542.301	-4834.865	-33707.435	-1145.997
652000000	-38615.629	-4909.475	-33706.154	-1222.879
653000000	-38619.717	-4900.298	-33719.419	-1212.179
654000000	-38589.408	-4872.062	-33717.345	-1184.442
655000000	-38560.093	-4853.246	-33706.846	-1162.339
656000000	-38599.018	-4880.766	-33718.252	-1193.216
657000000	-38612.137	-4903.078	-33709.058	-1216.261
658000000	-38623.932	-4896.705	-33727.226	-1208.062
659000000	-38594.764	-4873.646	-33721.118	-1188.007
660000000	-38592.169	-4893.815	-33698.354	-1206.141
661000000	-38561.882	-4844.422	-33717.460	-1154.690
662000000	-38590.101	-4881.109	-33708.992	-1193.546
663000000	-38494.815	-4794.256	-33700.559	-1103.043
664000000	-38596.891	-4866.700	-33730.191	-1180.859
665000000	-38528.260	-4848.827	-33679.433	-1161.765
666000000	-38570.441	-4870.309	-33700.133	-1184.281
667000000	-38589.167	-4904.265	-33684.902	-1215.332
668000000	-38564.291	-4857.118	-33707.173	-1169.878
669000000	-38591.650	-4902.802	-33688.848	-1215.500
670000000	-38561.732	-4884.493	-33677.239	-1197.836
671000000	-38542.932	-4874.568	-33668.363	-1188.131
672000000	-38619.370	-4885.897	-33733.474	-1198.029
673000000	-38526.188	-4829.446	-33696.742	-1142.480
674000000	-38516.871	-4832.606	-33684.265	-1144.956
675000000	-38564.015	-4870.185	-33693.830	-1183.164
676000000	-38590.717	-4900.932	-33689.786	-1213.188
677000000	-38543.287	-4844.450	-33698.837	-1154.129
678000000	-38586.592	-4871.489	-33715.104	-1183.772
679000000	-38600.699	-4876.613	-33724.086	-1189.949
680000000	-38515.599	-4851.274	-33664.325	-1165.048
681000000	-38521.359	-4837.586	-33683.773	-1151.694
682000000	-38565.056	-4866.037	-33699.019	-1177.844
683000000	-38606.182	-4880.578	-33725.604	-1192.821
684000000	-38610.291	-4892.436	-33717.855	-1205.487
685000000	-38536.381	-4858.749	-33677.632	-1169.783
686000000	-38602.609	-4889.061	-33713.548	-1201.717
687000000	-38586.435	-4898.914	-33687.521	-1211.793
688000000	-38538.484	-4835.596	-33702.888	-1147.691
689000000	-38570.605	-4892.360	-33678.245	-1205.849
690000000	-38616.136	-4885.136	-33730.999	-1197.105
691000000	-38590.406	-4897.079	-33693.328	-1210.464
692000000	-38569.203	-4866.467	-33702.736	-1179.371
693000000	-38540.747	-4871.212	-33669.535	-1183.818
694000000	-38587.320	-4872.635	-33714.685	-1185.014
695000000	-38586.879	-4882.526	-33704.353	-1193.440
696000000	-38598.083	-4882.313	-33715.770	-1193.346
697000000	-38586.846	-4890.228	-33696.618	-1203.113
698000000	-38581.273	-4877.803	-33703.470	-1189.190
699000000	-38561.990	-4878.529	-33683.461	-1191.415
700000000	-38535.634	-4863.748	-33671.886	-1176.323
701000000	-38565.487	-4867.794	-33697.693	-1180.027
702000000	-38560.591	-4870.493	-33690.099	-1184.225
703000000	-38562.363	-4869.120	-33693.243	-1180.075
704000000	-38606.045	-4907.319	-33698.727	-1219.164
705000000	-38557.127	-4872.659	-33684.469	-1186.674
706000000	-38588.023	-4868.905	-33719.118	-1182.111
707000000	-38564.011	-4855.245	-33708.766	-1167.301
708000000	-38529.769	-4847.191	-33682.579	-1158.240
709000000	-38599.296	-4895.127	-33704.168	-1208.996
710000000	-38569.290	-4872.569	-33696.721	-1184.223
711000000	-38592.542	-4889.417	-33703.125	-1201.745
712000000	-38545.627	-4861.975	-33683.652	-1174.637
713000000	-38601.338	-4879.487	-33721.851	-1192.787
714000000	-38574.260	-4897.365	-33676.895	-1210.263
715000000	-38564.805	-4875.103	-33689.702	-1187.259
716000000	-38575.152	-4876.646	-33698.506	-1187.995
717000000	-38552.698	-4857.331	-33695.368	-1170.787
718000000	-38605.557	-4897.868	-33707.688	-1210.262
719000000	-38581.325	-4866.391	-33714.934	-1178.675
720000000	-38571.642	-4871.858	-33699.785	-1184.926
721000000	-38607.097	-4911.644	-33695.453	-1223.431
722000000	-38564.788	-4882.357	-33682.431	-1192.531
723000000	-38537.571	-4866.194	-33671.377	-1178.552
724000000	-38576.486	-4871.240	-33705.246	-1183.943
725000000	-38589.534	-4900.852	-33688.682	-1213.876
726000000	-38626.614	-4891.675	-33734.940	-1203.907
727000000	-38553.468	-4877.241	-33676.227	-1189.891
728000000	-38561.951	-4855.657	-33706.293	-1169.307
729000000	-38584.621	-4876.252	-33708.369	-1187.670
730000000	-38589.807	-4859.817	-33729.991	-1169.722
731000000	-38577.785	-4882.147	-33695.638	-1194.636
732000000	-38567.027	-4885.250	-33681.777	-1195.077
733000000	-38602.070	-4893.172	-33708.898	-1205.045
734000000	-38650.595	-4931.676	-33718.918	-1243.484
735000000	-38596.696	-4883.049	-33713.647	-1194.760
736000000	-38587.381	-4870.631	-33716.750	-1183.614
737000000	-38636.438	-4910.259	-33726.180	-1223.126
738000000	-38554.091	-4858.313	-33695.778	-1170.462
739000000	-38564.115	-4855.119	-33708.996	-1166.684
740000000	-38582.548	-4869.060	-33713.487	-1182.993
741000000	-38556.704	-4878.570	-33678.134	-1192.518
742000000	-38594.296	-4896.463	-33697.833	-1209.848
743000000	-38567.432	-4838.486	-33728.946	-1150.426
744000000	-38558.856	-4891.355	-33667.502	-1203.680
745000000	-38564.828	-4869.271	-33695.557	-1182.522
746000000	-38575.739	-4882.080	-33693.660	-1195.985
747000000	-38585.474	-4871.268	-33714.205	-1182.453
748000000	-38613.387	-4908.679	-33704.709	-1222.174
749000000	-38556.892	-4870.151	-33686.741	-1182.548
750000000	-38584.020	-4890.369	-33693.651	-1202.748
751000000	-38578.236	-4885.425	-33692.811	-1198.610
752000000	-38533.512	-4842.419	-33691.093	-1154.202
753000000	-38600.707	-4877.186	-33723.522	-1190.819
754000000	-38562.282	-4859.834	-33702.448	-1171.476
755000000	-38565.488	-4859.148	-33706.340	-1172.505
756000000	-38551.998	-4853.917	-33698.082	-1167.487
757000000	-38569.885	-4860.990	-33708.895	-1174.014
758000000	-38580.743	-4864.424	-33716.319	-1176.643
759000000	-38570.577	-4883.633	-33686.943	-1197.144
760000000	-38558.103	-4860.467	-33697.636	-1173.314
761000000	-38555.563	-4868.891	-33686.672	-1179.972
762000000	-38536.106	-4864.384	-33671.722	-1178.298
763000000	-38637.806	-4895.832	-33741.974	-1208.770
764000000	-38626.170	-4912.082	-33714.089	-1226.451
765000000	-38601.080	-4913.085	-33687.995	-1225.855
766000000	-38534.226	-4834.623	-33699.603	-1148.141
767000000	-38609.328	-4897.418	-33711.910	-1211.057
768000000	-38595.894	-4892.334	-33703.561	-1205.190
769000000	-38596.280	-4881.447	-33714.833	-1193.553
770000000	-38568.368	-4872.431	-33695.937	-1183.643
771000000	-38594.805	-4869.761	-33725.044	-1183.780
772000000	-38545.926	-4864.464	-33681.462	-1175.319
773000000	-38562.656	-4865.569	-33697.087	-1177.677
774000000	-38541.644	-4847.618	-33694.026	-1161.748
775000000	-38548.468	-4864.296	-33684.172	-1176.874
776000000	-38564.253	-4866.385	-33697.868	-1177.856
777000000	-38572.911	-4875.382	-33697.528	-1188.907
778000000	-38541.066	-4848.613	-33692.454	-1159.622
779000000	-38521.504	-4848.415	-33673.089	-1161.601
780000000	-38605.974	-4901.119	-33704.856	-1215.208
781000000	-38608.329	-4889.785	-33718.544	-1202.170
782000000	-38583.115	-4901.955	-33681.160	-1215.894
783000000	-38605.836	-4885.360	-33720.476	-1200.005
784000000	-38539.581	-4865.165	-33674.415	-1176.305
785000000	-38591.644	-4895.204	-33696.441	-1209.230
786000000	-38597.478	-4884.354	-33713.124	-1197.978
787000000	-38568.637	-4861.727	-33706.910	-1175.166
788000000	-38568.131	-4893.896	-33674.235	-1207.192
789000000	-38638.572	-4912.592	-33725.981	-1224.965
790000000	-38602.350	-4890.543	-33711.807	-1202.581
791000000	-38563.728	-4888.653	-33675.075	-1201.384
792000000	-38554.209	-4874.050	-33680.160	-1185.714
793000000	-38530.517	-4880.933	-33649.584	-1193.836
794000000	-38606.036	-4871.930	-33734.106	-1183.865
795000000	-38573.897	-4863.810	-33710.086	-1176.886
796000000	-38577.602	-4878.527	-33699.075	-1192.107
797000000	-38588.798	-4879.434	-33709.365	-1192.596
798000000	-38543.746	-4857.961	-33685.785	-1169.537
799000000	-38564.612	-4863.303	-33701.309	-1174.710
800000000	-38549.720	-4860.923	-33688.797	-1174.522
