state	posterior	prior	likelihood	skygrid
1000000	-38663.807	-4893.859	-33769.948	-1207.026
2000000	-38586.377	-4850.652	-33735.725	-1160.883
3000000	-38637.327	-4896.471	-33740.856	-1208.322
4000000	-38602.437	-4864.472	-33737.966	-1177.872
5000000	-38591.162	-4867.649	-33723.512	-1180.083
6000000	-38572.619	-4869.888	-33702.731	-1182.855
7000000	-38580.562	-4863.107	-33717.455	-1174.160
8000000	-38608.898	-4878.684	-33730.214	-1190.311
9000000	-38678.465	-4905.662	-33772.803	-1217.024
10000000	-38613.820	-4874.408	-33739.412	-1185.083
11000000	-38649.618	-4909.222	-33740.396	-1220.685
12000000	-38561.264	-4843.805	-33717.459	-1154.026
13000000	-38626.077	-4885.442	-33740.635	-1198.943
14000000	-38580.391	-4868.343	-33712.048	-1180.985
15000000	-38567.263	-4860.267	-33706.995	-1171.171
16000000	-38623.982	-4881.421	-33742.561	-1193.405
17000000	-38648.933	-4891.203	-33757.731	-1204.628
18000000	-38637.800	-4884.558	-33753.242	-1196.095
19000000	-38594.924	-4869.085	-33725.838	-1182.094
20000000	-38546.393	-4824.728	-33721.666	-1138.426
21000000	-38578.555	-4872.776	-33705.779	-1185.628
22000000	-38616.509	-4872.013	-33744.496	-1183.278
23000000	-38601.920	-4850.008	-33751.912	-1162.519
24000000	-38623.592	-4873.507	-33750.084	-1187.515
25000000	-38600.530	-4880.532	-33719.998	-1194.116
26000000	-38594.518	-4864.465	-33730.053	-1176.308
27000000	-38584.026	-4841.371	-33742.655	-1153.507
28000000	-38574.404	-4852.943	-33721.462	-1167.467
29000000	-38626.410	-4882.905	-33743.506	-1194.029
30000000	-38633.166	-4896.184	-33736.982	-1207.501
31000000	-38613.937	-4892.599	-33721.338	-1205.165
32000000	-38588.645	-4875.128	-33713.517	-1188.118
33000000	-38672.276	-4909.715	-33762.561	-1222.536
34000000	-38590.700	-4864.977	-33725.724	-1177.014
35000000	-38650.902	-4909.678	-33741.224	-1222.814
36000000	-38597.677	-4873.321	-33724.356	-1184.829
37000000	-38613.628	-4871.734	-33741.894	-1185.479
38000000	-38630.905	-4904.292	-33726.613	-1217.234
39000000	-38645.524	-4890.237	-33755.287	-1203.605
40000000	-38600.585	-4862.331	-33738.255	-1172.031
41000000	-38688.314	-4919.108	-33769.206	-1231.942
42000000	-38623.036	-4901.667	-33721.368	-1214.412
43000000	-38626.611	-4897.071	-33729.540	-1208.273
44000000	-38603.676	-4869.463	-33734.214	-1180.635
45000000	-38647.309	-4911.275	-33736.034	-1223.809
46000000	-38638.166	-4879.574	-33758.592	-1192.977
47000000	-38604.947	-4869.059	-33735.889	-1181.856
48000000	-38629.438	-4864.913	-33764.524	-1178.120
49000000	-38642.676	-4903.231	-33739.445	-1216.550
50000000	-38623.664	-4898.276	-33725.388	-1209.306
51000000	-38638.771	-4903.711	-33735.059	-1216.819
52000000	-38630.766	-4900.462	-33730.304	-1213.600
53000000	-38600.740	-4870.985	-33729.755	-1181.312
54000000	-38631.845	-4895.301	-33736.545	-1207.101
55000000	-38574.838	-4832.383	-33742.455	-1142.645
56000000	-38598.736	-4849.493	-33749.243	-1160.789
57000000	-38571.591	-4844.237	-33727.354	-1154.023
58000000	-38612.921	-4869.363	-33743.557	-1180.734
59000000	-38628.466	-4893.078	-33735.388	-1206.358
60000000	-38607.684	-4874.610	-33733.074	-1187.407
61000000	-38593.259	-4869.871	-33723.388	-1182.004
62000000	-38596.829	-4884.458	-33712.371	-1196.299
63000000	-38648.496	-4907.090	-33741.406	-1220.764
64000000	-38605.227	-4869.662	-33735.565	-1183.240
65000000	-38608.452	-4879.951	-33728.501	-1192.276
66000000	-38544.093	-4844.568	-33699.525	-1156.283
67000000	-38623.909	-4897.309	-33726.600	-1208.630
68000000	-38586.314	-4868.956	-33717.358	-1181.889
69000000	-38587.933	-4873.322	-33714.610	-1184.140
70000000	-38586.468	-4850.702	-33735.767	-1160.582
71000000	-38628.914	-4878.087	-33750.827	-1188.901
72000000	-38630.356	-4879.103	-33751.252	-1191.151
73000000	-38568.004	-4848.428	-33719.576	-1159.352
74000000	-38621.575	-4851.594	-33769.981	-1164.322
75000000	-38602.142	-4868.798	-33733.344	-1182.960
76000000	-38645.305	-4894.444	-33750.860	-1207.442
77000000	-38607.070	-4872.301	-33734.769	-1183.188
78000000	-38601.142	-4892.369	-33708.773	-1204.161
79000000	-38627.503	-4883.163	-33744.340	-1195.280
80000000	-38617.654	-4888.740	-33728.914	-1201.387
81000000	-38585.702	-4844.724	-33740.978	-1158.472
82000000	-38608.226	-4879.244	-33728.982	-1192.644
83000000	-38630.630	-4894.701	-33735.930	-1207.575
84000000	-38611.709	-4870.552	-33741.157	-1181.699
85000000	-38555.398	-4856.516	-33698.882	-1167.786
86000000	-38571.489	-4839.197	-33732.292	-1149.562
87000000	-38589.613	-4872.282	-33717.330	-1184.812
88000000	-38542.699	-4851.423	-33691.276	-1161.290
89000000	-38654.226	-4897.768	-33756.458	-1210.261
90000000	-38636.675	-4900.281	-33736.394	-1211.991
91000000	-38624.194	-4895.199	-33728.995	-1208.536
92000000	-38627.382	-4877.569	-33749.812	-1189.951
93000000	-38677.364	-4920.707	-33756.657	-1234.256
94000000	-38537.321	-4830.162	-33707.159	-1140.156
95000000	-38577.182	-4856.670	-33720.513	-1166.876
96000000	-38562.163	-4848.208	-33713.956	-1157.944
97000000	-38603.574	-4859.113	-33744.461	-1170.338
98000000	-38670.154	-4922.364	-33747.790	-1235.833
99000000	-38623.591	-4888.894	-33734.698	-1201.521
100000000	-38668.807	-4903.991	-33764.816	-1216.314
101000000	-38592.751	-4862.745	-33730.006	-1174.364
102000000	-38576.362	-4841.786	-33734.576	-1155.603
103000000	-38593.373	-4867.404	-33725.969	-1178.246
104000000	-38603.625	-4860.894	-33742.730	-1172.698
105000000	-38602.714	-4879.779	-33722.935	-1193.251
106000000	-38657.972	-4903.020	-33754.952	-1216.875
107000000	-38613.896	-4885.591	-33728.305	-1199.084
108000000	-38587.776	-4857.713	-33730.063	-1170.253
109000000	-38611.746	-4884.128	-33727.618	-1197.251
110000000	-38622.813	-4891.082	-33731.731	-1203.601
111000000	-38635.057	-4894.351	-33740.706	-1206.291
112000000	-38661.112	-4910.632	-33750.480	-1223.003
113000000	-38642.843	-4891.910	-33750.933	-1204.182
114000000	-38631.055	-4882.601	-33748.454	-1195.255
115000000	-38618.750	-4887.645	-33731.105	-1198.875
116000000	-38596.776	-4857.575	-33739.202	-1170.156
117000000	-38637.523	-4910.315	-33727.209	-1223.245
118000000	-38646.026	-4897.546	-33748.480	-1211.108
119000000	-38617.484	-4906.583	-33710.901	-1220.233
120000000	-38609.761	-4906.679	-33703.082	-1219.019
121000000	-38567.152	-4853.055	-33714.098	-1165.101
122000000	-38601.280	-4878.559	-33722.721	-1190.143
123000000	-38590.636	-4860.994	-33729.642	-1173.300
124000000	-38615.233	-4875.224	-33740.009	-1185.744
125000000	-38584.050	-4844.946	-33739.105	-1154.810
126000000	-38569.144	-4829.621	-33739.523	-1139.890
127000000	-38590.671	-4859.067	-33731.605	-1172.552
128000000	-38638.492	-4905.132	-33733.359	-1217.375
129000000	-38584.228	-4846.292	-33737.936	-1157.088
130000000	-38571.059	-4843.942	-33727.117	-1155.444
131000000	-38622.749	-4883.610	-33739.139	-1196.766
132000000	-38644.394	-4893.471	-33750.923	-1205.247
133000000	-38607.244	-4891.847	-33715.397	-1204.484
134000000	-38596.387	-4871.972	-33724.415	-1184.607
135000000	-38581.059	-4859.288	-33721.772	-1170.383
136000000	-38608.373	-4876.056	-33732.317	-1186.689
137000000	-38610.721	-4849.470	-33761.250	-1162.113
138000000	-38615.466	-4853.321	-33762.145	-1163.475
139000000	-38623.521	-4894.316	-33729.206	-1206.810
140000000	-38644.454	-4887.543	-33756.911	-1200.118
141000000	-38631.797	-4908.719	-33723.077	-1220.042
142000000	-38620.814	-4884.145	-33736.669	-1196.256
143000000	-38634.291	-4898.571	-33735.720	-1209.274
144000000	-38608.065	-4856.426	-33751.639	-1167.498
145000000	-38625.575	-4893.884	-33731.691	-1206.686
146000000	-38598.599	-4875.927	-33722.672	-1186.797
147000000	-38582.208	-4898.198	-33684.010	-1211.669
148000000	-38601.894	-4879.737	-33722.157	-1192.024
149000000	-38632.721	-4897.222	-33735.499	-1209.726
150000000	-38596.905	-4861.899	-33735.006	-1173.301
151000000	-38567.709	-4838.281	-33729.428	-1151.127
152000000	-38559.270	-4856.212	-33703.058	-1166.293
153000000	-38555.611	-4843.535	-33712.076	-1154.211
154000000	-38622.253	-4904.183	-33718.070	-1216.722
155000000	-38652.271	-4878.668	-33773.602	-1189.773
156000000	-38575.414	-4840.696	-33734.719	-1151.716
157000000	-38607.009	-4882.055	-33724.954	-1194.888
158000000	-38564.584	-4861.261	-33703.323	-1174.220
159000000	-38584.671	-4872.181	-33712.490	-1183.252
160000000	-38586.688	-4866.421	-33720.267	-1178.422
161000000	-38610.181	-4861.113	-33749.067	-1173.830
162000000	-38601.704	-4858.426	-33743.278	-1169.962
163000000	-38597.645	-4875.138	-33722.508	-1186.870
164000000	-38604.850	-4862.959	-33741.891	-1173.302
165000000	-38636.232	-4894.297	-33741.935	-1207.211
166000000	-38633.632	-4893.046	-33740.586	-1206.373
167000000	-38586.441	-4869.870	-33716.571	-1180.363
168000000	-38568.473	-4839.226	-33729.247	-1150.639
169000000	-38608.106	-4878.691	-33729.414	-1191.103
170000000	-38618.499	-4871.358	-33747.141	-1182.520
171000000	-38614.116	-4853.159	-33760.957	-1164.895
172000000	-38604.398	-4876.613	-33727.785	-1189.351
173000000	-38613.539	-4876.405	-33737.134	-1189.761
174000000	-38620.063	-4885.644	-33734.419	-1198.759
175000000	-38633.225	-4884.886	-33748.339	-1197.993
176000000	-38646.328	-4909.379	-33736.949	-1222.163
177000000	-38623.311	-4871.316	-33751.995	-1183.228
178000000	-38623.718	-4880.419	-33743.300	-1192.348
179000000	-38626.450	-4898.319	-33728.131	-1211.477
180000000	-38621.724	-4892.458	-33729.266	-1204.454
181000000	-38612.318	-4855.354	-33756.964	-1166.513
182000000	-38669.469	-4911.326	-33758.144	-1223.535
183000000	-38612.065	-4861.577	-33750.488	-1172.116
184000000	-38674.679	-4932.799	-33741.880	-1244.650
185000000	-38584.954	-4837.516	-33747.438	-1147.629
186000000	-38631.417	-4878.905	-33752.512	-1191.930
187000000	-38661.330	-4916.155	-33745.175	-1229.338
188000000	-38633.447	-4894.322	-33739.125	-1205.623
189000000	-38616.863	-4892.519	-33724.343	-1204.273
190000000	-38619.133	-4876.728	-33742.405	-1188.843
191000000	-38603.466	-4879.881	-33723.584	-1192.248
192000000	-38563.178	-4843.826	-33719.352	-1153.814
193000000	-38599.530	-4880.880	-33718.651	-1193.587
194000000	-38627.057	-4898.147	-33728.909	-1211.205
195000000	-38574.789	-4863.718	-33711.071	-1176.704
196000000	-38662.584	-4920.205	-33742.380	-1231.539
197000000	-38616.548	-4891.467	-33725.081	-1204.444
198000000	-38587.621	-4859.408	-33728.213	-1170.624
199000000	-38652.131	-4911.906	-33740.225	-1224.754
200000000	-38600.856	-4842.972	-33757.884	-1155.805
