state	cp12.kappa	cp3.kappa	cp12.alpha	cp3.alpha	cp12.mu	cp3.mu	cp12.frequencies1	cp12.frequencies2	cp12.frequencies3	cp12.frequencies4	cp3.frequencies1	cp3.frequencies2	cp3.frequencies3	cp3.frequencies4	avian.rate	equine.rate	galliform1.rate	human1.rate	shorebird1.rate	swine1.rate	swine2.rate	swine3.rate	skygrid.precision	rootHeight	treeLength	tmrca(equine1)	tmrca(equine2)	tmrca(galliform1)	tmrca(human1)	tmrca(shorebird1)	tmrca(swine1)	tmrca(swine2)	tmrca(swine3)
1000000	8.475	16.329	0.2193	1.2209	0.3973	2.2055	0.3554	0.2492	0.1770	0.2184	0.3759	0.1905	0.1828	0.2508	2.0929E-3	1.4778E-3	2.5833E-3	1.7568E-3	2.9297E-3	2.4756E-3	2.6482E-3	2.0948E-3	76.579	761.251	3990.519	51.237	65.041	17.887	82.623	48.253	83.423	30.625	15.164
2000000	9.068	16.078	0.2115	1.1732	0.4391	2.1218	0.3470	0.2341	0.1983	0.2206	0.3879	0.1872	0.1872	0.2377	2.0809E-3	1.3729E-3	3.0315E-3	1.8532E-3	3.0584E-3	2.637E-3	2.3561E-3	2.06E-3	75.057	1060.664	4681.299	52.289	66.905	18.113	81.138	47.090	82.415	32.483	15.760
3000000	8.061	16.259	0.2304	1.3165	0.3921	2.2157	0.3402	0.2439	0.2001	0.2157	0.3747	0.1931	0.1830	0.2491	2.084E-3	1.4125E-3	2.7003E-3	1.9059E-3	2.9648E-3	2.6257E-3	2.7332E-3	2.4347E-3	14.978	1028.026	4595.053	51.961	69.757	18.459	83.242	48.501	83.089	30.942	14.790
4000000	7.758	17.361	0.2267	1.2567	0.4019	2.1963	0.3429	0.2522	0.1926	0.2123	0.3714	0.1981	0.1829	0.2477	2.1859E-3	1.4528E-3	2.8314E-3	1.7805E-3	3.3651E-3	2.5329E-3	2.4596E-3	2.5261E-3	30.351	984.651	4527.911	53.193	68.468	17.821	83.258	48.613	84.170	31.608	14.415
5000000	7.917	16.770	0.2153	1.1352	0.4134	2.1733	0.3481	0.2518	0.1971	0.2031	0.3847	0.1875	0.1816	0.2461	2.0436E-3	1.4365E-3	2.452E-3	1.7843E-3	3.001E-3	2.4164E-3	2.0849E-3	2.0435E-3	31.042	1142.642	4803.330	52.657	67.700	17.658	82.460	47.946	83.303	32.379	14.976
6000000	9.212	16.441	0.2295	1.2476	0.4117	2.1766	0.3586	0.2560	0.1807	0.2047	0.3749	0.1906	0.1828	0.2517	2.2264E-3	1.4887E-3	3.0259E-3	1.7124E-3	3.3447E-3	2.4523E-3	2.3127E-3	2.6946E-3	82.247	951.515	4415.181	51.447	66.542	18.206	83.821	47.047	83.387	32.476	14.110
7000000	7.882	17.170	0.2212	1.2588	0.3927	2.2146	0.3405	0.2505	0.1928	0.2162	0.3728	0.1977	0.1815	0.2480	2.2382E-3	1.6033E-3	3.1067E-3	1.7755E-3	3.0259E-3	2.6098E-3	2.6501E-3	2.4372E-3	31.323	897.364	4284.676	50.561	66.769	17.862	83.103	47.998	83.020	31.626	15.556
8000000	9.011	16.750	0.2273	1.2988	0.3802	2.2395	0.3537	0.2545	0.1767	0.2151	0.3754	0.1986	0.1797	0.2462	2.2054E-3	1.3901E-3	2.6935E-3	1.6918E-3	3.1275E-3	2.4464E-3	2.1274E-3	2.3222E-3	45.060	973.813	4452.893	51.560	65.687	18.459	83.245	49.513	83.263	32.120	14.157
9000000	8.299	16.580	0.2211	1.1736	0.4089	2.1821	0.3622	0.2472	0.1707	0.2200	0.3791	0.1969	0.1814	0.2426	2.1155E-3	1.6307E-3	2.8677E-3	1.8131E-3	2.8284E-3	2.3589E-3	2.1481E-3	2.1874E-3	94.219	983.539	4433.394	50.811	65.696	17.718	82.186	48.134	84.600	32.192	15.116
10000000	7.607	16.792	0.2076	1.1476	0.3767	2.2465	0.3467	0.2546	0.1952	0.2035	0.3789	0.1914	0.1796	0.2501	2.1203E-3	1.4861E-3	2.7517E-3	1.723E-3	2.8788E-3	2.3117E-3	2.4102E-3	2.0098E-3	29.002	898.095	4307.198	51.383	66.690	17.990	81.921	47.603	83.191	30.514	14.982
11000000	8.707	16.250	0.2202	1.1861	0.4269	2.1462	0.3554	0.2393	0.1944	0.2110	0.3809	0.1923	0.1785	0.2483	2.2258E-3	1.6121E-3	3.0294E-3	1.949E-3	3.1572E-3	2.3844E-3	2.1575E-3	2.753E-3	63.624	872.818	4197.133	50.779	65.279	17.454	80.431	47.692	84.085	31.909	14.571
12000000	7.823	16.638	0.2242	1.3135	0.4051	2.1899	0.3430	0.2343	0.1954	0.2273	0.3836	0.1878	0.1807	0.2479	2.2071E-3	1.3465E-3	3.148E-3	1.7825E-3	3.123E-3	2.4501E-3	2.2098E-3	2.2816E-3	40.737	968.827	4446.821	54.370	69.796	17.513	83.291	49.023	83.683	31.068	15.109
13000000	8.480	17.033	0.2248	1.2403	0.4234	2.1532	0.3690	0.2451	0.1772	0.2087	0.3787	0.1986	0.1792	0.2435	2.2114E-3	1.5683E-3	3.1029E-3	1.8717E-3	3.1565E-3	2.4066E-3	2.2758E-3	2.5154E-3	71.011	935.503	4375.861	51.363	65.852	17.859	83.574	48.272	84.436	30.852	15.412
14000000	9.155	16.933	0.2050	1.4657	0.3790	2.2419	0.3385	0.2610	0.1886	0.2119	0.3667	0.1972	0.1840	0.2521	2.2127E-3	1.609E-3	2.9094E-3	1.8581E-3	3.4017E-3	2.4957E-3	2.3232E-3	2.3443E-3	45.664	1206.917	4883.431	51.627	66.429	17.722	83.083	48.305	83.713	32.006	14.613
15000000	7.647	16.722	0.2311	1.2419	0.3823	2.2354	0.3430	0.2378	0.1907	0.2285	0.3769	0.1921	0.1890	0.2420	2.0736E-3	1.4734E-3	2.56E-3	1.6995E-3	2.9493E-3	2.3501E-3	2.1237E-3	2.34E-3	47.162	1032.271	4613.966	52.611	66.387	17.891	83.296	48.722	83.654	31.741	14.020
16000000	8.663	16.560	0.2198	1.2447	0.3859	2.2282	0.3496	0.2487	0.1886	0.2131	0.3769	0.1953	0.1789	0.2490	2.2155E-3	1.639E-3	3.1541E-3	1.773E-3	3.0661E-3	2.3752E-3	2.3142E-3	2.6364E-3	1461.956	819.885	4119.219	51.269	64.916	17.722	83.236	49.946	83.491	31.148	14.388
17000000	7.865	16.021	0.2183	1.2279	0.4067	2.1867	0.3451	0.2428	0.1973	0.2148	0.3717	0.1975	0.1772	0.2537	2.1699E-3	1.3194E-3	2.5647E-3	1.9799E-3	3.0233E-3	2.3549E-3	2.4396E-3	2.6471E-3	908.643	783.946	4115.852	52.460	67.821	17.824	81.493	49.038	84.433	31.109	15.083
18000000	8.024	16.689	0.2072	1.3195	0.4246	2.1508	0.3607	0.2345	0.1992	0.2056	0.3682	0.1938	0.1791	0.2589	2.2264E-3	1.6743E-3	3.1858E-3	1.8208E-3	2.9368E-3	2.5397E-3	2.6985E-3	2.9958E-3	26.784	1061.215	4628.041	50.358	66.453	17.450	82.503	49.201	83.882	30.862	14.353
19000000	8.849	16.629	0.2178	1.2754	0.4170	2.1660	0.3726	0.2409	0.1737	0.2128	0.3751	0.1944	0.1849	0.2455	2.1811E-3	1.4121E-3	3.0194E-3	1.8268E-3	2.9655E-3	2.561E-3	2.2691E-3	2.5637E-3	33.937	963.000	4433.660	51.618	67.759	17.943	82.544	47.785	82.543	30.930	15.230
20000000	8.350	16.648	0.2030	1.1260	0.3788	2.2425	0.3514	0.2279	0.1867	0.2340	0.3789	0.1981	0.1773	0.2457	2.045E-3	1.4346E-3	2.3874E-3	1.7011E-3	2.8811E-3	2.3361E-3	2.1097E-3	2.1759E-3	56.660	911.327	4423.928	51.278	66.273	18.183	82.523	48.960	84.393	32.583	15.158
21000000	7.551	17.103	0.2365	1.2681	0.3881	2.2238	0.3531	0.2465	0.1885	0.2119	0.3744	0.1940	0.1849	0.2467	2.1654E-3	1.4377E-3	2.7532E-3	1.7333E-3	3.0576E-3	2.3453E-3	2.5443E-3	2.6899E-3	432.988	1019.985	4539.313	52.357	68.519	18.153	83.563	49.655	83.562	30.853	14.714
22000000	8.165	16.919	0.2321	1.2323	0.4184	2.1633	0.3562	0.2372	0.1941	0.2125	0.3725	0.1982	0.1829	0.2463	2.0901E-3	1.6951E-3	2.6657E-3	1.8535E-3	3.1604E-3	2.2966E-3	2.5017E-3	2.1901E-3	99.759	852.828	4244.989	51.929	65.992	18.347	83.279	46.966	83.412	30.936	14.916
23000000	8.375	15.972	0.2163	1.2277	0.4307	2.1386	0.3489	0.2399	0.1968	0.2144	0.3770	0.1943	0.1841	0.2445	2.1497E-3	1.4872E-3	2.9933E-3	1.7802E-3	2.9545E-3	2.3519E-3	2.5092E-3	2.5978E-3	28.908	963.350	4468.399	51.579	68.043	17.549	83.372	48.868	84.279	31.159	14.225
24000000	7.982	16.273	0.2284	1.2113	0.3917	2.2166	0.3577	0.2557	0.1800	0.2065	0.3718	0.1959	0.1761	0.2562	2.2339E-3	1.4968E-3	2.7648E-3	1.7546E-3	2.9564E-3	2.4915E-3	2.4097E-3	2.5405E-3	117.501	890.551	4278.437	51.629	68.471	17.888	82.115	48.347	83.629	31.245	14.721
25000000	8.645	17.141	0.2374	1.1683	0.3932	2.2137	0.3599	0.2443	0.1854	0.2105	0.3824	0.1931	0.1804	0.2441	2.2146E-3	1.4716E-3	3.0388E-3	1.8246E-3	3.2597E-3	2.4839E-3	2.3627E-3	2.3481E-3	32.473	808.373	4048.350	51.605	68.105	17.948	84.244	49.815	83.837	31.535	14.031
26000000	7.957	17.152	0.2167	1.3663	0.3852	2.2297	0.3464	0.2485	0.1819	0.2233	0.3706	0.1953	0.1808	0.2532	2.3222E-3	1.6813E-3	2.9563E-3	1.9851E-3	3.3406E-3	2.5633E-3	2.5169E-3	2.7305E-3	158.952	927.615	4293.920	51.745	66.099	17.977	81.482	47.832	83.130	32.426	15.086
27000000	8.005	16.536	0.2089	1.3348	0.3796	2.2408	0.3377	0.2499	0.1991	0.2133	0.3763	0.1872	0.1869	0.2496	2.201E-3	1.5093E-3	2.9312E-3	2.0435E-3	3.024E-3	2.4269E-3	2.6175E-3	2.3716E-3	179.939	1004.513	4535.069	51.087	66.022	17.719	82.235	49.000	83.316	31.000	15.131
28000000	7.928	16.204	0.1986	1.3089	0.4062	2.1876	0.3480	0.2445	0.1922	0.2153	0.3820	0.1896	0.1835	0.2449	2.1763E-3	1.5591E-3	3.4887E-3	1.9471E-3	2.9966E-3	2.3809E-3	2.1489E-3	2.3697E-3	29.589	942.345	4396.099	51.309	65.195	17.233	81.359	50.036	83.455	31.532	15.451
29000000	8.677	17.126	0.2116	1.2801	0.4057	2.1886	0.3567	0.2405	0.1795	0.2234	0.3811	0.1938	0.1884	0.2368	2.2911E-3	1.6544E-3	3.2015E-3	1.9302E-3	3.6336E-3	2.6719E-3	2.4577E-3	2.8816E-3	37.678	976.140	4460.088	52.641	65.476	17.769	81.917	48.642	84.086	32.235	14.010
30000000	8.521	16.522	0.2287	1.2608	0.4274	2.1453	0.3576	0.2438	0.1880	0.2106	0.3626	0.1935	0.1897	0.2541	2.1225E-3	1.4755E-3	3.1618E-3	1.7626E-3	3.449E-3	2.5319E-3	2.5152E-3	2.3725E-3	43.103	883.935	4312.570	50.884	69.602	17.550	82.800	48.495	83.642	31.311	15.725
31000000	8.529	16.730	0.2334	1.3341	0.4160	2.1680	0.3612	0.2441	0.1827	0.2120	0.3797	0.1871	0.1843	0.2488	2.2486E-3	1.5432E-3	2.8475E-3	1.8827E-3	3.2768E-3	2.3572E-3	2.7077E-3	2.4697E-3	58.046	777.889	4016.537	51.210	68.378	17.463	83.377	49.912	83.225	30.669	14.458
32000000	8.498	16.754	0.2148	1.2336	0.4065	2.1871	0.3416	0.2526	0.1959	0.2099	0.3801	0.1993	0.1817	0.2390	2.1138E-3	1.6973E-3	3.0727E-3	1.952E-3	3.171E-3	2.431E-3	2.4598E-3	2.6072E-3	119.440	873.766	4317.440	52.141	65.962	17.804	82.762	47.502	83.948	31.756	14.290
33000000	8.796	16.102	0.2178	1.1059	0.4050	2.1899	0.3399	0.2580	0.1914	0.2107	0.3793	0.1881	0.1839	0.2487	2.193E-3	1.2125E-3	3.5337E-3	1.8688E-3	3.0302E-3	2.2786E-3	2.3773E-3	2.3044E-3	33.548	833.638	4129.071	54.217	71.042	17.626	81.330	47.911	83.595	31.183	15.062
34000000	8.676	16.427	0.2217	1.2667	0.3762	2.2477	0.3432	0.2383	0.1950	0.2235	0.3719	0.1981	0.1801	0.2499	2.1793E-3	1.3986E-3	3.0621E-3	1.8583E-3	3.0504E-3	2.2818E-3	2.4359E-3	2.1967E-3	122.202	914.973	4355.040	51.223	67.269	17.698	82.951	49.944	82.939	31.268	14.996
35000000	7.878	17.314	0.2295	1.1828	0.3772	2.2455	0.3469	0.2517	0.1902	0.2112	0.3755	0.2034	0.1773	0.2438	2.179E-3	1.4398E-3	3.0906E-3	1.8379E-3	3.0263E-3	2.5001E-3	2.2791E-3	2.6984E-3	131.366	980.505	4475.673	51.760	69.161	17.654	83.239	48.123	83.926	31.479	14.428
36000000	8.151	15.853	0.2161	1.1016	0.4108	2.1784	0.3403	0.2438	0.1918	0.2242	0.3861	0.1918	0.1796	0.2425	2.1826E-3	1.5602E-3	3.5898E-3	1.8049E-3	2.9737E-3	2.2959E-3	2.4168E-3	2.0418E-3	164.768	942.508	4326.484	50.728	61.469	17.535	82.472	48.211	83.378	31.070	15.021
37000000	8.112	16.497	0.2092	1.1682	0.4198	2.1603	0.3563	0.2431	0.1811	0.2196	0.3840	0.1902	0.1790	0.2468	2.0842E-3	1.4847E-3	2.7351E-3	1.7733E-3	3.0682E-3	2.385E-3	2.3096E-3	2.2783E-3	87.507	1031.794	4586.320	51.309	69.765	17.750	82.838	48.229	82.907	31.594	14.326
38000000	8.635	16.422	0.2289	1.2242	0.4115	2.1770	0.3346	0.2578	0.1795	0.2280	0.3736	0.1973	0.1852	0.2439	2.2345E-3	1.4654E-3	2.7082E-3	1.7844E-3	3.1149E-3	2.4212E-3	2.3347E-3	2.4141E-3	54.308	925.755	4325.386	51.384	67.524	18.076	82.286	48.649	83.639	31.284	14.311
39000000	9.123	16.461	0.2307	1.2131	0.3991	2.2017	0.3587	0.2390	0.1820	0.2203	0.3752	0.1912	0.1817	0.2519	2.2832E-3	1.708E-3	3.1215E-3	1.8816E-3	2.9083E-3	2.6477E-3	2.1642E-3	3.0036E-3	371.905	1036.573	4564.068	51.071	66.788	18.193	82.770	49.909	83.521	31.047	14.092
40000000	7.513	15.831	0.2182	1.2156	0.3924	2.2153	0.3468	0.2366	0.2004	0.2161	0.3704	0.1991	0.1824	0.2481	2.1458E-3	1.5791E-3	2.4852E-3	1.7316E-3	3.1442E-3	2.5198E-3	2.3394E-3	2.4E-3	335.460	799.693	4033.499	50.793	65.193	18.099	82.830	47.343	82.891	31.735	14.362
41000000	8.430	16.128	0.2071	1.2216	0.3986	2.2028	0.3513	0.2430	0.1993	0.2064	0.3740	0.1986	0.1823	0.2450	2.1162E-3	1.571E-3	2.9336E-3	1.9265E-3	3.3507E-3	2.3254E-3	2.1574E-3	2.8585E-3	172.490	1078.495	4677.448	52.695	66.591	17.657	82.475	48.746	83.500	32.316	13.716
42000000	8.524	15.977	0.2287	1.1037	0.4082	2.1835	0.3533	0.2493	0.1787	0.2187	0.3710	0.1996	0.1769	0.2525	2.1068E-3	1.378E-3	2.8942E-3	1.651E-3	2.6453E-3	2.3035E-3	2.1281E-3	2.5085E-3	175.298	850.867	4207.913	52.669	70.063	17.959	83.723	48.439	82.971	31.642	14.656
43000000	7.928	16.207	0.2408	1.4506	0.4215	2.1569	0.3413	0.2397	0.1959	0.2231	0.3702	0.1963	0.1839	0.2496	2.1636E-3	1.4215E-3	3.0255E-3	1.8704E-3	2.7429E-3	2.307E-3	2.2998E-3	2.9136E-3	43.854	812.264	4136.934	53.124	68.377	17.882	80.870	47.605	83.424	31.012	14.248
44000000	7.658	16.744	0.2385	1.1355	0.3892	2.2216	0.3537	0.2384	0.1809	0.2271	0.3736	0.1988	0.1782	0.2494	2.2979E-3	1.5972E-3	2.9378E-3	1.8422E-3	3.434E-3	2.573E-3	2.3533E-3	2.5606E-3	82.769	863.378	4132.076	51.679	62.558	17.545	83.147	47.257	83.627	31.269	15.091
45000000	7.868	16.511	0.2162	1.3343	0.3871	2.2258	0.3568	0.2465	0.1845	0.2121	0.3811	0.1895	0.1803	0.2491	2.1705E-3	1.4827E-3	2.7525E-3	1.7717E-3	3.1333E-3	2.3175E-3	2.373E-3	2.4973E-3	26.169	918.016	4313.992	51.073	65.946	18.123	82.914	47.864	83.199	31.200	15.238
46000000	8.946	15.522	0.2311	1.1968	0.4190	2.1621	0.3498	0.2449	0.1792	0.2260	0.3806	0.2028	0.1775	0.2391	2.1027E-3	1.4743E-3	2.684E-3	1.8276E-3	3.1821E-3	2.3327E-3	2.4311E-3	2.7083E-3	84.325	819.920	4153.244	51.034	66.706	17.531	83.365	50.355	83.693	31.141	13.991
47000000	7.732	17.395	0.2249	1.2940	0.3601	2.2798	0.3569	0.2460	0.1842	0.2128	0.3720	0.1958	0.1821	0.2501	2.3065E-3	1.5992E-3	2.9277E-3	1.8257E-3	2.8831E-3	2.5342E-3	2.2661E-3	2.1738E-3	45.784	755.146	3998.986	52.338	66.011	17.905	83.061	47.546	83.617	31.689	15.110
48000000	7.250	16.638	0.2338	1.2471	0.4020	2.1959	0.3639	0.2459	0.1844	0.2057	0.3782	0.1887	0.1917	0.2414	2.1904E-3	1.4211E-3	3.062E-3	1.7496E-3	3.1628E-3	2.6195E-3	2.4587E-3	2.4752E-3	77.733	933.569	4418.801	52.010	70.554	17.645	83.331	49.902	83.559	31.132	15.296
49000000	8.312	17.137	0.2245	1.2399	0.4183	2.1634	0.3500	0.2445	0.1834	0.2220	0.3781	0.1967	0.1781	0.2470	2.1125E-3	1.51E-3	3.0887E-3	1.7295E-3	3.1888E-3	2.2597E-3	2.5025E-3	2.3701E-3	71.903	857.458	4216.776	50.918	62.806	17.640	83.002	51.675	84.124	31.137	14.122
50000000	8.231	16.736	0.2213	1.2998	0.4226	2.1547	0.3423	0.2451	0.1913	0.2212	0.3743	0.1979	0.1795	0.2483	2.1634E-3	1.418E-3	3.0714E-3	1.7588E-3	3.1708E-3	2.4132E-3	2.4782E-3	2.3697E-3	222.505	1093.016	4681.523	52.426	69.847	17.824	84.472	48.897	83.163	30.719	14.424
51000000	7.686	17.513	0.2096	1.2847	0.4081	2.1838	0.3351	0.2476	0.1913	0.2260	0.3723	0.2062	0.1802	0.2413	2.1956E-3	1.457E-3	3.2691E-3	2.0707E-3	2.8632E-3	2.4782E-3	2.2831E-3	2.6401E-3	85.252	1037.512	4546.235	50.686	69.846	17.532	82.245	48.333	82.909	31.054	14.924
52000000	8.555	16.737	0.2323	1.1882	0.3804	2.2391	0.3412	0.2611	0.1820	0.2157	0.3792	0.1996	0.1774	0.2437	2.1396E-3	1.3841E-3	3.2522E-3	1.7232E-3	2.9528E-3	2.4655E-3	2.4852E-3	2.4278E-3	109.711	912.788	4328.538	54.527	64.891	17.884	82.729	48.045	83.267	31.789	14.444
53000000	7.483	16.106	0.2221	1.2011	0.3928	2.2145	0.3642	0.2434	0.1803	0.2121	0.3764	0.1960	0.1746	0.2530	2.0992E-3	1.4181E-3	3.1193E-3	1.7281E-3	2.8405E-3	2.3751E-3	2.361E-3	2.325E-3	27.506	1018.682	4502.984	51.251	68.374	17.420	82.174	48.856	83.711	31.009	14.796
54000000	9.001	16.360	0.2130	1.2183	0.3939	2.2122	0.3577	0.2408	0.1903	0.2111	0.3821	0.1955	0.1801	0.2423	2.0753E-3	1.4624E-3	2.8106E-3	1.8141E-3	2.7734E-3	2.5987E-3	2.3637E-3	2.3096E-3	31.846	995.253	4509.031	50.581	64.984	17.535	81.741	51.245	84.133	31.029	14.670
55000000	7.763	16.670	0.2202	1.2061	0.3952	2.2097	0.3666	0.2291	0.1847	0.2196	0.3775	0.1990	0.1764	0.2472	2.2021E-3	1.3489E-3	3.4384E-3	1.8167E-3	2.9684E-3	2.4942E-3	2.7339E-3	2.4004E-3	42.927	799.103	4039.729	53.291	68.310	17.873	82.697	47.918	83.672	30.758	13.824
56000000	7.099	15.976	0.2124	1.1898	0.4269	2.1463	0.3419	0.2402	0.2067	0.2112	0.3854	0.1928	0.1790	0.2428	2.189E-3	1.5456E-3	2.8102E-3	1.8037E-3	3.1436E-3	2.5818E-3	2.2822E-3	2.6385E-3	62.439	949.445	4412.832	50.856	66.930	17.887	84.336	48.719	83.829	31.429	14.605
57000000	7.544	16.325	0.2160	1.2146	0.3985	2.2030	0.3531	0.2559	0.1795	0.2115	0.3728	0.1972	0.1781	0.2520	2.0974E-3	1.4858E-3	2.5063E-3	1.7813E-3	2.9644E-3	2.3038E-3	2.2826E-3	2.3963E-3	27.565	967.722	4473.983	52.484	67.042	18.278	82.937	49.142	83.162	31.516	14.420
58000000	7.979	16.575	0.2220	1.2661	0.3776	2.2447	0.3428	0.2557	0.1861	0.2154	0.3794	0.1895	0.1835	0.2475	2.1971E-3	1.6235E-3	3.0731E-3	1.7854E-3	2.7362E-3	2.5022E-3	2.4355E-3	2.3714E-3	393.811	732.042	3919.959	51.742	64.510	17.745	82.685	47.768	83.681	31.177	14.754
59000000	7.878	16.599	0.2258	1.3823	0.3989	2.2023	0.3512	0.2484	0.1939	0.2064	0.3860	0.1877	0.1869	0.2394	2.1452E-3	1.8472E-3	3.2439E-3	1.9413E-3	3.2598E-3	2.4114E-3	2.1626E-3	2.8253E-3	50.220	835.005	4164.591	50.434	64.724	17.744	82.112	47.195	84.726	31.829	14.439
60000000	8.482	16.402	0.2123	1.2241	0.4195	2.1611	0.3414	0.2554	0.1882	0.2151	0.3704	0.1935	0.1834	0.2527	2.2166E-3	1.4658E-3	2.8952E-3	1.8534E-3	2.8794E-3	2.4058E-3	2.6442E-3	2.5822E-3	39.541	843.566	4181.249	51.510	68.598	18.034	83.143	48.023	82.418	31.016	15.293
61000000	8.500	16.752	0.2063	1.3026	0.4089	2.1822	0.3452	0.2410	0.1917	0.2222	0.3806	0.1971	0.1775	0.2449	2.189E-3	1.4681E-3	2.783E-3	1.757E-3	3.3758E-3	2.4166E-3	2.6801E-3	2.3631E-3	22.137	990.315	4440.645	50.510	67.017	18.294	84.220	47.318	84.159	31.049	14.759
62000000	8.108	15.874	0.2245	1.1237	0.4121	2.1759	0.3579	0.2521	0.1812	0.2088	0.3833	0.1982	0.1814	0.2371	2.2654E-3	1.4301E-3	3.1568E-3	1.8447E-3	3.147E-3	2.5342E-3	2.3138E-3	2.7518E-3	25.058	869.874	4157.048	51.183	65.698	17.881	82.948	48.125	83.541	32.293	14.095
63000000	7.724	17.101	0.2313	1.3291	0.3922	2.2156	0.3407	0.2511	0.1867	0.2215	0.3750	0.1926	0.1858	0.2467	2.2386E-3	1.5672E-3	3.3236E-3	1.7347E-3	3.2647E-3	2.1814E-3	2.4368E-3	2.4824E-3	619.741	784.489	4020.237	51.386	64.562	17.133	82.978	48.160	84.228	31.817	14.833
64000000	8.004	16.619	0.2221	1.3028	0.3977	2.2046	0.3592	0.2538	0.1819	0.2052	0.3741	0.2002	0.1851	0.2406	2.2879E-3	1.7132E-3	3.0805E-3	1.9332E-3	3.2399E-3	2.3568E-3	2.2598E-3	2.4787E-3	118.422	1003.318	4462.725	52.757	66.660	17.798	82.553	47.279	83.357	31.557	15.081
65000000	7.294	16.536	0.2354	1.1596	0.4032	2.1937	0.3673	0.2307	0.1825	0.2195	0.3824	0.1912	0.1771	0.2493	2.176E-3	1.5152E-3	2.8564E-3	1.7346E-3	3.0469E-3	2.2549E-3	2.501E-3	3.0189E-3	96.129	844.896	4190.061	50.988	68.701	17.725	82.452	49.851	83.904	31.086	13.754
66000000	7.937	16.862	0.2193	1.2297	0.3651	2.2699	0.3463	0.2421	0.1917	0.2199	0.3761	0.1959	0.1765	0.2514	2.2764E-3	1.4549E-3	2.9426E-3	1.7803E-3	3.3406E-3	2.6157E-3	2.6555E-3	2.6083E-3	37.374	926.658	4391.088	52.212	68.045	18.066	84.401	49.007	84.939	30.977	14.369
67000000	8.486	17.166	0.2360	1.1378	0.3938	2.2123	0.3489	0.2542	0.1780	0.2188	0.3831	0.1903	0.1835	0.2431	2.1137E-3	1.3134E-3	3.011E-3	1.8417E-3	3.4113E-3	2.1842E-3	2.1735E-3	2.378E-3	123.187	950.470	4440.433	53.476	71.872	17.856	82.535	47.152	83.494	31.471	13.963
68000000	7.830	17.215	0.1970	1.2075	0.4158	2.1684	0.3629	0.2409	0.1792	0.2171	0.3851	0.1884	0.1812	0.2453	2.1455E-3	1.3017E-3	3.2278E-3	1.7207E-3	2.969E-3	2.4498E-3	2.4018E-3	2.1357E-3	36.358	1008.640	4520.014	51.794	68.010	17.809	82.927	49.351	83.692	31.572	15.684
69000000	8.451	16.700	0.2368	1.2157	0.3760	2.2480	0.3530	0.2391	0.1924	0.2156	0.3712	0.1974	0.1810	0.2503	2.0703E-3	1.4636E-3	2.7588E-3	1.6653E-3	3.1078E-3	2.4621E-3	2.2685E-3	2.8231E-3	36.539	970.495	4505.007	51.461	69.080	18.093	84.167	48.945	83.672	31.280	13.892
70000000	8.614	16.947	0.2264	1.3732	0.3860	2.2280	0.3443	0.2503	0.1864	0.2190	0.3771	0.1927	0.1858	0.2444	2.1934E-3	1.4664E-3	3.3931E-3	1.785E-3	3.2566E-3	2.3861E-3	2.4206E-3	2.2618E-3	130.815	768.316	4065.624	52.120	65.527	18.029	82.293	48.960	84.217	31.135	15.889
71000000	8.519	16.837	0.2166	1.3237	0.3955	2.2090	0.3574	0.2412	0.1800	0.2214	0.3692	0.2037	0.1747	0.2524	2.1646E-3	1.3741E-3	3.6881E-3	1.7882E-3	3.1946E-3	2.3514E-3	2.0939E-3	2.4407E-3	14.185	1037.724	4598.365	51.791	69.721	17.673	83.017	49.637	83.723	32.395	15.350
72000000	7.481	16.426	0.2217	1.2654	0.4119	2.1762	0.3430	0.2437	0.1978	0.2154	0.3879	0.1890	0.1796	0.2435	2.1183E-3	1.5003E-3	2.1532E-3	1.8766E-3	3.1747E-3	2.4574E-3	2.5204E-3	2.4513E-3	62.041	896.576	4306.628	50.722	69.134	17.888	83.462	47.480	83.514	31.912	14.936
73000000	8.146	16.605	0.2285	1.2926	0.3907	2.2186	0.3439	0.2519	0.1831	0.2212	0.3766	0.1937	0.1825	0.2472	2.1511E-3	1.5472E-3	2.7117E-3	1.8121E-3	3.2673E-3	2.4063E-3	2.4528E-3	2.5685E-3	24.201	927.319	4388.249	51.598	66.386	17.800	82.050	50.076	83.567	31.532	14.348
74000000	9.099	16.758	0.2156	1.2661	0.4027	2.1945	0.3622	0.2524	0.1737	0.2117	0.3749	0.1930	0.1837	0.2484	2.1869E-3	1.4087E-3	3.1327E-3	1.9438E-3	3.4515E-3	2.4392E-3	2.5812E-3	2.8606E-3	9.160	962.796	4435.447	52.069	68.335	18.174	81.904	49.731	83.030	30.830	13.560
75000000	8.421	16.731	0.2236	1.1523	0.3974	2.2052	0.3472	0.2459	0.1863	0.2206	0.3786	0.1968	0.1828	0.2418	2.1463E-3	1.5624E-3	3.2476E-3	1.7265E-3	2.8471E-3	2.5717E-3	2.5678E-3	2.0634E-3	145.517	976.640	4422.226	50.550	66.401	17.619	82.104	48.490	82.439	31.400	14.528
76000000	7.929	16.915	0.2191	1.2177	0.4136	2.1727	0.3527	0.2357	0.1876	0.2240	0.3697	0.2003	0.1743	0.2557	2.1815E-3	1.6685E-3	2.6803E-3	1.913E-3	2.8996E-3	2.4316E-3	2.6798E-3	2.2459E-3	89.427	1018.124	4506.253	51.349	63.199	18.042	82.463	50.175	83.354	31.017	15.042
77000000	8.093	16.539	0.2321	1.2279	0.4196	2.1608	0.3463	0.2541	0.1949	0.2047	0.3783	0.1981	0.1813	0.2423	2.1918E-3	1.6769E-3	3.3991E-3	1.9554E-3	2.9324E-3	2.5797E-3	2.2626E-3	2.4533E-3	111.866	851.147	4189.194	50.526	68.691	18.382	82.836	49.694	83.389	31.315	14.829
78000000	8.770	16.456	0.2055	1.3079	0.4130	2.1739	0.3488	0.2502	0.1810	0.2200	0.3691	0.2004	0.1820	0.2486	2.2876E-3	1.3585E-3	3.0262E-3	1.9166E-3	3.0542E-3	2.4064E-3	2.5301E-3	2.4324E-3	26.020	937.626	4397.834	51.267	67.697	17.957	81.707	49.016	83.428	31.883	15.005
79000000	7.967	16.237	0.2302	1.2317	0.3992	2.2017	0.3329	0.2497	0.1869	0.2304	0.3872	0.1904	0.1825	0.2398	2.2082E-3	1.4952E-3	2.9107E-3	1.8183E-3	2.9087E-3	2.3698E-3	2.1842E-3	2.9669E-3	46.935	830.183	4123.985	52.821	68.144	17.671	82.559	48.041	82.413	32.361	13.584
80000000	7.764	16.842	0.2179	1.2009	0.4114	2.1772	0.3511	0.2388	0.1945	0.2156	0.3795	0.1908	0.1818	0.2479	2.2385E-3	1.6049E-3	3.1302E-3	1.8457E-3	2.8141E-3	2.501E-3	2.4093E-3	2.7273E-3	10.738	957.199	4412.254	50.758	66.165	17.623	81.768	50.843	83.472	32.144	14.102
81000000	9.204	16.949	0.2243	1.3653	0.3744	2.2512	0.3555	0.2508	0.1850	0.2087	0.3720	0.1919	0.1811	0.2550	2.2092E-3	1.3116E-3	3.5705E-3	1.76E-3	3.0145E-3	2.4882E-3	2.8224E-3	2.504E-3	54.693	951.845	4441.663	53.007	68.808	17.284	83.845	49.437	83.917	30.856	15.141
82000000	7.438	16.185	0.2305	1.2209	0.3969	2.2061	0.3346	0.2587	0.1808	0.2259	0.3822	0.1892	0.1820	0.2466	2.2003E-3	1.7244E-3	3.1527E-3	1.8836E-3	3.2386E-3	2.7469E-3	2.2105E-3	2.1561E-3	28.956	847.286	4182.008	50.853	66.904	17.476	83.428	49.459	82.905	31.806	15.906
83000000	8.487	15.096	0.2328	1.2027	0.4193	2.1614	0.3480	0.2578	0.1827	0.2115	0.3786	0.1919	0.1766	0.2529	2.044E-3	1.4945E-3	3.1495E-3	1.7705E-3	3.0121E-3	2.4789E-3	2.3836E-3	2.3694E-3	104.468	774.784	4036.257	52.095	63.376	17.527	81.737	49.837	82.262	30.703	14.485
84000000	8.604	16.580	0.2169	1.3170	0.3912	2.2176	0.3570	0.2433	0.1878	0.2119	0.3762	0.1909	0.1801	0.2528	2.2038E-3	1.6187E-3	3.4504E-3	1.7091E-3	3.1036E-3	2.4693E-3	2.6384E-3	2.6683E-3	60.089	956.535	4402.403	50.405	66.456	17.563	82.814	47.077	83.481	30.858	14.584
85000000	7.765	17.137	0.2280	1.3047	0.4023	2.1955	0.3549	0.2347	0.1928	0.2175	0.3770	0.1877	0.1886	0.2467	2.2609E-3	1.5448E-3	2.8791E-3	1.8847E-3	3.0414E-3	2.4646E-3	2.2179E-3	2.5301E-3	130.834	866.454	4190.337	51.095	65.428	18.269	83.946	49.000	83.209	31.267	14.643
86000000	8.878	15.928	0.2320	1.3446	0.4113	2.1774	0.3613	0.2457	0.1772	0.2158	0.3779	0.1932	0.1831	0.2459	2.333E-3	1.6533E-3	2.8575E-3	1.9373E-3	3.3892E-3	2.6879E-3	2.7068E-3	2.5838E-3	53.665	982.331	4464.507	50.907	67.941	17.573	82.200	49.003	82.763	31.474	14.194
87000000	9.022	16.483	0.2157	1.1230	0.4082	2.1835	0.3473	0.2465	0.1795	0.2268	0.3767	0.1859	0.1854	0.2520	2.1373E-3	1.5173E-3	2.5647E-3	1.8483E-3	3.1628E-3	2.2456E-3	2.3548E-3	2.6029E-3	151.023	1022.000	4540.572	50.518	66.346	18.637	83.633	48.096	84.256	30.776	13.688
88000000	8.813	16.846	0.2183	1.2186	0.3981	2.2038	0.3553	0.2597	0.1696	0.2155	0.3773	0.1918	0.1830	0.2479	2.135E-3	1.7562E-3	2.5136E-3	1.6881E-3	2.9024E-3	2.4675E-3	2.1394E-3	2.4406E-3	75.615	1032.166	4528.742	50.391	63.403	17.982	82.361	49.569	84.056	31.036	14.596
89000000	8.484	17.152	0.2199	1.1748	0.3879	2.2243	0.3643	0.2457	0.1852	0.2048	0.3753	0.1955	0.1806	0.2486	2.2244E-3	1.5096E-3	3.1554E-3	1.8419E-3	2.9094E-3	2.4325E-3	2.2876E-3	2.7325E-3	65.934	1109.645	4703.702	50.375	70.261	18.006	80.970	49.599	83.578	31.146	14.432
90000000	8.457	15.897	0.2290	1.3237	0.3843	2.2313	0.3449	0.2482	0.1954	0.2114	0.3691	0.1962	0.1909	0.2438	2.201E-3	1.3745E-3	2.9125E-3	1.8127E-3	3.3032E-3	2.5201E-3	2.1943E-3	2.3527E-3	63.094	962.498	4445.002	52.170	68.307	17.957	83.285	47.456	83.414	30.914	15.576
91000000	7.942	16.930	0.2263	1.2598	0.4106	2.1789	0.3544	0.2469	0.1909	0.2078	0.3803	0.1921	0.1814	0.2461	2.1043E-3	1.3111E-3	2.9465E-3	1.7717E-3	2.8812E-3	2.5571E-3	2.3567E-3	2.4078E-3	277.495	836.888	4205.418	51.796	65.607	17.947	81.951	50.976	83.999	31.948	15.101
92000000	8.041	16.067	0.2244	1.1753	0.4051	2.1897	0.3447	0.2577	0.1954	0.2021	0.3801	0.1918	0.1835	0.2445	2.2831E-3	1.617E-3	3.121E-3	1.9358E-3	3.7499E-3	2.5788E-3	2.5086E-3	2.4653E-3	67.742	867.279	4188.728	51.247	64.357	18.161	82.477	48.538	83.102	30.926	15.659
93000000	8.227	16.532	0.2284	1.2479	0.3877	2.2246	0.3494	0.2367	0.1941	0.2197	0.3711	0.1913	0.1886	0.2489	2.1591E-3	1.502E-3	2.9548E-3	1.8068E-3	3.1539E-3	2.4582E-3	2.3199E-3	2.4058E-3	166.868	897.968	4355.070	52.773	66.537	18.290	82.478	47.433	83.370	31.070	14.725
94000000	8.696	16.319	0.2349	1.1963	0.4048	2.1905	0.3540	0.2341	0.1921	0.2198	0.3841	0.1932	0.1734	0.2492	2.294E-3	1.4119E-3	3.9965E-3	1.8167E-3	3.1299E-3	2.6949E-3	2.6247E-3	2.7465E-3	39.273	791.684	4053.618	52.047	67.857	17.466	83.619	47.748	82.749	31.209	14.344
95000000	7.392	17.034	0.2146	1.2630	0.3976	2.2048	0.3546	0.2308	0.1941	0.2205	0.3818	0.1928	0.1812	0.2442	2.2428E-3	1.3723E-3	2.7965E-3	1.8771E-3	3.0468E-3	2.5354E-3	2.5441E-3	3.0586E-3	172.844	888.971	4263.810	51.444	69.639	18.261	82.485	47.241	82.582	31.308	14.360
96000000	7.987	17.009	0.2413	1.1712	0.3855	2.2290	0.3606	0.2424	0.1849	0.2121	0.3738	0.1999	0.1825	0.2438	2.1762E-3	1.3824E-3	3.2112E-3	1.8627E-3	3.2481E-3	2.3757E-3	2.1125E-3	2.3076E-3	87.439	880.962	4256.183	51.919	66.459	17.640	83.600	48.077	83.444	31.416	14.413
97000000	8.136	17.226	0.2054	1.2551	0.4142	2.1715	0.3615	0.2436	0.1775	0.2173	0.3789	0.1905	0.1812	0.2494	2.1307E-3	1.5941E-3	2.9834E-3	1.9906E-3	3.071E-3	2.4302E-3	2.4006E-3	2.4215E-3	119.551	1148.977	4770.313	52.347	66.040	18.275	82.326	47.207	82.436	31.318	14.586
98000000	8.719	16.418	0.2202	1.2593	0.3603	2.2794	0.3627	0.2414	0.1717	0.2242	0.3674	0.1983	0.1806	0.2537	2.1744E-3	1.4578E-3	2.7076E-3	1.8046E-3	3.0471E-3	2.3293E-3	2.3373E-3	2.3045E-3	674.719	854.543	4209.690	52.205	70.164	17.689	82.456	49.098	84.054	32.089	15.063
99000000	7.587	16.789	0.2243	1.2358	0.4094	2.1811	0.3499	0.2435	0.1804	0.2263	0.3791	0.1945	0.1817	0.2447	2.1611E-3	1.5761E-3	3.3545E-3	1.9229E-3	3.1269E-3	2.477E-3	2.5831E-3	2.7367E-3	530.843	903.483	4324.121	51.118	67.571	18.127	81.518	48.936	83.028	31.447	14.077
100000000	8.316	16.108	0.2237	1.2313	0.4098	2.1804	0.3414	0.2562	0.1920	0.2104	0.3740	0.2018	0.1813	0.2429	2.1771E-3	1.4015E-3	3.1938E-3	1.8544E-3	2.9561E-3	2.5098E-3	2.288E-3	2.3343E-3	71.361	1062.721	4723.611	54.225	68.669	17.537	82.647	50.559	83.210	31.817	14.959
101000000	7.771	15.892	0.2299	1.3237	0.3927	2.2145	0.3438	0.2505	0.1950	0.2107	0.3807	0.1914	0.1829	0.2450	2.2011E-3	1.4451E-3	3.0186E-3	1.7698E-3	3.1173E-3	2.4059E-3	2.5303E-3	2.1998E-3	38.432	908.396	4315.426	53.733	65.845	18.230	83.834	48.709	83.359	31.167	14.013
102000000	7.582	15.838	0.2436	1.2035	0.4130	2.1740	0.3563	0.2504	0.1813	0.2120	0.3912	0.1890	0.1807	0.2391	2.114E-3	1.3604E-3	2.6363E-3	1.9298E-3	2.8527E-3	2.5552E-3	2.509E-3	2.749E-3	57.899	810.173	4200.041	52.529	70.347	17.566	84.489	50.042	82.966	30.896	14.757
103000000	8.603	16.521	0.2206	1.2210	0.3849	2.2301	0.3439	0.2458	0.1885	0.2218	0.3809	0.1956	0.1864	0.2372	2.188E-3	1.4875E-3	2.6253E-3	1.8034E-3	2.9225E-3	2.3905E-3	2.5276E-3	2.6936E-3	40.014	1115.946	4726.990	50.880	65.854	17.886	81.591	50.255	83.307	31.664	13.964
104000000	8.104	16.892	0.2127	1.2107	0.3953	2.2093	0.3492	0.2509	0.1812	0.2188	0.3787	0.1965	0.1760	0.2488	2.0932E-3	1.4987E-3	2.6922E-3	1.8234E-3	3.083E-3	2.3194E-3	2.3314E-3	2.3128E-3	54.906	936.317	4388.877	51.959	66.743	17.805	81.784	48.093	84.065	32.402	14.672
105000000	8.452	16.257	0.2227	1.1938	0.4013	2.1974	0.3334	0.2580	0.1927	0.2160	0.3702	0.2020	0.1790	0.2489	2.17E-3	1.5057E-3	3.0711E-3	1.7703E-3	3.1874E-3	2.6228E-3	2.5104E-3	1.9475E-3	25.913	1014.206	4525.635	52.312	66.325	17.927	82.484	47.795	82.917	31.764	15.463
106000000	8.303	16.238	0.2355	1.2043	0.3921	2.2158	0.3657	0.2444	0.1771	0.2128	0.3878	0.1940	0.1790	0.2393	2.0589E-3	1.5895E-3	2.9942E-3	1.9319E-3	3.1802E-3	2.4229E-3	2.212E-3	2.4312E-3	34.277	878.629	4222.318	51.363	59.811	17.494	82.493	47.823	83.273	30.951	14.937
107000000	7.748	17.177	0.2025	1.2141	0.4018	2.1964	0.3485	0.2512	0.1806	0.2197	0.3803	0.1954	0.1818	0.2425	2.2082E-3	1.561E-3	3.4712E-3	1.8293E-3	3.3502E-3	2.5062E-3	2.285E-3	2.3317E-3	252.152	1016.427	4534.659	50.605	63.743	17.423	82.280	47.048	83.142	31.401	15.215
108000000	8.163	15.995	0.2144	1.2317	0.4156	2.1688	0.3393	0.2546	0.1980	0.2082	0.3763	0.1954	0.1817	0.2466	2.2888E-3	1.6048E-3	3.4732E-3	1.8235E-3	2.9832E-3	2.3759E-3	2.5785E-3	2.8581E-3	34.983	830.150	4128.420	53.023	63.606	17.693	82.684	48.777	83.407	31.037	14.008
109000000	7.986	16.395	0.2281	1.1339	0.4164	2.1672	0.3612	0.2445	0.1867	0.2076	0.3711	0.1971	0.1810	0.2508	2.1223E-3	1.5354E-3	2.3545E-3	1.6608E-3	3.0583E-3	2.4318E-3	2.3307E-3	2.2946E-3	41.324	880.322	4318.046	51.228	70.039	18.250	82.595	48.941	83.469	32.175	15.048
110000000	7.660	16.270	0.2255	1.2454	0.4052	2.1895	0.3463	0.2435	0.1888	0.2214	0.3713	0.1958	0.1783	0.2546	2.066E-3	1.4414E-3	3.3882E-3	1.7944E-3	3.157E-3	2.2841E-3	1.9109E-3	2.3895E-3	72.242	913.774	4365.375	52.156	68.580	18.429	82.593	47.658	84.441	32.421	15.085
111000000	8.475	16.432	0.2202	1.1488	0.3922	2.2157	0.3469	0.2445	0.1904	0.2182	0.3754	0.1997	0.1808	0.2441	2.1201E-3	1.5125E-3	2.8908E-3	1.8374E-3	2.8855E-3	2.2489E-3	2.0669E-3	2.638E-3	27.326	883.962	4274.546	50.614	66.383	18.080	82.559	48.198	83.873	31.541	13.500
112000000	7.590	15.782	0.2370	1.2221	0.3980	2.2039	0.3763	0.2283	0.1782	0.2172	0.3769	0.1922	0.1796	0.2514	2.1237E-3	1.4956E-3	2.5979E-3	1.8425E-3	3.0593E-3	2.4419E-3	2.5829E-3	2.3475E-3	66.182	801.568	4150.365	52.669	69.439	18.119	83.420	51.390	83.941	31.032	15.310
113000000	7.456	15.998	0.2169	1.3929	0.3759	2.2482	0.3451	0.2476	0.1841	0.2231	0.3737	0.1900	0.1837	0.2526	2.2641E-3	1.5667E-3	3.169E-3	1.8106E-3	3.2708E-3	2.4984E-3	2.7859E-3	2.3534E-3	1561.834	929.748	4327.647	51.033	69.346	17.673	84.903	48.016	83.121	31.160	14.851
114000000	8.460	15.645	0.2207	1.2444	0.3851	2.2299	0.3536	0.2504	0.1830	0.2131	0.3731	0.1910	0.1899	0.2459	2.1377E-3	1.3618E-3	3.2057E-3	1.8256E-3	3.3918E-3	2.5138E-3	2.6243E-3	2.3919E-3	850.412	834.345	4194.187	52.557	67.613	18.094	82.389	47.827	82.954	31.425	14.672
115000000	8.178	16.613	0.2324	1.2711	0.3964	2.2072	0.3408	0.2408	0.1800	0.2385	0.3863	0.1921	0.1782	0.2434	2.24E-3	1.4373E-3	2.8489E-3	1.8754E-3	3.0921E-3	2.448E-3	2.3064E-3	2.22E-3	38.974	973.365	4417.885	51.254	68.848	18.079	82.275	49.315	83.400	30.559	15.612
116000000	7.754	16.943	0.2208	1.2235	0.4103	2.1794	0.3393	0.2476	0.1934	0.2198	0.3668	0.2004	0.1776	0.2552	2.0613E-3	1.4402E-3	2.8523E-3	1.6355E-3	3.1878E-3	2.2803E-3	2.4347E-3	2.5598E-3	128.402	799.152	4106.312	50.506	72.646	18.435	83.178	49.771	84.618	31.711	14.090
117000000	7.450	16.362	0.2153	1.1322	0.3957	2.2087	0.3590	0.2412	0.1810	0.2188	0.3707	0.1978	0.1800	0.2515	2.1776E-3	1.4542E-3	2.664E-3	1.7949E-3	3.3561E-3	2.3342E-3	2.7552E-3	3.0146E-3	49.163	799.199	4091.172	52.772	66.062	17.937	82.797	47.590	83.759	31.008	14.093
118000000	8.710	15.949	0.2325	1.2467	0.3950	2.2100	0.3443	0.2486	0.1862	0.2210	0.3701	0.1943	0.1833	0.2523	2.2584E-3	1.7799E-3	2.9632E-3	1.7836E-3	3.1576E-3	2.5359E-3	2.5561E-3	2.4224E-3	50.001	956.762	4381.963	50.863	64.095	17.752	83.697	48.803	84.182	31.267	14.864
119000000	8.076	16.258	0.2135	1.1439	0.4144	2.1711	0.3530	0.2457	0.1786	0.2227	0.3832	0.1855	0.1834	0.2480	2.1313E-3	1.4649E-3	2.9473E-3	1.981E-3	3.1275E-3	2.5037E-3	2.5275E-3	2.5263E-3	40.158	728.940	3903.655	51.493	65.673	17.776	81.457	46.740	83.382	30.820	15.328
120000000	8.312	17.234	0.2197	1.2207	0.4199	2.1602	0.3469	0.2404	0.1936	0.2192	0.3824	0.1886	0.1805	0.2485	2.0934E-3	1.3969E-3	2.6646E-3	1.8556E-3	3.1839E-3	2.3777E-3	2.3586E-3	2.4181E-3	35.467	945.962	4451.722	51.103	65.708	18.008	82.379	50.343	83.153	31.261	13.829
121000000	8.782	16.967	0.2153	1.3370	0.3783	2.2435	0.3698	0.2522	0.1733	0.2047	0.3722	0.1939	0.1820	0.2519	2.1919E-3	1.3046E-3	3.0102E-3	1.8195E-3	3.2059E-3	2.2751E-3	2.16E-3	2.834E-3	29.265	950.744	4377.763	53.701	67.550	18.296	81.830	46.448	83.979	31.974	14.216
122000000	8.043	16.902	0.2229	1.1507	0.4232	2.1536	0.3355	0.2450	0.1978	0.2216	0.3673	0.1992	0.1841	0.2493	2.1357E-3	1.4789E-3	3.1588E-3	1.839E-3	3.2285E-3	2.3298E-3	2.5889E-3	2.2853E-3	38.661	908.662	4386.162	51.958	68.262	17.437	82.504	49.436	84.388	31.245	14.747
123000000	8.260	16.199	0.2152	1.2233	0.4116	2.1768	0.3609	0.2378	0.1775	0.2239	0.3755	0.1949	0.1824	0.2472	2.1668E-3	1.4097E-3	2.6015E-3	1.9344E-3	2.9749E-3	2.3539E-3	2.8685E-3	2.6176E-3	4.781	1007.863	4527.199	51.452	67.154	18.082	81.367	50.940	83.406	30.720	14.356
124000000	8.155	16.079	0.2199	1.3029	0.3895	2.2211	0.3636	0.2335	0.1849	0.2180	0.3806	0.1892	0.1823	0.2479	2.2095E-3	1.6012E-3	2.8354E-3	1.8279E-3	3.0822E-3	2.3645E-3	2.561E-3	2.8428E-3	41.036	1039.225	4533.604	50.531	66.788	18.086	81.683	46.215	83.691	30.825	13.829
125000000	8.298	16.205	0.2161	1.2354	0.4150	2.1700	0.3403	0.2420	0.1865	0.2312	0.3784	0.1947	0.1822	0.2447	2.2008E-3	1.449E-3	3.3389E-3	1.796E-3	3.2013E-3	2.3352E-3	2.3076E-3	2.3486E-3	142.685	973.126	4429.250	52.973	65.227	17.248	84.302	49.360	83.617	31.667	14.291
126000000	7.337	16.309	0.2248	1.2530	0.3838	2.2325	0.3574	0.2400	0.1818	0.2209	0.3735	0.1957	0.1829	0.2479	2.0461E-3	1.628E-3	2.5886E-3	1.7065E-3	3.0564E-3	2.424E-3	2.4157E-3	2.3236E-3	35.613	940.202	4387.507	50.207	65.528	18.064	83.164	49.188	82.644	31.318	14.843
127000000	8.364	16.189	0.2166	1.0940	0.4042	2.1916	0.3397	0.2457	0.1953	0.2193	0.3784	0.1908	0.1857	0.2451	2.0925E-3	1.4629E-3	2.8216E-3	1.6173E-3	2.9624E-3	2.4455E-3	2.3992E-3	2.4858E-3	50.765	941.418	4365.981	51.973	64.791	17.684	83.082	48.672	83.390	31.310	14.615
128000000	8.883	16.610	0.2358	1.2677	0.3962	2.2076	0.3496	0.2445	0.1858	0.2201	0.3764	0.1943	0.1791	0.2502	2.2835E-3	1.3345E-3	3.2707E-3	1.7938E-3	3.1545E-3	2.6708E-3	2.3298E-3	1.9925E-3	207.178	878.983	4202.301	53.441	66.400	17.708	82.089	48.493	83.366	31.377	15.230
129000000	8.497	15.878	0.2189	1.3224	0.4075	2.1851	0.3464	0.2488	0.1782	0.2265	0.3744	0.1975	0.1818	0.2463	2.1529E-3	1.4205E-3	2.8468E-3	1.9943E-3	3.1651E-3	2.4715E-3	2.3458E-3	2.6889E-3	548.025	1020.365	4556.526	52.727	66.799	17.877	81.960	48.400	83.080	31.587	14.239
130000000	8.097	16.714	0.2181	1.3307	0.4111	2.1777	0.3506	0.2417	0.1957	0.2119	0.3782	0.1964	0.1789	0.2465	2.0947E-3	1.2712E-3	3.2786E-3	1.6908E-3	2.8681E-3	2.4576E-3	2.3328E-3	2.3078E-3	87.471	776.671	4059.820	53.318	67.945	18.260	82.263	49.537	83.430	31.408	14.255
131000000	7.437	16.476	0.2156	1.3526	0.3780	2.2440	0.3525	0.2458	0.1765	0.2252	0.3726	0.1923	0.1799	0.2551	2.2208E-3	1.4863E-3	3.0096E-3	1.8715E-3	3.3523E-3	2.4954E-3	2.483E-3	2.2831E-3	28.603	757.344	3986.369	52.369	66.578	17.579	82.585	46.818	83.443	31.632	15.351
132000000	8.425	16.874	0.2398	1.2891	0.3969	2.2061	0.3518	0.2311	0.1791	0.2379	0.3686	0.1971	0.1812	0.2531	2.2615E-3	1.4375E-3	2.933E-3	1.8044E-3	3.1489E-3	2.3626E-3	2.4185E-3	2.7054E-3	497.172	911.581	4328.617	51.727	66.413	18.051	83.442	48.375	83.731	31.162	14.350
133000000	8.097	16.870	0.2161	1.2942	0.4131	2.1737	0.3453	0.2508	0.1828	0.2212	0.3788	0.1946	0.1791	0.2476	2.1839E-3	1.4825E-3	3.1986E-3	1.9234E-3	3.4216E-3	2.5815E-3	2.8307E-3	2.4617E-3	427.138	1054.271	4642.398	52.005	65.753	18.559	82.690	48.389	83.932	31.279	14.902
134000000	8.728	15.822	0.2220	1.2095	0.4109	2.1782	0.3541	0.2501	0.1864	0.2094	0.3797	0.1919	0.1874	0.2411	2.2432E-3	1.5554E-3	3.179E-3	1.8005E-3	3.1327E-3	2.4088E-3	2.2669E-3	2.364E-3	52.466	754.429	3969.821	50.873	64.711	17.977	82.992	45.939	84.199	30.824	15.421
135000000	7.628	16.649	0.2309	1.2218	0.3984	2.2031	0.3558	0.2489	0.1831	0.2122	0.3804	0.1931	0.1780	0.2486	2.1616E-3	1.4008E-3	2.8539E-3	1.7982E-3	3.07E-3	2.3122E-3	2.4124E-3	2.4373E-3	54.835	810.126	4146.568	51.598	67.562	17.807	83.325	47.990	83.785	31.020	14.991
136000000	8.344	16.429	0.2138	1.2629	0.3820	2.2360	0.3461	0.2518	0.1893	0.2128	0.3725	0.1890	0.1792	0.2592	2.207E-3	1.47E-3	3.4419E-3	1.8293E-3	2.957E-3	2.5375E-3	2.632E-3	2.3438E-3	172.564	975.250	4459.513	50.210	65.668	18.166	82.785	49.391	83.480	30.939	15.087
137000000	7.826	16.064	0.2282	1.2617	0.4137	2.1725	0.3560	0.2453	0.1882	0.2104	0.3718	0.1923	0.1847	0.2513	2.2464E-3	1.5676E-3	2.9313E-3	1.8003E-3	3.027E-3	2.3229E-3	2.2707E-3	2.3509E-3	36.897	963.270	4392.313	51.210	67.879	17.967	81.979	49.882	84.432	31.117	15.397
138000000	8.972	17.125	0.2269	1.2854	0.3832	2.2336	0.3511	0.2523	0.1865	0.2101	0.3733	0.2007	0.1775	0.2485	2.2196E-3	1.6064E-3	3.3741E-3	1.8784E-3	2.8132E-3	2.4564E-3	2.2601E-3	2.4353E-3	91.394	1077.142	4634.101	50.514	66.182	17.953	82.209	49.635	83.133	32.402	15.060
139000000	8.138	18.649	0.2360	1.2811	0.3891	2.2218	0.3494	0.2517	0.1868	0.2122	0.3725	0.1896	0.1849	0.2530	2.1943E-3	1.5546E-3	3.2714E-3	1.7936E-3	3.2354E-3	2.5233E-3	2.4001E-3	2.8813E-3	779.782	1164.472	4822.589	50.413	68.551	18.194	83.301	47.717	82.829	31.071	13.912
140000000	8.497	15.725	0.2220	1.2763	0.4071	2.1857	0.3488	0.2419	0.1919	0.2174	0.3756	0.1948	0.1871	0.2425	2.134E-3	1.4804E-3	2.8284E-3	1.9535E-3	3.1769E-3	2.1889E-3	2.4316E-3	2.4741E-3	309.281	860.623	4205.577	50.283	68.910	17.825	82.032	47.024	84.456	31.051	13.994
141000000	7.930	16.588	0.2161	1.1660	0.4227	2.1546	0.3635	0.2375	0.1814	0.2176	0.3796	0.1949	0.1735	0.2521	2.2125E-3	1.4698E-3	2.5686E-3	1.7104E-3	2.8844E-3	2.5167E-3	2.3039E-3	2.6167E-3	133.158	742.815	3934.965	51.708	66.446	18.288	82.030	51.552	83.047	31.070	14.180
142000000	7.850	17.604	0.2175	1.2306	0.3849	2.2301	0.3613	0.2334	0.1936	0.2117	0.3739	0.1912	0.1840	0.2509	2.2063E-3	1.546E-3	2.8923E-3	1.7658E-3	3.2504E-3	2.3923E-3	2.8517E-3	2.4844E-3	62.128	786.798	4051.296	50.875	65.764	18.756	82.817	46.980	83.693	30.868	14.921
143000000	8.408	16.062	0.2199	1.3168	0.4084	2.1833	0.3457	0.2387	0.1912	0.2244	0.3753	0.1960	0.1826	0.2461	2.2867E-3	1.5776E-3	2.7944E-3	1.8862E-3	3.4731E-3	2.5623E-3	2.2277E-3	2.4288E-3	169.258	969.995	4387.343	52.077	64.318	17.735	82.549	45.928	83.673	30.795	14.929
144000000	7.911	16.660	0.2116	1.2959	0.3974	2.2053	0.3603	0.2219	0.1917	0.2261	0.3750	0.1992	0.1771	0.2487	2.1601E-3	1.6981E-3	3.5556E-3	1.7647E-3	2.9315E-3	2.3977E-3	2.2345E-3	2.67E-3	91.686	824.805	4167.665	51.471	64.457	17.924	83.961	50.052	83.948	30.859	14.305
145000000	8.117	16.749	0.2356	1.2523	0.3759	2.2483	0.3440	0.2468	0.1868	0.2224	0.3765	0.1917	0.1861	0.2457	2.154E-3	1.362E-3	3.0789E-3	1.9045E-3	3.0583E-3	2.5159E-3	2.0743E-3	2.8327E-3	23.498	827.157	4143.696	52.042	69.229	18.037	83.553	46.637	82.753	32.047	14.520
146000000	7.977	17.325	0.2314	1.2486	0.4054	2.1891	0.3468	0.2510	0.1796	0.2226	0.3748	0.1903	0.1847	0.2501	2.2072E-3	1.5416E-3	2.8589E-3	1.9035E-3	2.8627E-3	2.4204E-3	2.4609E-3	2.4103E-3	20.914	861.690	4240.387	50.874	65.783	17.628	81.994	47.724	83.739	31.239	15.011
147000000	7.545	16.949	0.2234	1.2811	0.3805	2.2390	0.3444	0.2473	0.1811	0.2272	0.3744	0.1976	0.1837	0.2443	2.1804E-3	1.7047E-3	3.5476E-3	1.7655E-3	3.0681E-3	2.625E-3	2.5209E-3	2.3272E-3	173.335	1082.317	4695.964	51.694	66.112	17.683	84.708	48.871	83.674	30.784	15.444
148000000	7.877	16.721	0.2446	1.2755	0.4077	2.1846	0.3417	0.2306	0.1944	0.2332	0.3756	0.1959	0.1835	0.2451	2.1788E-3	1.3981E-3	2.8916E-3	1.7349E-3	2.9296E-3	2.5801E-3	2.4872E-3	2.572E-3	56.015	829.623	4218.759	52.835	68.586	18.096	83.958	47.061	83.011	30.995	13.962
149000000	8.631	16.261	0.2340	1.2498	0.3939	2.2122	0.3532	0.2477	0.1744	0.2246	0.3774	0.1934	0.1832	0.2460	2.2015E-3	1.45E-3	3.2592E-3	1.8561E-3	3.1351E-3	2.6284E-3	2.4478E-3	2.2412E-3	84.252	912.228	4349.862	51.308	68.355	17.443	81.777	48.945	83.446	31.312	15.488
150000000	8.330	16.274	0.2165	1.3027	0.3906	2.2187	0.3458	0.2618	0.1844	0.2080	0.3753	0.1944	0.1830	0.2472	2.2019E-3	1.5958E-3	3.0144E-3	1.8783E-3	3.5115E-3	2.4231E-3	2.4794E-3	2.4727E-3	47.054	726.315	3928.686	51.235	65.267	17.657	82.060	47.853	83.530	31.818	14.732
151000000	8.758	16.037	0.2216	1.2838	0.4087	2.1826	0.3532	0.2595	0.1795	0.2078	0.3819	0.1925	0.1804	0.2452	2.1678E-3	1.5744E-3	2.5753E-3	1.7624E-3	3.131E-3	2.3401E-3	2.3623E-3	2.5227E-3	313.210	916.203	4323.336	51.477	67.634	17.537	83.013	48.135	84.503	31.208	14.499
152000000	8.407	17.144	0.2116	1.2201	0.4437	2.1126	0.3481	0.2461	0.1868	0.2191	0.3787	0.1955	0.1790	0.2469	2.1403E-3	1.4056E-3	3.1574E-3	1.7115E-3	3.2888E-3	2.4296E-3	2.31E-3	2.1658E-3	37.088	947.369	4443.676	53.710	66.606	18.232	82.795	49.744	84.343	31.534	15.269
153000000	8.014	16.620	0.2114	1.2651	0.3936	2.2127	0.3462	0.2499	0.1953	0.2087	0.3832	0.1857	0.1882	0.2429	2.2323E-3	1.3287E-3	2.9937E-3	1.8416E-3	3.2657E-3	2.5541E-3	2.42E-3	2.0015E-3	102.524	899.448	4286.760	53.272	65.549	17.661	82.335	47.818	83.673	31.923	15.546
154000000	7.519	17.106	0.2285	1.1383	0.3857	2.2286	0.3475	0.2429	0.1868	0.2228	0.3723	0.1892	0.1837	0.2548	2.1642E-3	1.5214E-3	3.025E-3	1.8362E-3	3.0538E-3	2.61E-3	2.2354E-3	2.5863E-3	44.463	865.806	4216.589	51.923	64.828	17.877	81.585	49.803	82.907	31.613	14.203
155000000	8.511	16.338	0.2235	1.2202	0.4174	2.1652	0.3645	0.2406	0.1838	0.2111	0.3768	0.2016	0.1797	0.2419	2.129E-3	1.603E-3	2.53E-3	1.8215E-3	3.0701E-3	2.1106E-3	2.2955E-3	2.2898E-3	88.847	987.246	4471.697	49.853	68.229	18.319	82.888	48.831	83.451	31.456	15.421
156000000	8.310	15.895	0.2192	1.2304	0.3814	2.2372	0.3524	0.2449	0.1782	0.2245	0.3793	0.1950	0.1841	0.2416	2.1971E-3	1.3645E-3	3.253E-3	1.7081E-3	2.9205E-3	2.536E-3	2.3088E-3	2.0704E-3	35.722	1088.154	4673.763	51.717	67.455	17.308	82.386	48.281	83.964	31.909	15.175
157000000	8.585	16.714	0.2476	1.2197	0.3894	2.2211	0.3450	0.2677	0.1719	0.2154	0.3768	0.1961	0.1788	0.2483	2.1742E-3	1.7437E-3	3.7607E-3	1.7867E-3	3.2491E-3	2.4284E-3	2.5446E-3	2.3135E-3	38.562	792.292	4107.242	51.561	65.089	17.561	83.768	48.252	84.075	31.116	14.909
158000000	8.106	15.291	0.2111	1.2746	0.4053	2.1895	0.3486	0.2298	0.2033	0.2182	0.3704	0.2039	0.1788	0.2470	2.2276E-3	1.4867E-3	2.5337E-3	1.8187E-3	2.9484E-3	2.4047E-3	2.2034E-3	2.3444E-3	58.367	947.453	4315.126	50.703	62.362	18.040	82.008	48.532	83.057	31.838	15.530
159000000	7.656	16.263	0.2351	1.3267	0.3688	2.2623	0.3359	0.2480	0.1943	0.2219	0.3815	0.1915	0.1830	0.2440	2.0957E-3	1.3434E-3	2.6132E-3	1.617E-3	3.0347E-3	2.3736E-3	2.315E-3	2.8857E-3	69.124	838.030	4226.701	52.382	65.756	18.705	84.099	47.646	85.342	31.502	13.916
160000000	9.000	16.606	0.2449	1.2097	0.3884	2.2232	0.3569	0.2427	0.1812	0.2191	0.3844	0.1927	0.1787	0.2441	2.166E-3	1.5664E-3	2.3773E-3	1.9074E-3	3.2804E-3	2.7544E-3	2.8094E-3	2.5564E-3	47.645	767.524	4038.032	51.360	65.829	18.866	82.799	46.957	83.751	30.813	14.525
161000000	7.798	16.484	0.2164	1.1670	0.3811	2.2377	0.3527	0.2331	0.1875	0.2267	0.3742	0.1975	0.1791	0.2491	2.1753E-3	1.4121E-3	3.0063E-3	1.7344E-3	2.9438E-3	2.5919E-3	2.7337E-3	3.0365E-3	13.811	901.046	4314.945	53.452	68.357	17.911	82.168	49.013	83.420	31.680	13.853
162000000	7.745	15.738	0.2342	1.2555	0.4076	2.1849	0.3444	0.2333	0.1953	0.2270	0.3851	0.1930	0.1777	0.2443	2.2592E-3	1.5421E-3	3.4146E-3	1.8697E-3	3.191E-3	2.3409E-3	2.6203E-3	2.8436E-3	28.313	973.927	4383.833	50.926	66.809	17.750	82.940	48.546	83.417	31.569	14.240
163000000	8.123	16.206	0.2272	1.2915	0.3753	2.2495	0.3569	0.2397	0.1869	0.2165	0.3768	0.1949	0.1757	0.2527	2.1832E-3	1.547E-3	3.4791E-3	1.7897E-3	2.944E-3	2.3784E-3	2.6219E-3	2.6522E-3	30.582	850.690	4177.809	50.872	68.277	17.728	82.445	50.784	84.553	31.375	14.291
164000000	7.270	16.798	0.2179	1.2408	0.3990	2.2019	0.3552	0.2418	0.1915	0.2114	0.3814	0.1934	0.1833	0.2419	2.1757E-3	1.6237E-3	3.5255E-3	1.7546E-3	3.1608E-3	2.3677E-3	2.7285E-3	2.3531E-3	441.303	975.915	4569.852	51.560	66.715	17.980	83.600	51.942	84.661	31.432	13.904
165000000	8.276	16.829	0.2326	1.2095	0.4005	2.1989	0.3444	0.2488	0.1979	0.2089	0.3766	0.1962	0.1798	0.2474	2.1614E-3	1.5127E-3	3.0996E-3	1.7909E-3	3.0354E-3	2.4007E-3	2.5911E-3	2.7986E-3	45.158	995.908	4471.428	51.779	65.766	18.051	82.429	49.368	82.732	31.150	13.931
166000000	8.002	16.361	0.2527	1.1315	0.4007	2.1987	0.3619	0.2377	0.1707	0.2297	0.3778	0.1975	0.1795	0.2451	2.0923E-3	1.4568E-3	3.0072E-3	1.6845E-3	3.2032E-3	2.3541E-3	2.4302E-3	2.5745E-3	193.587	796.417	4154.574	51.951	68.299	17.601	84.754	49.411	84.279	31.365	14.570
167000000	7.876	16.285	0.2173	1.2598	0.4218	2.1564	0.3281	0.2441	0.2002	0.2276	0.3684	0.1992	0.1824	0.2500	2.1426E-3	1.431E-3	2.5373E-3	1.7324E-3	3.0332E-3	2.4767E-3	2.2292E-3	2.3823E-3	114.789	1066.461	4698.563	52.886	65.463	18.296	84.048	49.387	83.534	32.063	15.031
168000000	7.729	15.922	0.2200	1.1690	0.4085	2.1830	0.3655	0.2300	0.1780	0.2266	0.3806	0.1919	0.1757	0.2518	2.1196E-3	1.2626E-3	3.0328E-3	1.7329E-3	3.3537E-3	2.4064E-3	2.4717E-3	2.538E-3	109.809	930.708	4407.919	54.655	69.134	17.912	82.021	46.725	83.573	30.810	14.259
169000000	8.052	17.744	0.2195	1.3082	0.4220	2.1560	0.3413	0.2449	0.1941	0.2196	0.3725	0.1935	0.1870	0.2469	2.2462E-3	1.7356E-3	2.9422E-3	1.7877E-3	2.9426E-3	2.5154E-3	2.4642E-3	2.1801E-3	122.777	884.216	4225.664	50.146	66.276	18.113	83.284	47.293	83.291	31.248	14.824
170000000	7.926	17.574	0.2258	1.2436	0.4202	2.1596	0.3518	0.2401	0.1907	0.2173	0.3759	0.1968	0.1872	0.2401	2.1802E-3	1.4999E-3	3.5622E-3	1.8196E-3	2.93E-3	2.4511E-3	2.5588E-3	2.2066E-3	268.220	899.854	4306.315	50.975	65.217	17.516	83.323	49.975	84.277	30.962	15.086
171000000	9.207	16.460	0.2265	1.2794	0.3957	2.2086	0.3465	0.2581	0.1803	0.2151	0.3754	0.1951	0.1812	0.2483	2.1296E-3	1.4708E-3	2.9357E-3	1.861E-3	3.0394E-3	2.4868E-3	1.9116E-3	2.1437E-3	419.708	1082.133	4719.285	52.515	66.354	18.533	83.326	48.569	82.876	31.143	14.132
172000000	8.428	17.230	0.2171	1.0757	0.3933	2.2134	0.3638	0.2393	0.1849	0.2121	0.3732	0.2019	0.1832	0.2417	2.0936E-3	1.53E-3	2.9017E-3	1.8766E-3	3.0299E-3	2.3123E-3	2.1797E-3	2.4622E-3	6.780	1324.570	5167.475	51.618	65.811	17.667	81.629	49.694	83.410	31.569	14.866
173000000	8.291	16.122	0.2229	1.1915	0.3885	2.2229	0.3567	0.2437	0.1826	0.2170	0.3829	0.1907	0.1803	0.2461	2.2239E-3	1.6176E-3	3.1615E-3	2.0102E-3	3.0052E-3	2.5984E-3	2.2736E-3	2.3444E-3	75.057	927.631	4332.072	51.000	66.262	17.427	82.640	48.103	82.913	32.174	15.082
174000000	7.961	15.810	0.2271	1.1544	0.4332	2.1336	0.3364	0.2472	0.1915	0.2249	0.3744	0.1949	0.1805	0.2502	2.1061E-3	1.5028E-3	3.1241E-3	1.7036E-3	3.2449E-3	2.4074E-3	2.2772E-3	2.5261E-3	75.930	882.321	4327.170	51.628	65.308	18.229	82.343	48.782	83.342	31.591	14.610
175000000	7.798	16.577	0.2128	1.1980	0.3891	2.2219	0.3449	0.2594	0.1823	0.2134	0.3863	0.1969	0.1800	0.2368	2.1621E-3	1.3659E-3	3.33E-3	1.7401E-3	3.1437E-3	2.3562E-3	2.6467E-3	2.6228E-3	142.927	862.518	4198.126	51.789	66.879	18.158	83.252	48.192	83.626	31.140	14.265
176000000	8.092	17.240	0.2057	1.3581	0.4143	2.1715	0.3345	0.2518	0.1897	0.2240	0.3724	0.1967	0.1746	0.2563	2.1904E-3	1.4233E-3	2.642E-3	1.7797E-3	3.13E-3	2.5558E-3	2.6289E-3	2.644E-3	34.362	1060.591	4616.807	51.308	65.226	17.931	82.864	50.365	83.250	30.914	13.898
177000000	7.629	16.924	0.2144	1.1951	0.4053	2.1893	0.3489	0.2530	0.1918	0.2064	0.3688	0.2010	0.1766	0.2536	2.2751E-3	1.3899E-3	2.9622E-3	1.9279E-3	3.3538E-3	2.4844E-3	2.4354E-3	2.9783E-3	32.321	837.068	4174.201	51.957	70.971	17.895	82.820	49.086	83.524	31.745	14.271
178000000	7.280	17.169	0.2265	1.1611	0.3996	2.2009	0.3564	0.2577	0.1813	0.2046	0.3798	0.1989	0.1774	0.2439	2.2973E-3	1.5696E-3	2.9392E-3	1.885E-3	3.1031E-3	2.5046E-3	2.3214E-3	2.3581E-3	20.033	950.989	4351.325	52.278	66.372	17.826	81.832	48.129	84.146	31.039	15.667
179000000	8.589	17.280	0.2250	1.3735	0.4139	2.1722	0.3585	0.2404	0.1826	0.2184	0.3760	0.1930	0.1852	0.2458	2.2235E-3	1.6717E-3	3.4456E-3	1.9112E-3	3.1268E-3	2.4759E-3	2.8219E-3	2.6256E-3	756.034	794.707	4055.058	50.640	63.694	17.995	83.157	48.433	82.099	31.054	15.172
180000000	7.471	16.252	0.2132	1.1751	0.4270	2.1460	0.3473	0.2495	0.1913	0.2119	0.3866	0.1878	0.1809	0.2448	2.1175E-3	1.4503E-3	3.1472E-3	1.7191E-3	2.9943E-3	2.4073E-3	2.5013E-3	2.5512E-3	20.702	937.353	4423.722	51.764	65.833	18.483	83.552	47.610	83.381	31.477	15.582
181000000	7.504	15.503	0.2296	1.2949	0.3917	2.2166	0.3435	0.2490	0.1790	0.2285	0.3762	0.1961	0.1834	0.2443	2.1637E-3	1.4467E-3	3.0931E-3	1.798E-3	2.9526E-3	2.3905E-3	2.517E-3	2.6622E-3	84.120	992.163	4465.265	51.952	65.531	18.051	83.525	49.030	83.312	30.942	13.866
182000000	8.145	17.703	0.2192	1.3591	0.3878	2.2244	0.3518	0.2444	0.1874	0.2164	0.3757	0.2031	0.1839	0.2374	2.2164E-3	1.6637E-3	2.681E-3	1.8621E-3	3.3511E-3	2.585E-3	2.8351E-3	2.5699E-3	59.961	938.451	4422.233	51.480	64.747	18.367	82.140	47.267	83.038	31.288	13.854
183000000	9.292	16.556	0.2208	1.2742	0.3796	2.2407	0.3584	0.2351	0.1818	0.2247	0.3708	0.1978	0.1813	0.2501	2.1527E-3	1.6426E-3	3.0467E-3	1.8843E-3	3.1719E-3	2.4395E-3	2.0804E-3	2.4842E-3	43.538	1067.886	4626.240	50.675	62.485	17.771	83.009	50.121	84.208	31.461	14.210
184000000	8.386	16.781	0.2198	1.2511	0.3926	2.2149	0.3545	0.2469	0.1925	0.2061	0.3783	0.1971	0.1811	0.2435	2.1392E-3	1.5266E-3	2.8593E-3	1.7872E-3	2.9618E-3	2.6678E-3	2.3559E-3	2.8041E-3	40.458	931.349	4339.555	50.731	63.728	17.997	81.995	47.312	83.126	30.968	14.703
185000000	8.347	16.308	0.2184	1.2686	0.4081	2.1838	0.3460	0.2417	0.1875	0.2248	0.3795	0.1959	0.1766	0.2480	2.2027E-3	1.6282E-3	3.0753E-3	1.8438E-3	3.3829E-3	2.6911E-3	2.1574E-3	2.8588E-3	45.508	1017.552	4506.134	52.042	66.029	17.991	82.585	48.397	83.037	32.420	14.375
186000000	8.898	17.077	0.2269	1.2206	0.3927	2.2145	0.3477	0.2444	0.1866	0.2213	0.3658	0.1961	0.1812	0.2568	2.0292E-3	1.346E-3	3.1212E-3	1.8344E-3	2.835E-3	2.2766E-3	2.5085E-3	2.4564E-3	75.163	1157.158	4879.141	52.279	69.192	18.252	81.602	49.267	84.104	31.721	14.377
187000000	8.763	16.297	0.2094	1.1847	0.3890	2.2219	0.3506	0.2569	0.1762	0.2163	0.3823	0.1981	0.1759	0.2436	2.0867E-3	1.5285E-3	2.8773E-3	1.8247E-3	2.8264E-3	2.4171E-3	2.4921E-3	2.5963E-3	32.306	966.232	4501.632	51.843	64.800	18.206	82.411	49.857	83.201	31.586	14.240
188000000	8.446	16.612	0.2413	1.1863	0.4254	2.1493	0.3392	0.2499	0.1861	0.2249	0.3783	0.1945	0.1781	0.2491	2.1137E-3	1.4084E-3	2.7008E-3	1.9639E-3	2.7963E-3	2.4834E-3	2.6541E-3	2.9229E-3	91.363	1008.070	4577.812	53.368	65.706	17.803	82.016	50.301	83.005	31.435	13.936
189000000	7.807	16.961	0.2135	1.1648	0.4065	2.1870	0.3506	0.2403	0.1946	0.2145	0.3786	0.2000	0.1752	0.2461	2.1539E-3	1.5664E-3	3.188E-3	1.705E-3	2.9538E-3	2.5557E-3	2.5374E-3	2.1377E-3	30.849	995.980	4457.292	51.330	66.950	18.038	82.807	47.964	83.162	31.161	14.751
190000000	8.267	16.154	0.2158	1.1864	0.3842	2.2315	0.3480	0.2387	0.1807	0.2326	0.3827	0.1889	0.1801	0.2483	2.1814E-3	1.6564E-3	2.9358E-3	1.8653E-3	2.9626E-3	2.1852E-3	2.284E-3	2.5633E-3	63.320	890.761	4263.227	50.930	64.360	17.689	83.350	47.352	84.437	31.632	14.507
191000000	7.775	16.489	0.2178	1.2360	0.3948	2.2103	0.3585	0.2443	0.1871	0.2101	0.3774	0.1954	0.1804	0.2468	2.1285E-3	1.4431E-3	3.1219E-3	1.7624E-3	2.969E-3	2.4036E-3	2.4565E-3	2.3551E-3	10.333	917.542	4374.914	52.314	68.286	18.440	82.449	48.844	84.177	31.016	14.602
192000000	7.787	16.846	0.2296	1.1532	0.3833	2.2333	0.3427	0.2457	0.1888	0.2228	0.3760	0.1934	0.1836	0.2470	2.1677E-3	1.413E-3	2.9653E-3	1.811E-3	3.031E-3	2.5524E-3	2.0707E-3	2.3679E-3	13.742	917.939	4340.845	51.721	66.729	18.131	81.373	48.008	83.692	32.841	14.844
193000000	8.609	17.205	0.2136	1.1790	0.3887	2.2226	0.3428	0.2583	0.1772	0.2217	0.3744	0.1904	0.1823	0.2528	2.1756E-3	1.4118E-3	2.7829E-3	1.7997E-3	3.0148E-3	2.3393E-3	2.3519E-3	2.22E-3	35.102	844.394	4195.551	53.122	69.570	18.145	82.798	50.944	83.554	32.124	15.026
194000000	7.855	16.615	0.2279	1.2338	0.3866	2.2267	0.3389	0.2632	0.1831	0.2148	0.3784	0.1951	0.1795	0.2470	2.1016E-3	1.4545E-3	2.6158E-3	1.8576E-3	2.8405E-3	2.4344E-3	2.4826E-3	2.5727E-3	305.241	1060.062	4676.601	51.204	65.788	18.239	82.106	50.232	83.120	31.304	14.331
195000000	7.794	16.892	0.2133	1.1408	0.4043	2.1914	0.3615	0.2349	0.1842	0.2194	0.3733	0.1932	0.1867	0.2468	2.15E-3	1.5759E-3	2.7187E-3	1.7552E-3	3.0092E-3	2.3982E-3	2.6348E-3	2.1416E-3	223.895	905.839	4303.687	51.148	66.079	18.400	82.117	47.611	83.461	30.919	15.147
196000000	9.285	16.863	0.2086	1.3217	0.3864	2.2272	0.3420	0.2435	0.1970	0.2175	0.3637	0.1956	0.1861	0.2546	2.2406E-3	1.3944E-3	3.2294E-3	1.7985E-3	3.4241E-3	2.5556E-3	2.3125E-3	2.3596E-3	24.679	1083.921	4645.016	52.968	66.473	17.783	81.946	48.986	83.675	31.207	14.058
197000000	8.024	17.089	0.2214	1.2603	0.4102	2.1797	0.3541	0.2391	0.1921	0.2147	0.3791	0.1956	0.1859	0.2394	2.1224E-3	1.3364E-3	2.7532E-3	1.7222E-3	3.139E-3	2.2383E-3	2.3437E-3	2.2198E-3	30.582	965.783	4463.882	52.668	68.729	17.944	82.910	48.410	83.677	32.038	15.068
198000000	8.356	15.112	0.2079	1.2523	0.4047	2.1906	0.3345	0.2498	0.1986	0.2170	0.3743	0.2005	0.1768	0.2484	2.1868E-3	1.6575E-3	3.1668E-3	1.8438E-3	3.3695E-3	2.559E-3	2.218E-3	2.6292E-3	143.254	1045.905	4568.668	51.259	66.548	17.456	83.537	47.840	84.458	31.408	14.793
199000000	8.530	17.397	0.2205	1.2503	0.4056	2.1887	0.3476	0.2604	0.1838	0.2082	0.3762	0.1993	0.1799	0.2446	2.2084E-3	1.3894E-3	2.9367E-3	1.7716E-3	3.2451E-3	2.4015E-3	2.2695E-3	2.1267E-3	22.859	976.337	4468.353	53.211	66.866	17.893	82.431	49.359	83.960	32.022	14.990
200000000	8.111	17.513	0.2228	1.1768	0.4127	2.1746	0.3561	0.2488	0.1854	0.2097	0.3768	0.2006	0.1800	0.2426	2.1333E-3	1.4718E-3	3.1386E-3	1.8295E-3	3.3691E-3	2.5651E-3	2.4351E-3	2.199E-3	41.133	891.844	4293.332	51.714	65.769	17.714	84.387	48.728	83.621	30.624	15.613
