state	cp12.kappa	cp3.kappa	cp12.alpha	cp3.alpha	cp12.mu	cp3.mu	cp12.frequencies1	cp12.frequencies2	cp12.frequencies3	cp12.frequencies4	cp3.frequencies1	cp3.frequencies2	cp3.frequencies3	cp3.frequencies4	avian.rate	equine.rate	galliform1.rate	human1.rate	shorebird1.rate	swine1.rate	swine2.rate	swine3.rate	skygrid.precision	rootHeight	treeLength	tmrca(equine1)	tmrca(equine2)	tmrca(galliform1)	tmrca(human1)	tmrca(shorebird1)	tmrca(swine1)	tmrca(swine2)	tmrca(swine3)
1000000	8.302	15.515	0.2216	1.2234	0.4021	2.1958	0.3451	0.2439	0.1974	0.2137	0.3797	0.1934	0.1781	0.2488	2.0883E-3	1.5387E-3	3.3956E-3	1.7967E-3	3.015E-3	2.3668E-3	2.5505E-3	2.5616E-3	53.413	908.578	4348.047	50.792	68.057	18.143	83.634	48.924	83.621	31.155	14.467
2000000	7.758	16.307	0.2189	1.3371	0.4270	2.1460	0.3598	0.2424	0.1937	0.2041	0.3700	0.1983	0.1824	0.2493	2.1447E-3	1.5312E-3	3.1307E-3	1.7741E-3	3.283E-3	2.5466E-3	2.3764E-3	2.5041E-3	64.383	1046.255	4662.603	52.266	66.440	17.626	83.750	48.000	83.038	30.922	15.092
3000000	8.303	16.859	0.2122	1.1855	0.4057	2.1886	0.3550	0.2506	0.1863	0.2081	0.3814	0.1881	0.1777	0.2528	2.1017E-3	1.4055E-3	2.8651E-3	1.759E-3	3.2057E-3	2.5179E-3	2.366E-3	2.5642E-3	40.823	1080.048	4632.425	50.762	67.780	18.286	83.416	48.377	83.343	31.683	14.068
4000000	8.280	16.474	0.2290	1.2450	0.4093	2.1814	0.3446	0.2390	0.1938	0.2225	0.3689	0.1996	0.1803	0.2512	2.1487E-3	1.428E-3	2.761E-3	1.7035E-3	3.1744E-3	2.651E-3	2.2527E-3	2.1968E-3	379.412	940.949	4431.908	51.601	68.035	17.629	83.933	47.565	83.138	31.421	15.065
5000000	8.964	16.311	0.2352	1.1512	0.4232	2.1536	0.3491	0.2520	0.1942	0.2047	0.3779	0.1970	0.1828	0.2423	2.1759E-3	1.6157E-3	2.6896E-3	1.7146E-3	3.1267E-3	2.4372E-3	2.5493E-3	2.6908E-3	29.124	876.662	4211.738	49.847	67.278	17.818	82.516	48.497	83.521	30.523	14.234
6000000	8.269	17.033	0.2237	1.2873	0.3971	2.2057	0.3491	0.2410	0.1926	0.2173	0.3732	0.1961	0.1854	0.2453	2.1959E-3	1.4255E-3	3.1469E-3	1.9514E-3	3.1908E-3	2.6867E-3	2.1964E-3	2.3205E-3	37.026	1049.755	4619.393	52.270	67.622	17.605	82.531	49.571	83.154	31.344	14.515
7000000	7.819	15.810	0.2054	1.2890	0.4118	2.1764	0.3455	0.2464	0.1887	0.2195	0.3869	0.1914	0.1762	0.2455	2.2796E-3	1.6962E-3	2.5867E-3	1.9888E-3	3.3903E-3	2.5343E-3	2.221E-3	2.712E-3	37.713	852.000	4175.023	50.662	62.009	18.140	82.738	48.655	84.565	31.441	14.078
8000000	8.178	16.758	0.2125	1.1464	0.3958	2.2083	0.3544	0.2467	0.1829	0.2161	0.3937	0.1887	0.1757	0.2419	2.1685E-3	1.4081E-3	2.7355E-3	1.8122E-3	3.2906E-3	2.5684E-3	1.9452E-3	2.4377E-3	21.604	1057.404	4674.906	51.953	69.605	18.580	82.867	47.404	83.264	32.526	14.568
9000000	8.500	16.871	0.2178	1.1566	0.3675	2.2651	0.3527	0.2393	0.1844	0.2237	0.3792	0.1942	0.1843	0.2423	2.179E-3	1.2589E-3	2.7866E-3	1.6629E-3	2.9443E-3	2.3506E-3	2.5509E-3	2.3098E-3	162.660	807.908	4106.245	52.080	70.591	18.073	83.087	48.410	83.447	31.171	14.688
10000000	8.033	16.137	0.2227	1.2202	0.4096	2.1807	0.3375	0.2551	0.1949	0.2125	0.3830	0.1883	0.1829	0.2458	2.1166E-3	1.5402E-3	2.9716E-3	1.7726E-3	2.9997E-3	2.224E-3	2.1173E-3	2.5576E-3	39.661	778.251	4092.150	50.652	64.996	17.393	83.119	48.968	84.516	30.573	14.083
11000000	8.420	16.974	0.2072	1.2478	0.3923	2.2154	0.3482	0.2636	0.1834	0.2048	0.3682	0.1982	0.1851	0.2485	2.2481E-3	1.6229E-3	3.3782E-3	1.8348E-3	3.0608E-3	2.5166E-3	2.4E-3	2.3918E-3	24.724	847.110	4151.531	51.184	63.777	17.665	82.621	49.847	84.519	31.082	14.326
12000000	7.550	17.100	0.2201	1.2267	0.4173	2.1654	0.3367	0.2536	0.1979	0.2118	0.3687	0.1929	0.1852	0.2533	2.2238E-3	1.5177E-3	2.6619E-3	1.671E-3	3.1486E-3	2.3732E-3	2.2338E-3	2.0629E-3	23.859	805.997	4042.858	49.946	68.032	17.644	82.413	47.496	83.248	31.179	15.157
13000000	8.027	16.528	0.2272	1.3166	0.3954	2.2091	0.3453	0.2305	0.1946	0.2296	0.3756	0.1988	0.1825	0.2431	2.2407E-3	1.6272E-3	3.0025E-3	1.9831E-3	3.2214E-3	2.4874E-3	2.7161E-3	2.5961E-3	148.952	828.568	4100.527	50.962	67.665	17.974	83.044	46.497	83.244	31.232	14.118
14000000	8.498	16.804	0.2217	1.2658	0.3898	2.2204	0.3517	0.2350	0.1934	0.2198	0.3869	0.1859	0.1799	0.2474	2.1102E-3	1.4922E-3	2.6365E-3	1.8634E-3	2.9891E-3	2.2217E-3	2.3476E-3	2.2756E-3	48.719	773.375	4016.694	50.933	64.236	17.907	82.718	47.643	83.651	30.749	14.918
15000000	7.906	15.937	0.2131	1.2253	0.4027	2.1947	0.3514	0.2417	0.1814	0.2256	0.3847	0.1887	0.1851	0.2416	2.2294E-3	1.6299E-3	3.1155E-3	1.844E-3	3.2246E-3	2.4111E-3	2.7257E-3	2.7071E-3	14.574	914.970	4287.256	51.515	66.259	17.471	82.803	47.616	83.367	30.960	15.077
16000000	8.051	16.145	0.2206	1.1445	0.4070	2.1860	0.3409	0.2576	0.1906	0.2108	0.3804	0.1933	0.1786	0.2477	2.1229E-3	1.5987E-3	2.7714E-3	1.7202E-3	3.1527E-3	2.5465E-3	2.461E-3	2.0737E-3	274.861	827.145	4152.216	52.211	64.941	18.050	81.947	48.077	83.280	30.797	15.120
17000000	7.480	15.738	0.2271	1.3186	0.3885	2.2230	0.3533	0.2294	0.1888	0.2284	0.3837	0.1972	0.1772	0.2419	2.2292E-3	1.5983E-3	2.7952E-3	1.854E-3	3.2292E-3	2.5966E-3	2.5537E-3	2.5564E-3	34.353	713.807	3980.346	51.464	65.627	17.750	82.269	48.578	83.222	31.702	14.669
18000000	8.468	16.599	0.2311	1.2187	0.4120	2.1760	0.3587	0.2414	0.1866	0.2132	0.3793	0.1977	0.1815	0.2415	2.23E-3	1.4985E-3	2.6465E-3	1.848E-3	3.2525E-3	2.5289E-3	2.4911E-3	2.3118E-3	38.165	796.957	4100.720	52.026	68.462	18.210	84.354	49.431	83.886	30.762	14.152
19000000	8.134	17.410	0.2231	1.2429	0.4052	2.1896	0.3598	0.2401	0.1892	0.2109	0.3853	0.1860	0.1755	0.2531	2.0956E-3	1.2773E-3	2.8185E-3	1.702E-3	3.0012E-3	2.2897E-3	2.3172E-3	2.5586E-3	2102.618	878.189	4272.858	52.916	67.654	18.144	82.513	49.420	83.722	31.191	14.221
20000000	8.373	16.368	0.2217	1.3143	0.4039	2.1921	0.3481	0.2416	0.1834	0.2270	0.3659	0.2066	0.1812	0.2462	2.1773E-3	1.5149E-3	2.7557E-3	1.7412E-3	3.1622E-3	2.404E-3	2.7052E-3	2.6956E-3	99.754	823.706	4155.306	50.725	62.939	17.845	82.282	50.227	83.523	30.817	14.614
21000000	8.453	16.868	0.2247	1.2494	0.3928	2.2145	0.3477	0.2430	0.1969	0.2124	0.3744	0.1991	0.1800	0.2464	2.1563E-3	1.5519E-3	2.9519E-3	1.8334E-3	3.1609E-3	2.5503E-3	2.1994E-3	2.397E-3	72.076	959.326	4427.863	51.456	67.964	18.631	81.616	47.660	83.253	32.228	16.197
22000000	8.531	15.895	0.2327	1.2880	0.3987	2.2026	0.3619	0.2500	0.1740	0.2140	0.3762	0.1938	0.1862	0.2439	2.1319E-3	1.4332E-3	3.4406E-3	1.7816E-3	3.3679E-3	2.5451E-3	2.5827E-3	2.4954E-3	137.669	1019.146	4553.562	50.515	65.213	17.802	83.098	49.683	83.440	31.117	14.474
23000000	7.505	16.179	0.2210	1.3735	0.3787	2.2427	0.3312	0.2621	0.1839	0.2228	0.3750	0.2010	0.1794	0.2447	2.255E-3	1.4253E-3	3.2431E-3	1.8824E-3	3.2117E-3	2.4731E-3	2.4096E-3	2.3307E-3	9.486	866.764	4220.079	51.481	67.032	17.270	82.299	49.069	83.095	31.592	14.874
24000000	8.319	16.114	0.2140	1.2464	0.3976	2.2048	0.3395	0.2490	0.1864	0.2251	0.3773	0.1994	0.1772	0.2460	2.0966E-3	1.43E-3	3.2379E-3	1.6554E-3	2.9726E-3	2.2806E-3	2.2575E-3	2.6913E-3	43.659	959.180	4445.352	51.885	65.390	17.315	84.141	49.348	83.899	31.814	13.787
25000000	8.140	16.847	0.2202	1.2008	0.4274	2.1452	0.3421	0.2519	0.1873	0.2186	0.3793	0.1945	0.1804	0.2458	2.136E-3	1.3736E-3	2.9284E-3	1.6676E-3	3.049E-3	2.6866E-3	2.0332E-3	2.3912E-3	28.249	1016.592	4592.830	52.995	68.468	18.608	83.213	49.451	82.712	31.893	14.716
26000000	8.103	16.683	0.2216	1.1832	0.3919	2.2162	0.3432	0.2444	0.1932	0.2192	0.3704	0.1909	0.1866	0.2521	2.191E-3	1.5298E-3	2.6881E-3	1.8087E-3	3.1085E-3	2.4362E-3	2.493E-3	2.2291E-3	101.072	854.284	4220.105	51.020	68.139	18.058	82.309	50.059	84.252	31.848	15.650
27000000	7.770	16.505	0.2251	1.2024	0.3877	2.2247	0.3545	0.2400	0.1907	0.2148	0.3714	0.1906	0.1881	0.2499	2.2835E-3	1.3815E-3	2.6804E-3	1.8713E-3	3.1744E-3	2.4682E-3	2.2764E-3	2.5159E-3	42.941	801.078	4067.748	51.554	66.141	17.744	83.885	49.098	83.241	31.979	15.348
28000000	7.449	16.642	0.2052	1.2582	0.3989	2.2022	0.3544	0.2507	0.1815	0.2134	0.3735	0.1959	0.1853	0.2453	2.1774E-3	1.5344E-3	2.6936E-3	1.8889E-3	2.9111E-3	2.5508E-3	1.9497E-3	2.3647E-3	271.004	779.172	4024.180	50.789	68.287	17.924	82.371	48.218	83.239	32.004	14.687
29000000	7.735	16.425	0.2406	1.3051	0.3939	2.2123	0.3444	0.2538	0.1785	0.2233	0.3718	0.1978	0.1848	0.2456	2.1766E-3	1.5233E-3	2.8075E-3	1.7307E-3	3.1299E-3	2.4914E-3	2.333E-3	2.3014E-3	34.564	915.076	4310.497	51.799	66.159	18.240	84.412	50.279	83.745	31.330	14.739
30000000	8.260	17.204	0.2341	1.1935	0.3900	2.2200	0.3710	0.2414	0.1772	0.2105	0.3758	0.1977	0.1834	0.2431	2.1628E-3	1.4711E-3	3.0233E-3	1.8796E-3	3.17E-3	2.6118E-3	2.5005E-3	2.3756E-3	44.707	803.254	4080.944	50.896	67.926	17.731	83.841	48.901	83.001	30.968	14.668
31000000	7.932	16.151	0.2236	1.2550	0.3823	2.2354	0.3384	0.2616	0.1911	0.2089	0.3747	0.1985	0.1817	0.2451	2.1846E-3	1.5277E-3	2.9404E-3	1.7663E-3	3.13E-3	2.5291E-3	2.5663E-3	2.8181E-3	15.198	1102.614	4707.739	51.948	65.585	17.631	82.009	48.502	83.579	31.201	13.968
32000000	8.510	16.359	0.2220	1.1749	0.4164	2.1673	0.3549	0.2473	0.1776	0.2202	0.3786	0.1990	0.1748	0.2476	2.1347E-3	1.5384E-3	3.6533E-3	1.7745E-3	3.0696E-3	2.4252E-3	2.1538E-3	2.3629E-3	93.810	1091.072	4627.141	51.930	63.662	18.162	81.722	49.425	83.253	31.234	14.194
33000000	8.117	16.038	0.2127	1.1923	0.4093	2.1815	0.3437	0.2452	0.1952	0.2159	0.3738	0.1962	0.1858	0.2442	2.17E-3	1.4885E-3	3.2949E-3	1.9255E-3	3.1363E-3	2.5071E-3	2.4495E-3	2.0829E-3	57.748	880.979	4307.189	51.378	68.532	17.551	82.885	48.910	82.888	31.564	15.539
34000000	8.026	16.118	0.2184	1.2726	0.4023	2.1954	0.3503	0.2427	0.1853	0.2217	0.3749	0.1975	0.1791	0.2485	2.1238E-3	1.3641E-3	3.3469E-3	1.9542E-3	3.1588E-3	2.6066E-3	2.5872E-3	2.4924E-3	70.446	944.435	4380.924	53.031	71.156	17.194	82.356	48.086	83.774	31.304	14.620
35000000	8.884	16.734	0.2115	1.1017	0.4343	2.1315	0.3486	0.2485	0.1811	0.2218	0.3760	0.1956	0.1819	0.2465	2.1284E-3	1.3763E-3	2.9084E-3	1.8729E-3	2.8207E-3	2.5177E-3	2.474E-3	2.6158E-3	93.331	1033.246	4607.993	52.456	65.780	17.650	82.347	49.108	83.210	31.386	14.465
36000000	7.767	16.178	0.2198	1.2339	0.3879	2.2241	0.3508	0.2500	0.1759	0.2233	0.3818	0.1919	0.1822	0.2441	2.1794E-3	1.5282E-3	2.8966E-3	1.678E-3	2.9672E-3	2.217E-3	2.1371E-3	2.2141E-3	127.779	731.134	3959.034	51.691	67.193	17.950	83.977	48.255	83.388	30.646	15.569
37000000	8.270	16.201	0.2215	1.2624	0.3916	2.2169	0.3572	0.2419	0.1823	0.2186	0.3815	0.1920	0.1834	0.2431	2.1673E-3	1.6706E-3	3.2388E-3	1.9683E-3	3.0848E-3	2.5591E-3	2.3103E-3	2.5294E-3	33.289	960.846	4432.159	50.441	65.714	17.672	82.262	50.211	82.712	31.712	14.799
38000000	8.567	16.410	0.2324	1.1291	0.4294	2.1411	0.3438	0.2416	0.1978	0.2168	0.3769	0.1961	0.1813	0.2457	2.093E-3	1.4775E-3	2.4696E-3	1.8009E-3	2.9464E-3	2.5857E-3	2.2791E-3	2.8083E-3	43.441	865.842	4207.108	52.176	64.249	18.255	81.916	47.201	82.765	31.505	13.932
39000000	8.384	16.168	0.2184	1.2727	0.4124	2.1751	0.3515	0.2486	0.1899	0.2099	0.3800	0.1928	0.1845	0.2427	2.3025E-3	1.5442E-3	2.8843E-3	1.87E-3	3.1099E-3	2.7105E-3	2.3824E-3	2.8649E-3	113.411	940.011	4365.202	52.239	65.210	17.603	82.538	50.259	83.404	31.406	14.249
40000000	7.991	16.341	0.2230	1.2691	0.4081	2.1838	0.3740	0.2379	0.1844	0.2037	0.3805	0.1897	0.1820	0.2478	2.2195E-3	1.5719E-3	3.357E-3	1.9782E-3	3.1939E-3	2.3574E-3	2.6438E-3	2.3037E-3	173.419	867.550	4233.689	51.272	65.024	18.323	81.305	50.073	84.230	32.846	15.095
41000000	8.272	16.167	0.2113	1.2263	0.3861	2.2279	0.3472	0.2443	0.1958	0.2127	0.3794	0.1924	0.1855	0.2428	2.0905E-3	1.3875E-3	2.9064E-3	1.7359E-3	3.1709E-3	2.5549E-3	2.5088E-3	2.5385E-3	42.762	1094.536	4730.290	51.391	67.936	17.372	83.997	49.460	84.031	30.959	14.589
42000000	7.983	15.784	0.2278	1.2605	0.3772	2.2457	0.3521	0.2568	0.1853	0.2058	0.3757	0.1906	0.1836	0.2501	2.2294E-3	1.5224E-3	3.0487E-3	1.8296E-3	3.1671E-3	2.5879E-3	2.6778E-3	2.4535E-3	80.327	864.335	4177.441	51.458	66.213	19.037	82.511	48.646	83.155	31.511	14.663
43000000	8.643	16.373	0.2069	1.1956	0.3846	2.2307	0.3579	0.2507	0.1852	0.2061	0.3783	0.1909	0.1799	0.2509	2.1732E-3	1.5322E-3	3.4479E-3	1.9327E-3	3.1677E-3	2.5542E-3	2.819E-3	2.2377E-3	22.724	988.000	4498.146	50.966	68.883	17.631	82.133	49.629	83.984	31.413	14.299
44000000	7.052	16.267	0.2270	1.1974	0.4121	2.1759	0.3601	0.2375	0.1902	0.2122	0.3899	0.1952	0.1812	0.2337	2.1501E-3	1.5292E-3	3.1172E-3	1.9323E-3	3.1233E-3	2.6216E-3	2.1973E-3	2.6437E-3	18.540	1010.044	4529.339	51.724	65.829	17.815	82.582	48.394	82.847	32.065	14.529
45000000	8.409	17.089	0.2231	1.1427	0.4062	2.1876	0.3536	0.2338	0.1939	0.2187	0.3804	0.1962	0.1774	0.2460	2.1819E-3	1.595E-3	2.8806E-3	1.6671E-3	3.3005E-3	2.4785E-3	2.3243E-3	2.4685E-3	117.005	821.389	4141.318	52.830	61.441	17.992	83.630	45.972	83.191	31.857	14.767
46000000	8.192	16.602	0.2147	1.2940	0.3875	2.2249	0.3507	0.2486	0.1842	0.2165	0.3735	0.2012	0.1851	0.2402	2.1265E-3	1.5571E-3	2.9777E-3	1.8968E-3	3.4101E-3	2.2487E-3	2.6945E-3	2.4714E-3	12.035	831.134	4153.832	51.810	63.941	18.191	82.075	47.444	83.927	30.938	14.041
47000000	8.083	16.280	0.2220	1.1784	0.3958	2.2083	0.3548	0.2539	0.1794	0.2119	0.3782	0.1972	0.1791	0.2454	2.1368E-3	1.4861E-3	3.3549E-3	1.7869E-3	3.236E-3	2.4268E-3	2.4757E-3	2.4583E-3	24.715	811.847	4131.849	52.254	64.215	17.881	82.954	49.215	83.615	31.427	14.756
48000000	7.813	16.360	0.2230	1.2443	0.3932	2.2137	0.3631	0.2445	0.1810	0.2114	0.3730	0.1955	0.1818	0.2497	2.1879E-3	1.3638E-3	2.4696E-3	1.8246E-3	2.8811E-3	2.4925E-3	2.4711E-3	2.5695E-3	59.380	934.958	4388.892	52.248	67.748	18.468	83.093	49.161	82.527	30.964	13.980
49000000	8.632	17.331	0.2303	1.2123	0.4078	2.1845	0.3393	0.2577	0.1835	0.2195	0.3750	0.1991	0.1778	0.2481	2.2396E-3	1.4559E-3	2.5227E-3	1.8085E-3	3.045E-3	2.5092E-3	2.3899E-3	2.4561E-3	88.008	893.796	4292.145	51.682	65.716	17.654	83.405	48.461	83.055	31.679	14.974
50000000	7.577	16.332	0.2178	1.2235	0.4047	2.1906	0.3579	0.2410	0.1873	0.2138	0.3798	0.1976	0.1809	0.2417	2.1119E-3	1.3005E-3	3.168E-3	1.7075E-3	3.0689E-3	2.5629E-3	2.14E-3	2.6588E-3	32.369	1021.875	4598.522	52.565	70.015	17.999	81.830	49.607	83.270	31.435	14.224
51000000	9.024	16.598	0.2163	1.2015	0.3985	2.2031	0.3506	0.2532	0.1731	0.2232	0.3814	0.2001	0.1771	0.2414	2.1991E-3	1.3378E-3	3.0324E-3	1.933E-3	3.0652E-3	2.4721E-3	2.562E-3	2.6393E-3	37.567	1058.296	4590.103	52.667	65.558	17.869	81.013	46.936	84.059	31.560	13.867
52000000	8.163	16.314	0.2199	1.1394	0.4009	2.1981	0.3615	0.2410	0.1736	0.2239	0.3809	0.1930	0.1747	0.2514	2.095E-3	1.5349E-3	2.5839E-3	1.7831E-3	2.8486E-3	2.2611E-3	2.2931E-3	2.264E-3	22.258	937.714	4367.421	52.152	66.332	17.328	84.131	49.634	83.348	31.234	14.575
53000000	8.829	16.705	0.2125	1.2888	0.3740	2.2520	0.3665	0.2375	0.1802	0.2158	0.3746	0.1963	0.1802	0.2489	2.1804E-3	1.4182E-3	2.8784E-3	1.8232E-3	3.1787E-3	2.2289E-3	2.3696E-3	2.3308E-3	29.547	881.429	4255.590	51.967	67.424	18.689	82.252	49.309	83.942	31.424	14.746
54000000	7.988	17.595	0.2197	1.1344	0.3922	2.2156	0.3375	0.2421	0.1955	0.2249	0.3748	0.1949	0.1781	0.2523	2.1906E-3	1.5348E-3	2.917E-3	1.8266E-3	3.2091E-3	2.3788E-3	2.3392E-3	2.4131E-3	430.645	895.003	4281.453	51.844	64.917	18.268	83.512	47.456	83.698	31.358	14.880
55000000	7.599	16.806	0.2143	1.2597	0.3862	2.2276	0.3475	0.2448	0.1941	0.2136	0.3698	0.2058	0.1776	0.2469	2.1854E-3	1.4159E-3	3.0417E-3	1.8983E-3	3.0027E-3	2.3973E-3	2.6737E-3	2.653E-3	79.450	850.079	4199.831	53.124	65.712	18.132	81.446	50.323	84.126	31.200	14.394
56000000	8.549	16.653	0.2436	1.2051	0.4133	2.1734	0.3545	0.2653	0.1714	0.2089	0.3730	0.1946	0.1803	0.2521	2.0805E-3	1.4976E-3	3.0714E-3	1.7512E-3	3.0426E-3	2.4065E-3	2.4214E-3	2.9824E-3	48.911	940.987	4437.531	51.504	69.552	17.830	82.285	47.116	83.535	31.181	14.033
57000000	7.496	16.265	0.2422	1.3287	0.4069	2.1862	0.3420	0.2510	0.1879	0.2191	0.3814	0.1921	0.1802	0.2463	2.169E-3	1.6726E-3	3.4067E-3	1.655E-3	3.2672E-3	2.4862E-3	2.4368E-3	2.674E-3	48.233	911.459	4340.948	50.769	68.808	17.431	84.050	49.839	84.303	31.436	14.500
58000000	8.242	16.943	0.2114	1.2546	0.3880	2.2240	0.3375	0.2560	0.1759	0.2306	0.3743	0.1971	0.1847	0.2438	2.252E-3	1.589E-3	2.8143E-3	1.786E-3	3.1386E-3	2.4461E-3	2.5213E-3	2.4311E-3	81.894	869.842	4247.118	51.887	69.864	17.829	82.346	50.783	83.129	32.582	14.749
59000000	8.319	17.196	0.2190	1.2156	0.3777	2.2446	0.3420	0.2515	0.1942	0.2123	0.3785	0.1925	0.1761	0.2529	2.1263E-3	1.5481E-3	2.6316E-3	1.8212E-3	3.2064E-3	2.2527E-3	2.5077E-3	2.2306E-3	80.686	902.645	4337.088	52.140	65.943	18.243	82.441	47.458	82.888	31.382	14.834
60000000	8.399	16.258	0.2105	1.0442	0.4022	2.1956	0.3380	0.2483	0.1915	0.2221	0.3750	0.1924	0.1858	0.2468	2.1299E-3	1.473E-3	2.7828E-3	1.6817E-3	3.2988E-3	2.187E-3	2.5243E-3	2.0257E-3	682.926	832.571	4167.371	51.546	65.470	17.265	84.675	47.399	84.691	31.461	15.792
61000000	8.385	17.137	0.2142	1.3110	0.4014	2.1972	0.3475	0.2476	0.1854	0.2194	0.3697	0.1979	0.1801	0.2523	2.3248E-3	1.6112E-3	2.8867E-3	1.8201E-3	3.2758E-3	2.5267E-3	2.6688E-3	2.1673E-3	159.225	939.738	4306.885	50.398	62.909	17.787	83.485	46.773	82.916	31.289	15.820
62000000	8.881	16.206	0.2188	1.3088	0.4158	2.1684	0.3487	0.2559	0.1778	0.2175	0.3821	0.1941	0.1832	0.2405	2.2036E-3	1.5026E-3	2.5401E-3	1.8061E-3	3.1724E-3	2.5979E-3	2.6378E-3	2.6962E-3	76.554	913.860	4302.024	52.005	66.992	18.141	82.878	47.756	83.228	32.020	14.065
63000000	7.818	15.298	0.2395	1.2641	0.3710	2.2580	0.3421	0.2461	0.1858	0.2259	0.3819	0.1890	0.1795	0.2495	2.1446E-3	1.5555E-3	2.7252E-3	1.8975E-3	3.0305E-3	2.4099E-3	2.4402E-3	2.1859E-3	107.817	820.340	4137.245	49.855	64.836	17.764	83.801	48.525	84.638	31.096	15.167
64000000	7.761	16.266	0.2172	1.3502	0.4040	2.1921	0.3475	0.2552	0.1919	0.2054	0.3663	0.1990	0.1804	0.2543	2.1164E-3	1.4861E-3	2.3119E-3	1.7874E-3	3.3923E-3	2.5077E-3	2.5481E-3	2.3446E-3	193.719	831.356	4152.954	52.596	67.480	18.446	83.113	46.807	83.714	31.787	14.728
65000000	8.658	16.653	0.2056	1.1183	0.4176	2.1648	0.3603	0.2396	0.1878	0.2123	0.3941	0.1859	0.1777	0.2423	2.0869E-3	1.5194E-3	2.8394E-3	1.83E-3	2.9319E-3	2.229E-3	2.0025E-3	2.4554E-3	21.844	857.351	4194.890	51.532	65.201	18.109	81.792	49.194	85.175	31.697	14.534
66000000	7.439	15.860	0.2247	1.1956	0.4194	2.1612	0.3639	0.2377	0.1815	0.2168	0.3826	0.1881	0.1886	0.2407	2.1954E-3	1.5115E-3	2.8944E-3	1.8648E-3	3.1773E-3	2.2633E-3	2.4655E-3	2.6518E-3	245.695	819.187	4078.907	51.235	65.442	17.250	83.143	49.813	85.170	32.179	14.970
67000000	7.938	17.287	0.2277	1.1881	0.3874	2.2252	0.3509	0.2386	0.1928	0.2176	0.3802	0.1877	0.1859	0.2462	2.1645E-3	1.6838E-3	2.7381E-3	1.7533E-3	2.9114E-3	2.5948E-3	2.2459E-3	2.3283E-3	33.021	794.807	4085.864	51.029	63.340	17.882	82.527	49.884	84.079	32.052	15.076
68000000	8.062	16.535	0.2246	1.1660	0.4156	2.1688	0.3600	0.2555	0.1832	0.2014	0.3755	0.1977	0.1795	0.2472	2.1878E-3	1.5803E-3	3.3382E-3	1.6923E-3	3.1548E-3	2.4334E-3	2.2825E-3	2.9611E-3	21.675	820.109	4099.867	50.704	65.678	17.779	82.858	48.845	83.152	31.749	14.476
69000000	8.205	16.908	0.2198	1.2546	0.4057	2.1886	0.3382	0.2459	0.1949	0.2210	0.3678	0.1972	0.1886	0.2464	2.1948E-3	1.5362E-3	3.1893E-3	1.8292E-3	3.1602E-3	2.5705E-3	2.3227E-3	2.3478E-3	108.322	1040.837	4606.477	52.928	67.934	17.653	82.902	46.490	82.901	31.350	14.731
70000000	7.765	16.881	0.2171	1.1972	0.3976	2.2047	0.3616	0.2293	0.1983	0.2108	0.3723	0.1977	0.1773	0.2527	2.1455E-3	1.5299E-3	2.7636E-3	1.9299E-3	2.9585E-3	2.3403E-3	2.3838E-3	2.3818E-3	117.826	1008.153	4481.824	52.801	65.948	17.678	83.072	48.903	83.649	31.492	14.650
71000000	8.087	16.744	0.2171	1.2074	0.3758	2.2484	0.3558	0.2371	0.1855	0.2216	0.3814	0.1969	0.1803	0.2415	2.098E-3	1.4956E-3	2.9893E-3	1.7631E-3	3.1961E-3	2.303E-3	2.3127E-3	2.6999E-3	58.276	869.633	4254.458	51.358	65.621	17.782	83.836	48.952	84.192	31.368	13.853
72000000	8.172	16.759	0.2295	1.2243	0.3892	2.2216	0.3573	0.2388	0.1934	0.2106	0.3721	0.1979	0.1767	0.2534	2.1351E-3	1.4325E-3	2.4272E-3	1.8159E-3	2.9481E-3	2.4597E-3	2.3609E-3	2.5159E-3	38.031	866.797	4273.797	50.638	66.620	18.214	83.320	48.009	83.794	31.562	14.890
73000000	8.041	16.152	0.2160	1.1152	0.4143	2.1715	0.3441	0.2520	0.1915	0.2125	0.3763	0.1943	0.1752	0.2542	2.1215E-3	1.5016E-3	3.7961E-3	1.7829E-3	2.9461E-3	2.478E-3	2.6439E-3	2.543E-3	20.281	946.831	4386.961	51.308	65.794	17.804	83.169	49.876	82.440	31.035	13.790
74000000	8.039	17.689	0.2206	1.2679	0.3806	2.2388	0.3493	0.2478	0.1894	0.2135	0.3837	0.1966	0.1726	0.2472	2.1852E-3	1.5671E-3	2.9023E-3	1.9777E-3	3.1839E-3	2.2936E-3	2.5312E-3	2.4374E-3	18.518	1033.265	4578.198	51.251	64.936	18.285	81.653	50.790	84.225	31.248	14.423
75000000	8.606	16.078	0.2355	1.1912	0.4066	2.1869	0.3544	0.2363	0.1947	0.2146	0.3804	0.2011	0.1823	0.2362	2.1581E-3	1.4436E-3	2.7543E-3	1.7891E-3	3.337E-3	2.2844E-3	2.242E-3	2.4567E-3	157.635	954.270	4390.538	50.923	64.889	18.083	83.549	49.396	83.690	30.962	14.533
76000000	7.733	17.403	0.2178	1.0807	0.4395	2.1211	0.3432	0.2459	0.1864	0.2246	0.3913	0.1916	0.1812	0.2359	2.1732E-3	1.5684E-3	2.5484E-3	1.8386E-3	3.247E-3	2.7019E-3	2.0736E-3	2.5378E-3	21.539	872.795	4253.586	51.935	65.107	18.065	82.113	49.291	83.273	32.110	15.431
77000000	8.054	16.832	0.2205	1.3351	0.3852	2.2296	0.3479	0.2461	0.1871	0.2188	0.3652	0.1909	0.1873	0.2565	2.2008E-3	1.491E-3	3.5444E-3	1.7994E-3	3.1753E-3	2.5269E-3	2.3956E-3	2.3732E-3	80.815	975.163	4486.892	51.870	65.920	17.706	82.448	46.838	83.760	31.969	15.027
78000000	7.217	16.930	0.2312	1.2784	0.3776	2.2448	0.3515	0.2487	0.1878	0.2121	0.3743	0.1973	0.1794	0.2490	2.2454E-3	1.6833E-3	3.0474E-3	1.8658E-3	3.1854E-3	2.4981E-3	2.3264E-3	2.5353E-3	345.614	1073.728	4610.288	51.597	64.056	18.070	82.586	47.955	83.687	31.340	14.817
79000000	9.057	16.340	0.2116	1.2627	0.3989	2.2021	0.3546	0.2405	0.1823	0.2226	0.3720	0.1892	0.1793	0.2594	2.2881E-3	1.4848E-3	2.7109E-3	1.7893E-3	3.284E-3	2.3367E-3	2.4176E-3	2.5145E-3	22.594	1128.053	4697.738	50.666	65.243	17.935	84.271	48.814	83.520	32.169	14.462
80000000	7.838	16.329	0.2210	1.2790	0.4073	2.1854	0.3489	0.2464	0.1787	0.2260	0.3817	0.1969	0.1735	0.2480	2.1719E-3	1.7341E-3	2.9144E-3	1.982E-3	3.2006E-3	2.3451E-3	2.6371E-3	2.3349E-3	17.203	1033.274	4524.583	50.751	66.078	18.147	81.428	49.643	83.207	30.610	15.271
81000000	8.882	16.371	0.2217	1.1707	0.4157	2.1686	0.3622	0.2352	0.1842	0.2183	0.3805	0.1890	0.1801	0.2504	2.1343E-3	1.4556E-3	2.8105E-3	1.7692E-3	2.9772E-3	2.47E-3	2.2252E-3	2.6922E-3	134.044	875.094	4270.979	52.008	64.949	17.684	82.537	48.955	82.464	31.691	13.611
82000000	8.237	17.425	0.2174	1.2253	0.4210	2.1581	0.3424	0.2527	0.1857	0.2192	0.3680	0.2026	0.1804	0.2490	2.2553E-3	1.4407E-3	3.1805E-3	1.8948E-3	3.1896E-3	2.3615E-3	2.2768E-3	2.6715E-3	57.286	869.745	4162.953	51.830	68.000	17.608	81.832	48.025	83.625	31.815	14.617
83000000	7.991	16.719	0.2371	1.2628	0.4137	2.1725	0.3563	0.2462	0.1915	0.2060	0.3812	0.1937	0.1849	0.2402	2.1294E-3	1.4664E-3	3.1976E-3	1.8587E-3	2.9272E-3	2.4685E-3	2.896E-3	2.4279E-3	37.975	1004.050	4555.851	51.376	66.966	17.639	83.540	48.927	83.784	30.941	15.939
84000000	7.845	16.289	0.2296	1.3302	0.3999	2.2002	0.3596	0.2465	0.1762	0.2177	0.3762	0.1961	0.1838	0.2440	2.2244E-3	1.504E-3	2.959E-3	1.7992E-3	3.3176E-3	2.5339E-3	2.3274E-3	2.493E-3	66.974	898.071	4281.311	51.940	65.155	17.906	83.173	48.195	83.585	31.250	16.313
85000000	8.483	15.917	0.2386	1.1800	0.4116	2.1767	0.3522	0.2458	0.1924	0.2095	0.3797	0.1920	0.1836	0.2447	2.2267E-3	1.3985E-3	2.776E-3	1.8222E-3	3.2554E-3	2.4322E-3	2.5532E-3	2.0524E-3	153.148	837.916	4158.722	52.825	66.907	18.710	82.798	46.707	84.022	31.093	15.474
86000000	8.321	16.653	0.2318	1.2225	0.3620	2.2761	0.3627	0.2337	0.1949	0.2087	0.3670	0.2045	0.1796	0.2490	2.0567E-3	1.5541E-3	3.0034E-3	1.7612E-3	2.8062E-3	2.465E-3	2.0652E-3	2.0386E-3	32.113	944.843	4391.051	50.254	63.939	17.577	82.554	48.286	82.944	32.396	15.320
87000000	7.797	17.469	0.2385	1.0936	0.4180	2.1640	0.3510	0.2534	0.1807	0.2150	0.3827	0.1892	0.1858	0.2423	2.1526E-3	1.4874E-3	3.3255E-3	1.8216E-3	3.0748E-3	2.4656E-3	2.5983E-3	2.5687E-3	22.782	749.347	3946.938	50.499	67.016	17.642	82.690	49.221	82.893	30.804	14.328
88000000	7.734	16.686	0.2311	1.1971	0.3978	2.2045	0.3517	0.2389	0.1878	0.2216	0.3791	0.1942	0.1814	0.2453	2.1401E-3	1.4331E-3	2.8947E-3	1.7342E-3	2.8982E-3	2.523E-3	2.3987E-3	2.4629E-3	287.418	889.045	4261.346	51.201	65.161	18.192	84.281	49.952	83.256	32.179	14.494
89000000	7.834	16.751	0.2337	1.2943	0.3958	2.2085	0.3578	0.2409	0.1844	0.2169	0.3715	0.1950	0.1830	0.2506	2.1424E-3	1.5102E-3	3.0348E-3	1.819E-3	2.7415E-3	2.4511E-3	2.3738E-3	2.5108E-3	91.962	922.277	4379.919	50.254	64.010	18.153	83.444	49.488	83.625	31.440	14.638
90000000	8.108	16.613	0.2135	1.1875	0.4097	2.1806	0.3483	0.2577	0.1832	0.2109	0.3790	0.1893	0.1773	0.2544	2.0577E-3	1.4381E-3	2.5071E-3	1.7676E-3	3.0851E-3	2.2891E-3	2.4129E-3	2.246E-3	333.250	942.874	4401.975	50.512	68.058	17.929	83.663	50.167	83.265	31.077	15.087
91000000	8.637	16.868	0.2173	1.3393	0.4048	2.1903	0.3533	0.2381	0.1940	0.2146	0.3811	0.1886	0.1872	0.2432	2.3166E-3	1.6033E-3	3.7059E-3	1.7381E-3	3.3676E-3	2.5768E-3	2.5518E-3	2.8348E-3	18.647	962.662	4373.286	51.392	67.563	17.287	83.905	46.463	83.164	31.674	14.237
92000000	8.690	17.014	0.2381	1.2046	0.3994	2.2012	0.3488	0.2550	0.1824	0.2138	0.3752	0.1967	0.1861	0.2420	2.1454E-3	1.4346E-3	2.9085E-3	1.9423E-3	3.0618E-3	2.4737E-3	2.1843E-3	2.7198E-3	89.742	903.565	4295.787	51.441	70.905	17.612	81.683	49.390	83.701	31.037	13.857
93000000	8.155	17.553	0.2050	1.2319	0.4181	2.1639	0.3322	0.2461	0.1919	0.2298	0.3757	0.1939	0.1851	0.2453	2.1711E-3	1.4824E-3	2.7236E-3	1.766E-3	3.0107E-3	2.5754E-3	2.2465E-3	2.5585E-3	9.013	887.901	4235.412	53.011	68.981	17.574	82.341	50.063	83.589	31.187	15.265
94000000	8.651	16.645	0.2286	1.2390	0.4104	2.1792	0.3335	0.2620	0.1915	0.2130	0.3796	0.1921	0.1869	0.2414	2.2697E-3	1.729E-3	2.7404E-3	1.8555E-3	3.1621E-3	2.4204E-3	2.457E-3	2.3069E-3	69.388	1025.697	4510.911	50.111	64.097	17.918	83.925	49.608	83.355	32.155	15.127
95000000	8.234	15.821	0.2216	1.3257	0.4170	2.1661	0.3573	0.2506	0.1839	0.2083	0.3697	0.1899	0.1856	0.2548	2.243E-3	1.6558E-3	2.6665E-3	1.8363E-3	2.9117E-3	2.5327E-3	2.494E-3	1.8851E-3	176.528	819.619	4083.362	51.485	66.060	18.081	82.166	48.417	82.668	31.658	16.084
96000000	8.034	17.942	0.2265	1.1591	0.4059	2.1882	0.3591	0.2473	0.1720	0.2216	0.3765	0.1955	0.1801	0.2479	2.023E-3	1.4948E-3	2.4952E-3	1.9203E-3	3.2275E-3	2.4606E-3	2.5614E-3	2.3056E-3	61.796	934.684	4440.095	51.597	67.483	18.370	84.159	50.213	84.025	31.199	14.776
97000000	8.571	16.209	0.2221	1.3091	0.4125	2.1749	0.3514	0.2563	0.1897	0.2026	0.3783	0.1963	0.1826	0.2427	2.2461E-3	1.4866E-3	3.0623E-3	1.838E-3	3.2239E-3	2.4894E-3	2.8196E-3	3.1733E-3	31.109	830.709	4134.002	52.209	68.350	17.606	84.513	50.199	83.661	31.164	13.923
98000000	8.221	16.566	0.2140	1.2265	0.4211	2.1578	0.3473	0.2482	0.1941	0.2104	0.3848	0.1938	0.1766	0.2449	2.086E-3	1.4543E-3	2.9864E-3	1.7331E-3	3.1579E-3	2.5124E-3	2.2662E-3	2.3095E-3	50.292	914.359	4321.536	51.897	66.596	17.806	81.562	49.126	83.535	30.564	14.747
99000000	7.871	16.088	0.2331	1.2943	0.4057	2.1886	0.3618	0.2342	0.1822	0.2218	0.3869	0.1906	0.1802	0.2424	2.2501E-3	1.5965E-3	2.84E-3	1.9616E-3	3.2854E-3	2.5648E-3	2.6467E-3	2.3896E-3	70.460	1023.992	4509.982	51.790	65.108	18.846	81.372	49.942	83.461	31.438	15.601
100000000	8.271	15.840	0.2114	1.2246	0.4081	2.1839	0.3624	0.2357	0.1894	0.2125	0.3709	0.2013	0.1782	0.2496	2.1291E-3	1.4895E-3	3.1532E-3	1.8881E-3	2.9934E-3	2.4906E-3	2.3249E-3	2.6923E-3	67.808	975.250	4484.497	51.177	66.539	17.932	83.093	47.695	84.215	31.049	14.687
101000000	8.646	17.832	0.2177	1.2440	0.3903	2.2193	0.3572	0.2385	0.1937	0.2106	0.3687	0.1940	0.1862	0.2511	2.1552E-3	1.478E-3	3.208E-3	1.7453E-3	2.9067E-3	2.5232E-3	2.6144E-3	2.2413E-3	24.156	1093.651	4693.944	50.909	66.798	17.729	82.973	50.314	82.601	31.535	14.589
102000000	8.322	16.230	0.2280	1.2781	0.3833	2.2333	0.3664	0.2315	0.1789	0.2231	0.3825	0.1894	0.1820	0.2462	2.1694E-3	1.3934E-3	2.81E-3	1.7765E-3	3.4253E-3	2.4773E-3	2.1564E-3	2.492E-3	288.103	821.776	4116.493	52.422	67.203	18.126	83.302	47.847	82.918	32.460	14.386
103000000	8.515	16.366	0.2248	1.1605	0.3861	2.2278	0.3690	0.2384	0.1759	0.2167	0.3733	0.1977	0.1851	0.2440	2.2424E-3	1.5856E-3	3.0845E-3	1.9016E-3	3.3847E-3	2.5937E-3	2.162E-3	2.3947E-3	16.066	772.004	3990.992	49.904	65.773	18.052	82.736	47.682	83.132	30.874	14.037
104000000	8.145	16.682	0.2335	1.2776	0.4207	2.1586	0.3313	0.2371	0.1961	0.2355	0.3704	0.1989	0.1766	0.2540	2.2084E-3	1.6829E-3	2.3989E-3	1.7436E-3	3.1015E-3	2.6092E-3	2.1492E-3	2.5747E-3	45.165	915.684	4282.017	51.658	65.435	17.814	82.330	49.039	83.018	30.952	13.682
105000000	8.523	15.729	0.2092	1.1738	0.3937	2.2125	0.3530	0.2334	0.1887	0.2249	0.3755	0.1981	0.1811	0.2453	2.2133E-3	1.3886E-3	2.7149E-3	1.873E-3	3.1891E-3	2.3732E-3	1.9066E-3	2.3719E-3	24.877	934.090	4344.657	51.616	70.930	17.732	82.905	49.373	83.362	32.262	14.807
106000000	8.794	16.449	0.2266	1.3219	0.3751	2.2498	0.3602	0.2372	0.1888	0.2139	0.3770	0.2012	0.1835	0.2383	2.1931E-3	1.5193E-3	3.4245E-3	1.7178E-3	3.4471E-3	2.5463E-3	2.2522E-3	2.5269E-3	113.274	879.687	4267.164	52.999	69.614	17.759	83.523	48.130	82.637	32.032	14.386
107000000	8.847	16.291	0.2091	1.2488	0.4068	2.1863	0.3326	0.2602	0.1928	0.2144	0.3709	0.2001	0.1819	0.2471	2.1872E-3	1.3631E-3	2.9691E-3	1.8855E-3	3.0826E-3	2.374E-3	2.3091E-3	2.7506E-3	97.534	950.149	4434.888	52.930	68.218	17.801	83.519	48.963	84.331	31.421	14.362
108000000	8.205	16.892	0.2002	1.1573	0.4019	2.1963	0.3327	0.2583	0.1849	0.2241	0.3863	0.1819	0.1805	0.2513	2.0903E-3	1.3898E-3	2.7158E-3	1.834E-3	3.1472E-3	2.3474E-3	2.2586E-3	2.4543E-3	66.864	918.452	4329.759	51.625	65.926	17.916	83.049	48.144	84.317	31.012	14.740
109000000	8.047	16.016	0.2052	1.2769	0.3862	2.2277	0.3538	0.2448	0.1919	0.2095	0.3768	0.1960	0.1829	0.2443	2.155E-3	1.4009E-3	2.7531E-3	1.809E-3	3.0824E-3	2.3899E-3	2.7688E-3	2.41E-3	37.554	800.430	4091.349	53.008	63.193	17.998	82.996	48.372	82.550	31.416	14.528
110000000	8.013	16.047	0.2197	1.1107	0.3822	2.2356	0.3597	0.2386	0.1870	0.2147	0.3723	0.2007	0.1803	0.2468	2.2315E-3	1.6547E-3	2.5866E-3	1.8242E-3	2.9702E-3	2.3166E-3	1.9816E-3	2.3796E-3	363.203	983.736	4457.685	50.795	65.418	17.526	82.861	48.454	83.217	32.535	14.233
111000000	7.903	18.215	0.2328	1.2311	0.3914	2.2173	0.3757	0.2363	0.1770	0.2110	0.3751	0.1928	0.1838	0.2482	2.2526E-3	1.5655E-3	3.0021E-3	1.8333E-3	3.201E-3	2.4781E-3	2.2824E-3	2.4576E-3	53.311	861.460	4206.555	50.683	67.636	17.935	83.445	48.451	84.711	31.538	14.595
112000000	8.517	17.182	0.2299	1.3274	0.3843	2.2314	0.3500	0.2513	0.1801	0.2186	0.3782	0.1842	0.1816	0.2561	2.1953E-3	1.5566E-3	2.6615E-3	1.7528E-3	3.1595E-3	2.4493E-3	2.3412E-3	2.1614E-3	95.375	1016.799	4493.636	50.861	64.251	17.922	82.889	47.483	83.215	30.738	14.971
113000000	7.439	17.007	0.2251	1.2797	0.4060	2.1879	0.3283	0.2559	0.2043	0.2116	0.3719	0.1981	0.1847	0.2453	2.3107E-3	1.6135E-3	3.1505E-3	1.7714E-3	3.0837E-3	2.4075E-3	2.5517E-3	3.0007E-3	110.315	926.792	4295.667	51.462	67.114	17.907	83.759	47.101	84.997	31.359	13.924
114000000	8.010	15.709	0.2167	1.2973	0.3967	2.2065	0.3501	0.2510	0.1915	0.2074	0.3785	0.1980	0.1817	0.2418	2.1268E-3	1.4633E-3	3.3329E-3	1.8704E-3	3.3273E-3	2.4485E-3	2.4773E-3	2.3935E-3	102.369	993.323	4473.804	51.329	69.792	17.596	83.650	48.832	83.736	32.245	14.711
115000000	7.380	15.670	0.2517	1.2326	0.4030	2.1940	0.3435	0.2354	0.1864	0.2347	0.3782	0.1985	0.1784	0.2450	2.2821E-3	1.5073E-3	3.2232E-3	1.7998E-3	3.0822E-3	2.4512E-3	2.7698E-3	2.4699E-3	123.064	746.247	3973.667	51.494	67.169	18.255	84.021	49.718	83.859	31.379	14.723
116000000	8.681	16.534	0.2325	1.2932	0.3924	2.2151	0.3578	0.2490	0.1778	0.2154	0.3671	0.2048	0.1809	0.2472	2.3247E-3	1.5016E-3	3.411E-3	1.942E-3	3.7398E-3	2.6854E-3	2.7753E-3	2.5224E-3	430.449	896.028	4307.676	51.498	65.772	17.505	82.847	48.756	83.499	31.314	14.497
117000000	8.095	16.780	0.2271	1.4518	0.4020	2.1959	0.3618	0.2385	0.1787	0.2210	0.3714	0.1931	0.1800	0.2555	2.2335E-3	1.6284E-3	3.2393E-3	1.8463E-3	3.112E-3	2.4425E-3	2.247E-3	2.3973E-3	89.871	965.816	4408.211	51.181	65.272	17.185	83.383	47.931	83.106	31.492	14.927
118000000	8.783	16.604	0.2159	1.2277	0.4191	2.1618	0.3526	0.2570	0.1814	0.2090	0.3817	0.1895	0.1776	0.2512	2.1639E-3	1.536E-3	2.76E-3	1.9204E-3	2.9618E-3	2.4374E-3	2.2566E-3	2.5333E-3	97.600	983.687	4444.938	51.090	64.724	18.028	81.450	49.294	82.876	31.541	14.072
119000000	7.397	16.595	0.2352	1.3000	0.4091	2.1819	0.3506	0.2417	0.1903	0.2174	0.3721	0.1936	0.1816	0.2527	2.2776E-3	1.4937E-3	2.8937E-3	1.921E-3	3.0007E-3	2.6929E-3	3.0012E-3	2.7415E-3	37.120	931.899	4343.266	52.526	67.630	17.702	82.432	49.713	83.240	31.237	14.704
120000000	8.194	16.697	0.2158	1.2814	0.4077	2.1845	0.3586	0.2488	0.1817	0.2110	0.3763	0.1918	0.1820	0.2498	2.255E-3	1.7296E-3	2.5895E-3	2.0257E-3	3.211E-3	2.6077E-3	2.3153E-3	2.8857E-3	140.850	924.629	4290.912	50.443	62.709	17.751	80.959	49.554	84.893	31.718	14.210
121000000	8.367	16.745	0.2307	1.3315	0.3923	2.2155	0.3560	0.2434	0.1829	0.2176	0.3751	0.1921	0.1838	0.2490	2.1475E-3	1.564E-3	2.8702E-3	1.7401E-3	2.9031E-3	2.5065E-3	2.2459E-3	2.2526E-3	35.760	975.420	4484.523	50.413	66.261	17.607	83.457	50.325	83.809	31.373	15.212
122000000	8.363	16.537	0.2230	1.2315	0.3947	2.2105	0.3482	0.2457	0.1833	0.2228	0.3824	0.1923	0.1780	0.2472	2.1792E-3	1.4524E-3	3.038E-3	1.8084E-3	3.1829E-3	2.64E-3	2.405E-3	2.2756E-3	371.955	925.166	4322.439	50.115	66.797	17.586	82.908	49.538	82.671	31.541	14.658
123000000	7.494	16.543	0.2111	1.3191	0.3920	2.2161	0.3381	0.2540	0.1880	0.2199	0.3749	0.1963	0.1819	0.2469	2.3584E-3	1.5596E-3	2.7761E-3	1.8934E-3	3.3464E-3	2.388E-3	2.2451E-3	2.8587E-3	39.999	891.405	4205.457	50.948	68.089	18.193	82.432	48.050	83.081	32.165	14.513
124000000	7.638	17.004	0.2171	1.2465	0.3716	2.2568	0.3469	0.2470	0.1924	0.2137	0.3725	0.2022	0.1826	0.2426	2.2833E-3	1.576E-3	2.7756E-3	1.9026E-3	3.3335E-3	2.352E-3	2.4515E-3	2.3271E-3	195.364	970.358	4370.679	51.333	67.144	17.779	84.566	49.110	83.852	31.521	14.431
125000000	7.865	16.840	0.2221	1.3385	0.3788	2.2425	0.3387	0.2382	0.1979	0.2252	0.3755	0.1913	0.1824	0.2508	2.2163E-3	1.4725E-3	3.2301E-3	1.8887E-3	3.0302E-3	2.5485E-3	2.3122E-3	1.9958E-3	42.676	1070.021	4682.208	51.565	68.238	17.511	83.351	48.039	82.919	31.729	15.486
126000000	8.814	16.621	0.2279	1.3124	0.4206	2.1588	0.3391	0.2374	0.1924	0.2312	0.3758	0.1939	0.1827	0.2476	2.1683E-3	1.6625E-3	3.1352E-3	1.8226E-3	3.0177E-3	2.4474E-3	2.0716E-3	2.5782E-3	9.522	1117.317	4742.592	50.789	64.780	17.210	83.721	47.994	82.708	31.564	14.622
127000000	7.810	17.578	0.2383	1.1598	0.3965	2.2070	0.3409	0.2454	0.1956	0.2181	0.3798	0.1913	0.1778	0.2510	2.1872E-3	1.4251E-3	3.6114E-3	1.8974E-3	3.1706E-3	2.3661E-3	2.4333E-3	2.6166E-3	188.735	1020.134	4541.081	51.895	68.231	17.777	82.320	48.841	84.401	31.141	14.570
128000000	8.207	16.505	0.2084	1.3545	0.4370	2.1259	0.3336	0.2472	0.2025	0.2167	0.3774	0.1939	0.1836	0.2452	2.292E-3	1.6497E-3	2.9092E-3	1.8273E-3	3.1043E-3	2.4728E-3	2.8006E-3	2.6718E-3	59.603	983.201	4448.016	51.054	65.892	18.182	84.347	48.446	82.844	31.121	14.229
129000000	8.346	15.845	0.2242	1.3158	0.4054	2.1892	0.3563	0.2372	0.1852	0.2213	0.3756	0.1969	0.1799	0.2477	2.1497E-3	1.3172E-3	3.2686E-3	1.8547E-3	3.0946E-3	2.4901E-3	2.3787E-3	2.8766E-3	39.888	1108.368	4779.341	52.994	67.589	17.884	82.885	47.804	83.193	30.783	14.505
130000000	8.306	16.799	0.2089	1.1948	0.3974	2.2053	0.3541	0.2505	0.1886	0.2069	0.3776	0.1939	0.1829	0.2456	2.1583E-3	1.4966E-3	3.2213E-3	1.7434E-3	2.883E-3	2.4739E-3	2.3642E-3	2.2237E-3	501.888	899.262	4281.680	53.244	67.683	17.801	81.887	47.841	83.455	31.269	15.603
131000000	8.003	16.310	0.2510	1.1415	0.3892	2.2215	0.3338	0.2474	0.1798	0.2391	0.3760	0.1988	0.1830	0.2422	2.0267E-3	1.6028E-3	2.4029E-3	1.6382E-3	2.7084E-3	2.4371E-3	2.2823E-3	2.2906E-3	133.548	882.008	4285.626	50.538	67.453	18.283	82.870	49.093	83.336	31.145	15.206
132000000	8.052	16.533	0.2113	1.2647	0.3813	2.2374	0.3408	0.2504	0.1869	0.2220	0.3692	0.1989	0.1820	0.2498	2.1561E-3	1.4391E-3	2.7106E-3	1.8389E-3	2.8996E-3	2.4643E-3	2.362E-3	2.7205E-3	15.409	876.561	4301.390	52.330	69.848	18.086	82.486	48.790	83.189	31.729	14.868
133000000	7.668	16.809	0.2244	1.2788	0.3699	2.2602	0.3413	0.2489	0.1887	0.2210	0.3705	0.1970	0.1904	0.2421	2.2177E-3	1.575E-3	2.8429E-3	1.9562E-3	3.2494E-3	2.6065E-3	2.4588E-3	2.6804E-3	97.060	884.433	4264.887	51.727	64.163	18.063	83.283	48.696	82.580	31.041	14.977
134000000	8.415	16.137	0.2338	1.2298	0.4028	2.1944	0.3476	0.2424	0.1963	0.2138	0.3777	0.1936	0.1773	0.2515	2.1899E-3	1.4009E-3	2.5233E-3	1.8806E-3	3.0191E-3	2.1706E-3	1.93E-3	2.4839E-3	32.248	934.208	4380.055	52.139	65.650	17.813	82.586	47.849	83.679	31.379	14.421
135000000	8.520	16.933	0.2197	1.2729	0.4376	2.1247	0.3470	0.2463	0.1790	0.2277	0.3869	0.1931	0.1773	0.2428	2.1989E-3	1.2651E-3	3.206E-3	1.8605E-3	2.8304E-3	2.3106E-3	2.2702E-3	2.5561E-3	28.285	929.113	4423.763	54.364	70.054	18.528	81.558	52.081	84.195	32.006	14.819
136000000	8.614	16.865	0.2168	1.3111	0.4307	2.1386	0.3481	0.2457	0.1876	0.2185	0.3829	0.1861	0.1828	0.2482	2.3459E-3	1.5826E-3	3.0991E-3	1.897E-3	3.4283E-3	2.7228E-3	2.4739E-3	2.9155E-3	328.384	915.398	4316.752	51.696	67.254	18.005	83.559	47.311	83.110	32.082	14.493
137000000	8.287	17.108	0.2223	1.2128	0.3855	2.2290	0.3496	0.2439	0.1885	0.2181	0.3789	0.1942	0.1834	0.2435	2.1306E-3	1.477E-3	2.9587E-3	1.8369E-3	2.7551E-3	2.4405E-3	2.2015E-3	2.4845E-3	48.706	913.990	4371.731	50.866	65.490	18.257	82.314	48.321	82.918	31.687	14.844
138000000	9.059	16.196	0.2151	1.3185	0.3829	2.2343	0.3372	0.2610	0.1845	0.2173	0.3740	0.1933	0.1783	0.2544	2.2244E-3	1.4864E-3	3.2201E-3	1.8134E-3	2.5658E-3	2.4137E-3	2.6122E-3	2.7049E-3	52.263	1206.370	4894.412	51.727	66.468	17.675	83.225	50.043	83.719	31.195	13.973
139000000	8.450	17.140	0.2192	1.2205	0.3847	2.2305	0.3343	0.2531	0.1930	0.2196	0.3709	0.1920	0.1878	0.2494	2.1783E-3	1.5423E-3	2.6119E-3	1.6745E-3	3.0044E-3	2.4958E-3	2.5638E-3	2.6719E-3	29.239	1062.334	4589.102	50.505	68.251	17.716	81.936	48.750	84.133	31.430	14.274
140000000	7.991	15.978	0.2320	1.2673	0.3852	2.2297	0.3690	0.2403	0.1828	0.2079	0.3880	0.1948	0.1733	0.2439	2.1733E-3	1.5683E-3	2.9613E-3	1.7825E-3	2.7537E-3	2.3828E-3	2.3752E-3	2.7875E-3	52.693	988.546	4451.437	50.986	63.848	17.816	82.908	49.594	83.491	32.334	14.228
141000000	8.275	16.674	0.2307	1.3333	0.4233	2.1534	0.3421	0.2501	0.1972	0.2105	0.3775	0.1927	0.1802	0.2495	2.2695E-3	1.4642E-3	3.3244E-3	1.6618E-3	3.0518E-3	2.482E-3	2.0568E-3	2.5509E-3	52.581	848.815	4208.920	51.035	70.088	18.344	84.261	49.073	83.845	31.054	14.331
142000000	8.751	15.931	0.2137	1.1599	0.4117	2.1766	0.3361	0.2531	0.1887	0.2220	0.3747	0.1983	0.1850	0.2420	2.1686E-3	1.4912E-3	2.5726E-3	1.8521E-3	2.9742E-3	2.5204E-3	2.0733E-3	2.3624E-3	23.270	860.829	4192.115	51.892	70.934	17.918	82.316	49.122	84.388	31.655	15.060
143000000	8.829	17.027	0.2017	1.2452	0.4233	2.1534	0.3328	0.2477	0.1926	0.2269	0.3733	0.2007	0.1804	0.2455	2.1141E-3	1.5533E-3	2.7875E-3	1.9397E-3	3.1119E-3	2.5781E-3	2.5237E-3	2.3043E-3	79.106	947.433	4386.189	51.462	68.277	17.630	81.713	51.533	83.308	30.870	14.835
144000000	7.802	16.310	0.2215	1.2206	0.3834	2.2332	0.3469	0.2484	0.1836	0.2210	0.3805	0.1958	0.1779	0.2459	2.1454E-3	1.513E-3	3.1419E-3	1.863E-3	3.0987E-3	2.5458E-3	2.4675E-3	2.5561E-3	77.420	921.872	4344.280	50.294	68.337	17.697	82.477	49.263	83.615	30.751	14.806
145000000	8.327	16.537	0.2294	1.2056	0.3960	2.2079	0.3514	0.2321	0.1938	0.2227	0.3816	0.1996	0.1743	0.2445	2.0476E-3	1.4109E-3	2.7228E-3	1.7762E-3	3.1861E-3	2.3835E-3	2.2709E-3	2.5656E-3	29.284	880.743	4371.624	51.728	68.698	18.132	82.934	48.170	84.354	32.254	14.387
146000000	7.266	16.775	0.2228	1.1975	0.4105	2.1791	0.3563	0.2446	0.1753	0.2237	0.3697	0.1955	0.1828	0.2520	2.1045E-3	1.4688E-3	2.6526E-3	1.9027E-3	2.8668E-3	2.4422E-3	2.3569E-3	2.6908E-3	27.089	807.399	4125.249	52.197	66.303	17.473	81.672	48.786	83.482	31.120	14.716
147000000	7.970	16.228	0.2168	1.1954	0.3949	2.2102	0.3611	0.2249	0.1867	0.2272	0.3758	0.1874	0.1877	0.2491	2.1498E-3	1.5767E-3	2.6767E-3	1.8229E-3	3.1769E-3	2.2459E-3	2.1329E-3	2.4449E-3	30.835	1000.175	4490.372	51.710	63.178	18.202	81.853	47.462	84.425	32.317	15.222
148000000	7.870	15.942	0.2260	1.4518	0.4152	2.1697	0.3576	0.2389	0.1916	0.2119	0.3769	0.1943	0.1847	0.2441	2.306E-3	1.7309E-3	3.6497E-3	1.9353E-3	3.1595E-3	2.6125E-3	2.516E-3	2.8345E-3	23.924	822.815	4087.629	50.243	66.677	17.566	83.806	47.944	83.529	31.222	14.303
149000000	9.283	16.999	0.2172	1.1585	0.4173	2.1653	0.3446	0.2455	0.1864	0.2234	0.3832	0.1984	0.1786	0.2397	2.1175E-3	1.6131E-3	2.7551E-3	1.7316E-3	2.8061E-3	2.3455E-3	2.3837E-3	2.2797E-3	60.058	1053.794	4632.453	50.363	64.618	17.533	82.292	48.888	84.231	30.655	15.074
150000000	8.115	16.704	0.2171	1.3112	0.4004	2.1993	0.3546	0.2494	0.1912	0.2048	0.3703	0.1967	0.1832	0.2497	2.1878E-3	1.4989E-3	3.0255E-3	1.9426E-3	2.8639E-3	2.5446E-3	2.4329E-3	2.451E-3	108.803	800.649	4127.560	52.354	66.927	18.363	81.198	48.590	84.798	31.458	15.787
151000000	7.990	16.902	0.2315	1.3007	0.4036	2.1928	0.3477	0.2526	0.1843	0.2154	0.3713	0.2003	0.1817	0.2468	2.1117E-3	1.6411E-3	3.0479E-3	1.8473E-3	3.2978E-3	2.5988E-3	2.4643E-3	2.6458E-3	66.562	804.647	4142.890	51.973	64.428	17.914	82.962	47.478	83.964	30.790	14.567
152000000	8.160	16.935	0.2129	1.2591	0.4096	2.1807	0.3519	0.2515	0.1918	0.2048	0.3769	0.1940	0.1809	0.2482	2.0991E-3	1.4618E-3	2.8987E-3	1.7639E-3	2.6463E-3	2.4439E-3	2.445E-3	2.6824E-3	75.825	997.160	4522.233	51.084	66.274	18.007	82.587	49.161	84.497	31.283	14.222
153000000	8.752	16.634	0.2482	1.2467	0.4190	2.1619	0.3529	0.2497	0.1817	0.2158	0.3777	0.1945	0.1786	0.2492	2.0687E-3	1.8161E-3	2.68E-3	1.6687E-3	3.2036E-3	2.5486E-3	2.259E-3	2.6549E-3	53.744	747.398	4014.960	50.326	62.998	18.023	82.684	48.938	82.982	30.947	14.045
154000000	8.672	16.795	0.2356	1.2962	0.3979	2.2042	0.3652	0.2354	0.1898	0.2097	0.3728	0.1964	0.1796	0.2512	2.2473E-3	1.3447E-3	3.51E-3	1.8978E-3	3.252E-3	2.6134E-3	2.5409E-3	2.5719E-3	53.833	964.487	4448.662	52.899	65.065	17.924	83.413	49.050	82.801	31.734	14.647
155000000	8.827	16.515	0.2191	1.2602	0.3795	2.2410	0.3402	0.2350	0.2020	0.2228	0.3697	0.1913	0.1837	0.2553	2.1038E-3	1.5263E-3	2.8307E-3	1.9035E-3	3.1392E-3	2.3331E-3	2.4101E-3	2.2235E-3	299.693	892.770	4283.789	51.847	65.072	17.458	81.847	48.343	83.571	30.757	14.741
156000000	8.090	16.611	0.2372	1.2341	0.4086	2.1827	0.3574	0.2467	0.1868	0.2091	0.3844	0.1936	0.1789	0.2431	2.345E-3	1.4922E-3	3.1344E-3	1.9051E-3	2.9599E-3	2.3347E-3	2.2109E-3	2.6731E-3	27.482	764.574	3991.615	51.864	66.097	18.067	80.826	51.364	84.237	31.152	14.720
157000000	9.452	15.961	0.2302	1.2984	0.3844	2.2313	0.3620	0.2454	0.1676	0.2250	0.3720	0.1969	0.1829	0.2482	2.0108E-3	1.4658E-3	2.5624E-3	1.7129E-3	2.807E-3	2.3674E-3	2.3623E-3	2.8702E-3	85.691	1054.135	4680.328	50.725	66.082	17.775	82.153	49.070	83.373	30.891	13.773
158000000	8.132	16.094	0.2249	1.1945	0.4205	2.1591	0.3565	0.2374	0.1971	0.2090	0.3812	0.1906	0.1852	0.2429	2.2471E-3	1.6653E-3	3.3337E-3	1.8324E-3	3.0644E-3	2.6806E-3	2.4899E-3	2.3301E-3	99.865	1042.287	4611.701	52.238	66.522	18.023	82.150	51.767	82.948	31.576	15.073
159000000	7.870	16.193	0.2168	1.2763	0.3884	2.2233	0.3523	0.2437	0.1885	0.2155	0.3740	0.1992	0.1809	0.2459	2.1372E-3	1.54E-3	2.0271E-3	1.7503E-3	3.0592E-3	2.5058E-3	2.1275E-3	2.2178E-3	21.597	940.584	4390.574	51.410	64.289	18.026	82.030	50.089	84.534	31.423	14.661
160000000	8.219	16.710	0.2342	1.1610	0.4165	2.1671	0.3372	0.2454	0.1910	0.2264	0.3732	0.1954	0.1837	0.2478	2.2044E-3	1.5578E-3	2.5516E-3	1.7379E-3	3.1352E-3	2.4772E-3	2.7949E-3	2.4316E-3	123.767	905.132	4313.447	51.144	65.848	18.333	83.024	47.149	83.443	30.658	14.888
161000000	7.985	16.655	0.2143	1.3389	0.4049	2.1903	0.3561	0.2396	0.1897	0.2147	0.3838	0.1938	0.1854	0.2370	2.0706E-3	1.5057E-3	2.9317E-3	1.7752E-3	2.9343E-3	2.2964E-3	2.4439E-3	2.2956E-3	264.160	1072.489	4703.715	50.826	66.504	17.838	83.047	48.298	83.548	31.958	15.058
162000000	8.238	16.787	0.2259	1.2315	0.4460	2.1080	0.3367	0.2460	0.1887	0.2285	0.3813	0.1898	0.1788	0.2501	2.1104E-3	1.3481E-3	2.7859E-3	1.8372E-3	3.1075E-3	2.3677E-3	2.6362E-3	2.5804E-3	29.780	1126.948	4824.890	52.486	68.331	17.834	83.172	50.505	84.769	32.014	14.599
163000000	8.210	16.441	0.2342	1.2561	0.3932	2.2136	0.3525	0.2373	0.1903	0.2200	0.3858	0.1913	0.1842	0.2387	2.1796E-3	1.6189E-3	2.7989E-3	1.7787E-3	3.1649E-3	2.4899E-3	2.4461E-3	2.745E-3	21.191	845.796	4188.005	50.209	65.289	17.473	83.632	48.610	83.743	31.424	14.823
164000000	7.769	17.262	0.2236	1.2661	0.3991	2.2018	0.3638	0.2376	0.1780	0.2206	0.3848	0.1925	0.1781	0.2446	2.2442E-3	1.4969E-3	2.693E-3	1.906E-3	3.2423E-3	2.5179E-3	2.507E-3	2.3418E-3	73.075	945.419	4353.618	50.545	67.883	17.742	83.761	49.154	84.094	31.616	15.218
165000000	8.314	16.367	0.2158	1.2151	0.4176	2.1647	0.3536	0.2587	0.1877	0.1999	0.3833	0.1976	0.1793	0.2398	2.2233E-3	1.5011E-3	2.9089E-3	1.7456E-3	3.102E-3	2.5334E-3	2.135E-3	2.4927E-3	67.947	791.939	4116.792	53.181	66.667	17.718	84.029	49.235	83.309	31.443	14.882
166000000	8.323	16.312	0.2061	1.2639	0.3941	2.2118	0.3512	0.2516	0.1841	0.2131	0.3681	0.1943	0.1830	0.2545	2.2007E-3	1.5244E-3	3.271E-3	1.9062E-3	3.0512E-3	2.5503E-3	2.4405E-3	2.4853E-3	27.461	1090.329	4655.389	50.839	65.361	18.417	83.114	49.338	82.776	31.150	14.968
167000000	7.860	16.188	0.2179	1.2355	0.3986	2.2028	0.3512	0.2464	0.1734	0.2290	0.3749	0.1927	0.1834	0.2490	2.057E-3	1.5073E-3	2.7993E-3	1.6916E-3	3.0191E-3	2.2368E-3	2.5469E-3	2.2773E-3	177.424	1030.426	4596.095	51.618	68.109	17.324	83.714	49.433	83.863	30.487	14.830
168000000	8.233	17.094	0.2215	1.2540	0.3777	2.2446	0.3525	0.2488	0.1786	0.2201	0.3826	0.1864	0.1802	0.2508	2.1584E-3	1.5975E-3	2.501E-3	1.8545E-3	3.2217E-3	2.4188E-3	2.4399E-3	3.2172E-3	152.603	848.880	4200.212	51.284	63.429	18.485	81.834	49.377	83.269	30.891	13.960
169000000	8.758	16.319	0.2268	1.3099	0.3987	2.2026	0.3591	0.2449	0.1797	0.2163	0.3780	0.1876	0.1861	0.2482	2.2289E-3	1.5042E-3	3.4287E-3	1.8973E-3	3.0379E-3	2.4502E-3	2.2034E-3	2.5462E-3	83.847	972.603	4443.220	51.331	68.357	17.437	82.461	49.192	83.527	32.316	15.163
170000000	7.450	16.607	0.2325	1.1874	0.4004	2.1993	0.3415	0.2461	0.1930	0.2194	0.3821	0.1868	0.1821	0.2490	2.0676E-3	1.4491E-3	2.7426E-3	1.7072E-3	2.9478E-3	2.3259E-3	2.4234E-3	2.7047E-3	77.758	844.425	4188.069	51.882	66.513	17.775	82.796	48.973	84.338	31.319	14.201
171000000	7.915	17.148	0.2227	1.1580	0.4241	2.1518	0.3360	0.2483	0.1852	0.2305	0.3788	0.1962	0.1747	0.2504	2.1106E-3	1.4002E-3	2.8401E-3	1.6278E-3	3.0542E-3	2.3613E-3	2.2244E-3	2.7242E-3	50.087	923.625	4362.506	52.518	68.298	18.172	83.726	48.467	83.286	31.719	14.398
172000000	8.503	16.065	0.2365	1.2509	0.3963	2.2075	0.3351	0.2484	0.1894	0.2271	0.3832	0.1958	0.1779	0.2431	2.2066E-3	1.3915E-3	2.9302E-3	1.7361E-3	3.0575E-3	2.4135E-3	2.5012E-3	2.3806E-3	393.184	950.473	4459.284	52.297	68.304	17.763	83.131	50.775	83.575	31.510	14.486
173000000	7.856	16.593	0.2274	1.2653	0.4189	2.1622	0.3350	0.2551	0.1925	0.2174	0.3700	0.2019	0.1743	0.2539	2.2203E-3	1.6417E-3	3.1993E-3	1.744E-3	3.3463E-3	2.3013E-3	2.4213E-3	2.1854E-3	342.619	847.616	4196.643	49.985	63.027	18.078	82.659	48.061	83.964	31.647	14.974
174000000	8.140	16.032	0.2199	1.2792	0.4221	2.1559	0.3392	0.2458	0.1897	0.2253	0.3851	0.1869	0.1836	0.2444	2.1631E-3	1.4747E-3	2.7437E-3	1.845E-3	2.9622E-3	2.4841E-3	2.2427E-3	2.3377E-3	64.813	902.652	4312.000	50.873	64.236	17.857	81.655	49.775	84.177	31.547	14.573
175000000	8.816	16.636	0.2293	1.3317	0.3969	2.2063	0.3572	0.2415	0.1832	0.2180	0.3684	0.1937	0.1859	0.2520	2.3251E-3	1.5653E-3	3.2439E-3	1.8113E-3	3.417E-3	2.8672E-3	2.6985E-3	2.0525E-3	341.535	889.642	4283.428	50.207	68.191	17.999	84.193	46.579	82.208	31.829	14.655
176000000	8.545	17.026	0.2223	1.2116	0.3888	2.2224	0.3514	0.2417	0.1860	0.2209	0.3769	0.1972	0.1795	0.2464	2.0568E-3	1.5193E-3	3.0381E-3	1.7975E-3	2.9943E-3	2.5316E-3	2.1092E-3	2.3154E-3	46.172	857.336	4239.425	51.092	64.317	17.533	82.777	50.235	83.413	31.681	14.792
177000000	8.057	16.998	0.2381	1.2574	0.4112	2.1776	0.3545	0.2409	0.1911	0.2134	0.3701	0.2000	0.1745	0.2554	2.1917E-3	1.536E-3	3.2926E-3	2.0174E-3	3.545E-3	2.4077E-3	2.1829E-3	2.6517E-3	50.326	740.194	3940.705	50.950	67.096	17.670	81.857	47.184	83.709	32.246	14.333
178000000	7.791	17.610	0.2162	1.2678	0.3578	2.2845	0.3489	0.2349	0.1944	0.2218	0.3678	0.1967	0.1833	0.2522	2.1642E-3	1.7517E-3	2.9839E-3	1.9892E-3	3.1038E-3	2.518E-3	2.575E-3	2.4734E-3	40.590	952.697	4355.788	50.381	66.048	17.495	81.621	48.549	83.604	31.230	14.240
179000000	8.697	16.929	0.2325	1.3485	0.3846	2.2309	0.3604	0.2431	0.1864	0.2101	0.3646	0.1967	0.1853	0.2534	2.3063E-3	1.537E-3	3.6361E-3	1.7553E-3	2.9295E-3	2.4882E-3	2.3807E-3	2.741E-3	33.934	1076.565	4659.533	52.330	67.235	17.528	82.866	49.949	83.207	31.407	13.886
180000000	8.318	17.131	0.2079	1.2875	0.4055	2.1890	0.3456	0.2566	0.1926	0.2052	0.3773	0.1961	0.1793	0.2473	2.0988E-3	1.6793E-3	2.6941E-3	1.8002E-3	2.9988E-3	2.5157E-3	2.6019E-3	2.5035E-3	28.612	989.083	4481.745	50.782	66.502	17.752	82.907	47.684	83.468	30.500	14.413
181000000	8.140	16.942	0.2158	1.2778	0.4080	2.1841	0.3655	0.2484	0.1800	0.2062	0.3647	0.1960	0.1804	0.2589	2.1736E-3	1.47E-3	2.8078E-3	1.7442E-3	3.0405E-3	2.5213E-3	2.5659E-3	2.4004E-3	28.618	912.470	4308.068	51.200	69.225	17.746	81.956	49.338	82.619	31.034	13.974
182000000	8.830	16.463	0.2147	1.2215	0.3932	2.2137	0.3447	0.2563	0.1831	0.2159	0.3796	0.1903	0.1751	0.2551	2.1657E-3	1.4126E-3	2.6648E-3	1.9348E-3	3.2551E-3	2.4066E-3	2.7486E-3	2.3098E-3	156.726	958.726	4406.152	53.729	66.411	17.611	82.136	48.449	83.619	30.826	14.150
183000000	8.477	17.617	0.2162	1.2405	0.4105	2.1790	0.3545	0.2452	0.1901	0.2102	0.3731	0.1983	0.1822	0.2464	2.174E-3	1.4117E-3	3.3061E-3	1.9222E-3	3.3846E-3	2.3798E-3	2.3093E-3	2.2762E-3	81.415	992.685	4482.998	51.208	66.249	17.791	82.709	48.866	83.992	32.418	14.308
184000000	7.406	16.625	0.2311	1.1616	0.4182	2.1636	0.3527	0.2368	0.1848	0.2257	0.3763	0.1917	0.1807	0.2513	2.2154E-3	1.738E-3	3.1147E-3	1.8104E-3	3.0605E-3	2.4228E-3	2.0667E-3	2.3299E-3	145.646	800.455	4124.198	51.283	64.241	17.823	84.232	51.716	84.338	31.552	15.459
185000000	8.578	16.262	0.2377	1.2361	0.4334	2.1332	0.3506	0.2450	0.1778	0.2267	0.3819	0.1931	0.1855	0.2396	2.2237E-3	1.5224E-3	2.9157E-3	1.7581E-3	3.0927E-3	2.7221E-3	2.4325E-3	2.4105E-3	64.091	842.492	4183.136	52.966	66.540	17.660	83.061	48.631	83.000	31.296	14.420
186000000	8.239	16.941	0.2173	1.3124	0.3892	2.2217	0.3529	0.2313	0.1998	0.2160	0.3693	0.1931	0.1844	0.2532	2.1507E-3	1.5757E-3	2.6263E-3	1.8206E-3	3.068E-3	2.4438E-3	2.4747E-3	2.645E-3	31.094	978.845	4494.306	49.831	65.359	17.910	82.983	47.257	82.911	30.875	14.307
187000000	8.641	15.281	0.2324	1.2168	0.4019	2.1963	0.3536	0.2456	0.1889	0.2119	0.3783	0.1850	0.1880	0.2487	2.1278E-3	1.4577E-3	2.6656E-3	1.7486E-3	3.3092E-3	2.5515E-3	2.5351E-3	2.4834E-3	191.527	782.698	4017.105	52.568	67.710	18.746	82.387	48.177	83.594	31.607	14.435
188000000	9.368	15.878	0.2426	1.1975	0.4203	2.1594	0.3510	0.2512	0.1892	0.2086	0.3780	0.1945	0.1808	0.2468	2.2618E-3	1.437E-3	2.2579E-3	1.6749E-3	3.3381E-3	2.3119E-3	2.1497E-3	2.3604E-3	526.850	724.547	3921.998	50.624	67.915	18.668	83.265	50.648	83.409	31.076	14.668
189000000	7.580	16.901	0.2218	1.3550	0.3815	2.2370	0.3586	0.2468	0.1867	0.2078	0.3700	0.2013	0.1758	0.2529	2.1342E-3	1.4606E-3	2.8493E-3	1.9009E-3	2.8384E-3	2.4785E-3	2.7058E-3	2.7655E-3	97.627	915.624	4328.269	52.319	66.323	19.012	83.158	50.142	84.495	31.146	13.897
190000000	8.660	17.062	0.2090	1.2262	0.4113	2.1775	0.3339	0.2525	0.1921	0.2215	0.3753	0.1907	0.1867	0.2473	2.1814E-3	1.3694E-3	3.5032E-3	1.7862E-3	3.2579E-3	2.395E-3	2.649E-3	2.1832E-3	13.168	896.764	4305.515	51.973	68.809	17.275	84.185	46.417	83.046	31.003	15.499
191000000	7.373	17.155	0.2374	1.1840	0.3790	2.2419	0.3531	0.2386	0.1798	0.2285	0.3796	0.1958	0.1791	0.2456	2.0744E-3	1.6037E-3	3.081E-3	1.7454E-3	2.9824E-3	2.417E-3	2.6676E-3	2.2878E-3	572.544	893.387	4301.857	51.033	67.385	18.044	84.235	46.845	84.097	31.624	14.253
192000000	7.810	17.166	0.2068	1.2405	0.3929	2.2142	0.3556	0.2504	0.1785	0.2155	0.3877	0.1910	0.1778	0.2435	2.1067E-3	1.4313E-3	2.7242E-3	1.7767E-3	2.9346E-3	2.3664E-3	2.1505E-3	2.6745E-3	38.867	942.801	4351.091	50.829	66.731	17.833	82.355	49.291	83.219	31.002	14.605
193000000	8.124	17.404	0.2257	1.2309	0.3880	2.2239	0.3515	0.2521	0.1772	0.2192	0.3771	0.1953	0.1843	0.2433	2.257E-3	1.5677E-3	3.0965E-3	1.863E-3	3.2257E-3	2.3649E-3	2.7398E-3	2.4443E-3	113.625	916.017	4308.516	51.817	65.485	17.459	83.517	50.546	83.362	32.093	14.253
194000000	8.491	16.356	0.2233	1.2534	0.4177	2.1645	0.3469	0.2533	0.1893	0.2106	0.3743	0.1935	0.1791	0.2531	2.2027E-3	1.6411E-3	3.1795E-3	1.7809E-3	3.1514E-3	2.443E-3	2.378E-3	2.6681E-3	24.681	848.079	4175.382	50.901	64.040	17.985	81.654	49.043	84.337	31.944	13.952
195000000	8.221	16.869	0.1997	1.2802	0.4011	2.1979	0.3480	0.2391	0.1912	0.2217	0.3717	0.1932	0.1821	0.2530	2.3375E-3	1.6192E-3	2.4298E-3	2.0436E-3	3.365E-3	2.6829E-3	2.2536E-3	2.2808E-3	145.198	1054.686	4582.153	50.932	66.074	17.656	82.655	46.898	84.686	30.972	15.057
196000000	8.144	16.693	0.2239	1.3337	0.4049	2.1902	0.3672	0.2404	0.1820	0.2104	0.3808	0.1944	0.1809	0.2440	2.0947E-3	1.2142E-3	3.5789E-3	1.7866E-3	2.9529E-3	2.7308E-3	2.4123E-3	2.1911E-3	184.400	1045.191	4598.094	53.572	67.140	17.790	82.934	50.368	84.093	31.348	14.715
197000000	8.174	16.059	0.2310	1.2419	0.4030	2.1940	0.3504	0.2463	0.1895	0.2138	0.3635	0.2015	0.1825	0.2525	2.2741E-3	1.3312E-3	3.1657E-3	1.8078E-3	3.4153E-3	2.438E-3	2.4695E-3	2.2496E-3	67.753	785.444	4092.601	54.454	68.875	17.586	81.701	47.507	82.867	31.240	15.188
198000000	6.995	16.103	0.2281	1.2252	0.4255	2.1490	0.3510	0.2365	0.1943	0.2182	0.3894	0.1865	0.1825	0.2415	2.2066E-3	1.5227E-3	2.6655E-3	1.7824E-3	3.0211E-3	2.3769E-3	2.2851E-3	2.5308E-3	254.203	856.696	4239.539	51.044	64.445	18.327	82.770	51.337	84.077	31.379	14.426
199000000	8.394	17.566	0.2277	1.2486	0.3646	2.2708	0.3561	0.2483	0.1844	0.2112	0.3714	0.1944	0.1797	0.2545	2.2011E-3	1.6292E-3	2.6978E-3	1.6513E-3	3.0328E-3	2.3752E-3	2.2142E-3	2.3323E-3	37.895	842.929	4179.128	49.547	66.880	18.389	83.099	48.329	83.789	30.770	14.828
200000000	8.241	17.657	0.2049	1.2108	0.3672	2.2656	0.3528	0.2670	0.1869	0.1933	0.3720	0.1992	0.1822	0.2466	2.1205E-3	1.4574E-3	3.3873E-3	1.8079E-3	3.3142E-3	2.5222E-3	2.3677E-3	2.3492E-3	16.367	1085.747	4746.053	52.639	66.132	17.726	83.993	46.277	82.877	31.202	14.620
