state	cp12.kappa	cp3.kappa	cp12.alpha	cp3.alpha	cp12.mu	cp3.mu	cp12.frequencies1	cp12.frequencies2	cp12.frequencies3	cp12.frequencies4	cp3.frequencies1	cp3.frequencies2	cp3.frequencies3	cp3.frequencies4	avian.rate	equine.rate	galliform1.rate	human1.rate	shorebird1.rate	swine1.rate	swine2.rate	swine3.rate	skygrid.precision	rootHeight	treeLength	tmrca(equine1)	tmrca(equine2)	tmrca(galliform1)	tmrca(human1)	tmrca(shorebird1)	tmrca(swine1)	tmrca(swine2)	tmrca(swine3)
1000000	8.223	16.241	0.2298	1.2144	0.3856	2.2288	0.3667	0.2348	0.1820	0.2165	0.3802	0.1845	0.1868	0.2485	2.2626E-3	1.7017E-3	2.7525E-3	1.8883E-3	3.0885E-3	2.5261E-3	2.6011E-3	2.2577E-3	28.477	973.205	4415.489	51.003	65.242	17.884	82.123	49.417	83.906	31.534	15.317
2000000	8.474	15.860	0.2243	1.2812	0.3924	2.2152	0.3375	0.2581	0.1745	0.2298	0.3680	0.1964	0.1890	0.2466	2.0826E-3	1.3838E-3	2.8102E-3	1.7734E-3	3.0761E-3	2.3894E-3	2.4826E-3	2.3522E-3	32.956	798.747	4126.847	52.709	71.694	17.965	82.655	48.861	83.483	31.807	15.536
3000000	8.284	16.654	0.2286	1.2725	0.4209	2.1583	0.3388	0.2366	0.1931	0.2315	0.3799	0.1883	0.1876	0.2442	2.2571E-3	1.5291E-3	2.4708E-3	1.7967E-3	3.1449E-3	2.4557E-3	2.7349E-3	2.7042E-3	173.213	737.822	3985.914	51.955	67.003	17.690	83.364	47.536	83.124	30.788	14.252
4000000	8.026	16.822	0.2126	1.2426	0.4125	2.1750	0.3377	0.2581	0.1817	0.2224	0.3680	0.1991	0.1798	0.2531	2.1644E-3	1.45E-3	3.3603E-3	1.9077E-3	3.0117E-3	2.336E-3	2.2688E-3	2.472E-3	192.117	874.262	4234.036	52.745	69.544	17.729	82.232	49.676	84.123	31.065	14.479
5000000	8.594	15.927	0.2174	1.1484	0.4096	2.1809	0.3443	0.2440	0.1786	0.2331	0.3802	0.1947	0.1839	0.2412	2.1556E-3	1.5702E-3	3.5473E-3	1.779E-3	2.9569E-3	2.5575E-3	2.37E-3	2.2041E-3	36.764	887.376	4246.228	50.821	67.223	17.784	83.981	48.624	82.517	30.948	14.689
6000000	8.457	16.338	0.2150	1.1584	0.4232	2.1536	0.3441	0.2320	0.1965	0.2273	0.3796	0.1943	0.1756	0.2505	2.1555E-3	1.4715E-3	2.5205E-3	1.7463E-3	3.1983E-3	2.2826E-3	2.3118E-3	2.3191E-3	108.279	986.628	4481.273	52.043	66.389	18.068	83.023	47.640	83.538	31.341	14.784
7000000	8.566	16.976	0.2304	1.3138	0.3675	2.2651	0.3554	0.2457	0.1796	0.2192	0.3776	0.1905	0.1841	0.2477	2.1821E-3	1.3909E-3	2.7908E-3	1.7463E-3	3.3021E-3	2.4483E-3	2.1739E-3	2.8752E-3	93.199	931.775	4333.942	51.862	64.764	17.742	82.512	48.823	83.366	31.300	13.718
8000000	7.450	16.637	0.2335	1.2624	0.3917	2.2167	0.3457	0.2423	0.1900	0.2220	0.3774	0.1974	0.1794	0.2458	2.095E-3	1.461E-3	3.4178E-3	1.892E-3	3.0708E-3	2.4229E-3	2.4209E-3	2.0416E-3	100.709	718.375	3945.090	53.471	64.657	17.531	83.213	49.970	83.960	30.799	15.099
9000000	8.934	17.399	0.2321	1.2914	0.4049	2.1903	0.3556	0.2438	0.1888	0.2118	0.3780	0.1935	0.1810	0.2475	2.2974E-3	1.6617E-3	2.7606E-3	1.8485E-3	3.2876E-3	2.5614E-3	2.5109E-3	2.1788E-3	31.795	1131.492	4724.161	49.666	64.849	18.181	83.074	47.910	83.227	30.867	14.946
10000000	8.396	16.750	0.2089	1.2858	0.4001	2.1999	0.3532	0.2453	0.1839	0.2176	0.3733	0.1957	0.1775	0.2535	2.0887E-3	1.5055E-3	2.6571E-3	1.9052E-3	3.0571E-3	2.4009E-3	2.6551E-3	2.2071E-3	35.665	1026.398	4633.555	51.697	68.803	18.814	82.059	49.492	83.213	32.358	15.393
11000000	7.961	15.685	0.2311	1.2538	0.4093	2.1814	0.3408	0.2416	0.2011	0.2165	0.3737	0.1955	0.1839	0.2469	2.3067E-3	1.5912E-3	2.5573E-3	1.9685E-3	3.1993E-3	2.5748E-3	2.4536E-3	3.0746E-3	34.783	931.890	4350.232	51.450	67.890	18.907	81.912	48.893	84.401	31.346	14.624
12000000	8.245	16.548	0.2133	1.2276	0.4125	2.1751	0.3457	0.2448	0.1855	0.2240	0.3763	0.1971	0.1853	0.2413	2.1696E-3	1.4441E-3	3.7998E-3	1.8368E-3	2.8397E-3	2.3749E-3	2.5106E-3	2.8061E-3	93.153	1101.623	4722.724	51.842	66.425	17.478	82.210	47.822	83.726	31.167	13.875
13000000	7.885	15.800	0.2221	1.3277	0.4172	2.1656	0.3445	0.2445	0.1880	0.2230	0.3738	0.1905	0.1879	0.2478	2.2797E-3	1.448E-3	3.1575E-3	1.878E-3	3.4005E-3	2.8134E-3	2.5677E-3	2.8603E-3	41.170	879.876	4266.443	52.491	66.908	17.767	82.132	49.514	83.994	30.891	14.478
14000000	8.959	17.048	0.2151	1.2954	0.4156	2.1688	0.3401	0.2508	0.1841	0.2250	0.3783	0.1902	0.1774	0.2541	2.136E-3	1.6059E-3	2.7539E-3	1.8018E-3	2.7677E-3	2.5871E-3	2.3816E-3	2.4074E-3	62.957	1059.130	4650.544	50.784	66.260	18.186	83.687	48.931	82.822	31.165	14.416
15000000	8.686	16.155	0.2310	1.2168	0.4086	2.1828	0.3523	0.2500	0.1868	0.2109	0.3900	0.1880	0.1799	0.2421	2.0922E-3	1.6115E-3	2.8138E-3	1.7322E-3	3.2389E-3	2.3233E-3	2.3E-3	2.5717E-3	63.087	1008.753	4535.594	50.896	63.443	17.880	83.037	47.839	82.500	31.351	14.228
16000000	7.497	16.240	0.2201	1.2871	0.4010	2.1979	0.3478	0.2359	0.1940	0.2222	0.3837	0.1912	0.1824	0.2427	2.1855E-3	1.4593E-3	2.4996E-3	1.7785E-3	2.9219E-3	2.5516E-3	2.5401E-3	3.0198E-3	1132.685	838.361	4189.279	52.824	66.761	18.447	82.984	49.410	83.835	31.066	14.714
17000000	7.481	17.092	0.2363	1.1475	0.4231	2.1539	0.3452	0.2371	0.2007	0.2171	0.3798	0.1947	0.1789	0.2466	2.2434E-3	1.5504E-3	2.5588E-3	1.8359E-3	3.0153E-3	2.6096E-3	2.5023E-3	2.4839E-3	64.128	721.652	3920.290	51.625	69.403	18.292	82.038	48.857	82.898	32.095	15.049
18000000	8.409	16.586	0.2336	1.1376	0.4084	2.1832	0.3579	0.2493	0.1822	0.2107	0.3715	0.1986	0.1845	0.2454	2.1217E-3	1.4905E-3	3.2143E-3	1.9865E-3	2.9452E-3	2.5907E-3	2.0666E-3	2.3217E-3	89.473	1039.760	4632.864	50.871	65.220	17.775	82.841	49.644	83.627	31.647	15.097
19000000	8.964	17.709	0.2307	1.2094	0.4000	2.2000	0.3459	0.2511	0.1844	0.2185	0.3815	0.1952	0.1783	0.2451	2.1002E-3	1.2921E-3	2.3921E-3	1.7861E-3	3.1477E-3	2.4934E-3	2.1615E-3	2.386E-3	40.423	1080.751	4679.068	53.373	66.517	18.377	84.055	48.781	83.781	31.218	14.571
20000000	8.794	16.921	0.2244	1.3063	0.4084	2.1832	0.3398	0.2499	0.1950	0.2153	0.3780	0.1890	0.1797	0.2532	2.1026E-3	1.6081E-3	2.7225E-3	1.8888E-3	3.3124E-3	2.4545E-3	2.4872E-3	2.7761E-3	29.157	969.837	4427.918	50.135	66.131	17.411	82.157	48.497	83.994	31.594	14.685
21000000	8.264	16.983	0.2303	1.3285	0.3927	2.2145	0.3495	0.2540	0.1888	0.2077	0.3767	0.1937	0.1797	0.2499	2.1781E-3	1.5971E-3	2.877E-3	1.9117E-3	2.9685E-3	2.5514E-3	2.205E-3	2.7938E-3	38.314	925.894	4355.175	51.430	64.426	18.021	81.531	50.642	83.231	31.093	14.373
22000000	7.596	16.801	0.2123	1.2347	0.4246	2.1507	0.3592	0.2411	0.1937	0.2061	0.3807	0.1941	0.1779	0.2473	2.1474E-3	1.435E-3	2.5693E-3	1.8691E-3	3.1383E-3	2.4055E-3	2.1484E-3	2.311E-3	35.079	962.273	4456.677	53.014	68.964	18.276	82.133	49.039	83.311	31.485	14.937
23000000	8.388	16.806	0.2205	1.2292	0.3919	2.2161	0.3652	0.2431	0.1861	0.2056	0.3782	0.1912	0.1804	0.2502	2.1531E-3	1.4531E-3	2.7969E-3	1.7467E-3	2.9742E-3	2.4594E-3	2.3819E-3	2.4023E-3	116.834	887.669	4290.821	53.663	67.880	17.991	83.718	50.092	83.449	31.541	14.305
24000000	9.205	16.854	0.2156	1.1898	0.3810	2.2380	0.3520	0.2472	0.1831	0.2177	0.3834	0.1944	0.1854	0.2368	2.2467E-3	1.6509E-3	2.5488E-3	1.8611E-3	2.7889E-3	2.4266E-3	2.5254E-3	2.4248E-3	153.665	978.829	4397.555	51.045	65.305	17.553	83.361	47.892	83.107	31.038	14.132
25000000	8.279	16.048	0.2133	1.3096	0.3952	2.2097	0.3544	0.2496	0.1814	0.2146	0.3659	0.1931	0.1881	0.2530	2.2147E-3	1.648E-3	2.6522E-3	1.7036E-3	3.0998E-3	2.7178E-3	2.0781E-3	2.1153E-3	533.001	1115.422	4735.438	50.745	65.945	17.763	83.667	50.943	83.565	31.463	15.501
26000000	8.813	17.222	0.2288	1.2336	0.3856	2.2288	0.3586	0.2506	0.1778	0.2130	0.3854	0.1873	0.1822	0.2451	2.2398E-3	1.5468E-3	2.8794E-3	1.8595E-3	3.4427E-3	2.5859E-3	2.3742E-3	2.7689E-3	45.997	832.081	4116.797	51.858	66.605	17.395	81.551	46.773	83.547	30.979	14.058
27000000	7.974	16.457	0.2013	1.1743	0.4104	2.1793	0.3591	0.2463	0.1971	0.1974	0.3808	0.1944	0.1781	0.2468	2.3003E-3	1.6023E-3	2.7639E-3	1.8183E-3	3.5166E-3	2.385E-3	2.5604E-3	2.6702E-3	254.503	939.035	4322.381	52.121	67.129	18.323	83.037	46.337	83.039	31.829	14.259
28000000	7.969	16.911	0.2198	1.1932	0.4037	2.1927	0.3578	0.2472	0.1857	0.2093	0.3810	0.1907	0.1807	0.2476	2.1227E-3	1.555E-3	2.6346E-3	1.7776E-3	3.1133E-3	2.4115E-3	2.4506E-3	2.2081E-3	359.719	922.736	4350.965	51.055	65.658	18.099	83.710	47.580	83.144	31.334	15.110
29000000	8.010	15.154	0.2179	1.2261	0.3778	2.2444	0.3562	0.2454	0.1901	0.2083	0.3646	0.1931	0.1886	0.2537	2.2128E-3	1.5038E-3	3.4739E-3	1.8223E-3	3.2469E-3	2.5567E-3	2.4108E-3	2.3701E-3	20.115	882.060	4300.692	52.333	64.618	17.809	84.742	48.222	84.113	31.697	15.367
30000000	8.002	16.622	0.2239	1.2876	0.4161	2.1679	0.3625	0.2415	0.1718	0.2241	0.3699	0.1965	0.1825	0.2510	2.1919E-3	1.4974E-3	2.9367E-3	1.8968E-3	2.9647E-3	2.3769E-3	2.1615E-3	2.2289E-3	88.422	1137.736	4793.479	52.686	68.054	17.918	82.424	49.568	84.479	32.552	14.974
31000000	8.589	16.379	0.2225	1.2877	0.3807	2.2385	0.3434	0.2422	0.2012	0.2133	0.3709	0.1983	0.1842	0.2466	2.23E-3	1.5668E-3	3.0178E-3	1.7548E-3	3.0399E-3	2.5973E-3	2.4809E-3	2.509E-3	18.199	799.989	4073.113	51.539	66.888	17.940	82.403	48.573	82.776	31.256	14.870
32000000	8.864	16.982	0.2230	1.1984	0.4011	2.1977	0.3468	0.2456	0.1919	0.2157	0.3850	0.1897	0.1823	0.2430	2.2755E-3	1.6071E-3	2.9214E-3	1.8255E-3	3.3195E-3	2.4598E-3	2.1187E-3	2.5916E-3	48.320	834.762	4157.996	51.049	65.965	17.898	83.331	49.136	83.606	31.759	14.902
33000000	9.079	16.443	0.2217	1.1582	0.4158	2.1683	0.3455	0.2501	0.1849	0.2196	0.3806	0.1907	0.1828	0.2460	2.2105E-3	1.5108E-3	3.348E-3	1.9541E-3	2.9834E-3	2.4893E-3	1.9781E-3	2.6354E-3	58.663	772.509	4036.609	52.161	66.145	17.941	81.547	51.772	83.533	31.602	14.684
34000000	8.293	18.294	0.2211	1.2725	0.4178	2.1644	0.3644	0.2288	0.1841	0.2228	0.3828	0.1985	0.1808	0.2380	2.2168E-3	1.4581E-3	3.206E-3	1.8203E-3	2.9271E-3	2.3266E-3	2.3215E-3	2.5946E-3	31.922	1016.141	4508.650	52.102	67.884	18.017	82.141	49.574	83.382	30.971	14.388
35000000	7.586	17.804	0.2346	1.2998	0.3943	2.2115	0.3435	0.2401	0.1914	0.2250	0.3727	0.1974	0.1811	0.2488	2.2668E-3	1.4838E-3	2.8176E-3	1.9427E-3	3.1638E-3	2.3122E-3	2.3824E-3	2.6676E-3	57.005	832.169	4151.789	52.179	68.210	18.019	82.452	48.305	82.879	30.870	14.140
36000000	8.490	16.235	0.2249	1.3123	0.3933	2.2135	0.3419	0.2440	0.1849	0.2292	0.3680	0.2023	0.1820	0.2477	2.2169E-3	1.4452E-3	3.3858E-3	1.8416E-3	2.8189E-3	2.3941E-3	2.5611E-3	2.1185E-3	71.074	914.310	4306.173	51.483	67.698	17.776	82.710	50.253	83.009	31.623	15.204
37000000	8.200	16.997	0.2284	1.2270	0.3872	2.2256	0.3410	0.2540	0.1862	0.2188	0.3799	0.1945	0.1750	0.2505	2.1877E-3	1.5878E-3	3.4177E-3	1.7867E-3	3.153E-3	2.3845E-3	2.14E-3	2.7798E-3	28.484	1027.426	4512.077	52.616	67.197	17.748	83.240	47.198	82.648	31.310	13.764
38000000	8.939	16.879	0.2238	1.2571	0.3761	2.2478	0.3485	0.2577	0.1768	0.2171	0.3683	0.2023	0.1826	0.2467	2.22E-3	1.433E-3	2.7541E-3	1.8666E-3	3.2357E-3	2.4283E-3	2.2572E-3	2.2387E-3	137.347	893.122	4292.941	52.491	69.434	18.426	82.589	48.550	83.209	32.047	14.561
39000000	8.966	16.611	0.2394	1.1738	0.3903	2.2194	0.3484	0.2521	0.1874	0.2120	0.3830	0.1899	0.1801	0.2470	2.2118E-3	1.6128E-3	2.9668E-3	1.8826E-3	3.4325E-3	2.4273E-3	2.1352E-3	2.7858E-3	20.814	782.884	3985.408	51.654	63.122	17.752	81.888	47.748	82.854	31.336	14.214
40000000	8.168	16.645	0.2155	1.3204	0.4220	2.1560	0.3530	0.2363	0.1919	0.2189	0.3856	0.1880	0.1808	0.2455	2.1836E-3	1.5144E-3	2.9217E-3	1.9223E-3	3.1989E-3	2.5291E-3	2.5883E-3	2.8834E-3	17.485	1125.082	4751.181	52.247	68.208	18.046	82.723	48.427	83.404	31.021	14.122
41000000	8.376	16.862	0.2324	1.1891	0.4135	2.1731	0.3413	0.2423	0.1860	0.2305	0.3705	0.1932	0.1815	0.2549	2.3011E-3	1.7759E-3	3.2191E-3	1.8418E-3	3.4036E-3	2.3729E-3	2.4041E-3	2.1863E-3	235.570	756.204	3966.549	50.698	64.233	17.752	83.500	47.809	83.533	31.575	15.198
42000000	8.332	17.284	0.2250	1.2814	0.3947	2.2105	0.3342	0.2577	0.1899	0.2182	0.3742	0.2019	0.1802	0.2437	2.1262E-3	1.6881E-3	3.2418E-3	1.8236E-3	3.1483E-3	2.497E-3	3.0992E-3	2.9529E-3	49.972	1068.598	4683.684	50.868	66.286	17.650	82.488	49.957	83.970	30.548	14.132
43000000	8.101	16.884	0.2260	1.2751	0.3849	2.2302	0.3515	0.2534	0.1828	0.2124	0.3660	0.2029	0.1800	0.2511	2.2054E-3	1.5658E-3	3.3109E-3	1.8612E-3	3.1052E-3	2.4808E-3	2.4621E-3	2.6445E-3	33.074	995.309	4526.069	50.934	65.684	17.774	82.660	49.366	83.372	30.505	14.976
44000000	8.026	16.455	0.2269	1.3439	0.4157	2.1686	0.3572	0.2470	0.1857	0.2101	0.3771	0.1948	0.1853	0.2427	2.2225E-3	1.3728E-3	2.8243E-3	1.8948E-3	3.1006E-3	2.6133E-3	2.5981E-3	2.5762E-3	21.263	854.947	4193.593	52.225	68.188	17.564	82.534	49.412	83.350	30.553	14.785
45000000	8.572	15.332	0.2167	1.2997	0.3942	2.2117	0.3578	0.2433	0.1867	0.2121	0.3784	0.1851	0.1879	0.2485	2.2369E-3	1.8264E-3	2.8025E-3	1.8273E-3	3.1188E-3	2.6162E-3	2.4494E-3	2.1745E-3	128.814	991.859	4477.022	51.070	63.127	18.108	81.675	48.355	83.998	31.196	15.097
46000000	8.966	16.988	0.2146	1.2780	0.4158	2.1684	0.3424	0.2582	0.1794	0.2201	0.3876	0.1897	0.1830	0.2398	2.1697E-3	1.6737E-3	3.2862E-3	1.7728E-3	3.0552E-3	2.5629E-3	2.4494E-3	2.9365E-3	209.069	925.526	4341.193	50.542	64.121	17.997	82.833	48.130	82.986	31.576	13.523
47000000	8.224	16.714	0.2245	1.1289	0.3910	2.2181	0.3450	0.2395	0.1938	0.2218	0.3724	0.1970	0.1809	0.2497	2.2388E-3	1.4855E-3	2.8313E-3	1.7954E-3	2.8784E-3	2.4708E-3	2.277E-3	2.5787E-3	15.204	847.796	4219.204	51.689	68.865	17.969	81.914	49.363	83.698	32.197	14.813
48000000	8.701	16.354	0.2240	1.1765	0.4048	2.1904	0.3495	0.2398	0.1863	0.2244	0.3761	0.1973	0.1836	0.2429	2.2574E-3	1.49E-3	2.567E-3	1.8005E-3	3.2362E-3	2.6845E-3	2.3992E-3	1.9853E-3	423.237	854.425	4201.250	51.391	65.395	17.220	83.348	47.326	82.931	31.198	15.561
49000000	7.662	17.326	0.2176	1.3584	0.3931	2.2137	0.3389	0.2531	0.1869	0.2211	0.3747	0.1938	0.1793	0.2522	2.2442E-3	1.5471E-3	3.5201E-3	1.911E-3	3.0162E-3	2.4864E-3	2.3027E-3	2.4505E-3	39.609	900.996	4297.296	51.135	67.830	18.691	81.794	51.014	83.511	31.760	15.249
50000000	8.779	17.068	0.2172	1.3100	0.3838	2.2325	0.3515	0.2361	0.1966	0.2159	0.3858	0.1925	0.1832	0.2385	2.1661E-3	1.5894E-3	2.5012E-3	1.8378E-3	2.9639E-3	2.6503E-3	2.5459E-3	2.1076E-3	40.596	808.680	4110.031	51.514	65.938	17.553	84.241	49.493	84.304	31.793	14.972
51000000	8.449	16.444	0.2165	1.1920	0.3928	2.2143	0.3526	0.2505	0.1842	0.2128	0.3802	0.1991	0.1796	0.2411	2.161E-3	1.5971E-3	2.9078E-3	1.8155E-3	3.018E-3	2.4046E-3	2.4737E-3	3.0702E-3	179.324	867.830	4264.475	50.248	65.374	18.056	83.587	49.580	83.562	32.216	14.057
52000000	8.211	16.860	0.2132	1.2607	0.3865	2.2270	0.3401	0.2538	0.1874	0.2188	0.3756	0.1922	0.1855	0.2468	2.1619E-3	1.4255E-3	3.5357E-3	1.852E-3	3.3381E-3	2.4923E-3	2.564E-3	2.3067E-3	177.200	938.484	4370.175	52.843	73.146	17.617	82.490	47.100	83.786	30.649	14.673
53000000	7.743	17.641	0.2254	1.2492	0.3787	2.2426	0.3547	0.2525	0.1907	0.2021	0.3698	0.1951	0.1851	0.2500	2.1769E-3	1.5725E-3	2.9539E-3	1.8308E-3	3.06E-3	2.5822E-3	2.3245E-3	2.3479E-3	58.340	963.961	4407.021	51.413	65.348	17.620	81.997	49.325	83.241	30.905	14.209
54000000	7.742	16.731	0.2327	1.2077	0.3984	2.2033	0.3523	0.2503	0.1860	0.2113	0.3765	0.1919	0.1769	0.2547	2.1666E-3	1.3624E-3	2.5655E-3	1.6601E-3	3.1173E-3	2.2879E-3	2.2461E-3	2.5541E-3	39.672	800.106	4108.479	51.316	72.048	18.544	82.756	48.197	84.125	31.202	14.407
55000000	8.585	17.216	0.2162	1.3288	0.4091	2.1819	0.3446	0.2570	0.1895	0.2089	0.3713	0.1994	0.1729	0.2564	2.1528E-3	1.5158E-3	2.9358E-3	1.9418E-3	2.9477E-3	2.3472E-3	2.5589E-3	2.531E-3	18.159	1086.117	4676.054	51.936	64.031	18.243	82.270	48.858	83.366	31.071	14.501
56000000	8.057	16.690	0.2207	1.2605	0.3765	2.2471	0.3498	0.2317	0.1819	0.2366	0.3665	0.1993	0.1781	0.2560	2.1737E-3	1.2819E-3	2.5331E-3	1.8631E-3	2.9983E-3	2.4607E-3	2.5918E-3	3.0378E-3	20.775	922.073	4383.478	52.023	70.791	17.397	82.787	48.703	83.870	30.890	13.876
57000000	7.862	16.720	0.2316	1.1835	0.4115	2.1770	0.3572	0.2358	0.1908	0.2162	0.3843	0.1930	0.1772	0.2454	2.206E-3	1.4449E-3	3.0087E-3	1.7226E-3	3.1114E-3	2.7494E-3	2.1064E-3	2.053E-3	54.548	823.752	4140.659	51.836	66.719	17.736	84.589	49.539	82.401	31.368	15.257
58000000	8.667	15.355	0.2154	1.2677	0.3562	2.2877	0.3511	0.2455	0.1964	0.2070	0.3750	0.1893	0.1821	0.2536	2.1643E-3	1.42E-3	3.1059E-3	1.842E-3	3.3413E-3	2.4109E-3	2.4895E-3	2.2628E-3	181.740	851.288	4190.117	52.513	66.388	17.794	82.835	48.932	84.170	31.603	15.283
59000000	8.047	17.120	0.2231	1.2455	0.3931	2.2139	0.3518	0.2432	0.1811	0.2239	0.3729	0.1952	0.1766	0.2554	2.152E-3	1.5815E-3	2.597E-3	1.7738E-3	3.0233E-3	2.6764E-3	2.5289E-3	2.4681E-3	95.046	896.719	4325.651	51.539	66.245	18.323	82.936	47.939	82.681	31.200	14.877
60000000	8.442	16.241	0.2209	1.1667	0.3949	2.2102	0.3503	0.2579	0.1832	0.2087	0.3734	0.1927	0.1834	0.2505	2.2103E-3	1.3986E-3	3.3551E-3	1.8742E-3	2.908E-3	2.3818E-3	2.6161E-3	2.5624E-3	30.413	952.532	4378.367	51.417	70.177	17.820	83.834	47.977	83.860	30.777	14.849
61000000	7.884	17.151	0.2153	1.1635	0.4133	2.1735	0.3559	0.2363	0.1914	0.2164	0.3734	0.1974	0.1823	0.2470	2.1136E-3	1.3978E-3	2.8923E-3	1.8147E-3	3.0467E-3	2.2974E-3	2.6969E-3	2.8578E-3	61.764	854.771	4258.587	55.111	66.035	18.090	82.574	48.955	84.696	30.795	13.639
62000000	8.240	15.891	0.2179	1.2173	0.4092	2.1817	0.3461	0.2382	0.1985	0.2173	0.3800	0.1968	0.1777	0.2455	2.2736E-3	1.584E-3	3.2843E-3	1.8917E-3	2.9201E-3	2.4857E-3	2.3758E-3	2.7971E-3	99.461	867.901	4231.759	49.809	67.204	17.842	82.658	49.710	82.876	31.686	14.376
63000000	8.404	16.312	0.2106	1.1244	0.4233	2.1534	0.3478	0.2385	0.1876	0.2261	0.3770	0.1964	0.1786	0.2480	2.1205E-3	1.4398E-3	2.9868E-3	1.7072E-3	2.9613E-3	2.4592E-3	2.6798E-3	2.3845E-3	45.361	1008.548	4506.283	51.106	69.169	18.122	83.376	47.920	83.270	30.899	14.510
64000000	8.956	17.489	0.2332	1.1270	0.3819	2.2362	0.3582	0.2444	0.1805	0.2168	0.3743	0.1960	0.1829	0.2468	2.2136E-3	1.5646E-3	3.2887E-3	1.7427E-3	3.1108E-3	2.4805E-3	2.231E-3	2.545E-3	89.514	934.162	4382.292	51.941	66.166	17.547	83.102	50.102	83.009	31.914	14.755
65000000	9.013	16.810	0.2331	1.1999	0.3883	2.2235	0.3638	0.2390	0.1811	0.2162	0.3793	0.1930	0.1777	0.2500	2.1631E-3	1.4363E-3	3.1383E-3	2.0196E-3	3.3906E-3	2.565E-3	2.3302E-3	2.686E-3	169.187	873.061	4207.358	51.841	68.907	17.974	81.861	48.671	83.794	31.577	14.768
66000000	8.332	15.878	0.2211	1.3488	0.3687	2.2626	0.3576	0.2422	0.1884	0.2117	0.3721	0.2048	0.1798	0.2434	2.1392E-3	1.5367E-3	3.231E-3	1.8429E-3	3.0838E-3	2.327E-3	2.2938E-3	2.6524E-3	56.579	912.933	4314.035	52.696	68.543	18.194	83.075	50.323	83.263	30.860	14.669
67000000	7.919	16.369	0.2144	1.2551	0.3891	2.2219	0.3552	0.2345	0.2024	0.2079	0.3695	0.1983	0.1795	0.2527	2.3776E-3	1.4516E-3	2.6897E-3	1.8725E-3	3.2665E-3	2.6052E-3	2.3286E-3	2.7395E-3	48.033	760.452	4002.982	54.731	65.861	17.935	82.841	48.718	83.722	31.762	13.930
68000000	8.562	16.220	0.2162	1.1906	0.4033	2.1934	0.3691	0.2487	0.1812	0.2010	0.3743	0.1896	0.1814	0.2547	2.1663E-3	1.5519E-3	3.0866E-3	1.7796E-3	3.0812E-3	2.5047E-3	2.3424E-3	2.1201E-3	191.017	980.616	4472.974	51.493	68.991	18.091	83.286	49.619	83.455	31.267	14.698
69000000	8.542	16.597	0.2174	1.2247	0.4146	2.1707	0.3561	0.2455	0.1861	0.2124	0.3777	0.1980	0.1838	0.2405	2.1158E-3	1.4445E-3	2.9005E-3	1.6559E-3	2.9042E-3	2.5552E-3	2.1807E-3	2.5843E-3	39.151	928.931	4386.441	51.668	68.690	18.061	83.352	51.104	82.666	30.827	14.710
70000000	8.649	16.599	0.2360	1.2575	0.4044	2.1913	0.3590	0.2461	0.1753	0.2196	0.3807	0.1921	0.1846	0.2425	2.1701E-3	1.5208E-3	2.9354E-3	1.7874E-3	2.5198E-3	2.3359E-3	2.5134E-3	2.443E-3	250.029	852.231	4257.461	52.255	65.775	17.758	83.763	51.099	83.333	31.111	14.527
71000000	7.604	16.465	0.2164	1.3816	0.3891	2.2219	0.3531	0.2312	0.1931	0.2226	0.3711	0.1917	0.1851	0.2521	2.2334E-3	1.4566E-3	3.1842E-3	1.908E-3	3.1389E-3	2.6637E-3	1.9234E-3	2.6473E-3	33.605	863.647	4203.469	51.393	67.708	17.793	81.533	49.982	83.657	32.552	14.039
72000000	8.686	16.665	0.2177	1.2084	0.4006	2.1988	0.3546	0.2339	0.1950	0.2165	0.3756	0.2006	0.1743	0.2495	2.157E-3	1.4798E-3	3.6354E-3	1.8671E-3	3.1008E-3	2.2893E-3	2.6272E-3	1.9649E-3	39.597	885.266	4305.176	52.643	67.420	17.366	83.345	47.691	84.806	31.878	15.454
73000000	8.177	17.175	0.2210	1.2524	0.3676	2.2648	0.3423	0.2554	0.1750	0.2273	0.3739	0.1922	0.1824	0.2515	2.1317E-3	1.4582E-3	2.7847E-3	1.828E-3	2.9203E-3	2.33E-3	2.429E-3	2.5068E-3	26.849	981.272	4446.814	51.642	64.391	18.715	82.100	49.650	84.048	31.410	14.334
74000000	7.552	17.539	0.2272	1.4131	0.3981	2.2039	0.3541	0.2585	0.1817	0.2057	0.3805	0.1941	0.1805	0.2448	2.2595E-3	1.7107E-3	2.9909E-3	1.9939E-3	3.0473E-3	2.4486E-3	2.5255E-3	2.6435E-3	38.818	883.989	4243.062	51.266	64.997	17.679	80.927	48.616	83.724	30.750	14.578
75000000	7.942	15.933	0.2319	1.1994	0.4153	2.1693	0.3441	0.2424	0.1842	0.2292	0.3765	0.1998	0.1787	0.2450	2.1959E-3	1.4477E-3	3.2579E-3	1.768E-3	3.1812E-3	2.4199E-3	2.4233E-3	2.2373E-3	87.121	991.105	4501.762	50.364	67.312	17.995	83.886	46.619	83.311	32.017	14.731
76000000	6.953	16.606	0.2413	1.3355	0.3931	2.2138	0.3459	0.2641	0.1931	0.1970	0.3797	0.2003	0.1746	0.2454	2.1771E-3	1.3493E-3	2.1823E-3	2.0356E-3	3.1507E-3	2.4887E-3	2.4333E-3	2.6377E-3	18.431	856.889	4259.407	52.435	68.512	18.568	81.443	48.851	83.944	30.883	13.651
77000000	7.991	16.068	0.2168	1.1900	0.4247	2.1505	0.3636	0.2357	0.1836	0.2171	0.3852	0.1933	0.1789	0.2425	2.204E-3	1.4783E-3	3.7124E-3	1.7428E-3	3.3969E-3	2.3465E-3	2.6443E-3	2.4677E-3	23.377	1086.855	4652.112	51.214	66.392	17.365	83.327	48.367	83.100	31.366	14.488
78000000	8.260	16.252	0.2323	1.2098	0.3990	2.2021	0.3659	0.2362	0.1807	0.2172	0.3678	0.1983	0.1819	0.2521	2.0367E-3	1.4377E-3	2.8374E-3	1.8877E-3	2.6356E-3	2.3329E-3	2.4897E-3	2.871E-3	34.810	962.106	4474.074	51.437	66.714	18.039	82.108	51.951	83.016	31.374	13.898
79000000	8.979	16.210	0.2156	1.2282	0.3712	2.2576	0.3374	0.2599	0.1976	0.2051	0.3777	0.2001	0.1804	0.2418	2.1144E-3	1.396E-3	2.5487E-3	1.7953E-3	3.0976E-3	2.4236E-3	2.1966E-3	2.7458E-3	116.112	994.375	4470.981	51.582	66.867	17.532	81.819	48.968	82.347	31.114	14.266
80000000	8.364	16.486	0.2155	1.1767	0.3969	2.2062	0.3515	0.2423	0.1950	0.2112	0.3780	0.1907	0.1814	0.2499	2.1893E-3	1.4779E-3	2.935E-3	1.8414E-3	3.0439E-3	2.4647E-3	2.6724E-3	2.5149E-3	91.944	1069.469	4644.141	51.032	66.923	18.288	83.353	49.395	84.106	30.566	14.546
81000000	7.673	17.342	0.2054	1.2284	0.3824	2.2352	0.3598	0.2491	0.1753	0.2158	0.3752	0.1925	0.1815	0.2508	2.152E-3	1.5853E-3	2.9226E-3	1.8406E-3	3.4354E-3	2.3338E-3	2.329E-3	2.4983E-3	66.744	963.152	4432.877	51.401	67.814	18.204	82.652	45.700	84.174	31.263	14.633
82000000	7.678	16.343	0.2405	1.2658	0.3950	2.2100	0.3554	0.2430	0.1906	0.2110	0.3735	0.1961	0.1815	0.2489	2.1841E-3	1.5406E-3	2.8123E-3	1.908E-3	3.1712E-3	2.5293E-3	2.4846E-3	2.3805E-3	35.889	795.485	4109.453	51.089	67.035	18.328	82.102	50.166	83.189	31.213	14.888
83000000	8.082	16.460	0.2162	1.3224	0.3825	2.2350	0.3495	0.2413	0.1991	0.2100	0.3761	0.1926	0.1812	0.2501	2.3072E-3	1.6844E-3	3.0951E-3	1.7775E-3	3.2634E-3	2.6757E-3	2.5269E-3	2.9671E-3	61.889	982.479	4427.521	51.048	64.895	17.523	85.372	48.553	82.177	31.453	14.541
84000000	7.726	16.413	0.2428	1.2537	0.3948	2.2103	0.3573	0.2458	0.1805	0.2164	0.3687	0.2035	0.1809	0.2469	2.1671E-3	1.5353E-3	2.8791E-3	1.9079E-3	3.0275E-3	2.355E-3	2.8221E-3	2.6623E-3	45.567	739.771	3946.692	51.722	66.096	18.090	82.183	49.028	83.692	30.579	14.059
85000000	7.863	16.799	0.2308	1.2293	0.3886	2.2227	0.3693	0.2481	0.1826	0.2001	0.3728	0.1996	0.1744	0.2532	2.165E-3	1.5328E-3	3.155E-3	1.7676E-3	3.1046E-3	2.3889E-3	2.2742E-3	2.4541E-3	181.427	858.760	4147.795	51.022	62.220	17.950	81.943	47.318	83.904	31.548	14.217
86000000	8.682	17.120	0.2102	1.1794	0.3866	2.2268	0.3485	0.2413	0.1863	0.2239	0.3807	0.1923	0.1805	0.2465	2.1497E-3	1.4541E-3	3.3497E-3	1.8255E-3	3.0888E-3	2.4194E-3	2.2102E-3	2.2753E-3	92.826	1186.652	4902.133	50.538	68.442	17.896	82.425	49.010	84.163	31.232	15.207
87000000	8.051	16.821	0.2289	1.3623	0.3947	2.2105	0.3454	0.2398	0.1987	0.2161	0.3760	0.1985	0.1816	0.2439	2.2464E-3	1.6149E-3	3.1026E-3	1.8797E-3	2.8695E-3	2.4E-3	2.5833E-3	2.4874E-3	1942.642	936.218	4328.291	49.996	65.889	17.761	83.279	50.658	82.701	30.941	14.678
88000000	8.326	17.418	0.2235	1.2812	0.3801	2.2398	0.3563	0.2538	0.1869	0.2030	0.3737	0.1987	0.1824	0.2452	2.2135E-3	1.4604E-3	2.8665E-3	1.9224E-3	2.9313E-3	2.5123E-3	2.4167E-3	2.2976E-3	106.209	1218.067	4944.200	51.195	68.831	18.352	81.950	49.350	84.165	31.931	14.497
89000000	7.652	15.989	0.2272	1.2795	0.4011	2.1979	0.3413	0.2418	0.1908	0.2261	0.3720	0.1936	0.1884	0.2460	2.1564E-3	1.5163E-3	3.3757E-3	1.8563E-3	3.0838E-3	2.4382E-3	2.5407E-3	2.2841E-3	15.806	817.874	4123.957	51.863	65.223	17.336	84.494	51.786	84.661	31.052	15.077
90000000	7.970	15.935	0.2269	1.1632	0.4176	2.1647	0.3451	0.2555	0.1857	0.2137	0.3872	0.1945	0.1785	0.2397	2.1398E-3	1.3851E-3	2.7345E-3	1.8311E-3	2.7775E-3	2.3202E-3	2.433E-3	2.5601E-3	59.838	918.642	4306.162	52.277	66.363	17.846	82.620	49.065	84.506	31.738	15.092
91000000	7.791	16.710	0.2298	1.2612	0.3897	2.2207	0.3573	0.2300	0.1943	0.2184	0.3704	0.1913	0.1853	0.2530	2.1527E-3	1.5544E-3	2.7123E-3	1.7881E-3	3.0564E-3	2.4081E-3	2.4068E-3	2.3477E-3	33.054	792.192	4114.297	52.831	65.277	17.734	81.410	49.570	83.515	31.054	14.612
92000000	8.421	17.841	0.2171	1.1841	0.4051	2.1898	0.3544	0.2396	0.1816	0.2245	0.3783	0.1911	0.1782	0.2524	2.2182E-3	1.6458E-3	3.1557E-3	1.9223E-3	3.0886E-3	2.2599E-3	2.1752E-3	2.3638E-3	647.789	915.981	4329.391	49.950	67.320	17.356	82.442	49.633	83.770	31.226	14.825
93000000	8.366	15.586	0.2171	1.3341	0.4090	2.1820	0.3593	0.2369	0.1914	0.2125	0.3827	0.1968	0.1780	0.2425	2.1215E-3	1.6362E-3	3.0588E-3	1.8566E-3	3.0427E-3	2.4296E-3	2.6295E-3	2.4858E-3	74.605	1016.602	4561.831	51.203	67.177	17.904	82.299	49.068	84.256	31.403	14.923
94000000	8.476	16.983	0.2410	1.2449	0.4000	2.2000	0.3490	0.2554	0.1907	0.2049	0.3758	0.2008	0.1768	0.2466	2.2051E-3	1.4464E-3	2.7166E-3	1.8192E-3	3.1834E-3	2.5543E-3	2.6645E-3	2.3741E-3	31.835	858.600	4211.560	51.794	68.318	18.284	83.197	50.063	83.685	30.956	14.552
95000000	7.536	16.392	0.2411	1.3291	0.3858	2.2285	0.3473	0.2448	0.1891	0.2189	0.3826	0.1851	0.1876	0.2447	2.2337E-3	1.5793E-3	3.2196E-3	1.926E-3	3.287E-3	2.5036E-3	2.7436E-3	2.4601E-3	132.564	962.401	4358.225	51.032	65.217	17.751	82.690	48.660	84.315	31.105	14.865
96000000	8.577	16.852	0.2170	1.2472	0.4008	2.1984	0.3453	0.2310	0.1997	0.2240	0.3742	0.1918	0.1790	0.2549	2.1795E-3	1.321E-3	2.7196E-3	1.8599E-3	3.0637E-3	2.4871E-3	2.3502E-3	2.8167E-3	144.195	846.253	4236.475	52.759	71.776	18.471	82.851	49.151	83.193	31.544	13.834
97000000	7.908	16.327	0.2116	1.1536	0.3998	2.2003	0.3519	0.2553	0.1819	0.2109	0.3756	0.2026	0.1757	0.2461	2.108E-3	1.4293E-3	2.5709E-3	1.8702E-3	2.8455E-3	2.4321E-3	2.5658E-3	2.4026E-3	38.807	1041.040	4567.434	52.570	71.672	18.143	82.137	49.130	82.906	30.974	15.053
98000000	8.220	15.654	0.2447	1.2973	0.4128	2.1743	0.3387	0.2355	0.1993	0.2265	0.3834	0.1918	0.1809	0.2440	2.2836E-3	1.5865E-3	3.4627E-3	1.8386E-3	2.8367E-3	2.5208E-3	2.2495E-3	2.6926E-3	96.099	787.818	4045.838	52.679	66.521	17.598	82.420	49.751	83.330	31.787	15.136
99000000	8.065	16.888	0.2012	1.2128	0.3871	2.2258	0.3328	0.2392	0.1995	0.2285	0.3767	0.2004	0.1754	0.2475	2.0937E-3	1.5088E-3	2.7451E-3	1.768E-3	3.1165E-3	2.6658E-3	2.3043E-3	2.7284E-3	31.533	941.353	4420.105	51.679	66.834	18.782	82.549	48.486	83.247	30.999	13.937
100000000	7.614	15.822	0.2216	1.2925	0.3675	2.2651	0.3565	0.2390	0.1818	0.2227	0.3806	0.1899	0.1778	0.2517	2.1283E-3	1.3451E-3	3.1904E-3	1.7166E-3	2.8583E-3	2.477E-3	2.3246E-3	2.6583E-3	19.751	928.466	4369.978	52.802	69.578	17.381	81.770	48.276	83.011	31.222	14.780
101000000	8.656	17.474	0.2487	1.3487	0.3734	2.2532	0.3594	0.2415	0.1783	0.2208	0.3781	0.1873	0.1888	0.2458	2.2577E-3	1.5801E-3	3.5514E-3	1.9818E-3	3.1695E-3	2.3465E-3	2.4714E-3	2.5275E-3	39.053	1011.806	4466.808	51.707	65.345	17.514	81.725	48.009	84.895	31.031	14.497
102000000	8.180	16.834	0.2122	1.4331	0.3817	2.2367	0.3598	0.2395	0.1888	0.2119	0.3770	0.1921	0.1823	0.2486	2.1312E-3	1.3913E-3	3.3696E-3	1.7812E-3	3.2785E-3	2.7296E-3	2.358E-3	2.3429E-3	22.952	994.766	4466.261	52.056	68.070	17.533	82.213	48.320	82.972	30.948	14.888
103000000	8.510	16.738	0.2220	1.1809	0.3690	2.2619	0.3596	0.2431	0.1777	0.2196	0.3770	0.1927	0.1804	0.2499	2.0953E-3	1.3675E-3	2.9412E-3	1.8352E-3	3.1377E-3	2.1912E-3	2.3978E-3	2.6494E-3	52.580	822.898	4137.927	53.808	69.581	17.528	82.384	49.553	83.786	30.785	14.156
104000000	8.816	16.385	0.2424	1.3341	0.4164	2.1672	0.3462	0.2547	0.1832	0.2159	0.3797	0.1936	0.1776	0.2491	2.1311E-3	1.5151E-3	2.7341E-3	1.9029E-3	2.8163E-3	2.4162E-3	2.3585E-3	2.3111E-3	313.488	1023.055	4615.046	51.453	68.611	18.282	83.139	50.654	83.750	31.972	15.045
105000000	8.829	16.218	0.2184	1.4014	0.3573	2.2854	0.3487	0.2485	0.1803	0.2225	0.3699	0.1947	0.1819	0.2535	2.1744E-3	1.5032E-3	3.2396E-3	1.8081E-3	2.9835E-3	2.1622E-3	2.4147E-3	2.3873E-3	196.879	893.094	4303.173	51.057	65.570	17.784	81.533	48.005	84.920	30.691	14.917
106000000	8.130	16.759	0.2191	1.2548	0.4020	2.1960	0.3587	0.2358	0.1893	0.2162	0.3774	0.1957	0.1784	0.2484	2.2186E-3	1.4888E-3	3.0978E-3	1.8461E-3	2.9368E-3	2.3793E-3	2.3966E-3	2.0834E-3	81.875	939.448	4394.468	51.151	66.242	17.500	83.818	48.794	82.725	30.779	15.763
107000000	8.492	16.616	0.2192	1.2881	0.3950	2.2099	0.3527	0.2437	0.1804	0.2232	0.3784	0.1972	0.1806	0.2438	2.2346E-3	1.7225E-3	2.8302E-3	1.7569E-3	3.0782E-3	2.417E-3	2.4065E-3	2.2905E-3	203.471	945.640	4346.092	51.401	66.072	18.026	84.222	49.970	83.557	30.977	15.088
108000000	7.281	16.332	0.2216	1.2558	0.4097	2.1806	0.3494	0.2446	0.1880	0.2180	0.3744	0.1966	0.1828	0.2462	2.2126E-3	1.6134E-3	3.0301E-3	1.8583E-3	3.1865E-3	2.4651E-3	2.5511E-3	2.7552E-3	28.667	964.104	4416.202	52.367	66.808	17.289	81.796	48.998	83.093	31.471	14.707
109000000	8.128	16.178	0.2332	1.1596	0.4139	2.1721	0.3568	0.2415	0.1794	0.2222	0.3785	0.1917	0.1841	0.2457	2.1409E-3	1.5537E-3	3.1536E-3	1.7652E-3	2.8833E-3	2.3815E-3	2.3367E-3	2.479E-3	64.587	1028.941	4555.531	52.108	65.244	17.886	83.498	47.540	83.713	31.102	13.994
110000000	7.912	16.274	0.2166	1.3224	0.3807	2.2386	0.3554	0.2442	0.1820	0.2185	0.3800	0.1951	0.1801	0.2448	2.2307E-3	1.6419E-3	3.0963E-3	1.9288E-3	3.1236E-3	2.4126E-3	2.4157E-3	2.1656E-3	37.566	952.727	4370.540	51.513	67.333	17.462	82.945	49.548	82.805	31.536	15.496
111000000	7.945	16.226	0.2160	1.1784	0.3860	2.2280	0.3418	0.2435	0.1875	0.2272	0.3712	0.2012	0.1801	0.2475	2.2221E-3	1.3769E-3	3.0229E-3	1.6579E-3	3.0709E-3	2.5477E-3	2.5806E-3	2.4536E-3	242.510	912.432	4263.673	50.122	68.803	18.656	83.925	49.749	82.666	30.548	14.930
112000000	8.670	17.178	0.2298	1.2832	0.3963	2.2074	0.3388	0.2524	0.1940	0.2148	0.3723	0.1887	0.1846	0.2544	2.0855E-3	1.4778E-3	2.6512E-3	1.7705E-3	2.9502E-3	2.3938E-3	2.8166E-3	2.4491E-3	11.743	909.490	4319.967	51.772	65.806	17.513	83.054	49.950	83.338	30.543	14.224
113000000	8.387	17.039	0.2154	1.1945	0.3993	2.2015	0.3406	0.2471	0.1919	0.2203	0.3772	0.1903	0.1818	0.2506	2.2739E-3	1.5033E-3	2.7354E-3	1.8236E-3	3.105E-3	2.6173E-3	2.3647E-3	2.24E-3	99.231	913.894	4305.463	52.360	67.266	18.213	82.235	48.969	83.029	31.496	15.102
114000000	8.850	16.527	0.2301	1.3394	0.4091	2.1819	0.3607	0.2435	0.1774	0.2184	0.3754	0.1994	0.1818	0.2434	2.2756E-3	1.2262E-3	3.0307E-3	1.8376E-3	3.0646E-3	2.3024E-3	2.3971E-3	2.4685E-3	68.074	953.420	4399.689	52.048	67.700	17.708	83.265	49.239	83.632	31.172	14.748
115000000	7.947	17.539	0.2211	1.1347	0.4104	2.1791	0.3595	0.2266	0.1876	0.2263	0.3884	0.1940	0.1756	0.2420	2.1505E-3	1.4527E-3	3.5619E-3	1.8241E-3	2.8982E-3	2.3624E-3	2.1449E-3	2.2523E-3	32.765	1023.742	4541.227	51.103	66.006	17.397	82.058	48.995	83.159	32.164	14.981
116000000	8.791	17.276	0.2348	1.2891	0.3808	2.2384	0.3393	0.2491	0.1947	0.2168	0.3829	0.1931	0.1848	0.2392	2.2418E-3	1.5592E-3	2.495E-3	1.8346E-3	3.1747E-3	2.4066E-3	2.4633E-3	2.8571E-3	123.795	849.015	4176.542	50.615	66.652	18.807	83.873	49.720	84.239	31.212	13.987
117000000	8.723	16.098	0.2313	1.2449	0.4034	2.1932	0.3290	0.2457	0.1904	0.2349	0.3708	0.1911	0.1761	0.2620	2.3074E-3	1.683E-3	2.9517E-3	1.7612E-3	3.0762E-3	2.5386E-3	2.7332E-3	3.1933E-3	20.177	815.137	4096.692	51.474	65.863	18.097	83.535	51.254	83.825	30.682	14.274
118000000	8.025	17.813	0.2394	1.2161	0.3598	2.2805	0.3538	0.2407	0.1795	0.2261	0.3743	0.1977	0.1772	0.2508	2.1174E-3	1.5625E-3	3.0931E-3	1.834E-3	3.0066E-3	2.2988E-3	2.2691E-3	2.6462E-3	51.628	863.055	4229.744	50.746	64.590	17.371	82.276	50.754	83.979	31.233	14.372
119000000	7.250	16.360	0.2325	1.2140	0.3971	2.2057	0.3563	0.2485	0.1773	0.2179	0.3754	0.1996	0.1791	0.2459	2.1781E-3	1.4832E-3	3.0045E-3	1.8781E-3	3.2448E-3	2.638E-3	2.445E-3	2.481E-3	15.505	906.023	4277.204	53.379	67.589	17.710	84.382	47.546	83.090	31.021	15.022
120000000	8.569	16.561	0.2217	1.1277	0.4090	2.1821	0.3352	0.2632	0.1867	0.2148	0.3841	0.1976	0.1764	0.2418	2.0304E-3	1.3799E-3	3.2143E-3	1.8041E-3	2.8818E-3	2.4928E-3	2.1043E-3	2.5298E-3	18.385	1077.122	4687.208	52.220	69.607	17.653	82.633	49.050	84.063	31.524	14.238
121000000	7.913	17.184	0.2221	1.1910	0.4052	2.1896	0.3492	0.2401	0.1941	0.2166	0.3797	0.1913	0.1789	0.2501	2.0946E-3	1.6561E-3	2.8054E-3	1.8349E-3	3.0555E-3	2.3868E-3	2.3069E-3	2.278E-3	87.701	908.854	4316.028	51.030	66.084	18.038	81.323	48.417	83.704	30.913	14.828
122000000	8.094	16.712	0.2277	1.2465	0.3655	2.2689	0.3588	0.2432	0.1786	0.2194	0.3752	0.1931	0.1898	0.2419	2.1666E-3	1.5161E-3	2.9454E-3	1.7126E-3	3.1088E-3	2.3273E-3	2.2754E-3	2.2092E-3	77.768	1132.634	4733.978	52.079	68.658	18.052	83.258	45.006	82.964	31.866	14.913
123000000	8.034	17.204	0.2361	1.1456	0.3889	2.2221	0.3687	0.2393	0.1696	0.2224	0.3780	0.1934	0.1774	0.2511	2.1029E-3	1.5884E-3	2.711E-3	1.7931E-3	3.2561E-3	2.4414E-3	2.5694E-3	2.5987E-3	30.521	839.605	4185.528	50.791	67.435	17.344	81.858	49.112	83.896	30.988	14.242
124000000	8.767	16.644	0.2437	1.2002	0.4097	2.1806	0.3526	0.2483	0.1915	0.2076	0.3795	0.1975	0.1833	0.2397	2.2323E-3	1.5655E-3	2.889E-3	1.7952E-3	3.0819E-3	2.5326E-3	2.4411E-3	2.4344E-3	152.364	908.984	4294.980	50.995	66.561	17.997	83.135	48.339	83.271	31.057	14.940
125000000	8.350	16.324	0.2466	1.1774	0.3871	2.2258	0.3504	0.2431	0.1817	0.2248	0.3769	0.1963	0.1829	0.2439	2.257E-3	1.5185E-3	4.2123E-3	1.9013E-3	2.9852E-3	2.4002E-3	2.4316E-3	2.5965E-3	45.895	889.454	4259.980	52.632	67.742	17.797	81.156	50.441	83.038	31.068	14.152
126000000	8.764	17.355	0.2134	1.2307	0.4092	2.1815	0.3535	0.2539	0.1858	0.2068	0.3715	0.1937	0.1772	0.2576	2.1849E-3	1.4969E-3	3.4508E-3	1.8356E-3	3.1654E-3	2.2213E-3	2.4593E-3	2.6511E-3	83.348	863.800	4219.184	50.579	65.962	17.584	83.012	49.156	84.659	31.252	14.227
127000000	7.905	15.655	0.2358	1.2143	0.4424	2.1153	0.3486	0.2462	0.1905	0.2148	0.3729	0.1992	0.1820	0.2460	2.2202E-3	1.5489E-3	2.9778E-3	1.8984E-3	3.4815E-3	2.6866E-3	2.5052E-3	2.9517E-3	17.122	904.527	4317.805	51.382	64.365	18.037	82.236	47.788	84.145	31.545	14.558
128000000	7.554	17.315	0.2404	1.2370	0.4131	2.1739	0.3307	0.2323	0.2022	0.2348	0.3787	0.1944	0.1814	0.2455	2.2673E-3	1.7188E-3	3.1773E-3	1.8693E-3	2.9411E-3	2.7113E-3	2.4454E-3	2.3012E-3	254.751	788.609	4070.862	52.725	65.390	18.073	82.038	50.802	83.934	30.853	14.017
129000000	8.209	15.832	0.2339	1.2287	0.4152	2.1696	0.3563	0.2489	0.1860	0.2089	0.3795	0.1925	0.1820	0.2460	2.1704E-3	1.5596E-3	2.6685E-3	1.8097E-3	2.9702E-3	2.6236E-3	2.2742E-3	2.5383E-3	26.495	868.522	4243.038	51.607	65.409	17.892	83.217	50.805	83.304	30.940	14.505
130000000	7.932	16.324	0.2213	1.1433	0.4015	2.1970	0.3416	0.2596	0.1935	0.2053	0.3769	0.1959	0.1744	0.2528	2.0934E-3	1.4908E-3	2.7087E-3	1.7957E-3	2.983E-3	2.4278E-3	2.3826E-3	2.5527E-3	19.440	837.903	4213.204	51.860	68.372	17.355	82.332	50.658	82.925	31.758	14.106
131000000	8.231	16.320	0.2222	1.2536	0.3946	2.2108	0.3497	0.2522	0.1860	0.2121	0.3790	0.1985	0.1820	0.2405	2.1469E-3	1.499E-3	2.6855E-3	1.7797E-3	3.032E-3	2.5671E-3	2.4675E-3	2.8019E-3	84.471	906.636	4275.124	52.290	64.663	18.659	83.356	49.725	83.195	31.658	14.512
132000000	9.428	17.531	0.2072	1.2777	0.4135	2.1729	0.3481	0.2447	0.1915	0.2157	0.3820	0.1932	0.1861	0.2386	2.1098E-3	1.4347E-3	2.6676E-3	1.7526E-3	3.1232E-3	2.5919E-3	2.1857E-3	2.2402E-3	720.177	1039.803	4610.384	50.952	66.431	17.657	83.027	50.270	82.947	31.755	14.326
133000000	8.505	16.609	0.2201	1.2221	0.3924	2.2152	0.3597	0.2360	0.1853	0.2190	0.3658	0.2010	0.1779	0.2552	2.2612E-3	1.5003E-3	3.1479E-3	1.8591E-3	3.1799E-3	2.6252E-3	2.5786E-3	2.0289E-3	58.704	970.982	4404.013	51.333	68.995	17.815	83.130	49.097	83.311	30.962	15.413
134000000	7.928	16.607	0.2181	1.3215	0.3937	2.2126	0.3687	0.2473	0.1848	0.1992	0.3775	0.1942	0.1801	0.2482	2.0786E-3	1.4446E-3	2.7101E-3	1.8364E-3	3.1045E-3	2.3974E-3	2.5332E-3	2.6448E-3	138.212	991.274	4568.925	51.940	67.202	18.151	82.053	48.366	83.262	31.534	14.436
135000000	8.053	16.547	0.2210	1.3463	0.3830	2.2341	0.3364	0.2536	0.1929	0.2171	0.3774	0.1982	0.1798	0.2446	2.1513E-3	1.6451E-3	2.9757E-3	1.8779E-3	2.7579E-3	2.7972E-3	2.2635E-3	2.2391E-3	197.537	1045.062	4575.909	50.364	63.218	17.937	83.469	47.600	83.760	32.263	14.965
136000000	8.337	16.672	0.2244	1.2533	0.4087	2.1825	0.3548	0.2601	0.1769	0.2082	0.3680	0.2013	0.1826	0.2481	2.1913E-3	1.7299E-3	2.8332E-3	1.857E-3	2.8579E-3	2.6408E-3	2.4125E-3	2.7614E-3	55.555	1042.545	4589.044	50.279	67.729	17.761	81.318	48.251	83.377	31.411	14.452
137000000	8.423	16.164	0.2323	1.2060	0.3896	2.2207	0.3423	0.2518	0.1878	0.2181	0.3739	0.1917	0.1848	0.2496	2.2002E-3	1.6065E-3	2.9285E-3	1.7766E-3	3.4067E-3	2.5513E-3	2.5143E-3	2.6494E-3	16.153	951.931	4380.897	51.954	65.240	17.666	82.744	47.153	83.108	31.825	13.990
138000000	7.916	16.397	0.2170	1.2787	0.4023	2.1954	0.3528	0.2519	0.1905	0.2048	0.3879	0.1972	0.1816	0.2334	2.2425E-3	1.5797E-3	3.0786E-3	1.8075E-3	3.3179E-3	2.4481E-3	2.4809E-3	2.5448E-3	220.281	1138.760	4779.682	50.892	65.938	18.271	82.967	48.213	83.189	30.961	14.662
139000000	8.773	16.314	0.2223	1.2135	0.3925	2.2151	0.3565	0.2504	0.1797	0.2134	0.3829	0.2000	0.1801	0.2370	2.1895E-3	1.4359E-3	3.3993E-3	1.8567E-3	2.8868E-3	2.4231E-3	2.3606E-3	2.8098E-3	132.175	867.368	4254.205	51.980	66.341	18.492	81.817	50.288	83.069	31.700	13.819
140000000	7.871	17.326	0.2046	1.3006	0.3998	2.2004	0.3590	0.2316	0.1826	0.2267	0.3680	0.1969	0.1809	0.2542	2.3545E-3	1.6757E-3	3.0604E-3	1.8698E-3	3.1014E-3	2.4953E-3	2.5209E-3	2.5066E-3	178.299	850.921	4173.510	51.634	64.479	17.291	82.472	50.787	83.634	31.116	14.931
141000000	8.085	16.893	0.2222	1.0963	0.4060	2.1880	0.3474	0.2421	0.1867	0.2238	0.3760	0.2011	0.1790	0.2439	2.157E-3	1.3784E-3	3.6271E-3	1.8868E-3	3.1036E-3	2.4481E-3	2.237E-3	2.5624E-3	100.093	984.041	4441.377	50.867	67.797	17.117	81.746	48.248	84.331	32.073	14.701
142000000	7.963	15.805	0.2252	1.1038	0.4059	2.1882	0.3483	0.2483	0.1945	0.2089	0.3768	0.1950	0.1827	0.2456	2.1223E-3	1.4392E-3	3.267E-3	1.826E-3	2.9585E-3	2.4743E-3	2.4785E-3	2.3759E-3	332.672	834.048	4125.239	51.994	66.297	17.846	81.746	48.418	82.749	31.011	14.823
143000000	8.347	15.795	0.2305	1.1099	0.4092	2.1817	0.3494	0.2434	0.1789	0.2283	0.3812	0.1975	0.1806	0.2408	2.147E-3	1.4919E-3	2.8226E-3	1.8474E-3	3.0292E-3	2.4339E-3	2.286E-3	2.6112E-3	104.969	1123.967	4703.243	51.675	66.500	17.798	81.906	48.394	83.648	31.332	14.243
144000000	7.670	16.247	0.2133	1.3006	0.4205	2.1589	0.3550	0.2333	0.1953	0.2163	0.3723	0.1946	0.1793	0.2537	2.195E-3	1.4615E-3	3.1292E-3	1.7083E-3	2.9795E-3	2.1794E-3	2.291E-3	2.4426E-3	94.157	923.754	4346.314	50.621	68.439	17.843	82.991	50.942	83.255	31.815	15.433
145000000	7.690	16.167	0.2334	1.2728	0.3635	2.2731	0.3596	0.2471	0.1819	0.2114	0.3814	0.1978	0.1833	0.2374	2.234E-3	1.7155E-3	2.7935E-3	1.9005E-3	3.1262E-3	2.6759E-3	2.4608E-3	2.3195E-3	46.708	959.227	4394.664	50.319	66.154	17.530	82.611	50.725	83.113	31.913	14.487
146000000	8.131	17.256	0.2198	1.4159	0.3556	2.2889	0.3559	0.2418	0.1860	0.2163	0.3692	0.1940	0.1861	0.2508	2.1784E-3	1.4867E-3	2.9404E-3	1.8216E-3	3.4377E-3	2.4968E-3	2.7181E-3	2.7438E-3	45.212	1059.127	4621.274	52.462	68.552	18.260	82.136	49.501	84.538	30.724	14.348
147000000	8.309	17.511	0.2417	1.2240	0.3956	2.2088	0.3511	0.2463	0.1893	0.2132	0.3780	0.1934	0.1805	0.2482	2.0632E-3	1.426E-3	2.8736E-3	1.7411E-3	3.2792E-3	2.443E-3	2.3821E-3	2.5931E-3	45.785	829.892	4165.831	52.086	66.814	18.246	82.099	48.758	83.636	31.988	14.269
148000000	8.213	16.201	0.2306	1.1653	0.3923	2.2154	0.3468	0.2468	0.1876	0.2187	0.3770	0.1938	0.1765	0.2527	2.1581E-3	1.4395E-3	2.9137E-3	1.8581E-3	3.2023E-3	2.2929E-3	2.3765E-3	2.5659E-3	238.598	1231.620	4955.355	51.719	65.749	18.045	83.759	48.726	82.646	30.691	14.401
149000000	7.835	17.590	0.2299	1.2004	0.4156	2.1687	0.3480	0.2384	0.1912	0.2223	0.3750	0.1955	0.1820	0.2476	2.1325E-3	1.6296E-3	2.6642E-3	1.8343E-3	3.0916E-3	2.4448E-3	2.3434E-3	2.5458E-3	25.611	968.694	4471.365	51.668	65.385	18.271	83.275	48.373	83.204	32.125	14.066
150000000	7.354	17.899	0.2070	1.1841	0.4041	2.1918	0.3229	0.2478	0.2087	0.2207	0.3832	0.1894	0.1782	0.2491	2.1944E-3	1.4476E-3	3.2658E-3	1.7369E-3	2.9289E-3	2.4744E-3	2.288E-3	2.3269E-3	73.721	1098.869	4699.950	53.924	65.970	17.322	82.338	50.335	83.262	30.520	14.721
151000000	7.694	16.387	0.2095	1.3164	0.3986	2.2028	0.3458	0.2364	0.1889	0.2289	0.3793	0.1964	0.1759	0.2484	2.2695E-3	1.5608E-3	3.0056E-3	1.8782E-3	3.203E-3	2.6447E-3	2.3473E-3	2.6274E-3	19.166	851.250	4174.209	50.796	66.217	18.425	82.572	46.802	82.927	31.297	14.961
152000000	8.172	16.849	0.2139	1.2209	0.4038	2.1925	0.3503	0.2379	0.1968	0.2150	0.3712	0.2006	0.1783	0.2499	2.1255E-3	1.4221E-3	3.0307E-3	1.7738E-3	2.9826E-3	2.4199E-3	2.1024E-3	2.6109E-3	40.850	886.587	4259.490	51.329	66.371	17.888	81.637	49.015	83.986	31.586	13.995
153000000	7.921	17.154	0.2265	1.1414	0.4069	2.1861	0.3466	0.2506	0.1848	0.2180	0.3772	0.1969	0.1846	0.2412	2.1938E-3	1.5411E-3	2.9078E-3	1.9713E-3	3.2054E-3	2.7057E-3	2.5498E-3	2.7056E-3	479.480	947.251	4402.158	50.753	66.044	18.106	82.692	47.398	84.097	30.684	14.656
154000000	8.271	15.854	0.2241	1.2174	0.4127	2.1745	0.3559	0.2478	0.1923	0.2039	0.3755	0.1983	0.1812	0.2451	2.0936E-3	1.4015E-3	3.0238E-3	1.8538E-3	3.0774E-3	2.1806E-3	2.2829E-3	2.2727E-3	60.792	886.742	4352.363	53.477	65.457	17.973	83.263	48.228	84.304	31.383	14.399
155000000	8.179	17.511	0.2197	1.1536	0.4002	2.1996	0.3601	0.2352	0.1845	0.2202	0.3809	0.2004	0.1753	0.2434	2.1184E-3	1.4134E-3	2.9011E-3	1.7794E-3	3.1645E-3	2.4514E-3	2.0537E-3	2.1227E-3	401.273	875.065	4271.201	52.441	67.061	17.826	82.810	48.741	83.023	31.966	15.615
156000000	7.943	17.221	0.2320	1.2911	0.4025	2.1949	0.3411	0.2505	0.1898	0.2186	0.3756	0.1958	0.1753	0.2533	2.2125E-3	1.5562E-3	3.1289E-3	1.9342E-3	3.4495E-3	2.5255E-3	2.3208E-3	2.8386E-3	266.506	951.211	4410.556	51.803	67.420	17.962	84.116	49.824	83.718	31.488	14.377
157000000	7.943	16.753	0.2169	1.1075	0.3946	2.2108	0.3580	0.2435	0.1758	0.2227	0.3727	0.1993	0.1785	0.2495	2.0908E-3	1.5438E-3	2.5848E-3	1.6766E-3	2.8562E-3	2.374E-3	2.4288E-3	2.0271E-3	10.090	883.169	4263.443	52.466	69.699	17.830	82.011	49.952	83.441	31.127	14.980
158000000	8.620	17.040	0.2309	1.1889	0.3962	2.2075	0.3496	0.2359	0.1853	0.2292	0.3801	0.1916	0.1803	0.2480	2.1373E-3	1.4535E-3	2.9151E-3	1.8175E-3	3.0357E-3	2.576E-3	2.497E-3	2.2955E-3	87.591	876.835	4247.101	51.649	64.918	17.904	81.033	46.987	82.994	31.953	14.739
159000000	8.315	16.551	0.2146	1.2954	0.3962	2.2076	0.3350	0.2518	0.1878	0.2254	0.3866	0.1967	0.1767	0.2400	2.1789E-3	1.5945E-3	3.5374E-3	1.7545E-3	2.9506E-3	2.1713E-3	2.616E-3	2.2279E-3	16.781	942.796	4336.450	50.589	62.957	17.628	82.380	49.506	83.688	31.163	14.840
160000000	8.768	16.638	0.2149	1.1385	0.4201	2.1599	0.3537	0.2502	0.1835	0.2126	0.3818	0.1940	0.1777	0.2465	2.1136E-3	1.5232E-3	2.552E-3	1.6852E-3	2.9624E-3	2.4869E-3	2.5485E-3	2.8042E-3	40.335	816.733	4154.492	50.885	67.762	18.055	83.551	51.627	83.458	30.726	14.396
161000000	8.746	16.256	0.2361	1.3237	0.3716	2.2569	0.3708	0.2373	0.1773	0.2147	0.3660	0.2036	0.1801	0.2503	2.1962E-3	1.4742E-3	2.962E-3	1.7225E-3	3.2105E-3	2.6392E-3	2.7397E-3	2.6126E-3	16.849	928.799	4352.147	50.743	65.326	18.143	83.143	49.314	83.108	30.859	14.221
162000000	8.103	16.907	0.2204	1.2158	0.3921	2.2158	0.3543	0.2405	0.1893	0.2158	0.3820	0.2006	0.1819	0.2354	2.147E-3	1.6386E-3	2.8397E-3	1.7461E-3	3.2135E-3	2.2706E-3	2.3203E-3	2.4138E-3	590.066	861.207	4239.678	50.515	64.080	17.738	83.336	47.870	83.949	31.846	14.440
163000000	8.125	17.655	0.2405	1.1780	0.3834	2.2331	0.3422	0.2538	0.1896	0.2144	0.3833	0.1904	0.1770	0.2494	2.0858E-3	1.4064E-3	2.5735E-3	1.7138E-3	3.1262E-3	2.3181E-3	2.7029E-3	2.3959E-3	222.325	807.824	4110.516	51.411	65.951	17.991	82.652	47.355	84.023	30.417	14.784
164000000	8.330	16.836	0.2393	1.1796	0.3942	2.2116	0.3545	0.2374	0.1839	0.2243	0.3774	0.1895	0.1842	0.2490	2.0993E-3	1.5597E-3	2.4634E-3	1.8029E-3	2.8223E-3	2.4546E-3	2.3388E-3	2.4937E-3	97.270	1134.975	4830.742	52.874	67.399	18.447	83.050	49.232	84.827	31.540	14.584
165000000	8.261	16.334	0.2183	1.1212	0.4165	2.1671	0.3536	0.2551	0.1763	0.2150	0.3854	0.2023	0.1712	0.2411	2.1092E-3	1.5803E-3	2.6527E-3	1.8267E-3	3.0216E-3	2.3107E-3	2.3719E-3	2.2173E-3	68.306	842.737	4180.848	50.614	64.981	17.619	83.675	49.139	84.046	31.553	14.674
166000000	8.232	17.066	0.2245	1.2045	0.4105	2.1791	0.3603	0.2420	0.1876	0.2101	0.3744	0.1942	0.1854	0.2460	2.0882E-3	1.3686E-3	2.9367E-3	1.8347E-3	2.9918E-3	2.4536E-3	2.3357E-3	2.701E-3	49.170	1010.795	4545.063	51.574	66.291	18.083	82.868	48.831	83.102	31.273	14.929
167000000	8.710	17.330	0.2177	1.2223	0.3922	2.2155	0.3558	0.2338	0.1874	0.2230	0.3738	0.1924	0.1809	0.2529	2.2746E-3	1.7019E-3	3.1144E-3	1.8947E-3	2.8913E-3	2.6096E-3	2.5843E-3	2.2211E-3	44.067	908.904	4289.331	51.139	63.534	17.610	81.886	50.185	82.664	30.795	15.144
168000000	8.334	17.672	0.2186	1.2413	0.3862	2.2276	0.3495	0.2454	0.1868	0.2182	0.3644	0.2014	0.1808	0.2534	2.2532E-3	1.6846E-3	2.8717E-3	1.8587E-3	3.0629E-3	2.5156E-3	2.5421E-3	2.415E-3	12.738	1063.102	4592.890	50.222	64.385	18.208	83.016	49.828	83.844	31.348	14.513
169000000	8.393	15.917	0.2134	1.2691	0.4057	2.1886	0.3433	0.2643	0.1821	0.2104	0.3827	0.1899	0.1822	0.2452	2.1935E-3	1.4357E-3	3.0131E-3	1.8258E-3	3.184E-3	2.284E-3	2.2946E-3	2.0854E-3	35.622	817.461	4145.103	51.865	69.784	17.864	83.436	47.944	83.473	31.754	14.839
170000000	8.066	17.056	0.2242	1.1490	0.4091	2.1819	0.3597	0.2289	0.1891	0.2223	0.3823	0.2000	0.1797	0.2380	2.062E-3	1.5563E-3	2.552E-3	1.7935E-3	3.3496E-3	2.366E-3	2.1977E-3	2.4785E-3	28.730	1015.609	4578.497	51.952	66.782	18.490	83.373	47.686	83.332	31.200	14.443
171000000	8.126	16.815	0.2117	1.2518	0.3912	2.2176	0.3507	0.2368	0.1866	0.2258	0.3663	0.2019	0.1838	0.2480	2.1085E-3	1.43E-3	3.1913E-3	1.9781E-3	3.1881E-3	2.418E-3	2.3249E-3	2.4147E-3	150.827	937.971	4374.136	51.432	68.456	18.053	81.343	49.165	83.496	31.018	14.845
172000000	9.002	16.290	0.2005	1.2699	0.4082	2.1837	0.3504	0.2558	0.1772	0.2166	0.3770	0.1957	0.1869	0.2403	2.156E-3	1.4176E-3	3.0079E-3	1.9088E-3	3.2041E-3	2.6292E-3	2.4083E-3	2.6048E-3	267.739	1159.966	4848.037	52.950	64.314	17.829	83.407	46.154	82.891	31.010	14.682
173000000	7.869	17.224	0.2258	1.1451	0.4168	2.1664	0.3536	0.2435	0.1840	0.2189	0.3747	0.1973	0.1786	0.2494	2.2343E-3	1.3818E-3	3.7474E-3	1.8473E-3	2.7505E-3	2.5077E-3	2.4724E-3	2.493E-3	121.099	856.892	4198.823	51.093	67.357	17.347	82.860	50.562	83.498	30.568	14.896
174000000	7.305	16.831	0.2151	1.4297	0.3816	2.2369	0.3367	0.2541	0.1952	0.2140	0.3800	0.1907	0.1803	0.2490	2.1891E-3	1.599E-3	3.2522E-3	1.9063E-3	3.076E-3	2.7084E-3	2.6662E-3	2.4061E-3	53.480	938.257	4357.271	52.403	69.754	17.859	83.612	47.329	82.801	31.796	15.171
175000000	8.444	16.966	0.2157	1.2012	0.3941	2.2117	0.3558	0.2412	0.1867	0.2163	0.3724	0.1930	0.1881	0.2466	2.1449E-3	1.5644E-3	2.97E-3	1.7922E-3	3.331E-3	2.449E-3	2.4138E-3	2.3944E-3	48.009	1122.471	4785.127	51.005	65.152	18.175	83.002	48.905	82.905	32.185	14.326
176000000	8.246	16.553	0.2213	1.2420	0.3836	2.2328	0.3555	0.2505	0.1797	0.2143	0.3806	0.1935	0.1787	0.2472	2.2201E-3	1.5123E-3	3.8602E-3	1.912E-3	3.1829E-3	2.6626E-3	2.5939E-3	2.4175E-3	152.193	800.361	4076.219	51.871	68.101	17.709	83.382	47.715	83.316	31.473	15.201
177000000	8.493	16.715	0.2202	1.2586	0.3794	2.2412	0.3370	0.2524	0.1977	0.2129	0.3810	0.1959	0.1850	0.2381	2.2111E-3	1.4859E-3	3.1056E-3	1.8154E-3	3.2203E-3	2.4358E-3	2.3649E-3	2.0268E-3	92.236	853.416	4167.126	51.744	64.836	17.887	82.650	46.393	82.341	30.873	15.873
178000000	8.467	17.868	0.2290	1.2866	0.3930	2.2141	0.3684	0.2321	0.1804	0.2191	0.3774	0.1977	0.1787	0.2461	2.0894E-3	1.5082E-3	2.3665E-3	1.8208E-3	3.0499E-3	2.4126E-3	2.4115E-3	2.4877E-3	53.744	925.820	4408.022	51.705	67.196	18.256	82.617	49.752	83.051	31.040	14.637
179000000	8.066	15.798	0.2177	1.3364	0.4167	2.1666	0.3483	0.2435	0.1918	0.2164	0.3655	0.1990	0.1775	0.2581	2.0932E-3	1.5452E-3	3.5834E-3	1.7646E-3	2.9493E-3	2.3801E-3	2.8091E-3	2.445E-3	75.189	937.585	4439.416	51.988	66.899	17.772	82.512	49.788	83.675	31.379	14.599
180000000	8.705	16.492	0.2156	1.2689	0.3951	2.2099	0.3370	0.2493	0.1898	0.2239	0.3739	0.2012	0.1819	0.2430	2.2468E-3	1.4854E-3	2.9676E-3	1.9358E-3	3.1891E-3	2.564E-3	2.406E-3	3.1882E-3	157.738	866.809	4220.405	53.078	68.662	18.251	82.570	46.641	83.503	32.147	14.092
181000000	7.752	16.061	0.2265	1.2992	0.4097	2.1805	0.3490	0.2433	0.1813	0.2263	0.3740	0.1996	0.1801	0.2463	2.1133E-3	1.4111E-3	3.3038E-3	1.7957E-3	2.9264E-3	2.3365E-3	2.5335E-3	2.3674E-3	50.470	706.553	3960.400	52.920	70.218	18.051	83.712	48.368	84.555	31.148	14.280
182000000	8.182	16.822	0.2357	1.2236	0.4047	2.1907	0.3631	0.2522	0.1843	0.2004	0.3746	0.1917	0.1778	0.2559	2.1954E-3	1.5564E-3	2.9513E-3	1.7503E-3	3.1843E-3	2.4589E-3	2.3421E-3	2.7778E-3	47.575	930.978	4352.043	50.886	66.137	18.392	84.126	48.972	85.058	31.482	13.967
183000000	8.346	17.014	0.2062	1.3563	0.4015	2.1971	0.3522	0.2475	0.1886	0.2117	0.3591	0.1994	0.1883	0.2531	2.2856E-3	1.3861E-3	3.0078E-3	1.8837E-3	3.1662E-3	2.5432E-3	2.351E-3	2.6786E-3	25.838	962.542	4396.824	51.738	66.990	17.942	82.592	48.445	82.965	31.429	14.206
184000000	8.524	16.629	0.2280	1.2443	0.4170	2.1660	0.3547	0.2441	0.1798	0.2214	0.3812	0.1904	0.1791	0.2493	2.152E-3	1.5556E-3	3.0095E-3	1.7848E-3	3.0602E-3	2.6128E-3	2.2917E-3	2.3499E-3	137.703	900.398	4298.933	51.097	65.886	17.866	83.842	49.713	82.951	31.759	13.919
185000000	8.209	16.712	0.2172	1.3151	0.3913	2.2174	0.3426	0.2514	0.1923	0.2136	0.3860	0.1941	0.1822	0.2378	2.1192E-3	1.5264E-3	2.9317E-3	1.7682E-3	3.2204E-3	2.5719E-3	2.4838E-3	2.7264E-3	71.467	1130.976	4778.485	52.080	65.193	18.317	82.756	49.480	83.019	30.896	13.511
186000000	8.398	16.534	0.2094	1.2943	0.3783	2.2434	0.3434	0.2537	0.1884	0.2145	0.3778	0.1940	0.1846	0.2436	2.1236E-3	1.3915E-3	2.8951E-3	1.8465E-3	3.0425E-3	2.2389E-3	2.9448E-3	2.259E-3	133.265	837.910	4171.112	51.010	66.370	17.765	83.399	51.127	82.798	30.845	15.316
187000000	7.951	17.026	0.2051	1.2255	0.3994	2.2012	0.3581	0.2486	0.1766	0.2168	0.3789	0.2001	0.1814	0.2396	2.1633E-3	1.4267E-3	3.055E-3	1.7045E-3	3.1276E-3	2.5675E-3	2.1382E-3	2.5851E-3	65.305	835.282	4160.094	52.223	68.141	17.607	83.175	49.450	83.129	31.604	14.583
188000000	7.989	17.546	0.2271	1.2223	0.3834	2.2331	0.3455	0.2518	0.1897	0.2130	0.3842	0.1943	0.1856	0.2359	2.2233E-3	1.4103E-3	3.2372E-3	1.63E-3	3.0205E-3	2.2246E-3	2.4443E-3	2.4293E-3	510.042	818.252	4090.989	51.548	68.145	17.496	83.565	48.461	83.374	31.011	14.526
189000000	7.619	17.538	0.2366	1.2388	0.3870	2.2261	0.3505	0.2559	0.1854	0.2081	0.3756	0.1942	0.1831	0.2470	2.2426E-3	1.5559E-3	2.9863E-3	1.5711E-3	3.3422E-3	2.476E-3	2.3395E-3	2.6365E-3	41.405	838.785	4160.640	51.435	62.437	17.765	85.249	47.984	84.033	32.648	14.395
190000000	8.152	15.769	0.2200	1.2698	0.3891	2.2218	0.3508	0.2441	0.1882	0.2170	0.3718	0.1971	0.1765	0.2545	2.116E-3	1.6405E-3	2.9682E-3	1.8964E-3	3.1615E-3	2.3146E-3	2.3428E-3	2.9682E-3	25.004	896.264	4329.117	50.729	67.846	17.838	83.290	48.587	83.503	31.614	14.180
191000000	9.186	16.217	0.2334	1.3202	0.3896	2.2209	0.3430	0.2606	0.1947	0.2017	0.3738	0.1963	0.1823	0.2476	2.2198E-3	1.5375E-3	3.1259E-3	2.0522E-3	3.2152E-3	2.6628E-3	2.215E-3	2.5631E-3	47.077	946.404	4393.538	51.676	66.304	17.815	81.704	46.672	83.290	31.705	14.752
192000000	8.155	16.911	0.2300	1.3588	0.4166	2.1668	0.3482	0.2500	0.1844	0.2173	0.3707	0.1959	0.1761	0.2573	2.1664E-3	1.3776E-3	2.7546E-3	1.8504E-3	3.3486E-3	2.5655E-3	2.517E-3	2.5698E-3	173.827	1048.300	4588.620	52.965	67.659	17.801	84.013	49.975	82.673	30.778	15.014
193000000	8.570	16.639	0.2163	1.2436	0.4026	2.1949	0.3499	0.2406	0.1867	0.2229	0.3823	0.1962	0.1859	0.2356	2.1928E-3	1.52E-3	2.9477E-3	1.7255E-3	3.3599E-3	2.4305E-3	2.2101E-3	2.2756E-3	24.113	893.217	4264.662	50.628	67.208	17.408	83.880	47.649	83.506	31.200	14.458
194000000	8.906	16.583	0.2163	1.1579	0.4049	2.1903	0.3388	0.2547	0.1922	0.2143	0.3713	0.1964	0.1844	0.2479	2.259E-3	1.4481E-3	3.3045E-3	1.9532E-3	3.1798E-3	2.5843E-3	2.1385E-3	2.7512E-3	24.336	963.192	4309.288	53.321	65.645	18.162	81.655	48.440	83.947	31.054	14.845
195000000	8.004	16.172	0.2005	1.2166	0.3970	2.2060	0.3480	0.2491	0.1841	0.2188	0.3705	0.1987	0.1782	0.2525	2.0819E-3	1.5247E-3	3.1811E-3	1.7743E-3	3.1977E-3	2.2731E-3	2.1727E-3	2.0635E-3	53.577	1069.399	4657.509	51.561	66.969	17.811	81.469	47.907	82.644	31.317	15.354
196000000	8.216	16.575	0.2046	1.1737	0.4082	2.1837	0.3506	0.2536	0.1867	0.2091	0.3811	0.1953	0.1801	0.2435	2.0799E-3	1.6706E-3	2.3919E-3	1.707E-3	2.8902E-3	2.3856E-3	2.2101E-3	2.4399E-3	62.929	1054.286	4615.710	50.874	64.461	17.778	83.349	49.312	83.784	31.850	14.724
197000000	8.134	16.257	0.2068	1.3071	0.3819	2.2361	0.3293	0.2534	0.1945	0.2228	0.3719	0.1971	0.1816	0.2494	2.1135E-3	1.422E-3	3.1515E-3	1.9683E-3	2.9865E-3	2.5268E-3	2.3955E-3	2.5773E-3	129.893	1068.327	4735.031	53.218	66.281	17.419	82.700	49.023	83.993	31.324	14.560
198000000	8.460	16.822	0.2177	1.1799	0.3933	2.2134	0.3509	0.2572	0.1777	0.2143	0.3751	0.1931	0.1823	0.2495	2.1523E-3	1.4082E-3	3.3186E-3	1.8183E-3	2.9961E-3	2.2812E-3	2.2197E-3	2.4798E-3	32.862	989.019	4542.797	52.182	68.973	17.648	83.670	48.879	84.946	31.664	15.030
199000000	8.441	16.162	0.2222	1.2015	0.4043	2.1914	0.3568	0.2295	0.1903	0.2234	0.3743	0.1960	0.1818	0.2478	2.0389E-3	1.3714E-3	3.3075E-3	1.7386E-3	2.8598E-3	2.4281E-3	2.1523E-3	2.2248E-3	324.760	1028.243	4630.790	52.290	70.250	17.502	83.879	48.415	84.725	31.972	14.436
200000000	7.819	16.869	0.2083	1.1745	0.4313	2.1373	0.3673	0.2549	0.1781	0.1997	0.3908	0.1881	0.1787	0.2424	2.1351E-3	1.5591E-3	2.5225E-3	1.8589E-3	2.9754E-3	2.4115E-3	2.2402E-3	2.5974E-3	167.860	863.776	4189.016	50.847	65.678	18.080	82.151	50.144	84.045	30.779	14.602
