state	cp12.kappa	cp3.kappa	cp12.alpha	cp3.alpha	cp12.mu	cp3.mu	cp12.frequencies1	cp12.frequencies2	cp12.frequencies3	cp12.frequencies4	cp3.frequencies1	cp3.frequencies2	cp3.frequencies3	cp3.frequencies4	avian.rate	equine.rate	galliform1.rate	human1.rate	shorebird1.rate	swine1.rate	swine2.rate	swine3.rate	skygrid.precision	rootHeight	treeLength	tmrca(equine1)	tmrca(equine2)	tmrca(galliform1)	tmrca(human1)	tmrca(shorebird1)	tmrca(swine1)	tmrca(swine2)	tmrca(swine3)
1000000	8.495	15.919	0.2259	1.2723	0.4041	2.1919	0.3495	0.2353	0.1877	0.2275	0.3773	0.1900	0.1842	0.2486	2.1192E-3	1.4784E-3	2.9535E-3	1.6937E-3	2.8577E-3	2.6623E-3	2.3889E-3	2.1024E-3	116.220	844.668	4234.767	51.700	69.198	17.738	83.232	50.436	82.822	31.684	15.305
2000000	8.139	16.758	0.2132	1.3297	0.4067	2.1865	0.3528	0.2477	0.1909	0.2086	0.3689	0.2000	0.1814	0.2497	2.1884E-3	1.7195E-3	2.6049E-3	1.9299E-3	2.9685E-3	2.4217E-3	3.0632E-3	2.3436E-3	11.491	1064.909	4657.278	51.631	65.182	17.998	82.001	49.905	84.310	31.017	15.134
3000000	8.314	17.924	0.2238	1.2225	0.3973	2.2053	0.3525	0.2369	0.1955	0.2151	0.3709	0.1904	0.1848	0.2539	2.1997E-3	1.7016E-3	2.8426E-3	1.7932E-3	2.9735E-3	2.4491E-3	2.4691E-3	2.5818E-3	36.009	1109.953	4701.583	50.733	65.107	18.069	83.309	48.658	83.644	31.564	14.248
4000000	8.624	16.418	0.2186	1.1285	0.4128	2.1744	0.3477	0.2482	0.1820	0.2221	0.3813	0.1903	0.1829	0.2455	2.1335E-3	1.4348E-3	2.9316E-3	1.8222E-3	2.8579E-3	2.5835E-3	2.1045E-3	2.7444E-3	22.626	994.441	4519.416	52.772	67.394	18.050	82.366	48.580	83.794	31.444	14.396
5000000	8.120	16.048	0.2204	1.2138	0.4116	2.1768	0.3432	0.2534	0.1836	0.2198	0.3757	0.1906	0.1817	0.2520	2.3458E-3	1.4734E-3	3.2167E-3	1.7868E-3	3.2705E-3	2.4768E-3	2.3339E-3	2.5705E-3	145.000	865.743	4184.492	52.531	67.079	17.478	82.463	49.034	83.670	32.085	14.697
6000000	8.366	17.550	0.2214	1.2789	0.4096	2.1809	0.3618	0.2336	0.1869	0.2176	0.3726	0.1969	0.1844	0.2461	2.2283E-3	1.3207E-3	3.28E-3	1.8382E-3	3.0725E-3	2.5083E-3	2.5263E-3	2.8679E-3	659.041	940.382	4402.853	52.236	72.857	17.507	83.604	48.727	82.807	31.310	14.459
7000000	7.777	15.799	0.1973	1.2322	0.3817	2.2366	0.3540	0.2287	0.1954	0.2219	0.3777	0.1964	0.1830	0.2429	2.171E-3	1.5619E-3	2.5484E-3	1.7787E-3	3.3759E-3	2.2377E-3	2.218E-3	2.7457E-3	22.245	1091.459	4687.359	50.607	63.831	18.218	82.671	45.240	83.065	31.672	14.605
8000000	7.703	17.637	0.2157	1.3285	0.3813	2.2374	0.3447	0.2477	0.1932	0.2143	0.3802	0.1953	0.1809	0.2435	2.2241E-3	1.574E-3	2.9926E-3	1.7578E-3	3.3197E-3	2.6797E-3	2.0586E-3	2.8958E-3	61.385	1024.198	4484.179	51.812	67.066	17.334	83.512	49.277	83.943	31.770	14.246
9000000	7.499	16.757	0.2255	1.1295	0.4082	2.1837	0.3496	0.2481	0.1893	0.2130	0.3852	0.1865	0.1846	0.2437	2.1711E-3	1.4798E-3	3.0261E-3	1.8294E-3	3.2569E-3	2.455E-3	2.4862E-3	2.6282E-3	82.643	901.162	4317.113	52.064	66.075	17.685	83.067	48.862	83.728	31.860	13.991
10000000	8.535	16.528	0.2108	1.1402	0.4317	2.1366	0.3640	0.2402	0.1917	0.2041	0.3825	0.1920	0.1785	0.2470	2.1491E-3	1.2575E-3	2.6828E-3	1.7125E-3	3.0844E-3	2.3367E-3	2.0027E-3	2.7608E-3	51.661	1079.189	4695.676	51.879	75.676	17.753	82.855	48.027	83.353	31.609	13.991
11000000	8.924	15.926	0.2419	1.1842	0.4027	2.1945	0.3679	0.2512	0.1821	0.1988	0.3777	0.1899	0.1853	0.2471	2.234E-3	1.7287E-3	2.7158E-3	1.8234E-3	2.9212E-3	2.4153E-3	2.3743E-3	2.7521E-3	106.089	851.283	4173.150	49.711	65.786	18.216	82.128	47.412	83.647	32.974	14.555
12000000	8.639	17.398	0.2166	1.3247	0.3911	2.2178	0.3633	0.2542	0.1744	0.2082	0.3774	0.1962	0.1823	0.2441	2.2408E-3	1.5164E-3	2.3784E-3	1.9213E-3	3.1292E-3	2.8445E-3	2.6514E-3	2.215E-3	136.612	919.842	4315.853	51.002	66.416	17.862	81.534	49.609	82.711	31.143	14.886
13000000	8.708	16.343	0.2200	1.2005	0.3928	2.2144	0.3568	0.2445	0.1892	0.2095	0.3706	0.2004	0.1815	0.2474	2.1331E-3	1.4886E-3	2.9323E-3	1.7986E-3	3.1037E-3	2.4016E-3	2.1516E-3	2.7507E-3	68.969	1164.306	4824.221	50.370	69.649	18.017	83.686	47.733	83.782	31.315	14.087
14000000	9.662	17.005	0.2231	1.1456	0.3948	2.2104	0.3563	0.2517	0.1774	0.2146	0.3803	0.1952	0.1804	0.2441	2.1872E-3	1.3268E-3	2.3541E-3	1.7735E-3	2.9621E-3	2.2178E-3	2.3965E-3	2.5407E-3	79.239	1035.661	4511.660	51.459	64.219	17.681	82.933	48.264	82.737	31.817	14.545
15000000	8.490	16.251	0.2185	1.3028	0.3969	2.2062	0.3333	0.2663	0.1826	0.2179	0.3826	0.1941	0.1803	0.2429	2.0378E-3	1.5621E-3	2.7979E-3	1.7748E-3	2.9134E-3	2.3711E-3	2.2649E-3	2.7625E-3	153.856	784.546	4042.046	50.400	65.124	17.466	82.659	48.173	82.676	32.222	14.207
16000000	7.849	16.597	0.2185	1.2699	0.4130	2.1741	0.3512	0.2510	0.1809	0.2169	0.3784	0.1888	0.1863	0.2464	2.2596E-3	1.4313E-3	3.3816E-3	1.7839E-3	3.3244E-3	2.4326E-3	2.2483E-3	2.5831E-3	83.719	1004.877	4481.312	51.347	66.662	17.594	82.531	48.618	84.303	31.723	14.876
17000000	8.067	16.951	0.2242	1.2957	0.4014	2.1972	0.3385	0.2341	0.1905	0.2369	0.3774	0.1884	0.1840	0.2503	2.2888E-3	1.4765E-3	3.2741E-3	1.8599E-3	3.189E-3	2.5151E-3	2.3219E-3	2.5549E-3	14.533	820.115	4103.721	51.019	69.560	17.840	82.203	48.929	83.381	30.932	14.393
18000000	8.533	17.501	0.2329	1.2522	0.4160	2.1679	0.3585	0.2467	0.1896	0.2052	0.3795	0.1944	0.1800	0.2460	2.118E-3	1.5317E-3	2.678E-3	1.7264E-3	3.1119E-3	2.5318E-3	2.3042E-3	2.4704E-3	898.463	850.509	4218.212	50.688	63.976	17.987	82.898	48.699	83.702	31.770	14.507
19000000	8.631	16.754	0.2421	1.2122	0.4133	2.1734	0.3498	0.2372	0.1914	0.2216	0.3778	0.1993	0.1786	0.2443	2.0779E-3	1.661E-3	2.8088E-3	1.8887E-3	3.2437E-3	2.3534E-3	2.1434E-3	2.3674E-3	34.525	942.491	4413.739	51.110	63.655	18.522	82.236	49.050	83.625	31.444	14.895
20000000	8.948	16.172	0.2193	1.3589	0.4091	2.1819	0.3629	0.2461	0.1828	0.2082	0.3732	0.1957	0.1813	0.2497	2.1904E-3	1.5461E-3	2.5123E-3	1.8244E-3	3.3634E-3	2.5567E-3	2.3316E-3	2.1974E-3	36.724	1060.074	4642.879	52.371	63.987	18.351	82.254	49.107	83.622	31.419	14.821
21000000	8.471	16.716	0.2381	1.2640	0.4006	2.1988	0.3437	0.2581	0.1797	0.2185	0.3895	0.1882	0.1796	0.2427	2.1697E-3	1.3956E-3	3.0262E-3	1.7949E-3	3.0394E-3	2.3255E-3	2.5355E-3	2.5295E-3	446.963	809.159	4176.379	53.176	69.232	17.648	84.061	48.166	84.530	31.304	14.797
22000000	7.786	17.129	0.2167	1.1771	0.3946	2.2107	0.3542	0.2395	0.1921	0.2142	0.3892	0.1946	0.1797	0.2364	2.1598E-3	1.5814E-3	3.0188E-3	1.8103E-3	2.9875E-3	2.3231E-3	2.5044E-3	2.5197E-3	47.908	852.582	4141.385	51.380	64.130	18.231	82.283	48.316	83.366	31.130	14.002
23000000	8.369	16.876	0.2274	1.2328	0.4002	2.1996	0.3451	0.2417	0.2036	0.2097	0.3701	0.1968	0.1822	0.2509	2.2029E-3	1.5116E-3	2.443E-3	1.7493E-3	3.2237E-3	2.4794E-3	2.4286E-3	2.6351E-3	49.473	843.983	4226.134	51.396	67.092	18.122	82.555	48.258	84.426	31.394	14.421
24000000	8.629	17.731	0.2085	1.2139	0.4210	2.1580	0.3495	0.2503	0.1827	0.2175	0.3758	0.2023	0.1761	0.2459	2.1051E-3	1.3651E-3	2.4895E-3	1.7994E-3	2.8547E-3	2.6585E-3	2.5692E-3	2.2446E-3	195.523	985.819	4498.887	52.222	68.627	18.105	84.017	48.285	83.573	30.481	14.722
25000000	8.094	16.069	0.2324	1.2928	0.3843	2.2314	0.3591	0.2421	0.1726	0.2262	0.3807	0.2010	0.1801	0.2381	2.1203E-3	1.2286E-3	2.5778E-3	1.6495E-3	3.1631E-3	2.3116E-3	2.6011E-3	2.6249E-3	83.772	1004.740	4536.974	52.595	65.428	18.558	82.414	49.339	83.902	31.188	14.438
26000000	9.397	16.078	0.2292	1.2116	0.3740	2.2520	0.3627	0.2527	0.1768	0.2078	0.3747	0.1981	0.1802	0.2470	2.1162E-3	1.4802E-3	2.8286E-3	1.8924E-3	3.0246E-3	2.5771E-3	2.3059E-3	2.3681E-3	327.149	898.891	4320.296	51.102	66.614	18.608	81.417	48.140	83.946	31.418	15.323
27000000	8.488	17.113	0.2229	1.4134	0.3946	2.2107	0.3441	0.2460	0.1968	0.2131	0.3759	0.1964	0.1806	0.2471	2.2616E-3	1.7347E-3	3.056E-3	2.008E-3	2.9767E-3	2.3054E-3	2.4229E-3	2.4436E-3	47.337	842.854	4153.593	50.214	63.141	17.829	81.998	50.650	84.641	30.786	14.398
28000000	7.557	16.177	0.2209	1.2550	0.3858	2.2284	0.3501	0.2419	0.1888	0.2192	0.3844	0.1958	0.1802	0.2396	2.2719E-3	1.5437E-3	2.7228E-3	1.7865E-3	2.9549E-3	2.5348E-3	2.4938E-3	2.6626E-3	56.748	908.690	4280.170	51.367	68.159	17.872	83.803	48.816	84.114	30.954	14.413
29000000	8.025	15.631	0.2272	1.1458	0.3907	2.2186	0.3595	0.2407	0.1750	0.2248	0.3829	0.1930	0.1819	0.2422	2.1499E-3	1.5205E-3	3.4779E-3	1.821E-3	3.1544E-3	2.4891E-3	2.3805E-3	2.6775E-3	90.402	858.309	4201.466	51.981	64.253	17.709	83.956	50.087	83.046	30.967	14.575
30000000	9.019	17.187	0.2316	1.2308	0.4095	2.1810	0.3484	0.2510	0.1797	0.2209	0.3805	0.1919	0.1818	0.2458	2.1822E-3	1.4928E-3	2.5506E-3	1.8511E-3	3.2405E-3	2.7277E-3	2.5206E-3	2.4203E-3	25.003	1054.296	4574.186	52.405	67.520	17.845	82.829	47.494	83.760	31.125	14.738
31000000	7.729	17.469	0.2246	1.2984	0.4038	2.1924	0.3288	0.2421	0.2086	0.2205	0.3717	0.1941	0.1771	0.2570	2.2381E-3	1.4996E-3	3.2153E-3	1.8568E-3	2.95E-3	2.3452E-3	2.3518E-3	2.3633E-3	64.515	964.736	4394.937	51.581	66.815	17.585	83.213	49.818	83.716	30.694	14.527
32000000	8.262	16.923	0.2261	1.3534	0.3831	2.2337	0.3496	0.2482	0.1935	0.2087	0.3601	0.2061	0.1808	0.2530	2.1203E-3	1.3833E-3	3.6061E-3	1.7703E-3	3.0039E-3	2.4732E-3	2.5078E-3	2.5793E-3	33.561	892.867	4315.391	51.552	66.814	17.748	83.443	47.650	83.429	31.183	14.708
33000000	9.054	16.718	0.2229	1.1730	0.4130	2.1741	0.3408	0.2502	0.1936	0.2155	0.3801	0.1975	0.1806	0.2419	2.1524E-3	1.6802E-3	3.3058E-3	1.7099E-3	3.128E-3	2.3775E-3	2.6059E-3	2.5863E-3	155.625	1069.820	4689.448	51.068	64.859	17.864	83.457	49.650	84.350	31.178	14.070
34000000	8.120	16.473	0.2172	1.2448	0.3922	2.2157	0.3467	0.2533	0.1850	0.2150	0.3830	0.1946	0.1856	0.2368	2.1589E-3	1.6307E-3	3.0245E-3	1.7737E-3	3.0754E-3	2.4079E-3	2.4756E-3	2.5182E-3	67.659	950.228	4385.435	51.944	64.886	17.749	83.332	49.254	83.751	31.651	14.865
35000000	8.397	15.840	0.2091	1.2818	0.3935	2.2131	0.3524	0.2502	0.1863	0.2111	0.3710	0.1931	0.1818	0.2541	2.3356E-3	1.5787E-3	2.7131E-3	1.9254E-3	3.2758E-3	2.4631E-3	2.4632E-3	2.4423E-3	14.341	984.834	4387.594	51.306	66.047	17.578	81.528	47.916	83.723	31.024	14.954
36000000	8.243	16.864	0.2166	1.2593	0.4174	2.1651	0.3482	0.2464	0.1758	0.2295	0.3716	0.1979	0.1848	0.2456	2.1465E-3	1.6754E-3	3.7826E-3	1.8282E-3	2.8377E-3	2.397E-3	2.5267E-3	2.3982E-3	31.155	1052.400	4590.233	50.659	61.291	17.670	83.559	48.344	83.745	30.765	14.592
37000000	8.824	16.605	0.2194	1.2474	0.4015	2.1971	0.3537	0.2572	0.1809	0.2081	0.3771	0.1976	0.1840	0.2414	2.2024E-3	1.4174E-3	3.0558E-3	1.8773E-3	2.9886E-3	2.275E-3	2.2506E-3	2.1515E-3	198.253	985.225	4442.892	52.435	66.327	17.804	82.609	46.510	83.077	31.161	15.035
38000000	8.167	16.670	0.2313	1.2830	0.3911	2.2178	0.3552	0.2319	0.1927	0.2203	0.3795	0.1882	0.1855	0.2467	2.2512E-3	1.4859E-3	3.1126E-3	1.8092E-3	3.3345E-3	2.5444E-3	2.5088E-3	2.8E-3	41.146	859.485	4181.418	52.378	67.514	18.429	83.574	49.038	83.545	31.734	14.388
39000000	8.904	16.070	0.2247	1.2744	0.3992	2.2016	0.3612	0.2499	0.1733	0.2156	0.3656	0.1982	0.1829	0.2533	2.2623E-3	1.6419E-3	2.8862E-3	1.8075E-3	3.1899E-3	2.6649E-3	2.5092E-3	2.7117E-3	119.970	837.610	4216.389	50.597	64.599	18.561	83.669	49.719	83.310	30.692	14.712
40000000	7.554	16.119	0.2079	1.2414	0.3834	2.2332	0.3586	0.2483	0.1811	0.2120	0.3797	0.1925	0.1834	0.2445	2.1408E-3	1.3574E-3	2.7299E-3	1.8321E-3	3.2492E-3	2.3135E-3	2.3734E-3	2.5509E-3	11.745	958.760	4461.998	51.551	70.587	18.571	82.310	49.523	84.381	32.009	14.007
41000000	8.338	16.505	0.2162	1.1166	0.4202	2.1596	0.3570	0.2385	0.1838	0.2206	0.3852	0.1974	0.1794	0.2379	2.145E-3	1.7034E-3	2.6993E-3	1.76E-3	3.4577E-3	2.515E-3	2.3549E-3	2.643E-3	95.022	967.938	4421.993	50.466	65.262	17.407	82.544	47.853	83.192	31.059	15.096
42000000	7.956	15.896	0.2337	1.1020	0.4180	2.1640	0.3412	0.2495	0.1880	0.2214	0.3870	0.1942	0.1791	0.2397	2.0545E-3	1.6284E-3	2.4666E-3	1.8877E-3	3.4576E-3	2.4787E-3	2.3988E-3	2.7053E-3	55.689	1114.490	4773.734	51.476	64.893	17.731	81.908	46.918	84.073	30.808	14.742
43000000	8.029	17.507	0.2130	1.1954	0.4056	2.1889	0.3431	0.2442	0.1907	0.2220	0.3778	0.1948	0.1835	0.2439	2.1754E-3	1.3147E-3	2.5948E-3	1.8219E-3	3.1744E-3	2.457E-3	2.4053E-3	2.4427E-3	33.467	877.019	4279.688	51.965	69.535	18.450	82.422	48.522	82.690	31.755	14.243
44000000	8.722	16.904	0.2148	1.3378	0.4218	2.1564	0.3446	0.2451	0.1934	0.2169	0.3819	0.1992	0.1797	0.2392	2.2E-3	1.6899E-3	2.6563E-3	1.7688E-3	3.0636E-3	2.3743E-3	2.138E-3	2.3741E-3	40.254	1019.227	4535.907	50.428	67.266	17.887	82.124	47.989	83.786	31.441	14.648
45000000	8.694	16.274	0.2289	1.1778	0.4203	2.1593	0.3579	0.2439	0.1830	0.2152	0.3852	0.1928	0.1791	0.2429	2.0964E-3	1.5922E-3	3.1835E-3	1.8615E-3	3.3621E-3	2.4414E-3	2.147E-3	2.4799E-3	97.171	1012.526	4535.652	50.898	63.153	17.464	82.531	49.464	83.883	31.332	15.338
46000000	8.078	16.780	0.2303	1.2795	0.4110	2.1780	0.3505	0.2483	0.1891	0.2121	0.3738	0.1946	0.1810	0.2507	2.1767E-3	1.4351E-3	3.0702E-3	1.8255E-3	3.1006E-3	2.3345E-3	2.417E-3	2.4809E-3	114.501	945.410	4418.464	51.696	68.412	17.551	82.224	49.528	82.887	31.267	14.953
47000000	8.056	16.346	0.2292	1.2053	0.3854	2.2291	0.3647	0.2344	0.1789	0.2220	0.3765	0.1939	0.1852	0.2444	2.2607E-3	1.3618E-3	2.836E-3	1.7592E-3	3.2792E-3	2.4801E-3	2.3077E-3	2.7928E-3	373.120	826.067	4140.082	51.925	67.856	18.076	83.958	48.152	82.311	31.416	14.323
48000000	8.300	15.437	0.2163	1.3651	0.3756	2.2488	0.3487	0.2374	0.1915	0.2225	0.3727	0.1899	0.1885	0.2489	2.1656E-3	1.5074E-3	2.8363E-3	1.8874E-3	3.0888E-3	2.413E-3	2.1545E-3	2.7395E-3	59.800	942.790	4377.017	51.511	65.313	18.176	82.123	47.928	84.557	31.900	13.879
49000000	8.422	17.095	0.2226	1.2782	0.3944	2.2111	0.3573	0.2435	0.1921	0.2071	0.3749	0.1960	0.1820	0.2472	2.2286E-3	1.6759E-3	2.5683E-3	1.93E-3	2.8463E-3	2.2315E-3	2.2321E-3	2.1184E-3	21.864	979.068	4483.489	51.487	63.850	18.197	82.885	50.302	83.791	31.705	15.006
50000000	7.850	17.313	0.2205	1.1067	0.4000	2.2000	0.3524	0.2380	0.1905	0.2191	0.3756	0.1947	0.1848	0.2449	2.2496E-3	1.4466E-3	2.8248E-3	1.9524E-3	3.3178E-3	2.429E-3	2.6014E-3	2.3517E-3	35.897	872.135	4211.205	52.215	67.490	18.827	81.420	48.224	82.907	31.576	15.115
51000000	8.360	16.030	0.2218	1.3092	0.3960	2.2079	0.3541	0.2408	0.1831	0.2219	0.3837	0.1972	0.1862	0.2329	2.2862E-3	1.5799E-3	2.7968E-3	2.0381E-3	3.1126E-3	2.3443E-3	2.5855E-3	2.5266E-3	75.125	925.925	4389.688	51.858	66.196	18.282	83.196	51.026	84.227	31.674	13.785
52000000	7.844	16.504	0.2187	1.3874	0.4075	2.1849	0.3440	0.2490	0.1857	0.2213	0.3802	0.1869	0.1818	0.2511	2.1923E-3	1.6128E-3	2.8389E-3	1.743E-3	3.265E-3	2.648E-3	2.204E-3	2.425E-3	22.865	904.453	4307.380	50.993	62.932	18.416	82.210	48.123	83.354	31.092	14.367
53000000	7.711	16.767	0.2187	1.2122	0.4006	2.1989	0.3335	0.2598	0.1916	0.2151	0.3954	0.1879	0.1780	0.2386	2.1855E-3	1.4629E-3	2.9798E-3	1.8755E-3	3.2877E-3	2.2803E-3	2.3969E-3	2.4029E-3	24.425	906.992	4295.564	52.058	68.664	18.058	82.442	46.496	83.242	32.398	15.152
54000000	7.686	16.130	0.2202	1.2761	0.4280	2.1440	0.3500	0.2365	0.1947	0.2188	0.3745	0.1916	0.1850	0.2489	2.127E-3	1.4374E-3	2.7307E-3	1.9155E-3	3.0666E-3	2.6651E-3	2.5741E-3	2.5756E-3	158.164	922.983	4394.777	52.495	67.726	18.614	82.263	50.416	83.376	31.235	14.489
55000000	8.615	15.983	0.2349	1.3348	0.4049	2.1902	0.3559	0.2519	0.1844	0.2078	0.3691	0.1925	0.1870	0.2514	2.2095E-3	1.4703E-3	3.7934E-3	1.8246E-3	3.1966E-3	2.4511E-3	2.4982E-3	2.4963E-3	92.498	902.606	4316.414	51.875	66.617	17.993	83.287	49.969	83.378	31.168	14.834
56000000	8.619	16.705	0.2149	1.2164	0.3902	2.2196	0.3645	0.2323	0.1870	0.2162	0.3802	0.1915	0.1775	0.2508	2.1047E-3	1.5277E-3	2.8702E-3	1.8889E-3	3.0862E-3	2.5939E-3	2.602E-3	2.3944E-3	31.768	912.915	4332.120	51.267	68.038	18.074	81.689	49.194	82.934	31.651	15.077
57000000	7.677	16.835	0.2127	1.2375	0.3820	2.2360	0.3638	0.2445	0.1812	0.2105	0.3791	0.1996	0.1841	0.2372	2.2375E-3	1.364E-3	2.4874E-3	1.8585E-3	3.1673E-3	2.4323E-3	2.404E-3	2.4097E-3	86.720	928.325	4339.455	52.515	69.119	17.852	82.719	48.769	83.873	31.829	14.598
58000000	9.134	16.274	0.2175	1.2099	0.4086	2.1828	0.3439	0.2568	0.1843	0.2150	0.3872	0.1943	0.1836	0.2349	2.1276E-3	1.441E-3	2.614E-3	1.8257E-3	3.2597E-3	2.3589E-3	2.1007E-3	2.5324E-3	78.337	860.380	4254.018	50.531	66.846	18.033	82.662	49.405	83.270	32.311	14.568
59000000	8.309	16.744	0.2228	1.3487	0.3767	2.2465	0.3667	0.2324	0.1888	0.2121	0.3809	0.1880	0.1780	0.2532	2.1567E-3	1.5473E-3	2.9543E-3	1.7271E-3	2.9357E-3	2.5504E-3	2.3672E-3	2.6985E-3	20.876	973.641	4452.510	51.764	65.436	17.502	82.744	50.972	82.505	30.715	13.992
60000000	8.771	16.702	0.2233	1.2724	0.4179	2.1641	0.3651	0.2414	0.1780	0.2155	0.3693	0.1997	0.1789	0.2521	2.0971E-3	1.5635E-3	2.8492E-3	1.8599E-3	2.9751E-3	2.3845E-3	2.1636E-3	2.6097E-3	39.610	998.672	4529.162	50.960	66.948	17.787	81.607	51.368	83.425	31.841	14.388
61000000	8.410	16.291	0.2254	1.2946	0.4088	2.1825	0.3499	0.2417	0.1857	0.2227	0.3783	0.1945	0.1824	0.2447	2.1193E-3	1.4335E-3	3.2203E-3	1.8429E-3	2.9723E-3	2.4812E-3	2.4171E-3	2.2726E-3	11.314	1001.458	4530.763	50.509	69.187	17.491	81.313	49.523	83.869	31.233	14.237
62000000	8.134	16.638	0.2110	1.2677	0.4084	2.1831	0.3373	0.2441	0.1871	0.2316	0.3742	0.1956	0.1805	0.2497	2.0764E-3	1.3091E-3	3.3707E-3	1.7459E-3	3.1795E-3	2.3076E-3	2.4993E-3	2.7107E-3	31.994	1135.727	4895.563	52.844	71.379	17.592	83.658	49.756	83.847	31.519	15.100
63000000	7.595	16.309	0.2395	1.1750	0.4027	2.1945	0.3488	0.2392	0.1896	0.2224	0.3749	0.1947	0.1789	0.2515	2.0204E-3	1.2434E-3	2.6944E-3	1.787E-3	2.9347E-3	2.3276E-3	2.2885E-3	2.5618E-3	43.204	821.913	4180.385	51.606	71.595	17.886	82.236	48.694	83.436	32.037	14.469
64000000	7.976	16.504	0.2176	1.2360	0.4103	2.1794	0.3437	0.2512	0.1813	0.2238	0.3824	0.1925	0.1803	0.2448	2.0639E-3	1.5343E-3	2.996E-3	1.7588E-3	2.9782E-3	2.4065E-3	2.1719E-3	2.2692E-3	145.652	1114.681	4733.749	50.587	67.579	17.844	81.640	50.228	83.337	31.841	15.203
65000000	8.162	16.982	0.2124	1.1582	0.4120	2.1760	0.3375	0.2545	0.1957	0.2122	0.3685	0.2011	0.1804	0.2501	2.1486E-3	1.406E-3	3.3159E-3	1.8483E-3	3.3776E-3	2.457E-3	2.3164E-3	2.5206E-3	90.337	959.348	4427.923	51.368	68.623	17.848	82.158	46.279	82.905	31.921	14.839
66000000	7.685	15.917	0.2281	1.2387	0.4244	2.1512	0.3649	0.2415	0.1748	0.2189	0.3827	0.1912	0.1796	0.2465	2.3173E-3	1.6388E-3	2.8744E-3	1.8536E-3	2.9936E-3	2.5449E-3	2.4782E-3	2.5923E-3	53.356	937.214	4347.128	52.095	63.832	17.454	83.492	50.384	83.311	31.072	14.803
67000000	7.811	17.289	0.2179	1.1827	0.3934	2.2131	0.3559	0.2425	0.1901	0.2115	0.3767	0.1951	0.1790	0.2492	2.2736E-3	1.3645E-3	2.6255E-3	1.7704E-3	3.0627E-3	2.3841E-3	2.2669E-3	2.576E-3	28.277	909.160	4297.129	51.663	67.956	18.163	84.344	48.497	84.208	31.736	14.397
68000000	8.310	16.094	0.2427	1.2429	0.3891	2.2219	0.3512	0.2534	0.1716	0.2238	0.3813	0.1908	0.1760	0.2518	2.0086E-3	1.4205E-3	3.2568E-3	1.7439E-3	3.089E-3	2.3429E-3	2.1698E-3	2.5749E-3	35.704	933.234	4436.902	51.628	67.163	17.376	83.583	50.716	83.489	31.479	13.909
69000000	8.418	17.837	0.2393	1.3644	0.4066	2.1868	0.3625	0.2410	0.1876	0.2089	0.3713	0.1976	0.1822	0.2488	2.1812E-3	1.6651E-3	2.8065E-3	1.7965E-3	2.9118E-3	2.5333E-3	2.6899E-3	2.902E-3	21.413	861.538	4217.183	50.769	63.118	18.083	83.419	49.553	85.014	31.006	14.301
70000000	8.140	17.428	0.2046	1.2167	0.3892	2.2215	0.3437	0.2456	0.1898	0.2210	0.3774	0.1932	0.1805	0.2489	2.1952E-3	1.6496E-3	2.9088E-3	1.7736E-3	2.9411E-3	2.3238E-3	2.0298E-3	2.3611E-3	123.740	940.276	4351.456	50.839	67.781	17.723	81.973	48.664	83.316	31.294	14.834
71000000	8.464	16.291	0.2357	1.2773	0.4251	2.1498	0.3485	0.2429	0.1881	0.2205	0.3776	0.1893	0.1860	0.2471	2.3044E-3	1.3531E-3	2.7697E-3	1.8706E-3	3.0722E-3	2.6214E-3	2.5182E-3	2.7395E-3	112.378	895.324	4290.225	52.145	71.330	18.351	83.875	48.674	83.663	31.199	15.398
72000000	7.729	15.929	0.2285	1.2124	0.3757	2.2486	0.3425	0.2378	0.1858	0.2338	0.3716	0.1967	0.1817	0.2500	2.0791E-3	1.4179E-3	2.906E-3	1.8582E-3	3.0997E-3	2.2885E-3	2.4121E-3	2.2477E-3	25.393	936.733	4414.868	51.691	67.713	17.624	81.585	50.148	84.371	31.013	14.886
73000000	7.891	17.110	0.1979	1.2980	0.4028	2.1943	0.3460	0.2511	0.1821	0.2207	0.3746	0.2029	0.1792	0.2434	2.1749E-3	1.6177E-3	2.665E-3	1.7705E-3	2.9665E-3	2.4079E-3	2.7424E-3	2.357E-3	89.541	1032.092	4523.854	51.262	69.816	17.930	81.899	50.280	83.399	31.505	14.630
74000000	8.095	16.194	0.2113	1.1736	0.3985	2.2030	0.3501	0.2494	0.1864	0.2141	0.3806	0.1948	0.1764	0.2482	2.2487E-3	1.5049E-3	2.3711E-3	1.893E-3	3.4223E-3	2.5492E-3	2.335E-3	3.0715E-3	226.472	885.645	4247.312	51.750	69.325	19.450	83.331	49.087	83.502	31.605	14.080
75000000	8.248	16.784	0.2238	1.1504	0.4097	2.1807	0.3499	0.2405	0.1911	0.2186	0.3821	0.1893	0.1797	0.2488	2.1655E-3	1.5287E-3	2.7854E-3	1.7482E-3	2.9961E-3	2.2439E-3	2.1717E-3	2.2235E-3	91.122	890.938	4253.458	51.633	65.321	17.857	83.321	48.850	82.942	31.675	15.680
76000000	8.605	16.049	0.2202	1.2200	0.3895	2.2210	0.3455	0.2491	0.1862	0.2192	0.3815	0.1917	0.1859	0.2409	2.0844E-3	1.4131E-3	2.9166E-3	1.7148E-3	3.0678E-3	2.3152E-3	2.5684E-3	2.3322E-3	120.659	1012.473	4619.895	52.869	66.990	17.727	82.101	48.953	83.284	31.454	15.062
77000000	9.508	16.473	0.2288	1.3053	0.3838	2.2324	0.3496	0.2423	0.1875	0.2206	0.3641	0.1955	0.1872	0.2533	2.1706E-3	1.3511E-3	2.9884E-3	1.8803E-3	2.9183E-3	2.5883E-3	2.253E-3	2.2312E-3	186.606	984.691	4465.698	53.212	65.835	18.125	82.437	49.995	83.056	30.994	14.730
78000000	7.952	15.940	0.2384	1.3309	0.4310	2.1380	0.3439	0.2372	0.1921	0.2268	0.3738	0.1946	0.1773	0.2542	2.1601E-3	1.4943E-3	3.1231E-3	1.8127E-3	3.1547E-3	2.5462E-3	2.3322E-3	1.9313E-3	73.569	927.505	4407.939	52.930	64.541	17.905	82.635	48.695	84.502	31.700	15.747
79000000	8.173	16.924	0.2278	1.3770	0.3904	2.2192	0.3510	0.2517	0.1791	0.2181	0.3740	0.1948	0.1832	0.2479	2.2463E-3	1.6016E-3	2.6948E-3	1.7994E-3	3.2389E-3	2.327E-3	2.9146E-3	2.4042E-3	108.216	862.722	4108.094	50.736	66.535	17.858	82.756	45.934	83.052	30.408	15.224
80000000	8.139	16.572	0.2081	1.1827	0.4096	2.1807	0.3503	0.2494	0.1932	0.2071	0.3717	0.1918	0.1826	0.2539	2.3001E-3	1.674E-3	2.9757E-3	1.8964E-3	3.3123E-3	2.5906E-3	2.2737E-3	2.2763E-3	950.996	798.755	4050.089	50.500	64.863	17.955	83.172	48.520	82.974	30.956	14.554
81000000	8.202	17.549	0.2394	1.2510	0.3752	2.2496	0.3509	0.2627	0.1833	0.2031	0.3760	0.1945	0.1744	0.2551	2.0763E-3	1.4703E-3	2.6586E-3	1.7087E-3	3.3172E-3	2.4629E-3	2.1946E-3	2.1802E-3	45.118	922.906	4369.286	51.288	65.509	17.628	82.576	47.929	83.307	31.293	14.511
82000000	7.940	16.404	0.2295	1.1908	0.3831	2.2339	0.3518	0.2387	0.1947	0.2147	0.3765	0.1987	0.1811	0.2437	1.9976E-3	1.4058E-3	3.3124E-3	1.6268E-3	3.0547E-3	2.3171E-3	2.0687E-3	2.6578E-3	76.567	1116.470	4787.157	51.459	64.197	17.569	83.253	49.781	83.282	31.726	15.554
83000000	8.683	16.814	0.2172	1.2973	0.3831	2.2337	0.3579	0.2523	0.1721	0.2177	0.3717	0.1965	0.1778	0.2541	2.2082E-3	1.4281E-3	3.4641E-3	1.9064E-3	3.535E-3	2.4976E-3	2.4011E-3	2.8004E-3	33.969	796.399	4072.308	51.421	66.436	17.830	82.082	48.136	83.012	30.944	14.365
84000000	8.082	16.021	0.2295	1.1754	0.3857	2.2285	0.3620	0.2354	0.1777	0.2249	0.3816	0.1929	0.1841	0.2413	2.1744E-3	1.6169E-3	2.8992E-3	1.8041E-3	2.982E-3	2.4851E-3	2.545E-3	2.9821E-3	52.855	1000.980	4518.829	50.606	65.595	17.719	82.552	50.003	84.197	31.399	14.298
85000000	8.044	17.504	0.2106	1.2239	0.3993	2.2013	0.3527	0.2443	0.1900	0.2130	0.3653	0.1969	0.1796	0.2581	2.1976E-3	1.7119E-3	2.9174E-3	1.8087E-3	2.8337E-3	2.653E-3	2.3552E-3	2.5429E-3	57.357	880.174	4242.083	49.748	63.752	17.694	83.762	49.149	82.620	31.539	14.407
86000000	8.490	16.485	0.2270	1.2467	0.3811	2.2377	0.3567	0.2467	0.1784	0.2181	0.3710	0.1933	0.1859	0.2498	2.188E-3	1.2441E-3	2.7996E-3	1.7788E-3	2.9766E-3	2.3235E-3	2.2009E-3	2.532E-3	19.691	926.780	4365.797	53.426	67.609	17.700	83.164	48.488	84.098	31.348	14.513
87000000	8.277	16.112	0.2226	1.2644	0.3964	2.2071	0.3483	0.2446	0.1959	0.2112	0.3681	0.1977	0.1776	0.2565	2.2253E-3	1.613E-3	2.9539E-3	1.8314E-3	3.2527E-3	2.6812E-3	2.2697E-3	2.1208E-3	45.157	967.103	4366.829	50.218	68.292	17.538	82.760	48.935	83.418	31.845	14.774
88000000	7.974	16.289	0.2129	1.2364	0.4186	2.1628	0.3615	0.2244	0.1859	0.2283	0.3780	0.1938	0.1830	0.2452	2.1859E-3	1.5989E-3	3.3278E-3	1.8908E-3	3.2018E-3	2.3401E-3	2.148E-3	2.5685E-3	54.764	799.990	4079.671	50.458	67.719	17.563	81.666	49.420	83.964	30.559	14.217
89000000	7.199	16.370	0.2305	1.2610	0.4024	2.1952	0.3485	0.2477	0.1829	0.2210	0.3694	0.1945	0.1833	0.2528	2.1354E-3	1.3506E-3	3.4129E-3	1.8267E-3	2.8133E-3	2.4229E-3	2.3541E-3	2.264E-3	91.536	918.071	4395.591	52.318	65.172	17.619	83.951	49.324	84.067	31.038	15.165
90000000	8.458	17.418	0.2356	1.3280	0.3938	2.2124	0.3545	0.2439	0.1845	0.2172	0.3688	0.1970	0.1744	0.2598	2.1107E-3	1.4402E-3	2.8537E-3	1.9131E-3	3.0847E-3	2.6634E-3	2.4227E-3	2.335E-3	109.095	946.042	4420.760	51.491	64.491	18.172	82.023	48.016	83.740	30.689	14.903
91000000	7.956	16.481	0.2177	1.2000	0.3931	2.2137	0.3486	0.2428	0.2010	0.2076	0.3793	0.1970	0.1820	0.2416	2.2037E-3	1.6249E-3	3.0994E-3	1.8107E-3	2.8896E-3	2.5713E-3	2.528E-3	2.5033E-3	46.444	1214.859	4904.057	50.982	64.812	17.678	82.061	51.523	84.454	31.501	14.297
92000000	8.065	16.303	0.2442	1.3028	0.3698	2.2604	0.3586	0.2482	0.1730	0.2202	0.3758	0.1885	0.1806	0.2551	2.1341E-3	1.4421E-3	3.2934E-3	1.865E-3	2.7025E-3	2.4846E-3	2.4245E-3	2.6796E-3	20.138	863.176	4227.136	51.691	65.814	17.837	81.964	50.489	83.119	30.877	14.421
93000000	8.507	17.233	0.2135	1.0972	0.4358	2.1283	0.3613	0.2449	0.1777	0.2161	0.3797	0.1933	0.1826	0.2445	2.1605E-3	1.4719E-3	2.8451E-3	1.6627E-3	2.8149E-3	2.2968E-3	2.0079E-3	2.7028E-3	198.177	974.284	4461.705	51.166	65.898	17.817	81.937	49.777	84.446	32.421	14.290
94000000	8.953	16.345	0.2261	1.1480	0.4209	2.1581	0.3444	0.2426	0.1958	0.2172	0.3686	0.2014	0.1847	0.2453	2.168E-3	1.4454E-3	3.4553E-3	1.8323E-3	2.8799E-3	2.4248E-3	2.5873E-3	2.2608E-3	107.111	940.095	4415.579	51.283	68.223	17.820	83.072	50.124	83.801	31.404	15.171
95000000	8.402	16.489	0.2093	1.2302	0.4077	2.1847	0.3519	0.2511	0.1887	0.2083	0.3729	0.1910	0.1857	0.2504	2.1446E-3	1.5402E-3	3.0061E-3	1.6988E-3	3.1761E-3	2.4082E-3	2.4846E-3	2.3974E-3	80.207	900.874	4295.717	51.561	64.181	17.788	83.373	49.064	83.767	30.810	14.967
96000000	8.758	17.361	0.2066	1.1438	0.3948	2.2104	0.3475	0.2497	0.1801	0.2227	0.3676	0.1946	0.1895	0.2484	2.1919E-3	1.4776E-3	2.8817E-3	1.9157E-3	3.0647E-3	2.2909E-3	2.301E-3	2.3851E-3	45.344	935.945	4311.882	50.969	65.966	17.558	81.307	49.619	83.449	31.234	15.071
97000000	7.809	16.355	0.2401	1.2140	0.4355	2.1290	0.3374	0.2446	0.1997	0.2183	0.3711	0.1978	0.1862	0.2449	2.3171E-3	1.4891E-3	2.7238E-3	1.8671E-3	3.3918E-3	2.4835E-3	2.436E-3	2.3898E-3	62.999	930.941	4354.882	50.887	66.786	17.632	81.686	48.963	84.474	31.088	14.727
98000000	7.817	17.504	0.2210	1.2519	0.4358	2.1284	0.3574	0.2427	0.1849	0.2151	0.3807	0.2022	0.1777	0.2395	2.109E-3	1.3449E-3	3.0376E-3	1.5664E-3	2.9249E-3	2.4336E-3	2.4395E-3	2.5024E-3	88.412	951.147	4482.744	55.600	68.964	17.808	85.510	49.838	83.727	31.240	14.793
99000000	7.532	16.420	0.2232	1.2624	0.4022	2.1956	0.3529	0.2425	0.1859	0.2187	0.3766	0.1867	0.1831	0.2537	2.1493E-3	1.4403E-3	2.9605E-3	1.9342E-3	2.8347E-3	2.3725E-3	2.0654E-3	2.4461E-3	38.783	852.376	4238.658	52.221	67.591	18.138	82.178	50.733	84.412	31.406	13.945
100000000	8.248	17.025	0.2300	1.1555	0.4108	2.1784	0.3373	0.2366	0.1990	0.2271	0.3879	0.1915	0.1777	0.2429	2.1995E-3	1.6772E-3	2.7523E-3	1.896E-3	3.0854E-3	2.463E-3	2.1934E-3	2.4964E-3	15.377	951.726	4364.523	50.209	64.796	18.002	81.925	48.161	83.604	31.557	15.016
101000000	8.350	16.955	0.1989	1.3586	0.3422	2.3157	0.3585	0.2350	0.1805	0.2261	0.3755	0.1951	0.1891	0.2402	2.182E-3	1.5093E-3	3.1287E-3	1.8127E-3	2.8527E-3	2.2598E-3	2.2598E-3	2.4262E-3	48.404	886.684	4255.951	51.289	66.034	17.908	82.733	49.999	83.807	31.665	14.459
102000000	8.586	17.130	0.2193	1.2991	0.3993	2.2015	0.3610	0.2462	0.1812	0.2116	0.3812	0.1966	0.1776	0.2446	2.2141E-3	1.6748E-3	3.5175E-3	1.703E-3	3.2008E-3	2.4704E-3	2.3624E-3	2.3978E-3	116.399	916.805	4308.472	50.157	66.237	17.673	82.696	49.527	83.083	30.634	14.629
103000000	8.440	16.319	0.2206	1.2729	0.4018	2.1963	0.3443	0.2492	0.1862	0.2202	0.3759	0.1954	0.1790	0.2497	2.258E-3	1.68E-3	3.2246E-3	1.7126E-3	3.0902E-3	2.3786E-3	2.3034E-3	2.2499E-3	44.005	779.638	3981.404	50.428	65.234	18.031	83.653	47.374	83.278	31.400	14.611
104000000	8.009	15.978	0.2139	1.2429	0.4292	2.1417	0.3633	0.2279	0.1891	0.2197	0.3782	0.1935	0.1800	0.2483	2.2341E-3	1.5441E-3	3.227E-3	1.927E-3	3.1996E-3	2.6205E-3	2.5146E-3	2.5976E-3	29.904	870.187	4193.597	50.426	65.442	17.397	83.333	48.046	83.176	30.756	14.315
105000000	8.416	16.452	0.2181	1.3129	0.3867	2.2267	0.3439	0.2478	0.1867	0.2217	0.3695	0.2030	0.1805	0.2471	2.1849E-3	1.6115E-3	3.356E-3	1.9206E-3	2.8001E-3	2.3254E-3	2.3182E-3	2.8168E-3	37.566	1171.831	4827.697	51.758	66.374	17.874	82.358	48.214	83.512	31.139	14.007
106000000	9.012	16.515	0.2182	1.2392	0.4097	2.1806	0.3776	0.2372	0.1805	0.2047	0.3821	0.1935	0.1851	0.2393	2.227E-3	1.6698E-3	2.5798E-3	1.8981E-3	3.1116E-3	2.6987E-3	2.6052E-3	2.5941E-3	135.541	1244.603	4982.149	52.020	67.017	18.215	82.681	47.886	83.160	31.427	14.402
107000000	8.136	17.348	0.2149	1.2191	0.3989	2.2022	0.3427	0.2565	0.1817	0.2191	0.3817	0.1920	0.1805	0.2459	2.1466E-3	1.3778E-3	3.2766E-3	1.8315E-3	3.1854E-3	2.3661E-3	2.8572E-3	2.6306E-3	14.980	965.198	4434.840	51.907	65.617	18.051	81.842	49.725	83.463	31.721	13.825
108000000	7.722	16.250	0.2281	1.2900	0.3983	2.2035	0.3652	0.2399	0.1779	0.2171	0.3694	0.1966	0.1810	0.2529	2.0906E-3	1.4729E-3	2.797E-3	1.7899E-3	2.9931E-3	2.3035E-3	2.152E-3	2.2656E-3	84.868	872.231	4292.324	51.233	64.528	18.135	83.608	48.794	83.423	31.217	14.915
109000000	7.959	16.436	0.2358	1.2254	0.4004	2.1991	0.3367	0.2599	0.1825	0.2209	0.3757	0.1959	0.1815	0.2469	2.1609E-3	1.4613E-3	3.1176E-3	1.7509E-3	2.9016E-3	2.4058E-3	2.5127E-3	2.2855E-3	64.376	821.345	4093.752	51.994	67.465	17.493	82.328	48.271	83.580	31.052	14.892
110000000	8.311	16.844	0.2122	1.3285	0.4055	2.1889	0.3592	0.2370	0.1898	0.2140	0.3734	0.1956	0.1846	0.2464	2.249E-3	1.4462E-3	2.2303E-3	1.6819E-3	3.2213E-3	2.6E-3	2.2144E-3	2.2453E-3	20.929	783.158	4054.203	51.311	68.845	17.892	84.091	48.095	82.734	31.357	14.525
111000000	8.476	17.295	0.2235	1.2278	0.3765	2.2470	0.3499	0.2521	0.1833	0.2148	0.3753	0.1989	0.1813	0.2445	2.2895E-3	1.5342E-3	2.6584E-3	1.8345E-3	3.1578E-3	2.4803E-3	2.3276E-3	2.2264E-3	80.360	905.358	4216.280	50.916	63.485	18.215	81.690	49.470	83.384	31.057	14.982
112000000	8.754	16.487	0.2143	1.1154	0.3991	2.2019	0.3500	0.2469	0.1893	0.2138	0.3783	0.1915	0.1865	0.2437	2.1412E-3	1.3481E-3	2.6754E-3	1.8088E-3	3.0173E-3	2.6068E-3	2.4943E-3	2.2196E-3	396.948	1000.368	4515.074	51.175	70.321	17.980	82.249	48.457	84.354	31.143	14.879
113000000	8.781	16.319	0.2352	1.3348	0.3924	2.2152	0.3496	0.2374	0.1904	0.2226	0.3705	0.1912	0.1849	0.2534	2.1872E-3	1.4159E-3	2.6414E-3	2.0125E-3	3.1264E-3	2.374E-3	2.1083E-3	2.8285E-3	16.706	846.201	4205.029	52.375	67.041	18.546	82.756	49.540	83.937	31.879	14.134
114000000	8.414	16.782	0.2231	1.3508	0.3961	2.2079	0.3485	0.2451	0.1968	0.2096	0.3792	0.1962	0.1843	0.2403	2.2404E-3	1.4457E-3	2.9837E-3	1.7987E-3	2.8214E-3	2.5565E-3	2.4396E-3	2.8321E-3	127.170	1038.090	4593.471	52.075	70.526	18.261	82.295	50.696	83.661	31.682	13.845
115000000	8.270	17.159	0.2281	1.2677	0.4042	2.1916	0.3573	0.2439	0.1854	0.2134	0.3690	0.1998	0.1806	0.2506	2.2046E-3	1.5479E-3	2.711E-3	1.903E-3	3.2034E-3	2.4444E-3	2.0614E-3	2.2533E-3	81.671	893.524	4262.303	50.728	67.246	17.657	82.817	49.767	83.123	32.309	14.694
116000000	8.832	16.659	0.2261	1.4878	0.3913	2.2174	0.3819	0.2359	0.1716	0.2107	0.3836	0.1874	0.1803	0.2486	2.1127E-3	1.3612E-3	3.111E-3	1.7477E-3	2.8702E-3	2.4494E-3	2.4655E-3	2.3491E-3	28.352	1023.466	4589.080	52.985	65.483	17.347	82.792	50.262	83.740	31.109	14.323
117000000	8.241	16.349	0.2308	1.3060	0.4109	2.1782	0.3559	0.2428	0.1834	0.2180	0.3732	0.1895	0.1810	0.2563	2.2676E-3	1.6903E-3	2.8726E-3	1.8211E-3	3.2579E-3	2.5058E-3	2.555E-3	2.6325E-3	58.137	884.779	4234.341	50.433	63.900	17.555	83.894	49.465	83.458	30.555	15.185
118000000	8.196	16.783	0.2210	1.3339	0.3812	2.2375	0.3382	0.2463	0.2014	0.2141	0.3698	0.2004	0.1774	0.2524	2.1563E-3	1.3886E-3	2.9821E-3	1.8136E-3	3.0152E-3	2.464E-3	2.0941E-3	2.196E-3	173.496	828.949	4170.357	51.453	68.290	18.348	82.439	50.134	83.686	31.909	15.736
119000000	7.693	15.832	0.2109	1.2451	0.4105	2.1789	0.3384	0.2510	0.1916	0.2190	0.3740	0.1932	0.1798	0.2531	2.1386E-3	1.4056E-3	2.8233E-3	1.8283E-3	2.9569E-3	2.4389E-3	2.0432E-3	2.0907E-3	64.232	859.749	4228.970	51.126	65.043	17.568	82.015	47.750	82.921	31.961	15.473
120000000	8.948	17.034	0.2145	1.2271	0.4100	2.1800	0.3646	0.2465	0.1777	0.2112	0.3728	0.2001	0.1791	0.2480	2.1304E-3	1.4412E-3	2.6626E-3	1.9586E-3	3.1336E-3	2.5768E-3	2.2477E-3	2.7262E-3	97.074	888.384	4301.463	51.398	65.041	18.692	82.451	49.656	82.800	31.375	14.042
121000000	8.397	17.316	0.2209	1.2184	0.3981	2.2039	0.3589	0.2453	0.1904	0.2055	0.3827	0.1960	0.1828	0.2384	2.2476E-3	1.5529E-3	3.3334E-3	1.8263E-3	3.3412E-3	2.4427E-3	2.3145E-3	2.7237E-3	67.672	823.801	4068.970	52.145	68.335	18.404	82.665	48.714	83.486	31.464	14.185
122000000	8.012	17.195	0.2303	1.1580	0.4033	2.1935	0.3479	0.2360	0.2027	0.2134	0.3812	0.1910	0.1768	0.2510	2.1173E-3	1.3906E-3	2.6342E-3	1.9274E-3	3.032E-3	2.4403E-3	2.2109E-3	2.5213E-3	64.654	997.451	4494.267	53.284	70.750	18.162	82.452	47.705	83.478	31.212	14.213
123000000	8.177	15.994	0.2082	1.3044	0.3836	2.2329	0.3358	0.2450	0.1928	0.2264	0.3780	0.2012	0.1791	0.2417	2.1326E-3	1.5742E-3	2.681E-3	1.8221E-3	3.1793E-3	2.3454E-3	2.324E-3	2.3475E-3	310.147	1078.499	4634.868	51.514	66.958	17.962	82.034	48.864	83.255	31.251	14.684
124000000	8.535	16.217	0.2208	1.2946	0.3848	2.2304	0.3386	0.2466	0.1950	0.2198	0.3745	0.1969	0.1797	0.2489	2.2387E-3	1.4402E-3	2.866E-3	1.7751E-3	3.0899E-3	2.4743E-3	2.4918E-3	2.305E-3	94.588	997.421	4487.427	51.476	65.978	17.766	83.962	48.888	83.075	31.370	15.281
125000000	8.792	17.205	0.2139	1.2359	0.4018	2.1965	0.3478	0.2492	0.1805	0.2224	0.3723	0.1938	0.1814	0.2525	2.1651E-3	1.5865E-3	3.0709E-3	1.7689E-3	3.3772E-3	2.6323E-3	2.4052E-3	1.9758E-3	335.497	1041.379	4587.862	50.662	65.672	17.488	82.975	47.644	83.326	30.936	15.264
126000000	8.498	16.677	0.2126	1.3766	0.4050	2.1900	0.3457	0.2600	0.1827	0.2115	0.3727	0.1997	0.1791	0.2485	2.2158E-3	1.5109E-3	2.564E-3	1.7969E-3	3.3159E-3	2.4973E-3	2.387E-3	2.6248E-3	92.939	850.082	4185.531	50.826	68.154	18.468	82.323	48.028	82.814	30.659	14.507
127000000	8.502	15.219	0.2228	1.2659	0.3875	2.2249	0.3619	0.2306	0.1807	0.2268	0.3788	0.1980	0.1807	0.2425	2.125E-3	1.5962E-3	2.8872E-3	1.7633E-3	2.9489E-3	2.4208E-3	2.3501E-3	2.4762E-3	32.550	917.316	4330.817	51.268	64.482	17.884	82.942	49.312	84.171	31.378	14.676
128000000	9.387	14.958	0.2258	1.2078	0.3978	2.2044	0.3399	0.2468	0.1866	0.2268	0.3863	0.1956	0.1810	0.2371	2.1168E-3	1.3816E-3	2.3402E-3	1.7796E-3	2.9487E-3	2.3366E-3	2.6301E-3	2.9272E-3	107.574	1084.699	4705.364	52.206	68.952	17.708	82.872	49.492	83.073	31.690	13.945
129000000	8.021	16.684	0.2473	1.2551	0.3906	2.2188	0.3520	0.2327	0.1870	0.2283	0.3725	0.1967	0.1834	0.2474	2.1922E-3	1.4444E-3	3.0563E-3	1.8384E-3	3.2115E-3	2.3671E-3	2.0336E-3	2.6135E-3	76.308	860.518	4181.128	52.599	65.796	17.904	83.650	47.680	83.458	31.398	14.338
130000000	8.792	16.454	0.2089	1.2034	0.3914	2.2173	0.3570	0.2332	0.1864	0.2234	0.3786	0.1963	0.1883	0.2368	2.26E-3	1.47E-3	2.6998E-3	1.7728E-3	3.122E-3	2.5253E-3	2.7101E-3	2.3641E-3	19.927	855.081	4202.833	52.836	71.553	17.654	82.790	47.343	84.612	32.422	15.457
131000000	8.036	16.446	0.2254	1.1551	0.3806	2.2388	0.3349	0.2460	0.2019	0.2173	0.3769	0.2014	0.1828	0.2389	2.0351E-3	1.6419E-3	2.422E-3	1.7834E-3	3.1317E-3	2.3881E-3	2.3187E-3	2.3649E-3	132.569	1132.867	4780.287	51.104	66.346	18.801	82.981	49.329	84.193	31.897	15.224
132000000	7.717	15.615	0.2365	1.1598	0.4273	2.1454	0.3613	0.2403	0.1867	0.2117	0.3762	0.1929	0.1822	0.2488	2.2091E-3	1.4833E-3	2.7768E-3	1.7514E-3	3.3629E-3	2.4707E-3	2.3539E-3	2.4517E-3	89.911	880.571	4285.823	52.182	64.425	18.339	84.491	46.664	82.594	31.505	14.758
133000000	8.330	16.448	0.2243	1.2693	0.4051	2.1899	0.3489	0.2476	0.1946	0.2088	0.3855	0.1880	0.1856	0.2409	2.2019E-3	1.4211E-3	2.9247E-3	1.7842E-3	2.9153E-3	2.4561E-3	2.3208E-3	2.6609E-3	103.955	865.256	4268.655	52.784	67.273	17.979	81.395	50.281	84.306	30.837	14.644
134000000	7.608	17.737	0.2347	1.1987	0.3869	2.2262	0.3344	0.2545	0.1789	0.2323	0.3721	0.2000	0.1756	0.2524	2.1943E-3	1.6767E-3	3.0763E-3	1.8223E-3	3.1727E-3	2.4982E-3	2.1695E-3	2.52E-3	104.011	782.323	4079.553	52.372	64.897	17.641	82.727	48.860	82.725	31.830	14.793
135000000	8.090	17.037	0.2273	1.1869	0.4116	2.1767	0.3582	0.2323	0.1941	0.2155	0.3762	0.1873	0.1878	0.2486	2.2389E-3	1.5173E-3	3.0909E-3	1.7584E-3	2.8317E-3	2.4727E-3	2.2523E-3	2.3143E-3	96.719	727.699	3922.974	51.842	65.605	18.217	83.863	50.471	84.268	32.268	14.509
136000000	8.087	17.354	0.2208	1.1988	0.4087	2.1826	0.3454	0.2461	0.1929	0.2155	0.3824	0.1887	0.1781	0.2508	2.1885E-3	1.5721E-3	3.2216E-3	1.8994E-3	3.0633E-3	2.4976E-3	2.3461E-3	2.573E-3	52.683	1077.490	4657.579	51.453	64.915	17.676	83.405	49.445	83.862	31.770	14.517
137000000	8.190	16.506	0.2128	1.2267	0.4116	2.1769	0.3572	0.2514	0.1812	0.2102	0.3702	0.1992	0.1802	0.2505	2.1929E-3	1.4848E-3	3.3884E-3	1.9311E-3	3.5626E-3	2.4216E-3	2.2754E-3	2.4148E-3	62.442	777.174	3997.353	51.953	64.243	17.263	82.137	46.950	83.180	31.306	14.741
138000000	8.558	16.341	0.2165	1.3969	0.4057	2.1886	0.3647	0.2455	0.1700	0.2198	0.3801	0.1942	0.1771	0.2486	2.2333E-3	1.7012E-3	2.8283E-3	1.8501E-3	3.2152E-3	2.3545E-3	2.6616E-3	2.7066E-3	508.622	830.407	4102.122	50.288	64.136	17.579	81.215	47.202	83.932	30.785	14.198
139000000	7.724	16.787	0.2229	1.3075	0.4048	2.1905	0.3568	0.2543	0.1859	0.2030	0.3667	0.1975	0.1836	0.2522	2.1979E-3	1.3853E-3	3.3848E-3	1.9439E-3	3.2074E-3	2.6024E-3	2.657E-3	2.7891E-3	79.938	779.994	4060.629	51.159	67.479	17.657	84.131	50.257	83.272	31.077	14.281
140000000	7.255	16.312	0.2164	1.3228	0.3815	2.2371	0.3494	0.2450	0.1912	0.2144	0.3799	0.1931	0.1837	0.2433	2.184E-3	1.4994E-3	2.7675E-3	1.8069E-3	3.0812E-3	2.5696E-3	2.3686E-3	2.4159E-3	170.674	982.602	4461.529	51.009	67.174	17.784	82.522	48.478	82.801	30.543	14.572
141000000	7.489	16.856	0.2325	1.2525	0.4230	2.1540	0.3473	0.2429	0.1963	0.2135	0.3801	0.1953	0.1838	0.2408	2.2295E-3	1.4564E-3	3.0915E-3	1.9065E-3	3.1725E-3	2.6549E-3	2.6075E-3	2.194E-3	54.938	820.394	4130.032	50.662	67.771	17.917	82.271	49.217	83.835	30.674	14.502
142000000	7.747	16.928	0.2226	1.1799	0.4004	2.1993	0.3584	0.2335	0.1884	0.2198	0.3799	0.1914	0.1807	0.2481	2.1844E-3	1.4819E-3	3.6063E-3	1.805E-3	3.2587E-3	2.3524E-3	2.3626E-3	2.4862E-3	32.151	964.052	4461.821	53.256	65.944	17.743	81.916	48.789	84.151	31.076	14.571
143000000	8.318	17.305	0.2164	1.3293	0.4125	2.1751	0.3374	0.2431	0.1997	0.2198	0.3748	0.1994	0.1783	0.2475	2.2653E-3	1.6335E-3	3.15E-3	1.8328E-3	2.9682E-3	2.5024E-3	1.9513E-3	2.625E-3	35.593	920.893	4326.176	50.841	64.852	17.930	82.738	49.506	83.475	32.909	14.758
144000000	7.402	16.822	0.2373	1.3737	0.3881	2.2238	0.3495	0.2462	0.1846	0.2197	0.3704	0.1952	0.1820	0.2524	2.276E-3	1.3802E-3	2.7192E-3	2.0353E-3	3.0968E-3	2.5052E-3	2.3727E-3	2.6116E-3	159.464	885.170	4299.431	54.463	70.665	17.980	83.332	49.107	83.617	31.804	13.916
145000000	9.458	16.257	0.2311	1.1599	0.4224	2.1553	0.3598	0.2482	0.1770	0.2150	0.3840	0.1913	0.1787	0.2460	2.1693E-3	1.4788E-3	2.556E-3	1.9175E-3	2.8812E-3	2.3977E-3	2.5847E-3	2.3114E-3	19.117	1183.720	4826.755	50.546	68.682	18.059	81.807	48.548	83.884	31.198	15.165
146000000	8.301	16.321	0.2242	1.1535	0.3965	2.2071	0.3372	0.2614	0.1812	0.2201	0.3739	0.1951	0.1788	0.2522	2.2187E-3	1.4264E-3	3.19E-3	1.8902E-3	3.108E-3	2.3982E-3	2.3504E-3	2.6693E-3	162.755	829.195	4089.072	52.620	67.570	18.195	82.490	46.992	83.963	31.129	14.122
147000000	8.126	16.946	0.2199	1.2580	0.3864	2.2272	0.3714	0.2479	0.1796	0.2010	0.3787	0.1973	0.1796	0.2444	2.2473E-3	1.5809E-3	2.4771E-3	1.8423E-3	2.937E-3	2.5611E-3	2.1786E-3	2.3808E-3	23.146	950.567	4389.065	51.447	66.689	17.983	82.483	50.210	83.248	32.199	14.313
148000000	8.699	16.946	0.2175	1.2110	0.4009	2.1983	0.3456	0.2508	0.1792	0.2244	0.3823	0.1923	0.1808	0.2445	2.1E-3	1.5623E-3	3.1276E-3	1.7225E-3	3.3758E-3	2.5247E-3	2.197E-3	2.2238E-3	33.637	897.982	4223.912	50.817	67.733	17.572	82.819	47.595	83.179	31.335	15.371
149000000	8.516	16.094	0.2215	1.3254	0.4067	2.1866	0.3465	0.2405	0.1933	0.2197	0.3731	0.1911	0.1836	0.2521	2.1814E-3	1.5145E-3	2.8494E-3	1.7213E-3	3.0604E-3	2.4364E-3	2.5765E-3	2.227E-3	73.728	982.478	4455.303	52.120	68.465	18.111	83.915	48.629	84.235	31.633	14.244
150000000	8.747	17.121	0.2235	1.3929	0.3714	2.2572	0.3510	0.2479	0.1811	0.2200	0.3761	0.1952	0.1743	0.2544	2.2533E-3	1.4793E-3	2.9028E-3	1.7818E-3	3.0928E-3	2.5623E-3	2.3259E-3	2.9285E-3	32.674	905.174	4265.082	51.929	65.828	17.726	84.315	47.261	84.396	31.293	13.949
151000000	8.281	16.521	0.2380	1.2555	0.3978	2.2043	0.3629	0.2377	0.1867	0.2127	0.3779	0.1926	0.1854	0.2441	2.1641E-3	1.5412E-3	2.6261E-3	1.8187E-3	2.8433E-3	2.2842E-3	2.5327E-3	2.1623E-3	162.696	1021.761	4528.952	51.404	64.739	17.866	83.466	48.988	83.734	31.018	15.079
152000000	8.435	15.631	0.2311	1.1506	0.3706	2.2589	0.3474	0.2550	0.1866	0.2111	0.3715	0.1994	0.1755	0.2536	2.0764E-3	1.4256E-3	3.0804E-3	1.7472E-3	2.9668E-3	2.4074E-3	2.2003E-3	2.3396E-3	346.667	879.218	4265.461	51.486	64.715	17.688	83.153	48.966	83.634	31.784	14.573
153000000	8.335	17.119	0.2112	1.3035	0.3971	2.2058	0.3526	0.2345	0.1959	0.2169	0.3721	0.2000	0.1819	0.2459	2.1988E-3	1.4489E-3	2.6599E-3	2.0585E-3	3.4799E-3	2.571E-3	2.1964E-3	2.6303E-3	89.412	856.895	4167.510	52.098	65.970	18.377	81.706	49.193	83.035	31.707	14.036
154000000	7.747	15.962	0.2200	1.3507	0.3854	2.2292	0.3598	0.2335	0.1895	0.2173	0.3734	0.1909	0.1833	0.2523	2.2313E-3	1.5199E-3	3.063E-3	1.8983E-3	2.9428E-3	2.2991E-3	2.4231E-3	2.425E-3	182.334	874.216	4241.864	52.340	68.087	17.929	82.407	50.287	83.708	32.265	14.705
155000000	8.881	16.750	0.2229	1.2285	0.4033	2.1935	0.3564	0.2457	0.1768	0.2210	0.3743	0.2014	0.1846	0.2398	2.0929E-3	1.5251E-3	3.4573E-3	1.8561E-3	3.1203E-3	2.2677E-3	2.2771E-3	2.4616E-3	11.046	1033.648	4615.377	52.464	65.308	17.788	83.825	47.705	84.365	31.007	14.488
156000000	7.991	16.080	0.2171	1.3050	0.4127	2.1746	0.3416	0.2675	0.1834	0.2075	0.3840	0.1843	0.1821	0.2496	2.1005E-3	1.4637E-3	3.6853E-3	1.8395E-3	3.1328E-3	2.5724E-3	2.4021E-3	2.212E-3	107.489	1025.617	4605.165	51.964	67.793	17.366	83.312	48.499	83.271	31.736	14.768
157000000	7.976	16.437	0.2207	1.2690	0.3966	2.2067	0.3438	0.2553	0.1934	0.2076	0.3693	0.1970	0.1823	0.2515	2.1019E-3	1.6164E-3	2.8966E-3	1.5943E-3	2.9206E-3	2.341E-3	2.2653E-3	2.4365E-3	115.652	992.484	4505.048	50.266	66.627	18.027	84.089	48.266	83.963	30.988	14.489
158000000	8.705	16.805	0.2166	1.3256	0.3701	2.2598	0.3410	0.2547	0.1784	0.2258	0.3685	0.1956	0.1849	0.2509	2.1911E-3	1.5405E-3	3.1259E-3	1.832E-3	3.3963E-3	2.4777E-3	2.3951E-3	2.7633E-3	94.938	941.398	4419.314	50.299	64.719	17.681	82.924	48.172	84.640	31.603	13.768
159000000	8.384	17.124	0.2261	1.2465	0.3960	2.2081	0.3362	0.2553	0.1986	0.2099	0.3827	0.1938	0.1791	0.2444	2.2259E-3	1.6566E-3	2.8649E-3	1.8028E-3	3.0205E-3	2.5261E-3	2.2811E-3	2.4782E-3	31.313	1043.636	4599.606	50.377	67.653	18.131	82.044	50.605	83.603	31.279	14.069
160000000	7.862	18.162	0.2434	1.3278	0.3883	2.2234	0.3592	0.2310	0.1841	0.2257	0.3761	0.1917	0.1813	0.2508	2.1667E-3	1.403E-3	3.0026E-3	1.6838E-3	3.0184E-3	2.43E-3	2.3428E-3	2.3218E-3	38.146	874.280	4269.103	51.706	66.621	18.246	81.608	48.619	82.823	31.384	14.654
161000000	8.335	17.193	0.2421	1.2158	0.4056	2.1888	0.3552	0.2458	0.1895	0.2095	0.3793	0.1995	0.1755	0.2457	2.205E-3	1.4329E-3	2.3581E-3	1.7858E-3	2.8847E-3	2.2954E-3	2.3538E-3	2.2389E-3	16.831	909.126	4245.862	51.492	70.218	17.924	82.952	48.263	82.956	31.669	14.729
162000000	7.503	16.849	0.2265	1.2633	0.4024	2.1952	0.3478	0.2517	0.1875	0.2129	0.3796	0.1969	0.1750	0.2484	2.1994E-3	1.5844E-3	2.9985E-3	1.8213E-3	3.1719E-3	2.4511E-3	2.5546E-3	2.4794E-3	87.506	839.027	4130.788	50.839	70.313	17.423	82.120	48.978	83.491	31.047	13.996
163000000	8.090	16.797	0.2150	1.2087	0.4223	2.1555	0.3401	0.2446	0.1984	0.2169	0.3710	0.1982	0.1871	0.2438	2.2502E-3	1.3775E-3	3.0223E-3	1.92E-3	3.3728E-3	2.6448E-3	2.539E-3	2.3427E-3	113.620	1083.510	4685.947	52.576	73.849	18.209	82.913	49.768	82.997	31.348	14.822
164000000	7.719	17.587	0.2118	1.1381	0.3997	2.2005	0.3542	0.2342	0.1945	0.2171	0.3877	0.1936	0.1795	0.2392	2.1915E-3	1.316E-3	3.1882E-3	1.6919E-3	3.3032E-3	2.3607E-3	1.9481E-3	2.5425E-3	17.206	1061.537	4641.863	51.830	67.484	18.637	83.205	48.177	83.404	31.938	15.094
165000000	8.135	16.520	0.2258	1.2622	0.4012	2.1977	0.3476	0.2361	0.1864	0.2299	0.3773	0.1993	0.1763	0.2471	2.1044E-3	1.5935E-3	2.7302E-3	1.9048E-3	3.0781E-3	2.5222E-3	2.4292E-3	2.3773E-3	21.175	856.996	4264.945	51.402	67.548	18.645	81.737	49.227	83.411	31.333	14.935
166000000	9.053	16.646	0.2259	1.3666	0.3757	2.2486	0.3554	0.2417	0.1860	0.2169	0.3695	0.2027	0.1796	0.2482	2.1463E-3	1.607E-3	2.9901E-3	1.7999E-3	2.831E-3	2.4327E-3	2.66E-3	2.2705E-3	132.704	898.861	4291.062	51.034	65.060	18.084	83.577	48.118	84.473	30.895	14.875
167000000	8.685	16.295	0.2444	1.1867	0.3934	2.2133	0.3513	0.2442	0.1828	0.2217	0.3794	0.1946	0.1887	0.2373	2.1802E-3	1.309E-3	3.096E-3	1.8974E-3	3.083E-3	2.3468E-3	2.2381E-3	2.2289E-3	202.911	921.056	4339.696	52.631	68.694	17.620	81.283	48.016	83.697	31.340	15.537
168000000	8.216	16.154	0.2232	1.2291	0.4055	2.1889	0.3551	0.2387	0.1827	0.2236	0.3810	0.1904	0.1811	0.2476	2.2023E-3	1.3855E-3	2.7784E-3	1.7644E-3	3.1455E-3	2.4044E-3	2.11E-3	2.622E-3	66.859	946.530	4368.232	51.457	65.253	18.026	82.825	49.078	84.220	30.974	14.764
169000000	8.468	15.935	0.2335	1.2234	0.4131	2.1738	0.3644	0.2414	0.1741	0.2202	0.3814	0.1889	0.1787	0.2510	2.1368E-3	1.706E-3	3.191E-3	1.7787E-3	3.1664E-3	2.6342E-3	2.4201E-3	2.4186E-3	101.411	938.187	4362.457	50.222	66.209	17.869	81.944	48.847	83.513	31.068	14.298
170000000	7.928	16.036	0.2182	1.2326	0.3938	2.2124	0.3503	0.2418	0.1915	0.2164	0.3661	0.1968	0.1833	0.2538	2.2862E-3	1.4612E-3	2.443E-3	1.8792E-3	3.22E-3	2.4843E-3	2.4423E-3	2.3913E-3	410.345	841.854	4157.223	51.775	68.900	17.835	84.413	50.342	83.131	31.199	14.632
171000000	7.718	16.992	0.2003	1.2247	0.3966	2.2068	0.3502	0.2418	0.1876	0.2204	0.3775	0.1931	0.1830	0.2464	2.1045E-3	1.5218E-3	2.7715E-3	1.7943E-3	3.0819E-3	2.4248E-3	2.1752E-3	2.3991E-3	50.823	1023.058	4532.821	51.526	64.712	17.691	82.140	48.565	83.202	31.289	14.308
172000000	7.925	15.022	0.2296	1.2847	0.3937	2.2126	0.3522	0.2412	0.1885	0.2180	0.3791	0.1959	0.1852	0.2399	2.1271E-3	1.5168E-3	2.592E-3	1.739E-3	2.7898E-3	2.3791E-3	2.3568E-3	2.6014E-3	25.549	824.012	4147.341	51.055	64.956	17.573	82.795	51.487	82.859	31.464	14.705
173000000	8.120	16.833	0.2329	1.2447	0.4024	2.1952	0.3507	0.2376	0.1891	0.2226	0.3782	0.1899	0.1799	0.2520	2.1156E-3	1.362E-3	2.6422E-3	1.7617E-3	3.1908E-3	2.2963E-3	2.4194E-3	2.4416E-3	94.019	1058.067	4666.951	52.326	69.773	18.009	83.956	49.249	83.243	31.888	14.873
174000000	7.734	16.581	0.2279	1.2297	0.4033	2.1933	0.3620	0.2363	0.1819	0.2199	0.3794	0.1915	0.1842	0.2450	2.2272E-3	1.7147E-3	3.0073E-3	1.9327E-3	2.8898E-3	2.3358E-3	2.34E-3	2.5024E-3	60.661	823.755	4082.951	50.570	65.019	17.912	81.729	50.279	83.799	30.952	13.965
175000000	8.179	16.938	0.2161	1.2986	0.4019	2.1963	0.3419	0.2480	0.1907	0.2193	0.3780	0.1980	0.1812	0.2428	2.1532E-3	1.6323E-3	2.7603E-3	1.8165E-3	2.9304E-3	2.465E-3	2.5208E-3	2.902E-3	25.826	1067.392	4628.321	50.955	66.789	18.218	82.919	49.893	84.211	31.420	14.138
176000000	8.184	16.545	0.2339	1.1785	0.3959	2.2083	0.3514	0.2512	0.1856	0.2118	0.3769	0.1953	0.1804	0.2474	2.1419E-3	1.4976E-3	2.9015E-3	1.7984E-3	3.1487E-3	2.6774E-3	2.146E-3	2.343E-3	253.039	904.923	4312.732	53.145	66.770	17.671	83.934	49.470	83.446	31.901	14.929
177000000	8.810	16.753	0.2211	1.2705	0.3781	2.2438	0.3527	0.2415	0.1790	0.2268	0.3815	0.1925	0.1758	0.2503	2.1039E-3	1.3327E-3	2.517E-3	1.7981E-3	2.8632E-3	2.5079E-3	2.1838E-3	2.6401E-3	52.342	808.098	4135.753	52.698	67.883	18.747	83.038	48.506	84.150	31.471	14.645
178000000	8.362	16.697	0.2273	1.2275	0.4124	2.1752	0.3464	0.2445	0.1888	0.2203	0.3826	0.1966	0.1795	0.2412	2.0426E-3	1.4572E-3	2.5984E-3	1.8177E-3	3.3502E-3	2.4782E-3	2.0443E-3	2.1816E-3	30.779	933.027	4383.893	52.398	65.788	17.856	81.673	48.849	83.411	32.248	14.644
179000000	8.994	16.155	0.2175	1.3402	0.3870	2.2261	0.3536	0.2456	0.1800	0.2208	0.3718	0.1992	0.1862	0.2428	2.2951E-3	1.5594E-3	2.7536E-3	1.8119E-3	2.6319E-3	2.5209E-3	2.5327E-3	2.4819E-3	104.557	891.531	4299.360	52.199	66.558	18.016	83.569	51.198	83.477	31.402	14.649
180000000	7.454	16.479	0.2339	1.1275	0.4249	2.1502	0.3519	0.2376	0.1852	0.2253	0.3775	0.1979	0.1821	0.2424	2.2386E-3	1.4738E-3	2.8698E-3	1.7915E-3	3.2095E-3	2.5283E-3	2.7962E-3	2.4182E-3	62.046	809.663	4086.364	52.702	66.786	17.615	82.861	48.634	83.613	31.077	15.192
181000000	7.430	16.991	0.2358	1.2416	0.4167	2.1666	0.3485	0.2510	0.1932	0.2073	0.3808	0.1950	0.1804	0.2438	2.1537E-3	1.451E-3	2.8256E-3	1.7114E-3	2.823E-3	2.3893E-3	2.0982E-3	2.4392E-3	42.546	734.959	3958.446	51.901	67.194	18.142	84.108	51.262	83.663	32.030	13.914
182000000	8.396	16.525	0.2236	1.2578	0.3941	2.2117	0.3559	0.2396	0.1903	0.2142	0.3838	0.1955	0.1765	0.2441	2.2371E-3	1.6115E-3	2.8152E-3	1.8768E-3	3.409E-3	2.4244E-3	2.4331E-3	2.1039E-3	67.483	896.429	4264.492	51.239	64.469	18.032	83.070	48.193	83.511	31.150	15.300
183000000	7.772	16.140	0.2184	1.1998	0.4108	2.1784	0.3483	0.2438	0.1918	0.2161	0.3856	0.1921	0.1843	0.2380	2.1851E-3	1.2806E-3	3.3028E-3	1.8441E-3	3.0383E-3	2.3471E-3	2.6452E-3	2.3174E-3	36.093	821.205	4149.554	52.673	68.968	17.637	83.000	47.828	84.226	31.277	14.941
184000000	8.628	16.731	0.2246	1.2165	0.4218	2.1565	0.3429	0.2443	0.1970	0.2158	0.3767	0.1952	0.1801	0.2480	2.2021E-3	1.4992E-3	2.5821E-3	1.931E-3	2.8399E-3	2.3452E-3	2.4106E-3	2.1048E-3	22.614	1114.312	4729.210	50.954	65.779	17.899	82.868	49.945	83.344	31.493	16.358
185000000	8.165	17.308	0.2013	1.2863	0.3991	2.2018	0.3344	0.2386	0.1995	0.2275	0.3809	0.1940	0.1768	0.2483	2.1588E-3	1.5476E-3	2.5686E-3	1.8015E-3	2.9736E-3	2.5251E-3	2.4414E-3	2.5399E-3	84.629	1142.702	4764.878	51.104	65.128	18.193	83.100	49.909	83.118	30.870	14.408
186000000	8.429	17.348	0.2228	1.2693	0.4226	2.1548	0.3507	0.2485	0.1897	0.2111	0.3717	0.1964	0.1866	0.2452	2.3035E-3	1.6544E-3	3.1371E-3	1.7935E-3	2.9622E-3	2.4796E-3	2.6253E-3	2.7207E-3	57.946	910.938	4261.744	50.897	65.429	17.280	84.428	47.529	83.377	31.060	13.790
187000000	8.593	16.307	0.2335	1.2236	0.3768	2.2464	0.3587	0.2409	0.1958	0.2046	0.3710	0.1912	0.1876	0.2502	2.2007E-3	1.6125E-3	2.625E-3	1.9354E-3	3.1179E-3	2.4761E-3	2.4605E-3	2.7593E-3	21.960	974.060	4406.675	50.393	65.306	18.066	82.093	50.372	83.057	31.277	14.506
188000000	8.244	17.081	0.2362	1.2557	0.4068	2.1864	0.3492	0.2457	0.1889	0.2162	0.3787	0.1890	0.1850	0.2472	2.2072E-3	1.5334E-3	2.9227E-3	1.7539E-3	3.0106E-3	2.3112E-3	2.2976E-3	2.3391E-3	77.056	897.806	4328.301	52.475	65.649	17.752	85.269	48.593	83.707	32.051	14.731
189000000	8.342	17.417	0.2223	1.2436	0.4063	2.1874	0.3376	0.2599	0.1929	0.2096	0.3776	0.1863	0.1868	0.2493	2.2541E-3	1.4641E-3	2.8952E-3	1.8809E-3	3.2467E-3	2.2164E-3	2.6623E-3	2.5292E-3	74.322	811.905	4142.737	52.748	67.060	18.019	84.558	48.214	83.636	30.793	14.594
190000000	8.569	16.736	0.2301	1.3259	0.3886	2.2228	0.3453	0.2519	0.1843	0.2185	0.3796	0.1927	0.1774	0.2503	2.1913E-3	1.3916E-3	3.2169E-3	1.7744E-3	3.062E-3	2.4834E-3	2.2659E-3	2.3673E-3	30.627	982.821	4481.266	52.424	69.255	17.672	84.169	50.507	83.702	30.793	14.310
191000000	8.284	17.283	0.2306	1.1674	0.4074	2.1852	0.3640	0.2448	0.1855	0.2057	0.3890	0.1906	0.1738	0.2465	2.1115E-3	1.402E-3	3.2893E-3	1.793E-3	2.9474E-3	2.3875E-3	2.5386E-3	2.4709E-3	28.682	1000.728	4552.962	53.333	65.040	17.483	82.201	48.651	83.462	31.514	14.398
192000000	8.216	17.036	0.2377	1.2045	0.3897	2.2205	0.3585	0.2451	0.1839	0.2125	0.3761	0.1960	0.1848	0.2432	2.1484E-3	1.488E-3	3.1519E-3	1.7925E-3	3.1017E-3	2.5816E-3	2.2695E-3	2.2393E-3	38.213	851.025	4211.188	50.507	67.029	17.426	82.401	47.669	83.405	30.641	15.403
193000000	8.299	17.305	0.2111	1.2045	0.3964	2.2073	0.3428	0.2445	0.1937	0.2191	0.3667	0.1981	0.1815	0.2538	2.1705E-3	1.6024E-3	2.6638E-3	1.8187E-3	3.1227E-3	2.5905E-3	2.3874E-3	2.74E-3	54.481	1077.359	4694.432	51.533	65.695	18.245	81.624	48.432	83.236	31.296	14.260
194000000	7.638	16.669	0.2294	1.3104	0.3926	2.2147	0.3580	0.2375	0.1767	0.2278	0.3806	0.1926	0.1842	0.2425	2.3195E-3	1.6703E-3	3.4559E-3	2.0498E-3	3.0056E-3	2.6074E-3	2.6349E-3	2.4561E-3	27.868	805.208	4080.193	50.709	65.735	17.757	81.860	49.768	82.858	31.577	14.569
195000000	7.792	16.770	0.2232	1.1976	0.3825	2.2350	0.3425	0.2485	0.1890	0.2200	0.3834	0.1982	0.1813	0.2371	2.0954E-3	1.5214E-3	3.2539E-3	1.7752E-3	2.9484E-3	2.573E-3	2.2594E-3	2.6798E-3	249.271	825.133	4159.429	51.014	65.810	17.692	82.595	50.706	83.474	31.179	14.673
196000000	7.798	17.342	0.2193	1.3686	0.3886	2.2227	0.3573	0.2414	0.1836	0.2177	0.3740	0.1949	0.1790	0.2521	2.1433E-3	1.5545E-3	3.5324E-3	1.7942E-3	3.1035E-3	2.6404E-3	2.4615E-3	2.2337E-3	53.849	1103.493	4674.766	50.725	63.976	17.648	82.486	47.672	82.832	31.396	15.002
197000000	7.683	16.448	0.2379	1.2030	0.4329	2.1341	0.3514	0.2368	0.1876	0.2242	0.3745	0.2013	0.1841	0.2401	2.0766E-3	1.2788E-3	2.723E-3	1.861E-3	3.0538E-3	2.3609E-3	2.2594E-3	2.6285E-3	447.639	877.932	4292.932	52.120	71.391	18.032	82.011	49.833	83.106	31.351	14.856
198000000	8.554	16.666	0.2345	1.2752	0.3607	2.2785	0.3490	0.2312	0.1930	0.2268	0.3819	0.1907	0.1770	0.2503	2.1797E-3	1.524E-3	3.1302E-3	1.7177E-3	2.9669E-3	2.643E-3	2.9267E-3	2.6579E-3	182.804	974.369	4466.386	51.585	66.969	17.643	84.382	48.323	83.124	30.376	14.045
199000000	7.881	17.617	0.2207	1.2797	0.3899	2.2201	0.3540	0.2312	0.1847	0.2300	0.3725	0.1968	0.1803	0.2504	2.144E-3	1.7427E-3	2.9524E-3	1.8384E-3	3.1379E-3	2.312E-3	2.3987E-3	2.6909E-3	18.349	1048.013	4570.823	50.012	63.741	18.462	81.818	49.399	83.430	31.976	14.451
200000000	8.273	17.156	0.2256	1.1930	0.4289	2.1423	0.3640	0.2517	0.1831	0.2012	0.3774	0.1903	0.1800	0.2523	2.189E-3	1.5054E-3	2.9347E-3	1.9675E-3	3.062E-3	2.5029E-3	2.4826E-3	2.3299E-3	299.646	829.260	4165.008	51.401	68.678	17.905	82.575	49.363	82.901	31.595	14.312
