state	posterior	prior	likelihood	skygrid
1000000	-68053.209	-1992.827	-66060.382	-2006.763
2000000	-68080.559	-1979.818	-66100.741	-1992.610
3000000	-68022.204	-1965.938	-66056.266	-1977.545
4000000	-68102.541	-2023.981	-66078.561	-2037.850
5000000	-68010.405	-1945.996	-66064.410	-1956.171
6000000	-68030.055	-1946.499	-66083.556	-1957.330
7000000	-68060.553	-1981.589	-66078.964	-1993.992
8000000	-68069.775	-1990.915	-66078.860	-2003.467
9000000	-68054.463	-1993.820	-66060.642	-2007.475
10000000	-68004.284	-1928.083	-66076.201	-1938.245
11000000	-68083.734	-1993.052	-66090.682	-2006.675
12000000	-68112.947	-2018.444	-66094.502	-2033.140
13000000	-68047.050	-1981.531	-66065.519	-1996.148
14000000	-68038.531	-1960.194	-66078.337	-1971.730
15000000	-68041.173	-1968.500	-66072.672	-1982.559
16000000	-68099.282	-2007.887	-66091.394	-2022.121
17000000	-68055.836	-1974.466	-66081.370	-1987.516
18000000	-68051.580	-1970.835	-66080.744	-1981.693
19000000	-68075.700	-2010.804	-66064.896	-2025.040
20000000	-68053.085	-2009.214	-66043.871	-2021.975
21000000	-68057.022	-1992.903	-66064.119	-2005.356
22000000	-68055.149	-1983.327	-66071.822	-1995.514
23000000	-68049.442	-1969.906	-66079.536	-1981.347
24000000	-68018.521	-1968.432	-66050.089	-1981.637
25000000	-68061.155	-1997.869	-66063.286	-2011.645
26000000	-68053.061	-1971.760	-66081.301	-1984.283
27000000	-68071.737	-1966.210	-66105.528	-1978.238
28000000	-68102.378	-1998.210	-66104.168	-2011.278
29000000	-68087.488	-2013.114	-66074.374	-2025.454
30000000	-68033.586	-1973.827	-66059.759	-1986.307
31000000	-67998.259	-1918.675	-66079.584	-1928.710
32000000	-68028.880	-1971.613	-66057.267	-1983.969
33000000	-68023.477	-1960.736	-66062.742	-1972.575
34000000	-68096.435	-1999.773	-66096.662	-2013.546
35000000	-68071.704	-1999.435	-66072.269	-2013.221
36000000	-68031.225	-1966.156	-66065.069	-1977.742
37000000	-68062.911	-1995.082	-66067.829	-2008.646
38000000	-68075.580	-1977.918	-66097.662	-1991.061
39000000	-68050.719	-1983.649	-66067.070	-1996.516
40000000	-68043.254	-1986.205	-66057.049	-1998.290
41000000	-68070.445	-1997.272	-66073.172	-2010.155
42000000	-68047.045	-1981.536	-66065.509	-1993.949
43000000	-68099.528	-2011.237	-66088.292	-2024.248
44000000	-68016.941	-1957.520	-66059.421	-1969.886
45000000	-68043.384	-1981.282	-66062.102	-1994.887
46000000	-68041.755	-1969.744	-66072.011	-1981.832
47000000	-68056.185	-1982.693	-66073.493	-1995.671
48000000	-68064.023	-1978.816	-66085.207	-1991.406
49000000	-68043.656	-1974.430	-66069.226	-1987.275
50000000	-68014.363	-1956.536	-66057.827	-1968.428
51000000	-68051.975	-1970.135	-66081.840	-1981.612
52000000	-68062.409	-1977.092	-66085.317	-1988.818
53000000	-68054.864	-1971.841	-66083.023	-1983.228
54000000	-68056.182	-1981.323	-66074.859	-1995.121
55000000	-68039.923	-1962.819	-66077.104	-1974.057
56000000	-68045.604	-1941.536	-66104.069	-1952.698
57000000	-68079.209	-1996.208	-66083.001	-2009.512
58000000	-68038.149	-1984.349	-66053.800	-1996.686
59000000	-68076.834	-2002.666	-66074.167	-2016.202
60000000	-68097.894	-2015.686	-66082.207	-2030.660
61000000	-68037.945	-1969.609	-66068.336	-1983.108
62000000	-68077.634	-1988.596	-66089.037	-2002.358
63000000	-68080.286	-1979.118	-66101.168	-1990.653
64000000	-68066.129	-1983.873	-66082.257	-1997.012
65000000	-68083.338	-2022.189	-66061.148	-2036.757
66000000	-68026.608	-1944.192	-66082.416	-1954.965
67000000	-68043.947	-1973.418	-66070.529	-1986.958
68000000	-68026.135	-1934.631	-66091.505	-1943.370
69000000	-68036.209	-1954.382	-66081.827	-1965.092
70000000	-68067.265	-1977.451	-66089.814	-1991.293
71000000	-68026.085	-1953.467	-66072.618	-1965.561
72000000	-68043.276	-1980.078	-66063.197	-1991.898
73000000	-68029.972	-1982.484	-66047.488	-1995.736
74000000	-68072.337	-1984.609	-66087.728	-1997.375
75000000	-68076.795	-2005.394	-66071.401	-2019.479
76000000	-68060.296	-1980.465	-66079.831	-1993.478
77000000	-67997.256	-1934.910	-66062.346	-1943.811
78000000	-67955.687	-1895.945	-66059.742	-1903.490
79000000	-68039.679	-1960.416	-66079.263	-1972.259
80000000	-68049.446	-1984.532	-66064.915	-1998.251
81000000	-68065.881	-1992.377	-66073.505	-2005.754
82000000	-68077.282	-1997.746	-66079.536	-2011.415
83000000	-68074.707	-2017.884	-66056.823	-2032.384
84000000	-68065.358	-1996.298	-66069.060	-2009.882
85000000	-68044.446	-1988.054	-66056.393	-2001.345
86000000	-68073.308	-1984.475	-66088.833	-1996.354
87000000	-68089.625	-2014.953	-66074.671	-2028.091
88000000	-68092.963	-2005.202	-66087.760	-2018.684
89000000	-68054.839	-1991.725	-66063.115	-2004.890
90000000	-68043.712	-1964.495	-66079.217	-1976.696
91000000	-68105.360	-1996.338	-66109.022	-2010.249
92000000	-68036.222	-1973.701	-66062.521	-1986.100
93000000	-68041.253	-1969.939	-66071.314	-1982.157
94000000	-68037.682	-1985.186	-66052.496	-1997.721
95000000	-68064.209	-1991.212	-66072.997	-2005.014
96000000	-68075.980	-1967.478	-66108.502	-1979.626
97000000	-68021.451	-1956.729	-66064.722	-1969.150
98000000	-68093.404	-2004.616	-66088.788	-2017.818
99000000	-68051.564	-1984.078	-66067.486	-1997.538
100000000	-68045.486	-1977.440	-66068.046	-1991.125
101000000	-68042.805	-1964.331	-66078.473	-1976.401
102000000	-68069.048	-1982.954	-66086.094	-1996.556
103000000	-68035.921	-1959.424	-66076.496	-1970.784
104000000	-68050.744	-1987.580	-66063.164	-2000.160
105000000	-68054.784	-1980.325	-66074.459	-1993.692
106000000	-68021.052	-1958.745	-66062.307	-1970.674
107000000	-68067.780	-1990.043	-66077.737	-2002.968
108000000	-68101.017	-2023.920	-66077.097	-2038.294
109000000	-68035.560	-1968.141	-66067.419	-1981.161
110000000	-68074.105	-1995.688	-66078.417	-2009.749
111000000	-68068.949	-2004.684	-66064.265	-2017.645
112000000	-68070.917	-2010.438	-66060.478	-2024.279
113000000	-68002.967	-1936.525	-66066.442	-1947.729
114000000	-68048.610	-1978.324	-66070.286	-1990.465
115000000	-68075.735	-1989.994	-66085.742	-2002.198
116000000	-68073.042	-2007.809	-66065.233	-2022.466
117000000	-68067.017	-1995.301	-66071.716	-2008.097
118000000	-68020.808	-1961.512	-66059.296	-1973.001
119000000	-68086.173	-2010.257	-66075.916	-2024.710
120000000	-68095.021	-2005.205	-66089.815	-2018.855
121000000	-68042.686	-1985.168	-66057.517	-1997.933
122000000	-68044.787	-1984.722	-66060.065	-1996.962
123000000	-68072.532	-2001.021	-66071.511	-2014.060
124000000	-68037.491	-1961.859	-66075.632	-1974.814
125000000	-68042.267	-1962.099	-66080.168	-1973.707
126000000	-68020.007	-1977.566	-66042.441	-1989.752
127000000	-68062.660	-2003.073	-66059.587	-2015.865
128000000	-68056.532	-1970.138	-66086.393	-1982.887
129000000	-68077.850	-1995.270	-66082.580	-2008.101
130000000	-68043.217	-1976.905	-66066.312	-1990.649
131000000	-68074.725	-1990.231	-66084.494	-2002.950
132000000	-68049.084	-1993.399	-66055.685	-2006.886
133000000	-68040.231	-1961.067	-66079.163	-1974.019
134000000	-68051.610	-1966.224	-66085.387	-1976.023
135000000	-68050.628	-1978.896	-66071.732	-1992.897
136000000	-68042.960	-1995.460	-66047.500	-2008.663
137000000	-67979.593	-1918.910	-66060.683	-1927.286
138000000	-68017.491	-1950.955	-66066.536	-1961.399
139000000	-68068.040	-1994.248	-66073.792	-2007.729
140000000	-68093.592	-2009.977	-66083.615	-2024.256
141000000	-68031.568	-1981.703	-66049.865	-1995.022
142000000	-68036.302	-1967.137	-66069.165	-1978.745
143000000	-68017.699	-1940.607	-66077.093	-1951.319
144000000	-68033.749	-1975.856	-66057.893	-1988.075
145000000	-68065.252	-1987.768	-66077.483	-2001.728
146000000	-68047.006	-1954.944	-66092.062	-1966.224
147000000	-68107.916	-2002.035	-66105.881	-2015.750
148000000	-68066.835	-1969.952	-66096.883	-1981.824
149000000	-67971.321	-1912.319	-66059.002	-1919.601
150000000	-68063.979	-1968.693	-66095.285	-1981.865
151000000	-68038.076	-1956.966	-66081.111	-1967.829
152000000	-68078.815	-1991.619	-66087.196	-2004.718
153000000	-68037.307	-1988.363	-66048.944	-2000.389
154000000	-68059.626	-1978.886	-66080.739	-1992.002
155000000	-68054.841	-2001.623	-66053.218	-2015.731
156000000	-68011.517	-1967.770	-66043.747	-1978.940
157000000	-68051.024	-1968.123	-66082.901	-1981.110
158000000	-68031.064	-1958.379	-66072.685	-1968.101
159000000	-68070.797	-1987.094	-66083.702	-2000.274
160000000	-68027.709	-1972.993	-66054.715	-1985.335
161000000	-68072.573	-1987.495	-66085.079	-2001.024
162000000	-68067.596	-1980.532	-66087.064	-1992.298
163000000	-68098.627	-2014.102	-66084.525	-2027.163
164000000	-68029.111	-1935.765	-66093.346	-1947.543
165000000	-68006.617	-1946.315	-66060.302	-1957.042
166000000	-68059.489	-1961.112	-66098.377	-1973.867
167000000	-68057.585	-1977.267	-66080.318	-1988.689
168000000	-68055.593	-1976.470	-66079.123	-1988.840
169000000	-68070.992	-1989.889	-66081.103	-2002.880
170000000	-68003.728	-1933.462	-66070.266	-1945.279
171000000	-68099.329	-2025.698	-66073.631	-2039.998
172000000	-68079.889	-2015.057	-66064.832	-2028.522
173000000	-68049.570	-1963.195	-66086.375	-1974.979
174000000	-68026.353	-1933.718	-66092.635	-1944.297
175000000	-68063.419	-1981.364	-66082.055	-1995.421
176000000	-68053.680	-1972.030	-66081.650	-1983.292
177000000	-68096.289	-1999.807	-66096.482	-2013.515
178000000	-68056.088	-1989.460	-66066.628	-2002.420
179000000	-68090.075	-2009.655	-66080.420	-2023.358
180000000	-68010.209	-1932.713	-66077.496	-1942.424
181000000	-68044.836	-1971.788	-66073.048	-1985.394
182000000	-68065.566	-1981.072	-66084.494	-1994.424
183000000	-68063.178	-1998.908	-66064.270	-2010.487
184000000	-68064.261	-1987.837	-66076.424	-2000.733
185000000	-68057.066	-1973.789	-66083.276	-1984.683
186000000	-67987.591	-1924.569	-66063.023	-1933.976
187000000	-68087.641	-2001.822	-66085.819	-2016.144
188000000	-68052.966	-1972.786	-66080.180	-1986.165
189000000	-68037.118	-1961.635	-66075.483	-1970.977
190000000	-68044.512	-1976.741	-66067.771	-1989.154
191000000	-68045.776	-1955.864	-66089.912	-1967.108
192000000	-68043.681	-1948.302	-66095.379	-1958.991
193000000	-68065.839	-1985.181	-66080.659	-1997.711
194000000	-68036.656	-1971.081	-66065.575	-1984.044
195000000	-67995.632	-1934.700	-66060.932	-1945.805
196000000	-68063.186	-2002.464	-66060.723	-2016.358
197000000	-68031.014	-1966.974	-66064.040	-1979.114
198000000	-68041.021	-1974.387	-66066.635	-1987.408
199000000	-68078.148	-1997.497	-66080.651	-2011.319
200000000	-68046.860	-1980.864	-66065.996	-1993.884
201000000	-67986.275	-1920.066	-66066.209	-1930.169
202000000	-68038.140	-1954.754	-66083.387	-1966.790
203000000	-68062.507	-1982.088	-66080.419	-1995.182
204000000	-68081.413	-1988.257	-66093.155	-2002.354
205000000	-68113.942	-2035.615	-66078.327	-2050.824
206000000	-68044.997	-1968.735	-66076.262	-1982.105
207000000	-68070.088	-1993.626	-66076.462	-2005.653
208000000	-68030.237	-1955.812	-66074.425	-1968.364
209000000	-68073.907	-1993.954	-66079.953	-2007.063
210000000	-68077.966	-1992.253	-66085.713	-2004.019
211000000	-68061.702	-1990.745	-66070.957	-2004.511
212000000	-68029.043	-1974.857	-66054.186	-1987.164
213000000	-68112.963	-2035.595	-66077.367	-2049.789
214000000	-68056.333	-1978.273	-66078.060	-1990.626
215000000	-68082.663	-1980.832	-66101.831	-1994.795
216000000	-68072.574	-1995.944	-66076.630	-2009.407
217000000	-68071.419	-1997.557	-66073.861	-2010.022
218000000	-68021.622	-1956.920	-66064.701	-1967.673
219000000	-68016.111	-1962.133	-66053.979	-1972.170
220000000	-68006.379	-1935.131	-66071.249	-1945.172
221000000	-68057.399	-1976.413	-66080.987	-1990.345
222000000	-68075.284	-2001.246	-66074.038	-2015.503
223000000	-68017.291	-1953.121	-66064.170	-1964.247
224000000	-68051.366	-1972.934	-66078.433	-1985.580
225000000	-68031.203	-1974.091	-66057.112	-1986.322
226000000	-68035.025	-1980.843	-66054.182	-1993.492
227000000	-68049.428	-1984.348	-66065.080	-1996.822
228000000	-68055.202	-1970.085	-66085.117	-1982.437
229000000	-68049.337	-1970.665	-66078.672	-1982.999
230000000	-68043.392	-1974.599	-66068.792	-1987.114
231000000	-68014.244	-1938.500	-66075.744	-1949.559
232000000	-68079.171	-1997.697	-66081.474	-2011.311
233000000	-68049.719	-1984.472	-66065.247	-1997.784
234000000	-68042.001	-1980.316	-66061.685	-1993.465
235000000	-68084.098	-1991.897	-66092.201	-2005.489
236000000	-68071.719	-2000.836	-66070.883	-2015.119
237000000	-68036.151	-1940.601	-66095.550	-1951.576
238000000	-68064.636	-1985.458	-66079.179	-1997.665
239000000	-68015.963	-1933.740	-66082.222	-1944.597
240000000	-68075.465	-2004.686	-66070.779	-2018.711
241000000	-68065.697	-1988.607	-66077.090	-2001.442
242000000	-68049.943	-1988.751	-66061.192	-2002.407
243000000	-68035.871	-1973.401	-66062.470	-1986.253
244000000	-68055.548	-1977.801	-66077.747	-1991.944
245000000	-68066.973	-1972.844	-66094.129	-1986.025
246000000	-68035.947	-1956.913	-66079.034	-1969.222
247000000	-68065.027	-1998.901	-66066.126	-2012.821
248000000	-68083.355	-1994.926	-66088.428	-2007.764
249000000	-68093.856	-2012.396	-66081.460	-2026.676
250000000	-68068.861	-1983.585	-66085.277	-1996.610
251000000	-68044.876	-2004.195	-66040.681	-2017.809
252000000	-68036.282	-1968.176	-66068.105	-1980.290
253000000	-68111.197	-1985.260	-66125.937	-1999.557
254000000	-68069.658	-1992.298	-66077.360	-2005.854
255000000	-68032.161	-1973.863	-66058.298	-1986.728
256000000	-68109.148	-2027.967	-66081.181	-2042.540
257000000	-68059.715	-1960.885	-66098.830	-1973.241
258000000	-68077.469	-1968.782	-66108.686	-1980.834
259000000	-68052.089	-1989.451	-66062.638	-2002.258
260000000	-68034.351	-1972.561	-66061.790	-1984.184
261000000	-68016.643	-1945.346	-66071.297	-1955.396
262000000	-68027.554	-1957.649	-66069.905	-1969.469
263000000	-68046.891	-1985.376	-66061.515	-1998.417
264000000	-68095.264	-2007.075	-66088.189	-2020.240
265000000	-68071.043	-1985.097	-66085.946	-1998.452
266000000	-68027.690	-1942.038	-66085.652	-1952.504
267000000	-68093.639	-1990.075	-66103.565	-2003.361
268000000	-68086.546	-2001.060	-66085.486	-2014.730
269000000	-68079.900	-2021.200	-66058.700	-2034.656
270000000	-68061.477	-1985.960	-66075.517	-1999.783
271000000	-68083.816	-1985.167	-66098.650	-1998.499
272000000	-68052.356	-1983.520	-66068.837	-1997.529
273000000	-68057.340	-1993.739	-66063.601	-2005.482
274000000	-68047.454	-1979.281	-66068.173	-1992.150
275000000	-68050.554	-1970.417	-66080.136	-1983.727
276000000	-68031.026	-1972.831	-66058.195	-1985.431
277000000	-68035.669	-1957.989	-66077.680	-1968.386
278000000	-68045.684	-1980.205	-66065.479	-1992.642
279000000	-67965.002	-1911.667	-66053.335	-1918.985
280000000	-68061.073	-1970.518	-66090.555	-1983.508
281000000	-68038.406	-1958.926	-66079.480	-1971.116
282000000	-68083.998	-1991.799	-66092.199	-2005.279
283000000	-68062.053	-1966.913	-66095.139	-1979.776
284000000	-68030.412	-1959.430	-66070.982	-1969.971
285000000	-68049.643	-1970.389	-66079.254	-1983.052
286000000	-68034.866	-1950.311	-66084.555	-1961.459
287000000	-68031.142	-1959.178	-66071.964	-1969.492
288000000	-68031.106	-1984.588	-66046.517	-1996.703
289000000	-68101.507	-2027.987	-66073.521	-2040.715
290000000	-68092.932	-1995.521	-66097.411	-2009.405
291000000	-68051.041	-1960.544	-66090.498	-1973.328
292000000	-68054.827	-1970.381	-66084.445	-1982.974
293000000	-67977.333	-1925.574	-66051.760	-1935.316
294000000	-68073.221	-1984.916	-66088.306	-1998.023
295000000	-68069.959	-1972.388	-66097.571	-1984.848
296000000	-68059.579	-1990.193	-66069.386	-2003.590
297000000	-68088.212	-2001.146	-66087.066	-2015.980
298000000	-68032.300	-1958.411	-66073.889	-1969.407
299000000	-68054.243	-1974.450	-66079.793	-1987.704
300000000	-68022.395	-1960.001	-66062.393	-1972.817
301000000	-68086.419	-1996.957	-66089.462	-2009.775
302000000	-68077.876	-1983.208	-66094.668	-1996.166
303000000	-68019.751	-1969.437	-66050.314	-1981.693
304000000	-68048.245	-1971.400	-66076.845	-1984.145
305000000	-68067.532	-1990.254	-66077.278	-2003.080
306000000	-68062.502	-1970.585	-66091.917	-1983.825
307000000	-68061.529	-1982.386	-66079.143	-1995.709
308000000	-68046.863	-1972.138	-66074.725	-1984.358
309000000	-68050.894	-1959.746	-66091.148	-1971.243
310000000	-68046.883	-2001.664	-66045.219	-2015.471
311000000	-68069.859	-1987.180	-66082.679	-2000.348
312000000	-68071.739	-2011.182	-66060.557	-2024.494
313000000	-68088.744	-2014.939	-66073.805	-2028.034
314000000	-68053.555	-1989.351	-66064.205	-2003.299
315000000	-68056.709	-1976.906	-66079.803	-1989.518
316000000	-68012.023	-1961.556	-66050.467	-1973.359
317000000	-68061.592	-1982.211	-66079.381	-1994.979
318000000	-68066.188	-2003.387	-66062.801	-2017.687
319000000	-68058.246	-1983.862	-66074.384	-1995.731
320000000	-68035.474	-1957.399	-66078.075	-1968.629
321000000	-68040.548	-1965.593	-66074.954	-1977.319
322000000	-68076.686	-2004.296	-66072.391	-2018.627
323000000	-67984.936	-1897.652	-66087.284	-1905.299
324000000	-68041.094	-1944.603	-66096.491	-1957.036
325000000	-68080.137	-1986.050	-66094.087	-2000.732
326000000	-68025.925	-1946.677	-66079.248	-1957.177
327000000	-68046.606	-1946.872	-66099.734	-1957.094
328000000	-68043.177	-1986.369	-66056.809	-1999.712
329000000	-68043.453	-1975.899	-66067.555	-1988.091
330000000	-68034.788	-1957.761	-66077.027	-1969.244
331000000	-68076.938	-2005.019	-66071.920	-2019.218
332000000	-68043.773	-1981.866	-66061.907	-1995.834
333000000	-68029.098	-1957.036	-66072.061	-1968.530
334000000	-68044.249	-1975.847	-66068.402	-1988.387
335000000	-68020.906	-1937.535	-66083.371	-1948.796
336000000	-68045.798	-1986.115	-66059.683	-1999.460
337000000	-68073.059	-2005.275	-66067.784	-2020.388
338000000	-68066.812	-2018.624	-66048.188	-2033.190
339000000	-68053.503	-1995.824	-66057.679	-2007.755
340000000	-68075.123	-1970.581	-66104.541	-1982.736
341000000	-68063.034	-2001.019	-66062.016	-2014.198
342000000	-68077.200	-1993.993	-66083.206	-2006.287
343000000	-68052.980	-1972.889	-66080.091	-1983.646
344000000	-68011.879	-1935.961	-66075.918	-1946.941
345000000	-68043.100	-1944.552	-66098.548	-1956.021
346000000	-68029.015	-1939.012	-66090.003	-1948.901
347000000	-68056.144	-1967.749	-66088.395	-1978.997
348000000	-68073.270	-2000.912	-66072.358	-2014.977
349000000	-68041.838	-1971.517	-66070.321	-1982.371
350000000	-68079.638	-2008.187	-66071.451	-2021.455
351000000	-68095.034	-1994.585	-66100.450	-2008.418
352000000	-68017.302	-1953.945	-66063.357	-1965.765
353000000	-68095.571	-2008.270	-66087.301	-2021.447
354000000	-68103.834	-2008.888	-66094.946	-2023.509
355000000	-68068.048	-1987.846	-66080.203	-2001.409
356000000	-68069.663	-2006.628	-66063.035	-2020.049
357000000	-68036.886	-1988.372	-66048.514	-2001.988
358000000	-68016.453	-1955.502	-66060.951	-1968.081
359000000	-68103.735	-2009.502	-66094.233	-2022.415
360000000	-68066.566	-1977.921	-66088.645	-1990.915
361000000	-68071.296	-1989.183	-66082.114	-2002.027
362000000	-68046.870	-1944.245	-66102.626	-1955.727
363000000	-68061.370	-1990.230	-66071.139	-2003.047
364000000	-68069.308	-2008.754	-66060.554	-2022.224
365000000	-68062.823	-2007.631	-66055.192	-2019.993
366000000	-68092.416	-2001.854	-66090.563	-2014.192
367000000	-68081.778	-2001.862	-66079.916	-2015.318
368000000	-68061.851	-1987.848	-66074.003	-1999.373
369000000	-68065.286	-2005.456	-66059.829	-2019.786
370000000	-68065.195	-1992.020	-66073.175	-2004.396
371000000	-68048.832	-1974.569	-66074.263	-1988.087
372000000	-68051.527	-1972.494	-66079.033	-1985.628
373000000	-68069.451	-1966.717	-66102.734	-1978.234
374000000	-68031.404	-1958.169	-66073.235	-1971.831
375000000	-68079.891	-1996.358	-66083.533	-2009.739
376000000	-68024.671	-1960.435	-66064.236	-1972.752
377000000	-68064.332	-1987.352	-66076.980	-2001.659
378000000	-68020.807	-1957.900	-66062.907	-1969.121
379000000	-68079.971	-1998.221	-66081.751	-2011.417
380000000	-68023.083	-1957.290	-66065.793	-1968.439
381000000	-68092.060	-2016.925	-66075.135	-2030.671
382000000	-68108.116	-1976.051	-66132.065	-1988.427
383000000	-68080.403	-1998.993	-66081.410	-2013.383
384000000	-68066.307	-1980.160	-66086.147	-1993.170
385000000	-68079.549	-1985.117	-66094.432	-1998.032
386000000	-68010.269	-1962.776	-66047.493	-1974.597
387000000	-68050.043	-1968.150	-66081.892	-1981.270
388000000	-68058.898	-1987.325	-66071.573	-2000.536
389000000	-68039.087	-1988.842	-66050.244	-2003.015
390000000	-68058.088	-1990.412	-66067.676	-2003.336
391000000	-68057.179	-1972.814	-66084.365	-1984.986
392000000	-68052.339	-1999.379	-66052.961	-2013.312
393000000	-68044.657	-1960.460	-66084.197	-1973.720
394000000	-68074.975	-1989.439	-66085.536	-2002.190
395000000	-68060.591	-1983.269	-66077.322	-1996.257
396000000	-68094.758	-2011.369	-66083.389	-2025.655
397000000	-68008.766	-1942.616	-66066.150	-1954.542
398000000	-68017.603	-1936.433	-66081.170	-1948.347
399000000	-68070.372	-1991.996	-66078.377	-2003.445
400000000	-68058.254	-1995.557	-66062.697	-2008.457
401000000	-68087.790	-2000.474	-66087.317	-2014.101
402000000	-68059.597	-1991.827	-66067.770	-2005.034
403000000	-68073.916	-2016.004	-66057.912	-2029.554
404000000	-68041.642	-1998.282	-66043.360	-2011.554
405000000	-68045.113	-1981.976	-66063.138	-1994.871
406000000	-67992.990	-1923.791	-66069.199	-1932.279
407000000	-68008.706	-1968.874	-66039.832	-1981.195
408000000	-68047.039	-1981.418	-66065.621	-1994.144
409000000	-68029.334	-1981.799	-66047.535	-1994.042
410000000	-68068.033	-1983.400	-66084.633	-1996.173
411000000	-68072.150	-2004.739	-66067.411	-2017.435
412000000	-68045.764	-1957.633	-66088.131	-1969.315
413000000	-68038.709	-1985.271	-66053.439	-1997.900
414000000	-68010.051	-1948.386	-66061.665	-1959.468
415000000	-68039.347	-1978.439	-66060.908	-1991.048
416000000	-68028.826	-1959.575	-66069.252	-1971.861
417000000	-68077.167	-2006.378	-66070.789	-2019.297
418000000	-68067.093	-1982.476	-66084.617	-1993.941
419000000	-68022.612	-1929.531	-66093.081	-1940.228
420000000	-68064.185	-2001.123	-66063.062	-2013.807
421000000	-68026.495	-1960.249	-66066.246	-1972.160
422000000	-68033.917	-1980.534	-66053.382	-1992.091
423000000	-68054.270	-1979.400	-66074.871	-1992.554
424000000	-68072.323	-1989.856	-66082.468	-2002.625
425000000	-68049.648	-1965.274	-66084.374	-1976.763
426000000	-68058.102	-1979.676	-66078.427	-1992.512
427000000	-68041.823	-1978.643	-66063.180	-1990.801
428000000	-68037.284	-1983.920	-66053.364	-1998.196
429000000	-68054.305	-1955.034	-66099.271	-1966.483
430000000	-68038.622	-1968.221	-66070.401	-1981.694
431000000	-68101.980	-2020.530	-66081.451	-2035.080
432000000	-68059.681	-1984.029	-66075.652	-1996.597
433000000	-68033.842	-1957.902	-66075.940	-1969.768
434000000	-68061.372	-1973.657	-66087.715	-1986.148
435000000	-68087.548	-1996.478	-66091.070	-2008.972
436000000	-68029.326	-1940.633	-66088.693	-1951.408
437000000	-68011.733	-1950.372	-66061.360	-1962.358
438000000	-68018.194	-1970.578	-66047.615	-1982.790
439000000	-68085.782	-2022.105	-66063.677	-2036.369
440000000	-68073.890	-1999.458	-66074.431	-2012.737
441000000	-68058.155	-1969.929	-66088.225	-1983.231
442000000	-68095.454	-2011.407	-66084.047	-2025.448
443000000	-68084.006	-1984.346	-66099.660	-1997.340
444000000	-68038.341	-1950.420	-66087.921	-1961.698
445000000	-68051.758	-1963.661	-66088.098	-1974.931
446000000	-68067.017	-1992.545	-66074.472	-2006.531
447000000	-68056.777	-1973.073	-66083.704	-1986.083
448000000	-68077.484	-1980.697	-66096.787	-1993.362
449000000	-68075.697	-1996.314	-66079.383	-2009.616
450000000	-68017.788	-1932.028	-66085.760	-1941.940
451000000	-68056.945	-1991.253	-66065.693	-2004.039
452000000	-68028.391	-1947.798	-66080.593	-1958.691
453000000	-68075.726	-1999.213	-66076.513	-2012.359
454000000	-68027.781	-1972.709	-66055.072	-1984.913
455000000	-68071.463	-1988.659	-66082.805	-2000.928
456000000	-68072.274	-2001.065	-66071.208	-2013.724
457000000	-68088.957	-1996.165	-66092.791	-2009.477
458000000	-68042.903	-1978.414	-66064.489	-1991.051
459000000	-68045.850	-1961.791	-66084.059	-1974.180
460000000	-68027.635	-1950.184	-66077.451	-1962.218
461000000	-68066.061	-1971.120	-66094.941	-1982.911
462000000	-68040.515	-1951.042	-66089.473	-1962.575
463000000	-68036.633	-1972.858	-66063.775	-1984.347
464000000	-68044.632	-1974.168	-66070.464	-1987.122
465000000	-68029.946	-1961.624	-66068.322	-1974.343
466000000	-68076.179	-2006.005	-66070.173	-2019.617
467000000	-68050.177	-1976.649	-66073.527	-1989.449
468000000	-68048.273	-1967.368	-66080.905	-1980.231
469000000	-68057.872	-1985.757	-66072.115	-1998.743
470000000	-68070.954	-1990.848	-66080.106	-2004.514
471000000	-68035.969	-1959.606	-66076.363	-1971.248
472000000	-68090.721	-2013.375	-66077.346	-2028.806
473000000	-68052.592	-1991.041	-66061.551	-2003.818
474000000	-67999.285	-1943.398	-66055.887	-1954.313
475000000	-68026.222	-1967.386	-66058.836	-1979.069
476000000	-68071.114	-1990.586	-66080.528	-2002.326
477000000	-68058.324	-1975.856	-66082.468	-1988.025
478000000	-68055.934	-1963.502	-66092.432	-1976.464
479000000	-68093.426	-1990.007	-66103.420	-2003.858
480000000	-68017.453	-1932.129	-66085.324	-1943.486
481000000	-68017.871	-1962.421	-66055.449	-1974.869
482000000	-68069.696	-1981.074	-66088.621	-1994.077
483000000	-68075.878	-1990.882	-66084.997	-2004.142
484000000	-68060.625	-1977.807	-66082.818	-1990.546
485000000	-68045.695	-1973.069	-66072.626	-1985.034
486000000	-68023.805	-1940.442	-66083.363	-1952.123
487000000	-68058.934	-1975.808	-66083.126	-1988.899
488000000	-68023.677	-1946.158	-66077.518	-1957.501
489000000	-68058.579	-1999.835	-66058.744	-2012.092
490000000	-68080.330	-2020.275	-66060.055	-2033.293
491000000	-68077.856	-1992.602	-66085.254	-2005.655
492000000	-68032.774	-1962.896	-66069.878	-1974.680
493000000	-68052.696	-1984.138	-66068.557	-1995.919
494000000	-68031.927	-1962.136	-66069.791	-1974.333
495000000	-68052.472	-1977.095	-66075.377	-1989.849
496000000	-68067.412	-2005.860	-66061.552	-2017.915
497000000	-68079.934	-2017.657	-66062.277	-2031.229
498000000	-68059.492	-1946.316	-66113.177	-1956.673
499000000	-68057.119	-1972.535	-66084.584	-1984.491
500000000	-68025.471	-1957.172	-66068.298	-1969.384
501000000	-68074.731	-1982.011	-66092.720	-1995.234
502000000	-68009.632	-1953.886	-66055.746	-1964.650
503000000	-68074.141	-1994.482	-66079.660	-2007.828
504000000	-68066.761	-1977.837	-66088.924	-1990.859
505000000	-68068.437	-2004.941	-66063.496	-2020.999
506000000	-68053.982	-1994.420	-66059.562	-2007.247
507000000	-68048.183	-1971.121	-66077.062	-1984.721
508000000	-68050.701	-1975.325	-66075.376	-1988.460
509000000	-68009.630	-1949.565	-66060.065	-1960.890
510000000	-68044.587	-1975.816	-66068.771	-1988.445
511000000	-68050.138	-1962.923	-66087.215	-1975.038
512000000	-68093.481	-1998.343	-66095.137	-2011.748
513000000	-68037.149	-1967.456	-66069.693	-1980.255
514000000	-68047.089	-1953.812	-66093.277	-1965.252
515000000	-68052.762	-1970.901	-66081.862	-1983.482
516000000	-68038.627	-1969.513	-66069.113	-1981.204
517000000	-68014.178	-1942.822	-66071.356	-1953.406
518000000	-68067.636	-1979.423	-66088.213	-1993.240
519000000	-68077.314	-1980.750	-66096.564	-1995.171
520000000	-68036.699	-1941.668	-66095.031	-1954.288
521000000	-68024.562	-1933.294	-66091.268	-1941.672
522000000	-68068.290	-1975.521	-66092.768	-1988.500
523000000	-68075.421	-1986.349	-66089.072	-1999.170
524000000	-68051.086	-2008.649	-66042.437	-2021.741
525000000	-68045.067	-1979.221	-66065.846	-1992.543
526000000	-68041.531	-1974.012	-66067.519	-1986.482
527000000	-68102.215	-2010.689	-66091.526	-2025.130
528000000	-68053.283	-2003.038	-66050.245	-2017.044
529000000	-68031.455	-1957.327	-66074.128	-1969.171
530000000	-68051.695	-1974.371	-66077.324	-1987.059
531000000	-68021.063	-1976.450	-66044.613	-1989.916
532000000	-68084.347	-1994.193	-66090.154	-2008.218
533000000	-68057.527	-1979.346	-66078.181	-1993.070
534000000	-68038.447	-1972.555	-66065.892	-1984.862
535000000	-68050.620	-1974.633	-66075.987	-1987.028
536000000	-68026.798	-1959.106	-66067.691	-1971.046
537000000	-68038.689	-1958.926	-66079.763	-1970.136
538000000	-68038.173	-1986.515	-66051.658	-1998.605
539000000	-68027.814	-1955.208	-66072.606	-1967.074
540000000	-68067.019	-1971.518	-66095.501	-1983.022
541000000	-68046.787	-1983.715	-66063.072	-1995.365
542000000	-68071.308	-1980.958	-66090.350	-1992.707
543000000	-68038.080	-1959.128	-66078.952	-1970.304
544000000	-68072.714	-1999.827	-66072.887	-2013.689
545000000	-68037.225	-1992.895	-66044.330	-2007.502
546000000	-68015.696	-1938.635	-66077.061	-1949.918
547000000	-68014.783	-1941.058	-66073.725	-1952.066
548000000	-68054.000	-1979.177	-66074.823	-1991.670
549000000	-68032.591	-1955.024	-66077.567	-1966.814
550000000	-68038.112	-1948.387	-66089.725	-1958.739
551000000	-68021.836	-1966.437	-66055.399	-1978.454
552000000	-68027.901	-1947.122	-66080.779	-1958.647
553000000	-68065.228	-2011.922	-66053.306	-2026.623
554000000	-68030.275	-1965.301	-66064.974	-1978.037
555000000	-68001.014	-1936.861	-66064.153	-1947.220
556000000	-68086.047	-1991.339	-66094.708	-2005.372
557000000	-68038.682	-1962.631	-66076.051	-1973.872
558000000	-68094.211	-2009.430	-66084.781	-2022.971
559000000	-68038.428	-1975.020	-66063.408	-1988.321
560000000	-68057.686	-1985.775	-66071.911	-1997.061
561000000	-68092.576	-2023.101	-66069.475	-2037.306
562000000	-68075.709	-1993.614	-66082.095	-2007.264
563000000	-68056.227	-1982.303	-66073.924	-1993.258
564000000	-68063.791	-2013.064	-66050.727	-2026.819
565000000	-68050.318	-1965.468	-66084.850	-1977.997
566000000	-68065.394	-2013.155	-66052.239	-2026.665
567000000	-68095.806	-2013.736	-66082.071	-2027.175
568000000	-68041.618	-1974.008	-66067.611	-1986.531
569000000	-68075.049	-1998.360	-66076.690	-2012.028
570000000	-68080.736	-1996.670	-66084.066	-2011.091
571000000	-68070.312	-1992.685	-66077.628	-2005.423
572000000	-68039.366	-1952.318	-66087.047	-1964.682
573000000	-68010.774	-1910.235	-66100.539	-1920.416
574000000	-68050.477	-1988.733	-66061.744	-2001.637
575000000	-68024.045	-1983.414	-66040.631	-1996.628
576000000	-68014.658	-1945.563	-66069.095	-1957.114
577000000	-68077.888	-2015.907	-66061.981	-2030.382
578000000	-68050.562	-1987.955	-66062.607	-1999.952
579000000	-68037.552	-1973.512	-66064.040	-1985.021
580000000	-68043.034	-1966.530	-66076.504	-1978.746
581000000	-68045.344	-1974.713	-66070.631	-1987.719
582000000	-68057.834	-1989.133	-66068.702	-2001.699
583000000	-68042.775	-1991.289	-66051.486	-2003.932
584000000	-68098.473	-1983.434	-66115.039	-1996.135
585000000	-68060.102	-1989.500	-66070.602	-2003.369
586000000	-68052.439	-1989.269	-66063.170	-2001.949
587000000	-68021.820	-1969.952	-66051.868	-1981.840
588000000	-68010.242	-1955.952	-66054.289	-1967.445
589000000	-68069.079	-1977.571	-66091.508	-1989.839
590000000	-68051.319	-1982.123	-66069.196	-1995.006
591000000	-68044.806	-1966.911	-66077.895	-1979.753
592000000	-68025.981	-1952.259	-66073.722	-1962.754
593000000	-67987.770	-1913.778	-66073.992	-1923.674
594000000	-68068.756	-1986.076	-66082.680	-1998.756
595000000	-68079.808	-1986.399	-66093.409	-1999.805
596000000	-68103.535	-2008.600	-66094.934	-2023.004
597000000	-68036.912	-1981.647	-66055.266	-1993.420
598000000	-68047.978	-1984.021	-66063.957	-1998.249
599000000	-68036.125	-1982.689	-66053.436	-1994.742
600000000	-68078.166	-1985.197	-66092.970	-1998.958
601000000	-68039.510	-1985.035	-66054.475	-1998.855
602000000	-68066.622	-1998.195	-66068.427	-2011.593
603000000	-68054.762	-1973.976	-66080.785	-1986.681
604000000	-68088.534	-2021.566	-66066.968	-2035.384
605000000	-68059.659	-1976.148	-66083.510	-1988.595
606000000	-68049.970	-1987.010	-66062.961	-1999.562
607000000	-68029.541	-1982.960	-66046.582	-1994.984
608000000	-68059.708	-1994.932	-66064.776	-2006.700
609000000	-68064.659	-1991.767	-66072.892	-2005.110
610000000	-68052.521	-1978.780	-66073.741	-1992.489
611000000	-68070.482	-1991.166	-66079.316	-2005.351
612000000	-68058.307	-1967.853	-66090.454	-1979.595
613000000	-68060.424	-1993.484	-66066.939	-2006.524
614000000	-68084.682	-2001.787	-66082.895	-2015.602
615000000	-68031.348	-1977.110	-66054.238	-1989.314
616000000	-68067.460	-1987.561	-66079.899	-2000.830
617000000	-68032.342	-1995.410	-66036.932	-2009.449
618000000	-68052.336	-1962.563	-66089.773	-1974.561
619000000	-68082.366	-1985.685	-66096.681	-1999.609
620000000	-68068.975	-1996.334	-66072.640	-2008.615
621000000	-68049.428	-1984.054	-66065.374	-1997.426
622000000	-68036.604	-1990.283	-66046.321	-2003.834
623000000	-68087.881	-1983.421	-66104.460	-1996.164
624000000	-68033.730	-1959.475	-66074.255	-1970.254
625000000	-68045.282	-1955.725	-66089.557	-1966.526
626000000	-68024.928	-1951.241	-66073.686	-1962.422
627000000	-68101.072	-2004.632	-66096.439	-2017.959
628000000	-68051.472	-1980.672	-66070.799	-1994.065
629000000	-68021.727	-1932.131	-66089.595	-1942.065
630000000	-68069.844	-1961.602	-66108.242	-1973.013
631000000	-68046.866	-1976.104	-66070.762	-1989.311
632000000	-68106.281	-1992.770	-66113.511	-2007.355
633000000	-68026.676	-1978.422	-66048.254	-1991.027
634000000	-68042.144	-1977.285	-66064.859	-1989.862
635000000	-68080.755	-1996.185	-66084.570	-2009.412
636000000	-68006.593	-1935.331	-66071.262	-1946.692
637000000	-68038.085	-1973.072	-66065.013	-1985.778
638000000	-68015.397	-1952.404	-66062.993	-1963.807
639000000	-68066.960	-1986.851	-66080.109	-1998.919
640000000	-68073.919	-2014.055	-66059.863	-2027.819
641000000	-68003.390	-1932.813	-66070.577	-1942.626
642000000	-68041.779	-1976.872	-66064.907	-1990.510
643000000	-68057.967	-1968.402	-66089.565	-1980.126
644000000	-68028.222	-1916.550	-66111.672	-1926.711
645000000	-68071.312	-1992.476	-66078.836	-2006.821
646000000	-68034.336	-1960.463	-66073.873	-1973.006
647000000	-68012.442	-1924.773	-66087.670	-1934.759
648000000	-68049.189	-1973.004	-66076.185	-1985.531
649000000	-68037.715	-1970.154	-66067.561	-1983.014
650000000	-68022.491	-1947.110	-66075.380	-1958.715
651000000	-68040.208	-1972.137	-66068.071	-1985.252
652000000	-68058.184	-1971.977	-66086.206	-1984.865
653000000	-68028.460	-1964.886	-66063.574	-1976.617
654000000	-68076.513	-1982.253	-66094.260	-1996.134
655000000	-68075.038	-2021.232	-66053.806	-2035.267
656000000	-68053.739	-1990.165	-66063.574	-2001.395
657000000	-68059.318	-1987.899	-66071.419	-2000.576
658000000	-68059.885	-1987.434	-66072.452	-2000.642
659000000	-68043.929	-1939.249	-66104.680	-1949.157
660000000	-68035.236	-1960.344	-66074.892	-1971.705
661000000	-68058.892	-1989.010	-66069.882	-2001.923
662000000	-68020.416	-1958.169	-66062.247	-1968.854
663000000	-68062.322	-1984.784	-66077.537	-1997.113
664000000	-68030.421	-1974.420	-66056.001	-1987.976
665000000	-68067.652	-1996.188	-66071.463	-2008.703
666000000	-68040.629	-1978.243	-66062.386	-1990.841
667000000	-67995.278	-1947.686	-66047.592	-1958.720
668000000	-68067.456	-1987.678	-66079.778	-2001.017
669000000	-68029.471	-1962.752	-66066.720	-1974.892
670000000	-68050.496	-1993.075	-66057.421	-2006.060
671000000	-67992.298	-1939.474	-66052.825	-1949.431
672000000	-68056.237	-1977.843	-66078.393	-1990.250
673000000	-68042.090	-1978.278	-66063.812	-1991.370
674000000	-68025.658	-1955.922	-66069.736	-1966.824
675000000	-68074.722	-1994.712	-66080.010	-2008.552
676000000	-68058.887	-1992.114	-66066.773	-2006.659
677000000	-68087.237	-2012.959	-66074.278	-2027.790
678000000	-68039.453	-1974.089	-66065.364	-1987.268
679000000	-67986.362	-1929.356	-66057.006	-1938.591
680000000	-68064.344	-1989.746	-66074.598	-2003.104
681000000	-68019.291	-1949.253	-66070.038	-1960.344
682000000	-68028.708	-1951.477	-66077.231	-1963.232
683000000	-68057.447	-1955.109	-66102.339	-1966.551
684000000	-68038.248	-1976.212	-66062.037	-1987.129
685000000	-68069.083	-1997.294	-66071.789	-2010.354
686000000	-68043.279	-1973.479	-66069.800	-1986.408
687000000	-68067.176	-1968.566	-66098.610	-1982.034
688000000	-68089.346	-2010.558	-66078.787	-2022.847
689000000	-68045.054	-1945.686	-66099.368	-1957.671
690000000	-68039.365	-1989.178	-66050.187	-2002.018
691000000	-68078.247	-1983.577	-66094.670	-1997.206
692000000	-68044.529	-1963.921	-66080.608	-1976.008
693000000	-68068.065	-1984.716	-66083.349	-1996.959
694000000	-68080.811	-1968.136	-66112.675	-1980.315
695000000	-68073.049	-2002.893	-66070.156	-2017.737
696000000	-68019.554	-1945.497	-66074.057	-1956.700
697000000	-68043.688	-1994.860	-66048.829	-2008.306
698000000	-68094.753	-1995.535	-66099.218	-2008.355
699000000	-68014.590	-1948.690	-66065.899	-1959.711
700000000	-68039.282	-1993.827	-66045.455	-2007.485
701000000	-68054.795	-1994.353	-66060.442	-2007.892
702000000	-68084.196	-1998.519	-66085.677	-2010.570
703000000	-68075.251	-2023.743	-66051.508	-2039.019
704000000	-68039.356	-1964.318	-66075.037	-1977.532
705000000	-68051.760	-1975.765	-66075.996	-1989.085
706000000	-68045.585	-1951.948	-66093.637	-1964.084
707000000	-68115.893	-2012.424	-66103.469	-2026.009
708000000	-68098.787	-1988.985	-66109.802	-2002.878
709000000	-68019.989	-1950.825	-66069.164	-1961.918
710000000	-68033.999	-1959.530	-66074.469	-1970.215
711000000	-68003.550	-1930.420	-66073.130	-1940.570
712000000	-68043.323	-2007.655	-66035.668	-2021.383
713000000	-68079.460	-2001.588	-66077.871	-2013.657
714000000	-68019.367	-1960.596	-66058.771	-1973.001
715000000	-68073.065	-1991.474	-66081.591	-2004.794
716000000	-68050.229	-1961.512	-66088.717	-1972.603
717000000	-68033.976	-1973.354	-66060.622	-1985.982
718000000	-68055.860	-1981.772	-66074.088	-1995.404
719000000	-68042.605	-1981.867	-66060.737	-1994.048
720000000	-68067.559	-2015.894	-66051.665	-2029.426
721000000	-68061.884	-1979.022	-66082.862	-1991.312
722000000	-68029.296	-1988.055	-66041.242	-2001.442
723000000	-68079.986	-1987.021	-66092.965	-2000.060
724000000	-68040.938	-1965.734	-66075.203	-1978.230
725000000	-68036.492	-1962.536	-66073.956	-1975.072
726000000	-68057.975	-1986.642	-66071.332	-1998.398
727000000	-68047.200	-1978.916	-66068.284	-1991.011
728000000	-67995.401	-1905.551	-66089.850	-1912.887
729000000	-68029.674	-1957.384	-66072.291	-1969.046
730000000	-68112.771	-2011.866	-66100.905	-2026.617
731000000	-68056.465	-1966.385	-66090.079	-1978.961
732000000	-68070.186	-1986.658	-66083.527	-1999.913
733000000	-68053.339	-1972.452	-66080.887	-1986.381
734000000	-68030.316	-1931.515	-66098.801	-1941.771
735000000	-68046.831	-1958.706	-66088.125	-1969.944
736000000	-68037.252	-1962.344	-66074.908	-1974.211
737000000	-68023.188	-1951.768	-66071.420	-1963.063
738000000	-68027.554	-1962.474	-66065.080	-1973.115
739000000	-68082.373	-1988.250	-66094.123	-2002.326
740000000	-68015.135	-1960.051	-66055.085	-1972.501
741000000	-68040.427	-1963.462	-66076.966	-1974.054
742000000	-68089.499	-2018.080	-66071.419	-2031.519
743000000	-68045.405	-1983.921	-66061.484	-1997.164
744000000	-68060.564	-1981.740	-66078.824	-1994.839
745000000	-68056.048	-1952.712	-66103.335	-1964.477
746000000	-68049.104	-1995.600	-66053.504	-2010.161
747000000	-68080.414	-1993.405	-66087.009	-2006.494
748000000	-68083.668	-1983.339	-66100.329	-1995.987
749000000	-68015.539	-1956.666	-66058.873	-1968.743
750000000	-68074.389	-2004.454	-66069.935	-2017.703
751000000	-67997.584	-1938.680	-66058.903	-1948.890
752000000	-68077.861	-1987.870	-66089.991	-2002.081
753000000	-68078.781	-2026.477	-66052.303	-2040.432
754000000	-68073.059	-1969.554	-66103.505	-1982.900
755000000	-68028.387	-1957.478	-66070.909	-1968.796
756000000	-68048.002	-1988.257	-66059.745	-2001.234
757000000	-68074.198	-2003.052	-66071.146	-2015.939
758000000	-68063.027	-1995.896	-66067.131	-2009.932
759000000	-67978.507	-1921.798	-66056.709	-1930.433
760000000	-68051.197	-1981.354	-66069.843	-1994.178
761000000	-68075.075	-1988.616	-66086.458	-2002.345
762000000	-68021.341	-1961.990	-66059.351	-1973.732
763000000	-68065.782	-1992.206	-66073.576	-2005.201
764000000	-68074.071	-2002.209	-66071.862	-2015.868
765000000	-68035.633	-1978.765	-66056.868	-1991.229
766000000	-68048.040	-1971.621	-66076.419	-1984.014
767000000	-68106.652	-2007.660	-66098.992	-2021.200
768000000	-68044.009	-1955.290	-66088.719	-1967.222
769000000	-68112.698	-2008.545	-66104.153	-2022.160
770000000	-68056.638	-1986.583	-66070.055	-1998.907
771000000	-68062.691	-2016.514	-66046.176	-2030.525
772000000	-68073.013	-1983.054	-66089.959	-1996.020
773000000	-68069.649	-1969.709	-66099.940	-1983.276
774000000	-68065.959	-1985.658	-66080.302	-1999.312
775000000	-68066.342	-2004.246	-66062.096	-2018.926
776000000	-68015.902	-1943.069	-66072.833	-1954.297
777000000	-68077.634	-1983.808	-66093.826	-1997.322
778000000	-68060.712	-1993.233	-66067.479	-2005.877
779000000	-68086.532	-1994.849	-66091.683	-2008.698
780000000	-68043.430	-1967.836	-66075.594	-1980.569
781000000	-68011.422	-1950.208	-66061.214	-1961.215
782000000	-68014.894	-1962.337	-66052.557	-1973.463
783000000	-68065.297	-1981.540	-66083.757	-1993.194
784000000	-68049.326	-1983.210	-66066.117	-1996.983
785000000	-68059.236	-2009.464	-66049.772	-2024.241
786000000	-68032.559	-1961.976	-66070.583	-1975.894
787000000	-68088.735	-2003.243	-66085.493	-2015.406
788000000	-68024.041	-1956.066	-66067.975	-1967.206
789000000	-68081.470	-1995.383	-66086.087	-2009.422
790000000	-68036.571	-1951.357	-66085.215	-1961.611
791000000	-68072.914	-1968.224	-66104.690	-1979.433
792000000	-68037.562	-1964.037	-66073.525	-1976.678
793000000	-68053.793	-1977.028	-66076.765	-1990.399
794000000	-68077.312	-2003.370	-66073.942	-2017.397
795000000	-68076.974	-1985.173	-66091.800	-1997.764
796000000	-68053.960	-1959.082	-66094.877	-1971.009
797000000	-68065.616	-1975.290	-66090.326	-1987.829
798000000	-68076.507	-1983.021	-66093.485	-1996.780
799000000	-68095.325	-2005.118	-66090.206	-2019.216
800000000	-68087.391	-1996.507	-66090.884	-2009.215
