state	posterior	prior	likelihood	skygrid
1000000	-68054.649	-1978.450	-66076.198	-1990.413
2000000	-68062.121	-1996.018	-66066.103	-2009.680
3000000	-68041.239	-1966.159	-66075.081	-1979.965
4000000	-68070.708	-1977.713	-66092.995	-1991.561
5000000	-68042.216	-1995.689	-66046.527	-2008.828
6000000	-67996.352	-1934.770	-66061.582	-1944.454
7000000	-68022.388	-1966.660	-66055.728	-1978.354
8000000	-68052.283	-1995.903	-66056.380	-2008.419
9000000	-68094.099	-2006.982	-66087.117	-2020.371
10000000	-68046.771	-1996.301	-66050.470	-2010.035
11000000	-68048.602	-1988.470	-66060.132	-2000.735
12000000	-68062.259	-1980.208	-66082.051	-1993.960
13000000	-68018.099	-1951.769	-66066.330	-1962.100
14000000	-68019.478	-1961.324	-66058.154	-1973.797
15000000	-68087.626	-2004.404	-66083.222	-2016.811
16000000	-68105.962	-2014.850	-66091.111	-2029.380
17000000	-68083.414	-2018.673	-66064.741	-2034.147
18000000	-68061.099	-1988.690	-66072.409	-2002.994
19000000	-67998.064	-1906.488	-66091.575	-1913.373
20000000	-68065.980	-1978.498	-66087.482	-1990.653
21000000	-68040.396	-1939.581	-66100.815	-1950.081
22000000	-68037.752	-1968.107	-66069.645	-1980.209
23000000	-68047.490	-1963.371	-66084.119	-1975.858
24000000	-68073.998	-1984.265	-66089.732	-1996.890
25000000	-68011.476	-1948.578	-66062.897	-1959.433
26000000	-68046.386	-1965.447	-66080.939	-1978.546
27000000	-68075.541	-1970.613	-66104.927	-1982.485
28000000	-68060.295	-1985.763	-66074.532	-1999.041
29000000	-67993.911	-1927.000	-66066.911	-1936.443
30000000	-68022.100	-1963.593	-66058.507	-1975.175
31000000	-68067.534	-1986.035	-66081.499	-1997.791
32000000	-68088.644	-1990.527	-66098.117	-2003.625
33000000	-68070.757	-1983.250	-66087.507	-1994.790
34000000	-68014.100	-1946.568	-66067.532	-1958.529
35000000	-68080.354	-2010.147	-66070.207	-2023.878
36000000	-68071.169	-1990.114	-66081.054	-2002.829
37000000	-68074.364	-1985.733	-66088.631	-1998.287
38000000	-68032.003	-1975.942	-66056.062	-1989.569
39000000	-68039.595	-1958.528	-66081.068	-1969.281
40000000	-67987.332	-1925.498	-66061.834	-1935.334
41000000	-68053.301	-1975.728	-66077.573	-1988.247
42000000	-68084.955	-1983.974	-66100.981	-1997.176
43000000	-68118.202	-1998.778	-66119.424	-2014.060
44000000	-68083.124	-1995.853	-66087.271	-2008.838
45000000	-68037.570	-1982.918	-66054.652	-1996.166
46000000	-68071.246	-1996.241	-66075.005	-2010.049
47000000	-68031.125	-1959.151	-66071.975	-1970.783
48000000	-68043.745	-1964.213	-66079.532	-1976.613
49000000	-68071.991	-1998.074	-66073.917	-2012.449
50000000	-68091.753	-1991.203	-66100.550	-2005.333
51000000	-68067.587	-1994.473	-66073.114	-2007.843
52000000	-68049.597	-1948.275	-66101.322	-1960.278
53000000	-68091.879	-2021.472	-66070.407	-2036.160
54000000	-68061.490	-1963.059	-66098.431	-1975.382
55000000	-68061.023	-1982.290	-66078.733	-1996.288
56000000	-68035.821	-1953.714	-66082.106	-1965.030
57000000	-68058.133	-1990.617	-66067.516	-2004.311
58000000	-68113.193	-2038.703	-66074.490	-2053.928
59000000	-68002.545	-1949.280	-66053.266	-1962.500
60000000	-68093.202	-2001.098	-66092.104	-2013.668
61000000	-68069.434	-1998.048	-66071.386	-2011.278
62000000	-67992.755	-1920.421	-66072.334	-1930.644
63000000	-68104.023	-2005.968	-66098.055	-2019.171
64000000	-68060.555	-1987.283	-66073.273	-2000.152
65000000	-68030.497	-1960.890	-66069.606	-1973.212
66000000	-68044.174	-1983.121	-66061.052	-1996.480
67000000	-68006.530	-1952.815	-66053.715	-1964.447
68000000	-68056.808	-1975.982	-66080.826	-1988.610
69000000	-68035.854	-1944.783	-66091.071	-1957.243
70000000	-68012.066	-1953.139	-66058.927	-1965.044
71000000	-68039.691	-1948.681	-66091.010	-1960.254
72000000	-68036.718	-1942.784	-66093.934	-1953.806
73000000	-68055.165	-1994.249	-66060.917	-2007.775
74000000	-68070.156	-1975.499	-66094.658	-1988.884
75000000	-68048.588	-1971.603	-66076.985	-1983.537
76000000	-68044.608	-1967.517	-66077.090	-1979.288
77000000	-68086.374	-1987.967	-66098.408	-2001.973
78000000	-68087.594	-2022.984	-66064.609	-2036.627
79000000	-68070.558	-1998.558	-66072.000	-2011.822
80000000	-68113.492	-2013.393	-66100.099	-2027.708
81000000	-68068.212	-1997.156	-66071.056	-2011.153
82000000	-68107.438	-2013.305	-66094.132	-2027.848
83000000	-68075.876	-1987.859	-66088.017	-2000.536
84000000	-68054.319	-1981.506	-66072.813	-1993.091
85000000	-68016.642	-1946.331	-66070.311	-1956.383
86000000	-68086.248	-1991.705	-66094.543	-2004.739
87000000	-68052.520	-1994.237	-66058.283	-2007.085
88000000	-68084.117	-1999.820	-66084.297	-2014.461
89000000	-68061.838	-2006.007	-66055.831	-2020.509
90000000	-68059.382	-2007.491	-66051.891	-2022.035
91000000	-68047.837	-1979.570	-66068.267	-1991.984
92000000	-68064.615	-1995.371	-66069.245	-2008.117
93000000	-68052.862	-1989.941	-66062.921	-2000.803
94000000	-68048.229	-1958.651	-66089.578	-1969.543
95000000	-68007.371	-1922.563	-66084.808	-1931.074
96000000	-68083.635	-2004.985	-66078.650	-2017.266
97000000	-68105.040	-2029.260	-66075.780	-2042.698
98000000	-68037.390	-1996.204	-66041.186	-2009.530
99000000	-68031.999	-1945.023	-66086.976	-1955.870
100000000	-68049.890	-2001.681	-66048.209	-2015.225
101000000	-68050.066	-1965.293	-66084.773	-1976.256
102000000	-68083.595	-1985.369	-66098.226	-1998.201
103000000	-68072.285	-2004.605	-66067.681	-2018.255
104000000	-68108.400	-2029.935	-66078.465	-2044.027
105000000	-68057.497	-1980.402	-66077.095	-1993.021
106000000	-68062.892	-1998.242	-66064.650	-2011.185
107000000	-68043.253	-1957.383	-66085.871	-1970.040
108000000	-68048.787	-1955.623	-66093.163	-1967.487
109000000	-68054.156	-1979.729	-66074.428	-1992.879
110000000	-68036.846	-1964.669	-66072.177	-1976.238
111000000	-68062.174	-1994.665	-66067.509	-2008.507
112000000	-68049.175	-1963.895	-66085.280	-1974.048
113000000	-68031.392	-1992.360	-66039.032	-2005.351
114000000	-68034.339	-1989.176	-66045.163	-2001.439
115000000	-68013.555	-1942.892	-66070.663	-1953.568
116000000	-68042.323	-1964.435	-66077.888	-1976.712
117000000	-68061.072	-1973.271	-66087.802	-1986.830
118000000	-68069.980	-1992.776	-66077.203	-2005.699
119000000	-68055.915	-1994.942	-66060.973	-2009.491
120000000	-68111.168	-2007.743	-66103.424	-2022.034
121000000	-68043.243	-1969.365	-66073.878	-1980.631
122000000	-68029.054	-1956.099	-66072.955	-1968.965
123000000	-68059.901	-2010.274	-66049.627	-2024.001
124000000	-68032.613	-1978.581	-66054.032	-1990.757
125000000	-68082.444	-1998.797	-66083.646	-2011.640
126000000	-68056.085	-2005.515	-66050.570	-2018.004
127000000	-68053.711	-1971.402	-66082.309	-1984.399
128000000	-68072.359	-2012.726	-66059.633	-2026.525
129000000	-68061.208	-1998.679	-66062.529	-2013.132
130000000	-68042.546	-1980.503	-66062.043	-1993.442
131000000	-68035.335	-1966.418	-66068.917	-1978.413
132000000	-68041.220	-1950.358	-66090.862	-1961.970
133000000	-68068.989	-1966.714	-66102.276	-1978.863
134000000	-68076.502	-2010.283	-66066.219	-2024.136
135000000	-68032.710	-1974.024	-66058.686	-1986.075
136000000	-68054.373	-1964.822	-66089.552	-1975.706
137000000	-68105.471	-2004.515	-66100.956	-2019.487
138000000	-68027.725	-1939.159	-66088.566	-1949.855
139000000	-68087.770	-1998.524	-66089.246	-2012.228
140000000	-68053.986	-1970.734	-66083.252	-1983.879
141000000	-68001.445	-1902.983	-66098.462	-1912.538
142000000	-68074.040	-1973.793	-66100.247	-1985.780
143000000	-68022.377	-1952.399	-66069.978	-1963.980
144000000	-68065.211	-1974.039	-66091.172	-1987.097
145000000	-68069.021	-2006.681	-66062.340	-2021.679
146000000	-68053.841	-1995.726	-66058.116	-2009.723
147000000	-68062.045	-1999.591	-66062.454	-2012.880
148000000	-68053.929	-1970.279	-66083.650	-1982.623
149000000	-68056.762	-1984.170	-66072.592	-1997.593
150000000	-68054.150	-1976.711	-66077.439	-1989.493
151000000	-68076.984	-2000.538	-66076.446	-2012.927
152000000	-68092.875	-2020.101	-66072.774	-2032.682
153000000	-68053.596	-1988.004	-66065.592	-2001.544
154000000	-68106.856	-2020.811	-66086.045	-2035.244
155000000	-68037.921	-1966.521	-66071.400	-1978.725
156000000	-68014.790	-1928.844	-66085.947	-1938.461
157000000	-68055.045	-1992.670	-66062.375	-2006.361
158000000	-68070.522	-2017.869	-66052.653	-2030.486
159000000	-68062.054	-1986.507	-66075.547	-1999.931
160000000	-68050.329	-1970.028	-66080.301	-1982.929
161000000	-68047.812	-1996.020	-66051.791	-2009.756
162000000	-67999.478	-1942.783	-66056.695	-1952.727
163000000	-68066.981	-1988.919	-66078.062	-2001.631
164000000	-68039.829	-1944.076	-66095.753	-1955.911
165000000	-68063.128	-1996.033	-66067.095	-2007.482
166000000	-68053.809	-1989.453	-66064.356	-2001.744
167000000	-68059.541	-1992.703	-66066.838	-2005.436
168000000	-68047.437	-1955.849	-66091.588	-1968.217
169000000	-68090.331	-2015.500	-66074.832	-2030.016
170000000	-68087.167	-2005.549	-66081.618	-2019.415
171000000	-68059.877	-1984.498	-66075.378	-1997.099
172000000	-68057.256	-1982.845	-66074.411	-1994.783
173000000	-68048.819	-1972.534	-66076.285	-1984.910
174000000	-68055.837	-1987.067	-66068.771	-2000.423
175000000	-68061.360	-2008.636	-66052.725	-2021.891
176000000	-68032.025	-1957.170	-66074.855	-1969.139
177000000	-68024.614	-1942.941	-66081.673	-1953.442
178000000	-68052.093	-1990.357	-66061.735	-2004.287
179000000	-68092.783	-2018.375	-66074.408	-2031.827
180000000	-68039.876	-1985.381	-66054.495	-1997.620
181000000	-68042.464	-1960.406	-66082.058	-1972.202
182000000	-68044.199	-1948.778	-66095.421	-1960.697
183000000	-68072.717	-1984.646	-66088.071	-1998.357
184000000	-68089.840	-1986.351	-66103.489	-1998.818
185000000	-68096.113	-1985.432	-66110.681	-1997.886
186000000	-68002.935	-1930.482	-66072.453	-1940.364
187000000	-68061.713	-1963.424	-66098.290	-1977.267
188000000	-68056.655	-1977.879	-66078.776	-1990.578
189000000	-68059.076	-1985.148	-66073.928	-1998.297
190000000	-68032.412	-1968.799	-66063.613	-1982.212
191000000	-68106.988	-2031.507	-66075.481	-2046.047
192000000	-68056.426	-1975.315	-66081.110	-1989.179
193000000	-68077.819	-2004.900	-66072.919	-2019.398
194000000	-68032.067	-1981.409	-66050.658	-1993.909
195000000	-68034.478	-1970.917	-66063.561	-1983.708
196000000	-68041.674	-1980.933	-66060.740	-1992.954
197000000	-68051.064	-1948.341	-66102.723	-1958.920
198000000	-68063.135	-1995.892	-66067.243	-2008.674
199000000	-68038.016	-1965.079	-66072.937	-1977.617
200000000	-68059.295	-1990.231	-66069.064	-2003.690
201000000	-68047.982	-1979.692	-66068.289	-1992.672
202000000	-68082.255	-1999.921	-66082.334	-2013.548
203000000	-68022.065	-1957.781	-66064.284	-1968.959
204000000	-68040.246	-1979.846	-66060.400	-1992.860
205000000	-68076.170	-1995.674	-66080.496	-2009.443
206000000	-68049.470	-1944.622	-66104.848	-1956.822
207000000	-68087.699	-2002.080	-66085.619	-2015.570
208000000	-68032.114	-1946.252	-66085.861	-1958.286
209000000	-68088.179	-2015.115	-66073.064	-2028.654
210000000	-68058.150	-1972.417	-66085.733	-1984.533
211000000	-68085.810	-2012.339	-66073.471	-2026.435
212000000	-68061.209	-1996.219	-66064.990	-2009.287
213000000	-68092.204	-1988.800	-66103.404	-2002.777
214000000	-68069.230	-2005.340	-66063.890	-2017.824
215000000	-68035.100	-1985.390	-66049.710	-1998.213
216000000	-68047.610	-1990.891	-66056.719	-2004.290
217000000	-68109.214	-2013.479	-66095.735	-2027.329
218000000	-68081.795	-1994.212	-66087.583	-2008.013
219000000	-68074.176	-1998.144	-66076.032	-2012.077
220000000	-68041.160	-1978.889	-66062.271	-1991.674
221000000	-68003.167	-1931.010	-66072.157	-1942.187
222000000	-68060.203	-1988.540	-66071.663	-2001.792
223000000	-68032.072	-1963.337	-66068.735	-1976.529
224000000	-68076.525	-1987.414	-66089.111	-2000.236
225000000	-68061.286	-1987.055	-66074.231	-1999.917
226000000	-68061.760	-1984.077	-66077.682	-1997.366
227000000	-68059.516	-2007.670	-66051.846	-2021.748
228000000	-68055.090	-1980.073	-66075.017	-1992.440
229000000	-68001.455	-1920.932	-66080.523	-1930.555
230000000	-67977.308	-1918.794	-66058.514	-1927.602
231000000	-68056.224	-1980.484	-66075.740	-1994.093
232000000	-68024.888	-1971.363	-66053.525	-1983.496
233000000	-68023.871	-1968.285	-66055.587	-1980.701
234000000	-68056.844	-1984.153	-66072.691	-1997.703
235000000	-68043.421	-1975.534	-66067.888	-1987.895
236000000	-68025.365	-1963.521	-66061.844	-1975.241
237000000	-68044.036	-1971.610	-66072.426	-1984.572
238000000	-68065.587	-1974.918	-66090.668	-1988.389
239000000	-68076.688	-1980.186	-66096.501	-1992.795
240000000	-68056.608	-1956.230	-66100.378	-1969.285
241000000	-68087.322	-1994.994	-66092.328	-2008.210
242000000	-68031.147	-1953.141	-66078.006	-1964.423
243000000	-68016.786	-1936.911	-66079.875	-1946.640
244000000	-68108.626	-2031.214	-66077.411	-2044.414
245000000	-68033.487	-1957.894	-66075.593	-1969.891
246000000	-68056.042	-1973.240	-66082.802	-1984.101
247000000	-68051.069	-1980.693	-66070.376	-1994.412
248000000	-68065.003	-1989.413	-66075.590	-2002.170
249000000	-68043.958	-1974.690	-66069.268	-1987.742
250000000	-68041.712	-1967.658	-66074.054	-1979.601
251000000	-68011.077	-1960.992	-66050.085	-1972.157
252000000	-68060.942	-1992.115	-66068.826	-2005.597
253000000	-67991.338	-1900.081	-66091.257	-1907.260
254000000	-68046.552	-1981.261	-66065.291	-1993.835
255000000	-68011.317	-1941.721	-66069.597	-1953.379
256000000	-68071.428	-2005.927	-66065.502	-2018.981
257000000	-68047.462	-1957.505	-66089.957	-1969.009
258000000	-68009.167	-1926.221	-66082.946	-1937.691
259000000	-68057.949	-1994.846	-66063.103	-2008.196
260000000	-68059.198	-1983.675	-66075.523	-1997.206
261000000	-68019.773	-1959.554	-66060.220	-1970.864
262000000	-68043.748	-1967.623	-66076.125	-1979.767
263000000	-68037.978	-1952.812	-66085.166	-1965.236
264000000	-68041.610	-1984.464	-66057.146	-1997.413
265000000	-68050.322	-1992.369	-66057.953	-2006.408
266000000	-68077.257	-1985.168	-66092.089	-1998.759
267000000	-68044.745	-1977.892	-66066.853	-1989.733
268000000	-68036.271	-1949.109	-66087.162	-1960.540
269000000	-68086.788	-2000.794	-66085.995	-2014.742
270000000	-68048.881	-1980.633	-66068.248	-1993.838
271000000	-68023.097	-1965.839	-66057.258	-1979.063
272000000	-68098.715	-2023.753	-66074.962	-2038.069
273000000	-68063.400	-1968.966	-66094.434	-1983.476
274000000	-68059.068	-1982.652	-66076.416	-1996.699
275000000	-68051.032	-1988.353	-66062.679	-2001.919
276000000	-68060.882	-1978.385	-66082.496	-1990.568
277000000	-68062.881	-2009.860	-66053.022	-2023.377
278000000	-68029.493	-1972.659	-66056.834	-1984.840
279000000	-68006.692	-1925.709	-66080.983	-1936.183
280000000	-68084.898	-2009.043	-66075.855	-2022.449
281000000	-68051.632	-1974.186	-66077.446	-1986.361
282000000	-68019.828	-1965.680	-66054.148	-1977.137
283000000	-68059.847	-1976.308	-66083.538	-1987.785
284000000	-68048.250	-1974.936	-66073.314	-1987.914
285000000	-68099.433	-2017.395	-66082.038	-2032.314
286000000	-68051.907	-1989.818	-66062.089	-2002.573
287000000	-68029.581	-1968.574	-66061.007	-1980.167
288000000	-68019.211	-1928.781	-66090.430	-1939.622
289000000	-68075.172	-2009.213	-66065.959	-2023.553
290000000	-68051.839	-2002.506	-66049.333	-2016.103
291000000	-68053.970	-1973.251	-66080.719	-1986.049
292000000	-68019.015	-1948.405	-66070.611	-1960.329
293000000	-68077.959	-1991.662	-66086.296	-2004.241
294000000	-68117.159	-2012.816	-66104.343	-2026.510
295000000	-68039.558	-1974.654	-66064.904	-1986.950
296000000	-68000.617	-1961.237	-66039.380	-1972.760
297000000	-68074.060	-2011.784	-66062.276	-2025.829
298000000	-68076.790	-1999.174	-66077.617	-2013.329
299000000	-68049.071	-1992.184	-66056.887	-2006.603
300000000	-68072.467	-1981.366	-66091.101	-1993.665
301000000	-68033.963	-1967.773	-66066.189	-1980.405
302000000	-68063.554	-1989.035	-66074.519	-2003.091
303000000	-68070.795	-1983.592	-66087.203	-1997.510
304000000	-68029.322	-1944.373	-66084.949	-1954.236
305000000	-68045.631	-1976.958	-66068.673	-1990.011
306000000	-68059.582	-1960.115	-66099.467	-1972.543
307000000	-68010.317	-1936.527	-66073.790	-1945.348
308000000	-68040.307	-1940.553	-66099.754	-1951.831
309000000	-68026.401	-1981.667	-66044.734	-1993.952
310000000	-68085.294	-2012.586	-66072.708	-2027.047
311000000	-68052.157	-1948.222	-66103.935	-1959.278
312000000	-68082.405	-1994.874	-66087.531	-2009.710
313000000	-67998.052	-1914.239	-66083.814	-1923.172
314000000	-68097.226	-2011.247	-66085.979	-2025.100
315000000	-68024.442	-1977.297	-66047.145	-1989.845
316000000	-68031.413	-1953.738	-66077.675	-1965.538
317000000	-68061.122	-1996.648	-66064.474	-2010.079
318000000	-68058.870	-1986.133	-66072.738	-1998.393
319000000	-68040.752	-1989.320	-66051.432	-2003.932
320000000	-68058.563	-1969.844	-66088.719	-1982.824
321000000	-68059.749	-1999.875	-66059.873	-2013.464
322000000	-68083.811	-1985.167	-66098.644	-1998.326
323000000	-68022.676	-1955.923	-66066.753	-1967.093
324000000	-68041.598	-1957.841	-66083.757	-1967.681
325000000	-68052.268	-1984.868	-66067.400	-1997.805
326000000	-67990.679	-1922.953	-66067.726	-1932.458
327000000	-68042.044	-1966.890	-66075.154	-1979.628
328000000	-68062.179	-1952.421	-66109.758	-1963.609
329000000	-68035.321	-1965.712	-66069.610	-1978.638
330000000	-68052.835	-1958.185	-66094.651	-1971.031
331000000	-68051.419	-1983.628	-66067.791	-1995.493
332000000	-68004.281	-1940.735	-66063.547	-1951.151
333000000	-68018.779	-1913.968	-66104.811	-1925.130
334000000	-68067.432	-1988.032	-66079.401	-2001.666
335000000	-68028.044	-1949.506	-66078.539	-1962.625
336000000	-68020.543	-1937.415	-66083.128	-1947.521
337000000	-68066.956	-1987.962	-66078.994	-2001.127
338000000	-67998.639	-1940.705	-66057.934	-1951.838
339000000	-68064.910	-1988.285	-66076.624	-2000.739
340000000	-68029.016	-1971.483	-66057.533	-1984.997
341000000	-68060.340	-1984.840	-66075.499	-1998.735
342000000	-68043.842	-1962.036	-66081.806	-1974.297
343000000	-68050.162	-1993.892	-66056.270	-2007.027
344000000	-68025.158	-1950.282	-66074.876	-1960.634
345000000	-68063.763	-1951.895	-66111.868	-1963.933
346000000	-68093.868	-1992.527	-66101.341	-2005.321
347000000	-68064.094	-2003.177	-66060.917	-2016.447
348000000	-68086.207	-2016.356	-66069.852	-2030.275
349000000	-68066.278	-2004.788	-66061.490	-2018.576
350000000	-68086.985	-1987.777	-66099.208	-2001.140
351000000	-68033.766	-1985.232	-66048.535	-1997.645
352000000	-68072.262	-1966.653	-66105.609	-1978.212
353000000	-68046.126	-1979.404	-66066.723	-1993.180
354000000	-68011.156	-1952.949	-66058.207	-1964.335
355000000	-68063.492	-1988.097	-66075.396	-2001.408
356000000	-68039.508	-1953.193	-66086.315	-1964.562
357000000	-68052.810	-1987.751	-66065.059	-2000.562
358000000	-68083.966	-2002.028	-66081.937	-2016.677
359000000	-68039.248	-1960.038	-66079.210	-1972.012
360000000	-68060.908	-1994.318	-66066.590	-2007.714
361000000	-68026.250	-1966.869	-66059.382	-1977.714
362000000	-68097.165	-2029.139	-66068.026	-2043.178
363000000	-68031.825	-1971.126	-66060.699	-1981.671
364000000	-68008.788	-1951.296	-66057.493	-1962.611
365000000	-68040.289	-1949.382	-66090.907	-1961.231
366000000	-68051.774	-1984.377	-66067.396	-1997.417
367000000	-68049.593	-1979.575	-66070.018	-1992.581
368000000	-68075.570	-1995.237	-66080.334	-2009.005
369000000	-68071.422	-1976.565	-66094.857	-1988.755
370000000	-68052.305	-1983.752	-66068.553	-1996.596
371000000	-68053.560	-2008.956	-66044.605	-2023.068
372000000	-68046.162	-1986.592	-66059.570	-2000.548
373000000	-68079.264	-1995.664	-66083.600	-2006.950
374000000	-68057.596	-1989.965	-66067.630	-2002.871
375000000	-68022.777	-1955.820	-66066.957	-1966.537
376000000	-68068.066	-2010.004	-66058.063	-2024.002
377000000	-68073.386	-1988.338	-66085.048	-2002.108
378000000	-68057.540	-1998.875	-66058.665	-2012.426
379000000	-68036.023	-1964.548	-66071.475	-1977.799
380000000	-68027.511	-1966.894	-66060.618	-1979.870
381000000	-68053.664	-1986.204	-66067.460	-1999.050
382000000	-68015.220	-1929.550	-66085.670	-1940.640
383000000	-68110.515	-1996.076	-66114.439	-2009.367
384000000	-68060.528	-1973.105	-66087.423	-1984.513
385000000	-68043.325	-1970.774	-66072.551	-1982.437
386000000	-68050.756	-1972.139	-66078.617	-1984.982
387000000	-68100.608	-2002.865	-66097.743	-2017.141
388000000	-68049.096	-1982.053	-66067.043	-1994.704
389000000	-68047.370	-1962.060	-66085.310	-1973.826
390000000	-68042.141	-1963.503	-66078.638	-1975.819
391000000	-68017.811	-1924.532	-66093.279	-1934.088
392000000	-68063.615	-2012.385	-66051.230	-2025.805
393000000	-68036.176	-1968.665	-66067.511	-1981.246
394000000	-68041.824	-1965.837	-66075.986	-1978.790
395000000	-68015.704	-1955.326	-66060.378	-1967.938
396000000	-68051.083	-1991.974	-66059.108	-2005.048
397000000	-68053.945	-1961.769	-66092.176	-1973.558
398000000	-68045.269	-1976.605	-66068.664	-1988.559
399000000	-68085.056	-1982.396	-66102.660	-1996.831
400000000	-68051.860	-1971.615	-66080.244	-1984.155
401000000	-68066.404	-1982.287	-66084.117	-1995.090
402000000	-68050.232	-1967.993	-66082.239	-1979.006
403000000	-68086.056	-1989.080	-66096.976	-2002.484
404000000	-68056.564	-1979.614	-66076.950	-1992.045
405000000	-68043.574	-1971.266	-66072.308	-1983.719
406000000	-68059.399	-1994.708	-66064.692	-2008.376
407000000	-68047.133	-1974.089	-66073.045	-1986.703
408000000	-68061.458	-1996.940	-66064.518	-2010.701
409000000	-68044.336	-1954.081	-66090.255	-1964.365
410000000	-68036.179	-1973.624	-66062.555	-1986.368
411000000	-68033.513	-1956.043	-66077.470	-1968.487
412000000	-68048.254	-1997.185	-66051.069	-2010.724
413000000	-68048.690	-1969.536	-66079.154	-1981.759
414000000	-68071.526	-2001.107	-66070.419	-2014.428
415000000	-68075.363	-1996.008	-66079.355	-2009.902
416000000	-68060.173	-1983.888	-66076.285	-1996.887
417000000	-68072.849	-1988.746	-66084.103	-2002.095
418000000	-68067.576	-1991.284	-66076.291	-2004.851
419000000	-68033.984	-1959.221	-66074.763	-1971.049
420000000	-68080.136	-2011.578	-66068.558	-2026.113
421000000	-68110.011	-2043.894	-66066.117	-2058.870
422000000	-68020.069	-1959.133	-66060.936	-1971.097
423000000	-68102.867	-2025.159	-66077.708	-2038.985
424000000	-68018.908	-1934.894	-66084.014	-1945.902
425000000	-68048.548	-1981.399	-66067.150	-1993.752
426000000	-68018.521	-1951.950	-66066.571	-1963.102
427000000	-68084.052	-2008.056	-66075.996	-2021.067
428000000	-68026.178	-1934.357	-66091.821	-1945.311
429000000	-68052.811	-1984.461	-66068.350	-1996.938
430000000	-68062.450	-1993.988	-66068.462	-2007.555
431000000	-68057.470	-1972.035	-66085.435	-1984.103
432000000	-68045.515	-1959.627	-66085.888	-1971.524
433000000	-68062.174	-1973.149	-66089.025	-1986.174
434000000	-68011.806	-1954.466	-66057.340	-1966.601
435000000	-68053.045	-1946.284	-66106.760	-1956.397
436000000	-68082.204	-1989.544	-66092.660	-2001.285
437000000	-68074.023	-2013.370	-66060.653	-2027.684
438000000	-68040.527	-1964.538	-66075.988	-1976.444
439000000	-68079.445	-2013.826	-66065.619	-2026.886
440000000	-68083.468	-2005.965	-66077.504	-2020.915
441000000	-68044.169	-1973.984	-66070.185	-1986.967
442000000	-68036.236	-1988.661	-66047.575	-2000.744
443000000	-68050.299	-1983.198	-66067.101	-1996.254
444000000	-68056.960	-1991.657	-66065.303	-2004.789
445000000	-68052.438	-1972.748	-66079.689	-1985.710
446000000	-68071.438	-1981.765	-66089.673	-1994.796
447000000	-68074.715	-1996.972	-66077.743	-2011.168
448000000	-68076.253	-1985.653	-66090.599	-1998.000
449000000	-68063.536	-1991.064	-66072.472	-2004.050
450000000	-68075.087	-1998.967	-66076.120	-2013.028
451000000	-68012.404	-1953.547	-66058.857	-1964.993
452000000	-68042.603	-1980.361	-66062.241	-1994.222
453000000	-68006.905	-1940.841	-66066.063	-1951.495
454000000	-68060.400	-1986.624	-66073.776	-1998.736
455000000	-68052.158	-1970.903	-66081.255	-1983.621
456000000	-68066.005	-1995.286	-66070.719	-2008.930
457000000	-68057.591	-1994.566	-66063.025	-2007.760
458000000	-68065.704	-1984.628	-66081.076	-1998.249
459000000	-68009.531	-1942.147	-66067.384	-1953.973
460000000	-68082.099	-1995.341	-66086.758	-2009.407
461000000	-68060.677	-1988.627	-66072.050	-2001.142
462000000	-68010.455	-1958.765	-66051.690	-1969.784
463000000	-68039.690	-1966.591	-66073.099	-1979.316
464000000	-68031.090	-1969.275	-66061.815	-1981.256
465000000	-68091.557	-1981.650	-66109.907	-1992.574
466000000	-68078.486	-2005.445	-66073.041	-2019.215
467000000	-68061.645	-1988.111	-66073.534	-2002.158
468000000	-68034.929	-1963.463	-66071.466	-1975.756
469000000	-68019.221	-1959.965	-66059.257	-1971.988
470000000	-68049.813	-1975.489	-66074.324	-1988.333
471000000	-68036.548	-1956.567	-66079.982	-1969.346
472000000	-68062.336	-1965.891	-66096.445	-1978.039
473000000	-68031.740	-1958.477	-66073.263	-1971.314
474000000	-68054.669	-1982.840	-66071.829	-1995.334
475000000	-68057.018	-1982.665	-66074.353	-1997.345
476000000	-68089.613	-1994.625	-66094.988	-2007.703
477000000	-68060.846	-1958.902	-66101.944	-1970.895
478000000	-68076.600	-2003.172	-66073.428	-2016.144
479000000	-68015.193	-1948.556	-66066.638	-1960.847
480000000	-68022.096	-1962.533	-66059.563	-1974.972
481000000	-68089.394	-1995.235	-66094.159	-2008.285
482000000	-68042.271	-1969.286	-66072.985	-1981.237
483000000	-67983.442	-1928.040	-66055.402	-1937.951
484000000	-68081.155	-2019.759	-66061.396	-2033.151
485000000	-68055.947	-1962.193	-66093.755	-1975.290
486000000	-68049.680	-1970.980	-66078.701	-1983.470
487000000	-68050.813	-1971.863	-66078.950	-1983.414
488000000	-68089.448	-1978.658	-66110.789	-1991.617
489000000	-68027.713	-1962.777	-66064.935	-1975.379
490000000	-68057.949	-1975.998	-66081.951	-1988.437
491000000	-68060.130	-1971.913	-66088.217	-1984.181
492000000	-68087.379	-1980.843	-66106.536	-1993.685
493000000	-68079.888	-1997.067	-66082.821	-2010.458
494000000	-68045.652	-1996.043	-66049.609	-2009.592
495000000	-68040.253	-1977.328	-66062.925	-1990.853
496000000	-68050.386	-1942.278	-66108.109	-1954.093
497000000	-68047.145	-1966.743	-66080.403	-1977.894
498000000	-68015.154	-1937.695	-66077.459	-1947.896
499000000	-68034.251	-1941.382	-66092.868	-1953.142
500000000	-68057.317	-2006.534	-66050.782	-2018.888
501000000	-68039.993	-1976.018	-66063.975	-1988.815
502000000	-68033.154	-1960.770	-66072.384	-1971.958
503000000	-68071.201	-1989.109	-66082.092	-2002.140
504000000	-68070.004	-2012.829	-66057.175	-2025.778
505000000	-68046.851	-1981.683	-66065.168	-1994.562
506000000	-68081.887	-2006.885	-66075.002	-2020.400
507000000	-68057.903	-1994.277	-66063.625	-2007.287
508000000	-68075.926	-1993.654	-66082.272	-2007.237
509000000	-68039.578	-1970.011	-66069.568	-1983.139
510000000	-68054.300	-1983.356	-66070.944	-1995.841
511000000	-68073.423	-2004.637	-66068.786	-2018.364
512000000	-68030.946	-1970.890	-66060.057	-1983.759
513000000	-67990.794	-1923.297	-66067.496	-1932.076
514000000	-68081.283	-1989.989	-66091.294	-2004.304
515000000	-68113.496	-2015.467	-66098.029	-2029.589
516000000	-68093.381	-2009.240	-66084.142	-2024.681
517000000	-68083.791	-2003.989	-66079.802	-2017.664
518000000	-68056.478	-1987.749	-66068.728	-2000.031
519000000	-68035.991	-1958.248	-66077.744	-1970.287
520000000	-68081.730	-1984.392	-66097.338	-1996.755
521000000	-68074.470	-2001.615	-66072.855	-2015.125
522000000	-68052.826	-1969.774	-66083.052	-1983.080
523000000	-68095.770	-2005.783	-66089.987	-2019.150
524000000	-68040.156	-1967.800	-66072.356	-1980.957
525000000	-68065.447	-1996.773	-66068.675	-2010.309
526000000	-68030.802	-1950.929	-66079.873	-1962.750
527000000	-68046.467	-1964.169	-66082.298	-1976.143
528000000	-68039.350	-1984.621	-66054.729	-1997.734
529000000	-68027.778	-1956.296	-66071.482	-1967.632
530000000	-68050.981	-1953.690	-66097.291	-1965.201
531000000	-68107.047	-2023.673	-66083.374	-2037.504
532000000	-68078.114	-2000.011	-66078.102	-2013.623
533000000	-68026.126	-1970.563	-66055.563	-1982.967
534000000	-68075.623	-1985.026	-66090.597	-1999.195
535000000	-68048.960	-1982.935	-66066.026	-1995.921
536000000	-68025.523	-1970.895	-66054.628	-1981.272
537000000	-67989.347	-1942.967	-66046.379	-1953.210
538000000	-68067.149	-1986.478	-66080.671	-1999.646
539000000	-68055.194	-1973.282	-66081.912	-1984.757
540000000	-68039.693	-1972.289	-66067.404	-1984.357
541000000	-68090.306	-2020.212	-66070.094	-2034.430
542000000	-68035.202	-1974.194	-66061.008	-1986.344
543000000	-68017.431	-1965.615	-66051.816	-1978.750
544000000	-68092.958	-2000.889	-66092.069	-2014.285
545000000	-68089.552	-2007.730	-66081.822	-2021.267
546000000	-68056.752	-1998.771	-66057.982	-2011.067
547000000	-68061.378	-1974.161	-66087.216	-1987.753
548000000	-68057.938	-1997.780	-66060.158	-2011.055
549000000	-68012.275	-1959.176	-66053.100	-1970.925
550000000	-68004.656	-1940.834	-66063.822	-1950.958
551000000	-68048.424	-1971.407	-66077.016	-1984.286
552000000	-68027.254	-1988.018	-66039.235	-2001.670
553000000	-68062.064	-1992.285	-66069.779	-2005.075
554000000	-68059.930	-1992.796	-66067.133	-2006.488
555000000	-68034.550	-1974.288	-66060.262	-1987.274
556000000	-68018.099	-1953.117	-66064.983	-1964.611
557000000	-68049.145	-1972.293	-66076.851	-1984.842
558000000	-68083.063	-1984.215	-66098.848	-1997.520
559000000	-68028.059	-1957.362	-66070.697	-1970.301
560000000	-68046.548	-1969.090	-66077.457	-1982.175
561000000	-68046.683	-1966.326	-66080.357	-1978.002
562000000	-67995.193	-1934.662	-66060.531	-1944.775
563000000	-68050.992	-1977.601	-66073.390	-1989.146
564000000	-68017.336	-1948.531	-66068.805	-1959.265
565000000	-68051.424	-1963.247	-66088.177	-1975.687
566000000	-68064.996	-1982.792	-66082.204	-1996.428
567000000	-68028.125	-1960.496	-66067.629	-1973.147
568000000	-68010.177	-1919.611	-66090.566	-1928.570
569000000	-68042.151	-1976.496	-66065.655	-1989.850
570000000	-68043.122	-1977.088	-66066.034	-1990.115
571000000	-68037.710	-1979.967	-66057.743	-1992.329
572000000	-68035.839	-1974.070	-66061.768	-1987.820
573000000	-68071.200	-1976.168	-66095.032	-1989.125
574000000	-68063.309	-1986.446	-66076.863	-1999.356
575000000	-68015.150	-1950.635	-66064.515	-1961.377
576000000	-68024.627	-1964.701	-66059.926	-1976.760
577000000	-68045.533	-1983.293	-66062.239	-1996.647
578000000	-68041.999	-1976.567	-66065.432	-1989.479
579000000	-68092.113	-2002.971	-66089.142	-2017.600
580000000	-68078.188	-1967.649	-66110.539	-1978.525
581000000	-68052.730	-1993.327	-66059.403	-2006.477
582000000	-68053.837	-1997.549	-66056.288	-2011.206
583000000	-68052.003	-1980.530	-66071.473	-1993.968
584000000	-68077.368	-2003.815	-66073.553	-2017.002
585000000	-68023.598	-1935.307	-66088.292	-1945.161
586000000	-68063.272	-1978.475	-66084.798	-1989.759
587000000	-68017.101	-1969.056	-66048.044	-1981.650
588000000	-68062.415	-1979.181	-66083.235	-1992.750
589000000	-68035.901	-1955.016	-66080.886	-1967.080
590000000	-68046.871	-1987.992	-66058.879	-2001.969
591000000	-68046.047	-1981.150	-66064.898	-1995.457
592000000	-68067.561	-1993.691	-66073.870	-2007.616
593000000	-68032.025	-1965.481	-66066.544	-1978.050
594000000	-68056.464	-2000.868	-66055.596	-2014.608
595000000	-68009.393	-1963.614	-66045.780	-1975.694
596000000	-68083.005	-2004.327	-66078.678	-2018.180
597000000	-68089.106	-1981.958	-66107.148	-1995.126
598000000	-68074.769	-1981.167	-66093.601	-1995.727
599000000	-68060.375	-1978.159	-66082.215	-1989.993
600000000	-68036.973	-1980.283	-66056.690	-1993.318
601000000	-68053.243	-1996.525	-66056.718	-2008.908
602000000	-68039.323	-1960.520	-66078.804	-1971.464
603000000	-68067.353	-1990.687	-66076.666	-2004.030
604000000	-68047.498	-1992.749	-66054.749	-2006.801
605000000	-68075.296	-1991.532	-66083.764	-2004.610
606000000	-68026.810	-1975.881	-66050.930	-1987.972
607000000	-68046.440	-1966.460	-66079.980	-1978.766
608000000	-68085.448	-2007.983	-66077.465	-2022.487
609000000	-68047.540	-1973.319	-66074.221	-1986.584
610000000	-68105.120	-2003.415	-66101.706	-2018.534
611000000	-68071.030	-1974.751	-66096.279	-1987.980
612000000	-68068.086	-1989.849	-66078.237	-2004.061
613000000	-68057.711	-1998.806	-66058.905	-2012.638
614000000	-68056.902	-1990.016	-66066.886	-2002.623
615000000	-68024.967	-1984.625	-66040.342	-1997.415
616000000	-68082.623	-1984.924	-66097.700	-1997.966
617000000	-68101.134	-2014.048	-66087.086	-2027.702
618000000	-68089.638	-1987.290	-66102.349	-2000.501
619000000	-68060.499	-1970.669	-66089.830	-1983.220
620000000	-68020.075	-1957.362	-66062.712	-1968.498
621000000	-68059.617	-2008.037	-66051.580	-2021.373
622000000	-68076.603	-1990.201	-66086.403	-2003.543
623000000	-68067.872	-1975.347	-66092.525	-1987.729
624000000	-68061.465	-1990.193	-66071.272	-2003.266
625000000	-68089.101	-1988.708	-66100.393	-2002.795
626000000	-68041.391	-1985.858	-66055.533	-1998.513
627000000	-68051.601	-1994.084	-66057.517	-2006.565
628000000	-68064.132	-1983.238	-66080.894	-1996.098
629000000	-68086.663	-2000.920	-66085.743	-2015.364
630000000	-68069.670	-1997.233	-66072.437	-2011.453
631000000	-68054.813	-1970.349	-66084.464	-1983.518
632000000	-68059.513	-1986.479	-66073.033	-1999.975
633000000	-68064.047	-1988.401	-66075.646	-2001.237
634000000	-67995.850	-1925.216	-66070.634	-1933.939
635000000	-68069.112	-1986.236	-66082.876	-2000.406
636000000	-68089.756	-1999.284	-66090.472	-2013.433
637000000	-68074.348	-1985.914	-66088.434	-1998.564
638000000	-68063.189	-1989.387	-66073.802	-2001.845
639000000	-68040.928	-1980.454	-66060.474	-1993.042
640000000	-68058.247	-1979.034	-66079.212	-1992.218
641000000	-68045.478	-1967.835	-66077.643	-1979.512
642000000	-68064.825	-1998.993	-66065.832	-2011.987
643000000	-68032.050	-1958.674	-66073.376	-1969.918
644000000	-68056.569	-1962.935	-66093.633	-1975.662
645000000	-68062.992	-1991.894	-66071.099	-2005.749
646000000	-68073.821	-1972.614	-66101.207	-1985.231
647000000	-68034.784	-1959.954	-66074.830	-1971.060
648000000	-68083.804	-2002.854	-66080.950	-2017.279
649000000	-68027.227	-1932.032	-66095.195	-1941.215
650000000	-68066.935	-2012.027	-66054.908	-2027.006
651000000	-68090.283	-1989.446	-66100.837	-2003.370
652000000	-68075.536	-1996.542	-66078.994	-2010.691
653000000	-68042.462	-1981.561	-66060.901	-1994.850
654000000	-67982.923	-1918.452	-66064.471	-1927.531
655000000	-68072.235	-2015.835	-66056.400	-2029.495
656000000	-68057.947	-1981.960	-66075.987	-1995.341
657000000	-68012.168	-1957.004	-66055.163	-1967.678
658000000	-68088.260	-1998.553	-66089.707	-2012.192
659000000	-68054.685	-1964.188	-66090.497	-1976.459
660000000	-68017.494	-1945.670	-66071.824	-1956.401
661000000	-68041.469	-1967.877	-66073.592	-1979.482
662000000	-68072.840	-1999.141	-66073.698	-2012.413
663000000	-68066.311	-1982.788	-66083.523	-1996.384
664000000	-68050.226	-1975.880	-66074.347	-1989.678
665000000	-68026.844	-1951.886	-66074.957	-1964.203
666000000	-68060.410	-1964.206	-66096.204	-1977.840
667000000	-68079.223	-1997.231	-66081.992	-2009.791
668000000	-68110.436	-2006.861	-66103.575	-2020.513
669000000	-68026.511	-1957.047	-66069.464	-1968.424
670000000	-68062.307	-1976.245	-66086.062	-1988.956
671000000	-68042.124	-1974.346	-66067.778	-1987.442
672000000	-68034.234	-1956.054	-66078.179	-1968.077
673000000	-68048.150	-1973.271	-66074.879	-1985.900
674000000	-68062.342	-1985.071	-66077.271	-1999.435
675000000	-68064.496	-1981.189	-66083.307	-1993.132
676000000	-68058.725	-1995.564	-66063.161	-2008.351
677000000	-68046.024	-1960.725	-66085.299	-1972.944
678000000	-68120.385	-2021.562	-66098.823	-2036.810
679000000	-68061.601	-1967.868	-66093.734	-1980.993
680000000	-68065.045	-1996.835	-66068.210	-2011.351
681000000	-68013.438	-1948.181	-66065.256	-1960.188
682000000	-68056.888	-1969.853	-66087.035	-1982.073
683000000	-68043.588	-1968.415	-66075.174	-1981.988
684000000	-68004.528	-1959.647	-66044.881	-1970.678
685000000	-68074.807	-1986.306	-66088.501	-2000.450
686000000	-68087.182	-2005.816	-66081.366	-2019.791
687000000	-68034.664	-1955.566	-66079.098	-1967.820
688000000	-68051.770	-1984.262	-66067.508	-1997.410
689000000	-68066.269	-1970.340	-66095.929	-1981.939
690000000	-68057.987	-1985.155	-66072.832	-1997.676
691000000	-68030.515	-1964.569	-66065.946	-1975.859
692000000	-68068.367	-1974.001	-66094.366	-1985.012
693000000	-68058.665	-2002.148	-66056.517	-2015.476
694000000	-68038.548	-1956.744	-66081.804	-1967.953
695000000	-68094.995	-1998.161	-66096.834	-2011.964
696000000	-68082.076	-2007.787	-66074.289	-2022.003
697000000	-68121.409	-2009.572	-66111.837	-2024.637
698000000	-68039.011	-1969.815	-66069.196	-1982.791
699000000	-68017.359	-1954.368	-66062.991	-1965.194
700000000	-68079.303	-1968.074	-66111.229	-1980.301
701000000	-68068.055	-1989.408	-66078.647	-2003.464
702000000	-68010.064	-1937.678	-66072.386	-1949.860
703000000	-68085.229	-2002.902	-66082.327	-2015.852
704000000	-68077.318	-1993.263	-66084.055	-2005.445
705000000	-68072.250	-1994.543	-66077.707	-2008.002
706000000	-68076.918	-1990.351	-66086.568	-2002.705
707000000	-68056.723	-1993.260	-66063.463	-2006.276
708000000	-68076.393	-2018.625	-66057.769	-2031.767
709000000	-68006.761	-1923.421	-66083.340	-1931.646
710000000	-68047.195	-1965.956	-66081.239	-1977.648
711000000	-68090.463	-2020.860	-66069.603	-2034.378
712000000	-68061.168	-1984.246	-66076.923	-1996.184
713000000	-68033.899	-1967.172	-66066.727	-1979.536
714000000	-68062.838	-1994.424	-66068.414	-2007.917
715000000	-68097.500	-1994.112	-66103.388	-2008.715
716000000	-68059.032	-1986.126	-66072.906	-1999.596
717000000	-68042.395	-1975.573	-66066.822	-1988.509
718000000	-68037.394	-1968.858	-66068.536	-1982.451
719000000	-68052.536	-1983.860	-66068.676	-1996.667
720000000	-68045.537	-1966.376	-66079.161	-1978.211
721000000	-68034.980	-1984.192	-66050.788	-1997.276
722000000	-68041.532	-1985.574	-66055.958	-1998.525
723000000	-68134.141	-2012.065	-66122.076	-2026.507
724000000	-68034.264	-1987.008	-66047.256	-2000.319
725000000	-68045.906	-1982.360	-66063.546	-1995.649
726000000	-68019.560	-1945.333	-66074.227	-1957.030
727000000	-68058.108	-1988.930	-66069.178	-2002.981
728000000	-68066.535	-1982.324	-66084.211	-1994.470
729000000	-68078.170	-1996.463	-66081.707	-2009.537
730000000	-68034.327	-1980.567	-66053.760	-1993.449
731000000	-68044.915	-1980.622	-66064.292	-1993.157
732000000	-68048.835	-1972.686	-66076.149	-1983.850
733000000	-68044.231	-1974.570	-66069.661	-1987.189
734000000	-68052.606	-1981.628	-66070.978	-1994.676
735000000	-68060.195	-1989.585	-66070.610	-2001.772
736000000	-68118.271	-2003.265	-66115.006	-2016.240
737000000	-68031.348	-1953.427	-66077.920	-1964.635
738000000	-68053.029	-1991.363	-66061.665	-2004.917
739000000	-68064.619	-2007.853	-66056.766	-2021.699
740000000	-68061.318	-1989.761	-66071.556	-2002.583
741000000	-68095.382	-2019.620	-66075.762	-2034.260
742000000	-68067.569	-2005.955	-66061.614	-2019.135
743000000	-68065.468	-1964.293	-66101.175	-1977.701
744000000	-68046.078	-1983.718	-66062.360	-1997.443
745000000	-68100.501	-2001.651	-66098.851	-2015.246
746000000	-68022.454	-1976.452	-66046.002	-1989.520
747000000	-68051.204	-1961.808	-66089.396	-1972.381
748000000	-68007.361	-1946.830	-66060.531	-1958.311
749000000	-68044.016	-1976.076	-66067.940	-1988.808
750000000	-68085.538	-1991.036	-66094.501	-2003.633
751000000	-68099.015	-1969.797	-66129.218	-1983.985
752000000	-68093.754	-1993.998	-66099.756	-2007.193
753000000	-68030.009	-1970.631	-66059.378	-1982.769
754000000	-68058.177	-1987.716	-66070.461	-2000.678
755000000	-68099.628	-1990.702	-66108.926	-2004.423
756000000	-68043.710	-1961.726	-66081.984	-1973.365
757000000	-68084.208	-1978.661	-66105.547	-1991.701
758000000	-68071.004	-1983.380	-66087.624	-1995.649
759000000	-68076.299	-1991.958	-66084.341	-2003.465
760000000	-68093.612	-2019.544	-66074.069	-2034.311
761000000	-68051.614	-1983.489	-66068.125	-1997.241
762000000	-68052.814	-1968.971	-66083.843	-1981.214
763000000	-68040.853	-1962.903	-66077.951	-1974.809
764000000	-67996.117	-1935.523	-66060.594	-1947.628
765000000	-68075.845	-1964.117	-66111.727	-1975.691
766000000	-68034.160	-1966.199	-66067.961	-1978.780
767000000	-68029.273	-1971.512	-66057.761	-1984.911
768000000	-67998.423	-1950.190	-66048.233	-1962.114
769000000	-68040.736	-1964.160	-66076.576	-1976.934
770000000	-68075.087	-1985.355	-66089.733	-1998.786
771000000	-68032.765	-1978.999	-66053.765	-1991.113
772000000	-68066.134	-1992.030	-66074.104	-2004.517
773000000	-68019.193	-1968.364	-66050.829	-1980.885
774000000	-68071.464	-2010.807	-66060.657	-2024.839
775000000	-68076.488	-2002.981	-66073.508	-2017.078
776000000	-68050.192	-1995.366	-66054.825	-2008.087
777000000	-68061.406	-1978.360	-66083.046	-1991.968
778000000	-68054.929	-1961.077	-66093.852	-1974.201
779000000	-68026.892	-1957.946	-66068.946	-1970.320
780000000	-68068.015	-1959.035	-66108.980	-1970.830
781000000	-68031.732	-1946.518	-66085.214	-1959.337
782000000	-68052.384	-1968.944	-66083.441	-1982.090
783000000	-68069.793	-1984.585	-66085.208	-1997.680
784000000	-68079.087	-2002.721	-66076.366	-2016.519
785000000	-68076.446	-2010.505	-66065.941	-2024.545
786000000	-68085.865	-1997.120	-66088.745	-2010.456
787000000	-68067.383	-1980.073	-66087.310	-1993.670
788000000	-68059.229	-1966.233	-66092.996	-1979.166
789000000	-68070.962	-1991.606	-66079.356	-2005.081
790000000	-68038.202	-1978.337	-66059.865	-1990.650
791000000	-68035.080	-1984.088	-66050.992	-1996.052
792000000	-68049.011	-1989.482	-66059.529	-2002.276
793000000	-68078.116	-1993.902	-66084.214	-2005.803
794000000	-68052.649	-2002.326	-66050.323	-2016.337
795000000	-68068.367	-1963.658	-66104.709	-1975.492
796000000	-68019.460	-1951.800	-66067.659	-1963.026
797000000	-67996.925	-1934.916	-66062.009	-1945.095
798000000	-68092.741	-2005.739	-66087.001	-2020.372
799000000	-68036.526	-1965.968	-66070.558	-1977.642
800000000	-68015.978	-1925.483	-66090.495	-1935.055
